<?xml version="1.0" encoding="UTF-8"?>
<testsuite xmlns:xsi="http://www.w3.org/2001/XMLSchema-instance" xsi:noNamespaceSchemaLocation="https://maven.apache.org/surefire/maven-failsafe-plugin/xsd/failsafe-test-report-3.0.xsd" version="3.0" name="CucumberTestSuite" time="177.702" tests="20" errors="0" skipped="0" failures="0">
  <properties>
    <property name="sun.desktop" value="windows"/>
    <property name="awt.toolkit" value="sun.awt.windows.WToolkit"/>
    <property name="java.specification.version" value="11"/>
    <property name="webdriver.chrome.driver" value="C:\Users\ASUS\Web\src\test\resources\webdriver\chromedriver.exe"/>
    <property name="sun.cpu.isalist" value="amd64"/>
    <property name="sun.jnu.encoding" value="Cp1252"/>
    <property name="java.class.path" value="C:\Users\ASUS\Web\target\test-classes;C:\Users\ASUS\.m2\repository\net\serenity-bdd\serenity-core\3.2.1\serenity-core-3.2.1.jar;C:\Users\ASUS\.m2\repository\net\serenity-bdd\serenity-model\3.2.1\serenity-model-3.2.1.jar;C:\Users\ASUS\.m2\repository\org\apache\commons\commons-text\1.9\commons-text-1.9.jar;C:\Users\ASUS\.m2\repository\commons-net\commons-net\3.8.0\commons-net-3.8.0.jar;C:\Users\ASUS\.m2\repository\com\google\guava\guava\31.1-jre\guava-31.1-jre.jar;C:\Users\ASUS\.m2\repository\com\google\guava\failureaccess\1.0.1\failureaccess-1.0.1.jar;C:\Users\ASUS\.m2\repository\com\google\guava\listenablefuture\9999.0-empty-to-avoid-conflict-with-guava\listenablefuture-9999.0-empty-to-avoid-conflict-with-guava.jar;C:\Users\ASUS\.m2\repository\com\google\code\findbugs\jsr305\3.0.2\jsr305-3.0.2.jar;C:\Users\ASUS\.m2\repository\org\checkerframework\checker-qual\3.12.0\checker-qual-3.12.0.jar;C:\Users\ASUS\.m2\repository\com\google\errorprone\error_prone_annotations\2.11.0\error_prone_annotations-2.11.0.jar;C:\Users\ASUS\.m2\repository\com\google\j2objc\j2objc-annotations\1.3\j2objc-annotations-1.3.jar;C:\Users\ASUS\.m2\repository\com\google\inject\guice\5.1.0\guice-5.1.0.jar;C:\Users\ASUS\.m2\repository\javax\inject\javax.inject\1\javax.inject-1.jar;C:\Users\ASUS\.m2\repository\aopalliance\aopalliance\1.0\aopalliance-1.0.jar;C:\Users\ASUS\.m2\repository\org\jsoup\jsoup\1.14.3\jsoup-1.14.3.jar;C:\Users\ASUS\.m2\repository\com\thoughtworks\xstream\xstream\1.4.19\xstream-1.4.19.jar;C:\Users\ASUS\.m2\repository\io\github\x-stream\mxparser\1.2.2\mxparser-1.2.2.jar;C:\Users\ASUS\.m2\repository\xmlpull\xmlpull\1.1.3.1\xmlpull-1.1.3.1.jar;C:\Users\ASUS\.m2\repository\io\cucumber\cucumber-java\7.2.3\cucumber-java-7.2.3.jar;C:\Users\ASUS\.m2\repository\com\typesafe\config\1.4.2\config-1.4.2.jar;C:\Users\ASUS\.m2\repository\org\imgscalr\imgscalr-lib\4.2\imgscalr-lib-4.2.jar;C:\Users\ASUS\.m2\repository\org\awaitility\awaitility\4.2.0\awaitility-4.2.0.jar;C:\Users\ASUS\.m2\repository\org\freemarker\freemarker\2.3.31\freemarker-2.3.31.jar;C:\Users\ASUS\.m2\repository\io\github\classgraph\classgraph\4.8.138\classgraph-4.8.138.jar;C:\Users\ASUS\.m2\repository\net\sourceforge\jexcelapi\jxl\2.6.12\jxl-2.6.12.jar;C:\Users\ASUS\.m2\repository\net\bytebuddy\byte-buddy\1.12.8\byte-buddy-1.12.8.jar;C:\Users\ASUS\.m2\repository\net\bytebuddy\byte-buddy-agent\1.12.8\byte-buddy-agent-1.12.8.jar;C:\Users\ASUS\.m2\repository\org\objenesis\objenesis\3.1\objenesis-3.1.jar;C:\Users\ASUS\.m2\repository\net\serenity-bdd\serenity-reports\3.2.1\serenity-reports-3.2.1.jar;C:\Users\ASUS\.m2\repository\net\serenity-bdd\serenity-stats\3.2.1\serenity-stats-3.2.1.jar;C:\Users\ASUS\.m2\repository\net\serenity-bdd\serenity-reports-configuration\3.2.1\serenity-reports-configuration-3.2.1.jar;C:\Users\ASUS\.m2\repository\com\vladsch\flexmark\flexmark-all\0.34.30\flexmark-all-0.34.30.jar;C:\Users\ASUS\.m2\repository\com\vladsch\flexmark\flexmark\0.34.30\flexmark-0.34.30.jar;C:\Users\ASUS\.m2\repository\com\vladsch\flexmark\flexmark-ext-abbreviation\0.34.30\flexmark-ext-abbreviation-0.34.30.jar;C:\Users\ASUS\.m2\repository\com\vladsch\flexmark\flexmark-ext-admonition\0.34.30\flexmark-ext-admonition-0.34.30.jar;C:\Users\ASUS\.m2\repository\com\vladsch\flexmark\flexmark-ext-anchorlink\0.34.30\flexmark-ext-anchorlink-0.34.30.jar;C:\Users\ASUS\.m2\repository\com\vladsch\flexmark\flexmark-ext-aside\0.34.30\flexmark-ext-aside-0.34.30.jar;C:\Users\ASUS\.m2\repository\com\vladsch\flexmark\flexmark-ext-attributes\0.34.30\flexmark-ext-attributes-0.34.30.jar;C:\Users\ASUS\.m2\repository\com\vladsch\flexmark\flexmark-ext-autolink\0.34.30\flexmark-ext-autolink-0.34.30.jar;C:\Users\ASUS\.m2\repository\org\nibor\autolink\autolink\0.6.0\autolink-0.6.0.jar;C:\Users\ASUS\.m2\repository\com\vladsch\flexmark\flexmark-ext-definition\0.34.30\flexmark-ext-definition-0.34.30.jar;C:\Users\ASUS\.m2\repository\com\vladsch\flexmark\flexmark-ext-emoji\0.34.30\flexmark-ext-emoji-0.34.30.jar;C:\Users\ASUS\.m2\repository\com\vladsch\flexmark\flexmark-ext-enumerated-reference\0.34.30\flexmark-ext-enumerated-reference-0.34.30.jar;C:\Users\ASUS\.m2\repository\com\vladsch\flexmark\flexmark-ext-escaped-character\0.34.30\flexmark-ext-escaped-character-0.34.30.jar;C:\Users\ASUS\.m2\repository\com\vladsch\flexmark\flexmark-ext-footnotes\0.34.30\flexmark-ext-footnotes-0.34.30.jar;C:\Users\ASUS\.m2\repository\com\vladsch\flexmark\flexmark-ext-gfm-issues\0.34.30\flexmark-ext-gfm-issues-0.34.30.jar;C:\Users\ASUS\.m2\repository\com\vladsch\flexmark\flexmark-ext-gfm-strikethrough\0.34.30\flexmark-ext-gfm-strikethrough-0.34.30.jar;C:\Users\ASUS\.m2\repository\com\vladsch\flexmark\flexmark-ext-gfm-tables\0.34.30\flexmark-ext-gfm-tables-0.34.30.jar;C:\Users\ASUS\.m2\repository\com\vladsch\flexmark\flexmark-ext-gfm-tasklist\0.34.30\flexmark-ext-gfm-tasklist-0.34.30.jar;C:\Users\ASUS\.m2\repository\com\vladsch\flexmark\flexmark-ext-gfm-users\0.34.30\flexmark-ext-gfm-users-0.34.30.jar;C:\Users\ASUS\.m2\repository\com\vladsch\flexmark\flexmark-ext-gitlab\0.34.30\flexmark-ext-gitlab-0.34.30.jar;C:\Users\ASUS\.m2\repository\com\vladsch\flexmark\flexmark-ext-jekyll-front-matter\0.34.30\flexmark-ext-jekyll-front-matter-0.34.30.jar;C:\Users\ASUS\.m2\repository\com\vladsch\flexmark\flexmark-ext-jekyll-tag\0.34.30\flexmark-ext-jekyll-tag-0.34.30.jar;C:\Users\ASUS\.m2\repository\com\vladsch\flexmark\flexmark-ext-media-tags\0.34.30\flexmark-ext-media-tags-0.34.30.jar;C:\Users\ASUS\.m2\repository\com\vladsch\flexmark\flexmark-test-util\0.34.30\flexmark-test-util-0.34.30.jar;C:\Users\ASUS\.m2\repository\com\vladsch\flexmark\flexmark-ext-ins\0.34.30\flexmark-ext-ins-0.34.30.jar;C:\Users\ASUS\.m2\repository\com\vladsch\flexmark\flexmark-ext-xwiki-macros\0.34.30\flexmark-ext-xwiki-macros-0.34.30.jar;C:\Users\ASUS\.m2\repository\com\vladsch\flexmark\flexmark-ext-superscript\0.34.30\flexmark-ext-superscript-0.34.30.jar;C:\Users\ASUS\.m2\repository\com\vladsch\flexmark\flexmark-ext-tables\0.34.30\flexmark-ext-tables-0.34.30.jar;C:\Users\ASUS\.m2\repository\com\vladsch\flexmark\flexmark-ext-toc\0.34.30\flexmark-ext-toc-0.34.30.jar;C:\Users\ASUS\.m2\repository\com\vladsch\flexmark\flexmark-ext-typographic\0.34.30\flexmark-ext-typographic-0.34.30.jar;C:\Users\ASUS\.m2\repository\com\vladsch\flexmark\flexmark-ext-wikilink\0.34.30\flexmark-ext-wikilink-0.34.30.jar;C:\Users\ASUS\.m2\repository\com\vladsch\flexmark\flexmark-ext-yaml-front-matter\0.34.30\flexmark-ext-yaml-front-matter-0.34.30.jar;C:\Users\ASUS\.m2\repository\com\vladsch\flexmark\flexmark-ext-youtube-embedded\0.34.30\flexmark-ext-youtube-embedded-0.34.30.jar;C:\Users\ASUS\.m2\repository\com\vladsch\flexmark\flexmark-formatter\0.34.30\flexmark-formatter-0.34.30.jar;C:\Users\ASUS\.m2\repository\com\vladsch\flexmark\flexmark-html-parser\0.34.30\flexmark-html-parser-0.34.30.jar;C:\Users\ASUS\.m2\repository\com\vladsch\flexmark\flexmark-jira-converter\0.34.30\flexmark-jira-converter-0.34.30.jar;C:\Users\ASUS\.m2\repository\com\vladsch\flexmark\flexmark-pdf-converter\0.34.30\flexmark-pdf-converter-0.34.30.jar;C:\Users\ASUS\.m2\repository\com\openhtmltopdf\openhtmltopdf-core\0.0.1-RC13\openhtmltopdf-core-0.0.1-RC13.jar;C:\Users\ASUS\.m2\repository\com\openhtmltopdf\openhtmltopdf-pdfbox\0.0.1-RC13\openhtmltopdf-pdfbox-0.0.1-RC13.jar;C:\Users\ASUS\.m2\repository\org\apache\pdfbox\pdfbox\2.0.8\pdfbox-2.0.8.jar;C:\Users\ASUS\.m2\repository\org\apache\pdfbox\fontbox\2.0.8\fontbox-2.0.8.jar;C:\Users\ASUS\.m2\repository\commons-logging\commons-logging\1.2\commons-logging-1.2.jar;C:\Users\ASUS\.m2\repository\org\apache\pdfbox\xmpbox\2.0.8\xmpbox-2.0.8.jar;C:\Users\ASUS\.m2\repository\de\rototor\pdfbox\graphics2d\0.12\graphics2d-0.12.jar;C:\Users\ASUS\.m2\repository\com\openhtmltopdf\openhtmltopdf-rtl-support\0.0.1-RC13\openhtmltopdf-rtl-support-0.0.1-RC13.jar;C:\Users\ASUS\.m2\repository\com\ibm\icu\icu4j\59.1\icu4j-59.1.jar;C:\Users\ASUS\.m2\repository\com\openhtmltopdf\openhtmltopdf-jsoup-dom-converter\0.0.1-RC13\openhtmltopdf-jsoup-dom-converter-0.0.1-RC13.jar;C:\Users\ASUS\.m2\repository\com\vladsch\flexmark\flexmark-profile-pegdown\0.34.30\flexmark-profile-pegdown-0.34.30.jar;C:\Users\ASUS\.m2\repository\com\vladsch\flexmark\flexmark-util\0.34.30\flexmark-util-0.34.30.jar;C:\Users\ASUS\.m2\repository\com\vladsch\flexmark\flexmark-youtrack-converter\0.34.30\flexmark-youtrack-converter-0.34.30.jar;C:\Users\ASUS\.m2\repository\es\nitaur\markdown\txtmark\0.16\txtmark-0.16.jar;C:\Users\ASUS\.m2\repository\net\serenity-bdd\serenity-report-resources\3.2.1\serenity-report-resources-3.2.1.jar;C:\Users\ASUS\.m2\repository\com\google\code\gson\gson\2.9.0\gson-2.9.0.jar;C:\Users\ASUS\.m2\repository\com\fasterxml\jackson\core\jackson-core\2.13.2\jackson-core-2.13.2.jar;C:\Users\ASUS\.m2\repository\com\fasterxml\jackson\core\jackson-databind\2.13.2\jackson-databind-2.13.2.jar;C:\Users\ASUS\.m2\repository\com\fasterxml\jackson\core\jackson-annotations\2.13.2\jackson-annotations-2.13.2.jar;C:\Users\ASUS\.m2\repository\commons-codec\commons-codec\1.15\commons-codec-1.15.jar;C:\Users\ASUS\.m2\repository\commons-io\commons-io\2.11.0\commons-io-2.11.0.jar;C:\Users\ASUS\.m2\repository\org\seleniumhq\selenium\selenium-java\4.1.2\selenium-java-4.1.2.jar;C:\Users\ASUS\.m2\repository\org\seleniumhq\selenium\selenium-devtools-v85\4.1.2\selenium-devtools-v85-4.1.2.jar;C:\Users\ASUS\.m2\repository\org\seleniumhq\selenium\selenium-devtools-v95\4.1.2\selenium-devtools-v95-4.1.2.jar;C:\Users\ASUS\.m2\repository\org\seleniumhq\selenium\selenium-devtools-v96\4.1.2\selenium-devtools-v96-4.1.2.jar;C:\Users\ASUS\.m2\repository\org\seleniumhq\selenium\selenium-devtools-v97\4.1.2\selenium-devtools-v97-4.1.2.jar;C:\Users\ASUS\.m2\repository\org\seleniumhq\selenium\selenium-firefox-xpi-driver\4.1.2\selenium-firefox-xpi-driver-4.1.2.jar;C:\Users\ASUS\.m2\repository\org\seleniumhq\selenium\selenium-opera-driver\4.1.2\selenium-opera-driver-4.1.2.jar;C:\Users\ASUS\.m2\repository\org\seleniumhq\selenium\selenium-remote-driver\4.1.2\selenium-remote-driver-4.1.2.jar;C:\Users\ASUS\.m2\repository\com\beust\jcommander\1.82\jcommander-1.82.jar;C:\Users\ASUS\.m2\repository\io\netty\netty-buffer\4.1.73.Final\netty-buffer-4.1.73.Final.jar;C:\Users\ASUS\.m2\repository\io\netty\netty-codec-http\4.1.73.Final\netty-codec-http-4.1.73.Final.jar;C:\Users\ASUS\.m2\repository\io\netty\netty-codec\4.1.73.Final\netty-codec-4.1.73.Final.jar;C:\Users\ASUS\.m2\repository\io\netty\netty-handler\4.1.73.Final\netty-handler-4.1.73.Final.jar;C:\Users\ASUS\.m2\repository\io\netty\netty-tcnative-classes\2.0.46.Final\netty-tcnative-classes-2.0.46.Final.jar;C:\Users\ASUS\.m2\repository\io\netty\netty-common\4.1.73.Final\netty-common-4.1.73.Final.jar;C:\Users\ASUS\.m2\repository\io\netty\netty-transport-classes-epoll\4.1.73.Final\netty-transport-classes-epoll-4.1.73.Final.jar;C:\Users\ASUS\.m2\repository\io\netty\netty-transport-classes-kqueue\4.1.73.Final\netty-transport-classes-kqueue-4.1.73.Final.jar;C:\Users\ASUS\.m2\repository\io\netty\netty-transport-native-epoll\4.1.73.Final\netty-transport-native-epoll-4.1.73.Final.jar;C:\Users\ASUS\.m2\repository\io\netty\netty-transport-native-kqueue\4.1.73.Final\netty-transport-native-kqueue-4.1.73.Final.jar;C:\Users\ASUS\.m2\repository\io\netty\netty-transport-native-unix-common\4.1.73.Final\netty-transport-native-unix-common-4.1.73.Final.jar;C:\Users\ASUS\.m2\repository\io\netty\netty-transport\4.1.73.Final\netty-transport-4.1.73.Final.jar;C:\Users\ASUS\.m2\repository\io\netty\netty-resolver\4.1.73.Final\netty-resolver-4.1.73.Final.jar;C:\Users\ASUS\.m2\repository\io\opentelemetry\opentelemetry-api\1.10.1\opentelemetry-api-1.10.1.jar;C:\Users\ASUS\.m2\repository\io\opentelemetry\opentelemetry-context\1.10.1\opentelemetry-context-1.10.1.jar;C:\Users\ASUS\.m2\repository\io\opentelemetry\opentelemetry-exporter-logging\1.10.1\opentelemetry-exporter-logging-1.10.1.jar;C:\Users\ASUS\.m2\repository\io\opentelemetry\opentelemetry-sdk-metrics\1.10.1-alpha\opentelemetry-sdk-metrics-1.10.1-alpha.jar;C:\Users\ASUS\.m2\repository\io\opentelemetry\opentelemetry-sdk-logs\1.10.1-alpha\opentelemetry-sdk-logs-1.10.1-alpha.jar;C:\Users\ASUS\.m2\repository\io\opentelemetry\opentelemetry-sdk-common\1.10.1\opentelemetry-sdk-common-1.10.1.jar;C:\Users\ASUS\.m2\repository\io\opentelemetry\opentelemetry-sdk-extension-autoconfigure-spi\1.10.1\opentelemetry-sdk-extension-autoconfigure-spi-1.10.1.jar;C:\Users\ASUS\.m2\repository\io\opentelemetry\opentelemetry-sdk-extension-autoconfigure\1.10.1-alpha\opentelemetry-sdk-extension-autoconfigure-1.10.1-alpha.jar;C:\Users\ASUS\.m2\repository\io\opentelemetry\opentelemetry-sdk-trace\1.10.1\opentelemetry-sdk-trace-1.10.1.jar;C:\Users\ASUS\.m2\repository\io\opentelemetry\opentelemetry-sdk\1.10.1\opentelemetry-sdk-1.10.1.jar;C:\Users\ASUS\.m2\repository\io\opentelemetry\opentelemetry-semconv\1.10.1-alpha\opentelemetry-semconv-1.10.1-alpha.jar;C:\Users\ASUS\.m2\repository\io\ous\jtoml\2.0.0\jtoml-2.0.0.jar;C:\Users\ASUS\.m2\repository\org\apache\commons\commons-exec\1.3\commons-exec-1.3.jar;C:\Users\ASUS\.m2\repository\org\asynchttpclient\async-http-client\2.12.3\async-http-client-2.12.3.jar;C:\Users\ASUS\.m2\repository\org\asynchttpclient\async-http-client-netty-utils\2.12.3\async-http-client-netty-utils-2.12.3.jar;C:\Users\ASUS\.m2\repository\io\netty\netty-codec-socks\4.1.60.Final\netty-codec-socks-4.1.60.Final.jar;C:\Users\ASUS\.m2\repository\io\netty\netty-handler-proxy\4.1.60.Final\netty-handler-proxy-4.1.60.Final.jar;C:\Users\ASUS\.m2\repository\io\netty\netty-transport-native-epoll\4.1.60.Final\netty-transport-native-epoll-4.1.60.Final-linux-x86_64.jar;C:\Users\ASUS\.m2\repository\io\netty\netty-transport-native-kqueue\4.1.60.Final\netty-transport-native-kqueue-4.1.60.Final-osx-x86_64.jar;C:\Users\ASUS\.m2\repository\org\reactivestreams\reactive-streams\1.0.3\reactive-streams-1.0.3.jar;C:\Users\ASUS\.m2\repository\com\typesafe\netty\netty-reactive-streams\2.0.4\netty-reactive-streams-2.0.4.jar;C:\Users\ASUS\.m2\repository\org\seleniumhq\selenium\selenium-http\4.1.2\selenium-http-4.1.2.jar;C:\Users\ASUS\.m2\repository\net\jodah\failsafe\2.4.4\failsafe-2.4.4.jar;C:\Users\ASUS\.m2\repository\org\seleniumhq\selenium\selenium-safari-driver\4.1.2\selenium-safari-driver-4.1.2.jar;C:\Users\ASUS\.m2\repository\org\seleniumhq\selenium\selenium-api\4.1.2\selenium-api-4.1.2.jar;C:\Users\ASUS\.m2\repository\org\seleniumhq\selenium\selenium-support\4.1.2\selenium-support-4.1.2.jar;C:\Users\ASUS\.m2\repository\com\google\auto\service\auto-service-annotations\1.0.1\auto-service-annotations-1.0.1.jar;C:\Users\ASUS\.m2\repository\com\google\auto\service\auto-service\1.0.1\auto-service-1.0.1.jar;C:\Users\ASUS\.m2\repository\com\google\auto\auto-common\1.2\auto-common-1.2.jar;C:\Users\ASUS\.m2\repository\org\seleniumhq\selenium\selenium-json\4.1.2\selenium-json-4.1.2.jar;C:\Users\ASUS\.m2\repository\org\seleniumhq\selenium\selenium-chrome-driver\4.1.2\selenium-chrome-driver-4.1.2.jar;C:\Users\ASUS\.m2\repository\org\seleniumhq\selenium\selenium-chromium-driver\4.1.2\selenium-chromium-driver-4.1.2.jar;C:\Users\ASUS\.m2\repository\org\seleniumhq\selenium\selenium-firefox-driver\4.1.2\selenium-firefox-driver-4.1.2.jar;C:\Users\ASUS\.m2\repository\org\seleniumhq\selenium\selenium-edge-driver\4.1.2\selenium-edge-driver-4.1.2.jar;C:\Users\ASUS\.m2\repository\org\seleniumhq\selenium\selenium-ie-driver\4.1.2\selenium-ie-driver-4.1.2.jar;C:\Users\ASUS\.m2\repository\org\projectlombok\lombok\1.18.20\lombok-1.18.20.jar;C:\Users\ASUS\.m2\repository\io\appium\java-client\8.0.0\java-client-8.0.0.jar;C:\Users\ASUS\.m2\repository\commons-validator\commons-validator\1.7\commons-validator-1.7.jar;C:\Users\ASUS\.m2\repository\commons-digester\commons-digester\2.1\commons-digester-2.1.jar;C:\Users\ASUS\.m2\repository\org\aspectj\aspectjweaver\1.9.8\aspectjweaver-1.9.8.jar;C:\Users\ASUS\.m2\repository\org\codehaus\groovy\groovy\3.0.10\groovy-3.0.10.jar;C:\Users\ASUS\.m2\repository\net\sf\opencsv\opencsv\2.0\opencsv-2.0.jar;C:\Users\ASUS\.m2\repository\commons-beanutils\commons-beanutils\1.9.4\commons-beanutils-1.9.4.jar;C:\Users\ASUS\.m2\repository\org\apache\commons\commons-lang3\3.12.0\commons-lang3-3.12.0.jar;C:\Users\ASUS\.m2\repository\commons-collections\commons-collections\3.2.2\commons-collections-3.2.2.jar;C:\Users\ASUS\.m2\repository\org\fluentlenium\fluentlenium-core\0.10.2\fluentlenium-core-0.10.2.jar;C:\Users\ASUS\.m2\repository\io\github\bonigarcia\webdrivermanager\5.1.0\webdrivermanager-5.1.0.jar;C:\Users\ASUS\.m2\repository\com\github\docker-java\docker-java\3.2.13\docker-java-3.2.13.jar;C:\Users\ASUS\.m2\repository\com\github\docker-java\docker-java-core\3.2.13\docker-java-core-3.2.13.jar;C:\Users\ASUS\.m2\repository\com\github\docker-java\docker-java-api\3.2.13\docker-java-api-3.2.13.jar;C:\Users\ASUS\.m2\repository\org\apache\commons\commons-compress\1.21\commons-compress-1.21.jar;C:\Users\ASUS\.m2\repository\org\bouncycastle\bcpkix-jdk15on\1.64\bcpkix-jdk15on-1.64.jar;C:\Users\ASUS\.m2\repository\org\bouncycastle\bcprov-jdk15on\1.64\bcprov-jdk15on-1.64.jar;C:\Users\ASUS\.m2\repository\org\slf4j\jcl-over-slf4j\1.7.30\jcl-over-slf4j-1.7.30.jar;C:\Users\ASUS\.m2\repository\com\github\docker-java\docker-java-transport-httpclient5\3.2.13\docker-java-transport-httpclient5-3.2.13.jar;C:\Users\ASUS\.m2\repository\com\github\docker-java\docker-java-transport\3.2.13\docker-java-transport-3.2.13.jar;C:\Users\ASUS\.m2\repository\org\apache\httpcomponents\client5\httpclient5\5.0.3\httpclient5-5.0.3.jar;C:\Users\ASUS\.m2\repository\org\apache\httpcomponents\core5\httpcore5\5.0.2\httpcore5-5.0.2.jar;C:\Users\ASUS\.m2\repository\net\java\dev\jna\jna\5.8.0\jna-5.8.0.jar;C:\Users\ASUS\.m2\repository\org\brotli\dec\0.1.2\dec-0.1.2.jar;C:\Users\ASUS\.m2\repository\com\jhlabs\filters\2.0.235\filters-2.0.235.jar;C:\Users\ASUS\.m2\repository\com\paulhammant\ngwebdriver\1.1.6\ngwebdriver-1.1.6.jar;C:\Users\ASUS\.m2\repository\joda-time\joda-time\2.8.2\joda-time-2.8.2.jar;C:\Users\ASUS\.m2\repository\org\hamcrest\hamcrest\2.2\hamcrest-2.2.jar;C:\Users\ASUS\.m2\repository\com\google\jimfs\jimfs\1.2\jimfs-1.2.jar;C:\Users\ASUS\.m2\repository\org\mockito\mockito-core\3.3.3\mockito-core-3.3.3.jar;C:\Users\ASUS\.m2\repository\javax\xml\bind\jaxb-api\2.3.1\jaxb-api-2.3.1.jar;C:\Users\ASUS\.m2\repository\javax\activation\javax.activation-api\1.2.0\javax.activation-api-1.2.0.jar;C:\Users\ASUS\.m2\repository\com\sun\xml\bind\jaxb-core\2.3.0.1\jaxb-core-2.3.0.1.jar;C:\Users\ASUS\.m2\repository\com\sun\xml\bind\jaxb-impl\2.3.3\jaxb-impl-2.3.3.jar;C:\Users\ASUS\.m2\repository\jakarta\xml\bind\jakarta.xml.bind-api\2.3.3\jakarta.xml.bind-api-2.3.3.jar;C:\Users\ASUS\.m2\repository\com\sun\activation\jakarta.activation\1.2.2\jakarta.activation-1.2.2.jar;C:\Users\ASUS\.m2\repository\javax\activation\activation\1.1.1\activation-1.1.1.jar;C:\Users\ASUS\.m2\repository\net\serenity-bdd\serenity-cucumber\3.2.1\serenity-cucumber-3.2.1.jar;C:\Users\ASUS\.m2\repository\io\cucumber\cucumber-core\7.2.3\cucumber-core-7.2.3.jar;C:\Users\ASUS\.m2\repository\io\cucumber\cucumber-gherkin\7.2.3\cucumber-gherkin-7.2.3.jar;C:\Users\ASUS\.m2\repository\io\cucumber\cucumber-gherkin-messages\7.2.3\cucumber-gherkin-messages-7.2.3.jar;C:\Users\ASUS\.m2\repository\io\cucumber\messages\17.1.1\messages-17.1.1.jar;C:\Users\ASUS\.m2\repository\io\cucumber\tag-expressions\4.1.0\tag-expressions-4.1.0.jar;C:\Users\ASUS\.m2\repository\io\cucumber\cucumber-expressions\15.0.1\cucumber-expressions-15.0.1.jar;C:\Users\ASUS\.m2\repository\io\cucumber\datatable\7.2.3\datatable-7.2.3.jar;C:\Users\ASUS\.m2\repository\io\cucumber\cucumber-plugin\7.2.3\cucumber-plugin-7.2.3.jar;C:\Users\ASUS\.m2\repository\io\cucumber\docstring\7.2.3\docstring-7.2.3.jar;C:\Users\ASUS\.m2\repository\io\cucumber\html-formatter\17.0.0\html-formatter-17.0.0.jar;C:\Users\ASUS\.m2\repository\io\cucumber\ci-environment\8.1.0\ci-environment-8.1.0.jar;C:\Users\ASUS\.m2\repository\io\cucumber\cucumber-junit\7.2.3\cucumber-junit-7.2.3.jar;C:\Users\ASUS\.m2\repository\org\apache\commons\commons-csv\1.5\commons-csv-1.5.jar;C:\Users\ASUS\.m2\repository\net\serenity-bdd\serenity-screenplay\3.2.1\serenity-screenplay-3.2.1.jar;C:\Users\ASUS\.m2\repository\net\serenity-bdd\serenity-screenplay-webdriver\3.2.1\serenity-screenplay-webdriver-3.2.1.jar;C:\Users\ASUS\.m2\repository\net\serenity-bdd\serenity-ensure\3.2.1\serenity-ensure-3.2.1.jar;C:\Users\ASUS\.m2\repository\net\serenity-bdd\serenity-junit\3.2.1\serenity-junit-3.2.1.jar;C:\Users\ASUS\.m2\repository\org\jetbrains\kotlin\kotlin-stdlib\1.6.0\kotlin-stdlib-1.6.0.jar;C:\Users\ASUS\.m2\repository\org\jetbrains\annotations\13.0\annotations-13.0.jar;C:\Users\ASUS\.m2\repository\org\jetbrains\kotlin\kotlin-stdlib-common\1.6.0\kotlin-stdlib-common-1.6.0.jar;C:\Users\ASUS\.m2\repository\org\junit\platform\junit-platform-launcher\1.8.1\junit-platform-launcher-1.8.1.jar;C:\Users\ASUS\.m2\repository\org\junit\platform\junit-platform-engine\1.8.1\junit-platform-engine-1.8.1.jar;C:\Users\ASUS\.m2\repository\org\opentest4j\opentest4j\1.2.0\opentest4j-1.2.0.jar;C:\Users\ASUS\.m2\repository\org\junit\platform\junit-platform-commons\1.8.1\junit-platform-commons-1.8.1.jar;C:\Users\ASUS\.m2\repository\org\apiguardian\apiguardian-api\1.1.2\apiguardian-api-1.1.2.jar;C:\Users\ASUS\.m2\repository\org\junit\jupiter\junit-jupiter-engine\5.8.2\junit-jupiter-engine-5.8.2.jar;C:\Users\ASUS\.m2\repository\org\junit\jupiter\junit-jupiter-api\5.8.2\junit-jupiter-api-5.8.2.jar;C:\Users\ASUS\.m2\repository\org\junit\vintage\junit-vintage-engine\5.8.2\junit-vintage-engine-5.8.2.jar;C:\Users\ASUS\.m2\repository\junit\junit\4.13.2\junit-4.13.2.jar;C:\Users\ASUS\.m2\repository\org\hamcrest\hamcrest-core\1.3\hamcrest-core-1.3.jar;C:\Users\ASUS\.m2\repository\ch\qos\logback\logback-classic\1.2.10\logback-classic-1.2.10.jar;C:\Users\ASUS\.m2\repository\ch\qos\logback\logback-core\1.2.10\logback-core-1.2.10.jar;C:\Users\ASUS\.m2\repository\org\slf4j\slf4j-api\1.7.32\slf4j-api-1.7.32.jar;C:\Users\ASUS\.m2\repository\org\assertj\assertj-core\3.6.2\assertj-core-3.6.2.jar;"/>
    <property name="java.vm.vendor" value="Oracle Corporation"/>
    <property name="sun.arch.data.model" value="64"/>
    <property name="user.variant" value=""/>
    <property name="java.vendor.url" value="https://openjdk.java.net/"/>
    <property name="user.timezone" value="Asia/Bangkok"/>
    <property name="log4j2.formatMsgNoLookups" value="true"/>
    <property name="java.vm.specification.version" value="11"/>
    <property name="os.name" value="Windows 11"/>
    <property name="sun.java.launcher" value="SUN_STANDARD"/>
    <property name="user.country" value="ID"/>
    <property name="sun.boot.library.path" value="C:\Program Files\Java\jdk-11.0.16\bin"/>
    <property name="sun.java.command" value="org.apache.maven.surefire.booter.ForkedBooter C:\Users\ASUS\AppData\Local\Temp\surefire11364290306241944204 2022-11-09T12-44-03_855-jvmRun1 surefire11934182922758622975tmp surefire_018269781683898034555tmp"/>
    <property name="jdk.debug" value="release"/>
    <property name="surefire.test.class.path" value="C:\Users\ASUS\Web\target\test-classes;C:\Users\ASUS\.m2\repository\net\serenity-bdd\serenity-core\3.2.1\serenity-core-3.2.1.jar;C:\Users\ASUS\.m2\repository\net\serenity-bdd\serenity-model\3.2.1\serenity-model-3.2.1.jar;C:\Users\ASUS\.m2\repository\org\apache\commons\commons-text\1.9\commons-text-1.9.jar;C:\Users\ASUS\.m2\repository\commons-net\commons-net\3.8.0\commons-net-3.8.0.jar;C:\Users\ASUS\.m2\repository\com\google\guava\guava\31.1-jre\guava-31.1-jre.jar;C:\Users\ASUS\.m2\repository\com\google\guava\failureaccess\1.0.1\failureaccess-1.0.1.jar;C:\Users\ASUS\.m2\repository\com\google\guava\listenablefuture\9999.0-empty-to-avoid-conflict-with-guava\listenablefuture-9999.0-empty-to-avoid-conflict-with-guava.jar;C:\Users\ASUS\.m2\repository\com\google\code\findbugs\jsr305\3.0.2\jsr305-3.0.2.jar;C:\Users\ASUS\.m2\repository\org\checkerframework\checker-qual\3.12.0\checker-qual-3.12.0.jar;C:\Users\ASUS\.m2\repository\com\google\errorprone\error_prone_annotations\2.11.0\error_prone_annotations-2.11.0.jar;C:\Users\ASUS\.m2\repository\com\google\j2objc\j2objc-annotations\1.3\j2objc-annotations-1.3.jar;C:\Users\ASUS\.m2\repository\com\google\inject\guice\5.1.0\guice-5.1.0.jar;C:\Users\ASUS\.m2\repository\javax\inject\javax.inject\1\javax.inject-1.jar;C:\Users\ASUS\.m2\repository\aopalliance\aopalliance\1.0\aopalliance-1.0.jar;C:\Users\ASUS\.m2\repository\org\jsoup\jsoup\1.14.3\jsoup-1.14.3.jar;C:\Users\ASUS\.m2\repository\com\thoughtworks\xstream\xstream\1.4.19\xstream-1.4.19.jar;C:\Users\ASUS\.m2\repository\io\github\x-stream\mxparser\1.2.2\mxparser-1.2.2.jar;C:\Users\ASUS\.m2\repository\xmlpull\xmlpull\1.1.3.1\xmlpull-1.1.3.1.jar;C:\Users\ASUS\.m2\repository\io\cucumber\cucumber-java\7.2.3\cucumber-java-7.2.3.jar;C:\Users\ASUS\.m2\repository\com\typesafe\config\1.4.2\config-1.4.2.jar;C:\Users\ASUS\.m2\repository\org\imgscalr\imgscalr-lib\4.2\imgscalr-lib-4.2.jar;C:\Users\ASUS\.m2\repository\org\awaitility\awaitility\4.2.0\awaitility-4.2.0.jar;C:\Users\ASUS\.m2\repository\org\freemarker\freemarker\2.3.31\freemarker-2.3.31.jar;C:\Users\ASUS\.m2\repository\io\github\classgraph\classgraph\4.8.138\classgraph-4.8.138.jar;C:\Users\ASUS\.m2\repository\net\sourceforge\jexcelapi\jxl\2.6.12\jxl-2.6.12.jar;C:\Users\ASUS\.m2\repository\net\bytebuddy\byte-buddy\1.12.8\byte-buddy-1.12.8.jar;C:\Users\ASUS\.m2\repository\net\bytebuddy\byte-buddy-agent\1.12.8\byte-buddy-agent-1.12.8.jar;C:\Users\ASUS\.m2\repository\org\objenesis\objenesis\3.1\objenesis-3.1.jar;C:\Users\ASUS\.m2\repository\net\serenity-bdd\serenity-reports\3.2.1\serenity-reports-3.2.1.jar;C:\Users\ASUS\.m2\repository\net\serenity-bdd\serenity-stats\3.2.1\serenity-stats-3.2.1.jar;C:\Users\ASUS\.m2\repository\net\serenity-bdd\serenity-reports-configuration\3.2.1\serenity-reports-configuration-3.2.1.jar;C:\Users\ASUS\.m2\repository\com\vladsch\flexmark\flexmark-all\0.34.30\flexmark-all-0.34.30.jar;C:\Users\ASUS\.m2\repository\com\vladsch\flexmark\flexmark\0.34.30\flexmark-0.34.30.jar;C:\Users\ASUS\.m2\repository\com\vladsch\flexmark\flexmark-ext-abbreviation\0.34.30\flexmark-ext-abbreviation-0.34.30.jar;C:\Users\ASUS\.m2\repository\com\vladsch\flexmark\flexmark-ext-admonition\0.34.30\flexmark-ext-admonition-0.34.30.jar;C:\Users\ASUS\.m2\repository\com\vladsch\flexmark\flexmark-ext-anchorlink\0.34.30\flexmark-ext-anchorlink-0.34.30.jar;C:\Users\ASUS\.m2\repository\com\vladsch\flexmark\flexmark-ext-aside\0.34.30\flexmark-ext-aside-0.34.30.jar;C:\Users\ASUS\.m2\repository\com\vladsch\flexmark\flexmark-ext-attributes\0.34.30\flexmark-ext-attributes-0.34.30.jar;C:\Users\ASUS\.m2\repository\com\vladsch\flexmark\flexmark-ext-autolink\0.34.30\flexmark-ext-autolink-0.34.30.jar;C:\Users\ASUS\.m2\repository\org\nibor\autolink\autolink\0.6.0\autolink-0.6.0.jar;C:\Users\ASUS\.m2\repository\com\vladsch\flexmark\flexmark-ext-definition\0.34.30\flexmark-ext-definition-0.34.30.jar;C:\Users\ASUS\.m2\repository\com\vladsch\flexmark\flexmark-ext-emoji\0.34.30\flexmark-ext-emoji-0.34.30.jar;C:\Users\ASUS\.m2\repository\com\vladsch\flexmark\flexmark-ext-enumerated-reference\0.34.30\flexmark-ext-enumerated-reference-0.34.30.jar;C:\Users\ASUS\.m2\repository\com\vladsch\flexmark\flexmark-ext-escaped-character\0.34.30\flexmark-ext-escaped-character-0.34.30.jar;C:\Users\ASUS\.m2\repository\com\vladsch\flexmark\flexmark-ext-footnotes\0.34.30\flexmark-ext-footnotes-0.34.30.jar;C:\Users\ASUS\.m2\repository\com\vladsch\flexmark\flexmark-ext-gfm-issues\0.34.30\flexmark-ext-gfm-issues-0.34.30.jar;C:\Users\ASUS\.m2\repository\com\vladsch\flexmark\flexmark-ext-gfm-strikethrough\0.34.30\flexmark-ext-gfm-strikethrough-0.34.30.jar;C:\Users\ASUS\.m2\repository\com\vladsch\flexmark\flexmark-ext-gfm-tables\0.34.30\flexmark-ext-gfm-tables-0.34.30.jar;C:\Users\ASUS\.m2\repository\com\vladsch\flexmark\flexmark-ext-gfm-tasklist\0.34.30\flexmark-ext-gfm-tasklist-0.34.30.jar;C:\Users\ASUS\.m2\repository\com\vladsch\flexmark\flexmark-ext-gfm-users\0.34.30\flexmark-ext-gfm-users-0.34.30.jar;C:\Users\ASUS\.m2\repository\com\vladsch\flexmark\flexmark-ext-gitlab\0.34.30\flexmark-ext-gitlab-0.34.30.jar;C:\Users\ASUS\.m2\repository\com\vladsch\flexmark\flexmark-ext-jekyll-front-matter\0.34.30\flexmark-ext-jekyll-front-matter-0.34.30.jar;C:\Users\ASUS\.m2\repository\com\vladsch\flexmark\flexmark-ext-jekyll-tag\0.34.30\flexmark-ext-jekyll-tag-0.34.30.jar;C:\Users\ASUS\.m2\repository\com\vladsch\flexmark\flexmark-ext-media-tags\0.34.30\flexmark-ext-media-tags-0.34.30.jar;C:\Users\ASUS\.m2\repository\com\vladsch\flexmark\flexmark-test-util\0.34.30\flexmark-test-util-0.34.30.jar;C:\Users\ASUS\.m2\repository\com\vladsch\flexmark\flexmark-ext-ins\0.34.30\flexmark-ext-ins-0.34.30.jar;C:\Users\ASUS\.m2\repository\com\vladsch\flexmark\flexmark-ext-xwiki-macros\0.34.30\flexmark-ext-xwiki-macros-0.34.30.jar;C:\Users\ASUS\.m2\repository\com\vladsch\flexmark\flexmark-ext-superscript\0.34.30\flexmark-ext-superscript-0.34.30.jar;C:\Users\ASUS\.m2\repository\com\vladsch\flexmark\flexmark-ext-tables\0.34.30\flexmark-ext-tables-0.34.30.jar;C:\Users\ASUS\.m2\repository\com\vladsch\flexmark\flexmark-ext-toc\0.34.30\flexmark-ext-toc-0.34.30.jar;C:\Users\ASUS\.m2\repository\com\vladsch\flexmark\flexmark-ext-typographic\0.34.30\flexmark-ext-typographic-0.34.30.jar;C:\Users\ASUS\.m2\repository\com\vladsch\flexmark\flexmark-ext-wikilink\0.34.30\flexmark-ext-wikilink-0.34.30.jar;C:\Users\ASUS\.m2\repository\com\vladsch\flexmark\flexmark-ext-yaml-front-matter\0.34.30\flexmark-ext-yaml-front-matter-0.34.30.jar;C:\Users\ASUS\.m2\repository\com\vladsch\flexmark\flexmark-ext-youtube-embedded\0.34.30\flexmark-ext-youtube-embedded-0.34.30.jar;C:\Users\ASUS\.m2\repository\com\vladsch\flexmark\flexmark-formatter\0.34.30\flexmark-formatter-0.34.30.jar;C:\Users\ASUS\.m2\repository\com\vladsch\flexmark\flexmark-html-parser\0.34.30\flexmark-html-parser-0.34.30.jar;C:\Users\ASUS\.m2\repository\com\vladsch\flexmark\flexmark-jira-converter\0.34.30\flexmark-jira-converter-0.34.30.jar;C:\Users\ASUS\.m2\repository\com\vladsch\flexmark\flexmark-pdf-converter\0.34.30\flexmark-pdf-converter-0.34.30.jar;C:\Users\ASUS\.m2\repository\com\openhtmltopdf\openhtmltopdf-core\0.0.1-RC13\openhtmltopdf-core-0.0.1-RC13.jar;C:\Users\ASUS\.m2\repository\com\openhtmltopdf\openhtmltopdf-pdfbox\0.0.1-RC13\openhtmltopdf-pdfbox-0.0.1-RC13.jar;C:\Users\ASUS\.m2\repository\org\apache\pdfbox\pdfbox\2.0.8\pdfbox-2.0.8.jar;C:\Users\ASUS\.m2\repository\org\apache\pdfbox\fontbox\2.0.8\fontbox-2.0.8.jar;C:\Users\ASUS\.m2\repository\commons-logging\commons-logging\1.2\commons-logging-1.2.jar;C:\Users\ASUS\.m2\repository\org\apache\pdfbox\xmpbox\2.0.8\xmpbox-2.0.8.jar;C:\Users\ASUS\.m2\repository\de\rototor\pdfbox\graphics2d\0.12\graphics2d-0.12.jar;C:\Users\ASUS\.m2\repository\com\openhtmltopdf\openhtmltopdf-rtl-support\0.0.1-RC13\openhtmltopdf-rtl-support-0.0.1-RC13.jar;C:\Users\ASUS\.m2\repository\com\ibm\icu\icu4j\59.1\icu4j-59.1.jar;C:\Users\ASUS\.m2\repository\com\openhtmltopdf\openhtmltopdf-jsoup-dom-converter\0.0.1-RC13\openhtmltopdf-jsoup-dom-converter-0.0.1-RC13.jar;C:\Users\ASUS\.m2\repository\com\vladsch\flexmark\flexmark-profile-pegdown\0.34.30\flexmark-profile-pegdown-0.34.30.jar;C:\Users\ASUS\.m2\repository\com\vladsch\flexmark\flexmark-util\0.34.30\flexmark-util-0.34.30.jar;C:\Users\ASUS\.m2\repository\com\vladsch\flexmark\flexmark-youtrack-converter\0.34.30\flexmark-youtrack-converter-0.34.30.jar;C:\Users\ASUS\.m2\repository\es\nitaur\markdown\txtmark\0.16\txtmark-0.16.jar;C:\Users\ASUS\.m2\repository\net\serenity-bdd\serenity-report-resources\3.2.1\serenity-report-resources-3.2.1.jar;C:\Users\ASUS\.m2\repository\com\google\code\gson\gson\2.9.0\gson-2.9.0.jar;C:\Users\ASUS\.m2\repository\com\fasterxml\jackson\core\jackson-core\2.13.2\jackson-core-2.13.2.jar;C:\Users\ASUS\.m2\repository\com\fasterxml\jackson\core\jackson-databind\2.13.2\jackson-databind-2.13.2.jar;C:\Users\ASUS\.m2\repository\com\fasterxml\jackson\core\jackson-annotations\2.13.2\jackson-annotations-2.13.2.jar;C:\Users\ASUS\.m2\repository\commons-codec\commons-codec\1.15\commons-codec-1.15.jar;C:\Users\ASUS\.m2\repository\commons-io\commons-io\2.11.0\commons-io-2.11.0.jar;C:\Users\ASUS\.m2\repository\org\seleniumhq\selenium\selenium-java\4.1.2\selenium-java-4.1.2.jar;C:\Users\ASUS\.m2\repository\org\seleniumhq\selenium\selenium-devtools-v85\4.1.2\selenium-devtools-v85-4.1.2.jar;C:\Users\ASUS\.m2\repository\org\seleniumhq\selenium\selenium-devtools-v95\4.1.2\selenium-devtools-v95-4.1.2.jar;C:\Users\ASUS\.m2\repository\org\seleniumhq\selenium\selenium-devtools-v96\4.1.2\selenium-devtools-v96-4.1.2.jar;C:\Users\ASUS\.m2\repository\org\seleniumhq\selenium\selenium-devtools-v97\4.1.2\selenium-devtools-v97-4.1.2.jar;C:\Users\ASUS\.m2\repository\org\seleniumhq\selenium\selenium-firefox-xpi-driver\4.1.2\selenium-firefox-xpi-driver-4.1.2.jar;C:\Users\ASUS\.m2\repository\org\seleniumhq\selenium\selenium-opera-driver\4.1.2\selenium-opera-driver-4.1.2.jar;C:\Users\ASUS\.m2\repository\org\seleniumhq\selenium\selenium-remote-driver\4.1.2\selenium-remote-driver-4.1.2.jar;C:\Users\ASUS\.m2\repository\com\beust\jcommander\1.82\jcommander-1.82.jar;C:\Users\ASUS\.m2\repository\io\netty\netty-buffer\4.1.73.Final\netty-buffer-4.1.73.Final.jar;C:\Users\ASUS\.m2\repository\io\netty\netty-codec-http\4.1.73.Final\netty-codec-http-4.1.73.Final.jar;C:\Users\ASUS\.m2\repository\io\netty\netty-codec\4.1.73.Final\netty-codec-4.1.73.Final.jar;C:\Users\ASUS\.m2\repository\io\netty\netty-handler\4.1.73.Final\netty-handler-4.1.73.Final.jar;C:\Users\ASUS\.m2\repository\io\netty\netty-tcnative-classes\2.0.46.Final\netty-tcnative-classes-2.0.46.Final.jar;C:\Users\ASUS\.m2\repository\io\netty\netty-common\4.1.73.Final\netty-common-4.1.73.Final.jar;C:\Users\ASUS\.m2\repository\io\netty\netty-transport-classes-epoll\4.1.73.Final\netty-transport-classes-epoll-4.1.73.Final.jar;C:\Users\ASUS\.m2\repository\io\netty\netty-transport-classes-kqueue\4.1.73.Final\netty-transport-classes-kqueue-4.1.73.Final.jar;C:\Users\ASUS\.m2\repository\io\netty\netty-transport-native-epoll\4.1.73.Final\netty-transport-native-epoll-4.1.73.Final.jar;C:\Users\ASUS\.m2\repository\io\netty\netty-transport-native-kqueue\4.1.73.Final\netty-transport-native-kqueue-4.1.73.Final.jar;C:\Users\ASUS\.m2\repository\io\netty\netty-transport-native-unix-common\4.1.73.Final\netty-transport-native-unix-common-4.1.73.Final.jar;C:\Users\ASUS\.m2\repository\io\netty\netty-transport\4.1.73.Final\netty-transport-4.1.73.Final.jar;C:\Users\ASUS\.m2\repository\io\netty\netty-resolver\4.1.73.Final\netty-resolver-4.1.73.Final.jar;C:\Users\ASUS\.m2\repository\io\opentelemetry\opentelemetry-api\1.10.1\opentelemetry-api-1.10.1.jar;C:\Users\ASUS\.m2\repository\io\opentelemetry\opentelemetry-context\1.10.1\opentelemetry-context-1.10.1.jar;C:\Users\ASUS\.m2\repository\io\opentelemetry\opentelemetry-exporter-logging\1.10.1\opentelemetry-exporter-logging-1.10.1.jar;C:\Users\ASUS\.m2\repository\io\opentelemetry\opentelemetry-sdk-metrics\1.10.1-alpha\opentelemetry-sdk-metrics-1.10.1-alpha.jar;C:\Users\ASUS\.m2\repository\io\opentelemetry\opentelemetry-sdk-logs\1.10.1-alpha\opentelemetry-sdk-logs-1.10.1-alpha.jar;C:\Users\ASUS\.m2\repository\io\opentelemetry\opentelemetry-sdk-common\1.10.1\opentelemetry-sdk-common-1.10.1.jar;C:\Users\ASUS\.m2\repository\io\opentelemetry\opentelemetry-sdk-extension-autoconfigure-spi\1.10.1\opentelemetry-sdk-extension-autoconfigure-spi-1.10.1.jar;C:\Users\ASUS\.m2\repository\io\opentelemetry\opentelemetry-sdk-extension-autoconfigure\1.10.1-alpha\opentelemetry-sdk-extension-autoconfigure-1.10.1-alpha.jar;C:\Users\ASUS\.m2\repository\io\opentelemetry\opentelemetry-sdk-trace\1.10.1\opentelemetry-sdk-trace-1.10.1.jar;C:\Users\ASUS\.m2\repository\io\opentelemetry\opentelemetry-sdk\1.10.1\opentelemetry-sdk-1.10.1.jar;C:\Users\ASUS\.m2\repository\io\opentelemetry\opentelemetry-semconv\1.10.1-alpha\opentelemetry-semconv-1.10.1-alpha.jar;C:\Users\ASUS\.m2\repository\io\ous\jtoml\2.0.0\jtoml-2.0.0.jar;C:\Users\ASUS\.m2\repository\org\apache\commons\commons-exec\1.3\commons-exec-1.3.jar;C:\Users\ASUS\.m2\repository\org\asynchttpclient\async-http-client\2.12.3\async-http-client-2.12.3.jar;C:\Users\ASUS\.m2\repository\org\asynchttpclient\async-http-client-netty-utils\2.12.3\async-http-client-netty-utils-2.12.3.jar;C:\Users\ASUS\.m2\repository\io\netty\netty-codec-socks\4.1.60.Final\netty-codec-socks-4.1.60.Final.jar;C:\Users\ASUS\.m2\repository\io\netty\netty-handler-proxy\4.1.60.Final\netty-handler-proxy-4.1.60.Final.jar;C:\Users\ASUS\.m2\repository\io\netty\netty-transport-native-epoll\4.1.60.Final\netty-transport-native-epoll-4.1.60.Final-linux-x86_64.jar;C:\Users\ASUS\.m2\repository\io\netty\netty-transport-native-kqueue\4.1.60.Final\netty-transport-native-kqueue-4.1.60.Final-osx-x86_64.jar;C:\Users\ASUS\.m2\repository\org\reactivestreams\reactive-streams\1.0.3\reactive-streams-1.0.3.jar;C:\Users\ASUS\.m2\repository\com\typesafe\netty\netty-reactive-streams\2.0.4\netty-reactive-streams-2.0.4.jar;C:\Users\ASUS\.m2\repository\org\seleniumhq\selenium\selenium-http\4.1.2\selenium-http-4.1.2.jar;C:\Users\ASUS\.m2\repository\net\jodah\failsafe\2.4.4\failsafe-2.4.4.jar;C:\Users\ASUS\.m2\repository\org\seleniumhq\selenium\selenium-safari-driver\4.1.2\selenium-safari-driver-4.1.2.jar;C:\Users\ASUS\.m2\repository\org\seleniumhq\selenium\selenium-api\4.1.2\selenium-api-4.1.2.jar;C:\Users\ASUS\.m2\repository\org\seleniumhq\selenium\selenium-support\4.1.2\selenium-support-4.1.2.jar;C:\Users\ASUS\.m2\repository\com\google\auto\service\auto-service-annotations\1.0.1\auto-service-annotations-1.0.1.jar;C:\Users\ASUS\.m2\repository\com\google\auto\service\auto-service\1.0.1\auto-service-1.0.1.jar;C:\Users\ASUS\.m2\repository\com\google\auto\auto-common\1.2\auto-common-1.2.jar;C:\Users\ASUS\.m2\repository\org\seleniumhq\selenium\selenium-json\4.1.2\selenium-json-4.1.2.jar;C:\Users\ASUS\.m2\repository\org\seleniumhq\selenium\selenium-chrome-driver\4.1.2\selenium-chrome-driver-4.1.2.jar;C:\Users\ASUS\.m2\repository\org\seleniumhq\selenium\selenium-chromium-driver\4.1.2\selenium-chromium-driver-4.1.2.jar;C:\Users\ASUS\.m2\repository\org\seleniumhq\selenium\selenium-firefox-driver\4.1.2\selenium-firefox-driver-4.1.2.jar;C:\Users\ASUS\.m2\repository\org\seleniumhq\selenium\selenium-edge-driver\4.1.2\selenium-edge-driver-4.1.2.jar;C:\Users\ASUS\.m2\repository\org\seleniumhq\selenium\selenium-ie-driver\4.1.2\selenium-ie-driver-4.1.2.jar;C:\Users\ASUS\.m2\repository\org\projectlombok\lombok\1.18.20\lombok-1.18.20.jar;C:\Users\ASUS\.m2\repository\io\appium\java-client\8.0.0\java-client-8.0.0.jar;C:\Users\ASUS\.m2\repository\commons-validator\commons-validator\1.7\commons-validator-1.7.jar;C:\Users\ASUS\.m2\repository\commons-digester\commons-digester\2.1\commons-digester-2.1.jar;C:\Users\ASUS\.m2\repository\org\aspectj\aspectjweaver\1.9.8\aspectjweaver-1.9.8.jar;C:\Users\ASUS\.m2\repository\org\codehaus\groovy\groovy\3.0.10\groovy-3.0.10.jar;C:\Users\ASUS\.m2\repository\net\sf\opencsv\opencsv\2.0\opencsv-2.0.jar;C:\Users\ASUS\.m2\repository\commons-beanutils\commons-beanutils\1.9.4\commons-beanutils-1.9.4.jar;C:\Users\ASUS\.m2\repository\org\apache\commons\commons-lang3\3.12.0\commons-lang3-3.12.0.jar;C:\Users\ASUS\.m2\repository\commons-collections\commons-collections\3.2.2\commons-collections-3.2.2.jar;C:\Users\ASUS\.m2\repository\org\fluentlenium\fluentlenium-core\0.10.2\fluentlenium-core-0.10.2.jar;C:\Users\ASUS\.m2\repository\io\github\bonigarcia\webdrivermanager\5.1.0\webdrivermanager-5.1.0.jar;C:\Users\ASUS\.m2\repository\com\github\docker-java\docker-java\3.2.13\docker-java-3.2.13.jar;C:\Users\ASUS\.m2\repository\com\github\docker-java\docker-java-core\3.2.13\docker-java-core-3.2.13.jar;C:\Users\ASUS\.m2\repository\com\github\docker-java\docker-java-api\3.2.13\docker-java-api-3.2.13.jar;C:\Users\ASUS\.m2\repository\org\apache\commons\commons-compress\1.21\commons-compress-1.21.jar;C:\Users\ASUS\.m2\repository\org\bouncycastle\bcpkix-jdk15on\1.64\bcpkix-jdk15on-1.64.jar;C:\Users\ASUS\.m2\repository\org\bouncycastle\bcprov-jdk15on\1.64\bcprov-jdk15on-1.64.jar;C:\Users\ASUS\.m2\repository\org\slf4j\jcl-over-slf4j\1.7.30\jcl-over-slf4j-1.7.30.jar;C:\Users\ASUS\.m2\repository\com\github\docker-java\docker-java-transport-httpclient5\3.2.13\docker-java-transport-httpclient5-3.2.13.jar;C:\Users\ASUS\.m2\repository\com\github\docker-java\docker-java-transport\3.2.13\docker-java-transport-3.2.13.jar;C:\Users\ASUS\.m2\repository\org\apache\httpcomponents\client5\httpclient5\5.0.3\httpclient5-5.0.3.jar;C:\Users\ASUS\.m2\repository\org\apache\httpcomponents\core5\httpcore5\5.0.2\httpcore5-5.0.2.jar;C:\Users\ASUS\.m2\repository\net\java\dev\jna\jna\5.8.0\jna-5.8.0.jar;C:\Users\ASUS\.m2\repository\org\brotli\dec\0.1.2\dec-0.1.2.jar;C:\Users\ASUS\.m2\repository\com\jhlabs\filters\2.0.235\filters-2.0.235.jar;C:\Users\ASUS\.m2\repository\com\paulhammant\ngwebdriver\1.1.6\ngwebdriver-1.1.6.jar;C:\Users\ASUS\.m2\repository\joda-time\joda-time\2.8.2\joda-time-2.8.2.jar;C:\Users\ASUS\.m2\repository\org\hamcrest\hamcrest\2.2\hamcrest-2.2.jar;C:\Users\ASUS\.m2\repository\com\google\jimfs\jimfs\1.2\jimfs-1.2.jar;C:\Users\ASUS\.m2\repository\org\mockito\mockito-core\3.3.3\mockito-core-3.3.3.jar;C:\Users\ASUS\.m2\repository\javax\xml\bind\jaxb-api\2.3.1\jaxb-api-2.3.1.jar;C:\Users\ASUS\.m2\repository\javax\activation\javax.activation-api\1.2.0\javax.activation-api-1.2.0.jar;C:\Users\ASUS\.m2\repository\com\sun\xml\bind\jaxb-core\2.3.0.1\jaxb-core-2.3.0.1.jar;C:\Users\ASUS\.m2\repository\com\sun\xml\bind\jaxb-impl\2.3.3\jaxb-impl-2.3.3.jar;C:\Users\ASUS\.m2\repository\jakarta\xml\bind\jakarta.xml.bind-api\2.3.3\jakarta.xml.bind-api-2.3.3.jar;C:\Users\ASUS\.m2\repository\com\sun\activation\jakarta.activation\1.2.2\jakarta.activation-1.2.2.jar;C:\Users\ASUS\.m2\repository\javax\activation\activation\1.1.1\activation-1.1.1.jar;C:\Users\ASUS\.m2\repository\net\serenity-bdd\serenity-cucumber\3.2.1\serenity-cucumber-3.2.1.jar;C:\Users\ASUS\.m2\repository\io\cucumber\cucumber-core\7.2.3\cucumber-core-7.2.3.jar;C:\Users\ASUS\.m2\repository\io\cucumber\cucumber-gherkin\7.2.3\cucumber-gherkin-7.2.3.jar;C:\Users\ASUS\.m2\repository\io\cucumber\cucumber-gherkin-messages\7.2.3\cucumber-gherkin-messages-7.2.3.jar;C:\Users\ASUS\.m2\repository\io\cucumber\messages\17.1.1\messages-17.1.1.jar;C:\Users\ASUS\.m2\repository\io\cucumber\tag-expressions\4.1.0\tag-expressions-4.1.0.jar;C:\Users\ASUS\.m2\repository\io\cucumber\cucumber-expressions\15.0.1\cucumber-expressions-15.0.1.jar;C:\Users\ASUS\.m2\repository\io\cucumber\datatable\7.2.3\datatable-7.2.3.jar;C:\Users\ASUS\.m2\repository\io\cucumber\cucumber-plugin\7.2.3\cucumber-plugin-7.2.3.jar;C:\Users\ASUS\.m2\repository\io\cucumber\docstring\7.2.3\docstring-7.2.3.jar;C:\Users\ASUS\.m2\repository\io\cucumber\html-formatter\17.0.0\html-formatter-17.0.0.jar;C:\Users\ASUS\.m2\repository\io\cucumber\ci-environment\8.1.0\ci-environment-8.1.0.jar;C:\Users\ASUS\.m2\repository\io\cucumber\cucumber-junit\7.2.3\cucumber-junit-7.2.3.jar;C:\Users\ASUS\.m2\repository\org\apache\commons\commons-csv\1.5\commons-csv-1.5.jar;C:\Users\ASUS\.m2\repository\net\serenity-bdd\serenity-screenplay\3.2.1\serenity-screenplay-3.2.1.jar;C:\Users\ASUS\.m2\repository\net\serenity-bdd\serenity-screenplay-webdriver\3.2.1\serenity-screenplay-webdriver-3.2.1.jar;C:\Users\ASUS\.m2\repository\net\serenity-bdd\serenity-ensure\3.2.1\serenity-ensure-3.2.1.jar;C:\Users\ASUS\.m2\repository\net\serenity-bdd\serenity-junit\3.2.1\serenity-junit-3.2.1.jar;C:\Users\ASUS\.m2\repository\org\jetbrains\kotlin\kotlin-stdlib\1.6.0\kotlin-stdlib-1.6.0.jar;C:\Users\ASUS\.m2\repository\org\jetbrains\annotations\13.0\annotations-13.0.jar;C:\Users\ASUS\.m2\repository\org\jetbrains\kotlin\kotlin-stdlib-common\1.6.0\kotlin-stdlib-common-1.6.0.jar;C:\Users\ASUS\.m2\repository\org\junit\platform\junit-platform-launcher\1.8.1\junit-platform-launcher-1.8.1.jar;C:\Users\ASUS\.m2\repository\org\junit\platform\junit-platform-engine\1.8.1\junit-platform-engine-1.8.1.jar;C:\Users\ASUS\.m2\repository\org\opentest4j\opentest4j\1.2.0\opentest4j-1.2.0.jar;C:\Users\ASUS\.m2\repository\org\junit\platform\junit-platform-commons\1.8.1\junit-platform-commons-1.8.1.jar;C:\Users\ASUS\.m2\repository\org\apiguardian\apiguardian-api\1.1.2\apiguardian-api-1.1.2.jar;C:\Users\ASUS\.m2\repository\org\junit\jupiter\junit-jupiter-engine\5.8.2\junit-jupiter-engine-5.8.2.jar;C:\Users\ASUS\.m2\repository\org\junit\jupiter\junit-jupiter-api\5.8.2\junit-jupiter-api-5.8.2.jar;C:\Users\ASUS\.m2\repository\org\junit\vintage\junit-vintage-engine\5.8.2\junit-vintage-engine-5.8.2.jar;C:\Users\ASUS\.m2\repository\junit\junit\4.13.2\junit-4.13.2.jar;C:\Users\ASUS\.m2\repository\org\hamcrest\hamcrest-core\1.3\hamcrest-core-1.3.jar;C:\Users\ASUS\.m2\repository\ch\qos\logback\logback-classic\1.2.10\logback-classic-1.2.10.jar;C:\Users\ASUS\.m2\repository\ch\qos\logback\logback-core\1.2.10\logback-core-1.2.10.jar;C:\Users\ASUS\.m2\repository\org\slf4j\slf4j-api\1.7.32\slf4j-api-1.7.32.jar;C:\Users\ASUS\.m2\repository\org\assertj\assertj-core\3.6.2\assertj-core-3.6.2.jar;"/>
    <property name="sun.cpu.endian" value="little"/>
    <property name="user.home" value="C:\Users\ASUS"/>
    <property name="user.language" value="en"/>
    <property name="java.specification.vendor" value="Oracle Corporation"/>
    <property name="jdk.module.path" value="C:\Users\ASUS\Web\target\sauce-demo-1.0-SNAPSHOT.jar"/>
    <property name="java.version.date" value="2022-07-19"/>
    <property name="java.home" value="C:\Program Files\Java\jdk-11.0.16"/>
    <property name="file.separator" value="\"/>
    <property name="basedir" value="C:\Users\ASUS\Web"/>
    <property name="java.vm.compressedOopsMode" value="32-bit"/>
    <property name="line.separator" value="&#10;"/>
    <property name="java.specification.name" value="Java Platform API Specification"/>
    <property name="java.vm.specification.vendor" value="Oracle Corporation"/>
    <property name="java.awt.graphicsenv" value="sun.awt.Win32GraphicsEnvironment"/>
    <property name="surefire.real.class.path" value="C:\Users\ASUS\.m2\repository\org\apache\maven\surefire\surefire-booter\3.0.0-M5\surefire-booter-3.0.0-M5.jar;C:\Users\ASUS\.m2\repository\org\apache\maven\surefire\surefire-api\3.0.0-M5\surefire-api-3.0.0-M5.jar;C:\Users\ASUS\.m2\repository\org\apache\maven\surefire\surefire-logger-api\3.0.0-M5\surefire-logger-api-3.0.0-M5.jar;C:\Users\ASUS\.m2\repository\org\apache\maven\surefire\surefire-shared-utils\3.0.0-M4\surefire-shared-utils-3.0.0-M4.jar;C:\Users\ASUS\.m2\repository\org\apache\maven\surefire\surefire-extensions-spi\3.0.0-M5\surefire-extensions-spi-3.0.0-M5.jar;C:\Users\ASUS\Web\target\test-classes;C:\Users\ASUS\.m2\repository\net\serenity-bdd\serenity-core\3.2.1\serenity-core-3.2.1.jar;C:\Users\ASUS\.m2\repository\net\serenity-bdd\serenity-model\3.2.1\serenity-model-3.2.1.jar;C:\Users\ASUS\.m2\repository\org\apache\commons\commons-text\1.9\commons-text-1.9.jar;C:\Users\ASUS\.m2\repository\commons-net\commons-net\3.8.0\commons-net-3.8.0.jar;C:\Users\ASUS\.m2\repository\com\google\guava\guava\31.1-jre\guava-31.1-jre.jar;C:\Users\ASUS\.m2\repository\com\google\guava\failureaccess\1.0.1\failureaccess-1.0.1.jar;C:\Users\ASUS\.m2\repository\com\google\guava\listenablefuture\9999.0-empty-to-avoid-conflict-with-guava\listenablefuture-9999.0-empty-to-avoid-conflict-with-guava.jar;C:\Users\ASUS\.m2\repository\com\google\code\findbugs\jsr305\3.0.2\jsr305-3.0.2.jar;C:\Users\ASUS\.m2\repository\org\checkerframework\checker-qual\3.12.0\checker-qual-3.12.0.jar;C:\Users\ASUS\.m2\repository\com\google\errorprone\error_prone_annotations\2.11.0\error_prone_annotations-2.11.0.jar;C:\Users\ASUS\.m2\repository\com\google\j2objc\j2objc-annotations\1.3\j2objc-annotations-1.3.jar;C:\Users\ASUS\.m2\repository\com\google\inject\guice\5.1.0\guice-5.1.0.jar;C:\Users\ASUS\.m2\repository\javax\inject\javax.inject\1\javax.inject-1.jar;C:\Users\ASUS\.m2\repository\aopalliance\aopalliance\1.0\aopalliance-1.0.jar;C:\Users\ASUS\.m2\repository\org\jsoup\jsoup\1.14.3\jsoup-1.14.3.jar;C:\Users\ASUS\.m2\repository\com\thoughtworks\xstream\xstream\1.4.19\xstream-1.4.19.jar;C:\Users\ASUS\.m2\repository\io\github\x-stream\mxparser\1.2.2\mxparser-1.2.2.jar;C:\Users\ASUS\.m2\repository\xmlpull\xmlpull\1.1.3.1\xmlpull-1.1.3.1.jar;C:\Users\ASUS\.m2\repository\io\cucumber\cucumber-java\7.2.3\cucumber-java-7.2.3.jar;C:\Users\ASUS\.m2\repository\com\typesafe\config\1.4.2\config-1.4.2.jar;C:\Users\ASUS\.m2\repository\org\imgscalr\imgscalr-lib\4.2\imgscalr-lib-4.2.jar;C:\Users\ASUS\.m2\repository\org\awaitility\awaitility\4.2.0\awaitility-4.2.0.jar;C:\Users\ASUS\.m2\repository\org\freemarker\freemarker\2.3.31\freemarker-2.3.31.jar;C:\Users\ASUS\.m2\repository\io\github\classgraph\classgraph\4.8.138\classgraph-4.8.138.jar;C:\Users\ASUS\.m2\repository\net\sourceforge\jexcelapi\jxl\2.6.12\jxl-2.6.12.jar;C:\Users\ASUS\.m2\repository\net\bytebuddy\byte-buddy\1.12.8\byte-buddy-1.12.8.jar;C:\Users\ASUS\.m2\repository\net\bytebuddy\byte-buddy-agent\1.12.8\byte-buddy-agent-1.12.8.jar;C:\Users\ASUS\.m2\repository\org\objenesis\objenesis\3.1\objenesis-3.1.jar;C:\Users\ASUS\.m2\repository\net\serenity-bdd\serenity-reports\3.2.1\serenity-reports-3.2.1.jar;C:\Users\ASUS\.m2\repository\net\serenity-bdd\serenity-stats\3.2.1\serenity-stats-3.2.1.jar;C:\Users\ASUS\.m2\repository\net\serenity-bdd\serenity-reports-configuration\3.2.1\serenity-reports-configuration-3.2.1.jar;C:\Users\ASUS\.m2\repository\com\vladsch\flexmark\flexmark-all\0.34.30\flexmark-all-0.34.30.jar;C:\Users\ASUS\.m2\repository\com\vladsch\flexmark\flexmark\0.34.30\flexmark-0.34.30.jar;C:\Users\ASUS\.m2\repository\com\vladsch\flexmark\flexmark-ext-abbreviation\0.34.30\flexmark-ext-abbreviation-0.34.30.jar;C:\Users\ASUS\.m2\repository\com\vladsch\flexmark\flexmark-ext-admonition\0.34.30\flexmark-ext-admonition-0.34.30.jar;C:\Users\ASUS\.m2\repository\com\vladsch\flexmark\flexmark-ext-anchorlink\0.34.30\flexmark-ext-anchorlink-0.34.30.jar;C:\Users\ASUS\.m2\repository\com\vladsch\flexmark\flexmark-ext-aside\0.34.30\flexmark-ext-aside-0.34.30.jar;C:\Users\ASUS\.m2\repository\com\vladsch\flexmark\flexmark-ext-attributes\0.34.30\flexmark-ext-attributes-0.34.30.jar;C:\Users\ASUS\.m2\repository\com\vladsch\flexmark\flexmark-ext-autolink\0.34.30\flexmark-ext-autolink-0.34.30.jar;C:\Users\ASUS\.m2\repository\org\nibor\autolink\autolink\0.6.0\autolink-0.6.0.jar;C:\Users\ASUS\.m2\repository\com\vladsch\flexmark\flexmark-ext-definition\0.34.30\flexmark-ext-definition-0.34.30.jar;C:\Users\ASUS\.m2\repository\com\vladsch\flexmark\flexmark-ext-emoji\0.34.30\flexmark-ext-emoji-0.34.30.jar;C:\Users\ASUS\.m2\repository\com\vladsch\flexmark\flexmark-ext-enumerated-reference\0.34.30\flexmark-ext-enumerated-reference-0.34.30.jar;C:\Users\ASUS\.m2\repository\com\vladsch\flexmark\flexmark-ext-escaped-character\0.34.30\flexmark-ext-escaped-character-0.34.30.jar;C:\Users\ASUS\.m2\repository\com\vladsch\flexmark\flexmark-ext-footnotes\0.34.30\flexmark-ext-footnotes-0.34.30.jar;C:\Users\ASUS\.m2\repository\com\vladsch\flexmark\flexmark-ext-gfm-issues\0.34.30\flexmark-ext-gfm-issues-0.34.30.jar;C:\Users\ASUS\.m2\repository\com\vladsch\flexmark\flexmark-ext-gfm-strikethrough\0.34.30\flexmark-ext-gfm-strikethrough-0.34.30.jar;C:\Users\ASUS\.m2\repository\com\vladsch\flexmark\flexmark-ext-gfm-tables\0.34.30\flexmark-ext-gfm-tables-0.34.30.jar;C:\Users\ASUS\.m2\repository\com\vladsch\flexmark\flexmark-ext-gfm-tasklist\0.34.30\flexmark-ext-gfm-tasklist-0.34.30.jar;C:\Users\ASUS\.m2\repository\com\vladsch\flexmark\flexmark-ext-gfm-users\0.34.30\flexmark-ext-gfm-users-0.34.30.jar;C:\Users\ASUS\.m2\repository\com\vladsch\flexmark\flexmark-ext-gitlab\0.34.30\flexmark-ext-gitlab-0.34.30.jar;C:\Users\ASUS\.m2\repository\com\vladsch\flexmark\flexmark-ext-jekyll-front-matter\0.34.30\flexmark-ext-jekyll-front-matter-0.34.30.jar;C:\Users\ASUS\.m2\repository\com\vladsch\flexmark\flexmark-ext-jekyll-tag\0.34.30\flexmark-ext-jekyll-tag-0.34.30.jar;C:\Users\ASUS\.m2\repository\com\vladsch\flexmark\flexmark-ext-media-tags\0.34.30\flexmark-ext-media-tags-0.34.30.jar;C:\Users\ASUS\.m2\repository\com\vladsch\flexmark\flexmark-test-util\0.34.30\flexmark-test-util-0.34.30.jar;C:\Users\ASUS\.m2\repository\com\vladsch\flexmark\flexmark-ext-ins\0.34.30\flexmark-ext-ins-0.34.30.jar;C:\Users\ASUS\.m2\repository\com\vladsch\flexmark\flexmark-ext-xwiki-macros\0.34.30\flexmark-ext-xwiki-macros-0.34.30.jar;C:\Users\ASUS\.m2\repository\com\vladsch\flexmark\flexmark-ext-superscript\0.34.30\flexmark-ext-superscript-0.34.30.jar;C:\Users\ASUS\.m2\repository\com\vladsch\flexmark\flexmark-ext-tables\0.34.30\flexmark-ext-tables-0.34.30.jar;C:\Users\ASUS\.m2\repository\com\vladsch\flexmark\flexmark-ext-toc\0.34.30\flexmark-ext-toc-0.34.30.jar;C:\Users\ASUS\.m2\repository\com\vladsch\flexmark\flexmark-ext-typographic\0.34.30\flexmark-ext-typographic-0.34.30.jar;C:\Users\ASUS\.m2\repository\com\vladsch\flexmark\flexmark-ext-wikilink\0.34.30\flexmark-ext-wikilink-0.34.30.jar;C:\Users\ASUS\.m2\repository\com\vladsch\flexmark\flexmark-ext-yaml-front-matter\0.34.30\flexmark-ext-yaml-front-matter-0.34.30.jar;C:\Users\ASUS\.m2\repository\com\vladsch\flexmark\flexmark-ext-youtube-embedded\0.34.30\flexmark-ext-youtube-embedded-0.34.30.jar;C:\Users\ASUS\.m2\repository\com\vladsch\flexmark\flexmark-formatter\0.34.30\flexmark-formatter-0.34.30.jar;C:\Users\ASUS\.m2\repository\com\vladsch\flexmark\flexmark-html-parser\0.34.30\flexmark-html-parser-0.34.30.jar;C:\Users\ASUS\.m2\repository\com\vladsch\flexmark\flexmark-jira-converter\0.34.30\flexmark-jira-converter-0.34.30.jar;C:\Users\ASUS\.m2\repository\com\vladsch\flexmark\flexmark-pdf-converter\0.34.30\flexmark-pdf-converter-0.34.30.jar;C:\Users\ASUS\.m2\repository\com\openhtmltopdf\openhtmltopdf-core\0.0.1-RC13\openhtmltopdf-core-0.0.1-RC13.jar;C:\Users\ASUS\.m2\repository\com\openhtmltopdf\openhtmltopdf-pdfbox\0.0.1-RC13\openhtmltopdf-pdfbox-0.0.1-RC13.jar;C:\Users\ASUS\.m2\repository\org\apache\pdfbox\pdfbox\2.0.8\pdfbox-2.0.8.jar;C:\Users\ASUS\.m2\repository\org\apache\pdfbox\fontbox\2.0.8\fontbox-2.0.8.jar;C:\Users\ASUS\.m2\repository\commons-logging\commons-logging\1.2\commons-logging-1.2.jar;C:\Users\ASUS\.m2\repository\org\apache\pdfbox\xmpbox\2.0.8\xmpbox-2.0.8.jar;C:\Users\ASUS\.m2\repository\de\rototor\pdfbox\graphics2d\0.12\graphics2d-0.12.jar;C:\Users\ASUS\.m2\repository\com\openhtmltopdf\openhtmltopdf-rtl-support\0.0.1-RC13\openhtmltopdf-rtl-support-0.0.1-RC13.jar;C:\Users\ASUS\.m2\repository\com\ibm\icu\icu4j\59.1\icu4j-59.1.jar;C:\Users\ASUS\.m2\repository\com\openhtmltopdf\openhtmltopdf-jsoup-dom-converter\0.0.1-RC13\openhtmltopdf-jsoup-dom-converter-0.0.1-RC13.jar;C:\Users\ASUS\.m2\repository\com\vladsch\flexmark\flexmark-profile-pegdown\0.34.30\flexmark-profile-pegdown-0.34.30.jar;C:\Users\ASUS\.m2\repository\com\vladsch\flexmark\flexmark-util\0.34.30\flexmark-util-0.34.30.jar;C:\Users\ASUS\.m2\repository\com\vladsch\flexmark\flexmark-youtrack-converter\0.34.30\flexmark-youtrack-converter-0.34.30.jar;C:\Users\ASUS\.m2\repository\es\nitaur\markdown\txtmark\0.16\txtmark-0.16.jar;C:\Users\ASUS\.m2\repository\net\serenity-bdd\serenity-report-resources\3.2.1\serenity-report-resources-3.2.1.jar;C:\Users\ASUS\.m2\repository\com\google\code\gson\gson\2.9.0\gson-2.9.0.jar;C:\Users\ASUS\.m2\repository\com\fasterxml\jackson\core\jackson-core\2.13.2\jackson-core-2.13.2.jar;C:\Users\ASUS\.m2\repository\com\fasterxml\jackson\core\jackson-databind\2.13.2\jackson-databind-2.13.2.jar;C:\Users\ASUS\.m2\repository\com\fasterxml\jackson\core\jackson-annotations\2.13.2\jackson-annotations-2.13.2.jar;C:\Users\ASUS\.m2\repository\commons-codec\commons-codec\1.15\commons-codec-1.15.jar;C:\Users\ASUS\.m2\repository\commons-io\commons-io\2.11.0\commons-io-2.11.0.jar;C:\Users\ASUS\.m2\repository\org\seleniumhq\selenium\selenium-java\4.1.2\selenium-java-4.1.2.jar;C:\Users\ASUS\.m2\repository\org\seleniumhq\selenium\selenium-devtools-v85\4.1.2\selenium-devtools-v85-4.1.2.jar;C:\Users\ASUS\.m2\repository\org\seleniumhq\selenium\selenium-devtools-v95\4.1.2\selenium-devtools-v95-4.1.2.jar;C:\Users\ASUS\.m2\repository\org\seleniumhq\selenium\selenium-devtools-v96\4.1.2\selenium-devtools-v96-4.1.2.jar;C:\Users\ASUS\.m2\repository\org\seleniumhq\selenium\selenium-devtools-v97\4.1.2\selenium-devtools-v97-4.1.2.jar;C:\Users\ASUS\.m2\repository\org\seleniumhq\selenium\selenium-firefox-xpi-driver\4.1.2\selenium-firefox-xpi-driver-4.1.2.jar;C:\Users\ASUS\.m2\repository\org\seleniumhq\selenium\selenium-opera-driver\4.1.2\selenium-opera-driver-4.1.2.jar;C:\Users\ASUS\.m2\repository\org\seleniumhq\selenium\selenium-remote-driver\4.1.2\selenium-remote-driver-4.1.2.jar;C:\Users\ASUS\.m2\repository\com\beust\jcommander\1.82\jcommander-1.82.jar;C:\Users\ASUS\.m2\repository\io\netty\netty-buffer\4.1.73.Final\netty-buffer-4.1.73.Final.jar;C:\Users\ASUS\.m2\repository\io\netty\netty-codec-http\4.1.73.Final\netty-codec-http-4.1.73.Final.jar;C:\Users\ASUS\.m2\repository\io\netty\netty-codec\4.1.73.Final\netty-codec-4.1.73.Final.jar;C:\Users\ASUS\.m2\repository\io\netty\netty-handler\4.1.73.Final\netty-handler-4.1.73.Final.jar;C:\Users\ASUS\.m2\repository\io\netty\netty-tcnative-classes\2.0.46.Final\netty-tcnative-classes-2.0.46.Final.jar;C:\Users\ASUS\.m2\repository\io\netty\netty-common\4.1.73.Final\netty-common-4.1.73.Final.jar;C:\Users\ASUS\.m2\repository\io\netty\netty-transport-classes-epoll\4.1.73.Final\netty-transport-classes-epoll-4.1.73.Final.jar;C:\Users\ASUS\.m2\repository\io\netty\netty-transport-classes-kqueue\4.1.73.Final\netty-transport-classes-kqueue-4.1.73.Final.jar;C:\Users\ASUS\.m2\repository\io\netty\netty-transport-native-epoll\4.1.73.Final\netty-transport-native-epoll-4.1.73.Final.jar;C:\Users\ASUS\.m2\repository\io\netty\netty-transport-native-kqueue\4.1.73.Final\netty-transport-native-kqueue-4.1.73.Final.jar;C:\Users\ASUS\.m2\repository\io\netty\netty-transport-native-unix-common\4.1.73.Final\netty-transport-native-unix-common-4.1.73.Final.jar;C:\Users\ASUS\.m2\repository\io\netty\netty-transport\4.1.73.Final\netty-transport-4.1.73.Final.jar;C:\Users\ASUS\.m2\repository\io\netty\netty-resolver\4.1.73.Final\netty-resolver-4.1.73.Final.jar;C:\Users\ASUS\.m2\repository\io\opentelemetry\opentelemetry-api\1.10.1\opentelemetry-api-1.10.1.jar;C:\Users\ASUS\.m2\repository\io\opentelemetry\opentelemetry-context\1.10.1\opentelemetry-context-1.10.1.jar;C:\Users\ASUS\.m2\repository\io\opentelemetry\opentelemetry-exporter-logging\1.10.1\opentelemetry-exporter-logging-1.10.1.jar;C:\Users\ASUS\.m2\repository\io\opentelemetry\opentelemetry-sdk-metrics\1.10.1-alpha\opentelemetry-sdk-metrics-1.10.1-alpha.jar;C:\Users\ASUS\.m2\repository\io\opentelemetry\opentelemetry-sdk-logs\1.10.1-alpha\opentelemetry-sdk-logs-1.10.1-alpha.jar;C:\Users\ASUS\.m2\repository\io\opentelemetry\opentelemetry-sdk-common\1.10.1\opentelemetry-sdk-common-1.10.1.jar;C:\Users\ASUS\.m2\repository\io\opentelemetry\opentelemetry-sdk-extension-autoconfigure-spi\1.10.1\opentelemetry-sdk-extension-autoconfigure-spi-1.10.1.jar;C:\Users\ASUS\.m2\repository\io\opentelemetry\opentelemetry-sdk-extension-autoconfigure\1.10.1-alpha\opentelemetry-sdk-extension-autoconfigure-1.10.1-alpha.jar;C:\Users\ASUS\.m2\repository\io\opentelemetry\opentelemetry-sdk-trace\1.10.1\opentelemetry-sdk-trace-1.10.1.jar;C:\Users\ASUS\.m2\repository\io\opentelemetry\opentelemetry-sdk\1.10.1\opentelemetry-sdk-1.10.1.jar;C:\Users\ASUS\.m2\repository\io\opentelemetry\opentelemetry-semconv\1.10.1-alpha\opentelemetry-semconv-1.10.1-alpha.jar;C:\Users\ASUS\.m2\repository\io\ous\jtoml\2.0.0\jtoml-2.0.0.jar;C:\Users\ASUS\.m2\repository\org\apache\commons\commons-exec\1.3\commons-exec-1.3.jar;C:\Users\ASUS\.m2\repository\org\asynchttpclient\async-http-client\2.12.3\async-http-client-2.12.3.jar;C:\Users\ASUS\.m2\repository\org\asynchttpclient\async-http-client-netty-utils\2.12.3\async-http-client-netty-utils-2.12.3.jar;C:\Users\ASUS\.m2\repository\io\netty\netty-codec-socks\4.1.60.Final\netty-codec-socks-4.1.60.Final.jar;C:\Users\ASUS\.m2\repository\io\netty\netty-handler-proxy\4.1.60.Final\netty-handler-proxy-4.1.60.Final.jar;C:\Users\ASUS\.m2\repository\io\netty\netty-transport-native-epoll\4.1.60.Final\netty-transport-native-epoll-4.1.60.Final-linux-x86_64.jar;C:\Users\ASUS\.m2\repository\io\netty\netty-transport-native-kqueue\4.1.60.Final\netty-transport-native-kqueue-4.1.60.Final-osx-x86_64.jar;C:\Users\ASUS\.m2\repository\org\reactivestreams\reactive-streams\1.0.3\reactive-streams-1.0.3.jar;C:\Users\ASUS\.m2\repository\com\typesafe\netty\netty-reactive-streams\2.0.4\netty-reactive-streams-2.0.4.jar;C:\Users\ASUS\.m2\repository\org\seleniumhq\selenium\selenium-http\4.1.2\selenium-http-4.1.2.jar;C:\Users\ASUS\.m2\repository\net\jodah\failsafe\2.4.4\failsafe-2.4.4.jar;C:\Users\ASUS\.m2\repository\org\seleniumhq\selenium\selenium-safari-driver\4.1.2\selenium-safari-driver-4.1.2.jar;C:\Users\ASUS\.m2\repository\org\seleniumhq\selenium\selenium-api\4.1.2\selenium-api-4.1.2.jar;C:\Users\ASUS\.m2\repository\org\seleniumhq\selenium\selenium-support\4.1.2\selenium-support-4.1.2.jar;C:\Users\ASUS\.m2\repository\com\google\auto\service\auto-service-annotations\1.0.1\auto-service-annotations-1.0.1.jar;C:\Users\ASUS\.m2\repository\com\google\auto\service\auto-service\1.0.1\auto-service-1.0.1.jar;C:\Users\ASUS\.m2\repository\com\google\auto\auto-common\1.2\auto-common-1.2.jar;C:\Users\ASUS\.m2\repository\org\seleniumhq\selenium\selenium-json\4.1.2\selenium-json-4.1.2.jar;C:\Users\ASUS\.m2\repository\org\seleniumhq\selenium\selenium-chrome-driver\4.1.2\selenium-chrome-driver-4.1.2.jar;C:\Users\ASUS\.m2\repository\org\seleniumhq\selenium\selenium-chromium-driver\4.1.2\selenium-chromium-driver-4.1.2.jar;C:\Users\ASUS\.m2\repository\org\seleniumhq\selenium\selenium-firefox-driver\4.1.2\selenium-firefox-driver-4.1.2.jar;C:\Users\ASUS\.m2\repository\org\seleniumhq\selenium\selenium-edge-driver\4.1.2\selenium-edge-driver-4.1.2.jar;C:\Users\ASUS\.m2\repository\org\seleniumhq\selenium\selenium-ie-driver\4.1.2\selenium-ie-driver-4.1.2.jar;C:\Users\ASUS\.m2\repository\org\projectlombok\lombok\1.18.20\lombok-1.18.20.jar;C:\Users\ASUS\.m2\repository\io\appium\java-client\8.0.0\java-client-8.0.0.jar;C:\Users\ASUS\.m2\repository\commons-validator\commons-validator\1.7\commons-validator-1.7.jar;C:\Users\ASUS\.m2\repository\commons-digester\commons-digester\2.1\commons-digester-2.1.jar;C:\Users\ASUS\.m2\repository\org\aspectj\aspectjweaver\1.9.8\aspectjweaver-1.9.8.jar;C:\Users\ASUS\.m2\repository\org\codehaus\groovy\groovy\3.0.10\groovy-3.0.10.jar;C:\Users\ASUS\.m2\repository\net\sf\opencsv\opencsv\2.0\opencsv-2.0.jar;C:\Users\ASUS\.m2\repository\commons-beanutils\commons-beanutils\1.9.4\commons-beanutils-1.9.4.jar;C:\Users\ASUS\.m2\repository\org\apache\commons\commons-lang3\3.12.0\commons-lang3-3.12.0.jar;C:\Users\ASUS\.m2\repository\commons-collections\commons-collections\3.2.2\commons-collections-3.2.2.jar;C:\Users\ASUS\.m2\repository\org\fluentlenium\fluentlenium-core\0.10.2\fluentlenium-core-0.10.2.jar;C:\Users\ASUS\.m2\repository\io\github\bonigarcia\webdrivermanager\5.1.0\webdrivermanager-5.1.0.jar;C:\Users\ASUS\.m2\repository\com\github\docker-java\docker-java\3.2.13\docker-java-3.2.13.jar;C:\Users\ASUS\.m2\repository\com\github\docker-java\docker-java-core\3.2.13\docker-java-core-3.2.13.jar;C:\Users\ASUS\.m2\repository\com\github\docker-java\docker-java-api\3.2.13\docker-java-api-3.2.13.jar;C:\Users\ASUS\.m2\repository\org\apache\commons\commons-compress\1.21\commons-compress-1.21.jar;C:\Users\ASUS\.m2\repository\org\bouncycastle\bcpkix-jdk15on\1.64\bcpkix-jdk15on-1.64.jar;C:\Users\ASUS\.m2\repository\org\bouncycastle\bcprov-jdk15on\1.64\bcprov-jdk15on-1.64.jar;C:\Users\ASUS\.m2\repository\org\slf4j\jcl-over-slf4j\1.7.30\jcl-over-slf4j-1.7.30.jar;C:\Users\ASUS\.m2\repository\com\github\docker-java\docker-java-transport-httpclient5\3.2.13\docker-java-transport-httpclient5-3.2.13.jar;C:\Users\ASUS\.m2\repository\com\github\docker-java\docker-java-transport\3.2.13\docker-java-transport-3.2.13.jar;C:\Users\ASUS\.m2\repository\org\apache\httpcomponents\client5\httpclient5\5.0.3\httpclient5-5.0.3.jar;C:\Users\ASUS\.m2\repository\org\apache\httpcomponents\core5\httpcore5\5.0.2\httpcore5-5.0.2.jar;C:\Users\ASUS\.m2\repository\net\java\dev\jna\jna\5.8.0\jna-5.8.0.jar;C:\Users\ASUS\.m2\repository\org\brotli\dec\0.1.2\dec-0.1.2.jar;C:\Users\ASUS\.m2\repository\com\jhlabs\filters\2.0.235\filters-2.0.235.jar;C:\Users\ASUS\.m2\repository\com\paulhammant\ngwebdriver\1.1.6\ngwebdriver-1.1.6.jar;C:\Users\ASUS\.m2\repository\joda-time\joda-time\2.8.2\joda-time-2.8.2.jar;C:\Users\ASUS\.m2\repository\org\hamcrest\hamcrest\2.2\hamcrest-2.2.jar;C:\Users\ASUS\.m2\repository\com\google\jimfs\jimfs\1.2\jimfs-1.2.jar;C:\Users\ASUS\.m2\repository\org\mockito\mockito-core\3.3.3\mockito-core-3.3.3.jar;C:\Users\ASUS\.m2\repository\javax\xml\bind\jaxb-api\2.3.1\jaxb-api-2.3.1.jar;C:\Users\ASUS\.m2\repository\javax\activation\javax.activation-api\1.2.0\javax.activation-api-1.2.0.jar;C:\Users\ASUS\.m2\repository\com\sun\xml\bind\jaxb-core\2.3.0.1\jaxb-core-2.3.0.1.jar;C:\Users\ASUS\.m2\repository\com\sun\xml\bind\jaxb-impl\2.3.3\jaxb-impl-2.3.3.jar;C:\Users\ASUS\.m2\repository\jakarta\xml\bind\jakarta.xml.bind-api\2.3.3\jakarta.xml.bind-api-2.3.3.jar;C:\Users\ASUS\.m2\repository\com\sun\activation\jakarta.activation\1.2.2\jakarta.activation-1.2.2.jar;C:\Users\ASUS\.m2\repository\javax\activation\activation\1.1.1\activation-1.1.1.jar;C:\Users\ASUS\.m2\repository\net\serenity-bdd\serenity-cucumber\3.2.1\serenity-cucumber-3.2.1.jar;C:\Users\ASUS\.m2\repository\io\cucumber\cucumber-core\7.2.3\cucumber-core-7.2.3.jar;C:\Users\ASUS\.m2\repository\io\cucumber\cucumber-gherkin\7.2.3\cucumber-gherkin-7.2.3.jar;C:\Users\ASUS\.m2\repository\io\cucumber\cucumber-gherkin-messages\7.2.3\cucumber-gherkin-messages-7.2.3.jar;C:\Users\ASUS\.m2\repository\io\cucumber\messages\17.1.1\messages-17.1.1.jar;C:\Users\ASUS\.m2\repository\io\cucumber\tag-expressions\4.1.0\tag-expressions-4.1.0.jar;C:\Users\ASUS\.m2\repository\io\cucumber\cucumber-expressions\15.0.1\cucumber-expressions-15.0.1.jar;C:\Users\ASUS\.m2\repository\io\cucumber\datatable\7.2.3\datatable-7.2.3.jar;C:\Users\ASUS\.m2\repository\io\cucumber\cucumber-plugin\7.2.3\cucumber-plugin-7.2.3.jar;C:\Users\ASUS\.m2\repository\io\cucumber\docstring\7.2.3\docstring-7.2.3.jar;C:\Users\ASUS\.m2\repository\io\cucumber\html-formatter\17.0.0\html-formatter-17.0.0.jar;C:\Users\ASUS\.m2\repository\io\cucumber\ci-environment\8.1.0\ci-environment-8.1.0.jar;C:\Users\ASUS\.m2\repository\io\cucumber\cucumber-junit\7.2.3\cucumber-junit-7.2.3.jar;C:\Users\ASUS\.m2\repository\org\apache\commons\commons-csv\1.5\commons-csv-1.5.jar;C:\Users\ASUS\.m2\repository\net\serenity-bdd\serenity-screenplay\3.2.1\serenity-screenplay-3.2.1.jar;C:\Users\ASUS\.m2\repository\net\serenity-bdd\serenity-screenplay-webdriver\3.2.1\serenity-screenplay-webdriver-3.2.1.jar;C:\Users\ASUS\.m2\repository\net\serenity-bdd\serenity-ensure\3.2.1\serenity-ensure-3.2.1.jar;C:\Users\ASUS\.m2\repository\net\serenity-bdd\serenity-junit\3.2.1\serenity-junit-3.2.1.jar;C:\Users\ASUS\.m2\repository\org\jetbrains\kotlin\kotlin-stdlib\1.6.0\kotlin-stdlib-1.6.0.jar;C:\Users\ASUS\.m2\repository\org\jetbrains\annotations\13.0\annotations-13.0.jar;C:\Users\ASUS\.m2\repository\org\jetbrains\kotlin\kotlin-stdlib-common\1.6.0\kotlin-stdlib-common-1.6.0.jar;C:\Users\ASUS\.m2\repository\org\junit\platform\junit-platform-launcher\1.8.1\junit-platform-launcher-1.8.1.jar;C:\Users\ASUS\.m2\repository\org\junit\platform\junit-platform-engine\1.8.1\junit-platform-engine-1.8.1.jar;C:\Users\ASUS\.m2\repository\org\opentest4j\opentest4j\1.2.0\opentest4j-1.2.0.jar;C:\Users\ASUS\.m2\repository\org\junit\platform\junit-platform-commons\1.8.1\junit-platform-commons-1.8.1.jar;C:\Users\ASUS\.m2\repository\org\apiguardian\apiguardian-api\1.1.2\apiguardian-api-1.1.2.jar;C:\Users\ASUS\.m2\repository\org\junit\jupiter\junit-jupiter-engine\5.8.2\junit-jupiter-engine-5.8.2.jar;C:\Users\ASUS\.m2\repository\org\junit\jupiter\junit-jupiter-api\5.8.2\junit-jupiter-api-5.8.2.jar;C:\Users\ASUS\.m2\repository\org\junit\vintage\junit-vintage-engine\5.8.2\junit-vintage-engine-5.8.2.jar;C:\Users\ASUS\.m2\repository\junit\junit\4.13.2\junit-4.13.2.jar;C:\Users\ASUS\.m2\repository\org\hamcrest\hamcrest-core\1.3\hamcrest-core-1.3.jar;C:\Users\ASUS\.m2\repository\ch\qos\logback\logback-classic\1.2.10\logback-classic-1.2.10.jar;C:\Users\ASUS\.m2\repository\ch\qos\logback\logback-core\1.2.10\logback-core-1.2.10.jar;C:\Users\ASUS\.m2\repository\org\slf4j\slf4j-api\1.7.32\slf4j-api-1.7.32.jar;C:\Users\ASUS\.m2\repository\org\assertj\assertj-core\3.6.2\assertj-core-3.6.2.jar;C:\Users\ASUS\.m2\repository\org\apache\maven\surefire\surefire-junit-platform\3.0.0-M5\surefire-junit-platform-3.0.0-M5.jar;C:\Users\ASUS\.m2\repository\org\apache\maven\surefire\common-java5\3.0.0-M5\common-java5-3.0.0-M5.jar"/>
    <property name="user.script" value=""/>
    <property name="java.protocol.handler.pkgs" value="com.google.common"/>
    <property name="sun.management.compiler" value="HotSpot 64-Bit Tiered Compilers"/>
    <property name="java.runtime.version" value="11.0.16+11-LTS-199"/>
    <property name="user.name" value="ASUS"/>
    <property name="path.separator" value=";"/>
    <property name="os.version" value="10.0"/>
    <property name="java.runtime.name" value="Java(TM) SE Runtime Environment"/>
    <property name="file.encoding" value="Cp1252"/>
    <property name="webdriver.base.url" value=""/>
    <property name="java.vm.name" value="Java HotSpot(TM) 64-Bit Server VM"/>
    <property name="java.vendor.version" value="18.9"/>
    <property name="localRepository" value="C:\Users\ASUS\.m2\repository"/>
    <property name="java.vendor.url.bug" value="https://bugreport.java.com/bugreport/"/>
    <property name="java.io.tmpdir" value="C:\Users\ASUS\AppData\Local\Temp\"/>
    <property name="java.version" value="11.0.16"/>
    <property name="user.dir" value="C:\Users\ASUS\Web"/>
    <property name="os.arch" value="amd64"/>
    <property name="java.vm.specification.name" value="Java Virtual Machine Specification"/>
    <property name="java.awt.printerjob" value="sun.awt.windows.WPrinterJob"/>
    <property name="sun.os.patch.level" value=""/>
    <property name="java.library.path" value="C:\Program Files\Java\jdk-11.0.16\bin;C:\WINDOWS\Sun\Java\bin;C:\WINDOWS\system32;C:\WINDOWS;C:\Users\ASUS\AppData\Local\Android\Sdk\platform-tools;C:\Program Files\Java\jdk-11.0.16\bin;C:\Program Files\Common Files\Oracle\Java\javapath;C:\Program Files (x86)\Common Files\Intel\Shared Files\cpp\bin\Intel64;C:\Program Files (x86)\Common Files\Oracle\Java\javapath;C:\Windows\system32;C:\Windows;C:\Windows\System32\Wbem;C:\Windows\System32\WindowsPowerShell\v1.0\;C:\Windows\System32\OpenSSH\;C:\Program Files (x86)\NVIDIA Corporation\PhysX\Common;C:\Program Files\NVIDIA Corporation\NVIDIA NvDLISR;C:\Program Files\Intel\WiFi\bin\;C:\Program Files\Common Files\Intel\WirelessCommon\;C:\WINDOWS\system32;C:\WINDOWS;C:\WINDOWS\System32\Wbem;C:\WINDOWS\System32\WindowsPowerShell\v1.0\;C:\WINDOWS\System32\OpenSSH\;D:\MSIB;C:\Program Files\Git\cmd;C:\Program Files\Git\bin;C:\Program Files\Maven\apache-maven-3.8.6\bin;C:\Program Files\nodejs\;C:\Users\ASUS\AppData\Local\Programs\Python\Python39\Scripts\;C:\Users\ASUS\AppData\Local\Programs\Python\Python39\;C:\Users\ASUS\AppData\Local\Microsoft\WindowsApps;C:\Users\ASUS\AppData\Local\Programs\Microsoft VS Code\bin;C:\Users\ASUS\AppData\Local\GitHubDesktop\bin;C:\Program Files\JetBrains\IntelliJ IDEA 2022.2.1\bin;;C:\Program Files\JetBrains\IntelliJ IDEA Community Edition 2022.2.1\bin;;C:\Users\ASUS\AppData\Roaming\npm;."/>
    <property name="java.vendor" value="Oracle Corporation"/>
    <property name="java.vm.info" value="mixed mode"/>
    <property name="java.vm.version" value="11.0.16+11-LTS-199"/>
    <property name="sun.io.unicode.encoding" value="UnicodeLittle"/>
    <property name="java.class.version" value="55.0"/>
  </properties>
  <testcase name="Check a product" classname="Check added products" time="23.497">
    <system-out><![CDATA[12:44:07.861 [main] INFO io.cucumber.core.plugin.SerenityReporter - Running feature from file:///C:/Users/ASUS/Web/src/test/resources/features/cart.feature
12:44:07.993 [main] INFO  - 

-------------------------------------------------------------------------------------
     _______. _______ .______       _______ .__   __.  __  .___________.____    ____ 
    /       ||   ____||   _  \     |   ____||  \ |  | |  | |           |\   \  /   / 
   |   (----`|  |__   |  |_)  |    |  |__   |   \|  | |  | `---|  |----` \   \/   /  
    \   \    |   __|  |      /     |   __|  |  . `  | |  |     |  |       \_    _/   
.----)   |   |  |____ |  |\  \----.|  |____ |  |\   | |  |     |  |         |  |     
|_______/    |_______|| _| `._____||_______||__| \__| |__|     |__|         |__|    
                                                                                     
 News and tutorials at http://www.serenity-bdd.info                                  
 Documentation at https://wakaleo.gitbooks.io/the-serenity-book/content/             
 Join the Serenity Community on Gitter: https://gitter.im/serenity-bdd/serenity-core 
 Serenity BDD Support and Training at http://serenity-bdd.info/#/trainingandsupport  
-------------------------------------------------------------------------------------

12:44:07.996 [main] DEBUG net.thucydides.core.steps.StepEventBus - Test suite started for story net.thucydides.core.model.Story@a1ee99f2
12:44:07.998 [main] INFO  - Test Suite Started: Check added products
12:44:08.016 [main] INFO io.cucumber.core.plugin.SerenityReporter - Running feature from file:///C:/Users/ASUS/Web/src/test/resources/features/login.feature
12:44:08.022 [main] DEBUG net.thucydides.core.steps.StepEventBus - Test suite started for story net.thucydides.core.model.Story@f388ff28
12:44:08.023 [main] INFO  - Test Suite Started: Login
12:44:08.024 [main] INFO io.cucumber.core.plugin.SerenityReporter - Running feature from file:///C:/Users/ASUS/Web/src/test/resources/features/logout.feature
12:44:08.026 [main] DEBUG net.thucydides.core.steps.StepEventBus - Test suite started for story net.thucydides.core.model.Story@b51a1248
12:44:08.027 [main] INFO  - Test Suite Started: Logout
12:44:08.027 [main] INFO io.cucumber.core.plugin.SerenityReporter - Running feature from file:///C:/Users/ASUS/Web/src/test/resources/features/register.feature
12:44:08.032 [main] DEBUG net.thucydides.core.steps.StepEventBus - Test suite started for story net.thucydides.core.model.Story@63230c68
12:44:08.032 [main] INFO  - Test Suite Started: Register
12:44:08.032 [main] INFO io.cucumber.core.plugin.SerenityReporter - Running feature from file:///C:/Users/ASUS/Web/src/test/resources/features/search.feature
12:44:08.035 [main] DEBUG net.thucydides.core.steps.StepEventBus - Test suite started for story net.thucydides.core.model.Story@62191808
12:44:08.035 [main] INFO  - Test Suite Started: Search
12:44:08.036 [main] INFO io.cucumber.core.plugin.SerenityReporter - Running feature from file:///C:/Users/ASUS/Web/src/test/resources/features/cart.feature
12:44:08.038 [main] DEBUG net.thucydides.core.steps.StepEventBus - Test suite started for story net.thucydides.core.model.Story@a1ee99f2
12:44:08.038 [main] INFO  - Test Suite Started: Check added products

@Cart
Scenario: Check a product        &amp#27;[90m# src/test/resources/features/cart.feature:7&amp#27;[0m
12:44:08.115 [main] INFO io.cucumber.core.plugin.SerenityReporter - Running feature from file:///C:/Users/ASUS/Web/src/test/resources/features/cart.feature
12:44:08.223 [main] INFO  - 
  _____   ___   ___   _____     ___   _____     _     ___   _____   ___   ___  
 |_   _| | __| / __| |_   _|   / __| |_   _|   /_\   | _ \ |_   _| | __| |   \ 
   | |   | _|  \__ \   | |     \__ \   | |    / _ \  |   /   | |   | _|  | |) |
   |_|   |___| |___/   |_|     |___/   |_|   /_/ \_\ |_|_\   |_|   |___| |___/ 

Check a product(check-added-products;check-a-product)
--------------------------------------------------------------------------------
12:44:08.950 [main] INFO net.serenitybdd.core.webdriver.driverproviders.ChromeDriverProvider - Using automatically driver download
12:44:10.057 [main] DEBUG io.github.bonigarcia.wdm.cache.ResolutionCache - Removing resolution chrome=107 from cache (expired on Tue Nov 08 13:48:49 ICT 2022)
12:44:10.092 [main] DEBUG org.apache.hc.client5.http.impl.classic.InternalHttpClient - ex-00000001: preparing request execution
12:44:10.101 [main] DEBUG org.apache.hc.client5.http.protocol.RequestAddCookies - Cookie spec selected: strict
12:44:10.106 [main] DEBUG org.apache.hc.client5.http.protocol.RequestAuthCache - Auth cache not set in the context
12:44:10.106 [main] DEBUG org.apache.hc.client5.http.impl.classic.ProtocolExec - ex-00000001: target auth state: UNCHALLENGED
12:44:10.107 [main] DEBUG org.apache.hc.client5.http.impl.classic.ProtocolExec - ex-00000001: proxy auth state: UNCHALLENGED
12:44:10.107 [main] DEBUG org.apache.hc.client5.http.impl.classic.ConnectExec - ex-00000001: acquiring connection with route {s}->https://raw.githubusercontent.com:443
12:44:10.107 [main] DEBUG org.apache.hc.client5.http.impl.classic.InternalHttpClient - ex-00000001: acquiring endpoint (3 MINUTES)
12:44:10.108 [main] DEBUG org.apache.hc.client5.http.impl.io.PoolingHttpClientConnectionManager - ex-00000001: endpoint lease request (3 MINUTES) [route: {s}->https://raw.githubusercontent.com:443][total available: 0; route allocated: 0 of 5; total allocated: 0 of 25]
12:44:10.112 [main] DEBUG org.apache.hc.client5.http.impl.io.PoolingHttpClientConnectionManager - ex-00000001: endpoint leased [route: {s}->https://raw.githubusercontent.com:443][total available: 0; route allocated: 1 of 5; total allocated: 1 of 25]
12:44:10.137 [main] DEBUG org.apache.hc.client5.http.impl.io.PoolingHttpClientConnectionManager - ex-00000001: acquired ep-00000000
12:44:10.138 [main] DEBUG org.apache.hc.client5.http.impl.classic.InternalHttpClient - ex-00000001: acquired endpoint ep-00000000
12:44:10.138 [main] DEBUG org.apache.hc.client5.http.impl.classic.ConnectExec - ex-00000001: opening connection {s}->https://raw.githubusercontent.com:443
12:44:10.139 [main] DEBUG org.apache.hc.client5.http.impl.classic.InternalHttpClient - ep-00000000: connecting endpoint (30 SECONDS)
12:44:10.139 [main] DEBUG org.apache.hc.client5.http.impl.io.PoolingHttpClientConnectionManager - ep-00000000: connecting endpoint to https://raw.githubusercontent.com:443 (30 SECONDS)
12:44:10.286 [main] DEBUG org.apache.hc.client5.http.impl.io.DefaultHttpClientConnectionOperator - http-outgoing-0: connecting to raw.githubusercontent.com/185.199.108.133:443
12:44:10.286 [main] DEBUG org.apache.hc.client5.http.ssl.SSLConnectionSocketFactory - Connecting socket to raw.githubusercontent.com/185.199.108.133:443 with timeout 30 SECONDS
12:44:10.414 [main] DEBUG org.apache.hc.client5.http.ssl.SSLConnectionSocketFactory - Enabled protocols: [TLSv1.3, TLSv1.2]
12:44:10.414 [main] DEBUG org.apache.hc.client5.http.ssl.SSLConnectionSocketFactory - Enabled cipher suites: [TLS_AES_256_GCM_SHA384, TLS_AES_128_GCM_SHA256, TLS_CHACHA20_POLY1305_SHA256, TLS_ECDHE_ECDSA_WITH_AES_256_GCM_SHA384, TLS_ECDHE_ECDSA_WITH_AES_128_GCM_SHA256, TLS_ECDHE_ECDSA_WITH_CHACHA20_POLY1305_SHA256, TLS_ECDHE_RSA_WITH_AES_256_GCM_SHA384, TLS_ECDHE_RSA_WITH_CHACHA20_POLY1305_SHA256, TLS_ECDHE_RSA_WITH_AES_128_GCM_SHA256, TLS_DHE_RSA_WITH_AES_256_GCM_SHA384, TLS_DHE_RSA_WITH_CHACHA20_POLY1305_SHA256, TLS_DHE_DSS_WITH_AES_256_GCM_SHA384, TLS_DHE_RSA_WITH_AES_128_GCM_SHA256, TLS_DHE_DSS_WITH_AES_128_GCM_SHA256, TLS_ECDHE_ECDSA_WITH_AES_256_CBC_SHA384, TLS_ECDHE_RSA_WITH_AES_256_CBC_SHA384, TLS_ECDHE_ECDSA_WITH_AES_128_CBC_SHA256, TLS_ECDHE_RSA_WITH_AES_128_CBC_SHA256, TLS_DHE_RSA_WITH_AES_256_CBC_SHA256, TLS_DHE_DSS_WITH_AES_256_CBC_SHA256, TLS_DHE_RSA_WITH_AES_128_CBC_SHA256, TLS_DHE_DSS_WITH_AES_128_CBC_SHA256, TLS_ECDH_ECDSA_WITH_AES_256_GCM_SHA384, TLS_ECDH_RSA_WITH_AES_256_GCM_SHA384, TLS_ECDH_ECDSA_WITH_AES_128_GCM_SHA256, TLS_ECDH_RSA_WITH_AES_128_GCM_SHA256, TLS_ECDH_ECDSA_WITH_AES_256_CBC_SHA384, TLS_ECDH_RSA_WITH_AES_256_CBC_SHA384, TLS_ECDH_ECDSA_WITH_AES_128_CBC_SHA256, TLS_ECDH_RSA_WITH_AES_128_CBC_SHA256, TLS_ECDHE_ECDSA_WITH_AES_256_CBC_SHA, TLS_ECDHE_RSA_WITH_AES_256_CBC_SHA, TLS_ECDHE_ECDSA_WITH_AES_128_CBC_SHA, TLS_ECDHE_RSA_WITH_AES_128_CBC_SHA, TLS_DHE_RSA_WITH_AES_256_CBC_SHA, TLS_DHE_DSS_WITH_AES_256_CBC_SHA, TLS_DHE_RSA_WITH_AES_128_CBC_SHA, TLS_DHE_DSS_WITH_AES_128_CBC_SHA, TLS_ECDH_ECDSA_WITH_AES_256_CBC_SHA, TLS_ECDH_RSA_WITH_AES_256_CBC_SHA, TLS_ECDH_ECDSA_WITH_AES_128_CBC_SHA, TLS_ECDH_RSA_WITH_AES_128_CBC_SHA, TLS_RSA_WITH_AES_256_GCM_SHA384, TLS_RSA_WITH_AES_128_GCM_SHA256, TLS_RSA_WITH_AES_256_CBC_SHA256, TLS_RSA_WITH_AES_128_CBC_SHA256, TLS_RSA_WITH_AES_256_CBC_SHA, TLS_RSA_WITH_AES_128_CBC_SHA, TLS_EMPTY_RENEGOTIATION_INFO_SCSV]
12:44:10.414 [main] DEBUG org.apache.hc.client5.http.ssl.SSLConnectionSocketFactory - Starting handshake
12:44:10.625 [main] DEBUG org.apache.hc.client5.http.ssl.SSLConnectionSocketFactory - Secure session established
12:44:10.626 [main] DEBUG org.apache.hc.client5.http.ssl.SSLConnectionSocketFactory -  negotiated protocol: TLSv1.3
12:44:10.626 [main] DEBUG org.apache.hc.client5.http.ssl.SSLConnectionSocketFactory -  negotiated cipher suite: TLS_AES_256_GCM_SHA384
12:44:10.626 [main] DEBUG org.apache.hc.client5.http.ssl.SSLConnectionSocketFactory -  peer principal: CN=*.github.io, O="GitHub, Inc.", L=San Francisco, ST=California, C=US
12:44:10.627 [main] DEBUG org.apache.hc.client5.http.ssl.SSLConnectionSocketFactory -  peer alternative names: [*.github.io, github.com, *.github.com, www.github.com, github.io, githubusercontent.com, *.githubusercontent.com]
12:44:10.627 [main] DEBUG org.apache.hc.client5.http.ssl.SSLConnectionSocketFactory -  issuer principal: CN=DigiCert TLS RSA SHA256 2020 CA1, O=DigiCert Inc, C=US
12:44:10.628 [main] DEBUG org.apache.hc.client5.http.impl.io.DefaultHttpClientConnectionOperator - http-outgoing-0: connection established 192.168.177.225:51698<->185.199.108.133:443
12:44:10.629 [main] DEBUG org.apache.hc.client5.http.impl.io.PoolingHttpClientConnectionManager - ep-00000000: connected http-outgoing-0
12:44:10.629 [main] DEBUG org.apache.hc.client5.http.impl.classic.InternalHttpClient - ep-00000000: endpoint connected
12:44:10.629 [main] DEBUG org.apache.hc.client5.http.impl.classic.MainClientExec - ex-00000001: executing GET /bonigarcia/webdrivermanager/master/src/main/resources/commands.properties HTTP/1.1
12:44:10.630 [main] DEBUG org.apache.hc.client5.http.impl.classic.InternalHttpClient - ep-00000000: start execution ex-00000001
12:44:10.630 [main] DEBUG org.apache.hc.client5.http.impl.io.PoolingHttpClientConnectionManager - ep-00000000: executing exchange ex-00000001 over http-outgoing-0
12:44:10.630 [main] DEBUG org.apache.hc.client5.http.headers - http-outgoing-0 >> GET /bonigarcia/webdrivermanager/master/src/main/resources/commands.properties HTTP/1.1
12:44:10.631 [main] DEBUG org.apache.hc.client5.http.headers - http-outgoing-0 >> user-agent: Apache-HttpClient/5.0
12:44:10.631 [main] DEBUG org.apache.hc.client5.http.headers - http-outgoing-0 >> accept-encoding: gzip, deflate, br
12:44:10.631 [main] DEBUG org.apache.hc.client5.http.headers - http-outgoing-0 >> cache-control: max-age=0
12:44:10.631 [main] DEBUG org.apache.hc.client5.http.headers - http-outgoing-0 >> connection: keep-alive
12:44:10.631 [main] DEBUG org.apache.hc.client5.http.headers - http-outgoing-0 >> Host: raw.githubusercontent.com
12:44:10.631 [main] DEBUG org.apache.hc.client5.http.wire - http-outgoing-0 >> "GET /bonigarcia/webdrivermanager/master/src/main/resources/commands.properties HTTP/1.1[\r][\n]"
12:44:10.631 [main] DEBUG org.apache.hc.client5.http.wire - http-outgoing-0 >> "user-agent: Apache-HttpClient/5.0[\r][\n]"
12:44:10.631 [main] DEBUG org.apache.hc.client5.http.wire - http-outgoing-0 >> "accept-encoding: gzip, deflate, br[\r][\n]"
12:44:10.631 [main] DEBUG org.apache.hc.client5.http.wire - http-outgoing-0 >> "cache-control: max-age=0[\r][\n]"
12:44:10.631 [main] DEBUG org.apache.hc.client5.http.wire - http-outgoing-0 >> "connection: keep-alive[\r][\n]"
12:44:10.631 [main] DEBUG org.apache.hc.client5.http.wire - http-outgoing-0 >> "Host: raw.githubusercontent.com[\r][\n]"
12:44:10.631 [main] DEBUG org.apache.hc.client5.http.wire - http-outgoing-0 >> "[\r][\n]"
12:44:10.742 [main] DEBUG org.apache.hc.client5.http.wire - http-outgoing-0 << "HTTP/1.1 200 OK[\r][\n]"
12:44:10.742 [main] DEBUG org.apache.hc.client5.http.wire - http-outgoing-0 << "Connection: keep-alive[\r][\n]"
12:44:10.742 [main] DEBUG org.apache.hc.client5.http.wire - http-outgoing-0 << "Content-Length: 723[\r][\n]"
12:44:10.742 [main] DEBUG org.apache.hc.client5.http.wire - http-outgoing-0 << "Cache-Control: max-age=300[\r][\n]"
12:44:10.742 [main] DEBUG org.apache.hc.client5.http.wire - http-outgoing-0 << "Content-Security-Policy: default-src 'none'; style-src 'unsafe-inline'; sandbox[\r][\n]"
12:44:10.742 [main] DEBUG org.apache.hc.client5.http.wire - http-outgoing-0 << "Content-Type: text/plain; charset=utf-8[\r][\n]"
12:44:10.742 [main] DEBUG org.apache.hc.client5.http.wire - http-outgoing-0 << "ETag: W/"e82b438271e9e8680c688b0b680efd0bdd22faa6d6f0a32fc1fd8accc486b67e"[\r][\n]"
12:44:10.742 [main] DEBUG org.apache.hc.client5.http.wire - http-outgoing-0 << "Strict-Transport-Security: max-age=31536000[\r][\n]"
12:44:10.742 [main] DEBUG org.apache.hc.client5.http.wire - http-outgoing-0 << "X-Content-Type-Options: nosniff[\r][\n]"
12:44:10.742 [main] DEBUG org.apache.hc.client5.http.wire - http-outgoing-0 << "X-Frame-Options: deny[\r][\n]"
12:44:10.742 [main] DEBUG org.apache.hc.client5.http.wire - http-outgoing-0 << "X-XSS-Protection: 1; mode=block[\r][\n]"
12:44:10.742 [main] DEBUG org.apache.hc.client5.http.wire - http-outgoing-0 << "X-GitHub-Request-Id: 5CBE:6A84:347346:454C2A:6365B55D[\r][\n]"
12:44:10.742 [main] DEBUG org.apache.hc.client5.http.wire - http-outgoing-0 << "Content-Encoding: gzip[\r][\n]"
12:44:10.742 [main] DEBUG org.apache.hc.client5.http.wire - http-outgoing-0 << "Accept-Ranges: bytes[\r][\n]"
12:44:10.742 [main] DEBUG org.apache.hc.client5.http.wire - http-outgoing-0 << "Date: Wed, 09 Nov 2022 05:44:09 GMT[\r][\n]"
12:44:10.743 [main] DEBUG org.apache.hc.client5.http.wire - http-outgoing-0 << "Via: 1.1 varnish[\r][\n]"
12:44:10.743 [main] DEBUG org.apache.hc.client5.http.wire - http-outgoing-0 << "X-Served-By: cache-qpg1234-QPG[\r][\n]"
12:44:10.743 [main] DEBUG org.apache.hc.client5.http.wire - http-outgoing-0 << "X-Cache: HIT[\r][\n]"
12:44:10.743 [main] DEBUG org.apache.hc.client5.http.wire - http-outgoing-0 << "X-Cache-Hits: 1[\r][\n]"
12:44:10.743 [main] DEBUG org.apache.hc.client5.http.wire - http-outgoing-0 << "X-Timer: S1667972650.755997,VS0,VE3[\r][\n]"
12:44:10.743 [main] DEBUG org.apache.hc.client5.http.wire - http-outgoing-0 << "Vary: Authorization,Accept-Encoding,Origin[\r][\n]"
12:44:10.743 [main] DEBUG org.apache.hc.client5.http.wire - http-outgoing-0 << "Access-Control-Allow-Origin: *[\r][\n]"
12:44:10.743 [main] DEBUG org.apache.hc.client5.http.wire - http-outgoing-0 << "X-Fastly-Request-ID: 2f0c9095ab6381de69f83472053df6ebe4e79f7c[\r][\n]"
12:44:10.743 [main] DEBUG org.apache.hc.client5.http.wire - http-outgoing-0 << "Expires: Wed, 09 Nov 2022 05:49:09 GMT[\r][\n]"
12:44:10.743 [main] DEBUG org.apache.hc.client5.http.wire - http-outgoing-0 << "Source-Age: 289[\r][\n]"
12:44:10.743 [main] DEBUG org.apache.hc.client5.http.wire - http-outgoing-0 << "[\r][\n]"
12:44:10.745 [main] DEBUG org.apache.hc.client5.http.headers - http-outgoing-0 << HTTP/1.1 200 OK
12:44:10.745 [main] DEBUG org.apache.hc.client5.http.headers - http-outgoing-0 << Connection: keep-alive
12:44:10.745 [main] DEBUG org.apache.hc.client5.http.headers - http-outgoing-0 << Content-Length: 723
12:44:10.745 [main] DEBUG org.apache.hc.client5.http.headers - http-outgoing-0 << Cache-Control: max-age=300
12:44:10.745 [main] DEBUG org.apache.hc.client5.http.headers - http-outgoing-0 << Content-Security-Policy: default-src 'none'; style-src 'unsafe-inline'; sandbox
12:44:10.745 [main] DEBUG org.apache.hc.client5.http.headers - http-outgoing-0 << Content-Type: text/plain; charset=utf-8
12:44:10.745 [main] DEBUG org.apache.hc.client5.http.headers - http-outgoing-0 << ETag: W/"e82b438271e9e8680c688b0b680efd0bdd22faa6d6f0a32fc1fd8accc486b67e"
12:44:10.745 [main] DEBUG org.apache.hc.client5.http.headers - http-outgoing-0 << Strict-Transport-Security: max-age=31536000
12:44:10.745 [main] DEBUG org.apache.hc.client5.http.headers - http-outgoing-0 << X-Content-Type-Options: nosniff
12:44:10.745 [main] DEBUG org.apache.hc.client5.http.headers - http-outgoing-0 << X-Frame-Options: deny
12:44:10.745 [main] DEBUG org.apache.hc.client5.http.headers - http-outgoing-0 << X-XSS-Protection: 1; mode=block
12:44:10.745 [main] DEBUG org.apache.hc.client5.http.headers - http-outgoing-0 << X-GitHub-Request-Id: 5CBE:6A84:347346:454C2A:6365B55D
12:44:10.745 [main] DEBUG org.apache.hc.client5.http.headers - http-outgoing-0 << Content-Encoding: gzip
12:44:10.745 [main] DEBUG org.apache.hc.client5.http.headers - http-outgoing-0 << Accept-Ranges: bytes
12:44:10.745 [main] DEBUG org.apache.hc.client5.http.headers - http-outgoing-0 << Date: Wed, 09 Nov 2022 05:44:09 GMT
12:44:10.745 [main] DEBUG org.apache.hc.client5.http.headers - http-outgoing-0 << Via: 1.1 varnish
12:44:10.745 [main] DEBUG org.apache.hc.client5.http.headers - http-outgoing-0 << X-Served-By: cache-qpg1234-QPG
12:44:10.745 [main] DEBUG org.apache.hc.client5.http.headers - http-outgoing-0 << X-Cache: HIT
12:44:10.745 [main] DEBUG org.apache.hc.client5.http.headers - http-outgoing-0 << X-Cache-Hits: 1
12:44:10.745 [main] DEBUG org.apache.hc.client5.http.headers - http-outgoing-0 << X-Timer: S1667972650.755997,VS0,VE3
12:44:10.745 [main] DEBUG org.apache.hc.client5.http.headers - http-outgoing-0 << Vary: Authorization,Accept-Encoding,Origin
12:44:10.745 [main] DEBUG org.apache.hc.client5.http.headers - http-outgoing-0 << Access-Control-Allow-Origin: *
12:44:10.745 [main] DEBUG org.apache.hc.client5.http.headers - http-outgoing-0 << X-Fastly-Request-ID: 2f0c9095ab6381de69f83472053df6ebe4e79f7c
12:44:10.745 [main] DEBUG org.apache.hc.client5.http.headers - http-outgoing-0 << Expires: Wed, 09 Nov 2022 05:49:09 GMT
12:44:10.745 [main] DEBUG org.apache.hc.client5.http.headers - http-outgoing-0 << Source-Age: 289
12:44:10.748 [main] DEBUG org.apache.hc.client5.http.impl.classic.MainClientExec - ex-00000001: connection can be kept alive for 3 MINUTES
12:44:10.752 [main] DEBUG org.apache.hc.client5.http.wire - http-outgoing-0 << "[0x1f][0xffffff8b][0x8][0x0][0x0][0x0][0x0][0x0][0x0][0x3][0xffffffb5]V]o[0xffffffda]0[0x14]}[0xffffffe7]W\[0xffffff81]*[0xffffffb5][0x12][0x1f][[M[0xffffffd3]$[0x1e]hF[0xffffffbb]i [0x18][0xffffffb4][0xffffffdd]&[0xfffffff9][0xffffffc5]$7[0xffffffc1]R[0x12]#;[0xffffff94]v[0xffffffbf]~[0xffffffb6][0xfffffff3]1[0xffffff92][0xffffff9a][0xffffffc1][0x1a]x[0xffffffcb][0xffffffb5][0xffffffaf][0xffffffcf]9[0xffffffbe][0xfffffff7]8v[0xb][0x1c][0x1e]E4[0xfffffff6]$x4[0xffffffa1][0xb]*[0xffffffb1][0xffffffd1][0xffffff82][0xfffffffb]%[0xffffff93][0xffffffe0][0xffffffb3][0x10][0xffffffc1][0xffffffe5]qBY,!Y[0xffffffea] KM8,[0x10][0xfffffff0][0x19][0xffffffdd]u[0xffffff82][0x1e][0xffffffb0][0xffffffd8]L[0xffffffcb]%[0xffffff86][0xffffffa1][0xe][0xffffffb8][0xfffffff0]P[0xffffffe8]$[0xf][0x13]t[0x13]3[0xfffffff9][0xffffff84]B2[0xffffffae][0xffffffe6]|@[0xfffffff5][0x1d][0x8][0xffffffc4][0x18][0x16][0xffffff82]o[0xffffffa4][0xffffff9a]P[0xffffff94][0xffffffe7][0xffffffce]R[0xfffffff0][0x8][0xffffffdb]p[0xffffffcb][0x4][0xfffffffa][0xfffffffc][0xffffffb9][\r][0xffffff93][0x15][\n]"
12:44:10.752 [main] DEBUG org.apache.hc.client5.http.wire - http-outgoing-0 << "[0xffffffda][0xffffff86][0xffffffa1][0x17][0xffffffa8]Q3[0xffffffcb][0xffffffd6][0xffffffd1][0xffffff85][0xffffffc6][0xfffffff7][0xffffff98][0xffffffef][0xffffffa3][0xffffffc0]8[0x1][0xffffffae]s[0x12][0x16][0x7] _d[0xffffff82][0xffffff91][0xffffff84][0xfffffff3][0x1f],[0xfffffff6][0x14]j[0x1b]F,^+[0xffffff98]1ua2[0xffffffbf]h([0xffffff8e][0xffffff94][0xffffffa2][0xffffff91]m[0xffffffa3][0xffffffeb][0xffffff9a][0xffffffb0][0xffffffbb]I[0x17]t[0xffffffdf][0xffffffbd][0xffffffef][0xffffffbb][0xffffff91][0xffffffd7]U[0xffffffbb][0xffffff82][0xffffff9e][0x3][0xffffff9b][0xffffff88][0xffffffb9][0xffffffa6]$[0xffffffa6][0xc][0xffffff9b][0xffffffa5][0xffffffe2][0xffffff83][0xffffff98]F[0xffffffd8]o[0xffffff9e]Mg[0xffffff93][0xffffffbb][0xffffffd9]`|[0xfffffffb]u4[0xffffff9c][0x7f]"}B[0xffffffce][0x8][0xffffffb9][0xffffffe3]<[0x8][0xffffff91][0xffffff90][0xffffff94][0xffffff82][0xffffff90][0xffffffc1]j[0x15]2WI[0xffffffe3]1![0x19][0xffffff91]BnB[0xffffff80][0x9]<f[0xffffffb5][0xffffffe8]=[0xffffffd1]p[0xffffffbd][[0xffffffcf][0xffffffe5][0x1b][0xfffffff4][0xffffff9c][0xffffffff][0xfffffffc][0xfffffff8][0xffffffe1][0xffffffe2][0xffffff94][0xffffffa2][0xffffffae][0xe][0x14]5[0xffffff9a]8[0xffffff83][0xffffffd1]`:[0xfffffffd]<[0xffffffb8][0x1f][0xffffff9c]R[0xffffffcf]u[0x7f]6[0xffffffbc][0xffffff83][0xffffffef][0xf][0xffffffc3][0xffffffd9]/[0xfffffff8][0xfffffff2][0xffffffcd]y s[0xffffffee]'[0x1b]*0g[0xffffffcb][0xffffffc8]nF7H][0xffffff83][0xffffff97]{[0xffffffb1]Q[0x5][\r][0xffffffb5]c[0xffffffb4][0xf][0x2][0xffffffb3][0xffffffb4][0xffffff93][0xe]C[0xffffffa7][0xffffffb3]kAD][0xffffff9d][0xffffffde][0xffffffdb][0xffffffda][0xffffff88][0xffffffec][0xffffffa5][0xffffffbc][0xffffff99][0xffffffd9][0xffffffba]t[0xffffffb5][0xffffffea]9[0xffffffea][0x10])[0xffffffb7][0xffffffca][0xffffff9e][0xfffffff2][0xffffffe2]d^N[0xffffffd8]FW[0x16][0xffffffcd][0xffffffdc]_[0x10][0xfffffff9]i|[0x1c][0xffffff93][0xffffff8e][0xfffffff9]o[0x16][0xffffff86]4'!$G[0xffffffdf]W[0xfffffff4]W*j[[0xfffffff3]xR[0xffffffae][0xffffffb6][0xc][0xffffffd0],; #[0xffffffa9][0xffffff92]5[0xffffffb5][0x7][0xffffff9c][0xffffffb5][0xffffffd0][0x7f][0xffffff90][0xffffffc7]jgs[0xfffffffc][0xffffffc2][0xb][0xffffffd9][0x0]t[0xffffff9e]^'Y[0xfffffffb][0xffffff9f][0xffffffb1][0xffffffd8]:[0xffffffbf][0xffffff8d][0xffffffa5][0xffffff9a][0xffffffad][0x7f]m[0x5]&[0xffffffaa][0xffffffa0]^[0xffffff9b][0xffffffcb][0x5]f[0xffffffae][0xffffffe0]RU[0xffffff82][0x10]MS9l[0xffffff91]4t[0xfffffffb][0xffffff8a]][0xffffffd6][0xfffffff4][0xffffff96][0xffffffa6][0xffffff9f]P[0xffffffce][0xffffffd5][0xffffffce][0xffffff93][0xffffffff][0xffffff97][0xffffffcc]p[0xfffffffd][0xfffffff3][0xffffffe8][0x1b][0xffffffcc][0xffffffa2][0xffffffd9]Q[0xffffffbe][0xffffffb2][0xffffffa3][0xffffffc7]m'[0xffffffdf][0xffffffe4][[0xfffffffb]^[0xffffffb0][0xffffff9a][0xffffffbe][0xffffffda][0xffffffda]_[0xffffffce][0xffffff80][0xffffffd2][0xffffffc1]7[0xffffffb7]][0xffffffc1]b[0xffffffee][0xffffffb5][0xffffffff]w[0xffffff83][0xffffffed][0xffffffa7];[0x15]<[0x10]4[0xffffff92][0xffffff84][0x18][\n]"
12:44:10.752 [main] DEBUG org.apache.hc.client5.http.wire - http-outgoing-0 << "BB[0xffffffba][0xffffff8e]][0xffffffb5]jo[0xffffffb9]+"[0xffffffea][0xffffffb4][0xffffffff]h"[0xffffffea]\?5[0xffffffa9][0xffffffaf]k[0xffffffec][0xffffffff]P[0xffffffea][\n]"
12:44:10.752 [main] DEBUG org.apache.hc.client5.http.wire - http-outgoing-0 << "w[0xffffffe1]K[0x13][0xffffffda][0xffffffec][0xffffff98][0xffffffe6]Y[0xfffffffd]h8m6[0xffffff9c]T[0xffffffc1][0xfffffff2][0xffffffa7][0xffffff91]z_[0xffffff95]o85p[0x1c][0x13][0xffffffe6][0xfffffff0]5[0xffffffee][0xfffffffc][0xffffff92][0xffffff96][0xffffffda][0xfffffff7][0xffffffcf][0xffffffb1][0x5][0x1d][0xffffffea]K[0xffffff9b]9[0xffffff8e][0xffffffad]e[0xfffffff7][0xffffff93][0xffffffa8]`[0xffffffda][0xffffffff][0x1a][0xffffffd2][0xffffff88][0xffffff85][0xfffffffd][0xfffffff2][0xffffff91]N[0xfffffff6]`[0xffffffdf]2[0xffffffcf][0xffffffae]E[0xffffff97][0xffffffc5][0xffffffa2][0xffffff9d][0xffffffef]'[0xffffff9d]mun.[0xffffffd3]f^[0xffffffc7][0xffffff82][0xffffffda][0xffffff82]9[0xfffffff5][0xffffffa9]`[0x5][0xffffffbc]4[0xffffffa1][0x1d]<M[0xffffffb5]A[0xffffffa7]3[[0xffffffc0][0x7f][0x0][0xffffffc1][0xffffffd0]$[0xffffff85][0x1d][\r][0x0][0x0]"
12:44:10.753 [main] DEBUG org.apache.hc.client5.http.impl.classic.InternalHttpClient - ep-00000000: releasing valid endpoint
12:44:10.753 [main] DEBUG org.apache.hc.client5.http.impl.io.PoolingHttpClientConnectionManager - ep-00000000: releasing endpoint
12:44:10.753 [main] DEBUG org.apache.hc.client5.http.impl.io.PoolingHttpClientConnectionManager - ep-00000000: connection http-outgoing-0 can be kept alive for 3 MINUTES
12:44:10.753 [main] DEBUG org.apache.hc.client5.http.impl.io.PoolingHttpClientConnectionManager - ep-00000000: connection released [route: {s}->https://raw.githubusercontent.com:443][total available: 1; route allocated: 1 of 5; total allocated: 1 of 25]
12:44:10.753 [main] DEBUG io.github.bonigarcia.wdm.versions.VersionDetector - Detecting chrome version using online commands.properties
12:44:10.755 [main] DEBUG io.github.bonigarcia.wdm.versions.Shell - Running command on the shell: [cmd.exe, /C, wmic, datafile, where, name="%PROGRAMFILES:\=\\%\\Google\\Chrome\\Application\\chrome.exe", get, Version, /value]
12:44:11.431 [main] DEBUG io.github.bonigarcia.wdm.versions.Shell - Result: 
12:44:11.522 [main] DEBUG io.github.bonigarcia.wdm.versions.Shell - Running command on the shell: [cmd.exe, /C, wmic, datafile, where, name="%PROGRAMFILES(X86):\=\\%\\Google\\Chrome\\Application\\chrome.exe", get, Version, /value]
12:44:11.636 [main] DEBUG io.github.bonigarcia.wdm.versions.Shell - Result: Version=107.0.5304.88
12:44:11.641 [main] DEBUG io.github.bonigarcia.wdm.cache.ResolutionCache - Resolution chrome107=107.0.5304.62 in cache (valid until 12:48:49 09/11/2022 ICT)
12:44:11.643 [main] INFO io.github.bonigarcia.wdm.WebDriverManager - Using chromedriver 107.0.5304.62 (resolved driver for Chrome 107)
12:44:11.647 [main] DEBUG io.github.bonigarcia.wdm.cache.ResolutionCache - Storing resolution chrome=107 in cache (valid until 13:44:11 09/11/2022 ICT)
12:44:11.661 [main] DEBUG io.github.bonigarcia.wdm.WebDriverManager - Driver chromedriver 107.0.5304.62 found in cache
12:44:11.662 [main] INFO io.github.bonigarcia.wdm.WebDriverManager - Exporting webdriver.chrome.driver as C:\Users\ASUS\.cache\selenium\chromedriver\win32\107.0.5304.62\chromedriver.exe
12:44:12.692 [main] DEBUG net.thucydides.core.reflection.ClassFinder - Could not load class .CucumberTestSuite
12:44:12.692 [main] DEBUG net.thucydides.core.reflection.ClassFinder - Could not load class .starter.project.Cart
12:44:12.692 [main] DEBUG net.thucydides.core.reflection.ClassFinder - Could not load class .starter.project.Login
12:44:12.692 [main] DEBUG net.thucydides.core.reflection.ClassFinder - Could not load class .starter.project.Logout
12:44:12.692 [main] DEBUG net.thucydides.core.reflection.ClassFinder - Could not load class .starter.project.Register
12:44:12.692 [main] DEBUG net.thucydides.core.reflection.ClassFinder - Could not load class .starter.project.Search
12:44:12.692 [main] DEBUG net.thucydides.core.reflection.ClassFinder - Could not load class .starter.stepdefinition.CartStep
12:44:12.692 [main] DEBUG net.thucydides.core.reflection.ClassFinder - Could not load class .starter.stepdefinition.LoginStep
12:44:12.692 [main] DEBUG net.thucydides.core.reflection.ClassFinder - Could not load class .starter.stepdefinition.LogoutStep
12:44:12.692 [main] DEBUG net.thucydides.core.reflection.ClassFinder - Could not load class .starter.stepdefinition.Registerstep
12:44:12.692 [main] DEBUG net.thucydides.core.reflection.ClassFinder - Could not load class .starter.stepdefinition.SearchStep
12:44:12.693 [main] DEBUG net.thucydides.core.reflection.ClassFinder - Could not load class META-INF.versions.9.com.sun.istack.logging.StackHelper
12:44:12.693 [main] DEBUG net.thucydides.core.reflection.ClassFinder - Could not load class META-INF.versions.9.com.sun.xml.bind.v2.runtime.reflect.opt.AccessorInjector
12:44:12.693 [main] DEBUG net.thucydides.core.reflection.ClassFinder - Could not load class META-INF.versions.9.com.sun.xml.bind.v2.runtime.reflect.opt.Injector
12:44:12.693 [main] DEBUG net.thucydides.core.reflection.ClassFinder - Could not load class META-INF.versions.9.com.sun.xml.bind.v2.runtime.reflect.opt.OptimizedAccessorFactory
12:44:12.694 [main] DEBUG net.thucydides.core.reflection.ClassFinder - Could not load class META-INF.versions.9.com.sun.xml.bind.v2.runtime.reflect.opt.OptimizedTransducedAccessorFactory
12:44:12.694 [main] DEBUG net.thucydides.core.reflection.ClassFinder - Could not load class META-INF.versions.9.io.opentelemetry.sdk.internal.CurrentJavaVersionSpecific
12:44:12.694 [main] DEBUG net.thucydides.core.reflection.ClassFinder - Could not load class META-INF.versions.9.io.opentelemetry.sdk.internal.Java9VersionSpecific
12:44:12.695 [main] DEBUG net.thucydides.core.reflection.ClassFinder - Could not load class META-INF.versions.9.javax.xml.bind.ModuleUtil
12:44:12.695 [main] DEBUG net.thucydides.core.reflection.ClassFinder - Could not load class META-INF.versions.9.module-info
12:44:12.695 [main] DEBUG net.thucydides.core.reflection.ClassFinder - Could not load class META-INF.versions.9.org.junit.platform.commons.util.ModuleUtils
12:44:13.041 [main] DEBUG net.thucydides.core.reflection.ClassFinder - Could not load class com.google.gson.internal.
12:44:13.188 [main] DEBUG net.thucydides.core.reflection.ClassFinder - Could not load class com.sun.xml.bind.v2.runtime.output.FastInfosetStreamWriterOutput
12:44:13.521 [main] DEBUG net.thucydides.core.reflection.ClassFinder - Could not load class module-info
12:44:17.297 [main] DEBUG io.netty.util.internal.logging.InternalLoggerFactory - Using SLF4J as the default logging framework
12:44:17.301 [main] DEBUG io.netty.util.ResourceLeakDetector - -Dio.netty.leakDetection.level: simple
12:44:17.301 [main] DEBUG io.netty.util.ResourceLeakDetector - -Dio.netty.leakDetection.targetRecords: 4
12:44:17.305 [main] DEBUG io.netty.util.ResourceLeakDetectorFactory - Loaded default ResourceLeakDetector: io.netty.util.ResourceLeakDetector@149ca998
12:44:17.423 [main] DEBUG io.netty.util.internal.PlatformDependent0 - -Dio.netty.noUnsafe: false
12:44:17.423 [main] DEBUG io.netty.util.internal.PlatformDependent0 - Java version: 11
12:44:17.424 [main] DEBUG io.netty.util.internal.PlatformDependent0 - sun.misc.Unsafe.theUnsafe: available
12:44:17.425 [main] DEBUG io.netty.util.internal.PlatformDependent0 - sun.misc.Unsafe.copyMemory: available
12:44:17.425 [main] DEBUG io.netty.util.internal.PlatformDependent0 - java.nio.Buffer.address: available
12:44:17.426 [main] DEBUG io.netty.util.internal.PlatformDependent0 - direct buffer constructor: unavailable: Reflective setAccessible(true) disabled
12:44:17.426 [main] DEBUG io.netty.util.internal.PlatformDependent0 - java.nio.Bits.unaligned: available, true
12:44:17.427 [main] DEBUG io.netty.util.internal.PlatformDependent0 - jdk.internal.misc.Unsafe.allocateUninitializedArray(int): unavailable: class io.netty.util.internal.PlatformDependent0$6 cannot access class jdk.internal.misc.Unsafe (in module java.base) because module java.base does not export jdk.internal.misc to unnamed module @797501a
12:44:17.429 [main] DEBUG io.netty.util.internal.PlatformDependent0 - java.nio.DirectByteBuffer.<init>(long, int): unavailable
12:44:17.429 [main] DEBUG io.netty.util.internal.PlatformDependent - sun.misc.Unsafe: available
12:44:17.431 [main] DEBUG io.netty.util.internal.PlatformDependent - maxDirectMemory: 2109734912 bytes (maybe)
12:44:17.431 [main] DEBUG io.netty.util.internal.PlatformDependent - -Dio.netty.tmpdir: C:\Users\ASUS\AppData\Local\Temp (java.io.tmpdir)
12:44:17.431 [main] DEBUG io.netty.util.internal.PlatformDependent - -Dio.netty.bitMode: 64 (sun.arch.data.model)
12:44:17.432 [main] DEBUG io.netty.util.internal.PlatformDependent - Platform: Windows
12:44:17.432 [main] DEBUG io.netty.util.internal.PlatformDependent - -Dio.netty.maxDirectMemory: -1 bytes
12:44:17.432 [main] DEBUG io.netty.util.internal.PlatformDependent - -Dio.netty.uninitializedArrayAllocationThreshold: -1
12:44:17.433 [main] DEBUG io.netty.util.internal.CleanerJava9 - java.nio.ByteBuffer.cleaner(): available
12:44:17.433 [main] DEBUG io.netty.util.internal.PlatformDependent - -Dio.netty.noPreferDirect: false
12:44:17.441 [main] DEBUG io.netty.util.internal.PlatformDependent - org.jctools-core.MpscChunkedArrayQueue: available
12:44:17.620 [main] DEBUG io.netty.util.internal.InternalThreadLocalMap - -Dio.netty.threadLocalMap.stringBuilder.initialSize: 1024
12:44:17.620 [main] DEBUG io.netty.util.internal.InternalThreadLocalMap - -Dio.netty.threadLocalMap.stringBuilder.maxSize: 4096
12:44:17.742 [main] DEBUG io.netty.handler.ssl.JdkSslContext - Default protocols (JDK): [TLSv1.3, TLSv1.2] 
12:44:17.742 [main] DEBUG io.netty.handler.ssl.JdkSslContext - Default cipher suites (JDK): [TLS_ECDHE_ECDSA_WITH_AES_256_GCM_SHA384, TLS_ECDHE_ECDSA_WITH_AES_128_GCM_SHA256, TLS_ECDHE_RSA_WITH_AES_128_GCM_SHA256, TLS_ECDHE_RSA_WITH_AES_256_GCM_SHA384, TLS_ECDHE_RSA_WITH_AES_128_CBC_SHA, TLS_ECDHE_RSA_WITH_AES_256_CBC_SHA, TLS_RSA_WITH_AES_128_GCM_SHA256, TLS_RSA_WITH_AES_128_CBC_SHA, TLS_RSA_WITH_AES_256_CBC_SHA, TLS_AES_128_GCM_SHA256, TLS_AES_256_GCM_SHA384]
12:44:18.039 [main] DEBUG io.netty.channel.MultithreadEventLoopGroup - -Dio.netty.eventLoopThreads: 24
12:44:18.051 [main] DEBUG io.netty.channel.nio.NioEventLoop - -Dio.netty.noKeySetOptimization: false
12:44:18.051 [main] DEBUG io.netty.channel.nio.NioEventLoop - -Dio.netty.selectorAutoRebuildThreshold: 512
12:44:18.494 [main] DEBUG io.netty.buffer.PooledByteBufAllocator - -Dio.netty.allocator.numHeapArenas: 20
12:44:18.494 [main] DEBUG io.netty.buffer.PooledByteBufAllocator - -Dio.netty.allocator.numDirectArenas: 20
12:44:18.494 [main] DEBUG io.netty.buffer.PooledByteBufAllocator - -Dio.netty.allocator.pageSize: 8192
12:44:18.494 [main] DEBUG io.netty.buffer.PooledByteBufAllocator - -Dio.netty.allocator.maxOrder: 11
12:44:18.494 [main] DEBUG io.netty.buffer.PooledByteBufAllocator - -Dio.netty.allocator.chunkSize: 16777216
12:44:18.494 [main] DEBUG io.netty.buffer.PooledByteBufAllocator - -Dio.netty.allocator.smallCacheSize: 256
12:44:18.494 [main] DEBUG io.netty.buffer.PooledByteBufAllocator - -Dio.netty.allocator.normalCacheSize: 64
12:44:18.494 [main] DEBUG io.netty.buffer.PooledByteBufAllocator - -Dio.netty.allocator.maxCachedBufferCapacity: 32768
12:44:18.494 [main] DEBUG io.netty.buffer.PooledByteBufAllocator - -Dio.netty.allocator.cacheTrimInterval: 8192
12:44:18.494 [main] DEBUG io.netty.buffer.PooledByteBufAllocator - -Dio.netty.allocator.cacheTrimIntervalMillis: 0
12:44:18.494 [main] DEBUG io.netty.buffer.PooledByteBufAllocator - -Dio.netty.allocator.useCacheForAllThreads: true
12:44:18.495 [main] DEBUG io.netty.buffer.PooledByteBufAllocator - -Dio.netty.allocator.maxCachedByteBuffersPerChunk: 1023
12:44:18.508 [main] DEBUG io.netty.buffer.ByteBufUtil - -Dio.netty.allocator.type: pooled
12:44:18.508 [main] DEBUG io.netty.buffer.ByteBufUtil - -Dio.netty.threadLocalDirectBufferSize: 0
12:44:18.508 [main] DEBUG io.netty.buffer.ByteBufUtil - -Dio.netty.maxThreadLocalCharBufferSize: 16384
12:44:18.792 [main] DEBUG net.serenitybdd.core.webdriver.driverproviders.ProvideNewDriver - Instantiating driver
12:44:18.792 [main] DEBUG net.serenitybdd.core.webdriver.driverproviders.ProvideNewDriver - Driver capabilities: Capabilities {acceptInsecureCerts: false, base.url: https://alta-shop.vercel.app/, browserName: chrome, chrome.driver: src/test/resources/webdrive..., driver: chrome, goog:chromeOptions: {args: [], extensions: []}}
12:44:23.986 [Forwarding newSession on session null to remote] DEBUG io.netty.channel.DefaultChannelId - -Dio.netty.processId: 17984 (auto-detected)
12:44:23.988 [Forwarding newSession on session null to remote] DEBUG io.netty.util.NetUtil - -Djava.net.preferIPv4Stack: false
12:44:23.988 [Forwarding newSession on session null to remote] DEBUG io.netty.util.NetUtil - -Djava.net.preferIPv6Addresses: false
12:44:24.161 [Forwarding newSession on session null to remote] DEBUG io.netty.util.NetUtilInitializations - Loopback interface: lo (Software Loopback Interface 1, 127.0.0.1)
12:44:24.162 [Forwarding newSession on session null to remote] DEBUG io.netty.util.NetUtil - Failed to get SOMAXCONN from sysctl and file \proc\sys\net\core\somaxconn. Default: 200
12:44:24.334 [Forwarding newSession on session null to remote] DEBUG io.netty.channel.DefaultChannelId - -Dio.netty.machineId: a0:51:0b:ff:fe:bd:6a:be (auto-detected)
12:44:24.383 [AsyncHttpClient-1-2] DEBUG io.netty.buffer.AbstractByteBuf - -Dio.netty.buffer.checkAccessible: true
12:44:24.384 [AsyncHttpClient-1-2] DEBUG io.netty.buffer.AbstractByteBuf - -Dio.netty.buffer.checkBounds: true
12:44:24.384 [AsyncHttpClient-1-2] DEBUG io.netty.util.ResourceLeakDetectorFactory - Loaded default ResourceLeakDetector: io.netty.util.ResourceLeakDetector@4ef02983
12:44:24.396 [AsyncHttpClient-1-2] DEBUG org.asynchttpclient.netty.channel.NettyConnectListener - Using new Channel '[id: 0xf228c505, L:/127.0.0.1:51771 - R:localhost/127.0.0.1:50420]' for 'POST' to '/session'
12:44:24.411 [AsyncHttpClient-1-2] DEBUG io.netty.util.Recycler - -Dio.netty.recycler.maxCapacityPerThread: 4096
12:44:24.412 [AsyncHttpClient-1-2] DEBUG io.netty.util.Recycler - -Dio.netty.recycler.ratio: 8
12:44:24.412 [AsyncHttpClient-1-2] DEBUG io.netty.util.Recycler - -Dio.netty.recycler.chunkSize: 32
12:44:24.412 [AsyncHttpClient-1-2] DEBUG io.netty.util.Recycler - -Dio.netty.recycler.blocking: false
12:44:27.623 [AsyncHttpClient-1-2] DEBUG io.netty.handler.codec.compression.Brotli - brotli4j not in the classpath; Brotli support will be unavailable.
12:44:27.624 [AsyncHttpClient-1-2] DEBUG org.asynchttpclient.netty.handler.HttpHandler - 

Request DefaultHttpRequest(decodeResult: success, version: HTTP/1.1)
POST /session HTTP/1.1
User-Agent: selenium/4.1.2 (java windows)
Content-Length: 615
Content-Type: application/json; charset=utf-8
host: localhost:50420
accept: */*

Response DefaultHttpResponse(decodeResult: success, version: HTTP/1.1)
HTTP/1.1 200 OK
Content-Type: application/json; charset=utf-8
cache-control: no-cache
content-length: 787

12:44:27.637 [AsyncHttpClient-1-2] DEBUG org.asynchttpclient.netty.channel.ChannelManager - Adding key: http://localhost:50420 for channel [id: 0xf228c505, L:/127.0.0.1:51771 - R:localhost/127.0.0.1:50420]
12:44:27.645 [AsyncHttpClient-1-1] DEBUG org.asynchttpclient.netty.channel.DefaultChannelPool - Entry count for : http://localhost:50420 : 1
12:44:27.724 [AsyncHttpClient-1-3] DEBUG org.asynchttpclient.netty.channel.NettyConnectListener - Using new Channel '[id: 0xfe65cab0, L:/127.0.0.1:51778 - R:localhost/127.0.0.1:51772]' for 'GET' to '/json/version'
12:44:27.732 [AsyncHttpClient-1-3] DEBUG org.asynchttpclient.netty.handler.HttpHandler - 

Request DefaultFullHttpRequest(decodeResult: success, version: HTTP/1.1, content: EmptyByteBufBE)
GET /json/version HTTP/1.1
User-Agent: selenium/4.1.2 (java windows)
host: localhost:51772
accept: */*

Response DefaultHttpResponse(decodeResult: success, version: HTTP/1.1)
HTTP/1.1 200 OK
Content-Type: application/json; charset=UTF-8
content-length: 423

12:44:27.732 [AsyncHttpClient-1-3] DEBUG org.asynchttpclient.netty.channel.ChannelManager - Adding key: http://localhost:51772 for channel [id: 0xfe65cab0, L:/127.0.0.1:51778 - R:localhost/127.0.0.1:51772]
12:44:27.739 [main] DEBUG io.netty.util.internal.ThreadLocalRandom - -Dio.netty.initialSeedUniquifier: 0x3fc6fb97736918ad
12:44:27.744 [AsyncHttpClient-1-4] DEBUG org.asynchttpclient.netty.channel.NettyConnectListener - Using new Channel '[id: 0xe0475dab, L:/127.0.0.1:51779 - R:localhost/127.0.0.1:51772]' for 'GET' to '/devtools/browser/097f31b0-3acd-4b61-bb7f-6bec00d44ff1'
12:44:27.753 [AsyncHttpClient-1-4] DEBUG org.asynchttpclient.netty.handler.WebSocketHandler - 

Request DefaultFullHttpRequest(decodeResult: success, version: HTTP/1.1, content: EmptyByteBufBE)
GET /devtools/browser/097f31b0-3acd-4b61-bb7f-6bec00d44ff1 HTTP/1.1
upgrade: websocket
connection: upgrade
sec-websocket-key: Kdo1kxZD49KqRKdqw629HA==
sec-websocket-version: 13
origin: http://localhost:51772
host: localhost:51772
accept: */*
user-agent: AHC/2.1

Response DefaultHttpResponse(decodeResult: success, version: HTTP/1.1)
HTTP/1.1 101 WebSocket Protocol Handshake
Upgrade: WebSocket
Connection: Upgrade
Sec-WebSocket-Accept: iuDPfsQkzb2WNRvOnzIfoePi/+c=

12:44:28.372 [main] DEBUG net.thucydides.core.reflection.ClassFinder - Could not load class .CucumberTestSuite
12:44:28.373 [main] DEBUG net.thucydides.core.reflection.ClassFinder - Could not load class .starter.project.Cart
12:44:28.373 [main] DEBUG net.thucydides.core.reflection.ClassFinder - Could not load class .starter.project.Login
12:44:28.373 [main] DEBUG net.thucydides.core.reflection.ClassFinder - Could not load class .starter.project.Logout
12:44:28.373 [main] DEBUG net.thucydides.core.reflection.ClassFinder - Could not load class .starter.project.Register
12:44:28.373 [main] DEBUG net.thucydides.core.reflection.ClassFinder - Could not load class .starter.project.Search
12:44:28.373 [main] DEBUG net.thucydides.core.reflection.ClassFinder - Could not load class .starter.stepdefinition.CartStep
12:44:28.373 [main] DEBUG net.thucydides.core.reflection.ClassFinder - Could not load class .starter.stepdefinition.LoginStep
12:44:28.373 [main] DEBUG net.thucydides.core.reflection.ClassFinder - Could not load class .starter.stepdefinition.LogoutStep
12:44:28.373 [main] DEBUG net.thucydides.core.reflection.ClassFinder - Could not load class .starter.stepdefinition.Registerstep
12:44:28.373 [main] DEBUG net.thucydides.core.reflection.ClassFinder - Could not load class .starter.stepdefinition.SearchStep
12:44:28.374 [main] DEBUG net.thucydides.core.reflection.ClassFinder - Could not load class META-INF.versions.9.com.sun.istack.logging.StackHelper
12:44:28.374 [main] DEBUG net.thucydides.core.reflection.ClassFinder - Could not load class META-INF.versions.9.com.sun.xml.bind.v2.runtime.reflect.opt.AccessorInjector
12:44:28.375 [main] DEBUG net.thucydides.core.reflection.ClassFinder - Could not load class META-INF.versions.9.com.sun.xml.bind.v2.runtime.reflect.opt.Injector
12:44:28.375 [main] DEBUG net.thucydides.core.reflection.ClassFinder - Could not load class META-INF.versions.9.com.sun.xml.bind.v2.runtime.reflect.opt.OptimizedAccessorFactory
12:44:28.375 [main] DEBUG net.thucydides.core.reflection.ClassFinder - Could not load class META-INF.versions.9.com.sun.xml.bind.v2.runtime.reflect.opt.OptimizedTransducedAccessorFactory
12:44:28.375 [main] DEBUG net.thucydides.core.reflection.ClassFinder - Could not load class META-INF.versions.9.io.opentelemetry.sdk.internal.CurrentJavaVersionSpecific
12:44:28.376 [main] DEBUG net.thucydides.core.reflection.ClassFinder - Could not load class META-INF.versions.9.io.opentelemetry.sdk.internal.Java9VersionSpecific
12:44:28.376 [main] DEBUG net.thucydides.core.reflection.ClassFinder - Could not load class META-INF.versions.9.javax.xml.bind.ModuleUtil
12:44:28.376 [main] DEBUG net.thucydides.core.reflection.ClassFinder - Could not load class META-INF.versions.9.module-info
12:44:28.377 [main] DEBUG net.thucydides.core.reflection.ClassFinder - Could not load class META-INF.versions.9.org.junit.platform.commons.util.ModuleUtils
12:44:28.379 [main] DEBUG net.thucydides.core.reflection.ClassFinder - Could not load class com.google.gson.internal.
12:44:28.380 [main] DEBUG net.thucydides.core.reflection.ClassFinder - Could not load class com.sun.xml.bind.v2.runtime.output.FastInfosetStreamWriterOutput
12:44:28.382 [main] DEBUG net.thucydides.core.reflection.ClassFinder - Could not load class module-info
12:44:28.410 [Forwarding get on session 7273f07e9f6dc5978fbf4b9f6b3d6b8b to remote] DEBUG org.asynchttpclient.netty.request.NettyRequestSender - Using pooled Channel '[id: 0xf228c505, L:/127.0.0.1:51771 - R:localhost/127.0.0.1:50420]' for 'POST' to 'http://localhost:50420/session/7273f07e9f6dc5978fbf4b9f6b3d6b8b/url'
12:44:28.410 [Forwarding get on session 7273f07e9f6dc5978fbf4b9f6b3d6b8b to remote] DEBUG org.asynchttpclient.netty.request.NettyRequestSender - Using open Channel [id: 0xf228c505, L:/127.0.0.1:51771 - R:localhost/127.0.0.1:50420] for POST '/session/7273f07e9f6dc5978fbf4b9f6b3d6b8b/url'
12:44:28.744 [AsyncHttpClient-1-1] DEBUG org.asynchttpclient.netty.channel.DefaultChannelPool - Entry count for : http://localhost:51772 : 1
12:44:29.845 [AsyncHttpClient-1-1] DEBUG org.asynchttpclient.netty.channel.DefaultChannelPool - Entry count for : http://localhost:51772 : 1
12:44:30.082 [AsyncHttpClient-1-2] DEBUG org.asynchttpclient.netty.handler.HttpHandler - 

Request DefaultHttpRequest(decodeResult: success, version: HTTP/1.1)
POST /session/7273f07e9f6dc5978fbf4b9f6b3d6b8b/url HTTP/1.1
User-Agent: selenium/4.1.2 (java windows)
Content-Length: 59
Content-Type: application/json; charset=utf-8
host: localhost:50420
accept: */*

Response DefaultHttpResponse(decodeResult: success, version: HTTP/1.1)
HTTP/1.1 200 OK
Content-Type: application/json; charset=utf-8
cache-control: no-cache
content-length: 14

12:44:30.082 [AsyncHttpClient-1-2] DEBUG org.asynchttpclient.netty.channel.ChannelManager - Adding key: http://localhost:50420 for channel [id: 0xf228c505, L:/127.0.0.1:51771 - R:localhost/127.0.0.1:50420]
12:44:30.088 [Forwarding setTimeout on session 7273f07e9f6dc5978fbf4b9f6b3d6b8b to remote] DEBUG org.asynchttpclient.netty.request.NettyRequestSender - Using pooled Channel '[id: 0xf228c505, L:/127.0.0.1:51771 - R:localhost/127.0.0.1:50420]' for 'POST' to 'http://localhost:50420/session/7273f07e9f6dc5978fbf4b9f6b3d6b8b/timeouts'
12:44:30.088 [Forwarding setTimeout on session 7273f07e9f6dc5978fbf4b9f6b3d6b8b to remote] DEBUG org.asynchttpclient.netty.request.NettyRequestSender - Using open Channel [id: 0xf228c505, L:/127.0.0.1:51771 - R:localhost/127.0.0.1:50420] for POST '/session/7273f07e9f6dc5978fbf4b9f6b3d6b8b/timeouts'
12:44:30.090 [AsyncHttpClient-1-2] DEBUG org.asynchttpclient.netty.handler.HttpHandler - 

Request DefaultHttpRequest(decodeResult: success, version: HTTP/1.1)
POST /session/7273f07e9f6dc5978fbf4b9f6b3d6b8b/timeouts HTTP/1.1
User-Agent: selenium/4.1.2 (java windows)
Content-Length: 22
Content-Type: application/json; charset=utf-8
host: localhost:50420
accept: */*

Response DefaultHttpResponse(decodeResult: success, version: HTTP/1.1)
HTTP/1.1 200 OK
Content-Type: application/json; charset=utf-8
cache-control: no-cache
content-length: 14

12:44:30.090 [AsyncHttpClient-1-2] DEBUG org.asynchttpclient.netty.channel.ChannelManager - Adding key: http://localhost:50420 for channel [id: 0xf228c505, L:/127.0.0.1:51771 - R:localhost/127.0.0.1:50420]
12:44:30.095 [Forwarding getCurrentUrl on session 7273f07e9f6dc5978fbf4b9f6b3d6b8b to remote] DEBUG org.asynchttpclient.netty.request.NettyRequestSender - Using pooled Channel '[id: 0xf228c505, L:/127.0.0.1:51771 - R:localhost/127.0.0.1:50420]' for 'GET' to 'http://localhost:50420/session/7273f07e9f6dc5978fbf4b9f6b3d6b8b/url'
12:44:30.095 [Forwarding getCurrentUrl on session 7273f07e9f6dc5978fbf4b9f6b3d6b8b to remote] DEBUG org.asynchttpclient.netty.request.NettyRequestSender - Using open Channel [id: 0xf228c505, L:/127.0.0.1:51771 - R:localhost/127.0.0.1:50420] for GET '/session/7273f07e9f6dc5978fbf4b9f6b3d6b8b/url'
12:44:30.101 [AsyncHttpClient-1-2] DEBUG org.asynchttpclient.netty.handler.HttpHandler - 

Request DefaultFullHttpRequest(decodeResult: success, version: HTTP/1.1, content: EmptyByteBufBE)
GET /session/7273f07e9f6dc5978fbf4b9f6b3d6b8b/url HTTP/1.1
User-Agent: selenium/4.1.2 (java windows)
Cache-Control: no-cache
Content-Type: application/json; charset=utf-8
host: localhost:50420
accept: */*

Response DefaultHttpResponse(decodeResult: success, version: HTTP/1.1)
HTTP/1.1 200 OK
Content-Type: application/json; charset=utf-8
cache-control: no-cache
content-length: 41

12:44:30.101 [AsyncHttpClient-1-2] DEBUG org.asynchttpclient.netty.channel.ChannelManager - Adding key: http://localhost:50420 for channel [id: 0xf228c505, L:/127.0.0.1:51771 - R:localhost/127.0.0.1:50420]
12:44:30.117 [Forwarding findElement on session 7273f07e9f6dc5978fbf4b9f6b3d6b8b to remote] DEBUG org.asynchttpclient.netty.request.NettyRequestSender - Using pooled Channel '[id: 0xf228c505, L:/127.0.0.1:51771 - R:localhost/127.0.0.1:50420]' for 'POST' to 'http://localhost:50420/session/7273f07e9f6dc5978fbf4b9f6b3d6b8b/element'
12:44:30.117 [Forwarding findElement on session 7273f07e9f6dc5978fbf4b9f6b3d6b8b to remote] DEBUG org.asynchttpclient.netty.request.NettyRequestSender - Using open Channel [id: 0xf228c505, L:/127.0.0.1:51771 - R:localhost/127.0.0.1:50420] for POST '/session/7273f07e9f6dc5978fbf4b9f6b3d6b8b/element'
12:44:30.134 [AsyncHttpClient-1-2] DEBUG org.asynchttpclient.netty.handler.HttpHandler - 

Request DefaultHttpRequest(decodeResult: success, version: HTTP/1.1)
POST /session/7273f07e9f6dc5978fbf4b9f6b3d6b8b/element HTTP/1.1
User-Agent: selenium/4.1.2 (java windows)
Content-Length: 97
Content-Type: application/json; charset=utf-8
host: localhost:50420
accept: */*

Response DefaultHttpResponse(decodeResult: success, version: HTTP/1.1)
HTTP/1.1 200 OK
Content-Type: application/json; charset=utf-8
cache-control: no-cache
content-length: 88

12:44:30.135 [AsyncHttpClient-1-2] DEBUG org.asynchttpclient.netty.channel.ChannelManager - Adding key: http://localhost:50420 for channel [id: 0xf228c505, L:/127.0.0.1:51771 - R:localhost/127.0.0.1:50420]
12:44:30.137 [Forwarding getElementTagName on session 7273f07e9f6dc5978fbf4b9f6b3d6b8b to remote] DEBUG org.asynchttpclient.netty.request.NettyRequestSender - Using pooled Channel '[id: 0xf228c505, L:/127.0.0.1:51771 - R:localhost/127.0.0.1:50420]' for 'GET' to 'http://localhost:50420/session/7273f07e9f6dc5978fbf4b9f6b3d6b8b/element/95183a3f-fe3f-4615-97c0-772e6110443d/name'
12:44:30.137 [Forwarding getElementTagName on session 7273f07e9f6dc5978fbf4b9f6b3d6b8b to remote] DEBUG org.asynchttpclient.netty.request.NettyRequestSender - Using open Channel [id: 0xf228c505, L:/127.0.0.1:51771 - R:localhost/127.0.0.1:50420] for GET '/session/7273f07e9f6dc5978fbf4b9f6b3d6b8b/element/95183a3f-fe3f-4615-97c0-772e6110443d/name'
12:44:30.142 [AsyncHttpClient-1-2] DEBUG org.asynchttpclient.netty.handler.HttpHandler - 

Request DefaultFullHttpRequest(decodeResult: success, version: HTTP/1.1, content: EmptyByteBufBE)
GET /session/7273f07e9f6dc5978fbf4b9f6b3d6b8b/element/95183a3f-fe3f-4615-97c0-772e6110443d/name HTTP/1.1
User-Agent: selenium/4.1.2 (java windows)
Cache-Control: no-cache
Content-Type: application/json; charset=utf-8
host: localhost:50420
accept: */*

Response DefaultHttpResponse(decodeResult: success, version: HTTP/1.1)
HTTP/1.1 200 OK
Content-Type: application/json; charset=utf-8
cache-control: no-cache
content-length: 13

12:44:30.142 [AsyncHttpClient-1-2] DEBUG org.asynchttpclient.netty.channel.ChannelManager - Adding key: http://localhost:50420 for channel [id: 0xf228c505, L:/127.0.0.1:51771 - R:localhost/127.0.0.1:50420]
12:44:30.144 [Forwarding getElementTagName on session 7273f07e9f6dc5978fbf4b9f6b3d6b8b to remote] DEBUG org.asynchttpclient.netty.request.NettyRequestSender - Using pooled Channel '[id: 0xf228c505, L:/127.0.0.1:51771 - R:localhost/127.0.0.1:50420]' for 'GET' to 'http://localhost:50420/session/7273f07e9f6dc5978fbf4b9f6b3d6b8b/element/95183a3f-fe3f-4615-97c0-772e6110443d/name'
12:44:30.145 [Forwarding getElementTagName on session 7273f07e9f6dc5978fbf4b9f6b3d6b8b to remote] DEBUG org.asynchttpclient.netty.request.NettyRequestSender - Using open Channel [id: 0xf228c505, L:/127.0.0.1:51771 - R:localhost/127.0.0.1:50420] for GET '/session/7273f07e9f6dc5978fbf4b9f6b3d6b8b/element/95183a3f-fe3f-4615-97c0-772e6110443d/name'
12:44:30.150 [AsyncHttpClient-1-2] DEBUG org.asynchttpclient.netty.handler.HttpHandler - 

Request DefaultFullHttpRequest(decodeResult: success, version: HTTP/1.1, content: EmptyByteBufBE)
GET /session/7273f07e9f6dc5978fbf4b9f6b3d6b8b/element/95183a3f-fe3f-4615-97c0-772e6110443d/name HTTP/1.1
User-Agent: selenium/4.1.2 (java windows)
Cache-Control: no-cache
Content-Type: application/json; charset=utf-8
host: localhost:50420
accept: */*

Response DefaultHttpResponse(decodeResult: success, version: HTTP/1.1)
HTTP/1.1 200 OK
Content-Type: application/json; charset=utf-8
cache-control: no-cache
content-length: 13

12:44:30.151 [AsyncHttpClient-1-2] DEBUG org.asynchttpclient.netty.channel.ChannelManager - Adding key: http://localhost:50420 for channel [id: 0xf228c505, L:/127.0.0.1:51771 - R:localhost/127.0.0.1:50420]
12:44:30.157 [Forwarding findElement on session 7273f07e9f6dc5978fbf4b9f6b3d6b8b to remote] DEBUG org.asynchttpclient.netty.request.NettyRequestSender - Using pooled Channel '[id: 0xf228c505, L:/127.0.0.1:51771 - R:localhost/127.0.0.1:50420]' for 'POST' to 'http://localhost:50420/session/7273f07e9f6dc5978fbf4b9f6b3d6b8b/element'
12:44:30.157 [Forwarding findElement on session 7273f07e9f6dc5978fbf4b9f6b3d6b8b to remote] DEBUG org.asynchttpclient.netty.request.NettyRequestSender - Using open Channel [id: 0xf228c505, L:/127.0.0.1:51771 - R:localhost/127.0.0.1:50420] for POST '/session/7273f07e9f6dc5978fbf4b9f6b3d6b8b/element'
12:44:30.165 [AsyncHttpClient-1-2] DEBUG org.asynchttpclient.netty.handler.HttpHandler - 

Request DefaultHttpRequest(decodeResult: success, version: HTTP/1.1)
POST /session/7273f07e9f6dc5978fbf4b9f6b3d6b8b/element HTTP/1.1
User-Agent: selenium/4.1.2 (java windows)
Content-Length: 97
Content-Type: application/json; charset=utf-8
host: localhost:50420
accept: */*

Response DefaultHttpResponse(decodeResult: success, version: HTTP/1.1)
HTTP/1.1 200 OK
Content-Type: application/json; charset=utf-8
cache-control: no-cache
content-length: 88

12:44:30.166 [AsyncHttpClient-1-2] DEBUG org.asynchttpclient.netty.channel.ChannelManager - Adding key: http://localhost:50420 for channel [id: 0xf228c505, L:/127.0.0.1:51771 - R:localhost/127.0.0.1:50420]
12:44:30.169 [Forwarding clickElement on session 7273f07e9f6dc5978fbf4b9f6b3d6b8b to remote] DEBUG org.asynchttpclient.netty.request.NettyRequestSender - Using pooled Channel '[id: 0xf228c505, L:/127.0.0.1:51771 - R:localhost/127.0.0.1:50420]' for 'POST' to 'http://localhost:50420/session/7273f07e9f6dc5978fbf4b9f6b3d6b8b/element/95183a3f-fe3f-4615-97c0-772e6110443d/click'
12:44:30.169 [Forwarding clickElement on session 7273f07e9f6dc5978fbf4b9f6b3d6b8b to remote] DEBUG org.asynchttpclient.netty.request.NettyRequestSender - Using open Channel [id: 0xf228c505, L:/127.0.0.1:51771 - R:localhost/127.0.0.1:50420] for POST '/session/7273f07e9f6dc5978fbf4b9f6b3d6b8b/element/95183a3f-fe3f-4615-97c0-772e6110443d/click'
12:44:30.211 [AsyncHttpClient-1-2] DEBUG org.asynchttpclient.netty.handler.HttpHandler - 

Request DefaultHttpRequest(decodeResult: success, version: HTTP/1.1)
POST /session/7273f07e9f6dc5978fbf4b9f6b3d6b8b/element/95183a3f-fe3f-4615-97c0-772e6110443d/click HTTP/1.1
User-Agent: selenium/4.1.2 (java windows)
Content-Length: 50
Content-Type: application/json; charset=utf-8
host: localhost:50420
accept: */*

Response DefaultHttpResponse(decodeResult: success, version: HTTP/1.1)
HTTP/1.1 200 OK
Content-Type: application/json; charset=utf-8
cache-control: no-cache
content-length: 14

12:44:30.212 [AsyncHttpClient-1-2] DEBUG org.asynchttpclient.netty.channel.ChannelManager - Adding key: http://localhost:50420 for channel [id: 0xf228c505, L:/127.0.0.1:51771 - R:localhost/127.0.0.1:50420]
12:44:30.229 [Forwarding findElement on session 7273f07e9f6dc5978fbf4b9f6b3d6b8b to remote] DEBUG org.asynchttpclient.netty.request.NettyRequestSender - Using pooled Channel '[id: 0xf228c505, L:/127.0.0.1:51771 - R:localhost/127.0.0.1:50420]' for 'POST' to 'http://localhost:50420/session/7273f07e9f6dc5978fbf4b9f6b3d6b8b/element'
12:44:30.229 [Forwarding findElement on session 7273f07e9f6dc5978fbf4b9f6b3d6b8b to remote] DEBUG org.asynchttpclient.netty.request.NettyRequestSender - Using open Channel [id: 0xf228c505, L:/127.0.0.1:51771 - R:localhost/127.0.0.1:50420] for POST '/session/7273f07e9f6dc5978fbf4b9f6b3d6b8b/element'
12:44:30.245 [AsyncHttpClient-1-2] DEBUG org.asynchttpclient.netty.handler.HttpHandler - 

Request DefaultHttpRequest(decodeResult: success, version: HTTP/1.1)
POST /session/7273f07e9f6dc5978fbf4b9f6b3d6b8b/element HTTP/1.1
User-Agent: selenium/4.1.2 (java windows)
Content-Length: 88
Content-Type: application/json; charset=utf-8
host: localhost:50420
accept: */*

Response DefaultHttpResponse(decodeResult: success, version: HTTP/1.1)
HTTP/1.1 200 OK
Content-Type: application/json; charset=utf-8
cache-control: no-cache
content-length: 88

12:44:30.246 [AsyncHttpClient-1-2] DEBUG org.asynchttpclient.netty.channel.ChannelManager - Adding key: http://localhost:50420 for channel [id: 0xf228c505, L:/127.0.0.1:51771 - R:localhost/127.0.0.1:50420]
12:44:30.247 [Forwarding clearElement on session 7273f07e9f6dc5978fbf4b9f6b3d6b8b to remote] DEBUG org.asynchttpclient.netty.request.NettyRequestSender - Using pooled Channel '[id: 0xf228c505, L:/127.0.0.1:51771 - R:localhost/127.0.0.1:50420]' for 'POST' to 'http://localhost:50420/session/7273f07e9f6dc5978fbf4b9f6b3d6b8b/element/9a6b686e-2b55-4c76-a092-ab097193fc78/clear'
12:44:30.248 [Forwarding clearElement on session 7273f07e9f6dc5978fbf4b9f6b3d6b8b to remote] DEBUG org.asynchttpclient.netty.request.NettyRequestSender - Using open Channel [id: 0xf228c505, L:/127.0.0.1:51771 - R:localhost/127.0.0.1:50420] for POST '/session/7273f07e9f6dc5978fbf4b9f6b3d6b8b/element/9a6b686e-2b55-4c76-a092-ab097193fc78/clear'
12:44:30.278 [AsyncHttpClient-1-2] DEBUG org.asynchttpclient.netty.handler.HttpHandler - 

Request DefaultHttpRequest(decodeResult: success, version: HTTP/1.1)
POST /session/7273f07e9f6dc5978fbf4b9f6b3d6b8b/element/9a6b686e-2b55-4c76-a092-ab097193fc78/clear HTTP/1.1
User-Agent: selenium/4.1.2 (java windows)
Content-Length: 50
Content-Type: application/json; charset=utf-8
host: localhost:50420
accept: */*

Response DefaultHttpResponse(decodeResult: success, version: HTTP/1.1)
HTTP/1.1 200 OK
Content-Type: application/json; charset=utf-8
cache-control: no-cache
content-length: 14

12:44:30.278 [AsyncHttpClient-1-2] DEBUG org.asynchttpclient.netty.channel.ChannelManager - Adding key: http://localhost:50420 for channel [id: 0xf228c505, L:/127.0.0.1:51771 - R:localhost/127.0.0.1:50420]
12:44:30.283 [Forwarding sendKeysToElement on session 7273f07e9f6dc5978fbf4b9f6b3d6b8b to remote] DEBUG org.asynchttpclient.netty.request.NettyRequestSender - Using pooled Channel '[id: 0xf228c505, L:/127.0.0.1:51771 - R:localhost/127.0.0.1:50420]' for 'POST' to 'http://localhost:50420/session/7273f07e9f6dc5978fbf4b9f6b3d6b8b/element/9a6b686e-2b55-4c76-a092-ab097193fc78/value'
12:44:30.283 [Forwarding sendKeysToElement on session 7273f07e9f6dc5978fbf4b9f6b3d6b8b to remote] DEBUG org.asynchttpclient.netty.request.NettyRequestSender - Using open Channel [id: 0xf228c505, L:/127.0.0.1:51771 - R:localhost/127.0.0.1:50420] for POST '/session/7273f07e9f6dc5978fbf4b9f6b3d6b8b/element/9a6b686e-2b55-4c76-a092-ab097193fc78/value'
12:44:30.373 [AsyncHttpClient-1-2] DEBUG org.asynchttpclient.netty.handler.HttpHandler - 

Request DefaultHttpRequest(decodeResult: success, version: HTTP/1.1)
POST /session/7273f07e9f6dc5978fbf4b9f6b3d6b8b/element/9a6b686e-2b55-4c76-a092-ab097193fc78/value HTTP/1.1
User-Agent: selenium/4.1.2 (java windows)
Content-Length: 261
Content-Type: application/json; charset=utf-8
host: localhost:50420
accept: */*

Response DefaultHttpResponse(decodeResult: success, version: HTTP/1.1)
HTTP/1.1 200 OK
Content-Type: application/json; charset=utf-8
cache-control: no-cache
content-length: 14

12:44:30.373 [AsyncHttpClient-1-2] DEBUG org.asynchttpclient.netty.channel.ChannelManager - Adding key: http://localhost:50420 for channel [id: 0xf228c505, L:/127.0.0.1:51771 - R:localhost/127.0.0.1:50420]
12:44:30.379 [Forwarding findElement on session 7273f07e9f6dc5978fbf4b9f6b3d6b8b to remote] DEBUG org.asynchttpclient.netty.request.NettyRequestSender - Using pooled Channel '[id: 0xf228c505, L:/127.0.0.1:51771 - R:localhost/127.0.0.1:50420]' for 'POST' to 'http://localhost:50420/session/7273f07e9f6dc5978fbf4b9f6b3d6b8b/element'
12:44:30.379 [Forwarding findElement on session 7273f07e9f6dc5978fbf4b9f6b3d6b8b to remote] DEBUG org.asynchttpclient.netty.request.NettyRequestSender - Using open Channel [id: 0xf228c505, L:/127.0.0.1:51771 - R:localhost/127.0.0.1:50420] for POST '/session/7273f07e9f6dc5978fbf4b9f6b3d6b8b/element'
12:44:30.395 [AsyncHttpClient-1-2] DEBUG org.asynchttpclient.netty.handler.HttpHandler - 

Request DefaultHttpRequest(decodeResult: success, version: HTTP/1.1)
POST /session/7273f07e9f6dc5978fbf4b9f6b3d6b8b/element HTTP/1.1
User-Agent: selenium/4.1.2 (java windows)
Content-Length: 91
Content-Type: application/json; charset=utf-8
host: localhost:50420
accept: */*

Response DefaultHttpResponse(decodeResult: success, version: HTTP/1.1)
HTTP/1.1 200 OK
Content-Type: application/json; charset=utf-8
cache-control: no-cache
content-length: 88

12:44:30.395 [AsyncHttpClient-1-2] DEBUG org.asynchttpclient.netty.channel.ChannelManager - Adding key: http://localhost:50420 for channel [id: 0xf228c505, L:/127.0.0.1:51771 - R:localhost/127.0.0.1:50420]
12:44:30.396 [Forwarding clearElement on session 7273f07e9f6dc5978fbf4b9f6b3d6b8b to remote] DEBUG org.asynchttpclient.netty.request.NettyRequestSender - Using pooled Channel '[id: 0xf228c505, L:/127.0.0.1:51771 - R:localhost/127.0.0.1:50420]' for 'POST' to 'http://localhost:50420/session/7273f07e9f6dc5978fbf4b9f6b3d6b8b/element/6b09849b-7299-482f-8b15-b293c2f20915/clear'
12:44:30.396 [Forwarding clearElement on session 7273f07e9f6dc5978fbf4b9f6b3d6b8b to remote] DEBUG org.asynchttpclient.netty.request.NettyRequestSender - Using open Channel [id: 0xf228c505, L:/127.0.0.1:51771 - R:localhost/127.0.0.1:50420] for POST '/session/7273f07e9f6dc5978fbf4b9f6b3d6b8b/element/6b09849b-7299-482f-8b15-b293c2f20915/clear'
12:44:30.426 [AsyncHttpClient-1-2] DEBUG org.asynchttpclient.netty.handler.HttpHandler - 

Request DefaultHttpRequest(decodeResult: success, version: HTTP/1.1)
POST /session/7273f07e9f6dc5978fbf4b9f6b3d6b8b/element/6b09849b-7299-482f-8b15-b293c2f20915/clear HTTP/1.1
User-Agent: selenium/4.1.2 (java windows)
Content-Length: 50
Content-Type: application/json; charset=utf-8
host: localhost:50420
accept: */*

Response DefaultHttpResponse(decodeResult: success, version: HTTP/1.1)
HTTP/1.1 200 OK
Content-Type: application/json; charset=utf-8
cache-control: no-cache
content-length: 14

12:44:30.426 [AsyncHttpClient-1-2] DEBUG org.asynchttpclient.netty.channel.ChannelManager - Adding key: http://localhost:50420 for channel [id: 0xf228c505, L:/127.0.0.1:51771 - R:localhost/127.0.0.1:50420]
12:44:30.428 [Forwarding sendKeysToElement on session 7273f07e9f6dc5978fbf4b9f6b3d6b8b to remote] DEBUG org.asynchttpclient.netty.request.NettyRequestSender - Using pooled Channel '[id: 0xf228c505, L:/127.0.0.1:51771 - R:localhost/127.0.0.1:50420]' for 'POST' to 'http://localhost:50420/session/7273f07e9f6dc5978fbf4b9f6b3d6b8b/element/6b09849b-7299-482f-8b15-b293c2f20915/value'
12:44:30.428 [Forwarding sendKeysToElement on session 7273f07e9f6dc5978fbf4b9f6b3d6b8b to remote] DEBUG org.asynchttpclient.netty.request.NettyRequestSender - Using open Channel [id: 0xf228c505, L:/127.0.0.1:51771 - R:localhost/127.0.0.1:50420] for POST '/session/7273f07e9f6dc5978fbf4b9f6b3d6b8b/element/6b09849b-7299-482f-8b15-b293c2f20915/value'
12:44:30.487 [AsyncHttpClient-1-2] DEBUG org.asynchttpclient.netty.handler.HttpHandler - 

Request DefaultHttpRequest(decodeResult: success, version: HTTP/1.1)
POST /session/7273f07e9f6dc5978fbf4b9f6b3d6b8b/element/6b09849b-7299-482f-8b15-b293c2f20915/value HTTP/1.1
User-Agent: selenium/4.1.2 (java windows)
Content-Length: 151
Content-Type: application/json; charset=utf-8
host: localhost:50420
accept: */*

Response DefaultHttpResponse(decodeResult: success, version: HTTP/1.1)
HTTP/1.1 200 OK
Content-Type: application/json; charset=utf-8
cache-control: no-cache
content-length: 14

12:44:30.487 [AsyncHttpClient-1-2] DEBUG org.asynchttpclient.netty.channel.ChannelManager - Adding key: http://localhost:50420 for channel [id: 0xf228c505, L:/127.0.0.1:51771 - R:localhost/127.0.0.1:50420]
12:44:30.492 [Forwarding findElement on session 7273f07e9f6dc5978fbf4b9f6b3d6b8b to remote] DEBUG org.asynchttpclient.netty.request.NettyRequestSender - Using pooled Channel '[id: 0xf228c505, L:/127.0.0.1:51771 - R:localhost/127.0.0.1:50420]' for 'POST' to 'http://localhost:50420/session/7273f07e9f6dc5978fbf4b9f6b3d6b8b/element'
12:44:30.492 [Forwarding findElement on session 7273f07e9f6dc5978fbf4b9f6b3d6b8b to remote] DEBUG org.asynchttpclient.netty.request.NettyRequestSender - Using open Channel [id: 0xf228c505, L:/127.0.0.1:51771 - R:localhost/127.0.0.1:50420] for POST '/session/7273f07e9f6dc5978fbf4b9f6b3d6b8b/element'
12:44:30.502 [AsyncHttpClient-1-2] DEBUG org.asynchttpclient.netty.handler.HttpHandler - 

Request DefaultHttpRequest(decodeResult: success, version: HTTP/1.1)
POST /session/7273f07e9f6dc5978fbf4b9f6b3d6b8b/element HTTP/1.1
User-Agent: selenium/4.1.2 (java windows)
Content-Length: 141
Content-Type: application/json; charset=utf-8
host: localhost:50420
accept: */*

Response DefaultHttpResponse(decodeResult: success, version: HTTP/1.1)
HTTP/1.1 200 OK
Content-Type: application/json; charset=utf-8
cache-control: no-cache
content-length: 88

12:44:30.502 [AsyncHttpClient-1-2] DEBUG org.asynchttpclient.netty.channel.ChannelManager - Adding key: http://localhost:50420 for channel [id: 0xf228c505, L:/127.0.0.1:51771 - R:localhost/127.0.0.1:50420]
12:44:30.506 [Forwarding getElementTagName on session 7273f07e9f6dc5978fbf4b9f6b3d6b8b to remote] DEBUG org.asynchttpclient.netty.request.NettyRequestSender - Using pooled Channel '[id: 0xf228c505, L:/127.0.0.1:51771 - R:localhost/127.0.0.1:50420]' for 'GET' to 'http://localhost:50420/session/7273f07e9f6dc5978fbf4b9f6b3d6b8b/element/15c099d3-8f04-44a7-8b76-019f0133647e/name'
12:44:30.506 [Forwarding getElementTagName on session 7273f07e9f6dc5978fbf4b9f6b3d6b8b to remote] DEBUG org.asynchttpclient.netty.request.NettyRequestSender - Using open Channel [id: 0xf228c505, L:/127.0.0.1:51771 - R:localhost/127.0.0.1:50420] for GET '/session/7273f07e9f6dc5978fbf4b9f6b3d6b8b/element/15c099d3-8f04-44a7-8b76-019f0133647e/name'
12:44:30.511 [AsyncHttpClient-1-2] DEBUG org.asynchttpclient.netty.handler.HttpHandler - 

Request DefaultFullHttpRequest(decodeResult: success, version: HTTP/1.1, content: EmptyByteBufBE)
GET /session/7273f07e9f6dc5978fbf4b9f6b3d6b8b/element/15c099d3-8f04-44a7-8b76-019f0133647e/name HTTP/1.1
User-Agent: selenium/4.1.2 (java windows)
Cache-Control: no-cache
Content-Type: application/json; charset=utf-8
host: localhost:50420
accept: */*

Response DefaultHttpResponse(decodeResult: success, version: HTTP/1.1)
HTTP/1.1 200 OK
Content-Type: application/json; charset=utf-8
cache-control: no-cache
content-length: 18

12:44:30.511 [AsyncHttpClient-1-2] DEBUG org.asynchttpclient.netty.channel.ChannelManager - Adding key: http://localhost:50420 for channel [id: 0xf228c505, L:/127.0.0.1:51771 - R:localhost/127.0.0.1:50420]
12:44:30.513 [Forwarding getElementTagName on session 7273f07e9f6dc5978fbf4b9f6b3d6b8b to remote] DEBUG org.asynchttpclient.netty.request.NettyRequestSender - Using pooled Channel '[id: 0xf228c505, L:/127.0.0.1:51771 - R:localhost/127.0.0.1:50420]' for 'GET' to 'http://localhost:50420/session/7273f07e9f6dc5978fbf4b9f6b3d6b8b/element/15c099d3-8f04-44a7-8b76-019f0133647e/name'
12:44:30.513 [Forwarding getElementTagName on session 7273f07e9f6dc5978fbf4b9f6b3d6b8b to remote] DEBUG org.asynchttpclient.netty.request.NettyRequestSender - Using open Channel [id: 0xf228c505, L:/127.0.0.1:51771 - R:localhost/127.0.0.1:50420] for GET '/session/7273f07e9f6dc5978fbf4b9f6b3d6b8b/element/15c099d3-8f04-44a7-8b76-019f0133647e/name'
12:44:30.516 [AsyncHttpClient-1-2] DEBUG org.asynchttpclient.netty.handler.HttpHandler - 

Request DefaultFullHttpRequest(decodeResult: success, version: HTTP/1.1, content: EmptyByteBufBE)
GET /session/7273f07e9f6dc5978fbf4b9f6b3d6b8b/element/15c099d3-8f04-44a7-8b76-019f0133647e/name HTTP/1.1
User-Agent: selenium/4.1.2 (java windows)
Cache-Control: no-cache
Content-Type: application/json; charset=utf-8
host: localhost:50420
accept: */*

Response DefaultHttpResponse(decodeResult: success, version: HTTP/1.1)
HTTP/1.1 200 OK
Content-Type: application/json; charset=utf-8
cache-control: no-cache
content-length: 18

12:44:30.517 [AsyncHttpClient-1-2] DEBUG org.asynchttpclient.netty.channel.ChannelManager - Adding key: http://localhost:50420 for channel [id: 0xf228c505, L:/127.0.0.1:51771 - R:localhost/127.0.0.1:50420]
12:44:30.521 [Forwarding isElementEnabled on session 7273f07e9f6dc5978fbf4b9f6b3d6b8b to remote] DEBUG org.asynchttpclient.netty.request.NettyRequestSender - Using pooled Channel '[id: 0xf228c505, L:/127.0.0.1:51771 - R:localhost/127.0.0.1:50420]' for 'GET' to 'http://localhost:50420/session/7273f07e9f6dc5978fbf4b9f6b3d6b8b/element/15c099d3-8f04-44a7-8b76-019f0133647e/enabled'
12:44:30.521 [Forwarding isElementEnabled on session 7273f07e9f6dc5978fbf4b9f6b3d6b8b to remote] DEBUG org.asynchttpclient.netty.request.NettyRequestSender - Using open Channel [id: 0xf228c505, L:/127.0.0.1:51771 - R:localhost/127.0.0.1:50420] for GET '/session/7273f07e9f6dc5978fbf4b9f6b3d6b8b/element/15c099d3-8f04-44a7-8b76-019f0133647e/enabled'
12:44:30.531 [AsyncHttpClient-1-2] DEBUG org.asynchttpclient.netty.handler.HttpHandler - 

Request DefaultFullHttpRequest(decodeResult: success, version: HTTP/1.1, content: EmptyByteBufBE)
GET /session/7273f07e9f6dc5978fbf4b9f6b3d6b8b/element/15c099d3-8f04-44a7-8b76-019f0133647e/enabled HTTP/1.1
User-Agent: selenium/4.1.2 (java windows)
Cache-Control: no-cache
Content-Type: application/json; charset=utf-8
host: localhost:50420
accept: */*

Response DefaultHttpResponse(decodeResult: success, version: HTTP/1.1)
HTTP/1.1 200 OK
Content-Type: application/json; charset=utf-8
cache-control: no-cache
content-length: 14

12:44:30.531 [AsyncHttpClient-1-2] DEBUG org.asynchttpclient.netty.channel.ChannelManager - Adding key: http://localhost:50420 for channel [id: 0xf228c505, L:/127.0.0.1:51771 - R:localhost/127.0.0.1:50420]
12:44:30.533 [Forwarding isElementEnabled on session 7273f07e9f6dc5978fbf4b9f6b3d6b8b to remote] DEBUG org.asynchttpclient.netty.request.NettyRequestSender - Using pooled Channel '[id: 0xf228c505, L:/127.0.0.1:51771 - R:localhost/127.0.0.1:50420]' for 'GET' to 'http://localhost:50420/session/7273f07e9f6dc5978fbf4b9f6b3d6b8b/element/15c099d3-8f04-44a7-8b76-019f0133647e/enabled'
12:44:30.533 [Forwarding isElementEnabled on session 7273f07e9f6dc5978fbf4b9f6b3d6b8b to remote] DEBUG org.asynchttpclient.netty.request.NettyRequestSender - Using open Channel [id: 0xf228c505, L:/127.0.0.1:51771 - R:localhost/127.0.0.1:50420] for GET '/session/7273f07e9f6dc5978fbf4b9f6b3d6b8b/element/15c099d3-8f04-44a7-8b76-019f0133647e/enabled'
12:44:30.539 [AsyncHttpClient-1-2] DEBUG org.asynchttpclient.netty.handler.HttpHandler - 

Request DefaultFullHttpRequest(decodeResult: success, version: HTTP/1.1, content: EmptyByteBufBE)
GET /session/7273f07e9f6dc5978fbf4b9f6b3d6b8b/element/15c099d3-8f04-44a7-8b76-019f0133647e/enabled HTTP/1.1
User-Agent: selenium/4.1.2 (java windows)
Cache-Control: no-cache
Content-Type: application/json; charset=utf-8
host: localhost:50420
accept: */*

Response DefaultHttpResponse(decodeResult: success, version: HTTP/1.1)
HTTP/1.1 200 OK
Content-Type: application/json; charset=utf-8
cache-control: no-cache
content-length: 14

12:44:30.539 [AsyncHttpClient-1-2] DEBUG org.asynchttpclient.netty.channel.ChannelManager - Adding key: http://localhost:50420 for channel [id: 0xf228c505, L:/127.0.0.1:51771 - R:localhost/127.0.0.1:50420]
12:44:30.541 [Forwarding findElement on session 7273f07e9f6dc5978fbf4b9f6b3d6b8b to remote] DEBUG org.asynchttpclient.netty.request.NettyRequestSender - Using pooled Channel '[id: 0xf228c505, L:/127.0.0.1:51771 - R:localhost/127.0.0.1:50420]' for 'POST' to 'http://localhost:50420/session/7273f07e9f6dc5978fbf4b9f6b3d6b8b/element'
12:44:30.541 [Forwarding findElement on session 7273f07e9f6dc5978fbf4b9f6b3d6b8b to remote] DEBUG org.asynchttpclient.netty.request.NettyRequestSender - Using open Channel [id: 0xf228c505, L:/127.0.0.1:51771 - R:localhost/127.0.0.1:50420] for POST '/session/7273f07e9f6dc5978fbf4b9f6b3d6b8b/element'
12:44:30.556 [AsyncHttpClient-1-2] DEBUG org.asynchttpclient.netty.handler.HttpHandler - 

Request DefaultHttpRequest(decodeResult: success, version: HTTP/1.1)
POST /session/7273f07e9f6dc5978fbf4b9f6b3d6b8b/element HTTP/1.1
User-Agent: selenium/4.1.2 (java windows)
Content-Length: 141
Content-Type: application/json; charset=utf-8
host: localhost:50420
accept: */*

Response DefaultHttpResponse(decodeResult: success, version: HTTP/1.1)
HTTP/1.1 200 OK
Content-Type: application/json; charset=utf-8
cache-control: no-cache
content-length: 88

12:44:30.556 [AsyncHttpClient-1-2] DEBUG org.asynchttpclient.netty.channel.ChannelManager - Adding key: http://localhost:50420 for channel [id: 0xf228c505, L:/127.0.0.1:51771 - R:localhost/127.0.0.1:50420]
12:44:30.558 [Forwarding clickElement on session 7273f07e9f6dc5978fbf4b9f6b3d6b8b to remote] DEBUG org.asynchttpclient.netty.request.NettyRequestSender - Using pooled Channel '[id: 0xf228c505, L:/127.0.0.1:51771 - R:localhost/127.0.0.1:50420]' for 'POST' to 'http://localhost:50420/session/7273f07e9f6dc5978fbf4b9f6b3d6b8b/element/15c099d3-8f04-44a7-8b76-019f0133647e/click'
12:44:30.559 [Forwarding clickElement on session 7273f07e9f6dc5978fbf4b9f6b3d6b8b to remote] DEBUG org.asynchttpclient.netty.request.NettyRequestSender - Using open Channel [id: 0xf228c505, L:/127.0.0.1:51771 - R:localhost/127.0.0.1:50420] for POST '/session/7273f07e9f6dc5978fbf4b9f6b3d6b8b/element/15c099d3-8f04-44a7-8b76-019f0133647e/click'
12:44:30.605 [AsyncHttpClient-1-2] DEBUG org.asynchttpclient.netty.handler.HttpHandler - 

Request DefaultHttpRequest(decodeResult: success, version: HTTP/1.1)
POST /session/7273f07e9f6dc5978fbf4b9f6b3d6b8b/element/15c099d3-8f04-44a7-8b76-019f0133647e/click HTTP/1.1
User-Agent: selenium/4.1.2 (java windows)
Content-Length: 50
Content-Type: application/json; charset=utf-8
host: localhost:50420
accept: */*

Response DefaultHttpResponse(decodeResult: success, version: HTTP/1.1)
HTTP/1.1 200 OK
Content-Type: application/json; charset=utf-8
cache-control: no-cache
content-length: 14

12:44:30.605 [AsyncHttpClient-1-2] DEBUG org.asynchttpclient.netty.channel.ChannelManager - Adding key: http://localhost:50420 for channel [id: 0xf228c505, L:/127.0.0.1:51771 - R:localhost/127.0.0.1:50420]
12:44:30.612 [Forwarding findElement on session 7273f07e9f6dc5978fbf4b9f6b3d6b8b to remote] DEBUG org.asynchttpclient.netty.request.NettyRequestSender - Using pooled Channel '[id: 0xf228c505, L:/127.0.0.1:51771 - R:localhost/127.0.0.1:50420]' for 'POST' to 'http://localhost:50420/session/7273f07e9f6dc5978fbf4b9f6b3d6b8b/element'
12:44:30.612 [Forwarding findElement on session 7273f07e9f6dc5978fbf4b9f6b3d6b8b to remote] DEBUG org.asynchttpclient.netty.request.NettyRequestSender - Using open Channel [id: 0xf228c505, L:/127.0.0.1:51771 - R:localhost/127.0.0.1:50420] for POST '/session/7273f07e9f6dc5978fbf4b9f6b3d6b8b/element'
12:44:30.622 [AsyncHttpClient-1-2] DEBUG org.asynchttpclient.netty.handler.HttpHandler - 

Request DefaultHttpRequest(decodeResult: success, version: HTTP/1.1)
POST /session/7273f07e9f6dc5978fbf4b9f6b3d6b8b/element HTTP/1.1
User-Agent: selenium/4.1.2 (java windows)
Content-Length: 77
Content-Type: application/json; charset=utf-8
host: localhost:50420
accept: */*

Response DefaultHttpResponse(decodeResult: success, version: HTTP/1.1)
HTTP/1.1 200 OK
Content-Type: application/json; charset=utf-8
cache-control: no-cache
content-length: 88

12:44:30.622 [AsyncHttpClient-1-2] DEBUG org.asynchttpclient.netty.channel.ChannelManager - Adding key: http://localhost:50420 for channel [id: 0xf228c505, L:/127.0.0.1:51771 - R:localhost/127.0.0.1:50420]
12:44:30.628 [Forwarding isElementDisplayed on session 7273f07e9f6dc5978fbf4b9f6b3d6b8b to remote] DEBUG org.asynchttpclient.netty.request.NettyRequestSender - Using pooled Channel '[id: 0xf228c505, L:/127.0.0.1:51771 - R:localhost/127.0.0.1:50420]' for 'POST' to 'http://localhost:50420/session/7273f07e9f6dc5978fbf4b9f6b3d6b8b/execute/sync'
12:44:30.629 [Forwarding isElementDisplayed on session 7273f07e9f6dc5978fbf4b9f6b3d6b8b to remote] DEBUG org.asynchttpclient.netty.request.NettyRequestSender - Using open Channel [id: 0xf228c505, L:/127.0.0.1:51771 - R:localhost/127.0.0.1:50420] for POST '/session/7273f07e9f6dc5978fbf4b9f6b3d6b8b/execute/sync'
12:44:30.644 [AsyncHttpClient-1-2] DEBUG org.asynchttpclient.netty.handler.HttpHandler - 

Request DefaultHttpRequest(decodeResult: success, version: HTTP/1.1)
POST /session/7273f07e9f6dc5978fbf4b9f6b3d6b8b/execute/sync HTTP/1.1
User-Agent: selenium/4.1.2 (java windows)
Content-Length: 48780
Content-Type: application/json; charset=utf-8
host: localhost:50420
accept: */*

Response DefaultHttpResponse(decodeResult: success, version: HTTP/1.1)
HTTP/1.1 200 OK
Content-Type: application/json; charset=utf-8
cache-control: no-cache
content-length: 14

12:44:30.644 [AsyncHttpClient-1-2] DEBUG org.asynchttpclient.netty.channel.ChannelManager - Adding key: http://localhost:50420 for channel [id: 0xf228c505, L:/127.0.0.1:51771 - R:localhost/127.0.0.1:50420]
  &amp#27;[32mGiven &amp#27;[0m&amp#27;[32mI have logged in first&amp#27;[0m   &amp#27;[90m# starter.stepdefinition.CartStep.iHaveLoggedInFirst()&amp#27;[0m
12:44:30.663 [main] DEBUG net.serenitybdd.core.photography.Darkroom - Opening darkroom
12:44:30.664 [Darkroom Processing Line] DEBUG net.serenitybdd.core.photography.DarkroomProcessingLine - Darkroom processing line starting up
12:44:30.664 [Forwarding screenshot on session 7273f07e9f6dc5978fbf4b9f6b3d6b8b to remote] DEBUG org.asynchttpclient.netty.request.NettyRequestSender - Using pooled Channel '[id: 0xf228c505, L:/127.0.0.1:51771 - R:localhost/127.0.0.1:50420]' for 'GET' to 'http://localhost:50420/session/7273f07e9f6dc5978fbf4b9f6b3d6b8b/screenshot'
12:44:30.664 [Forwarding screenshot on session 7273f07e9f6dc5978fbf4b9f6b3d6b8b to remote] DEBUG org.asynchttpclient.netty.request.NettyRequestSender - Using open Channel [id: 0xf228c505, L:/127.0.0.1:51771 - R:localhost/127.0.0.1:50420] for GET '/session/7273f07e9f6dc5978fbf4b9f6b3d6b8b/screenshot'
12:44:30.879 [AsyncHttpClient-1-2] DEBUG org.asynchttpclient.netty.handler.HttpHandler - 

Request DefaultFullHttpRequest(decodeResult: success, version: HTTP/1.1, content: EmptyByteBufBE)
GET /session/7273f07e9f6dc5978fbf4b9f6b3d6b8b/screenshot HTTP/1.1
User-Agent: selenium/4.1.2 (java windows)
Cache-Control: no-cache
Content-Type: application/json; charset=utf-8
host: localhost:50420
accept: */*

Response DefaultHttpResponse(decodeResult: success, version: HTTP/1.1)
HTTP/1.1 200 OK
Content-Type: application/json; charset=utf-8
cache-control: no-cache
content-length: 39884

12:44:30.881 [AsyncHttpClient-1-2] DEBUG org.asynchttpclient.netty.channel.ChannelManager - Adding key: http://localhost:50420 for channel [id: 0xf228c505, L:/127.0.0.1:51771 - R:localhost/127.0.0.1:50420]
12:44:30.946 [AsyncHttpClient-1-1] DEBUG org.asynchttpclient.netty.channel.DefaultChannelPool - Entry count for : http://localhost:51772 : 1
12:44:30.946 [AsyncHttpClient-1-1] DEBUG org.asynchttpclient.netty.channel.DefaultChannelPool - Entry count for : http://localhost:50420 : 1
12:44:30.968 [main] DEBUG net.serenitybdd.core.photography.Darkroom - Send negative for processing for target\site\serenity\19db79e0884884dc162b422036a56b151573788fe74647ccc0544d022af0f340.png
12:44:30.968 [Darkroom Processing Line] DEBUG net.serenitybdd.core.photography.DarkroomProcessingLine - Processing screenshot image in /var/screenshots/screenshot-5078314633997692512
12:44:30.968 [Darkroom Processing Line] DEBUG net.serenitybdd.core.photography.DarkroomProcessingLine - Saving screenshot to target\site\serenity\19db79e0884884dc162b422036a56b151573788fe74647ccc0544d022af0f340.png
12:44:30.980 [Forwarding findElement on session 7273f07e9f6dc5978fbf4b9f6b3d6b8b to remote] DEBUG org.asynchttpclient.netty.request.NettyRequestSender - Using pooled Channel '[id: 0xf228c505, L:/127.0.0.1:51771 - R:localhost/127.0.0.1:50420]' for 'POST' to 'http://localhost:50420/session/7273f07e9f6dc5978fbf4b9f6b3d6b8b/element'
12:44:30.980 [Forwarding findElement on session 7273f07e9f6dc5978fbf4b9f6b3d6b8b to remote] DEBUG org.asynchttpclient.netty.request.NettyRequestSender - Using open Channel [id: 0xf228c505, L:/127.0.0.1:51771 - R:localhost/127.0.0.1:50420] for POST '/session/7273f07e9f6dc5978fbf4b9f6b3d6b8b/element'
12:44:30.990 [AsyncHttpClient-1-2] DEBUG org.asynchttpclient.netty.handler.HttpHandler - 

Request DefaultHttpRequest(decodeResult: success, version: HTTP/1.1)
POST /session/7273f07e9f6dc5978fbf4b9f6b3d6b8b/element HTTP/1.1
User-Agent: selenium/4.1.2 (java windows)
Content-Length: 112
Content-Type: application/json; charset=utf-8
host: localhost:50420
accept: */*

Response DefaultHttpResponse(decodeResult: success, version: HTTP/1.1)
HTTP/1.1 200 OK
Content-Type: application/json; charset=utf-8
cache-control: no-cache
content-length: 88

12:44:30.990 [AsyncHttpClient-1-2] DEBUG org.asynchttpclient.netty.channel.ChannelManager - Adding key: http://localhost:50420 for channel [id: 0xf228c505, L:/127.0.0.1:51771 - R:localhost/127.0.0.1:50420]
12:44:30.992 [Forwarding getElementTagName on session 7273f07e9f6dc5978fbf4b9f6b3d6b8b to remote] DEBUG org.asynchttpclient.netty.request.NettyRequestSender - Using pooled Channel '[id: 0xf228c505, L:/127.0.0.1:51771 - R:localhost/127.0.0.1:50420]' for 'GET' to 'http://localhost:50420/session/7273f07e9f6dc5978fbf4b9f6b3d6b8b/element/e73dd8b6-860e-4321-aedd-42e7bdddac4d/name'
12:44:30.992 [Forwarding getElementTagName on session 7273f07e9f6dc5978fbf4b9f6b3d6b8b to remote] DEBUG org.asynchttpclient.netty.request.NettyRequestSender - Using open Channel [id: 0xf228c505, L:/127.0.0.1:51771 - R:localhost/127.0.0.1:50420] for GET '/session/7273f07e9f6dc5978fbf4b9f6b3d6b8b/element/e73dd8b6-860e-4321-aedd-42e7bdddac4d/name'
12:44:30.996 [AsyncHttpClient-1-2] DEBUG org.asynchttpclient.netty.handler.HttpHandler - 

Request DefaultFullHttpRequest(decodeResult: success, version: HTTP/1.1, content: EmptyByteBufBE)
GET /session/7273f07e9f6dc5978fbf4b9f6b3d6b8b/element/e73dd8b6-860e-4321-aedd-42e7bdddac4d/name HTTP/1.1
User-Agent: selenium/4.1.2 (java windows)
Cache-Control: no-cache
Content-Type: application/json; charset=utf-8
host: localhost:50420
accept: */*

Response DefaultHttpResponse(decodeResult: success, version: HTTP/1.1)
HTTP/1.1 200 OK
Content-Type: application/json; charset=utf-8
cache-control: no-cache
content-length: 13

12:44:30.996 [AsyncHttpClient-1-2] DEBUG org.asynchttpclient.netty.channel.ChannelManager - Adding key: http://localhost:50420 for channel [id: 0xf228c505, L:/127.0.0.1:51771 - R:localhost/127.0.0.1:50420]
12:44:30.997 [Forwarding getElementTagName on session 7273f07e9f6dc5978fbf4b9f6b3d6b8b to remote] DEBUG org.asynchttpclient.netty.request.NettyRequestSender - Using pooled Channel '[id: 0xf228c505, L:/127.0.0.1:51771 - R:localhost/127.0.0.1:50420]' for 'GET' to 'http://localhost:50420/session/7273f07e9f6dc5978fbf4b9f6b3d6b8b/element/e73dd8b6-860e-4321-aedd-42e7bdddac4d/name'
12:44:30.998 [Forwarding getElementTagName on session 7273f07e9f6dc5978fbf4b9f6b3d6b8b to remote] DEBUG org.asynchttpclient.netty.request.NettyRequestSender - Using open Channel [id: 0xf228c505, L:/127.0.0.1:51771 - R:localhost/127.0.0.1:50420] for GET '/session/7273f07e9f6dc5978fbf4b9f6b3d6b8b/element/e73dd8b6-860e-4321-aedd-42e7bdddac4d/name'
12:44:31.001 [AsyncHttpClient-1-2] DEBUG org.asynchttpclient.netty.handler.HttpHandler - 

Request DefaultFullHttpRequest(decodeResult: success, version: HTTP/1.1, content: EmptyByteBufBE)
GET /session/7273f07e9f6dc5978fbf4b9f6b3d6b8b/element/e73dd8b6-860e-4321-aedd-42e7bdddac4d/name HTTP/1.1
User-Agent: selenium/4.1.2 (java windows)
Cache-Control: no-cache
Content-Type: application/json; charset=utf-8
host: localhost:50420
accept: */*

Response DefaultHttpResponse(decodeResult: success, version: HTTP/1.1)
HTTP/1.1 200 OK
Content-Type: application/json; charset=utf-8
cache-control: no-cache
content-length: 13

12:44:31.001 [AsyncHttpClient-1-2] DEBUG org.asynchttpclient.netty.channel.ChannelManager - Adding key: http://localhost:50420 for channel [id: 0xf228c505, L:/127.0.0.1:51771 - R:localhost/127.0.0.1:50420]
12:44:31.003 [Forwarding findElement on session 7273f07e9f6dc5978fbf4b9f6b3d6b8b to remote] DEBUG org.asynchttpclient.netty.request.NettyRequestSender - Using pooled Channel '[id: 0xf228c505, L:/127.0.0.1:51771 - R:localhost/127.0.0.1:50420]' for 'POST' to 'http://localhost:50420/session/7273f07e9f6dc5978fbf4b9f6b3d6b8b/element'
12:44:31.003 [Forwarding findElement on session 7273f07e9f6dc5978fbf4b9f6b3d6b8b to remote] DEBUG org.asynchttpclient.netty.request.NettyRequestSender - Using open Channel [id: 0xf228c505, L:/127.0.0.1:51771 - R:localhost/127.0.0.1:50420] for POST '/session/7273f07e9f6dc5978fbf4b9f6b3d6b8b/element'
12:44:31.010 [AsyncHttpClient-1-2] DEBUG org.asynchttpclient.netty.handler.HttpHandler - 

Request DefaultHttpRequest(decodeResult: success, version: HTTP/1.1)
POST /session/7273f07e9f6dc5978fbf4b9f6b3d6b8b/element HTTP/1.1
User-Agent: selenium/4.1.2 (java windows)
Content-Length: 112
Content-Type: application/json; charset=utf-8
host: localhost:50420
accept: */*

Response DefaultHttpResponse(decodeResult: success, version: HTTP/1.1)
HTTP/1.1 200 OK
Content-Type: application/json; charset=utf-8
cache-control: no-cache
content-length: 88

12:44:31.010 [AsyncHttpClient-1-2] DEBUG org.asynchttpclient.netty.channel.ChannelManager - Adding key: http://localhost:50420 for channel [id: 0xf228c505, L:/127.0.0.1:51771 - R:localhost/127.0.0.1:50420]
12:44:31.011 [Forwarding clickElement on session 7273f07e9f6dc5978fbf4b9f6b3d6b8b to remote] DEBUG org.asynchttpclient.netty.request.NettyRequestSender - Using pooled Channel '[id: 0xf228c505, L:/127.0.0.1:51771 - R:localhost/127.0.0.1:50420]' for 'POST' to 'http://localhost:50420/session/7273f07e9f6dc5978fbf4b9f6b3d6b8b/element/e73dd8b6-860e-4321-aedd-42e7bdddac4d/click'
12:44:31.011 [Forwarding clickElement on session 7273f07e9f6dc5978fbf4b9f6b3d6b8b to remote] DEBUG org.asynchttpclient.netty.request.NettyRequestSender - Using open Channel [id: 0xf228c505, L:/127.0.0.1:51771 - R:localhost/127.0.0.1:50420] for POST '/session/7273f07e9f6dc5978fbf4b9f6b3d6b8b/element/e73dd8b6-860e-4321-aedd-42e7bdddac4d/click'
12:44:31.037 [AsyncHttpClient-1-2] DEBUG org.asynchttpclient.netty.handler.HttpHandler - 

Request DefaultHttpRequest(decodeResult: success, version: HTTP/1.1)
POST /session/7273f07e9f6dc5978fbf4b9f6b3d6b8b/element/e73dd8b6-860e-4321-aedd-42e7bdddac4d/click HTTP/1.1
User-Agent: selenium/4.1.2 (java windows)
Content-Length: 50
Content-Type: application/json; charset=utf-8
host: localhost:50420
accept: */*

Response DefaultHttpResponse(decodeResult: success, version: HTTP/1.1)
HTTP/1.1 200 OK
Content-Type: application/json; charset=utf-8
cache-control: no-cache
content-length: 14

12:44:31.037 [AsyncHttpClient-1-2] DEBUG org.asynchttpclient.netty.channel.ChannelManager - Adding key: http://localhost:50420 for channel [id: 0xf228c505, L:/127.0.0.1:51771 - R:localhost/127.0.0.1:50420]
  &amp#27;[32mWhen &amp#27;[0m&amp#27;[32mI click cart button&amp#27;[0m       &amp#27;[90m# starter.stepdefinition.CartStep.iClickCartButton()&amp#27;[0m
12:44:31.042 [Forwarding screenshot on session 7273f07e9f6dc5978fbf4b9f6b3d6b8b to remote] DEBUG org.asynchttpclient.netty.request.NettyRequestSender - Using pooled Channel '[id: 0xf228c505, L:/127.0.0.1:51771 - R:localhost/127.0.0.1:50420]' for 'GET' to 'http://localhost:50420/session/7273f07e9f6dc5978fbf4b9f6b3d6b8b/screenshot'
12:44:31.042 [Forwarding screenshot on session 7273f07e9f6dc5978fbf4b9f6b3d6b8b to remote] DEBUG org.asynchttpclient.netty.request.NettyRequestSender - Using open Channel [id: 0xf228c505, L:/127.0.0.1:51771 - R:localhost/127.0.0.1:50420] for GET '/session/7273f07e9f6dc5978fbf4b9f6b3d6b8b/screenshot'
12:44:31.225 [AsyncHttpClient-1-2] DEBUG org.asynchttpclient.netty.handler.HttpHandler - 

Request DefaultFullHttpRequest(decodeResult: success, version: HTTP/1.1, content: EmptyByteBufBE)
GET /session/7273f07e9f6dc5978fbf4b9f6b3d6b8b/screenshot HTTP/1.1
User-Agent: selenium/4.1.2 (java windows)
Cache-Control: no-cache
Content-Type: application/json; charset=utf-8
host: localhost:50420
accept: */*

Response DefaultHttpResponse(decodeResult: success, version: HTTP/1.1)
HTTP/1.1 200 OK
Content-Type: application/json; charset=utf-8
cache-control: no-cache
content-length: 39996

12:44:31.226 [AsyncHttpClient-1-2] DEBUG org.asynchttpclient.netty.channel.ChannelManager - Adding key: http://localhost:50420 for channel [id: 0xf228c505, L:/127.0.0.1:51771 - R:localhost/127.0.0.1:50420]
12:44:31.227 [main] DEBUG net.serenitybdd.core.photography.Darkroom - Send negative for processing for target\site\serenity\28b50eb59df2a273c0fc137cdfc6a590d8f4a4f1ce53854f63aabc4dc67d00e1.png
12:44:31.228 [Darkroom Processing Line] DEBUG net.serenitybdd.core.photography.DarkroomProcessingLine - Processing screenshot image in /var/screenshots/screenshot-9695545265467786807
12:44:31.228 [Darkroom Processing Line] DEBUG net.serenitybdd.core.photography.DarkroomProcessingLine - Saving screenshot to target\site\serenity\28b50eb59df2a273c0fc137cdfc6a590d8f4a4f1ce53854f63aabc4dc67d00e1.png
12:44:31.235 [Forwarding findElement on session 7273f07e9f6dc5978fbf4b9f6b3d6b8b to remote] DEBUG org.asynchttpclient.netty.request.NettyRequestSender - Using pooled Channel '[id: 0xf228c505, L:/127.0.0.1:51771 - R:localhost/127.0.0.1:50420]' for 'POST' to 'http://localhost:50420/session/7273f07e9f6dc5978fbf4b9f6b3d6b8b/element'
12:44:31.235 [Forwarding findElement on session 7273f07e9f6dc5978fbf4b9f6b3d6b8b to remote] DEBUG org.asynchttpclient.netty.request.NettyRequestSender - Using open Channel [id: 0xf228c505, L:/127.0.0.1:51771 - R:localhost/127.0.0.1:50420] for POST '/session/7273f07e9f6dc5978fbf4b9f6b3d6b8b/element'
12:44:31.244 [AsyncHttpClient-1-2] DEBUG org.asynchttpclient.netty.handler.HttpHandler - 

Request DefaultHttpRequest(decodeResult: success, version: HTTP/1.1)
POST /session/7273f07e9f6dc5978fbf4b9f6b3d6b8b/element HTTP/1.1
User-Agent: selenium/4.1.2 (java windows)
Content-Length: 72
Content-Type: application/json; charset=utf-8
host: localhost:50420
accept: */*

Response DefaultHttpResponse(decodeResult: success, version: HTTP/1.1)
HTTP/1.1 200 OK
Content-Type: application/json; charset=utf-8
cache-control: no-cache
content-length: 88

12:44:31.244 [AsyncHttpClient-1-2] DEBUG org.asynchttpclient.netty.channel.ChannelManager - Adding key: http://localhost:50420 for channel [id: 0xf228c505, L:/127.0.0.1:51771 - R:localhost/127.0.0.1:50420]
12:44:31.247 [Forwarding isElementDisplayed on session 7273f07e9f6dc5978fbf4b9f6b3d6b8b to remote] DEBUG org.asynchttpclient.netty.request.NettyRequestSender - Using pooled Channel '[id: 0xf228c505, L:/127.0.0.1:51771 - R:localhost/127.0.0.1:50420]' for 'POST' to 'http://localhost:50420/session/7273f07e9f6dc5978fbf4b9f6b3d6b8b/execute/sync'
12:44:31.247 [Forwarding isElementDisplayed on session 7273f07e9f6dc5978fbf4b9f6b3d6b8b to remote] DEBUG org.asynchttpclient.netty.request.NettyRequestSender - Using open Channel [id: 0xf228c505, L:/127.0.0.1:51771 - R:localhost/127.0.0.1:50420] for POST '/session/7273f07e9f6dc5978fbf4b9f6b3d6b8b/execute/sync'
12:44:31.260 [AsyncHttpClient-1-2] DEBUG org.asynchttpclient.netty.handler.HttpHandler - 

Request DefaultHttpRequest(decodeResult: success, version: HTTP/1.1)
POST /session/7273f07e9f6dc5978fbf4b9f6b3d6b8b/execute/sync HTTP/1.1
User-Agent: selenium/4.1.2 (java windows)
Content-Length: 48780
Content-Type: application/json; charset=utf-8
host: localhost:50420
accept: */*

Response DefaultHttpResponse(decodeResult: success, version: HTTP/1.1)
HTTP/1.1 200 OK
Content-Type: application/json; charset=utf-8
cache-control: no-cache
content-length: 14

12:44:31.260 [AsyncHttpClient-1-2] DEBUG org.asynchttpclient.netty.channel.ChannelManager - Adding key: http://localhost:50420 for channel [id: 0xf228c505, L:/127.0.0.1:51771 - R:localhost/127.0.0.1:50420]
  &amp#27;[32mThen &amp#27;[0m&amp#27;[32mI will get added products&amp#27;[0m &amp#27;[90m# starter.stepdefinition.CartStep.iWillGetAddedProducts()&amp#27;[0m
12:44:31.266 [main] INFO  - 
  _____   ___   ___   _____     ___     _     ___   ___   ___   ___  
 |_   _| | __| / __| |_   _|   | _ \   /_\   / __| / __| | __| |   \ 
   | |   | _|  \__ \   | |     |  _/  / _ \  \__ \ \__ \ | _|  | |) |
   |_|   |___| |___/   |_|     |_|   /_/ \_\ |___/ |___/ |___| |___/ 

Check a product
----------------------------------------------------------------------
12:44:31.350 [Driver Command Executor] DEBUG org.asynchttpclient.netty.request.NettyRequestSender - Using pooled Channel '[id: 0xf228c505, L:/127.0.0.1:51771 - R:localhost/127.0.0.1:50420]' for 'DELETE' to 'http://localhost:50420/session/7273f07e9f6dc5978fbf4b9f6b3d6b8b'
12:44:31.350 [Driver Command Executor] DEBUG org.asynchttpclient.netty.request.NettyRequestSender - Using open Channel [id: 0xf228c505, L:/127.0.0.1:51771 - R:localhost/127.0.0.1:50420] for DELETE '/session/7273f07e9f6dc5978fbf4b9f6b3d6b8b'
12:44:31.351 [AsyncHttpClient-1-4] DEBUG org.asynchttpclient.netty.handler.WebSocketHandler - Channel Closed: [id: 0xe0475dab, L:/127.0.0.1:51779 ! R:localhost/127.0.0.1:51772] with attribute NettyResponseFuture{currentRetry=5,
	isDone=1,
	isCancelled=0,
	asyncHandler=org.asynchttpclient.ws.WebSocketUpgradeHandler@34f987ae,
	nettyRequest=org.asynchttpclient.netty.request.NettyRequest@23e30bba,
	future=java.util.concurrent.CompletableFuture@625dd581[Completed normally],
	uri=ws://localhost:51772/devtools/browser/097f31b0-3acd-4b61-bb7f-6bec00d44ff1,
	keepAlive=true,
	redirectCount=0,
	timeoutsHolder=null,
	inAuth=0,
	touch=1667972667766}
12:44:31.351 [AsyncHttpClient-1-4] DEBUG org.asynchttpclient.netty.channel.ChannelManager - Closing Channel [id: 0xe0475dab, L:/127.0.0.1:51779 ! R:localhost/127.0.0.1:51772] 
12:44:31.386 [AsyncHttpClient-1-3] DEBUG org.asynchttpclient.netty.handler.HttpHandler - Unexpected I/O exception on channel [id: 0xfe65cab0, L:/127.0.0.1:51778 - R:localhost/127.0.0.1:51772]
java.io.IOException: An existing connection was forcibly closed by the remote host
	at java.base/sun.nio.ch.SocketDispatcher.read0(Native Method)
	at java.base/sun.nio.ch.SocketDispatcher.read(SocketDispatcher.java:43)
	at java.base/sun.nio.ch.IOUtil.readIntoNativeBuffer(IOUtil.java:276)
	at java.base/sun.nio.ch.IOUtil.read(IOUtil.java:233)
	at java.base/sun.nio.ch.IOUtil.read(IOUtil.java:223)
	at java.base/sun.nio.ch.SocketChannelImpl.read(SocketChannelImpl.java:358)
	at io.netty.buffer.PooledByteBuf.setBytes(PooledByteBuf.java:258)
	at io.netty.buffer.AbstractByteBuf.writeBytes(AbstractByteBuf.java:1132)
	at io.netty.channel.socket.nio.NioSocketChannel.doReadBytes(NioSocketChannel.java:350)
	at io.netty.channel.nio.AbstractNioByteChannel$NioByteUnsafe.read(AbstractNioByteChannel.java:151)
	at io.netty.channel.nio.NioEventLoop.processSelectedKey(NioEventLoop.java:722)
	at io.netty.channel.nio.NioEventLoop.processSelectedKeysOptimized(NioEventLoop.java:658)
	at io.netty.channel.nio.NioEventLoop.processSelectedKeys(NioEventLoop.java:584)
	at io.netty.channel.nio.NioEventLoop.run(NioEventLoop.java:496)
	at io.netty.util.concurrent.SingleThreadEventExecutor$4.run(SingleThreadEventExecutor.java:986)
	at io.netty.util.internal.ThreadExecutorMap$2.run(ThreadExecutorMap.java:74)
	at io.netty.util.concurrent.FastThreadLocalRunnable.run(FastThreadLocalRunnable.java:30)
	at java.base/java.lang.Thread.run(Thread.java:834)
12:44:31.386 [AsyncHttpClient-1-3] DEBUG org.asynchttpclient.netty.channel.ChannelManager - Closing Channel [id: 0xfe65cab0, L:/127.0.0.1:51778 - R:localhost/127.0.0.1:51772] 
12:44:31.389 [AsyncHttpClient-1-3] DEBUG org.asynchttpclient.netty.handler.HttpHandler - Channel Closed: [id: 0xfe65cab0, L:/127.0.0.1:51778 ! R:localhost/127.0.0.1:51772] with attribute DISCARD
12:44:31.395 [AsyncHttpClient-1-2] DEBUG org.asynchttpclient.netty.handler.HttpHandler - 

Request DefaultFullHttpRequest(decodeResult: success, version: HTTP/1.1, content: EmptyByteBufBE)
DELETE /session/7273f07e9f6dc5978fbf4b9f6b3d6b8b HTTP/1.1
User-Agent: selenium/4.1.2 (java windows)
Content-Type: application/json; charset=utf-8
host: localhost:50420
accept: */*

Response DefaultHttpResponse(decodeResult: success, version: HTTP/1.1)
HTTP/1.1 200 OK
Content-Type: application/json; charset=utf-8
cache-control: no-cache
content-length: 14

12:44:31.397 [AsyncHttpClient-1-2] DEBUG org.asynchttpclient.netty.channel.ChannelManager - Adding key: http://localhost:50420 for channel [id: 0xf228c505, L:/127.0.0.1:51771 - R:localhost/127.0.0.1:50420]
12:44:31.440 [AsyncHttpClient-1-2] DEBUG org.asynchttpclient.netty.handler.HttpHandler - Channel Closed: [id: 0xf228c505, L:/127.0.0.1:51771 ! R:localhost/127.0.0.1:50420] with attribute DISCARD
]]></system-out>
    <system-err><![CDATA[Starting ChromeDriver 107.0.5304.62 (1eec40d3a5764881c92085aaee66d25075c159aa-refs/branch-heads/5304@{#942}) on port 50420
Only local connections are allowed.
Please see https://chromedriver.chromium.org/security-considerations for suggestions on keeping ChromeDriver safe.
ChromeDriver was started successfully.
Nov 09, 2022 12:44:27 PM org.openqa.selenium.remote.ProtocolHandshake createSession
INFO: Detected dialect: W3C
Nov 09, 2022 12:44:27 PM org.openqa.selenium.devtools.CdpVersionFinder findNearestMatch
WARNING: Unable to find an exact match for CDP version 107, so returning the closest version found: a no-op implementation
Nov 09, 2022 12:44:27 PM org.openqa.selenium.devtools.CdpVersionFinder findNearestMatch
INFO: Unable to find CDP implementation matching 107.
Nov 09, 2022 12:44:27 PM org.openqa.selenium.chromium.ChromiumDriver lambda$new$3
WARNING: Unable to find version of CDP to use for . You may need to include a dependency on a specific version of the CDP using something similar to `org.seleniumhq.selenium:selenium-devtools-v86:4.1.2` where the version ("v86") matches the version of the chromium-based browser you're using and the version number of the artifact is the same as Selenium's.
]]></system-err>
  </testcase>
  <testcase name="Login with email and password #1" classname="Login" time="8.192">
    <system-out><![CDATA[12:44:31.538 [main] INFO io.cucumber.core.plugin.SerenityReporter - Running feature from file:///C:/Users/ASUS/Web/src/test/resources/features/login.feature
12:44:31.541 [main] DEBUG net.thucydides.core.steps.StepEventBus - Test suite started for story net.thucydides.core.model.Story@f388ff28
12:44:31.541 [main] INFO  - Test Suite Started: Login

@Login
Scenario Outline: Login with email and password &amp#27;[90m# src/test/resources/features/login.feature:16&amp#27;[0m
12:44:31.554 [main] INFO io.cucumber.core.plugin.SerenityReporter - Running feature from file:///C:/Users/ASUS/Web/src/test/resources/features/login.feature
12:44:31.562 [main] INFO  - 
  _____   ___   ___   _____     ___   _____     _     ___   _____   ___   ___  
 |_   _| | __| / __| |_   _|   / __| |_   _|   /_\   | _ \ |_   _| | __| |   \ 
   | |   | _|  \__ \   | |     \__ \   | |    / _ \  |   /   | |   | _|  | |) |
   |_|   |___| |___/   |_|     |___/   |_|   /_/ \_\ |_|_\   |_|   |___| |___/ 

Login with email and password(login;login-with-email-and-password)
--------------------------------------------------------------------------------
12:44:31.589 [main] INFO net.serenitybdd.core.webdriver.driverproviders.ChromeDriverProvider - Using automatically driver download
12:44:31.687 [main] DEBUG io.github.bonigarcia.wdm.cache.ResolutionCache - Resolution chrome=107 in cache (valid until 13:44:11 09/11/2022 ICT)
12:44:31.693 [main] DEBUG io.github.bonigarcia.wdm.cache.ResolutionCache - Resolution chrome107=107.0.5304.62 in cache (valid until 12:48:49 09/11/2022 ICT)
12:44:31.696 [main] INFO io.github.bonigarcia.wdm.WebDriverManager - Using chromedriver 107.0.5304.62 (resolved driver for Chrome 107)
12:44:31.706 [main] DEBUG io.github.bonigarcia.wdm.WebDriverManager - Driver chromedriver 107.0.5304.62 found in cache
12:44:31.706 [main] INFO io.github.bonigarcia.wdm.WebDriverManager - Exporting webdriver.chrome.driver as C:\Users\ASUS\.cache\selenium\chromedriver\win32\107.0.5304.62\chromedriver.exe
12:44:31.805 [main] DEBUG net.serenitybdd.core.webdriver.driverproviders.ProvideNewDriver - Instantiating driver
12:44:31.805 [main] DEBUG net.serenitybdd.core.webdriver.driverproviders.ProvideNewDriver - Driver capabilities: Capabilities {acceptInsecureCerts: false, base.url: https://alta-shop.vercel.app/, browserName: chrome, chrome.driver: src/test/resources/webdrive..., driver: chrome, goog:chromeOptions: {args: [], extensions: []}}
12:44:31.890 [AsyncHttpClient-1-5] DEBUG org.asynchttpclient.netty.channel.NettyConnectListener - Using new Channel '[id: 0x4c79ad74, L:/127.0.0.1:51795 - R:localhost/127.0.0.1:53478]' for 'POST' to '/session'
12:44:32.049 [AsyncHttpClient-1-1] DEBUG org.asynchttpclient.netty.channel.DefaultChannelPool - Entry count for : http://localhost:51772 : 1
12:44:32.049 [AsyncHttpClient-1-1] DEBUG org.asynchttpclient.netty.channel.DefaultChannelPool - Entry count for : http://localhost:50420 : 1
12:44:32.049 [AsyncHttpClient-1-1] DEBUG org.asynchttpclient.netty.channel.DefaultChannelPool - Adding Candidate expired Channel [id: 0xfe65cab0, L:/127.0.0.1:51778 ! R:localhost/127.0.0.1:51772] isIdleTimeoutExpired=false isRemotelyClosed=true isTtlExpired=false
12:44:32.049 [AsyncHttpClient-1-1] DEBUG org.asynchttpclient.netty.channel.DefaultChannelPool - Closing Idle Channel [id: 0xfe65cab0, L:/127.0.0.1:51778 ! R:localhost/127.0.0.1:51772]
12:44:32.049 [AsyncHttpClient-1-1] DEBUG org.asynchttpclient.netty.channel.DefaultChannelPool - Adding Candidate expired Channel [id: 0xf228c505, L:/127.0.0.1:51771 ! R:localhost/127.0.0.1:50420] isIdleTimeoutExpired=false isRemotelyClosed=true isTtlExpired=false
12:44:32.049 [AsyncHttpClient-1-1] DEBUG org.asynchttpclient.netty.channel.DefaultChannelPool - Closing Idle Channel [id: 0xf228c505, L:/127.0.0.1:51771 ! R:localhost/127.0.0.1:50420]
12:44:32.049 [AsyncHttpClient-1-1] DEBUG org.asynchttpclient.netty.channel.DefaultChannelPool - Closed 2 connections out of 2 in 0 ms
12:44:34.775 [AsyncHttpClient-1-5] DEBUG org.asynchttpclient.netty.handler.HttpHandler - 

Request DefaultHttpRequest(decodeResult: success, version: HTTP/1.1)
POST /session HTTP/1.1
User-Agent: selenium/4.1.2 (java windows)
Content-Length: 615
Content-Type: application/json; charset=utf-8
host: localhost:53478
accept: */*

Response DefaultHttpResponse(decodeResult: success, version: HTTP/1.1)
HTTP/1.1 200 OK
Content-Type: application/json; charset=utf-8
cache-control: no-cache
content-length: 789

12:44:34.775 [AsyncHttpClient-1-5] DEBUG org.asynchttpclient.netty.channel.ChannelManager - Adding key: http://localhost:53478 for channel [id: 0x4c79ad74, L:/127.0.0.1:51795 - R:localhost/127.0.0.1:53478]
12:44:34.791 [AsyncHttpClient-1-6] DEBUG org.asynchttpclient.netty.channel.NettyConnectListener - Using new Channel '[id: 0x1dd19019, L:/127.0.0.1:51802 - R:localhost/127.0.0.1:51796]' for 'GET' to '/json/version'
12:44:34.805 [AsyncHttpClient-1-6] DEBUG org.asynchttpclient.netty.handler.HttpHandler - 

Request DefaultFullHttpRequest(decodeResult: success, version: HTTP/1.1, content: EmptyByteBufBE)
GET /json/version HTTP/1.1
User-Agent: selenium/4.1.2 (java windows)
host: localhost:51796
accept: */*

Response DefaultHttpResponse(decodeResult: success, version: HTTP/1.1)
HTTP/1.1 200 OK
Content-Type: application/json; charset=UTF-8
content-length: 423

12:44:34.805 [AsyncHttpClient-1-6] DEBUG org.asynchttpclient.netty.channel.ChannelManager - Adding key: http://localhost:51796 for channel [id: 0x1dd19019, L:/127.0.0.1:51802 - R:localhost/127.0.0.1:51796]
12:44:34.810 [AsyncHttpClient-1-7] DEBUG org.asynchttpclient.netty.channel.NettyConnectListener - Using new Channel '[id: 0xa0f2bff9, L:/127.0.0.1:51803 - R:localhost/127.0.0.1:51796]' for 'GET' to '/devtools/browser/d4d35b2e-3e4d-44bc-893f-57eace267d83'
12:44:34.823 [AsyncHttpClient-1-7] DEBUG org.asynchttpclient.netty.handler.WebSocketHandler - 

Request DefaultFullHttpRequest(decodeResult: success, version: HTTP/1.1, content: EmptyByteBufBE)
GET /devtools/browser/d4d35b2e-3e4d-44bc-893f-57eace267d83 HTTP/1.1
upgrade: websocket
connection: upgrade
sec-websocket-key: gs3ttelQ/XNGr32ylBgqig==
sec-websocket-version: 13
origin: http://localhost:51796
host: localhost:51796
accept: */*
user-agent: AHC/2.1

Response DefaultHttpResponse(decodeResult: success, version: HTTP/1.1)
HTTP/1.1 101 WebSocket Protocol Handshake
Upgrade: WebSocket
Connection: Upgrade
Sec-WebSocket-Accept: oIG1DmOWUnpWalaDERHQ01Ehlvw=

12:44:34.829 [Forwarding get on session c00cff6e928296963a5bad286bf28c4c to remote] DEBUG org.asynchttpclient.netty.request.NettyRequestSender - Using pooled Channel '[id: 0x4c79ad74, L:/127.0.0.1:51795 - R:localhost/127.0.0.1:53478]' for 'POST' to 'http://localhost:53478/session/c00cff6e928296963a5bad286bf28c4c/url'
12:44:34.829 [Forwarding get on session c00cff6e928296963a5bad286bf28c4c to remote] DEBUG org.asynchttpclient.netty.request.NettyRequestSender - Using open Channel [id: 0x4c79ad74, L:/127.0.0.1:51795 - R:localhost/127.0.0.1:53478] for POST '/session/c00cff6e928296963a5bad286bf28c4c/url'
12:44:35.345 [AsyncHttpClient-1-1] DEBUG org.asynchttpclient.netty.channel.DefaultChannelPool - Entry count for : http://localhost:51796 : 1
12:44:36.447 [AsyncHttpClient-1-1] DEBUG org.asynchttpclient.netty.channel.DefaultChannelPool - Entry count for : http://localhost:51796 : 1
12:44:36.632 [AsyncHttpClient-1-5] DEBUG org.asynchttpclient.netty.handler.HttpHandler - 

Request DefaultHttpRequest(decodeResult: success, version: HTTP/1.1)
POST /session/c00cff6e928296963a5bad286bf28c4c/url HTTP/1.1
User-Agent: selenium/4.1.2 (java windows)
Content-Length: 59
Content-Type: application/json; charset=utf-8
host: localhost:53478
accept: */*

Response DefaultHttpResponse(decodeResult: success, version: HTTP/1.1)
HTTP/1.1 200 OK
Content-Type: application/json; charset=utf-8
cache-control: no-cache
content-length: 14

12:44:36.632 [AsyncHttpClient-1-5] DEBUG org.asynchttpclient.netty.channel.ChannelManager - Adding key: http://localhost:53478 for channel [id: 0x4c79ad74, L:/127.0.0.1:51795 - R:localhost/127.0.0.1:53478]
12:44:36.634 [Forwarding setTimeout on session c00cff6e928296963a5bad286bf28c4c to remote] DEBUG org.asynchttpclient.netty.request.NettyRequestSender - Using pooled Channel '[id: 0x4c79ad74, L:/127.0.0.1:51795 - R:localhost/127.0.0.1:53478]' for 'POST' to 'http://localhost:53478/session/c00cff6e928296963a5bad286bf28c4c/timeouts'
12:44:36.634 [Forwarding setTimeout on session c00cff6e928296963a5bad286bf28c4c to remote] DEBUG org.asynchttpclient.netty.request.NettyRequestSender - Using open Channel [id: 0x4c79ad74, L:/127.0.0.1:51795 - R:localhost/127.0.0.1:53478] for POST '/session/c00cff6e928296963a5bad286bf28c4c/timeouts'
12:44:36.635 [AsyncHttpClient-1-5] DEBUG org.asynchttpclient.netty.handler.HttpHandler - 

Request DefaultHttpRequest(decodeResult: success, version: HTTP/1.1)
POST /session/c00cff6e928296963a5bad286bf28c4c/timeouts HTTP/1.1
User-Agent: selenium/4.1.2 (java windows)
Content-Length: 22
Content-Type: application/json; charset=utf-8
host: localhost:53478
accept: */*

Response DefaultHttpResponse(decodeResult: success, version: HTTP/1.1)
HTTP/1.1 200 OK
Content-Type: application/json; charset=utf-8
cache-control: no-cache
content-length: 14

12:44:36.635 [AsyncHttpClient-1-5] DEBUG org.asynchttpclient.netty.channel.ChannelManager - Adding key: http://localhost:53478 for channel [id: 0x4c79ad74, L:/127.0.0.1:51795 - R:localhost/127.0.0.1:53478]
12:44:36.637 [Forwarding getCurrentUrl on session c00cff6e928296963a5bad286bf28c4c to remote] DEBUG org.asynchttpclient.netty.request.NettyRequestSender - Using pooled Channel '[id: 0x4c79ad74, L:/127.0.0.1:51795 - R:localhost/127.0.0.1:53478]' for 'GET' to 'http://localhost:53478/session/c00cff6e928296963a5bad286bf28c4c/url'
12:44:36.637 [Forwarding getCurrentUrl on session c00cff6e928296963a5bad286bf28c4c to remote] DEBUG org.asynchttpclient.netty.request.NettyRequestSender - Using open Channel [id: 0x4c79ad74, L:/127.0.0.1:51795 - R:localhost/127.0.0.1:53478] for GET '/session/c00cff6e928296963a5bad286bf28c4c/url'
12:44:36.642 [AsyncHttpClient-1-5] DEBUG org.asynchttpclient.netty.handler.HttpHandler - 

Request DefaultFullHttpRequest(decodeResult: success, version: HTTP/1.1, content: EmptyByteBufBE)
GET /session/c00cff6e928296963a5bad286bf28c4c/url HTTP/1.1
User-Agent: selenium/4.1.2 (java windows)
Cache-Control: no-cache
Content-Type: application/json; charset=utf-8
host: localhost:53478
accept: */*

Response DefaultHttpResponse(decodeResult: success, version: HTTP/1.1)
HTTP/1.1 200 OK
Content-Type: application/json; charset=utf-8
cache-control: no-cache
content-length: 41

12:44:36.642 [AsyncHttpClient-1-5] DEBUG org.asynchttpclient.netty.channel.ChannelManager - Adding key: http://localhost:53478 for channel [id: 0x4c79ad74, L:/127.0.0.1:51795 - R:localhost/127.0.0.1:53478]
  &amp#27;[32mGiven &amp#27;[0m&amp#27;[32mI am on home page&amp#27;[0m                       &amp#27;[90m# starter.stepdefinition.LoginStep.iAmOnHomePage()&amp#27;[0m
12:44:36.646 [main] DEBUG net.serenitybdd.core.photography.Darkroom - Opening darkroom
12:44:36.646 [Darkroom Processing Line] DEBUG net.serenitybdd.core.photography.DarkroomProcessingLine - Darkroom processing line starting up
12:44:36.647 [Forwarding screenshot on session c00cff6e928296963a5bad286bf28c4c to remote] DEBUG org.asynchttpclient.netty.request.NettyRequestSender - Using pooled Channel '[id: 0x4c79ad74, L:/127.0.0.1:51795 - R:localhost/127.0.0.1:53478]' for 'GET' to 'http://localhost:53478/session/c00cff6e928296963a5bad286bf28c4c/screenshot'
12:44:36.647 [Forwarding screenshot on session c00cff6e928296963a5bad286bf28c4c to remote] DEBUG org.asynchttpclient.netty.request.NettyRequestSender - Using open Channel [id: 0x4c79ad74, L:/127.0.0.1:51795 - R:localhost/127.0.0.1:53478] for GET '/session/c00cff6e928296963a5bad286bf28c4c/screenshot'
12:44:36.879 [AsyncHttpClient-1-5] DEBUG org.asynchttpclient.netty.handler.HttpHandler - 

Request DefaultFullHttpRequest(decodeResult: success, version: HTTP/1.1, content: EmptyByteBufBE)
GET /session/c00cff6e928296963a5bad286bf28c4c/screenshot HTTP/1.1
User-Agent: selenium/4.1.2 (java windows)
Cache-Control: no-cache
Content-Type: application/json; charset=utf-8
host: localhost:53478
accept: */*

Response DefaultHttpResponse(decodeResult: success, version: HTTP/1.1)
HTTP/1.1 200 OK
Content-Type: application/json; charset=utf-8
cache-control: no-cache
content-length: 33164

12:44:36.880 [AsyncHttpClient-1-5] DEBUG org.asynchttpclient.netty.channel.ChannelManager - Adding key: http://localhost:53478 for channel [id: 0x4c79ad74, L:/127.0.0.1:51795 - R:localhost/127.0.0.1:53478]
12:44:36.884 [main] DEBUG net.serenitybdd.core.photography.Darkroom - Send negative for processing for target\site\serenity\e52d4dd475710fa7616deb931780ec1a7271f9d54cf40c8e2c94433b00808149.png
12:44:36.884 [Darkroom Processing Line] DEBUG net.serenitybdd.core.photography.DarkroomProcessingLine - Processing screenshot image in /var/screenshots/screenshot-2292081460538849497
12:44:36.884 [Darkroom Processing Line] DEBUG net.serenitybdd.core.photography.DarkroomProcessingLine - Saving screenshot to target\site\serenity\e52d4dd475710fa7616deb931780ec1a7271f9d54cf40c8e2c94433b00808149.png
12:44:36.891 [Forwarding findElement on session c00cff6e928296963a5bad286bf28c4c to remote] DEBUG org.asynchttpclient.netty.request.NettyRequestSender - Using pooled Channel '[id: 0x4c79ad74, L:/127.0.0.1:51795 - R:localhost/127.0.0.1:53478]' for 'POST' to 'http://localhost:53478/session/c00cff6e928296963a5bad286bf28c4c/element'
12:44:36.891 [Forwarding findElement on session c00cff6e928296963a5bad286bf28c4c to remote] DEBUG org.asynchttpclient.netty.request.NettyRequestSender - Using open Channel [id: 0x4c79ad74, L:/127.0.0.1:51795 - R:localhost/127.0.0.1:53478] for POST '/session/c00cff6e928296963a5bad286bf28c4c/element'
12:44:36.906 [AsyncHttpClient-1-5] DEBUG org.asynchttpclient.netty.handler.HttpHandler - 

Request DefaultHttpRequest(decodeResult: success, version: HTTP/1.1)
POST /session/c00cff6e928296963a5bad286bf28c4c/element HTTP/1.1
User-Agent: selenium/4.1.2 (java windows)
Content-Length: 97
Content-Type: application/json; charset=utf-8
host: localhost:53478
accept: */*

Response DefaultHttpResponse(decodeResult: success, version: HTTP/1.1)
HTTP/1.1 200 OK
Content-Type: application/json; charset=utf-8
cache-control: no-cache
content-length: 88

12:44:36.906 [AsyncHttpClient-1-5] DEBUG org.asynchttpclient.netty.channel.ChannelManager - Adding key: http://localhost:53478 for channel [id: 0x4c79ad74, L:/127.0.0.1:51795 - R:localhost/127.0.0.1:53478]
12:44:36.907 [Forwarding getElementTagName on session c00cff6e928296963a5bad286bf28c4c to remote] DEBUG org.asynchttpclient.netty.request.NettyRequestSender - Using pooled Channel '[id: 0x4c79ad74, L:/127.0.0.1:51795 - R:localhost/127.0.0.1:53478]' for 'GET' to 'http://localhost:53478/session/c00cff6e928296963a5bad286bf28c4c/element/09fbb89f-f077-4638-951e-04fff8ad5bcc/name'
12:44:36.907 [Forwarding getElementTagName on session c00cff6e928296963a5bad286bf28c4c to remote] DEBUG org.asynchttpclient.netty.request.NettyRequestSender - Using open Channel [id: 0x4c79ad74, L:/127.0.0.1:51795 - R:localhost/127.0.0.1:53478] for GET '/session/c00cff6e928296963a5bad286bf28c4c/element/09fbb89f-f077-4638-951e-04fff8ad5bcc/name'
12:44:36.912 [AsyncHttpClient-1-5] DEBUG org.asynchttpclient.netty.handler.HttpHandler - 

Request DefaultFullHttpRequest(decodeResult: success, version: HTTP/1.1, content: EmptyByteBufBE)
GET /session/c00cff6e928296963a5bad286bf28c4c/element/09fbb89f-f077-4638-951e-04fff8ad5bcc/name HTTP/1.1
User-Agent: selenium/4.1.2 (java windows)
Cache-Control: no-cache
Content-Type: application/json; charset=utf-8
host: localhost:53478
accept: */*

Response DefaultHttpResponse(decodeResult: success, version: HTTP/1.1)
HTTP/1.1 200 OK
Content-Type: application/json; charset=utf-8
cache-control: no-cache
content-length: 13

12:44:36.912 [AsyncHttpClient-1-5] DEBUG org.asynchttpclient.netty.channel.ChannelManager - Adding key: http://localhost:53478 for channel [id: 0x4c79ad74, L:/127.0.0.1:51795 - R:localhost/127.0.0.1:53478]
12:44:36.913 [Forwarding getElementTagName on session c00cff6e928296963a5bad286bf28c4c to remote] DEBUG org.asynchttpclient.netty.request.NettyRequestSender - Using pooled Channel '[id: 0x4c79ad74, L:/127.0.0.1:51795 - R:localhost/127.0.0.1:53478]' for 'GET' to 'http://localhost:53478/session/c00cff6e928296963a5bad286bf28c4c/element/09fbb89f-f077-4638-951e-04fff8ad5bcc/name'
12:44:36.913 [Forwarding getElementTagName on session c00cff6e928296963a5bad286bf28c4c to remote] DEBUG org.asynchttpclient.netty.request.NettyRequestSender - Using open Channel [id: 0x4c79ad74, L:/127.0.0.1:51795 - R:localhost/127.0.0.1:53478] for GET '/session/c00cff6e928296963a5bad286bf28c4c/element/09fbb89f-f077-4638-951e-04fff8ad5bcc/name'
12:44:36.917 [AsyncHttpClient-1-5] DEBUG org.asynchttpclient.netty.handler.HttpHandler - 

Request DefaultFullHttpRequest(decodeResult: success, version: HTTP/1.1, content: EmptyByteBufBE)
GET /session/c00cff6e928296963a5bad286bf28c4c/element/09fbb89f-f077-4638-951e-04fff8ad5bcc/name HTTP/1.1
User-Agent: selenium/4.1.2 (java windows)
Cache-Control: no-cache
Content-Type: application/json; charset=utf-8
host: localhost:53478
accept: */*

Response DefaultHttpResponse(decodeResult: success, version: HTTP/1.1)
HTTP/1.1 200 OK
Content-Type: application/json; charset=utf-8
cache-control: no-cache
content-length: 13

12:44:36.917 [AsyncHttpClient-1-5] DEBUG org.asynchttpclient.netty.channel.ChannelManager - Adding key: http://localhost:53478 for channel [id: 0x4c79ad74, L:/127.0.0.1:51795 - R:localhost/127.0.0.1:53478]
12:44:36.922 [Forwarding findElement on session c00cff6e928296963a5bad286bf28c4c to remote] DEBUG org.asynchttpclient.netty.request.NettyRequestSender - Using pooled Channel '[id: 0x4c79ad74, L:/127.0.0.1:51795 - R:localhost/127.0.0.1:53478]' for 'POST' to 'http://localhost:53478/session/c00cff6e928296963a5bad286bf28c4c/element'
12:44:36.922 [Forwarding findElement on session c00cff6e928296963a5bad286bf28c4c to remote] DEBUG org.asynchttpclient.netty.request.NettyRequestSender - Using open Channel [id: 0x4c79ad74, L:/127.0.0.1:51795 - R:localhost/127.0.0.1:53478] for POST '/session/c00cff6e928296963a5bad286bf28c4c/element'
12:44:36.930 [AsyncHttpClient-1-5] DEBUG org.asynchttpclient.netty.handler.HttpHandler - 

Request DefaultHttpRequest(decodeResult: success, version: HTTP/1.1)
POST /session/c00cff6e928296963a5bad286bf28c4c/element HTTP/1.1
User-Agent: selenium/4.1.2 (java windows)
Content-Length: 97
Content-Type: application/json; charset=utf-8
host: localhost:53478
accept: */*

Response DefaultHttpResponse(decodeResult: success, version: HTTP/1.1)
HTTP/1.1 200 OK
Content-Type: application/json; charset=utf-8
cache-control: no-cache
content-length: 88

12:44:36.930 [AsyncHttpClient-1-5] DEBUG org.asynchttpclient.netty.channel.ChannelManager - Adding key: http://localhost:53478 for channel [id: 0x4c79ad74, L:/127.0.0.1:51795 - R:localhost/127.0.0.1:53478]
12:44:36.931 [Forwarding clickElement on session c00cff6e928296963a5bad286bf28c4c to remote] DEBUG org.asynchttpclient.netty.request.NettyRequestSender - Using pooled Channel '[id: 0x4c79ad74, L:/127.0.0.1:51795 - R:localhost/127.0.0.1:53478]' for 'POST' to 'http://localhost:53478/session/c00cff6e928296963a5bad286bf28c4c/element/09fbb89f-f077-4638-951e-04fff8ad5bcc/click'
12:44:36.931 [Forwarding clickElement on session c00cff6e928296963a5bad286bf28c4c to remote] DEBUG org.asynchttpclient.netty.request.NettyRequestSender - Using open Channel [id: 0x4c79ad74, L:/127.0.0.1:51795 - R:localhost/127.0.0.1:53478] for POST '/session/c00cff6e928296963a5bad286bf28c4c/element/09fbb89f-f077-4638-951e-04fff8ad5bcc/click'
12:44:36.974 [AsyncHttpClient-1-5] DEBUG org.asynchttpclient.netty.handler.HttpHandler - 

Request DefaultHttpRequest(decodeResult: success, version: HTTP/1.1)
POST /session/c00cff6e928296963a5bad286bf28c4c/element/09fbb89f-f077-4638-951e-04fff8ad5bcc/click HTTP/1.1
User-Agent: selenium/4.1.2 (java windows)
Content-Length: 50
Content-Type: application/json; charset=utf-8
host: localhost:53478
accept: */*

Response DefaultHttpResponse(decodeResult: success, version: HTTP/1.1)
HTTP/1.1 200 OK
Content-Type: application/json; charset=utf-8
cache-control: no-cache
content-length: 14

12:44:36.974 [AsyncHttpClient-1-5] DEBUG org.asynchttpclient.netty.channel.ChannelManager - Adding key: http://localhost:53478 for channel [id: 0x4c79ad74, L:/127.0.0.1:51795 - R:localhost/127.0.0.1:53478]
  &amp#27;[32mAnd &amp#27;[0m&amp#27;[32mI click icon the login icon&amp#27;[0m               &amp#27;[90m# starter.stepdefinition.LoginStep.iClickIconTheLoginIcon()&amp#27;[0m
12:44:36.981 [Forwarding screenshot on session c00cff6e928296963a5bad286bf28c4c to remote] DEBUG org.asynchttpclient.netty.request.NettyRequestSender - Using pooled Channel '[id: 0x4c79ad74, L:/127.0.0.1:51795 - R:localhost/127.0.0.1:53478]' for 'GET' to 'http://localhost:53478/session/c00cff6e928296963a5bad286bf28c4c/screenshot'
12:44:36.981 [Forwarding screenshot on session c00cff6e928296963a5bad286bf28c4c to remote] DEBUG org.asynchttpclient.netty.request.NettyRequestSender - Using open Channel [id: 0x4c79ad74, L:/127.0.0.1:51795 - R:localhost/127.0.0.1:53478] for GET '/session/c00cff6e928296963a5bad286bf28c4c/screenshot'
12:44:37.227 [AsyncHttpClient-1-5] DEBUG org.asynchttpclient.netty.handler.HttpHandler - 

Request DefaultFullHttpRequest(decodeResult: success, version: HTTP/1.1, content: EmptyByteBufBE)
GET /session/c00cff6e928296963a5bad286bf28c4c/screenshot HTTP/1.1
User-Agent: selenium/4.1.2 (java windows)
Cache-Control: no-cache
Content-Type: application/json; charset=utf-8
host: localhost:53478
accept: */*

Response DefaultHttpResponse(decodeResult: success, version: HTTP/1.1)
HTTP/1.1 200 OK
Content-Type: application/json; charset=utf-8
cache-control: no-cache
content-length: 34868

12:44:37.228 [AsyncHttpClient-1-5] DEBUG org.asynchttpclient.netty.channel.ChannelManager - Adding key: http://localhost:53478 for channel [id: 0x4c79ad74, L:/127.0.0.1:51795 - R:localhost/127.0.0.1:53478]
12:44:37.232 [main] DEBUG net.serenitybdd.core.photography.Darkroom - Send negative for processing for target\site\serenity\7397489321b255c529c94d08c298ca8baae1ba9334416585f8aed315bb6750b7.png
12:44:37.232 [Darkroom Processing Line] DEBUG net.serenitybdd.core.photography.DarkroomProcessingLine - Processing screenshot image in /var/screenshots/screenshot-5789060213255188931
12:44:37.232 [Darkroom Processing Line] DEBUG net.serenitybdd.core.photography.DarkroomProcessingLine - Saving screenshot to target\site\serenity\7397489321b255c529c94d08c298ca8baae1ba9334416585f8aed315bb6750b7.png
12:44:37.239 [Forwarding findElement on session c00cff6e928296963a5bad286bf28c4c to remote] DEBUG org.asynchttpclient.netty.request.NettyRequestSender - Using pooled Channel '[id: 0x4c79ad74, L:/127.0.0.1:51795 - R:localhost/127.0.0.1:53478]' for 'POST' to 'http://localhost:53478/session/c00cff6e928296963a5bad286bf28c4c/element'
12:44:37.239 [Forwarding findElement on session c00cff6e928296963a5bad286bf28c4c to remote] DEBUG org.asynchttpclient.netty.request.NettyRequestSender - Using open Channel [id: 0x4c79ad74, L:/127.0.0.1:51795 - R:localhost/127.0.0.1:53478] for POST '/session/c00cff6e928296963a5bad286bf28c4c/element'
12:44:37.248 [AsyncHttpClient-1-5] DEBUG org.asynchttpclient.netty.handler.HttpHandler - 

Request DefaultHttpRequest(decodeResult: success, version: HTTP/1.1)
POST /session/c00cff6e928296963a5bad286bf28c4c/element HTTP/1.1
User-Agent: selenium/4.1.2 (java windows)
Content-Length: 88
Content-Type: application/json; charset=utf-8
host: localhost:53478
accept: */*

Response DefaultHttpResponse(decodeResult: success, version: HTTP/1.1)
HTTP/1.1 200 OK
Content-Type: application/json; charset=utf-8
cache-control: no-cache
content-length: 88

12:44:37.248 [AsyncHttpClient-1-5] DEBUG org.asynchttpclient.netty.channel.ChannelManager - Adding key: http://localhost:53478 for channel [id: 0x4c79ad74, L:/127.0.0.1:51795 - R:localhost/127.0.0.1:53478]
12:44:37.250 [Forwarding clearElement on session c00cff6e928296963a5bad286bf28c4c to remote] DEBUG org.asynchttpclient.netty.request.NettyRequestSender - Using pooled Channel '[id: 0x4c79ad74, L:/127.0.0.1:51795 - R:localhost/127.0.0.1:53478]' for 'POST' to 'http://localhost:53478/session/c00cff6e928296963a5bad286bf28c4c/element/7c9cd76c-84f8-4342-a907-7142404461a1/clear'
12:44:37.250 [Forwarding clearElement on session c00cff6e928296963a5bad286bf28c4c to remote] DEBUG org.asynchttpclient.netty.request.NettyRequestSender - Using open Channel [id: 0x4c79ad74, L:/127.0.0.1:51795 - R:localhost/127.0.0.1:53478] for POST '/session/c00cff6e928296963a5bad286bf28c4c/element/7c9cd76c-84f8-4342-a907-7142404461a1/clear'
12:44:37.277 [AsyncHttpClient-1-5] DEBUG org.asynchttpclient.netty.handler.HttpHandler - 

Request DefaultHttpRequest(decodeResult: success, version: HTTP/1.1)
POST /session/c00cff6e928296963a5bad286bf28c4c/element/7c9cd76c-84f8-4342-a907-7142404461a1/clear HTTP/1.1
User-Agent: selenium/4.1.2 (java windows)
Content-Length: 50
Content-Type: application/json; charset=utf-8
host: localhost:53478
accept: */*

Response DefaultHttpResponse(decodeResult: success, version: HTTP/1.1)
HTTP/1.1 200 OK
Content-Type: application/json; charset=utf-8
cache-control: no-cache
content-length: 14

12:44:37.277 [AsyncHttpClient-1-5] DEBUG org.asynchttpclient.netty.channel.ChannelManager - Adding key: http://localhost:53478 for channel [id: 0x4c79ad74, L:/127.0.0.1:51795 - R:localhost/127.0.0.1:53478]
12:44:37.279 [Forwarding sendKeysToElement on session c00cff6e928296963a5bad286bf28c4c to remote] DEBUG org.asynchttpclient.netty.request.NettyRequestSender - Using pooled Channel '[id: 0x4c79ad74, L:/127.0.0.1:51795 - R:localhost/127.0.0.1:53478]' for 'POST' to 'http://localhost:53478/session/c00cff6e928296963a5bad286bf28c4c/element/7c9cd76c-84f8-4342-a907-7142404461a1/value'
12:44:37.279 [Forwarding sendKeysToElement on session c00cff6e928296963a5bad286bf28c4c to remote] DEBUG org.asynchttpclient.netty.request.NettyRequestSender - Using open Channel [id: 0x4c79ad74, L:/127.0.0.1:51795 - R:localhost/127.0.0.1:53478] for POST '/session/c00cff6e928296963a5bad286bf28c4c/element/7c9cd76c-84f8-4342-a907-7142404461a1/value'
12:44:37.312 [AsyncHttpClient-1-5] DEBUG org.asynchttpclient.netty.handler.HttpHandler - 

Request DefaultHttpRequest(decodeResult: success, version: HTTP/1.1)
POST /session/c00cff6e928296963a5bad286bf28c4c/element/7c9cd76c-84f8-4342-a907-7142404461a1/value HTTP/1.1
User-Agent: selenium/4.1.2 (java windows)
Content-Length: 82
Content-Type: application/json; charset=utf-8
host: localhost:53478
accept: */*

Response DefaultHttpResponse(decodeResult: success, version: HTTP/1.1)
HTTP/1.1 200 OK
Content-Type: application/json; charset=utf-8
cache-control: no-cache
content-length: 14

12:44:37.312 [AsyncHttpClient-1-5] DEBUG org.asynchttpclient.netty.channel.ChannelManager - Adding key: http://localhost:53478 for channel [id: 0x4c79ad74, L:/127.0.0.1:51795 - R:localhost/127.0.0.1:53478]
  &amp#27;[32mWhen &amp#27;[0m&amp#27;[32mI input &amp#27;[0m&amp#27;[32m&amp#27;[1m""&amp#27;[0m&amp#27;[32m email&amp#27;[0m                         &amp#27;[90m# starter.stepdefinition.LoginStep.iInputEmail(java.lang.String)&amp#27;[0m
12:44:37.320 [Forwarding screenshot on session c00cff6e928296963a5bad286bf28c4c to remote] DEBUG org.asynchttpclient.netty.request.NettyRequestSender - Using pooled Channel '[id: 0x4c79ad74, L:/127.0.0.1:51795 - R:localhost/127.0.0.1:53478]' for 'GET' to 'http://localhost:53478/session/c00cff6e928296963a5bad286bf28c4c/screenshot'
12:44:37.320 [Forwarding screenshot on session c00cff6e928296963a5bad286bf28c4c to remote] DEBUG org.asynchttpclient.netty.request.NettyRequestSender - Using open Channel [id: 0x4c79ad74, L:/127.0.0.1:51795 - R:localhost/127.0.0.1:53478] for GET '/session/c00cff6e928296963a5bad286bf28c4c/screenshot'
12:44:37.477 [AsyncHttpClient-1-5] DEBUG org.asynchttpclient.netty.handler.HttpHandler - 

Request DefaultFullHttpRequest(decodeResult: success, version: HTTP/1.1, content: EmptyByteBufBE)
GET /session/c00cff6e928296963a5bad286bf28c4c/screenshot HTTP/1.1
User-Agent: selenium/4.1.2 (java windows)
Cache-Control: no-cache
Content-Type: application/json; charset=utf-8
host: localhost:53478
accept: */*

Response DefaultHttpResponse(decodeResult: success, version: HTTP/1.1)
HTTP/1.1 200 OK
Content-Type: application/json; charset=utf-8
cache-control: no-cache
content-length: 34096

12:44:37.477 [AsyncHttpClient-1-5] DEBUG org.asynchttpclient.netty.channel.ChannelManager - Adding key: http://localhost:53478 for channel [id: 0x4c79ad74, L:/127.0.0.1:51795 - R:localhost/127.0.0.1:53478]
12:44:37.479 [main] DEBUG net.serenitybdd.core.photography.Darkroom - Send negative for processing for target\site\serenity\05593567044950e73aac0c9e5ca2eda00984067c289066297b1755e4148fb11b.png
12:44:37.479 [Darkroom Processing Line] DEBUG net.serenitybdd.core.photography.DarkroomProcessingLine - Processing screenshot image in /var/screenshots/screenshot-11279103487602235018
12:44:37.479 [Darkroom Processing Line] DEBUG net.serenitybdd.core.photography.DarkroomProcessingLine - Saving screenshot to target\site\serenity\05593567044950e73aac0c9e5ca2eda00984067c289066297b1755e4148fb11b.png
12:44:37.491 [Forwarding findElement on session c00cff6e928296963a5bad286bf28c4c to remote] DEBUG org.asynchttpclient.netty.request.NettyRequestSender - Using pooled Channel '[id: 0x4c79ad74, L:/127.0.0.1:51795 - R:localhost/127.0.0.1:53478]' for 'POST' to 'http://localhost:53478/session/c00cff6e928296963a5bad286bf28c4c/element'
12:44:37.491 [Forwarding findElement on session c00cff6e928296963a5bad286bf28c4c to remote] DEBUG org.asynchttpclient.netty.request.NettyRequestSender - Using open Channel [id: 0x4c79ad74, L:/127.0.0.1:51795 - R:localhost/127.0.0.1:53478] for POST '/session/c00cff6e928296963a5bad286bf28c4c/element'
12:44:37.505 [AsyncHttpClient-1-5] DEBUG org.asynchttpclient.netty.handler.HttpHandler - 

Request DefaultHttpRequest(decodeResult: success, version: HTTP/1.1)
POST /session/c00cff6e928296963a5bad286bf28c4c/element HTTP/1.1
User-Agent: selenium/4.1.2 (java windows)
Content-Length: 91
Content-Type: application/json; charset=utf-8
host: localhost:53478
accept: */*

Response DefaultHttpResponse(decodeResult: success, version: HTTP/1.1)
HTTP/1.1 200 OK
Content-Type: application/json; charset=utf-8
cache-control: no-cache
content-length: 88

12:44:37.505 [AsyncHttpClient-1-5] DEBUG org.asynchttpclient.netty.channel.ChannelManager - Adding key: http://localhost:53478 for channel [id: 0x4c79ad74, L:/127.0.0.1:51795 - R:localhost/127.0.0.1:53478]
12:44:37.507 [Forwarding clearElement on session c00cff6e928296963a5bad286bf28c4c to remote] DEBUG org.asynchttpclient.netty.request.NettyRequestSender - Using pooled Channel '[id: 0x4c79ad74, L:/127.0.0.1:51795 - R:localhost/127.0.0.1:53478]' for 'POST' to 'http://localhost:53478/session/c00cff6e928296963a5bad286bf28c4c/element/44cef07d-3e6c-4b19-96bb-6aa19cad12ef/clear'
12:44:37.507 [Forwarding clearElement on session c00cff6e928296963a5bad286bf28c4c to remote] DEBUG org.asynchttpclient.netty.request.NettyRequestSender - Using open Channel [id: 0x4c79ad74, L:/127.0.0.1:51795 - R:localhost/127.0.0.1:53478] for POST '/session/c00cff6e928296963a5bad286bf28c4c/element/44cef07d-3e6c-4b19-96bb-6aa19cad12ef/clear'
12:44:37.544 [AsyncHttpClient-1-1] DEBUG org.asynchttpclient.netty.channel.DefaultChannelPool - Entry count for : http://localhost:51796 : 1
12:44:37.547 [AsyncHttpClient-1-5] DEBUG org.asynchttpclient.netty.handler.HttpHandler - 

Request DefaultHttpRequest(decodeResult: success, version: HTTP/1.1)
POST /session/c00cff6e928296963a5bad286bf28c4c/element/44cef07d-3e6c-4b19-96bb-6aa19cad12ef/clear HTTP/1.1
User-Agent: selenium/4.1.2 (java windows)
Content-Length: 50
Content-Type: application/json; charset=utf-8
host: localhost:53478
accept: */*

Response DefaultHttpResponse(decodeResult: success, version: HTTP/1.1)
HTTP/1.1 200 OK
Content-Type: application/json; charset=utf-8
cache-control: no-cache
content-length: 14

12:44:37.548 [AsyncHttpClient-1-5] DEBUG org.asynchttpclient.netty.channel.ChannelManager - Adding key: http://localhost:53478 for channel [id: 0x4c79ad74, L:/127.0.0.1:51795 - R:localhost/127.0.0.1:53478]
12:44:37.551 [Forwarding sendKeysToElement on session c00cff6e928296963a5bad286bf28c4c to remote] DEBUG org.asynchttpclient.netty.request.NettyRequestSender - Using pooled Channel '[id: 0x4c79ad74, L:/127.0.0.1:51795 - R:localhost/127.0.0.1:53478]' for 'POST' to 'http://localhost:53478/session/c00cff6e928296963a5bad286bf28c4c/element/44cef07d-3e6c-4b19-96bb-6aa19cad12ef/value'
12:44:37.552 [Forwarding sendKeysToElement on session c00cff6e928296963a5bad286bf28c4c to remote] DEBUG org.asynchttpclient.netty.request.NettyRequestSender - Using open Channel [id: 0x4c79ad74, L:/127.0.0.1:51795 - R:localhost/127.0.0.1:53478] for POST '/session/c00cff6e928296963a5bad286bf28c4c/element/44cef07d-3e6c-4b19-96bb-6aa19cad12ef/value'
12:44:37.596 [AsyncHttpClient-1-5] DEBUG org.asynchttpclient.netty.handler.HttpHandler - 

Request DefaultHttpRequest(decodeResult: success, version: HTTP/1.1)
POST /session/c00cff6e928296963a5bad286bf28c4c/element/44cef07d-3e6c-4b19-96bb-6aa19cad12ef/value HTTP/1.1
User-Agent: selenium/4.1.2 (java windows)
Content-Length: 82
Content-Type: application/json; charset=utf-8
host: localhost:53478
accept: */*

Response DefaultHttpResponse(decodeResult: success, version: HTTP/1.1)
HTTP/1.1 200 OK
Content-Type: application/json; charset=utf-8
cache-control: no-cache
content-length: 14

12:44:37.596 [AsyncHttpClient-1-5] DEBUG org.asynchttpclient.netty.channel.ChannelManager - Adding key: http://localhost:53478 for channel [id: 0x4c79ad74, L:/127.0.0.1:51795 - R:localhost/127.0.0.1:53478]
  &amp#27;[32mAnd &amp#27;[0m&amp#27;[32mI input &amp#27;[0m&amp#27;[32m&amp#27;[1m""&amp#27;[0m&amp#27;[32m password&amp#27;[0m                       &amp#27;[90m# starter.stepdefinition.LoginStep.iInputPassword(java.lang.String)&amp#27;[0m
12:44:37.602 [Forwarding screenshot on session c00cff6e928296963a5bad286bf28c4c to remote] DEBUG org.asynchttpclient.netty.request.NettyRequestSender - Using pooled Channel '[id: 0x4c79ad74, L:/127.0.0.1:51795 - R:localhost/127.0.0.1:53478]' for 'GET' to 'http://localhost:53478/session/c00cff6e928296963a5bad286bf28c4c/screenshot'
12:44:37.602 [Forwarding screenshot on session c00cff6e928296963a5bad286bf28c4c to remote] DEBUG org.asynchttpclient.netty.request.NettyRequestSender - Using open Channel [id: 0x4c79ad74, L:/127.0.0.1:51795 - R:localhost/127.0.0.1:53478] for GET '/session/c00cff6e928296963a5bad286bf28c4c/screenshot'
12:44:37.746 [AsyncHttpClient-1-5] DEBUG org.asynchttpclient.netty.handler.HttpHandler - 

Request DefaultFullHttpRequest(decodeResult: success, version: HTTP/1.1, content: EmptyByteBufBE)
GET /session/c00cff6e928296963a5bad286bf28c4c/screenshot HTTP/1.1
User-Agent: selenium/4.1.2 (java windows)
Cache-Control: no-cache
Content-Type: application/json; charset=utf-8
host: localhost:53478
accept: */*

Response DefaultHttpResponse(decodeResult: success, version: HTTP/1.1)
HTTP/1.1 200 OK
Content-Type: application/json; charset=utf-8
cache-control: no-cache
content-length: 33996

12:44:37.746 [AsyncHttpClient-1-5] DEBUG org.asynchttpclient.netty.channel.ChannelManager - Adding key: http://localhost:53478 for channel [id: 0x4c79ad74, L:/127.0.0.1:51795 - R:localhost/127.0.0.1:53478]
12:44:37.748 [main] DEBUG net.serenitybdd.core.photography.Darkroom - Send negative for processing for target\site\serenity\43f8bc73d291d6e87ad199c9789663730a8a516330bc05a2df6e8c73627c805b.png
12:44:37.748 [Darkroom Processing Line] DEBUG net.serenitybdd.core.photography.DarkroomProcessingLine - Processing screenshot image in /var/screenshots/screenshot-9576881137217576496
12:44:37.748 [Darkroom Processing Line] DEBUG net.serenitybdd.core.photography.DarkroomProcessingLine - Saving screenshot to target\site\serenity\43f8bc73d291d6e87ad199c9789663730a8a516330bc05a2df6e8c73627c805b.png
12:44:37.756 [Forwarding findElement on session c00cff6e928296963a5bad286bf28c4c to remote] DEBUG org.asynchttpclient.netty.request.NettyRequestSender - Using pooled Channel '[id: 0x4c79ad74, L:/127.0.0.1:51795 - R:localhost/127.0.0.1:53478]' for 'POST' to 'http://localhost:53478/session/c00cff6e928296963a5bad286bf28c4c/element'
12:44:37.757 [Forwarding findElement on session c00cff6e928296963a5bad286bf28c4c to remote] DEBUG org.asynchttpclient.netty.request.NettyRequestSender - Using open Channel [id: 0x4c79ad74, L:/127.0.0.1:51795 - R:localhost/127.0.0.1:53478] for POST '/session/c00cff6e928296963a5bad286bf28c4c/element'
12:44:37.768 [AsyncHttpClient-1-5] DEBUG org.asynchttpclient.netty.handler.HttpHandler - 

Request DefaultHttpRequest(decodeResult: success, version: HTTP/1.1)
POST /session/c00cff6e928296963a5bad286bf28c4c/element HTTP/1.1
User-Agent: selenium/4.1.2 (java windows)
Content-Length: 141
Content-Type: application/json; charset=utf-8
host: localhost:53478
accept: */*

Response DefaultHttpResponse(decodeResult: success, version: HTTP/1.1)
HTTP/1.1 200 OK
Content-Type: application/json; charset=utf-8
cache-control: no-cache
content-length: 88

12:44:37.768 [AsyncHttpClient-1-5] DEBUG org.asynchttpclient.netty.channel.ChannelManager - Adding key: http://localhost:53478 for channel [id: 0x4c79ad74, L:/127.0.0.1:51795 - R:localhost/127.0.0.1:53478]
12:44:37.770 [Forwarding getElementTagName on session c00cff6e928296963a5bad286bf28c4c to remote] DEBUG org.asynchttpclient.netty.request.NettyRequestSender - Using pooled Channel '[id: 0x4c79ad74, L:/127.0.0.1:51795 - R:localhost/127.0.0.1:53478]' for 'GET' to 'http://localhost:53478/session/c00cff6e928296963a5bad286bf28c4c/element/c09ba4a5-4403-47a8-99ac-87b917dbd958/name'
12:44:37.770 [Forwarding getElementTagName on session c00cff6e928296963a5bad286bf28c4c to remote] DEBUG org.asynchttpclient.netty.request.NettyRequestSender - Using open Channel [id: 0x4c79ad74, L:/127.0.0.1:51795 - R:localhost/127.0.0.1:53478] for GET '/session/c00cff6e928296963a5bad286bf28c4c/element/c09ba4a5-4403-47a8-99ac-87b917dbd958/name'
12:44:37.776 [AsyncHttpClient-1-5] DEBUG org.asynchttpclient.netty.handler.HttpHandler - 

Request DefaultFullHttpRequest(decodeResult: success, version: HTTP/1.1, content: EmptyByteBufBE)
GET /session/c00cff6e928296963a5bad286bf28c4c/element/c09ba4a5-4403-47a8-99ac-87b917dbd958/name HTTP/1.1
User-Agent: selenium/4.1.2 (java windows)
Cache-Control: no-cache
Content-Type: application/json; charset=utf-8
host: localhost:53478
accept: */*

Response DefaultHttpResponse(decodeResult: success, version: HTTP/1.1)
HTTP/1.1 200 OK
Content-Type: application/json; charset=utf-8
cache-control: no-cache
content-length: 18

12:44:37.776 [AsyncHttpClient-1-5] DEBUG org.asynchttpclient.netty.channel.ChannelManager - Adding key: http://localhost:53478 for channel [id: 0x4c79ad74, L:/127.0.0.1:51795 - R:localhost/127.0.0.1:53478]
12:44:37.778 [Forwarding getElementTagName on session c00cff6e928296963a5bad286bf28c4c to remote] DEBUG org.asynchttpclient.netty.request.NettyRequestSender - Using pooled Channel '[id: 0x4c79ad74, L:/127.0.0.1:51795 - R:localhost/127.0.0.1:53478]' for 'GET' to 'http://localhost:53478/session/c00cff6e928296963a5bad286bf28c4c/element/c09ba4a5-4403-47a8-99ac-87b917dbd958/name'
12:44:37.778 [Forwarding getElementTagName on session c00cff6e928296963a5bad286bf28c4c to remote] DEBUG org.asynchttpclient.netty.request.NettyRequestSender - Using open Channel [id: 0x4c79ad74, L:/127.0.0.1:51795 - R:localhost/127.0.0.1:53478] for GET '/session/c00cff6e928296963a5bad286bf28c4c/element/c09ba4a5-4403-47a8-99ac-87b917dbd958/name'
12:44:37.782 [AsyncHttpClient-1-5] DEBUG org.asynchttpclient.netty.handler.HttpHandler - 

Request DefaultFullHttpRequest(decodeResult: success, version: HTTP/1.1, content: EmptyByteBufBE)
GET /session/c00cff6e928296963a5bad286bf28c4c/element/c09ba4a5-4403-47a8-99ac-87b917dbd958/name HTTP/1.1
User-Agent: selenium/4.1.2 (java windows)
Cache-Control: no-cache
Content-Type: application/json; charset=utf-8
host: localhost:53478
accept: */*

Response DefaultHttpResponse(decodeResult: success, version: HTTP/1.1)
HTTP/1.1 200 OK
Content-Type: application/json; charset=utf-8
cache-control: no-cache
content-length: 18

12:44:37.782 [AsyncHttpClient-1-5] DEBUG org.asynchttpclient.netty.channel.ChannelManager - Adding key: http://localhost:53478 for channel [id: 0x4c79ad74, L:/127.0.0.1:51795 - R:localhost/127.0.0.1:53478]
12:44:37.784 [Forwarding isElementEnabled on session c00cff6e928296963a5bad286bf28c4c to remote] DEBUG org.asynchttpclient.netty.request.NettyRequestSender - Using pooled Channel '[id: 0x4c79ad74, L:/127.0.0.1:51795 - R:localhost/127.0.0.1:53478]' for 'GET' to 'http://localhost:53478/session/c00cff6e928296963a5bad286bf28c4c/element/c09ba4a5-4403-47a8-99ac-87b917dbd958/enabled'
12:44:37.784 [Forwarding isElementEnabled on session c00cff6e928296963a5bad286bf28c4c to remote] DEBUG org.asynchttpclient.netty.request.NettyRequestSender - Using open Channel [id: 0x4c79ad74, L:/127.0.0.1:51795 - R:localhost/127.0.0.1:53478] for GET '/session/c00cff6e928296963a5bad286bf28c4c/element/c09ba4a5-4403-47a8-99ac-87b917dbd958/enabled'
12:44:37.791 [AsyncHttpClient-1-5] DEBUG org.asynchttpclient.netty.handler.HttpHandler - 

Request DefaultFullHttpRequest(decodeResult: success, version: HTTP/1.1, content: EmptyByteBufBE)
GET /session/c00cff6e928296963a5bad286bf28c4c/element/c09ba4a5-4403-47a8-99ac-87b917dbd958/enabled HTTP/1.1
User-Agent: selenium/4.1.2 (java windows)
Cache-Control: no-cache
Content-Type: application/json; charset=utf-8
host: localhost:53478
accept: */*

Response DefaultHttpResponse(decodeResult: success, version: HTTP/1.1)
HTTP/1.1 200 OK
Content-Type: application/json; charset=utf-8
cache-control: no-cache
content-length: 14

12:44:37.792 [AsyncHttpClient-1-5] DEBUG org.asynchttpclient.netty.channel.ChannelManager - Adding key: http://localhost:53478 for channel [id: 0x4c79ad74, L:/127.0.0.1:51795 - R:localhost/127.0.0.1:53478]
12:44:37.795 [Forwarding isElementEnabled on session c00cff6e928296963a5bad286bf28c4c to remote] DEBUG org.asynchttpclient.netty.request.NettyRequestSender - Using pooled Channel '[id: 0x4c79ad74, L:/127.0.0.1:51795 - R:localhost/127.0.0.1:53478]' for 'GET' to 'http://localhost:53478/session/c00cff6e928296963a5bad286bf28c4c/element/c09ba4a5-4403-47a8-99ac-87b917dbd958/enabled'
12:44:37.795 [Forwarding isElementEnabled on session c00cff6e928296963a5bad286bf28c4c to remote] DEBUG org.asynchttpclient.netty.request.NettyRequestSender - Using open Channel [id: 0x4c79ad74, L:/127.0.0.1:51795 - R:localhost/127.0.0.1:53478] for GET '/session/c00cff6e928296963a5bad286bf28c4c/element/c09ba4a5-4403-47a8-99ac-87b917dbd958/enabled'
12:44:37.801 [AsyncHttpClient-1-5] DEBUG org.asynchttpclient.netty.handler.HttpHandler - 

Request DefaultFullHttpRequest(decodeResult: success, version: HTTP/1.1, content: EmptyByteBufBE)
GET /session/c00cff6e928296963a5bad286bf28c4c/element/c09ba4a5-4403-47a8-99ac-87b917dbd958/enabled HTTP/1.1
User-Agent: selenium/4.1.2 (java windows)
Cache-Control: no-cache
Content-Type: application/json; charset=utf-8
host: localhost:53478
accept: */*

Response DefaultHttpResponse(decodeResult: success, version: HTTP/1.1)
HTTP/1.1 200 OK
Content-Type: application/json; charset=utf-8
cache-control: no-cache
content-length: 14

12:44:37.801 [AsyncHttpClient-1-5] DEBUG org.asynchttpclient.netty.channel.ChannelManager - Adding key: http://localhost:53478 for channel [id: 0x4c79ad74, L:/127.0.0.1:51795 - R:localhost/127.0.0.1:53478]
12:44:37.803 [Forwarding findElement on session c00cff6e928296963a5bad286bf28c4c to remote] DEBUG org.asynchttpclient.netty.request.NettyRequestSender - Using pooled Channel '[id: 0x4c79ad74, L:/127.0.0.1:51795 - R:localhost/127.0.0.1:53478]' for 'POST' to 'http://localhost:53478/session/c00cff6e928296963a5bad286bf28c4c/element'
12:44:37.803 [Forwarding findElement on session c00cff6e928296963a5bad286bf28c4c to remote] DEBUG org.asynchttpclient.netty.request.NettyRequestSender - Using open Channel [id: 0x4c79ad74, L:/127.0.0.1:51795 - R:localhost/127.0.0.1:53478] for POST '/session/c00cff6e928296963a5bad286bf28c4c/element'
12:44:37.808 [AsyncHttpClient-1-5] DEBUG org.asynchttpclient.netty.handler.HttpHandler - 

Request DefaultHttpRequest(decodeResult: success, version: HTTP/1.1)
POST /session/c00cff6e928296963a5bad286bf28c4c/element HTTP/1.1
User-Agent: selenium/4.1.2 (java windows)
Content-Length: 141
Content-Type: application/json; charset=utf-8
host: localhost:53478
accept: */*

Response DefaultHttpResponse(decodeResult: success, version: HTTP/1.1)
HTTP/1.1 200 OK
Content-Type: application/json; charset=utf-8
cache-control: no-cache
content-length: 88

12:44:37.808 [AsyncHttpClient-1-5] DEBUG org.asynchttpclient.netty.channel.ChannelManager - Adding key: http://localhost:53478 for channel [id: 0x4c79ad74, L:/127.0.0.1:51795 - R:localhost/127.0.0.1:53478]
12:44:37.810 [Forwarding clickElement on session c00cff6e928296963a5bad286bf28c4c to remote] DEBUG org.asynchttpclient.netty.request.NettyRequestSender - Using pooled Channel '[id: 0x4c79ad74, L:/127.0.0.1:51795 - R:localhost/127.0.0.1:53478]' for 'POST' to 'http://localhost:53478/session/c00cff6e928296963a5bad286bf28c4c/element/c09ba4a5-4403-47a8-99ac-87b917dbd958/click'
12:44:37.810 [Forwarding clickElement on session c00cff6e928296963a5bad286bf28c4c to remote] DEBUG org.asynchttpclient.netty.request.NettyRequestSender - Using open Channel [id: 0x4c79ad74, L:/127.0.0.1:51795 - R:localhost/127.0.0.1:53478] for POST '/session/c00cff6e928296963a5bad286bf28c4c/element/c09ba4a5-4403-47a8-99ac-87b917dbd958/click'
12:44:37.848 [AsyncHttpClient-1-5] DEBUG org.asynchttpclient.netty.handler.HttpHandler - 

Request DefaultHttpRequest(decodeResult: success, version: HTTP/1.1)
POST /session/c00cff6e928296963a5bad286bf28c4c/element/c09ba4a5-4403-47a8-99ac-87b917dbd958/click HTTP/1.1
User-Agent: selenium/4.1.2 (java windows)
Content-Length: 50
Content-Type: application/json; charset=utf-8
host: localhost:53478
accept: */*

Response DefaultHttpResponse(decodeResult: success, version: HTTP/1.1)
HTTP/1.1 200 OK
Content-Type: application/json; charset=utf-8
cache-control: no-cache
content-length: 14

12:44:37.848 [AsyncHttpClient-1-5] DEBUG org.asynchttpclient.netty.channel.ChannelManager - Adding key: http://localhost:53478 for channel [id: 0x4c79ad74, L:/127.0.0.1:51795 - R:localhost/127.0.0.1:53478]
  &amp#27;[32mAnd &amp#27;[0m&amp#27;[32mI click login button&amp#27;[0m                      &amp#27;[90m# starter.stepdefinition.LoginStep.iClickLoginButton()&amp#27;[0m
12:44:37.854 [Forwarding screenshot on session c00cff6e928296963a5bad286bf28c4c to remote] DEBUG org.asynchttpclient.netty.request.NettyRequestSender - Using pooled Channel '[id: 0x4c79ad74, L:/127.0.0.1:51795 - R:localhost/127.0.0.1:53478]' for 'GET' to 'http://localhost:53478/session/c00cff6e928296963a5bad286bf28c4c/screenshot'
12:44:37.854 [Forwarding screenshot on session c00cff6e928296963a5bad286bf28c4c to remote] DEBUG org.asynchttpclient.netty.request.NettyRequestSender - Using open Channel [id: 0x4c79ad74, L:/127.0.0.1:51795 - R:localhost/127.0.0.1:53478] for GET '/session/c00cff6e928296963a5bad286bf28c4c/screenshot'
12:44:38.015 [AsyncHttpClient-1-5] DEBUG org.asynchttpclient.netty.handler.HttpHandler - 

Request DefaultFullHttpRequest(decodeResult: success, version: HTTP/1.1, content: EmptyByteBufBE)
GET /session/c00cff6e928296963a5bad286bf28c4c/screenshot HTTP/1.1
User-Agent: selenium/4.1.2 (java windows)
Cache-Control: no-cache
Content-Type: application/json; charset=utf-8
host: localhost:53478
accept: */*

Response DefaultHttpResponse(decodeResult: success, version: HTTP/1.1)
HTTP/1.1 200 OK
Content-Type: application/json; charset=utf-8
cache-control: no-cache
content-length: 34024

12:44:38.016 [AsyncHttpClient-1-5] DEBUG org.asynchttpclient.netty.channel.ChannelManager - Adding key: http://localhost:53478 for channel [id: 0x4c79ad74, L:/127.0.0.1:51795 - R:localhost/127.0.0.1:53478]
12:44:38.017 [main] DEBUG net.serenitybdd.core.photography.Darkroom - Send negative for processing for target\site\serenity\df995a8263bd57db51f6fd983f564bb1e8d25f86ccc7d1aaf0a060c956f9f7d3.png
12:44:38.018 [Darkroom Processing Line] DEBUG net.serenitybdd.core.photography.DarkroomProcessingLine - Processing screenshot image in /var/screenshots/screenshot-16840235410430469668
12:44:38.018 [Darkroom Processing Line] DEBUG net.serenitybdd.core.photography.DarkroomProcessingLine - Saving screenshot to target\site\serenity\df995a8263bd57db51f6fd983f564bb1e8d25f86ccc7d1aaf0a060c956f9f7d3.png
12:44:38.044 [Forwarding findElement on session c00cff6e928296963a5bad286bf28c4c to remote] DEBUG org.asynchttpclient.netty.request.NettyRequestSender - Using pooled Channel '[id: 0x4c79ad74, L:/127.0.0.1:51795 - R:localhost/127.0.0.1:53478]' for 'POST' to 'http://localhost:53478/session/c00cff6e928296963a5bad286bf28c4c/element'
12:44:38.044 [Forwarding findElement on session c00cff6e928296963a5bad286bf28c4c to remote] DEBUG org.asynchttpclient.netty.request.NettyRequestSender - Using open Channel [id: 0x4c79ad74, L:/127.0.0.1:51795 - R:localhost/127.0.0.1:53478] for POST '/session/c00cff6e928296963a5bad286bf28c4c/element'
12:44:38.653 [AsyncHttpClient-1-1] DEBUG org.asynchttpclient.netty.channel.DefaultChannelPool - Entry count for : http://localhost:51796 : 1
12:44:39.297 [AsyncHttpClient-1-5] DEBUG org.asynchttpclient.netty.handler.HttpHandler - 

Request DefaultHttpRequest(decodeResult: success, version: HTTP/1.1)
POST /session/c00cff6e928296963a5bad286bf28c4c/element HTTP/1.1
User-Agent: selenium/4.1.2 (java windows)
Content-Length: 81
Content-Type: application/json; charset=utf-8
host: localhost:53478
accept: */*

Response DefaultHttpResponse(decodeResult: success, version: HTTP/1.1)
HTTP/1.1 200 OK
Content-Type: application/json; charset=utf-8
cache-control: no-cache
content-length: 88

12:44:39.297 [AsyncHttpClient-1-5] DEBUG org.asynchttpclient.netty.channel.ChannelManager - Adding key: http://localhost:53478 for channel [id: 0x4c79ad74, L:/127.0.0.1:51795 - R:localhost/127.0.0.1:53478]
12:44:39.300 [Forwarding isElementDisplayed on session c00cff6e928296963a5bad286bf28c4c to remote] DEBUG org.asynchttpclient.netty.request.NettyRequestSender - Using pooled Channel '[id: 0x4c79ad74, L:/127.0.0.1:51795 - R:localhost/127.0.0.1:53478]' for 'POST' to 'http://localhost:53478/session/c00cff6e928296963a5bad286bf28c4c/execute/sync'
12:44:39.301 [Forwarding isElementDisplayed on session c00cff6e928296963a5bad286bf28c4c to remote] DEBUG org.asynchttpclient.netty.request.NettyRequestSender - Using open Channel [id: 0x4c79ad74, L:/127.0.0.1:51795 - R:localhost/127.0.0.1:53478] for POST '/session/c00cff6e928296963a5bad286bf28c4c/execute/sync'
12:44:39.313 [AsyncHttpClient-1-5] DEBUG org.asynchttpclient.netty.handler.HttpHandler - 

Request DefaultHttpRequest(decodeResult: success, version: HTTP/1.1)
POST /session/c00cff6e928296963a5bad286bf28c4c/execute/sync HTTP/1.1
User-Agent: selenium/4.1.2 (java windows)
Content-Length: 48780
Content-Type: application/json; charset=utf-8
host: localhost:53478
accept: */*

Response DefaultHttpResponse(decodeResult: success, version: HTTP/1.1)
HTTP/1.1 200 OK
Content-Type: application/json; charset=utf-8
cache-control: no-cache
content-length: 14

12:44:39.313 [AsyncHttpClient-1-5] DEBUG org.asynchttpclient.netty.channel.ChannelManager - Adding key: http://localhost:53478 for channel [id: 0x4c79ad74, L:/127.0.0.1:51795 - R:localhost/127.0.0.1:53478]
  &amp#27;[32mThen &amp#27;[0m&amp#27;[32mI will get the &amp#27;[0m&amp#27;[32m&amp#27;[1m"can't login"&amp#27;[0m             &amp#27;[90m# starter.stepdefinition.LoginStep.iWillGetThe(java.lang.String)&amp#27;[0m
12:44:39.317 [Forwarding screenshot on session c00cff6e928296963a5bad286bf28c4c to remote] DEBUG org.asynchttpclient.netty.request.NettyRequestSender - Using pooled Channel '[id: 0x4c79ad74, L:/127.0.0.1:51795 - R:localhost/127.0.0.1:53478]' for 'GET' to 'http://localhost:53478/session/c00cff6e928296963a5bad286bf28c4c/screenshot'
12:44:39.317 [Forwarding screenshot on session c00cff6e928296963a5bad286bf28c4c to remote] DEBUG org.asynchttpclient.netty.request.NettyRequestSender - Using open Channel [id: 0x4c79ad74, L:/127.0.0.1:51795 - R:localhost/127.0.0.1:53478] for GET '/session/c00cff6e928296963a5bad286bf28c4c/screenshot'
12:44:39.516 [AsyncHttpClient-1-5] DEBUG org.asynchttpclient.netty.handler.HttpHandler - 

Request DefaultFullHttpRequest(decodeResult: success, version: HTTP/1.1, content: EmptyByteBufBE)
GET /session/c00cff6e928296963a5bad286bf28c4c/screenshot HTTP/1.1
User-Agent: selenium/4.1.2 (java windows)
Cache-Control: no-cache
Content-Type: application/json; charset=utf-8
host: localhost:53478
accept: */*

Response DefaultHttpResponse(decodeResult: success, version: HTTP/1.1)
HTTP/1.1 200 OK
Content-Type: application/json; charset=utf-8
cache-control: no-cache
content-length: 37884

12:44:39.516 [AsyncHttpClient-1-5] DEBUG org.asynchttpclient.netty.channel.ChannelManager - Adding key: http://localhost:53478 for channel [id: 0x4c79ad74, L:/127.0.0.1:51795 - R:localhost/127.0.0.1:53478]
12:44:39.518 [main] DEBUG net.serenitybdd.core.photography.Darkroom - Send negative for processing for target\site\serenity\047198859cf46a5aee42dded8becfca01b4a7195734553d893394e5750cfaff2.png
12:44:39.518 [Darkroom Processing Line] DEBUG net.serenitybdd.core.photography.DarkroomProcessingLine - Processing screenshot image in /var/screenshots/screenshot-10260223587297079421
12:44:39.518 [Darkroom Processing Line] DEBUG net.serenitybdd.core.photography.DarkroomProcessingLine - Saving screenshot to target\site\serenity\047198859cf46a5aee42dded8becfca01b4a7195734553d893394e5750cfaff2.png
12:44:39.525 [AsyncHttpClient-1-7] DEBUG org.asynchttpclient.netty.handler.WebSocketHandler - Channel Closed: [id: 0xa0f2bff9, L:/127.0.0.1:51803 ! R:localhost/127.0.0.1:51796] with attribute NettyResponseFuture{currentRetry=5,
	isDone=1,
	isCancelled=0,
	asyncHandler=org.asynchttpclient.ws.WebSocketUpgradeHandler@33f9c1ad,
	nettyRequest=org.asynchttpclient.netty.request.NettyRequest@76fb49b6,
	future=java.util.concurrent.CompletableFuture@421852f6[Completed normally],
	uri=ws://localhost:51796/devtools/browser/d4d35b2e-3e4d-44bc-893f-57eace267d83,
	keepAlive=true,
	redirectCount=0,
	timeoutsHolder=null,
	inAuth=0,
	touch=1667972674824}
12:44:39.525 [Driver Command Executor] DEBUG org.asynchttpclient.netty.request.NettyRequestSender - Using pooled Channel '[id: 0x4c79ad74, L:/127.0.0.1:51795 - R:localhost/127.0.0.1:53478]' for 'DELETE' to 'http://localhost:53478/session/c00cff6e928296963a5bad286bf28c4c'
12:44:39.525 [AsyncHttpClient-1-7] DEBUG org.asynchttpclient.netty.channel.ChannelManager - Closing Channel [id: 0xa0f2bff9, L:/127.0.0.1:51803 ! R:localhost/127.0.0.1:51796] 
12:44:39.525 [Driver Command Executor] DEBUG org.asynchttpclient.netty.request.NettyRequestSender - Using open Channel [id: 0x4c79ad74, L:/127.0.0.1:51795 - R:localhost/127.0.0.1:53478] for DELETE '/session/c00cff6e928296963a5bad286bf28c4c'
12:44:39.583 [AsyncHttpClient-1-6] DEBUG org.asynchttpclient.netty.handler.HttpHandler - Unexpected I/O exception on channel [id: 0x1dd19019, L:/127.0.0.1:51802 - R:localhost/127.0.0.1:51796]
java.io.IOException: An existing connection was forcibly closed by the remote host
	at java.base/sun.nio.ch.SocketDispatcher.read0(Native Method)
	at java.base/sun.nio.ch.SocketDispatcher.read(SocketDispatcher.java:43)
	at java.base/sun.nio.ch.IOUtil.readIntoNativeBuffer(IOUtil.java:276)
	at java.base/sun.nio.ch.IOUtil.read(IOUtil.java:233)
	at java.base/sun.nio.ch.IOUtil.read(IOUtil.java:223)
	at java.base/sun.nio.ch.SocketChannelImpl.read(SocketChannelImpl.java:358)
	at io.netty.buffer.PooledByteBuf.setBytes(PooledByteBuf.java:258)
	at io.netty.buffer.AbstractByteBuf.writeBytes(AbstractByteBuf.java:1132)
	at io.netty.channel.socket.nio.NioSocketChannel.doReadBytes(NioSocketChannel.java:350)
	at io.netty.channel.nio.AbstractNioByteChannel$NioByteUnsafe.read(AbstractNioByteChannel.java:151)
	at io.netty.channel.nio.NioEventLoop.processSelectedKey(NioEventLoop.java:722)
	at io.netty.channel.nio.NioEventLoop.processSelectedKeysOptimized(NioEventLoop.java:658)
	at io.netty.channel.nio.NioEventLoop.processSelectedKeys(NioEventLoop.java:584)
	at io.netty.channel.nio.NioEventLoop.run(NioEventLoop.java:496)
	at io.netty.util.concurrent.SingleThreadEventExecutor$4.run(SingleThreadEventExecutor.java:986)
	at io.netty.util.internal.ThreadExecutorMap$2.run(ThreadExecutorMap.java:74)
	at io.netty.util.concurrent.FastThreadLocalRunnable.run(FastThreadLocalRunnable.java:30)
	at java.base/java.lang.Thread.run(Thread.java:834)
12:44:39.583 [AsyncHttpClient-1-6] DEBUG org.asynchttpclient.netty.channel.ChannelManager - Closing Channel [id: 0x1dd19019, L:/127.0.0.1:51802 - R:localhost/127.0.0.1:51796] 
12:44:39.583 [AsyncHttpClient-1-6] DEBUG org.asynchttpclient.netty.handler.HttpHandler - Channel Closed: [id: 0x1dd19019, L:/127.0.0.1:51802 ! R:localhost/127.0.0.1:51796] with attribute DISCARD
12:44:39.604 [AsyncHttpClient-1-5] DEBUG org.asynchttpclient.netty.handler.HttpHandler - 

Request DefaultFullHttpRequest(decodeResult: success, version: HTTP/1.1, content: EmptyByteBufBE)
DELETE /session/c00cff6e928296963a5bad286bf28c4c HTTP/1.1
User-Agent: selenium/4.1.2 (java windows)
Content-Type: application/json; charset=utf-8
host: localhost:53478
accept: */*

Response DefaultHttpResponse(decodeResult: success, version: HTTP/1.1)
HTTP/1.1 200 OK
Content-Type: application/json; charset=utf-8
cache-control: no-cache
content-length: 14

12:44:39.604 [AsyncHttpClient-1-5] DEBUG org.asynchttpclient.netty.channel.ChannelManager - Adding key: http://localhost:53478 for channel [id: 0x4c79ad74, L:/127.0.0.1:51795 - R:localhost/127.0.0.1:53478]
12:44:39.642 [AsyncHttpClient-1-5] DEBUG org.asynchttpclient.netty.handler.HttpHandler - Channel Closed: [id: 0x4c79ad74, L:/127.0.0.1:51795 ! R:localhost/127.0.0.1:53478] with attribute DISCARD
12:44:39.734 [main] INFO  - 
  _____   ___   ___   _____     ___     _     ___   ___   ___   ___  
 |_   _| | __| / __| |_   _|   | _ \   /_\   / __| / __| | __| |   \ 
   | |   | _|  \__ \   | |     |  _/  / _ \  \__ \ \__ \ | _|  | |) |
   |_|   |___| |___/   |_|     |_|   /_/ \_\ |___/ |___/ |___| |___/ 

Login with email and password
----------------------------------------------------------------------
]]></system-out>
    <system-err><![CDATA[Starting ChromeDriver 107.0.5304.62 (1eec40d3a5764881c92085aaee66d25075c159aa-refs/branch-heads/5304@{#942}) on port 53478
Only local connections are allowed.
Please see https://chromedriver.chromium.org/security-considerations for suggestions on keeping ChromeDriver safe.
ChromeDriver was started successfully.
Nov 09, 2022 12:44:34 PM org.openqa.selenium.remote.ProtocolHandshake createSession
INFO: Detected dialect: W3C
Nov 09, 2022 12:44:34 PM org.openqa.selenium.devtools.CdpVersionFinder findNearestMatch
WARNING: Unable to find an exact match for CDP version 107, so returning the closest version found: a no-op implementation
Nov 09, 2022 12:44:34 PM org.openqa.selenium.devtools.CdpVersionFinder findNearestMatch
INFO: Unable to find CDP implementation matching 107.
Nov 09, 2022 12:44:34 PM org.openqa.selenium.chromium.ChromiumDriver lambda$new$3
WARNING: Unable to find version of CDP to use for . You may need to include a dependency on a specific version of the CDP using something similar to `org.seleniumhq.selenium:selenium-devtools-v86:4.1.2` where the version ("v86") matches the version of the chromium-based browser you're using and the version number of the artifact is the same as Selenium's.
]]></system-err>
  </testcase>
  <testcase name="Login with email and password #2" classname="Login" time="6.815">
    <system-out><![CDATA[
@Login
Scenario Outline: Login with email and password &amp#27;[90m# src/test/resources/features/login.feature:17&amp#27;[0m
12:44:39.741 [main] INFO io.cucumber.core.plugin.SerenityReporter - Running feature from file:///C:/Users/ASUS/Web/src/test/resources/features/login.feature
12:44:39.747 [AsyncHttpClient-1-1] DEBUG org.asynchttpclient.netty.channel.DefaultChannelPool - Entry count for : http://localhost:53478 : 1
12:44:39.747 [AsyncHttpClient-1-1] DEBUG org.asynchttpclient.netty.channel.DefaultChannelPool - Entry count for : http://localhost:51796 : 1
12:44:39.747 [AsyncHttpClient-1-1] DEBUG org.asynchttpclient.netty.channel.DefaultChannelPool - Adding Candidate expired Channel [id: 0x4c79ad74, L:/127.0.0.1:51795 ! R:localhost/127.0.0.1:53478] isIdleTimeoutExpired=false isRemotelyClosed=true isTtlExpired=false
12:44:39.747 [AsyncHttpClient-1-1] DEBUG org.asynchttpclient.netty.channel.DefaultChannelPool - Closing Idle Channel [id: 0x4c79ad74, L:/127.0.0.1:51795 ! R:localhost/127.0.0.1:53478]
12:44:39.747 [AsyncHttpClient-1-1] DEBUG org.asynchttpclient.netty.channel.DefaultChannelPool - Adding Candidate expired Channel [id: 0x1dd19019, L:/127.0.0.1:51802 ! R:localhost/127.0.0.1:51796] isIdleTimeoutExpired=false isRemotelyClosed=true isTtlExpired=false
12:44:39.747 [AsyncHttpClient-1-1] DEBUG org.asynchttpclient.netty.channel.DefaultChannelPool - Closing Idle Channel [id: 0x1dd19019, L:/127.0.0.1:51802 ! R:localhost/127.0.0.1:51796]
12:44:39.747 [AsyncHttpClient-1-1] DEBUG org.asynchttpclient.netty.channel.DefaultChannelPool - Closed 2 connections out of 2 in 0 ms
12:44:39.759 [main] INFO net.serenitybdd.core.webdriver.driverproviders.ChromeDriverProvider - Using automatically driver download
12:44:39.868 [main] DEBUG io.github.bonigarcia.wdm.cache.ResolutionCache - Resolution chrome=107 in cache (valid until 13:44:11 09/11/2022 ICT)
12:44:39.873 [main] DEBUG io.github.bonigarcia.wdm.cache.ResolutionCache - Resolution chrome107=107.0.5304.62 in cache (valid until 12:48:49 09/11/2022 ICT)
12:44:39.874 [main] INFO io.github.bonigarcia.wdm.WebDriverManager - Using chromedriver 107.0.5304.62 (resolved driver for Chrome 107)
12:44:39.887 [main] DEBUG io.github.bonigarcia.wdm.WebDriverManager - Driver chromedriver 107.0.5304.62 found in cache
12:44:39.888 [main] INFO io.github.bonigarcia.wdm.WebDriverManager - Exporting webdriver.chrome.driver as C:\Users\ASUS\.cache\selenium\chromedriver\win32\107.0.5304.62\chromedriver.exe
12:44:39.997 [main] DEBUG net.serenitybdd.core.webdriver.driverproviders.ProvideNewDriver - Instantiating driver
12:44:39.997 [main] DEBUG net.serenitybdd.core.webdriver.driverproviders.ProvideNewDriver - Driver capabilities: Capabilities {acceptInsecureCerts: false, base.url: https://alta-shop.vercel.app/, browserName: chrome, chrome.driver: src/test/resources/webdrive..., driver: chrome, goog:chromeOptions: {args: [], extensions: []}}
12:44:40.086 [AsyncHttpClient-1-8] DEBUG org.asynchttpclient.netty.channel.NettyConnectListener - Using new Channel '[id: 0x9f15571f, L:/127.0.0.1:51820 - R:localhost/127.0.0.1:51588]' for 'POST' to '/session'
12:44:42.893 [AsyncHttpClient-1-8] DEBUG org.asynchttpclient.netty.handler.HttpHandler - 

Request DefaultHttpRequest(decodeResult: success, version: HTTP/1.1)
POST /session HTTP/1.1
User-Agent: selenium/4.1.2 (java windows)
Content-Length: 615
Content-Type: application/json; charset=utf-8
host: localhost:51588
accept: */*

Response DefaultHttpResponse(decodeResult: success, version: HTTP/1.1)
HTTP/1.1 200 OK
Content-Type: application/json; charset=utf-8
cache-control: no-cache
content-length: 789

12:44:42.894 [AsyncHttpClient-1-8] DEBUG org.asynchttpclient.netty.channel.ChannelManager - Adding key: http://localhost:51588 for channel [id: 0x9f15571f, L:/127.0.0.1:51820 - R:localhost/127.0.0.1:51588]
12:44:42.907 [AsyncHttpClient-1-9] DEBUG org.asynchttpclient.netty.channel.NettyConnectListener - Using new Channel '[id: 0x8be4eab2, L:/127.0.0.1:51827 - R:localhost/127.0.0.1:51821]' for 'GET' to '/json/version'
12:44:42.914 [AsyncHttpClient-1-9] DEBUG org.asynchttpclient.netty.handler.HttpHandler - 

Request DefaultFullHttpRequest(decodeResult: success, version: HTTP/1.1, content: EmptyByteBufBE)
GET /json/version HTTP/1.1
User-Agent: selenium/4.1.2 (java windows)
host: localhost:51821
accept: */*

Response DefaultHttpResponse(decodeResult: success, version: HTTP/1.1)
HTTP/1.1 200 OK
Content-Type: application/json; charset=UTF-8
content-length: 423

12:44:42.914 [AsyncHttpClient-1-9] DEBUG org.asynchttpclient.netty.channel.ChannelManager - Adding key: http://localhost:51821 for channel [id: 0x8be4eab2, L:/127.0.0.1:51827 - R:localhost/127.0.0.1:51821]
12:44:42.919 [AsyncHttpClient-1-10] DEBUG org.asynchttpclient.netty.channel.NettyConnectListener - Using new Channel '[id: 0xa321bf0b, L:/127.0.0.1:51828 - R:localhost/127.0.0.1:51821]' for 'GET' to '/devtools/browser/a3212234-2f1c-4ac8-a251-fcd8941e6aa0'
12:44:42.923 [AsyncHttpClient-1-10] DEBUG org.asynchttpclient.netty.handler.WebSocketHandler - 

Request DefaultFullHttpRequest(decodeResult: success, version: HTTP/1.1, content: EmptyByteBufBE)
GET /devtools/browser/a3212234-2f1c-4ac8-a251-fcd8941e6aa0 HTTP/1.1
upgrade: websocket
connection: upgrade
sec-websocket-key: Reuux3X2jUP1WeqOBntS0g==
sec-websocket-version: 13
origin: http://localhost:51821
host: localhost:51821
accept: */*
user-agent: AHC/2.1

Response DefaultHttpResponse(decodeResult: success, version: HTTP/1.1)
HTTP/1.1 101 WebSocket Protocol Handshake
Upgrade: WebSocket
Connection: Upgrade
Sec-WebSocket-Accept: 3huGyTlNMz2EupZuEFNIBfjEaFo=

12:44:42.927 [Forwarding get on session 66b13bac533f6033acea2fbd8405dfe6 to remote] DEBUG org.asynchttpclient.netty.request.NettyRequestSender - Using pooled Channel '[id: 0x9f15571f, L:/127.0.0.1:51820 - R:localhost/127.0.0.1:51588]' for 'POST' to 'http://localhost:51588/session/66b13bac533f6033acea2fbd8405dfe6/url'
12:44:42.927 [Forwarding get on session 66b13bac533f6033acea2fbd8405dfe6 to remote] DEBUG org.asynchttpclient.netty.request.NettyRequestSender - Using open Channel [id: 0x9f15571f, L:/127.0.0.1:51820 - R:localhost/127.0.0.1:51588] for POST '/session/66b13bac533f6033acea2fbd8405dfe6/url'
12:44:43.045 [AsyncHttpClient-1-1] DEBUG org.asynchttpclient.netty.channel.DefaultChannelPool - Entry count for : http://localhost:51821 : 1
12:44:44.072 [AsyncHttpClient-1-8] DEBUG org.asynchttpclient.netty.handler.HttpHandler - 

Request DefaultHttpRequest(decodeResult: success, version: HTTP/1.1)
POST /session/66b13bac533f6033acea2fbd8405dfe6/url HTTP/1.1
User-Agent: selenium/4.1.2 (java windows)
Content-Length: 59
Content-Type: application/json; charset=utf-8
host: localhost:51588
accept: */*

Response DefaultHttpResponse(decodeResult: success, version: HTTP/1.1)
HTTP/1.1 200 OK
Content-Type: application/json; charset=utf-8
cache-control: no-cache
content-length: 14

12:44:44.072 [AsyncHttpClient-1-8] DEBUG org.asynchttpclient.netty.channel.ChannelManager - Adding key: http://localhost:51588 for channel [id: 0x9f15571f, L:/127.0.0.1:51820 - R:localhost/127.0.0.1:51588]
12:44:44.073 [Forwarding setTimeout on session 66b13bac533f6033acea2fbd8405dfe6 to remote] DEBUG org.asynchttpclient.netty.request.NettyRequestSender - Using pooled Channel '[id: 0x9f15571f, L:/127.0.0.1:51820 - R:localhost/127.0.0.1:51588]' for 'POST' to 'http://localhost:51588/session/66b13bac533f6033acea2fbd8405dfe6/timeouts'
12:44:44.073 [Forwarding setTimeout on session 66b13bac533f6033acea2fbd8405dfe6 to remote] DEBUG org.asynchttpclient.netty.request.NettyRequestSender - Using open Channel [id: 0x9f15571f, L:/127.0.0.1:51820 - R:localhost/127.0.0.1:51588] for POST '/session/66b13bac533f6033acea2fbd8405dfe6/timeouts'
12:44:44.075 [AsyncHttpClient-1-8] DEBUG org.asynchttpclient.netty.handler.HttpHandler - 

Request DefaultHttpRequest(decodeResult: success, version: HTTP/1.1)
POST /session/66b13bac533f6033acea2fbd8405dfe6/timeouts HTTP/1.1
User-Agent: selenium/4.1.2 (java windows)
Content-Length: 22
Content-Type: application/json; charset=utf-8
host: localhost:51588
accept: */*

Response DefaultHttpResponse(decodeResult: success, version: HTTP/1.1)
HTTP/1.1 200 OK
Content-Type: application/json; charset=utf-8
cache-control: no-cache
content-length: 14

12:44:44.075 [AsyncHttpClient-1-8] DEBUG org.asynchttpclient.netty.channel.ChannelManager - Adding key: http://localhost:51588 for channel [id: 0x9f15571f, L:/127.0.0.1:51820 - R:localhost/127.0.0.1:51588]
12:44:44.077 [Forwarding getCurrentUrl on session 66b13bac533f6033acea2fbd8405dfe6 to remote] DEBUG org.asynchttpclient.netty.request.NettyRequestSender - Using pooled Channel '[id: 0x9f15571f, L:/127.0.0.1:51820 - R:localhost/127.0.0.1:51588]' for 'GET' to 'http://localhost:51588/session/66b13bac533f6033acea2fbd8405dfe6/url'
12:44:44.077 [Forwarding getCurrentUrl on session 66b13bac533f6033acea2fbd8405dfe6 to remote] DEBUG org.asynchttpclient.netty.request.NettyRequestSender - Using open Channel [id: 0x9f15571f, L:/127.0.0.1:51820 - R:localhost/127.0.0.1:51588] for GET '/session/66b13bac533f6033acea2fbd8405dfe6/url'
12:44:44.082 [AsyncHttpClient-1-8] DEBUG org.asynchttpclient.netty.handler.HttpHandler - 

Request DefaultFullHttpRequest(decodeResult: success, version: HTTP/1.1, content: EmptyByteBufBE)
GET /session/66b13bac533f6033acea2fbd8405dfe6/url HTTP/1.1
User-Agent: selenium/4.1.2 (java windows)
Cache-Control: no-cache
Content-Type: application/json; charset=utf-8
host: localhost:51588
accept: */*

Response DefaultHttpResponse(decodeResult: success, version: HTTP/1.1)
HTTP/1.1 200 OK
Content-Type: application/json; charset=utf-8
cache-control: no-cache
content-length: 41

12:44:44.083 [AsyncHttpClient-1-8] DEBUG org.asynchttpclient.netty.channel.ChannelManager - Adding key: http://localhost:51588 for channel [id: 0x9f15571f, L:/127.0.0.1:51820 - R:localhost/127.0.0.1:51588]
  &amp#27;[32mGiven &amp#27;[0m&amp#27;[32mI am on home page&amp#27;[0m                       &amp#27;[90m# starter.stepdefinition.LoginStep.iAmOnHomePage()&amp#27;[0m
12:44:44.087 [Forwarding screenshot on session 66b13bac533f6033acea2fbd8405dfe6 to remote] DEBUG org.asynchttpclient.netty.request.NettyRequestSender - Using pooled Channel '[id: 0x9f15571f, L:/127.0.0.1:51820 - R:localhost/127.0.0.1:51588]' for 'GET' to 'http://localhost:51588/session/66b13bac533f6033acea2fbd8405dfe6/screenshot'
12:44:44.087 [Forwarding screenshot on session 66b13bac533f6033acea2fbd8405dfe6 to remote] DEBUG org.asynchttpclient.netty.request.NettyRequestSender - Using open Channel [id: 0x9f15571f, L:/127.0.0.1:51820 - R:localhost/127.0.0.1:51588] for GET '/session/66b13bac533f6033acea2fbd8405dfe6/screenshot'
12:44:44.145 [AsyncHttpClient-1-1] DEBUG org.asynchttpclient.netty.channel.DefaultChannelPool - Entry count for : http://localhost:51821 : 1
12:44:44.254 [AsyncHttpClient-1-8] DEBUG org.asynchttpclient.netty.handler.HttpHandler - 

Request DefaultFullHttpRequest(decodeResult: success, version: HTTP/1.1, content: EmptyByteBufBE)
GET /session/66b13bac533f6033acea2fbd8405dfe6/screenshot HTTP/1.1
User-Agent: selenium/4.1.2 (java windows)
Cache-Control: no-cache
Content-Type: application/json; charset=utf-8
host: localhost:51588
accept: */*

Response DefaultHttpResponse(decodeResult: success, version: HTTP/1.1)
HTTP/1.1 200 OK
Content-Type: application/json; charset=utf-8
cache-control: no-cache
content-length: 34088

12:44:44.254 [AsyncHttpClient-1-8] DEBUG org.asynchttpclient.netty.channel.ChannelManager - Adding key: http://localhost:51588 for channel [id: 0x9f15571f, L:/127.0.0.1:51820 - R:localhost/127.0.0.1:51588]
12:44:44.256 [main] DEBUG net.serenitybdd.core.photography.Darkroom - Send negative for processing for target\site\serenity\9c4e042f441e3872866eaeb1eaa919cc8dfb42296c76ea1d68c1b9d4a65fa66b.png
12:44:44.256 [Darkroom Processing Line] DEBUG net.serenitybdd.core.photography.DarkroomProcessingLine - Processing screenshot image in /var/screenshots/screenshot-1087663502695786205
12:44:44.256 [Darkroom Processing Line] DEBUG net.serenitybdd.core.photography.DarkroomProcessingLine - Saving screenshot to target\site\serenity\9c4e042f441e3872866eaeb1eaa919cc8dfb42296c76ea1d68c1b9d4a65fa66b.png
12:44:44.262 [Forwarding findElement on session 66b13bac533f6033acea2fbd8405dfe6 to remote] DEBUG org.asynchttpclient.netty.request.NettyRequestSender - Using pooled Channel '[id: 0x9f15571f, L:/127.0.0.1:51820 - R:localhost/127.0.0.1:51588]' for 'POST' to 'http://localhost:51588/session/66b13bac533f6033acea2fbd8405dfe6/element'
12:44:44.262 [Forwarding findElement on session 66b13bac533f6033acea2fbd8405dfe6 to remote] DEBUG org.asynchttpclient.netty.request.NettyRequestSender - Using open Channel [id: 0x9f15571f, L:/127.0.0.1:51820 - R:localhost/127.0.0.1:51588] for POST '/session/66b13bac533f6033acea2fbd8405dfe6/element'
12:44:44.275 [AsyncHttpClient-1-8] DEBUG org.asynchttpclient.netty.handler.HttpHandler - 

Request DefaultHttpRequest(decodeResult: success, version: HTTP/1.1)
POST /session/66b13bac533f6033acea2fbd8405dfe6/element HTTP/1.1
User-Agent: selenium/4.1.2 (java windows)
Content-Length: 97
Content-Type: application/json; charset=utf-8
host: localhost:51588
accept: */*

Response DefaultHttpResponse(decodeResult: success, version: HTTP/1.1)
HTTP/1.1 200 OK
Content-Type: application/json; charset=utf-8
cache-control: no-cache
content-length: 88

12:44:44.275 [AsyncHttpClient-1-8] DEBUG org.asynchttpclient.netty.channel.ChannelManager - Adding key: http://localhost:51588 for channel [id: 0x9f15571f, L:/127.0.0.1:51820 - R:localhost/127.0.0.1:51588]
12:44:44.276 [Forwarding getElementTagName on session 66b13bac533f6033acea2fbd8405dfe6 to remote] DEBUG org.asynchttpclient.netty.request.NettyRequestSender - Using pooled Channel '[id: 0x9f15571f, L:/127.0.0.1:51820 - R:localhost/127.0.0.1:51588]' for 'GET' to 'http://localhost:51588/session/66b13bac533f6033acea2fbd8405dfe6/element/a76b816d-870c-40a8-aafd-d40b3abc1903/name'
12:44:44.277 [Forwarding getElementTagName on session 66b13bac533f6033acea2fbd8405dfe6 to remote] DEBUG org.asynchttpclient.netty.request.NettyRequestSender - Using open Channel [id: 0x9f15571f, L:/127.0.0.1:51820 - R:localhost/127.0.0.1:51588] for GET '/session/66b13bac533f6033acea2fbd8405dfe6/element/a76b816d-870c-40a8-aafd-d40b3abc1903/name'
12:44:44.281 [AsyncHttpClient-1-8] DEBUG org.asynchttpclient.netty.handler.HttpHandler - 

Request DefaultFullHttpRequest(decodeResult: success, version: HTTP/1.1, content: EmptyByteBufBE)
GET /session/66b13bac533f6033acea2fbd8405dfe6/element/a76b816d-870c-40a8-aafd-d40b3abc1903/name HTTP/1.1
User-Agent: selenium/4.1.2 (java windows)
Cache-Control: no-cache
Content-Type: application/json; charset=utf-8
host: localhost:51588
accept: */*

Response DefaultHttpResponse(decodeResult: success, version: HTTP/1.1)
HTTP/1.1 200 OK
Content-Type: application/json; charset=utf-8
cache-control: no-cache
content-length: 13

12:44:44.281 [AsyncHttpClient-1-8] DEBUG org.asynchttpclient.netty.channel.ChannelManager - Adding key: http://localhost:51588 for channel [id: 0x9f15571f, L:/127.0.0.1:51820 - R:localhost/127.0.0.1:51588]
12:44:44.282 [Forwarding getElementTagName on session 66b13bac533f6033acea2fbd8405dfe6 to remote] DEBUG org.asynchttpclient.netty.request.NettyRequestSender - Using pooled Channel '[id: 0x9f15571f, L:/127.0.0.1:51820 - R:localhost/127.0.0.1:51588]' for 'GET' to 'http://localhost:51588/session/66b13bac533f6033acea2fbd8405dfe6/element/a76b816d-870c-40a8-aafd-d40b3abc1903/name'
12:44:44.282 [Forwarding getElementTagName on session 66b13bac533f6033acea2fbd8405dfe6 to remote] DEBUG org.asynchttpclient.netty.request.NettyRequestSender - Using open Channel [id: 0x9f15571f, L:/127.0.0.1:51820 - R:localhost/127.0.0.1:51588] for GET '/session/66b13bac533f6033acea2fbd8405dfe6/element/a76b816d-870c-40a8-aafd-d40b3abc1903/name'
12:44:44.285 [AsyncHttpClient-1-8] DEBUG org.asynchttpclient.netty.handler.HttpHandler - 

Request DefaultFullHttpRequest(decodeResult: success, version: HTTP/1.1, content: EmptyByteBufBE)
GET /session/66b13bac533f6033acea2fbd8405dfe6/element/a76b816d-870c-40a8-aafd-d40b3abc1903/name HTTP/1.1
User-Agent: selenium/4.1.2 (java windows)
Cache-Control: no-cache
Content-Type: application/json; charset=utf-8
host: localhost:51588
accept: */*

Response DefaultHttpResponse(decodeResult: success, version: HTTP/1.1)
HTTP/1.1 200 OK
Content-Type: application/json; charset=utf-8
cache-control: no-cache
content-length: 13

12:44:44.285 [AsyncHttpClient-1-8] DEBUG org.asynchttpclient.netty.channel.ChannelManager - Adding key: http://localhost:51588 for channel [id: 0x9f15571f, L:/127.0.0.1:51820 - R:localhost/127.0.0.1:51588]
12:44:44.287 [Forwarding findElement on session 66b13bac533f6033acea2fbd8405dfe6 to remote] DEBUG org.asynchttpclient.netty.request.NettyRequestSender - Using pooled Channel '[id: 0x9f15571f, L:/127.0.0.1:51820 - R:localhost/127.0.0.1:51588]' for 'POST' to 'http://localhost:51588/session/66b13bac533f6033acea2fbd8405dfe6/element'
12:44:44.287 [Forwarding findElement on session 66b13bac533f6033acea2fbd8405dfe6 to remote] DEBUG org.asynchttpclient.netty.request.NettyRequestSender - Using open Channel [id: 0x9f15571f, L:/127.0.0.1:51820 - R:localhost/127.0.0.1:51588] for POST '/session/66b13bac533f6033acea2fbd8405dfe6/element'
12:44:44.294 [AsyncHttpClient-1-8] DEBUG org.asynchttpclient.netty.handler.HttpHandler - 

Request DefaultHttpRequest(decodeResult: success, version: HTTP/1.1)
POST /session/66b13bac533f6033acea2fbd8405dfe6/element HTTP/1.1
User-Agent: selenium/4.1.2 (java windows)
Content-Length: 97
Content-Type: application/json; charset=utf-8
host: localhost:51588
accept: */*

Response DefaultHttpResponse(decodeResult: success, version: HTTP/1.1)
HTTP/1.1 200 OK
Content-Type: application/json; charset=utf-8
cache-control: no-cache
content-length: 88

12:44:44.294 [AsyncHttpClient-1-8] DEBUG org.asynchttpclient.netty.channel.ChannelManager - Adding key: http://localhost:51588 for channel [id: 0x9f15571f, L:/127.0.0.1:51820 - R:localhost/127.0.0.1:51588]
12:44:44.296 [Forwarding clickElement on session 66b13bac533f6033acea2fbd8405dfe6 to remote] DEBUG org.asynchttpclient.netty.request.NettyRequestSender - Using pooled Channel '[id: 0x9f15571f, L:/127.0.0.1:51820 - R:localhost/127.0.0.1:51588]' for 'POST' to 'http://localhost:51588/session/66b13bac533f6033acea2fbd8405dfe6/element/a76b816d-870c-40a8-aafd-d40b3abc1903/click'
12:44:44.296 [Forwarding clickElement on session 66b13bac533f6033acea2fbd8405dfe6 to remote] DEBUG org.asynchttpclient.netty.request.NettyRequestSender - Using open Channel [id: 0x9f15571f, L:/127.0.0.1:51820 - R:localhost/127.0.0.1:51588] for POST '/session/66b13bac533f6033acea2fbd8405dfe6/element/a76b816d-870c-40a8-aafd-d40b3abc1903/click'
12:44:44.331 [AsyncHttpClient-1-8] DEBUG org.asynchttpclient.netty.handler.HttpHandler - 

Request DefaultHttpRequest(decodeResult: success, version: HTTP/1.1)
POST /session/66b13bac533f6033acea2fbd8405dfe6/element/a76b816d-870c-40a8-aafd-d40b3abc1903/click HTTP/1.1
User-Agent: selenium/4.1.2 (java windows)
Content-Length: 50
Content-Type: application/json; charset=utf-8
host: localhost:51588
accept: */*

Response DefaultHttpResponse(decodeResult: success, version: HTTP/1.1)
HTTP/1.1 200 OK
Content-Type: application/json; charset=utf-8
cache-control: no-cache
content-length: 14

12:44:44.331 [AsyncHttpClient-1-8] DEBUG org.asynchttpclient.netty.channel.ChannelManager - Adding key: http://localhost:51588 for channel [id: 0x9f15571f, L:/127.0.0.1:51820 - R:localhost/127.0.0.1:51588]
  &amp#27;[32mAnd &amp#27;[0m&amp#27;[32mI click icon the login icon&amp#27;[0m               &amp#27;[90m# starter.stepdefinition.LoginStep.iClickIconTheLoginIcon()&amp#27;[0m
12:44:44.342 [Forwarding screenshot on session 66b13bac533f6033acea2fbd8405dfe6 to remote] DEBUG org.asynchttpclient.netty.request.NettyRequestSender - Using pooled Channel '[id: 0x9f15571f, L:/127.0.0.1:51820 - R:localhost/127.0.0.1:51588]' for 'GET' to 'http://localhost:51588/session/66b13bac533f6033acea2fbd8405dfe6/screenshot'
12:44:44.342 [Forwarding screenshot on session 66b13bac533f6033acea2fbd8405dfe6 to remote] DEBUG org.asynchttpclient.netty.request.NettyRequestSender - Using open Channel [id: 0x9f15571f, L:/127.0.0.1:51820 - R:localhost/127.0.0.1:51588] for GET '/session/66b13bac533f6033acea2fbd8405dfe6/screenshot'
12:44:44.593 [AsyncHttpClient-1-8] DEBUG org.asynchttpclient.netty.handler.HttpHandler - 

Request DefaultFullHttpRequest(decodeResult: success, version: HTTP/1.1, content: EmptyByteBufBE)
GET /session/66b13bac533f6033acea2fbd8405dfe6/screenshot HTTP/1.1
User-Agent: selenium/4.1.2 (java windows)
Cache-Control: no-cache
Content-Type: application/json; charset=utf-8
host: localhost:51588
accept: */*

Response DefaultHttpResponse(decodeResult: success, version: HTTP/1.1)
HTTP/1.1 200 OK
Content-Type: application/json; charset=utf-8
cache-control: no-cache
content-length: 34844

12:44:44.594 [AsyncHttpClient-1-8] DEBUG org.asynchttpclient.netty.channel.ChannelManager - Adding key: http://localhost:51588 for channel [id: 0x9f15571f, L:/127.0.0.1:51820 - R:localhost/127.0.0.1:51588]
12:44:44.595 [main] DEBUG net.serenitybdd.core.photography.Darkroom - Send negative for processing for target\site\serenity\e9238d93875a87e35c7003446d9661dba3d3de1b6773a339b7b0d2d6d82338ca.png
12:44:44.595 [Darkroom Processing Line] DEBUG net.serenitybdd.core.photography.DarkroomProcessingLine - Processing screenshot image in /var/screenshots/screenshot-8933253777716048260
12:44:44.595 [Darkroom Processing Line] DEBUG net.serenitybdd.core.photography.DarkroomProcessingLine - Saving screenshot to target\site\serenity\e9238d93875a87e35c7003446d9661dba3d3de1b6773a339b7b0d2d6d82338ca.png
12:44:44.601 [Forwarding findElement on session 66b13bac533f6033acea2fbd8405dfe6 to remote] DEBUG org.asynchttpclient.netty.request.NettyRequestSender - Using pooled Channel '[id: 0x9f15571f, L:/127.0.0.1:51820 - R:localhost/127.0.0.1:51588]' for 'POST' to 'http://localhost:51588/session/66b13bac533f6033acea2fbd8405dfe6/element'
12:44:44.601 [Forwarding findElement on session 66b13bac533f6033acea2fbd8405dfe6 to remote] DEBUG org.asynchttpclient.netty.request.NettyRequestSender - Using open Channel [id: 0x9f15571f, L:/127.0.0.1:51820 - R:localhost/127.0.0.1:51588] for POST '/session/66b13bac533f6033acea2fbd8405dfe6/element'
12:44:44.611 [AsyncHttpClient-1-8] DEBUG org.asynchttpclient.netty.handler.HttpHandler - 

Request DefaultHttpRequest(decodeResult: success, version: HTTP/1.1)
POST /session/66b13bac533f6033acea2fbd8405dfe6/element HTTP/1.1
User-Agent: selenium/4.1.2 (java windows)
Content-Length: 88
Content-Type: application/json; charset=utf-8
host: localhost:51588
accept: */*

Response DefaultHttpResponse(decodeResult: success, version: HTTP/1.1)
HTTP/1.1 200 OK
Content-Type: application/json; charset=utf-8
cache-control: no-cache
content-length: 88

12:44:44.611 [AsyncHttpClient-1-8] DEBUG org.asynchttpclient.netty.channel.ChannelManager - Adding key: http://localhost:51588 for channel [id: 0x9f15571f, L:/127.0.0.1:51820 - R:localhost/127.0.0.1:51588]
12:44:44.613 [Forwarding clearElement on session 66b13bac533f6033acea2fbd8405dfe6 to remote] DEBUG org.asynchttpclient.netty.request.NettyRequestSender - Using pooled Channel '[id: 0x9f15571f, L:/127.0.0.1:51820 - R:localhost/127.0.0.1:51588]' for 'POST' to 'http://localhost:51588/session/66b13bac533f6033acea2fbd8405dfe6/element/17a6d202-da04-4ea4-ad05-f7f8b4c22cee/clear'
12:44:44.613 [Forwarding clearElement on session 66b13bac533f6033acea2fbd8405dfe6 to remote] DEBUG org.asynchttpclient.netty.request.NettyRequestSender - Using open Channel [id: 0x9f15571f, L:/127.0.0.1:51820 - R:localhost/127.0.0.1:51588] for POST '/session/66b13bac533f6033acea2fbd8405dfe6/element/17a6d202-da04-4ea4-ad05-f7f8b4c22cee/clear'
12:44:44.640 [AsyncHttpClient-1-8] DEBUG org.asynchttpclient.netty.handler.HttpHandler - 

Request DefaultHttpRequest(decodeResult: success, version: HTTP/1.1)
POST /session/66b13bac533f6033acea2fbd8405dfe6/element/17a6d202-da04-4ea4-ad05-f7f8b4c22cee/clear HTTP/1.1
User-Agent: selenium/4.1.2 (java windows)
Content-Length: 50
Content-Type: application/json; charset=utf-8
host: localhost:51588
accept: */*

Response DefaultHttpResponse(decodeResult: success, version: HTTP/1.1)
HTTP/1.1 200 OK
Content-Type: application/json; charset=utf-8
cache-control: no-cache
content-length: 14

12:44:44.640 [AsyncHttpClient-1-8] DEBUG org.asynchttpclient.netty.channel.ChannelManager - Adding key: http://localhost:51588 for channel [id: 0x9f15571f, L:/127.0.0.1:51820 - R:localhost/127.0.0.1:51588]
12:44:44.643 [Forwarding sendKeysToElement on session 66b13bac533f6033acea2fbd8405dfe6 to remote] DEBUG org.asynchttpclient.netty.request.NettyRequestSender - Using pooled Channel '[id: 0x9f15571f, L:/127.0.0.1:51820 - R:localhost/127.0.0.1:51588]' for 'POST' to 'http://localhost:51588/session/66b13bac533f6033acea2fbd8405dfe6/element/17a6d202-da04-4ea4-ad05-f7f8b4c22cee/value'
12:44:44.643 [Forwarding sendKeysToElement on session 66b13bac533f6033acea2fbd8405dfe6 to remote] DEBUG org.asynchttpclient.netty.request.NettyRequestSender - Using open Channel [id: 0x9f15571f, L:/127.0.0.1:51820 - R:localhost/127.0.0.1:51588] for POST '/session/66b13bac533f6033acea2fbd8405dfe6/element/17a6d202-da04-4ea4-ad05-f7f8b4c22cee/value'
12:44:44.676 [AsyncHttpClient-1-8] DEBUG org.asynchttpclient.netty.handler.HttpHandler - 

Request DefaultHttpRequest(decodeResult: success, version: HTTP/1.1)
POST /session/66b13bac533f6033acea2fbd8405dfe6/element/17a6d202-da04-4ea4-ad05-f7f8b4c22cee/value HTTP/1.1
User-Agent: selenium/4.1.2 (java windows)
Content-Length: 82
Content-Type: application/json; charset=utf-8
host: localhost:51588
accept: */*

Response DefaultHttpResponse(decodeResult: success, version: HTTP/1.1)
HTTP/1.1 200 OK
Content-Type: application/json; charset=utf-8
cache-control: no-cache
content-length: 14

12:44:44.676 [AsyncHttpClient-1-8] DEBUG org.asynchttpclient.netty.channel.ChannelManager - Adding key: http://localhost:51588 for channel [id: 0x9f15571f, L:/127.0.0.1:51820 - R:localhost/127.0.0.1:51588]
  &amp#27;[32mWhen &amp#27;[0m&amp#27;[32mI input &amp#27;[0m&amp#27;[32m&amp#27;[1m""&amp#27;[0m&amp#27;[32m email&amp#27;[0m                         &amp#27;[90m# starter.stepdefinition.LoginStep.iInputEmail(java.lang.String)&amp#27;[0m
12:44:44.680 [Forwarding screenshot on session 66b13bac533f6033acea2fbd8405dfe6 to remote] DEBUG org.asynchttpclient.netty.request.NettyRequestSender - Using pooled Channel '[id: 0x9f15571f, L:/127.0.0.1:51820 - R:localhost/127.0.0.1:51588]' for 'GET' to 'http://localhost:51588/session/66b13bac533f6033acea2fbd8405dfe6/screenshot'
12:44:44.680 [Forwarding screenshot on session 66b13bac533f6033acea2fbd8405dfe6 to remote] DEBUG org.asynchttpclient.netty.request.NettyRequestSender - Using open Channel [id: 0x9f15571f, L:/127.0.0.1:51820 - R:localhost/127.0.0.1:51588] for GET '/session/66b13bac533f6033acea2fbd8405dfe6/screenshot'
12:44:44.827 [AsyncHttpClient-1-8] DEBUG org.asynchttpclient.netty.handler.HttpHandler - 

Request DefaultFullHttpRequest(decodeResult: success, version: HTTP/1.1, content: EmptyByteBufBE)
GET /session/66b13bac533f6033acea2fbd8405dfe6/screenshot HTTP/1.1
User-Agent: selenium/4.1.2 (java windows)
Cache-Control: no-cache
Content-Type: application/json; charset=utf-8
host: localhost:51588
accept: */*

Response DefaultHttpResponse(decodeResult: success, version: HTTP/1.1)
HTTP/1.1 200 OK
Content-Type: application/json; charset=utf-8
cache-control: no-cache
content-length: 34124

12:44:44.828 [AsyncHttpClient-1-8] DEBUG org.asynchttpclient.netty.channel.ChannelManager - Adding key: http://localhost:51588 for channel [id: 0x9f15571f, L:/127.0.0.1:51820 - R:localhost/127.0.0.1:51588]
12:44:44.829 [main] DEBUG net.serenitybdd.core.photography.Darkroom - Send negative for processing for target\site\serenity\d8caa1e56fc4856b53afcbb5ec3f6af14dd299d944c4f2c5d539383d243d4260.png
12:44:44.829 [Darkroom Processing Line] DEBUG net.serenitybdd.core.photography.DarkroomProcessingLine - Processing screenshot image in /var/screenshots/screenshot-5314885644809149907
12:44:44.829 [Darkroom Processing Line] DEBUG net.serenitybdd.core.photography.DarkroomProcessingLine - Saving screenshot to target\site\serenity\d8caa1e56fc4856b53afcbb5ec3f6af14dd299d944c4f2c5d539383d243d4260.png
12:44:44.837 [Forwarding findElement on session 66b13bac533f6033acea2fbd8405dfe6 to remote] DEBUG org.asynchttpclient.netty.request.NettyRequestSender - Using pooled Channel '[id: 0x9f15571f, L:/127.0.0.1:51820 - R:localhost/127.0.0.1:51588]' for 'POST' to 'http://localhost:51588/session/66b13bac533f6033acea2fbd8405dfe6/element'
12:44:44.837 [Forwarding findElement on session 66b13bac533f6033acea2fbd8405dfe6 to remote] DEBUG org.asynchttpclient.netty.request.NettyRequestSender - Using open Channel [id: 0x9f15571f, L:/127.0.0.1:51820 - R:localhost/127.0.0.1:51588] for POST '/session/66b13bac533f6033acea2fbd8405dfe6/element'
12:44:44.847 [AsyncHttpClient-1-8] DEBUG org.asynchttpclient.netty.handler.HttpHandler - 

Request DefaultHttpRequest(decodeResult: success, version: HTTP/1.1)
POST /session/66b13bac533f6033acea2fbd8405dfe6/element HTTP/1.1
User-Agent: selenium/4.1.2 (java windows)
Content-Length: 91
Content-Type: application/json; charset=utf-8
host: localhost:51588
accept: */*

Response DefaultHttpResponse(decodeResult: success, version: HTTP/1.1)
HTTP/1.1 200 OK
Content-Type: application/json; charset=utf-8
cache-control: no-cache
content-length: 88

12:44:44.847 [AsyncHttpClient-1-8] DEBUG org.asynchttpclient.netty.channel.ChannelManager - Adding key: http://localhost:51588 for channel [id: 0x9f15571f, L:/127.0.0.1:51820 - R:localhost/127.0.0.1:51588]
12:44:44.848 [Forwarding clearElement on session 66b13bac533f6033acea2fbd8405dfe6 to remote] DEBUG org.asynchttpclient.netty.request.NettyRequestSender - Using pooled Channel '[id: 0x9f15571f, L:/127.0.0.1:51820 - R:localhost/127.0.0.1:51588]' for 'POST' to 'http://localhost:51588/session/66b13bac533f6033acea2fbd8405dfe6/element/aed80119-e4a5-4fad-b37d-e46723d4de83/clear'
12:44:44.848 [Forwarding clearElement on session 66b13bac533f6033acea2fbd8405dfe6 to remote] DEBUG org.asynchttpclient.netty.request.NettyRequestSender - Using open Channel [id: 0x9f15571f, L:/127.0.0.1:51820 - R:localhost/127.0.0.1:51588] for POST '/session/66b13bac533f6033acea2fbd8405dfe6/element/aed80119-e4a5-4fad-b37d-e46723d4de83/clear'
12:44:44.877 [AsyncHttpClient-1-8] DEBUG org.asynchttpclient.netty.handler.HttpHandler - 

Request DefaultHttpRequest(decodeResult: success, version: HTTP/1.1)
POST /session/66b13bac533f6033acea2fbd8405dfe6/element/aed80119-e4a5-4fad-b37d-e46723d4de83/clear HTTP/1.1
User-Agent: selenium/4.1.2 (java windows)
Content-Length: 50
Content-Type: application/json; charset=utf-8
host: localhost:51588
accept: */*

Response DefaultHttpResponse(decodeResult: success, version: HTTP/1.1)
HTTP/1.1 200 OK
Content-Type: application/json; charset=utf-8
cache-control: no-cache
content-length: 14

12:44:44.877 [AsyncHttpClient-1-8] DEBUG org.asynchttpclient.netty.channel.ChannelManager - Adding key: http://localhost:51588 for channel [id: 0x9f15571f, L:/127.0.0.1:51820 - R:localhost/127.0.0.1:51588]
12:44:44.879 [Forwarding sendKeysToElement on session 66b13bac533f6033acea2fbd8405dfe6 to remote] DEBUG org.asynchttpclient.netty.request.NettyRequestSender - Using pooled Channel '[id: 0x9f15571f, L:/127.0.0.1:51820 - R:localhost/127.0.0.1:51588]' for 'POST' to 'http://localhost:51588/session/66b13bac533f6033acea2fbd8405dfe6/element/aed80119-e4a5-4fad-b37d-e46723d4de83/value'
12:44:44.879 [Forwarding sendKeysToElement on session 66b13bac533f6033acea2fbd8405dfe6 to remote] DEBUG org.asynchttpclient.netty.request.NettyRequestSender - Using open Channel [id: 0x9f15571f, L:/127.0.0.1:51820 - R:localhost/127.0.0.1:51588] for POST '/session/66b13bac533f6033acea2fbd8405dfe6/element/aed80119-e4a5-4fad-b37d-e46723d4de83/value'
12:44:44.943 [AsyncHttpClient-1-8] DEBUG org.asynchttpclient.netty.handler.HttpHandler - 

Request DefaultHttpRequest(decodeResult: success, version: HTTP/1.1)
POST /session/66b13bac533f6033acea2fbd8405dfe6/element/aed80119-e4a5-4fad-b37d-e46723d4de83/value HTTP/1.1
User-Agent: selenium/4.1.2 (java windows)
Content-Length: 151
Content-Type: application/json; charset=utf-8
host: localhost:51588
accept: */*

Response DefaultHttpResponse(decodeResult: success, version: HTTP/1.1)
HTTP/1.1 200 OK
Content-Type: application/json; charset=utf-8
cache-control: no-cache
content-length: 14

12:44:44.943 [AsyncHttpClient-1-8] DEBUG org.asynchttpclient.netty.channel.ChannelManager - Adding key: http://localhost:51588 for channel [id: 0x9f15571f, L:/127.0.0.1:51820 - R:localhost/127.0.0.1:51588]
  &amp#27;[32mAnd &amp#27;[0m&amp#27;[32mI input &amp#27;[0m&amp#27;[32m&amp#27;[1m"novtami"&amp#27;[0m&amp#27;[32m password&amp#27;[0m                &amp#27;[90m# starter.stepdefinition.LoginStep.iInputPassword(java.lang.String)&amp#27;[0m
12:44:44.948 [Forwarding screenshot on session 66b13bac533f6033acea2fbd8405dfe6 to remote] DEBUG org.asynchttpclient.netty.request.NettyRequestSender - Using pooled Channel '[id: 0x9f15571f, L:/127.0.0.1:51820 - R:localhost/127.0.0.1:51588]' for 'GET' to 'http://localhost:51588/session/66b13bac533f6033acea2fbd8405dfe6/screenshot'
12:44:44.948 [Forwarding screenshot on session 66b13bac533f6033acea2fbd8405dfe6 to remote] DEBUG org.asynchttpclient.netty.request.NettyRequestSender - Using open Channel [id: 0x9f15571f, L:/127.0.0.1:51820 - R:localhost/127.0.0.1:51588] for GET '/session/66b13bac533f6033acea2fbd8405dfe6/screenshot'
12:44:45.119 [AsyncHttpClient-1-8] DEBUG org.asynchttpclient.netty.handler.HttpHandler - 

Request DefaultFullHttpRequest(decodeResult: success, version: HTTP/1.1, content: EmptyByteBufBE)
GET /session/66b13bac533f6033acea2fbd8405dfe6/screenshot HTTP/1.1
User-Agent: selenium/4.1.2 (java windows)
Cache-Control: no-cache
Content-Type: application/json; charset=utf-8
host: localhost:51588
accept: */*

Response DefaultHttpResponse(decodeResult: success, version: HTTP/1.1)
HTTP/1.1 200 OK
Content-Type: application/json; charset=utf-8
cache-control: no-cache
content-length: 35800

12:44:45.119 [AsyncHttpClient-1-8] DEBUG org.asynchttpclient.netty.channel.ChannelManager - Adding key: http://localhost:51588 for channel [id: 0x9f15571f, L:/127.0.0.1:51820 - R:localhost/127.0.0.1:51588]
12:44:45.121 [main] DEBUG net.serenitybdd.core.photography.Darkroom - Send negative for processing for target\site\serenity\75680da84b51223d2fce39d0a3a37a6d3c9f4ed6f32d1efc3ebc3ebde53bb8a9.png
12:44:45.121 [Darkroom Processing Line] DEBUG net.serenitybdd.core.photography.DarkroomProcessingLine - Processing screenshot image in /var/screenshots/screenshot-7455247277648437103
12:44:45.121 [Darkroom Processing Line] DEBUG net.serenitybdd.core.photography.DarkroomProcessingLine - Saving screenshot to target\site\serenity\75680da84b51223d2fce39d0a3a37a6d3c9f4ed6f32d1efc3ebc3ebde53bb8a9.png
12:44:45.130 [Forwarding findElement on session 66b13bac533f6033acea2fbd8405dfe6 to remote] DEBUG org.asynchttpclient.netty.request.NettyRequestSender - Using pooled Channel '[id: 0x9f15571f, L:/127.0.0.1:51820 - R:localhost/127.0.0.1:51588]' for 'POST' to 'http://localhost:51588/session/66b13bac533f6033acea2fbd8405dfe6/element'
12:44:45.130 [Forwarding findElement on session 66b13bac533f6033acea2fbd8405dfe6 to remote] DEBUG org.asynchttpclient.netty.request.NettyRequestSender - Using open Channel [id: 0x9f15571f, L:/127.0.0.1:51820 - R:localhost/127.0.0.1:51588] for POST '/session/66b13bac533f6033acea2fbd8405dfe6/element'
12:44:45.140 [AsyncHttpClient-1-8] DEBUG org.asynchttpclient.netty.handler.HttpHandler - 

Request DefaultHttpRequest(decodeResult: success, version: HTTP/1.1)
POST /session/66b13bac533f6033acea2fbd8405dfe6/element HTTP/1.1
User-Agent: selenium/4.1.2 (java windows)
Content-Length: 141
Content-Type: application/json; charset=utf-8
host: localhost:51588
accept: */*

Response DefaultHttpResponse(decodeResult: success, version: HTTP/1.1)
HTTP/1.1 200 OK
Content-Type: application/json; charset=utf-8
cache-control: no-cache
content-length: 88

12:44:45.140 [AsyncHttpClient-1-8] DEBUG org.asynchttpclient.netty.channel.ChannelManager - Adding key: http://localhost:51588 for channel [id: 0x9f15571f, L:/127.0.0.1:51820 - R:localhost/127.0.0.1:51588]
12:44:45.141 [Forwarding getElementTagName on session 66b13bac533f6033acea2fbd8405dfe6 to remote] DEBUG org.asynchttpclient.netty.request.NettyRequestSender - Using pooled Channel '[id: 0x9f15571f, L:/127.0.0.1:51820 - R:localhost/127.0.0.1:51588]' for 'GET' to 'http://localhost:51588/session/66b13bac533f6033acea2fbd8405dfe6/element/e67b6e39-a345-426c-9407-565074dd2194/name'
12:44:45.141 [Forwarding getElementTagName on session 66b13bac533f6033acea2fbd8405dfe6 to remote] DEBUG org.asynchttpclient.netty.request.NettyRequestSender - Using open Channel [id: 0x9f15571f, L:/127.0.0.1:51820 - R:localhost/127.0.0.1:51588] for GET '/session/66b13bac533f6033acea2fbd8405dfe6/element/e67b6e39-a345-426c-9407-565074dd2194/name'
12:44:45.148 [AsyncHttpClient-1-8] DEBUG org.asynchttpclient.netty.handler.HttpHandler - 

Request DefaultFullHttpRequest(decodeResult: success, version: HTTP/1.1, content: EmptyByteBufBE)
GET /session/66b13bac533f6033acea2fbd8405dfe6/element/e67b6e39-a345-426c-9407-565074dd2194/name HTTP/1.1
User-Agent: selenium/4.1.2 (java windows)
Cache-Control: no-cache
Content-Type: application/json; charset=utf-8
host: localhost:51588
accept: */*

Response DefaultHttpResponse(decodeResult: success, version: HTTP/1.1)
HTTP/1.1 200 OK
Content-Type: application/json; charset=utf-8
cache-control: no-cache
content-length: 18

12:44:45.149 [AsyncHttpClient-1-8] DEBUG org.asynchttpclient.netty.channel.ChannelManager - Adding key: http://localhost:51588 for channel [id: 0x9f15571f, L:/127.0.0.1:51820 - R:localhost/127.0.0.1:51588]
12:44:45.150 [Forwarding getElementTagName on session 66b13bac533f6033acea2fbd8405dfe6 to remote] DEBUG org.asynchttpclient.netty.request.NettyRequestSender - Using pooled Channel '[id: 0x9f15571f, L:/127.0.0.1:51820 - R:localhost/127.0.0.1:51588]' for 'GET' to 'http://localhost:51588/session/66b13bac533f6033acea2fbd8405dfe6/element/e67b6e39-a345-426c-9407-565074dd2194/name'
12:44:45.150 [Forwarding getElementTagName on session 66b13bac533f6033acea2fbd8405dfe6 to remote] DEBUG org.asynchttpclient.netty.request.NettyRequestSender - Using open Channel [id: 0x9f15571f, L:/127.0.0.1:51820 - R:localhost/127.0.0.1:51588] for GET '/session/66b13bac533f6033acea2fbd8405dfe6/element/e67b6e39-a345-426c-9407-565074dd2194/name'
12:44:45.154 [AsyncHttpClient-1-8] DEBUG org.asynchttpclient.netty.handler.HttpHandler - 

Request DefaultFullHttpRequest(decodeResult: success, version: HTTP/1.1, content: EmptyByteBufBE)
GET /session/66b13bac533f6033acea2fbd8405dfe6/element/e67b6e39-a345-426c-9407-565074dd2194/name HTTP/1.1
User-Agent: selenium/4.1.2 (java windows)
Cache-Control: no-cache
Content-Type: application/json; charset=utf-8
host: localhost:51588
accept: */*

Response DefaultHttpResponse(decodeResult: success, version: HTTP/1.1)
HTTP/1.1 200 OK
Content-Type: application/json; charset=utf-8
cache-control: no-cache
content-length: 18

12:44:45.154 [AsyncHttpClient-1-8] DEBUG org.asynchttpclient.netty.channel.ChannelManager - Adding key: http://localhost:51588 for channel [id: 0x9f15571f, L:/127.0.0.1:51820 - R:localhost/127.0.0.1:51588]
12:44:45.156 [Forwarding isElementEnabled on session 66b13bac533f6033acea2fbd8405dfe6 to remote] DEBUG org.asynchttpclient.netty.request.NettyRequestSender - Using pooled Channel '[id: 0x9f15571f, L:/127.0.0.1:51820 - R:localhost/127.0.0.1:51588]' for 'GET' to 'http://localhost:51588/session/66b13bac533f6033acea2fbd8405dfe6/element/e67b6e39-a345-426c-9407-565074dd2194/enabled'
12:44:45.156 [Forwarding isElementEnabled on session 66b13bac533f6033acea2fbd8405dfe6 to remote] DEBUG org.asynchttpclient.netty.request.NettyRequestSender - Using open Channel [id: 0x9f15571f, L:/127.0.0.1:51820 - R:localhost/127.0.0.1:51588] for GET '/session/66b13bac533f6033acea2fbd8405dfe6/element/e67b6e39-a345-426c-9407-565074dd2194/enabled'
12:44:45.164 [AsyncHttpClient-1-8] DEBUG org.asynchttpclient.netty.handler.HttpHandler - 

Request DefaultFullHttpRequest(decodeResult: success, version: HTTP/1.1, content: EmptyByteBufBE)
GET /session/66b13bac533f6033acea2fbd8405dfe6/element/e67b6e39-a345-426c-9407-565074dd2194/enabled HTTP/1.1
User-Agent: selenium/4.1.2 (java windows)
Cache-Control: no-cache
Content-Type: application/json; charset=utf-8
host: localhost:51588
accept: */*

Response DefaultHttpResponse(decodeResult: success, version: HTTP/1.1)
HTTP/1.1 200 OK
Content-Type: application/json; charset=utf-8
cache-control: no-cache
content-length: 14

12:44:45.164 [AsyncHttpClient-1-8] DEBUG org.asynchttpclient.netty.channel.ChannelManager - Adding key: http://localhost:51588 for channel [id: 0x9f15571f, L:/127.0.0.1:51820 - R:localhost/127.0.0.1:51588]
12:44:45.165 [Forwarding isElementEnabled on session 66b13bac533f6033acea2fbd8405dfe6 to remote] DEBUG org.asynchttpclient.netty.request.NettyRequestSender - Using pooled Channel '[id: 0x9f15571f, L:/127.0.0.1:51820 - R:localhost/127.0.0.1:51588]' for 'GET' to 'http://localhost:51588/session/66b13bac533f6033acea2fbd8405dfe6/element/e67b6e39-a345-426c-9407-565074dd2194/enabled'
12:44:45.165 [Forwarding isElementEnabled on session 66b13bac533f6033acea2fbd8405dfe6 to remote] DEBUG org.asynchttpclient.netty.request.NettyRequestSender - Using open Channel [id: 0x9f15571f, L:/127.0.0.1:51820 - R:localhost/127.0.0.1:51588] for GET '/session/66b13bac533f6033acea2fbd8405dfe6/element/e67b6e39-a345-426c-9407-565074dd2194/enabled'
12:44:45.174 [AsyncHttpClient-1-8] DEBUG org.asynchttpclient.netty.handler.HttpHandler - 

Request DefaultFullHttpRequest(decodeResult: success, version: HTTP/1.1, content: EmptyByteBufBE)
GET /session/66b13bac533f6033acea2fbd8405dfe6/element/e67b6e39-a345-426c-9407-565074dd2194/enabled HTTP/1.1
User-Agent: selenium/4.1.2 (java windows)
Cache-Control: no-cache
Content-Type: application/json; charset=utf-8
host: localhost:51588
accept: */*

Response DefaultHttpResponse(decodeResult: success, version: HTTP/1.1)
HTTP/1.1 200 OK
Content-Type: application/json; charset=utf-8
cache-control: no-cache
content-length: 14

12:44:45.174 [AsyncHttpClient-1-8] DEBUG org.asynchttpclient.netty.channel.ChannelManager - Adding key: http://localhost:51588 for channel [id: 0x9f15571f, L:/127.0.0.1:51820 - R:localhost/127.0.0.1:51588]
12:44:45.176 [Forwarding findElement on session 66b13bac533f6033acea2fbd8405dfe6 to remote] DEBUG org.asynchttpclient.netty.request.NettyRequestSender - Using pooled Channel '[id: 0x9f15571f, L:/127.0.0.1:51820 - R:localhost/127.0.0.1:51588]' for 'POST' to 'http://localhost:51588/session/66b13bac533f6033acea2fbd8405dfe6/element'
12:44:45.176 [Forwarding findElement on session 66b13bac533f6033acea2fbd8405dfe6 to remote] DEBUG org.asynchttpclient.netty.request.NettyRequestSender - Using open Channel [id: 0x9f15571f, L:/127.0.0.1:51820 - R:localhost/127.0.0.1:51588] for POST '/session/66b13bac533f6033acea2fbd8405dfe6/element'
12:44:45.182 [AsyncHttpClient-1-8] DEBUG org.asynchttpclient.netty.handler.HttpHandler - 

Request DefaultHttpRequest(decodeResult: success, version: HTTP/1.1)
POST /session/66b13bac533f6033acea2fbd8405dfe6/element HTTP/1.1
User-Agent: selenium/4.1.2 (java windows)
Content-Length: 141
Content-Type: application/json; charset=utf-8
host: localhost:51588
accept: */*

Response DefaultHttpResponse(decodeResult: success, version: HTTP/1.1)
HTTP/1.1 200 OK
Content-Type: application/json; charset=utf-8
cache-control: no-cache
content-length: 88

12:44:45.182 [AsyncHttpClient-1-8] DEBUG org.asynchttpclient.netty.channel.ChannelManager - Adding key: http://localhost:51588 for channel [id: 0x9f15571f, L:/127.0.0.1:51820 - R:localhost/127.0.0.1:51588]
12:44:45.183 [Forwarding clickElement on session 66b13bac533f6033acea2fbd8405dfe6 to remote] DEBUG org.asynchttpclient.netty.request.NettyRequestSender - Using pooled Channel '[id: 0x9f15571f, L:/127.0.0.1:51820 - R:localhost/127.0.0.1:51588]' for 'POST' to 'http://localhost:51588/session/66b13bac533f6033acea2fbd8405dfe6/element/e67b6e39-a345-426c-9407-565074dd2194/click'
12:44:45.183 [Forwarding clickElement on session 66b13bac533f6033acea2fbd8405dfe6 to remote] DEBUG org.asynchttpclient.netty.request.NettyRequestSender - Using open Channel [id: 0x9f15571f, L:/127.0.0.1:51820 - R:localhost/127.0.0.1:51588] for POST '/session/66b13bac533f6033acea2fbd8405dfe6/element/e67b6e39-a345-426c-9407-565074dd2194/click'
12:44:45.219 [AsyncHttpClient-1-8] DEBUG org.asynchttpclient.netty.handler.HttpHandler - 

Request DefaultHttpRequest(decodeResult: success, version: HTTP/1.1)
POST /session/66b13bac533f6033acea2fbd8405dfe6/element/e67b6e39-a345-426c-9407-565074dd2194/click HTTP/1.1
User-Agent: selenium/4.1.2 (java windows)
Content-Length: 50
Content-Type: application/json; charset=utf-8
host: localhost:51588
accept: */*

Response DefaultHttpResponse(decodeResult: success, version: HTTP/1.1)
HTTP/1.1 200 OK
Content-Type: application/json; charset=utf-8
cache-control: no-cache
content-length: 14

12:44:45.219 [AsyncHttpClient-1-8] DEBUG org.asynchttpclient.netty.channel.ChannelManager - Adding key: http://localhost:51588 for channel [id: 0x9f15571f, L:/127.0.0.1:51820 - R:localhost/127.0.0.1:51588]
  &amp#27;[32mAnd &amp#27;[0m&amp#27;[32mI click login button&amp#27;[0m                      &amp#27;[90m# starter.stepdefinition.LoginStep.iClickLoginButton()&amp#27;[0m
12:44:45.223 [Forwarding screenshot on session 66b13bac533f6033acea2fbd8405dfe6 to remote] DEBUG org.asynchttpclient.netty.request.NettyRequestSender - Using pooled Channel '[id: 0x9f15571f, L:/127.0.0.1:51820 - R:localhost/127.0.0.1:51588]' for 'GET' to 'http://localhost:51588/session/66b13bac533f6033acea2fbd8405dfe6/screenshot'
12:44:45.223 [Forwarding screenshot on session 66b13bac533f6033acea2fbd8405dfe6 to remote] DEBUG org.asynchttpclient.netty.request.NettyRequestSender - Using open Channel [id: 0x9f15571f, L:/127.0.0.1:51820 - R:localhost/127.0.0.1:51588] for GET '/session/66b13bac533f6033acea2fbd8405dfe6/screenshot'
12:44:45.255 [AsyncHttpClient-1-1] DEBUG org.asynchttpclient.netty.channel.DefaultChannelPool - Entry count for : http://localhost:51821 : 1
12:44:45.447 [AsyncHttpClient-1-8] DEBUG org.asynchttpclient.netty.handler.HttpHandler - 

Request DefaultFullHttpRequest(decodeResult: success, version: HTTP/1.1, content: EmptyByteBufBE)
GET /session/66b13bac533f6033acea2fbd8405dfe6/screenshot HTTP/1.1
User-Agent: selenium/4.1.2 (java windows)
Cache-Control: no-cache
Content-Type: application/json; charset=utf-8
host: localhost:51588
accept: */*

Response DefaultHttpResponse(decodeResult: success, version: HTTP/1.1)
HTTP/1.1 200 OK
Content-Type: application/json; charset=utf-8
cache-control: no-cache
content-length: 34972

12:44:45.448 [AsyncHttpClient-1-8] DEBUG org.asynchttpclient.netty.channel.ChannelManager - Adding key: http://localhost:51588 for channel [id: 0x9f15571f, L:/127.0.0.1:51820 - R:localhost/127.0.0.1:51588]
12:44:45.450 [main] DEBUG net.serenitybdd.core.photography.Darkroom - Send negative for processing for target\site\serenity\a43486552d9648bdd99260544eb9ad67f4e2297b2baab2e1be8ce08475aea1c9.png
12:44:45.450 [Darkroom Processing Line] DEBUG net.serenitybdd.core.photography.DarkroomProcessingLine - Processing screenshot image in /var/screenshots/screenshot-10443354706979308258
12:44:45.450 [Darkroom Processing Line] DEBUG net.serenitybdd.core.photography.DarkroomProcessingLine - Saving screenshot to target\site\serenity\a43486552d9648bdd99260544eb9ad67f4e2297b2baab2e1be8ce08475aea1c9.png
12:44:45.454 [Forwarding findElement on session 66b13bac533f6033acea2fbd8405dfe6 to remote] DEBUG org.asynchttpclient.netty.request.NettyRequestSender - Using pooled Channel '[id: 0x9f15571f, L:/127.0.0.1:51820 - R:localhost/127.0.0.1:51588]' for 'POST' to 'http://localhost:51588/session/66b13bac533f6033acea2fbd8405dfe6/element'
12:44:45.455 [Forwarding findElement on session 66b13bac533f6033acea2fbd8405dfe6 to remote] DEBUG org.asynchttpclient.netty.request.NettyRequestSender - Using open Channel [id: 0x9f15571f, L:/127.0.0.1:51820 - R:localhost/127.0.0.1:51588] for POST '/session/66b13bac533f6033acea2fbd8405dfe6/element'
12:44:46.202 [AsyncHttpClient-1-8] DEBUG org.asynchttpclient.netty.handler.HttpHandler - 

Request DefaultHttpRequest(decodeResult: success, version: HTTP/1.1)
POST /session/66b13bac533f6033acea2fbd8405dfe6/element HTTP/1.1
User-Agent: selenium/4.1.2 (java windows)
Content-Length: 81
Content-Type: application/json; charset=utf-8
host: localhost:51588
accept: */*

Response DefaultHttpResponse(decodeResult: success, version: HTTP/1.1)
HTTP/1.1 200 OK
Content-Type: application/json; charset=utf-8
cache-control: no-cache
content-length: 88

12:44:46.202 [AsyncHttpClient-1-8] DEBUG org.asynchttpclient.netty.channel.ChannelManager - Adding key: http://localhost:51588 for channel [id: 0x9f15571f, L:/127.0.0.1:51820 - R:localhost/127.0.0.1:51588]
12:44:46.205 [Forwarding isElementDisplayed on session 66b13bac533f6033acea2fbd8405dfe6 to remote] DEBUG org.asynchttpclient.netty.request.NettyRequestSender - Using pooled Channel '[id: 0x9f15571f, L:/127.0.0.1:51820 - R:localhost/127.0.0.1:51588]' for 'POST' to 'http://localhost:51588/session/66b13bac533f6033acea2fbd8405dfe6/execute/sync'
12:44:46.205 [Forwarding isElementDisplayed on session 66b13bac533f6033acea2fbd8405dfe6 to remote] DEBUG org.asynchttpclient.netty.request.NettyRequestSender - Using open Channel [id: 0x9f15571f, L:/127.0.0.1:51820 - R:localhost/127.0.0.1:51588] for POST '/session/66b13bac533f6033acea2fbd8405dfe6/execute/sync'
12:44:46.218 [AsyncHttpClient-1-8] DEBUG org.asynchttpclient.netty.handler.HttpHandler - 

Request DefaultHttpRequest(decodeResult: success, version: HTTP/1.1)
POST /session/66b13bac533f6033acea2fbd8405dfe6/execute/sync HTTP/1.1
User-Agent: selenium/4.1.2 (java windows)
Content-Length: 48780
Content-Type: application/json; charset=utf-8
host: localhost:51588
accept: */*

Response DefaultHttpResponse(decodeResult: success, version: HTTP/1.1)
HTTP/1.1 200 OK
Content-Type: application/json; charset=utf-8
cache-control: no-cache
content-length: 14

12:44:46.218 [AsyncHttpClient-1-8] DEBUG org.asynchttpclient.netty.channel.ChannelManager - Adding key: http://localhost:51588 for channel [id: 0x9f15571f, L:/127.0.0.1:51820 - R:localhost/127.0.0.1:51588]
  &amp#27;[32mThen &amp#27;[0m&amp#27;[32mI will get the &amp#27;[0m&amp#27;[32m&amp#27;[1m"can't login"&amp#27;[0m             &amp#27;[90m# starter.stepdefinition.LoginStep.iWillGetThe(java.lang.String)&amp#27;[0m
12:44:46.223 [Forwarding screenshot on session 66b13bac533f6033acea2fbd8405dfe6 to remote] DEBUG org.asynchttpclient.netty.request.NettyRequestSender - Using pooled Channel '[id: 0x9f15571f, L:/127.0.0.1:51820 - R:localhost/127.0.0.1:51588]' for 'GET' to 'http://localhost:51588/session/66b13bac533f6033acea2fbd8405dfe6/screenshot'
12:44:46.223 [Forwarding screenshot on session 66b13bac533f6033acea2fbd8405dfe6 to remote] DEBUG org.asynchttpclient.netty.request.NettyRequestSender - Using open Channel [id: 0x9f15571f, L:/127.0.0.1:51820 - R:localhost/127.0.0.1:51588] for GET '/session/66b13bac533f6033acea2fbd8405dfe6/screenshot'
12:44:46.345 [AsyncHttpClient-1-1] DEBUG org.asynchttpclient.netty.channel.DefaultChannelPool - Entry count for : http://localhost:51821 : 1
12:44:46.394 [AsyncHttpClient-1-8] DEBUG org.asynchttpclient.netty.handler.HttpHandler - 

Request DefaultFullHttpRequest(decodeResult: success, version: HTTP/1.1, content: EmptyByteBufBE)
GET /session/66b13bac533f6033acea2fbd8405dfe6/screenshot HTTP/1.1
User-Agent: selenium/4.1.2 (java windows)
Cache-Control: no-cache
Content-Type: application/json; charset=utf-8
host: localhost:51588
accept: */*

Response DefaultHttpResponse(decodeResult: success, version: HTTP/1.1)
HTTP/1.1 200 OK
Content-Type: application/json; charset=utf-8
cache-control: no-cache
content-length: 38916

12:44:46.395 [AsyncHttpClient-1-8] DEBUG org.asynchttpclient.netty.channel.ChannelManager - Adding key: http://localhost:51588 for channel [id: 0x9f15571f, L:/127.0.0.1:51820 - R:localhost/127.0.0.1:51588]
12:44:46.397 [main] DEBUG net.serenitybdd.core.photography.Darkroom - Send negative for processing for target\site\serenity\0e8fbdccbf4e4cb1358615fdde025ab58d03e5e950a1ca75a7a6810cd6f3facf.png
12:44:46.397 [Darkroom Processing Line] DEBUG net.serenitybdd.core.photography.DarkroomProcessingLine - Processing screenshot image in /var/screenshots/screenshot-11821576815087164253
12:44:46.397 [Darkroom Processing Line] DEBUG net.serenitybdd.core.photography.DarkroomProcessingLine - Saving screenshot to target\site\serenity\0e8fbdccbf4e4cb1358615fdde025ab58d03e5e950a1ca75a7a6810cd6f3facf.png
12:44:46.402 [Driver Command Executor] DEBUG org.asynchttpclient.netty.request.NettyRequestSender - Using pooled Channel '[id: 0x9f15571f, L:/127.0.0.1:51820 - R:localhost/127.0.0.1:51588]' for 'DELETE' to 'http://localhost:51588/session/66b13bac533f6033acea2fbd8405dfe6'
12:44:46.402 [AsyncHttpClient-1-10] DEBUG org.asynchttpclient.netty.handler.WebSocketHandler - Channel Closed: [id: 0xa321bf0b, L:/127.0.0.1:51828 ! R:localhost/127.0.0.1:51821] with attribute NettyResponseFuture{currentRetry=5,
	isDone=1,
	isCancelled=0,
	asyncHandler=org.asynchttpclient.ws.WebSocketUpgradeHandler@28d3cedd,
	nettyRequest=org.asynchttpclient.netty.request.NettyRequest@6dd145a3,
	future=java.util.concurrent.CompletableFuture@12288379[Completed normally],
	uri=ws://localhost:51821/devtools/browser/a3212234-2f1c-4ac8-a251-fcd8941e6aa0,
	keepAlive=true,
	redirectCount=0,
	timeoutsHolder=null,
	inAuth=0,
	touch=1667972682924}
12:44:46.402 [Driver Command Executor] DEBUG org.asynchttpclient.netty.request.NettyRequestSender - Using open Channel [id: 0x9f15571f, L:/127.0.0.1:51820 - R:localhost/127.0.0.1:51588] for DELETE '/session/66b13bac533f6033acea2fbd8405dfe6'
12:44:46.402 [AsyncHttpClient-1-10] DEBUG org.asynchttpclient.netty.channel.ChannelManager - Closing Channel [id: 0xa321bf0b, L:/127.0.0.1:51828 ! R:localhost/127.0.0.1:51821] 
12:44:46.429 [AsyncHttpClient-1-9] DEBUG org.asynchttpclient.netty.handler.HttpHandler - Unexpected I/O exception on channel [id: 0x8be4eab2, L:/127.0.0.1:51827 - R:localhost/127.0.0.1:51821]
java.io.IOException: An existing connection was forcibly closed by the remote host
	at java.base/sun.nio.ch.SocketDispatcher.read0(Native Method)
	at java.base/sun.nio.ch.SocketDispatcher.read(SocketDispatcher.java:43)
	at java.base/sun.nio.ch.IOUtil.readIntoNativeBuffer(IOUtil.java:276)
	at java.base/sun.nio.ch.IOUtil.read(IOUtil.java:233)
	at java.base/sun.nio.ch.IOUtil.read(IOUtil.java:223)
	at java.base/sun.nio.ch.SocketChannelImpl.read(SocketChannelImpl.java:358)
	at io.netty.buffer.PooledByteBuf.setBytes(PooledByteBuf.java:258)
	at io.netty.buffer.AbstractByteBuf.writeBytes(AbstractByteBuf.java:1132)
	at io.netty.channel.socket.nio.NioSocketChannel.doReadBytes(NioSocketChannel.java:350)
	at io.netty.channel.nio.AbstractNioByteChannel$NioByteUnsafe.read(AbstractNioByteChannel.java:151)
	at io.netty.channel.nio.NioEventLoop.processSelectedKey(NioEventLoop.java:722)
	at io.netty.channel.nio.NioEventLoop.processSelectedKeysOptimized(NioEventLoop.java:658)
	at io.netty.channel.nio.NioEventLoop.processSelectedKeys(NioEventLoop.java:584)
	at io.netty.channel.nio.NioEventLoop.run(NioEventLoop.java:496)
	at io.netty.util.concurrent.SingleThreadEventExecutor$4.run(SingleThreadEventExecutor.java:986)
	at io.netty.util.internal.ThreadExecutorMap$2.run(ThreadExecutorMap.java:74)
	at io.netty.util.concurrent.FastThreadLocalRunnable.run(FastThreadLocalRunnable.java:30)
	at java.base/java.lang.Thread.run(Thread.java:834)
12:44:46.429 [AsyncHttpClient-1-9] DEBUG org.asynchttpclient.netty.channel.ChannelManager - Closing Channel [id: 0x8be4eab2, L:/127.0.0.1:51827 - R:localhost/127.0.0.1:51821] 
12:44:46.430 [AsyncHttpClient-1-9] DEBUG org.asynchttpclient.netty.handler.HttpHandler - Channel Closed: [id: 0x8be4eab2, L:/127.0.0.1:51827 ! R:localhost/127.0.0.1:51821] with attribute DISCARD
12:44:46.446 [AsyncHttpClient-1-8] DEBUG org.asynchttpclient.netty.handler.HttpHandler - 

Request DefaultFullHttpRequest(decodeResult: success, version: HTTP/1.1, content: EmptyByteBufBE)
DELETE /session/66b13bac533f6033acea2fbd8405dfe6 HTTP/1.1
User-Agent: selenium/4.1.2 (java windows)
Content-Type: application/json; charset=utf-8
host: localhost:51588
accept: */*

Response DefaultHttpResponse(decodeResult: success, version: HTTP/1.1)
HTTP/1.1 200 OK
Content-Type: application/json; charset=utf-8
cache-control: no-cache
content-length: 14

12:44:46.448 [AsyncHttpClient-1-8] DEBUG org.asynchttpclient.netty.channel.ChannelManager - Adding key: http://localhost:51588 for channel [id: 0x9f15571f, L:/127.0.0.1:51820 - R:localhost/127.0.0.1:51588]
12:44:46.502 [AsyncHttpClient-1-8] DEBUG org.asynchttpclient.netty.handler.HttpHandler - Channel Closed: [id: 0x9f15571f, L:/127.0.0.1:51820 ! R:localhost/127.0.0.1:51588] with attribute DISCARD
12:44:46.549 [main] INFO  - 
  _____   ___   ___   _____     ___     _     ___   ___   ___   ___  
 |_   _| | __| / __| |_   _|   | _ \   /_\   / __| / __| | __| |   \ 
   | |   | _|  \__ \   | |     |  _/  / _ \  \__ \ \__ \ | _|  | |) |
   |_|   |___| |___/   |_|     |_|   /_/ \_\ |___/ |___/ |___| |___/ 

Login with email and password
----------------------------------------------------------------------
]]></system-out>
    <system-err><![CDATA[Starting ChromeDriver 107.0.5304.62 (1eec40d3a5764881c92085aaee66d25075c159aa-refs/branch-heads/5304@{#942}) on port 51588
Only local connections are allowed.
Please see https://chromedriver.chromium.org/security-considerations for suggestions on keeping ChromeDriver safe.
ChromeDriver was started successfully.
Nov 09, 2022 12:44:42 PM org.openqa.selenium.remote.ProtocolHandshake createSession
INFO: Detected dialect: W3C
Nov 09, 2022 12:44:42 PM org.openqa.selenium.devtools.CdpVersionFinder findNearestMatch
WARNING: Unable to find an exact match for CDP version 107, so returning the closest version found: a no-op implementation
Nov 09, 2022 12:44:42 PM org.openqa.selenium.devtools.CdpVersionFinder findNearestMatch
INFO: Unable to find CDP implementation matching 107.
Nov 09, 2022 12:44:42 PM org.openqa.selenium.chromium.ChromiumDriver lambda$new$3
WARNING: Unable to find version of CDP to use for . You may need to include a dependency on a specific version of the CDP using something similar to `org.seleniumhq.selenium:selenium-devtools-v86:4.1.2` where the version ("v86") matches the version of the chromium-based browser you're using and the version number of the artifact is the same as Selenium's.
]]></system-err>
  </testcase>
  <testcase name="Login with email and password #3" classname="Login" time="7.001">
    <system-out><![CDATA[
@Login
Scenario Outline: Login with email and password &amp#27;[90m# src/test/resources/features/login.feature:18&amp#27;[0m
12:44:46.557 [main] INFO io.cucumber.core.plugin.SerenityReporter - Running feature from file:///C:/Users/ASUS/Web/src/test/resources/features/login.feature
12:44:46.576 [main] INFO net.serenitybdd.core.webdriver.driverproviders.ChromeDriverProvider - Using automatically driver download
12:44:46.676 [main] DEBUG io.github.bonigarcia.wdm.cache.ResolutionCache - Resolution chrome=107 in cache (valid until 13:44:11 09/11/2022 ICT)
12:44:46.679 [main] DEBUG io.github.bonigarcia.wdm.cache.ResolutionCache - Resolution chrome107=107.0.5304.62 in cache (valid until 12:48:49 09/11/2022 ICT)
12:44:46.680 [main] INFO io.github.bonigarcia.wdm.WebDriverManager - Using chromedriver 107.0.5304.62 (resolved driver for Chrome 107)
12:44:46.689 [main] DEBUG io.github.bonigarcia.wdm.WebDriverManager - Driver chromedriver 107.0.5304.62 found in cache
12:44:46.689 [main] INFO io.github.bonigarcia.wdm.WebDriverManager - Exporting webdriver.chrome.driver as C:\Users\ASUS\.cache\selenium\chromedriver\win32\107.0.5304.62\chromedriver.exe
12:44:46.773 [main] DEBUG net.serenitybdd.core.webdriver.driverproviders.ProvideNewDriver - Instantiating driver
12:44:46.773 [main] DEBUG net.serenitybdd.core.webdriver.driverproviders.ProvideNewDriver - Driver capabilities: Capabilities {acceptInsecureCerts: false, base.url: https://alta-shop.vercel.app/, browserName: chrome, chrome.driver: src/test/resources/webdrive..., driver: chrome, goog:chromeOptions: {args: [], extensions: []}}
12:44:46.868 [AsyncHttpClient-1-11] DEBUG org.asynchttpclient.netty.channel.NettyConnectListener - Using new Channel '[id: 0x7882884a, L:/127.0.0.1:51846 - R:localhost/127.0.0.1:58175]' for 'POST' to '/session'
12:44:47.444 [AsyncHttpClient-1-1] DEBUG org.asynchttpclient.netty.channel.DefaultChannelPool - Entry count for : http://localhost:51588 : 1
12:44:47.444 [AsyncHttpClient-1-1] DEBUG org.asynchttpclient.netty.channel.DefaultChannelPool - Entry count for : http://localhost:51821 : 1
12:44:47.444 [AsyncHttpClient-1-1] DEBUG org.asynchttpclient.netty.channel.DefaultChannelPool - Adding Candidate expired Channel [id: 0x9f15571f, L:/127.0.0.1:51820 ! R:localhost/127.0.0.1:51588] isIdleTimeoutExpired=false isRemotelyClosed=true isTtlExpired=false
12:44:47.444 [AsyncHttpClient-1-1] DEBUG org.asynchttpclient.netty.channel.DefaultChannelPool - Closing Idle Channel [id: 0x9f15571f, L:/127.0.0.1:51820 ! R:localhost/127.0.0.1:51588]
12:44:47.444 [AsyncHttpClient-1-1] DEBUG org.asynchttpclient.netty.channel.DefaultChannelPool - Adding Candidate expired Channel [id: 0x8be4eab2, L:/127.0.0.1:51827 ! R:localhost/127.0.0.1:51821] isIdleTimeoutExpired=false isRemotelyClosed=true isTtlExpired=false
12:44:47.444 [AsyncHttpClient-1-1] DEBUG org.asynchttpclient.netty.channel.DefaultChannelPool - Closing Idle Channel [id: 0x8be4eab2, L:/127.0.0.1:51827 ! R:localhost/127.0.0.1:51821]
12:44:47.444 [AsyncHttpClient-1-1] DEBUG org.asynchttpclient.netty.channel.DefaultChannelPool - Closed 2 connections out of 2 in 0 ms
12:44:49.598 [AsyncHttpClient-1-11] DEBUG org.asynchttpclient.netty.handler.HttpHandler - 

Request DefaultHttpRequest(decodeResult: success, version: HTTP/1.1)
POST /session HTTP/1.1
User-Agent: selenium/4.1.2 (java windows)
Content-Length: 615
Content-Type: application/json; charset=utf-8
host: localhost:58175
accept: */*

Response DefaultHttpResponse(decodeResult: success, version: HTTP/1.1)
HTTP/1.1 200 OK
Content-Type: application/json; charset=utf-8
cache-control: no-cache
content-length: 788

12:44:49.598 [AsyncHttpClient-1-11] DEBUG org.asynchttpclient.netty.channel.ChannelManager - Adding key: http://localhost:58175 for channel [id: 0x7882884a, L:/127.0.0.1:51846 - R:localhost/127.0.0.1:58175]
12:44:49.606 [AsyncHttpClient-1-12] DEBUG org.asynchttpclient.netty.channel.NettyConnectListener - Using new Channel '[id: 0xe7888d3f, L:/127.0.0.1:51853 - R:localhost/127.0.0.1:51847]' for 'GET' to '/json/version'
12:44:49.614 [AsyncHttpClient-1-12] DEBUG org.asynchttpclient.netty.handler.HttpHandler - 

Request DefaultFullHttpRequest(decodeResult: success, version: HTTP/1.1, content: EmptyByteBufBE)
GET /json/version HTTP/1.1
User-Agent: selenium/4.1.2 (java windows)
host: localhost:51847
accept: */*

Response DefaultHttpResponse(decodeResult: success, version: HTTP/1.1)
HTTP/1.1 200 OK
Content-Type: application/json; charset=UTF-8
content-length: 423

12:44:49.614 [AsyncHttpClient-1-12] DEBUG org.asynchttpclient.netty.channel.ChannelManager - Adding key: http://localhost:51847 for channel [id: 0xe7888d3f, L:/127.0.0.1:51853 - R:localhost/127.0.0.1:51847]
12:44:49.617 [AsyncHttpClient-1-13] DEBUG org.asynchttpclient.netty.channel.NettyConnectListener - Using new Channel '[id: 0xf60f0c03, L:/127.0.0.1:51854 - R:localhost/127.0.0.1:51847]' for 'GET' to '/devtools/browser/795229a7-a1a4-4389-9f06-18ba47c2d6ce'
12:44:49.622 [AsyncHttpClient-1-13] DEBUG org.asynchttpclient.netty.handler.WebSocketHandler - 

Request DefaultFullHttpRequest(decodeResult: success, version: HTTP/1.1, content: EmptyByteBufBE)
GET /devtools/browser/795229a7-a1a4-4389-9f06-18ba47c2d6ce HTTP/1.1
upgrade: websocket
connection: upgrade
sec-websocket-key: s0QPuifVGUjorRs1ReTj1A==
sec-websocket-version: 13
origin: http://localhost:51847
host: localhost:51847
accept: */*
user-agent: AHC/2.1

Response DefaultHttpResponse(decodeResult: success, version: HTTP/1.1)
HTTP/1.1 101 WebSocket Protocol Handshake
Upgrade: WebSocket
Connection: Upgrade
Sec-WebSocket-Accept: qtUVrQWOPS9InXWHAdqR9VgqSmA=

12:44:49.628 [Forwarding get on session acb10a636a238ef291e0b3753b91df32 to remote] DEBUG org.asynchttpclient.netty.request.NettyRequestSender - Using pooled Channel '[id: 0x7882884a, L:/127.0.0.1:51846 - R:localhost/127.0.0.1:58175]' for 'POST' to 'http://localhost:58175/session/acb10a636a238ef291e0b3753b91df32/url'
12:44:49.628 [Forwarding get on session acb10a636a238ef291e0b3753b91df32 to remote] DEBUG org.asynchttpclient.netty.request.NettyRequestSender - Using open Channel [id: 0x7882884a, L:/127.0.0.1:51846 - R:localhost/127.0.0.1:58175] for POST '/session/acb10a636a238ef291e0b3753b91df32/url'
12:44:49.648 [AsyncHttpClient-1-1] DEBUG org.asynchttpclient.netty.channel.DefaultChannelPool - Entry count for : http://localhost:51847 : 1
12:44:50.755 [AsyncHttpClient-1-1] DEBUG org.asynchttpclient.netty.channel.DefaultChannelPool - Entry count for : http://localhost:51847 : 1
12:44:50.826 [AsyncHttpClient-1-11] DEBUG org.asynchttpclient.netty.handler.HttpHandler - 

Request DefaultHttpRequest(decodeResult: success, version: HTTP/1.1)
POST /session/acb10a636a238ef291e0b3753b91df32/url HTTP/1.1
User-Agent: selenium/4.1.2 (java windows)
Content-Length: 59
Content-Type: application/json; charset=utf-8
host: localhost:58175
accept: */*

Response DefaultHttpResponse(decodeResult: success, version: HTTP/1.1)
HTTP/1.1 200 OK
Content-Type: application/json; charset=utf-8
cache-control: no-cache
content-length: 14

12:44:50.826 [AsyncHttpClient-1-11] DEBUG org.asynchttpclient.netty.channel.ChannelManager - Adding key: http://localhost:58175 for channel [id: 0x7882884a, L:/127.0.0.1:51846 - R:localhost/127.0.0.1:58175]
12:44:50.827 [Forwarding setTimeout on session acb10a636a238ef291e0b3753b91df32 to remote] DEBUG org.asynchttpclient.netty.request.NettyRequestSender - Using pooled Channel '[id: 0x7882884a, L:/127.0.0.1:51846 - R:localhost/127.0.0.1:58175]' for 'POST' to 'http://localhost:58175/session/acb10a636a238ef291e0b3753b91df32/timeouts'
12:44:50.827 [Forwarding setTimeout on session acb10a636a238ef291e0b3753b91df32 to remote] DEBUG org.asynchttpclient.netty.request.NettyRequestSender - Using open Channel [id: 0x7882884a, L:/127.0.0.1:51846 - R:localhost/127.0.0.1:58175] for POST '/session/acb10a636a238ef291e0b3753b91df32/timeouts'
12:44:50.828 [AsyncHttpClient-1-11] DEBUG org.asynchttpclient.netty.handler.HttpHandler - 

Request DefaultHttpRequest(decodeResult: success, version: HTTP/1.1)
POST /session/acb10a636a238ef291e0b3753b91df32/timeouts HTTP/1.1
User-Agent: selenium/4.1.2 (java windows)
Content-Length: 22
Content-Type: application/json; charset=utf-8
host: localhost:58175
accept: */*

Response DefaultHttpResponse(decodeResult: success, version: HTTP/1.1)
HTTP/1.1 200 OK
Content-Type: application/json; charset=utf-8
cache-control: no-cache
content-length: 14

12:44:50.829 [AsyncHttpClient-1-11] DEBUG org.asynchttpclient.netty.channel.ChannelManager - Adding key: http://localhost:58175 for channel [id: 0x7882884a, L:/127.0.0.1:51846 - R:localhost/127.0.0.1:58175]
12:44:50.831 [Forwarding getCurrentUrl on session acb10a636a238ef291e0b3753b91df32 to remote] DEBUG org.asynchttpclient.netty.request.NettyRequestSender - Using pooled Channel '[id: 0x7882884a, L:/127.0.0.1:51846 - R:localhost/127.0.0.1:58175]' for 'GET' to 'http://localhost:58175/session/acb10a636a238ef291e0b3753b91df32/url'
12:44:50.831 [Forwarding getCurrentUrl on session acb10a636a238ef291e0b3753b91df32 to remote] DEBUG org.asynchttpclient.netty.request.NettyRequestSender - Using open Channel [id: 0x7882884a, L:/127.0.0.1:51846 - R:localhost/127.0.0.1:58175] for GET '/session/acb10a636a238ef291e0b3753b91df32/url'
12:44:50.847 [AsyncHttpClient-1-11] DEBUG org.asynchttpclient.netty.handler.HttpHandler - 

Request DefaultFullHttpRequest(decodeResult: success, version: HTTP/1.1, content: EmptyByteBufBE)
GET /session/acb10a636a238ef291e0b3753b91df32/url HTTP/1.1
User-Agent: selenium/4.1.2 (java windows)
Cache-Control: no-cache
Content-Type: application/json; charset=utf-8
host: localhost:58175
accept: */*

Response DefaultHttpResponse(decodeResult: success, version: HTTP/1.1)
HTTP/1.1 200 OK
Content-Type: application/json; charset=utf-8
cache-control: no-cache
content-length: 41

12:44:50.847 [AsyncHttpClient-1-11] DEBUG org.asynchttpclient.netty.channel.ChannelManager - Adding key: http://localhost:58175 for channel [id: 0x7882884a, L:/127.0.0.1:51846 - R:localhost/127.0.0.1:58175]
  &amp#27;[32mGiven &amp#27;[0m&amp#27;[32mI am on home page&amp#27;[0m                       &amp#27;[90m# starter.stepdefinition.LoginStep.iAmOnHomePage()&amp#27;[0m
12:44:50.855 [Forwarding screenshot on session acb10a636a238ef291e0b3753b91df32 to remote] DEBUG org.asynchttpclient.netty.request.NettyRequestSender - Using pooled Channel '[id: 0x7882884a, L:/127.0.0.1:51846 - R:localhost/127.0.0.1:58175]' for 'GET' to 'http://localhost:58175/session/acb10a636a238ef291e0b3753b91df32/screenshot'
12:44:50.855 [Forwarding screenshot on session acb10a636a238ef291e0b3753b91df32 to remote] DEBUG org.asynchttpclient.netty.request.NettyRequestSender - Using open Channel [id: 0x7882884a, L:/127.0.0.1:51846 - R:localhost/127.0.0.1:58175] for GET '/session/acb10a636a238ef291e0b3753b91df32/screenshot'
12:44:51.021 [AsyncHttpClient-1-11] DEBUG org.asynchttpclient.netty.handler.HttpHandler - 

Request DefaultFullHttpRequest(decodeResult: success, version: HTTP/1.1, content: EmptyByteBufBE)
GET /session/acb10a636a238ef291e0b3753b91df32/screenshot HTTP/1.1
User-Agent: selenium/4.1.2 (java windows)
Cache-Control: no-cache
Content-Type: application/json; charset=utf-8
host: localhost:58175
accept: */*

Response DefaultHttpResponse(decodeResult: success, version: HTTP/1.1)
HTTP/1.1 200 OK
Content-Type: application/json; charset=utf-8
cache-control: no-cache
content-length: 34088

12:44:51.021 [AsyncHttpClient-1-11] DEBUG org.asynchttpclient.netty.channel.ChannelManager - Adding key: http://localhost:58175 for channel [id: 0x7882884a, L:/127.0.0.1:51846 - R:localhost/127.0.0.1:58175]
12:44:51.024 [main] DEBUG net.serenitybdd.core.photography.Darkroom - Send negative for processing for target\site\serenity\f79df1390ddc3a0af7cca44eeaa1879dcdcb30a289f8fb241beec15f6b0a6a95.png
12:44:51.024 [Darkroom Processing Line] DEBUG net.serenitybdd.core.photography.DarkroomProcessingLine - Processing screenshot image in /var/screenshots/screenshot-2058454104238812296
12:44:51.024 [Darkroom Processing Line] DEBUG net.serenitybdd.core.photography.DarkroomProcessingLine - Saving screenshot to target\site\serenity\f79df1390ddc3a0af7cca44eeaa1879dcdcb30a289f8fb241beec15f6b0a6a95.png
12:44:51.030 [Forwarding findElement on session acb10a636a238ef291e0b3753b91df32 to remote] DEBUG org.asynchttpclient.netty.request.NettyRequestSender - Using pooled Channel '[id: 0x7882884a, L:/127.0.0.1:51846 - R:localhost/127.0.0.1:58175]' for 'POST' to 'http://localhost:58175/session/acb10a636a238ef291e0b3753b91df32/element'
12:44:51.030 [Forwarding findElement on session acb10a636a238ef291e0b3753b91df32 to remote] DEBUG org.asynchttpclient.netty.request.NettyRequestSender - Using open Channel [id: 0x7882884a, L:/127.0.0.1:51846 - R:localhost/127.0.0.1:58175] for POST '/session/acb10a636a238ef291e0b3753b91df32/element'
12:44:51.040 [AsyncHttpClient-1-11] DEBUG org.asynchttpclient.netty.handler.HttpHandler - 

Request DefaultHttpRequest(decodeResult: success, version: HTTP/1.1)
POST /session/acb10a636a238ef291e0b3753b91df32/element HTTP/1.1
User-Agent: selenium/4.1.2 (java windows)
Content-Length: 97
Content-Type: application/json; charset=utf-8
host: localhost:58175
accept: */*

Response DefaultHttpResponse(decodeResult: success, version: HTTP/1.1)
HTTP/1.1 200 OK
Content-Type: application/json; charset=utf-8
cache-control: no-cache
content-length: 88

12:44:51.041 [AsyncHttpClient-1-11] DEBUG org.asynchttpclient.netty.channel.ChannelManager - Adding key: http://localhost:58175 for channel [id: 0x7882884a, L:/127.0.0.1:51846 - R:localhost/127.0.0.1:58175]
12:44:51.043 [Forwarding getElementTagName on session acb10a636a238ef291e0b3753b91df32 to remote] DEBUG org.asynchttpclient.netty.request.NettyRequestSender - Using pooled Channel '[id: 0x7882884a, L:/127.0.0.1:51846 - R:localhost/127.0.0.1:58175]' for 'GET' to 'http://localhost:58175/session/acb10a636a238ef291e0b3753b91df32/element/ab3a91f0-64fe-4515-ac23-dcfe36fef115/name'
12:44:51.043 [Forwarding getElementTagName on session acb10a636a238ef291e0b3753b91df32 to remote] DEBUG org.asynchttpclient.netty.request.NettyRequestSender - Using open Channel [id: 0x7882884a, L:/127.0.0.1:51846 - R:localhost/127.0.0.1:58175] for GET '/session/acb10a636a238ef291e0b3753b91df32/element/ab3a91f0-64fe-4515-ac23-dcfe36fef115/name'
12:44:51.049 [AsyncHttpClient-1-11] DEBUG org.asynchttpclient.netty.handler.HttpHandler - 

Request DefaultFullHttpRequest(decodeResult: success, version: HTTP/1.1, content: EmptyByteBufBE)
GET /session/acb10a636a238ef291e0b3753b91df32/element/ab3a91f0-64fe-4515-ac23-dcfe36fef115/name HTTP/1.1
User-Agent: selenium/4.1.2 (java windows)
Cache-Control: no-cache
Content-Type: application/json; charset=utf-8
host: localhost:58175
accept: */*

Response DefaultHttpResponse(decodeResult: success, version: HTTP/1.1)
HTTP/1.1 200 OK
Content-Type: application/json; charset=utf-8
cache-control: no-cache
content-length: 13

12:44:51.049 [AsyncHttpClient-1-11] DEBUG org.asynchttpclient.netty.channel.ChannelManager - Adding key: http://localhost:58175 for channel [id: 0x7882884a, L:/127.0.0.1:51846 - R:localhost/127.0.0.1:58175]
12:44:51.050 [Forwarding getElementTagName on session acb10a636a238ef291e0b3753b91df32 to remote] DEBUG org.asynchttpclient.netty.request.NettyRequestSender - Using pooled Channel '[id: 0x7882884a, L:/127.0.0.1:51846 - R:localhost/127.0.0.1:58175]' for 'GET' to 'http://localhost:58175/session/acb10a636a238ef291e0b3753b91df32/element/ab3a91f0-64fe-4515-ac23-dcfe36fef115/name'
12:44:51.050 [Forwarding getElementTagName on session acb10a636a238ef291e0b3753b91df32 to remote] DEBUG org.asynchttpclient.netty.request.NettyRequestSender - Using open Channel [id: 0x7882884a, L:/127.0.0.1:51846 - R:localhost/127.0.0.1:58175] for GET '/session/acb10a636a238ef291e0b3753b91df32/element/ab3a91f0-64fe-4515-ac23-dcfe36fef115/name'
12:44:51.054 [AsyncHttpClient-1-11] DEBUG org.asynchttpclient.netty.handler.HttpHandler - 

Request DefaultFullHttpRequest(decodeResult: success, version: HTTP/1.1, content: EmptyByteBufBE)
GET /session/acb10a636a238ef291e0b3753b91df32/element/ab3a91f0-64fe-4515-ac23-dcfe36fef115/name HTTP/1.1
User-Agent: selenium/4.1.2 (java windows)
Cache-Control: no-cache
Content-Type: application/json; charset=utf-8
host: localhost:58175
accept: */*

Response DefaultHttpResponse(decodeResult: success, version: HTTP/1.1)
HTTP/1.1 200 OK
Content-Type: application/json; charset=utf-8
cache-control: no-cache
content-length: 13

12:44:51.055 [AsyncHttpClient-1-11] DEBUG org.asynchttpclient.netty.channel.ChannelManager - Adding key: http://localhost:58175 for channel [id: 0x7882884a, L:/127.0.0.1:51846 - R:localhost/127.0.0.1:58175]
12:44:51.056 [Forwarding findElement on session acb10a636a238ef291e0b3753b91df32 to remote] DEBUG org.asynchttpclient.netty.request.NettyRequestSender - Using pooled Channel '[id: 0x7882884a, L:/127.0.0.1:51846 - R:localhost/127.0.0.1:58175]' for 'POST' to 'http://localhost:58175/session/acb10a636a238ef291e0b3753b91df32/element'
12:44:51.056 [Forwarding findElement on session acb10a636a238ef291e0b3753b91df32 to remote] DEBUG org.asynchttpclient.netty.request.NettyRequestSender - Using open Channel [id: 0x7882884a, L:/127.0.0.1:51846 - R:localhost/127.0.0.1:58175] for POST '/session/acb10a636a238ef291e0b3753b91df32/element'
12:44:51.067 [AsyncHttpClient-1-11] DEBUG org.asynchttpclient.netty.handler.HttpHandler - 

Request DefaultHttpRequest(decodeResult: success, version: HTTP/1.1)
POST /session/acb10a636a238ef291e0b3753b91df32/element HTTP/1.1
User-Agent: selenium/4.1.2 (java windows)
Content-Length: 97
Content-Type: application/json; charset=utf-8
host: localhost:58175
accept: */*

Response DefaultHttpResponse(decodeResult: success, version: HTTP/1.1)
HTTP/1.1 200 OK
Content-Type: application/json; charset=utf-8
cache-control: no-cache
content-length: 88

12:44:51.067 [AsyncHttpClient-1-11] DEBUG org.asynchttpclient.netty.channel.ChannelManager - Adding key: http://localhost:58175 for channel [id: 0x7882884a, L:/127.0.0.1:51846 - R:localhost/127.0.0.1:58175]
12:44:51.069 [Forwarding clickElement on session acb10a636a238ef291e0b3753b91df32 to remote] DEBUG org.asynchttpclient.netty.request.NettyRequestSender - Using pooled Channel '[id: 0x7882884a, L:/127.0.0.1:51846 - R:localhost/127.0.0.1:58175]' for 'POST' to 'http://localhost:58175/session/acb10a636a238ef291e0b3753b91df32/element/ab3a91f0-64fe-4515-ac23-dcfe36fef115/click'
12:44:51.069 [Forwarding clickElement on session acb10a636a238ef291e0b3753b91df32 to remote] DEBUG org.asynchttpclient.netty.request.NettyRequestSender - Using open Channel [id: 0x7882884a, L:/127.0.0.1:51846 - R:localhost/127.0.0.1:58175] for POST '/session/acb10a636a238ef291e0b3753b91df32/element/ab3a91f0-64fe-4515-ac23-dcfe36fef115/click'
12:44:51.102 [AsyncHttpClient-1-11] DEBUG org.asynchttpclient.netty.handler.HttpHandler - 

Request DefaultHttpRequest(decodeResult: success, version: HTTP/1.1)
POST /session/acb10a636a238ef291e0b3753b91df32/element/ab3a91f0-64fe-4515-ac23-dcfe36fef115/click HTTP/1.1
User-Agent: selenium/4.1.2 (java windows)
Content-Length: 50
Content-Type: application/json; charset=utf-8
host: localhost:58175
accept: */*

Response DefaultHttpResponse(decodeResult: success, version: HTTP/1.1)
HTTP/1.1 200 OK
Content-Type: application/json; charset=utf-8
cache-control: no-cache
content-length: 14

12:44:51.103 [AsyncHttpClient-1-11] DEBUG org.asynchttpclient.netty.channel.ChannelManager - Adding key: http://localhost:58175 for channel [id: 0x7882884a, L:/127.0.0.1:51846 - R:localhost/127.0.0.1:58175]
  &amp#27;[32mAnd &amp#27;[0m&amp#27;[32mI click icon the login icon&amp#27;[0m               &amp#27;[90m# starter.stepdefinition.LoginStep.iClickIconTheLoginIcon()&amp#27;[0m
12:44:51.112 [Forwarding screenshot on session acb10a636a238ef291e0b3753b91df32 to remote] DEBUG org.asynchttpclient.netty.request.NettyRequestSender - Using pooled Channel '[id: 0x7882884a, L:/127.0.0.1:51846 - R:localhost/127.0.0.1:58175]' for 'GET' to 'http://localhost:58175/session/acb10a636a238ef291e0b3753b91df32/screenshot'
12:44:51.112 [Forwarding screenshot on session acb10a636a238ef291e0b3753b91df32 to remote] DEBUG org.asynchttpclient.netty.request.NettyRequestSender - Using open Channel [id: 0x7882884a, L:/127.0.0.1:51846 - R:localhost/127.0.0.1:58175] for GET '/session/acb10a636a238ef291e0b3753b91df32/screenshot'
12:44:51.346 [AsyncHttpClient-1-11] DEBUG org.asynchttpclient.netty.handler.HttpHandler - 

Request DefaultFullHttpRequest(decodeResult: success, version: HTTP/1.1, content: EmptyByteBufBE)
GET /session/acb10a636a238ef291e0b3753b91df32/screenshot HTTP/1.1
User-Agent: selenium/4.1.2 (java windows)
Cache-Control: no-cache
Content-Type: application/json; charset=utf-8
host: localhost:58175
accept: */*

Response DefaultHttpResponse(decodeResult: success, version: HTTP/1.1)
HTTP/1.1 200 OK
Content-Type: application/json; charset=utf-8
cache-control: no-cache
content-length: 34860

12:44:51.346 [AsyncHttpClient-1-11] DEBUG org.asynchttpclient.netty.channel.ChannelManager - Adding key: http://localhost:58175 for channel [id: 0x7882884a, L:/127.0.0.1:51846 - R:localhost/127.0.0.1:58175]
12:44:51.347 [main] DEBUG net.serenitybdd.core.photography.Darkroom - Send negative for processing for target\site\serenity\64f2c2ba19c2d717986f269f7b35be700ea4264d2c1e8eaedb90a8380058072d.png
12:44:51.348 [Darkroom Processing Line] DEBUG net.serenitybdd.core.photography.DarkroomProcessingLine - Processing screenshot image in /var/screenshots/screenshot-14555408106228171920
12:44:51.348 [Darkroom Processing Line] DEBUG net.serenitybdd.core.photography.DarkroomProcessingLine - Saving screenshot to target\site\serenity\64f2c2ba19c2d717986f269f7b35be700ea4264d2c1e8eaedb90a8380058072d.png
12:44:51.356 [Forwarding findElement on session acb10a636a238ef291e0b3753b91df32 to remote] DEBUG org.asynchttpclient.netty.request.NettyRequestSender - Using pooled Channel '[id: 0x7882884a, L:/127.0.0.1:51846 - R:localhost/127.0.0.1:58175]' for 'POST' to 'http://localhost:58175/session/acb10a636a238ef291e0b3753b91df32/element'
12:44:51.356 [Forwarding findElement on session acb10a636a238ef291e0b3753b91df32 to remote] DEBUG org.asynchttpclient.netty.request.NettyRequestSender - Using open Channel [id: 0x7882884a, L:/127.0.0.1:51846 - R:localhost/127.0.0.1:58175] for POST '/session/acb10a636a238ef291e0b3753b91df32/element'
12:44:51.365 [AsyncHttpClient-1-11] DEBUG org.asynchttpclient.netty.handler.HttpHandler - 

Request DefaultHttpRequest(decodeResult: success, version: HTTP/1.1)
POST /session/acb10a636a238ef291e0b3753b91df32/element HTTP/1.1
User-Agent: selenium/4.1.2 (java windows)
Content-Length: 88
Content-Type: application/json; charset=utf-8
host: localhost:58175
accept: */*

Response DefaultHttpResponse(decodeResult: success, version: HTTP/1.1)
HTTP/1.1 200 OK
Content-Type: application/json; charset=utf-8
cache-control: no-cache
content-length: 88

12:44:51.365 [AsyncHttpClient-1-11] DEBUG org.asynchttpclient.netty.channel.ChannelManager - Adding key: http://localhost:58175 for channel [id: 0x7882884a, L:/127.0.0.1:51846 - R:localhost/127.0.0.1:58175]
12:44:51.366 [Forwarding clearElement on session acb10a636a238ef291e0b3753b91df32 to remote] DEBUG org.asynchttpclient.netty.request.NettyRequestSender - Using pooled Channel '[id: 0x7882884a, L:/127.0.0.1:51846 - R:localhost/127.0.0.1:58175]' for 'POST' to 'http://localhost:58175/session/acb10a636a238ef291e0b3753b91df32/element/dcce3663-44ee-4e2f-80f9-86927af4d438/clear'
12:44:51.366 [Forwarding clearElement on session acb10a636a238ef291e0b3753b91df32 to remote] DEBUG org.asynchttpclient.netty.request.NettyRequestSender - Using open Channel [id: 0x7882884a, L:/127.0.0.1:51846 - R:localhost/127.0.0.1:58175] for POST '/session/acb10a636a238ef291e0b3753b91df32/element/dcce3663-44ee-4e2f-80f9-86927af4d438/clear'
12:44:51.392 [AsyncHttpClient-1-11] DEBUG org.asynchttpclient.netty.handler.HttpHandler - 

Request DefaultHttpRequest(decodeResult: success, version: HTTP/1.1)
POST /session/acb10a636a238ef291e0b3753b91df32/element/dcce3663-44ee-4e2f-80f9-86927af4d438/clear HTTP/1.1
User-Agent: selenium/4.1.2 (java windows)
Content-Length: 50
Content-Type: application/json; charset=utf-8
host: localhost:58175
accept: */*

Response DefaultHttpResponse(decodeResult: success, version: HTTP/1.1)
HTTP/1.1 200 OK
Content-Type: application/json; charset=utf-8
cache-control: no-cache
content-length: 14

12:44:51.392 [AsyncHttpClient-1-11] DEBUG org.asynchttpclient.netty.channel.ChannelManager - Adding key: http://localhost:58175 for channel [id: 0x7882884a, L:/127.0.0.1:51846 - R:localhost/127.0.0.1:58175]
12:44:51.393 [Forwarding sendKeysToElement on session acb10a636a238ef291e0b3753b91df32 to remote] DEBUG org.asynchttpclient.netty.request.NettyRequestSender - Using pooled Channel '[id: 0x7882884a, L:/127.0.0.1:51846 - R:localhost/127.0.0.1:58175]' for 'POST' to 'http://localhost:58175/session/acb10a636a238ef291e0b3753b91df32/element/dcce3663-44ee-4e2f-80f9-86927af4d438/value'
12:44:51.393 [Forwarding sendKeysToElement on session acb10a636a238ef291e0b3753b91df32 to remote] DEBUG org.asynchttpclient.netty.request.NettyRequestSender - Using open Channel [id: 0x7882884a, L:/127.0.0.1:51846 - R:localhost/127.0.0.1:58175] for POST '/session/acb10a636a238ef291e0b3753b91df32/element/dcce3663-44ee-4e2f-80f9-86927af4d438/value'
12:44:51.427 [AsyncHttpClient-1-11] DEBUG org.asynchttpclient.netty.handler.HttpHandler - 

Request DefaultHttpRequest(decodeResult: success, version: HTTP/1.1)
POST /session/acb10a636a238ef291e0b3753b91df32/element/dcce3663-44ee-4e2f-80f9-86927af4d438/value HTTP/1.1
User-Agent: selenium/4.1.2 (java windows)
Content-Length: 82
Content-Type: application/json; charset=utf-8
host: localhost:58175
accept: */*

Response DefaultHttpResponse(decodeResult: success, version: HTTP/1.1)
HTTP/1.1 200 OK
Content-Type: application/json; charset=utf-8
cache-control: no-cache
content-length: 14

12:44:51.427 [AsyncHttpClient-1-11] DEBUG org.asynchttpclient.netty.channel.ChannelManager - Adding key: http://localhost:58175 for channel [id: 0x7882884a, L:/127.0.0.1:51846 - R:localhost/127.0.0.1:58175]
  &amp#27;[32mWhen &amp#27;[0m&amp#27;[32mI input &amp#27;[0m&amp#27;[32m&amp#27;[1m""&amp#27;[0m&amp#27;[32m email&amp#27;[0m                         &amp#27;[90m# starter.stepdefinition.LoginStep.iInputEmail(java.lang.String)&amp#27;[0m
12:44:51.432 [Forwarding screenshot on session acb10a636a238ef291e0b3753b91df32 to remote] DEBUG org.asynchttpclient.netty.request.NettyRequestSender - Using pooled Channel '[id: 0x7882884a, L:/127.0.0.1:51846 - R:localhost/127.0.0.1:58175]' for 'GET' to 'http://localhost:58175/session/acb10a636a238ef291e0b3753b91df32/screenshot'
12:44:51.432 [Forwarding screenshot on session acb10a636a238ef291e0b3753b91df32 to remote] DEBUG org.asynchttpclient.netty.request.NettyRequestSender - Using open Channel [id: 0x7882884a, L:/127.0.0.1:51846 - R:localhost/127.0.0.1:58175] for GET '/session/acb10a636a238ef291e0b3753b91df32/screenshot'
12:44:51.580 [AsyncHttpClient-1-11] DEBUG org.asynchttpclient.netty.handler.HttpHandler - 

Request DefaultFullHttpRequest(decodeResult: success, version: HTTP/1.1, content: EmptyByteBufBE)
GET /session/acb10a636a238ef291e0b3753b91df32/screenshot HTTP/1.1
User-Agent: selenium/4.1.2 (java windows)
Cache-Control: no-cache
Content-Type: application/json; charset=utf-8
host: localhost:58175
accept: */*

Response DefaultHttpResponse(decodeResult: success, version: HTTP/1.1)
HTTP/1.1 200 OK
Content-Type: application/json; charset=utf-8
cache-control: no-cache
content-length: 34188

12:44:51.580 [AsyncHttpClient-1-11] DEBUG org.asynchttpclient.netty.channel.ChannelManager - Adding key: http://localhost:58175 for channel [id: 0x7882884a, L:/127.0.0.1:51846 - R:localhost/127.0.0.1:58175]
12:44:51.583 [main] DEBUG net.serenitybdd.core.photography.Darkroom - Send negative for processing for target\site\serenity\a5a4f174e56ff48f1ca37bea97eb9206a3350bdc696dbf46e7f755d0e73be532.png
12:44:51.583 [Darkroom Processing Line] DEBUG net.serenitybdd.core.photography.DarkroomProcessingLine - Processing screenshot image in /var/screenshots/screenshot-8463470945229309157
12:44:51.583 [Darkroom Processing Line] DEBUG net.serenitybdd.core.photography.DarkroomProcessingLine - Saving screenshot to target\site\serenity\a5a4f174e56ff48f1ca37bea97eb9206a3350bdc696dbf46e7f755d0e73be532.png
12:44:51.592 [Forwarding findElement on session acb10a636a238ef291e0b3753b91df32 to remote] DEBUG org.asynchttpclient.netty.request.NettyRequestSender - Using pooled Channel '[id: 0x7882884a, L:/127.0.0.1:51846 - R:localhost/127.0.0.1:58175]' for 'POST' to 'http://localhost:58175/session/acb10a636a238ef291e0b3753b91df32/element'
12:44:51.592 [Forwarding findElement on session acb10a636a238ef291e0b3753b91df32 to remote] DEBUG org.asynchttpclient.netty.request.NettyRequestSender - Using open Channel [id: 0x7882884a, L:/127.0.0.1:51846 - R:localhost/127.0.0.1:58175] for POST '/session/acb10a636a238ef291e0b3753b91df32/element'
12:44:51.603 [AsyncHttpClient-1-11] DEBUG org.asynchttpclient.netty.handler.HttpHandler - 

Request DefaultHttpRequest(decodeResult: success, version: HTTP/1.1)
POST /session/acb10a636a238ef291e0b3753b91df32/element HTTP/1.1
User-Agent: selenium/4.1.2 (java windows)
Content-Length: 91
Content-Type: application/json; charset=utf-8
host: localhost:58175
accept: */*

Response DefaultHttpResponse(decodeResult: success, version: HTTP/1.1)
HTTP/1.1 200 OK
Content-Type: application/json; charset=utf-8
cache-control: no-cache
content-length: 88

12:44:51.603 [AsyncHttpClient-1-11] DEBUG org.asynchttpclient.netty.channel.ChannelManager - Adding key: http://localhost:58175 for channel [id: 0x7882884a, L:/127.0.0.1:51846 - R:localhost/127.0.0.1:58175]
12:44:51.606 [Forwarding clearElement on session acb10a636a238ef291e0b3753b91df32 to remote] DEBUG org.asynchttpclient.netty.request.NettyRequestSender - Using pooled Channel '[id: 0x7882884a, L:/127.0.0.1:51846 - R:localhost/127.0.0.1:58175]' for 'POST' to 'http://localhost:58175/session/acb10a636a238ef291e0b3753b91df32/element/e3c0370c-8400-4b59-bd88-380f5ec83f69/clear'
12:44:51.606 [Forwarding clearElement on session acb10a636a238ef291e0b3753b91df32 to remote] DEBUG org.asynchttpclient.netty.request.NettyRequestSender - Using open Channel [id: 0x7882884a, L:/127.0.0.1:51846 - R:localhost/127.0.0.1:58175] for POST '/session/acb10a636a238ef291e0b3753b91df32/element/e3c0370c-8400-4b59-bd88-380f5ec83f69/clear'
12:44:51.633 [AsyncHttpClient-1-11] DEBUG org.asynchttpclient.netty.handler.HttpHandler - 

Request DefaultHttpRequest(decodeResult: success, version: HTTP/1.1)
POST /session/acb10a636a238ef291e0b3753b91df32/element/e3c0370c-8400-4b59-bd88-380f5ec83f69/clear HTTP/1.1
User-Agent: selenium/4.1.2 (java windows)
Content-Length: 50
Content-Type: application/json; charset=utf-8
host: localhost:58175
accept: */*

Response DefaultHttpResponse(decodeResult: success, version: HTTP/1.1)
HTTP/1.1 200 OK
Content-Type: application/json; charset=utf-8
cache-control: no-cache
content-length: 14

12:44:51.633 [AsyncHttpClient-1-11] DEBUG org.asynchttpclient.netty.channel.ChannelManager - Adding key: http://localhost:58175 for channel [id: 0x7882884a, L:/127.0.0.1:51846 - R:localhost/127.0.0.1:58175]
12:44:51.635 [Forwarding sendKeysToElement on session acb10a636a238ef291e0b3753b91df32 to remote] DEBUG org.asynchttpclient.netty.request.NettyRequestSender - Using pooled Channel '[id: 0x7882884a, L:/127.0.0.1:51846 - R:localhost/127.0.0.1:58175]' for 'POST' to 'http://localhost:58175/session/acb10a636a238ef291e0b3753b91df32/element/e3c0370c-8400-4b59-bd88-380f5ec83f69/value'
12:44:51.635 [Forwarding sendKeysToElement on session acb10a636a238ef291e0b3753b91df32 to remote] DEBUG org.asynchttpclient.netty.request.NettyRequestSender - Using open Channel [id: 0x7882884a, L:/127.0.0.1:51846 - R:localhost/127.0.0.1:58175] for POST '/session/acb10a636a238ef291e0b3753b91df32/element/e3c0370c-8400-4b59-bd88-380f5ec83f69/value'
12:44:51.684 [AsyncHttpClient-1-11] DEBUG org.asynchttpclient.netty.handler.HttpHandler - 

Request DefaultHttpRequest(decodeResult: success, version: HTTP/1.1)
POST /session/acb10a636a238ef291e0b3753b91df32/element/e3c0370c-8400-4b59-bd88-380f5ec83f69/value HTTP/1.1
User-Agent: selenium/4.1.2 (java windows)
Content-Length: 101
Content-Type: application/json; charset=utf-8
host: localhost:58175
accept: */*

Response DefaultHttpResponse(decodeResult: success, version: HTTP/1.1)
HTTP/1.1 200 OK
Content-Type: application/json; charset=utf-8
cache-control: no-cache
content-length: 14

12:44:51.684 [AsyncHttpClient-1-11] DEBUG org.asynchttpclient.netty.channel.ChannelManager - Adding key: http://localhost:58175 for channel [id: 0x7882884a, L:/127.0.0.1:51846 - R:localhost/127.0.0.1:58175]
  &amp#27;[32mAnd &amp#27;[0m&amp#27;[32mI input &amp#27;[0m&amp#27;[32m&amp#27;[1m"na"&amp#27;[0m&amp#27;[32m password&amp#27;[0m                     &amp#27;[90m# starter.stepdefinition.LoginStep.iInputPassword(java.lang.String)&amp#27;[0m
12:44:51.692 [Forwarding screenshot on session acb10a636a238ef291e0b3753b91df32 to remote] DEBUG org.asynchttpclient.netty.request.NettyRequestSender - Using pooled Channel '[id: 0x7882884a, L:/127.0.0.1:51846 - R:localhost/127.0.0.1:58175]' for 'GET' to 'http://localhost:58175/session/acb10a636a238ef291e0b3753b91df32/screenshot'
12:44:51.692 [Forwarding screenshot on session acb10a636a238ef291e0b3753b91df32 to remote] DEBUG org.asynchttpclient.netty.request.NettyRequestSender - Using open Channel [id: 0x7882884a, L:/127.0.0.1:51846 - R:localhost/127.0.0.1:58175] for GET '/session/acb10a636a238ef291e0b3753b91df32/screenshot'
12:44:51.846 [AsyncHttpClient-1-11] DEBUG org.asynchttpclient.netty.handler.HttpHandler - 

Request DefaultFullHttpRequest(decodeResult: success, version: HTTP/1.1, content: EmptyByteBufBE)
GET /session/acb10a636a238ef291e0b3753b91df32/screenshot HTTP/1.1
User-Agent: selenium/4.1.2 (java windows)
Cache-Control: no-cache
Content-Type: application/json; charset=utf-8
host: localhost:58175
accept: */*

Response DefaultHttpResponse(decodeResult: success, version: HTTP/1.1)
HTTP/1.1 200 OK
Content-Type: application/json; charset=utf-8
cache-control: no-cache
content-length: 34420

12:44:51.846 [AsyncHttpClient-1-11] DEBUG org.asynchttpclient.netty.channel.ChannelManager - Adding key: http://localhost:58175 for channel [id: 0x7882884a, L:/127.0.0.1:51846 - R:localhost/127.0.0.1:58175]
12:44:51.848 [main] DEBUG net.serenitybdd.core.photography.Darkroom - Send negative for processing for target\site\serenity\5009d6c85ab54ac006cd612087af0edb3f09b26953fb0fa815687eae4792b335.png
12:44:51.848 [Darkroom Processing Line] DEBUG net.serenitybdd.core.photography.DarkroomProcessingLine - Processing screenshot image in /var/screenshots/screenshot-15565175676950050074
12:44:51.848 [Darkroom Processing Line] DEBUG net.serenitybdd.core.photography.DarkroomProcessingLine - Saving screenshot to target\site\serenity\5009d6c85ab54ac006cd612087af0edb3f09b26953fb0fa815687eae4792b335.png
12:44:51.855 [Forwarding findElement on session acb10a636a238ef291e0b3753b91df32 to remote] DEBUG org.asynchttpclient.netty.request.NettyRequestSender - Using pooled Channel '[id: 0x7882884a, L:/127.0.0.1:51846 - R:localhost/127.0.0.1:58175]' for 'POST' to 'http://localhost:58175/session/acb10a636a238ef291e0b3753b91df32/element'
12:44:51.855 [Forwarding findElement on session acb10a636a238ef291e0b3753b91df32 to remote] DEBUG org.asynchttpclient.netty.request.NettyRequestSender - Using open Channel [id: 0x7882884a, L:/127.0.0.1:51846 - R:localhost/127.0.0.1:58175] for POST '/session/acb10a636a238ef291e0b3753b91df32/element'
12:44:51.857 [AsyncHttpClient-1-1] DEBUG org.asynchttpclient.netty.channel.DefaultChannelPool - Entry count for : http://localhost:51847 : 1
12:44:51.865 [AsyncHttpClient-1-11] DEBUG org.asynchttpclient.netty.handler.HttpHandler - 

Request DefaultHttpRequest(decodeResult: success, version: HTTP/1.1)
POST /session/acb10a636a238ef291e0b3753b91df32/element HTTP/1.1
User-Agent: selenium/4.1.2 (java windows)
Content-Length: 141
Content-Type: application/json; charset=utf-8
host: localhost:58175
accept: */*

Response DefaultHttpResponse(decodeResult: success, version: HTTP/1.1)
HTTP/1.1 200 OK
Content-Type: application/json; charset=utf-8
cache-control: no-cache
content-length: 88

12:44:51.866 [AsyncHttpClient-1-11] DEBUG org.asynchttpclient.netty.channel.ChannelManager - Adding key: http://localhost:58175 for channel [id: 0x7882884a, L:/127.0.0.1:51846 - R:localhost/127.0.0.1:58175]
12:44:51.867 [Forwarding getElementTagName on session acb10a636a238ef291e0b3753b91df32 to remote] DEBUG org.asynchttpclient.netty.request.NettyRequestSender - Using pooled Channel '[id: 0x7882884a, L:/127.0.0.1:51846 - R:localhost/127.0.0.1:58175]' for 'GET' to 'http://localhost:58175/session/acb10a636a238ef291e0b3753b91df32/element/5da19edc-4121-4ee9-a44a-1e3b59596642/name'
12:44:51.867 [Forwarding getElementTagName on session acb10a636a238ef291e0b3753b91df32 to remote] DEBUG org.asynchttpclient.netty.request.NettyRequestSender - Using open Channel [id: 0x7882884a, L:/127.0.0.1:51846 - R:localhost/127.0.0.1:58175] for GET '/session/acb10a636a238ef291e0b3753b91df32/element/5da19edc-4121-4ee9-a44a-1e3b59596642/name'
12:44:51.872 [AsyncHttpClient-1-11] DEBUG org.asynchttpclient.netty.handler.HttpHandler - 

Request DefaultFullHttpRequest(decodeResult: success, version: HTTP/1.1, content: EmptyByteBufBE)
GET /session/acb10a636a238ef291e0b3753b91df32/element/5da19edc-4121-4ee9-a44a-1e3b59596642/name HTTP/1.1
User-Agent: selenium/4.1.2 (java windows)
Cache-Control: no-cache
Content-Type: application/json; charset=utf-8
host: localhost:58175
accept: */*

Response DefaultHttpResponse(decodeResult: success, version: HTTP/1.1)
HTTP/1.1 200 OK
Content-Type: application/json; charset=utf-8
cache-control: no-cache
content-length: 18

12:44:51.872 [AsyncHttpClient-1-11] DEBUG org.asynchttpclient.netty.channel.ChannelManager - Adding key: http://localhost:58175 for channel [id: 0x7882884a, L:/127.0.0.1:51846 - R:localhost/127.0.0.1:58175]
12:44:51.874 [Forwarding getElementTagName on session acb10a636a238ef291e0b3753b91df32 to remote] DEBUG org.asynchttpclient.netty.request.NettyRequestSender - Using pooled Channel '[id: 0x7882884a, L:/127.0.0.1:51846 - R:localhost/127.0.0.1:58175]' for 'GET' to 'http://localhost:58175/session/acb10a636a238ef291e0b3753b91df32/element/5da19edc-4121-4ee9-a44a-1e3b59596642/name'
12:44:51.874 [Forwarding getElementTagName on session acb10a636a238ef291e0b3753b91df32 to remote] DEBUG org.asynchttpclient.netty.request.NettyRequestSender - Using open Channel [id: 0x7882884a, L:/127.0.0.1:51846 - R:localhost/127.0.0.1:58175] for GET '/session/acb10a636a238ef291e0b3753b91df32/element/5da19edc-4121-4ee9-a44a-1e3b59596642/name'
12:44:51.879 [AsyncHttpClient-1-11] DEBUG org.asynchttpclient.netty.handler.HttpHandler - 

Request DefaultFullHttpRequest(decodeResult: success, version: HTTP/1.1, content: EmptyByteBufBE)
GET /session/acb10a636a238ef291e0b3753b91df32/element/5da19edc-4121-4ee9-a44a-1e3b59596642/name HTTP/1.1
User-Agent: selenium/4.1.2 (java windows)
Cache-Control: no-cache
Content-Type: application/json; charset=utf-8
host: localhost:58175
accept: */*

Response DefaultHttpResponse(decodeResult: success, version: HTTP/1.1)
HTTP/1.1 200 OK
Content-Type: application/json; charset=utf-8
cache-control: no-cache
content-length: 18

12:44:51.879 [AsyncHttpClient-1-11] DEBUG org.asynchttpclient.netty.channel.ChannelManager - Adding key: http://localhost:58175 for channel [id: 0x7882884a, L:/127.0.0.1:51846 - R:localhost/127.0.0.1:58175]
12:44:51.881 [Forwarding isElementEnabled on session acb10a636a238ef291e0b3753b91df32 to remote] DEBUG org.asynchttpclient.netty.request.NettyRequestSender - Using pooled Channel '[id: 0x7882884a, L:/127.0.0.1:51846 - R:localhost/127.0.0.1:58175]' for 'GET' to 'http://localhost:58175/session/acb10a636a238ef291e0b3753b91df32/element/5da19edc-4121-4ee9-a44a-1e3b59596642/enabled'
12:44:51.881 [Forwarding isElementEnabled on session acb10a636a238ef291e0b3753b91df32 to remote] DEBUG org.asynchttpclient.netty.request.NettyRequestSender - Using open Channel [id: 0x7882884a, L:/127.0.0.1:51846 - R:localhost/127.0.0.1:58175] for GET '/session/acb10a636a238ef291e0b3753b91df32/element/5da19edc-4121-4ee9-a44a-1e3b59596642/enabled'
12:44:51.889 [AsyncHttpClient-1-11] DEBUG org.asynchttpclient.netty.handler.HttpHandler - 

Request DefaultFullHttpRequest(decodeResult: success, version: HTTP/1.1, content: EmptyByteBufBE)
GET /session/acb10a636a238ef291e0b3753b91df32/element/5da19edc-4121-4ee9-a44a-1e3b59596642/enabled HTTP/1.1
User-Agent: selenium/4.1.2 (java windows)
Cache-Control: no-cache
Content-Type: application/json; charset=utf-8
host: localhost:58175
accept: */*

Response DefaultHttpResponse(decodeResult: success, version: HTTP/1.1)
HTTP/1.1 200 OK
Content-Type: application/json; charset=utf-8
cache-control: no-cache
content-length: 14

12:44:51.889 [AsyncHttpClient-1-11] DEBUG org.asynchttpclient.netty.channel.ChannelManager - Adding key: http://localhost:58175 for channel [id: 0x7882884a, L:/127.0.0.1:51846 - R:localhost/127.0.0.1:58175]
12:44:51.891 [Forwarding isElementEnabled on session acb10a636a238ef291e0b3753b91df32 to remote] DEBUG org.asynchttpclient.netty.request.NettyRequestSender - Using pooled Channel '[id: 0x7882884a, L:/127.0.0.1:51846 - R:localhost/127.0.0.1:58175]' for 'GET' to 'http://localhost:58175/session/acb10a636a238ef291e0b3753b91df32/element/5da19edc-4121-4ee9-a44a-1e3b59596642/enabled'
12:44:51.891 [Forwarding isElementEnabled on session acb10a636a238ef291e0b3753b91df32 to remote] DEBUG org.asynchttpclient.netty.request.NettyRequestSender - Using open Channel [id: 0x7882884a, L:/127.0.0.1:51846 - R:localhost/127.0.0.1:58175] for GET '/session/acb10a636a238ef291e0b3753b91df32/element/5da19edc-4121-4ee9-a44a-1e3b59596642/enabled'
12:44:51.899 [AsyncHttpClient-1-11] DEBUG org.asynchttpclient.netty.handler.HttpHandler - 

Request DefaultFullHttpRequest(decodeResult: success, version: HTTP/1.1, content: EmptyByteBufBE)
GET /session/acb10a636a238ef291e0b3753b91df32/element/5da19edc-4121-4ee9-a44a-1e3b59596642/enabled HTTP/1.1
User-Agent: selenium/4.1.2 (java windows)
Cache-Control: no-cache
Content-Type: application/json; charset=utf-8
host: localhost:58175
accept: */*

Response DefaultHttpResponse(decodeResult: success, version: HTTP/1.1)
HTTP/1.1 200 OK
Content-Type: application/json; charset=utf-8
cache-control: no-cache
content-length: 14

12:44:51.899 [AsyncHttpClient-1-11] DEBUG org.asynchttpclient.netty.channel.ChannelManager - Adding key: http://localhost:58175 for channel [id: 0x7882884a, L:/127.0.0.1:51846 - R:localhost/127.0.0.1:58175]
12:44:51.900 [Forwarding findElement on session acb10a636a238ef291e0b3753b91df32 to remote] DEBUG org.asynchttpclient.netty.request.NettyRequestSender - Using pooled Channel '[id: 0x7882884a, L:/127.0.0.1:51846 - R:localhost/127.0.0.1:58175]' for 'POST' to 'http://localhost:58175/session/acb10a636a238ef291e0b3753b91df32/element'
12:44:51.900 [Forwarding findElement on session acb10a636a238ef291e0b3753b91df32 to remote] DEBUG org.asynchttpclient.netty.request.NettyRequestSender - Using open Channel [id: 0x7882884a, L:/127.0.0.1:51846 - R:localhost/127.0.0.1:58175] for POST '/session/acb10a636a238ef291e0b3753b91df32/element'
12:44:51.907 [AsyncHttpClient-1-11] DEBUG org.asynchttpclient.netty.handler.HttpHandler - 

Request DefaultHttpRequest(decodeResult: success, version: HTTP/1.1)
POST /session/acb10a636a238ef291e0b3753b91df32/element HTTP/1.1
User-Agent: selenium/4.1.2 (java windows)
Content-Length: 141
Content-Type: application/json; charset=utf-8
host: localhost:58175
accept: */*

Response DefaultHttpResponse(decodeResult: success, version: HTTP/1.1)
HTTP/1.1 200 OK
Content-Type: application/json; charset=utf-8
cache-control: no-cache
content-length: 88

12:44:51.907 [AsyncHttpClient-1-11] DEBUG org.asynchttpclient.netty.channel.ChannelManager - Adding key: http://localhost:58175 for channel [id: 0x7882884a, L:/127.0.0.1:51846 - R:localhost/127.0.0.1:58175]
12:44:51.908 [Forwarding clickElement on session acb10a636a238ef291e0b3753b91df32 to remote] DEBUG org.asynchttpclient.netty.request.NettyRequestSender - Using pooled Channel '[id: 0x7882884a, L:/127.0.0.1:51846 - R:localhost/127.0.0.1:58175]' for 'POST' to 'http://localhost:58175/session/acb10a636a238ef291e0b3753b91df32/element/5da19edc-4121-4ee9-a44a-1e3b59596642/click'
12:44:51.908 [Forwarding clickElement on session acb10a636a238ef291e0b3753b91df32 to remote] DEBUG org.asynchttpclient.netty.request.NettyRequestSender - Using open Channel [id: 0x7882884a, L:/127.0.0.1:51846 - R:localhost/127.0.0.1:58175] for POST '/session/acb10a636a238ef291e0b3753b91df32/element/5da19edc-4121-4ee9-a44a-1e3b59596642/click'
12:44:51.945 [AsyncHttpClient-1-11] DEBUG org.asynchttpclient.netty.handler.HttpHandler - 

Request DefaultHttpRequest(decodeResult: success, version: HTTP/1.1)
POST /session/acb10a636a238ef291e0b3753b91df32/element/5da19edc-4121-4ee9-a44a-1e3b59596642/click HTTP/1.1
User-Agent: selenium/4.1.2 (java windows)
Content-Length: 50
Content-Type: application/json; charset=utf-8
host: localhost:58175
accept: */*

Response DefaultHttpResponse(decodeResult: success, version: HTTP/1.1)
HTTP/1.1 200 OK
Content-Type: application/json; charset=utf-8
cache-control: no-cache
content-length: 14

12:44:51.946 [AsyncHttpClient-1-11] DEBUG org.asynchttpclient.netty.channel.ChannelManager - Adding key: http://localhost:58175 for channel [id: 0x7882884a, L:/127.0.0.1:51846 - R:localhost/127.0.0.1:58175]
  &amp#27;[32mAnd &amp#27;[0m&amp#27;[32mI click login button&amp#27;[0m                      &amp#27;[90m# starter.stepdefinition.LoginStep.iClickLoginButton()&amp#27;[0m
12:44:51.950 [Forwarding screenshot on session acb10a636a238ef291e0b3753b91df32 to remote] DEBUG org.asynchttpclient.netty.request.NettyRequestSender - Using pooled Channel '[id: 0x7882884a, L:/127.0.0.1:51846 - R:localhost/127.0.0.1:58175]' for 'GET' to 'http://localhost:58175/session/acb10a636a238ef291e0b3753b91df32/screenshot'
12:44:51.950 [Forwarding screenshot on session acb10a636a238ef291e0b3753b91df32 to remote] DEBUG org.asynchttpclient.netty.request.NettyRequestSender - Using open Channel [id: 0x7882884a, L:/127.0.0.1:51846 - R:localhost/127.0.0.1:58175] for GET '/session/acb10a636a238ef291e0b3753b91df32/screenshot'
12:44:52.097 [AsyncHttpClient-1-11] DEBUG org.asynchttpclient.netty.handler.HttpHandler - 

Request DefaultFullHttpRequest(decodeResult: success, version: HTTP/1.1, content: EmptyByteBufBE)
GET /session/acb10a636a238ef291e0b3753b91df32/screenshot HTTP/1.1
User-Agent: selenium/4.1.2 (java windows)
Cache-Control: no-cache
Content-Type: application/json; charset=utf-8
host: localhost:58175
accept: */*

Response DefaultHttpResponse(decodeResult: success, version: HTTP/1.1)
HTTP/1.1 200 OK
Content-Type: application/json; charset=utf-8
cache-control: no-cache
content-length: 33192

12:44:52.098 [AsyncHttpClient-1-11] DEBUG org.asynchttpclient.netty.channel.ChannelManager - Adding key: http://localhost:58175 for channel [id: 0x7882884a, L:/127.0.0.1:51846 - R:localhost/127.0.0.1:58175]
12:44:52.100 [main] DEBUG net.serenitybdd.core.photography.Darkroom - Send negative for processing for target\site\serenity\a00978a9d3f238b8cf153834c503feb79df9dbafa11817435abe6a8dc9637448.png
12:44:52.100 [Darkroom Processing Line] DEBUG net.serenitybdd.core.photography.DarkroomProcessingLine - Processing screenshot image in /var/screenshots/screenshot-11345543844911088271
12:44:52.100 [Darkroom Processing Line] DEBUG net.serenitybdd.core.photography.DarkroomProcessingLine - Saving screenshot to target\site\serenity\a00978a9d3f238b8cf153834c503feb79df9dbafa11817435abe6a8dc9637448.png
12:44:52.107 [Forwarding findElement on session acb10a636a238ef291e0b3753b91df32 to remote] DEBUG org.asynchttpclient.netty.request.NettyRequestSender - Using pooled Channel '[id: 0x7882884a, L:/127.0.0.1:51846 - R:localhost/127.0.0.1:58175]' for 'POST' to 'http://localhost:58175/session/acb10a636a238ef291e0b3753b91df32/element'
12:44:52.107 [Forwarding findElement on session acb10a636a238ef291e0b3753b91df32 to remote] DEBUG org.asynchttpclient.netty.request.NettyRequestSender - Using open Channel [id: 0x7882884a, L:/127.0.0.1:51846 - R:localhost/127.0.0.1:58175] for POST '/session/acb10a636a238ef291e0b3753b91df32/element'
12:44:52.945 [AsyncHttpClient-1-1] DEBUG org.asynchttpclient.netty.channel.DefaultChannelPool - Entry count for : http://localhost:51847 : 1
12:44:53.240 [AsyncHttpClient-1-11] DEBUG org.asynchttpclient.netty.handler.HttpHandler - 

Request DefaultHttpRequest(decodeResult: success, version: HTTP/1.1)
POST /session/acb10a636a238ef291e0b3753b91df32/element HTTP/1.1
User-Agent: selenium/4.1.2 (java windows)
Content-Length: 81
Content-Type: application/json; charset=utf-8
host: localhost:58175
accept: */*

Response DefaultHttpResponse(decodeResult: success, version: HTTP/1.1)
HTTP/1.1 200 OK
Content-Type: application/json; charset=utf-8
cache-control: no-cache
content-length: 88

12:44:53.240 [AsyncHttpClient-1-11] DEBUG org.asynchttpclient.netty.channel.ChannelManager - Adding key: http://localhost:58175 for channel [id: 0x7882884a, L:/127.0.0.1:51846 - R:localhost/127.0.0.1:58175]
12:44:53.243 [Forwarding isElementDisplayed on session acb10a636a238ef291e0b3753b91df32 to remote] DEBUG org.asynchttpclient.netty.request.NettyRequestSender - Using pooled Channel '[id: 0x7882884a, L:/127.0.0.1:51846 - R:localhost/127.0.0.1:58175]' for 'POST' to 'http://localhost:58175/session/acb10a636a238ef291e0b3753b91df32/execute/sync'
12:44:53.243 [Forwarding isElementDisplayed on session acb10a636a238ef291e0b3753b91df32 to remote] DEBUG org.asynchttpclient.netty.request.NettyRequestSender - Using open Channel [id: 0x7882884a, L:/127.0.0.1:51846 - R:localhost/127.0.0.1:58175] for POST '/session/acb10a636a238ef291e0b3753b91df32/execute/sync'
12:44:53.255 [AsyncHttpClient-1-11] DEBUG org.asynchttpclient.netty.handler.HttpHandler - 

Request DefaultHttpRequest(decodeResult: success, version: HTTP/1.1)
POST /session/acb10a636a238ef291e0b3753b91df32/execute/sync HTTP/1.1
User-Agent: selenium/4.1.2 (java windows)
Content-Length: 48780
Content-Type: application/json; charset=utf-8
host: localhost:58175
accept: */*

Response DefaultHttpResponse(decodeResult: success, version: HTTP/1.1)
HTTP/1.1 200 OK
Content-Type: application/json; charset=utf-8
cache-control: no-cache
content-length: 14

12:44:53.255 [AsyncHttpClient-1-11] DEBUG org.asynchttpclient.netty.channel.ChannelManager - Adding key: http://localhost:58175 for channel [id: 0x7882884a, L:/127.0.0.1:51846 - R:localhost/127.0.0.1:58175]
  &amp#27;[32mThen &amp#27;[0m&amp#27;[32mI will get the &amp#27;[0m&amp#27;[32m&amp#27;[1m"can't login"&amp#27;[0m             &amp#27;[90m# starter.stepdefinition.LoginStep.iWillGetThe(java.lang.String)&amp#27;[0m
12:44:53.259 [Forwarding screenshot on session acb10a636a238ef291e0b3753b91df32 to remote] DEBUG org.asynchttpclient.netty.request.NettyRequestSender - Using pooled Channel '[id: 0x7882884a, L:/127.0.0.1:51846 - R:localhost/127.0.0.1:58175]' for 'GET' to 'http://localhost:58175/session/acb10a636a238ef291e0b3753b91df32/screenshot'
12:44:53.259 [Forwarding screenshot on session acb10a636a238ef291e0b3753b91df32 to remote] DEBUG org.asynchttpclient.netty.request.NettyRequestSender - Using open Channel [id: 0x7882884a, L:/127.0.0.1:51846 - R:localhost/127.0.0.1:58175] for GET '/session/acb10a636a238ef291e0b3753b91df32/screenshot'
12:44:53.387 [AsyncHttpClient-1-11] DEBUG org.asynchttpclient.netty.handler.HttpHandler - 

Request DefaultFullHttpRequest(decodeResult: success, version: HTTP/1.1, content: EmptyByteBufBE)
GET /session/acb10a636a238ef291e0b3753b91df32/screenshot HTTP/1.1
User-Agent: selenium/4.1.2 (java windows)
Cache-Control: no-cache
Content-Type: application/json; charset=utf-8
host: localhost:58175
accept: */*

Response DefaultHttpResponse(decodeResult: success, version: HTTP/1.1)
HTTP/1.1 200 OK
Content-Type: application/json; charset=utf-8
cache-control: no-cache
content-length: 36980

12:44:53.387 [AsyncHttpClient-1-11] DEBUG org.asynchttpclient.netty.channel.ChannelManager - Adding key: http://localhost:58175 for channel [id: 0x7882884a, L:/127.0.0.1:51846 - R:localhost/127.0.0.1:58175]
12:44:53.388 [main] DEBUG net.serenitybdd.core.photography.Darkroom - Send negative for processing for target\site\serenity\a6eceb559e5438818d5f790939ca21a94687c68a39dd88a0f85c65d278327dd3.png
12:44:53.388 [Darkroom Processing Line] DEBUG net.serenitybdd.core.photography.DarkroomProcessingLine - Processing screenshot image in /var/screenshots/screenshot-10989654657190579350
12:44:53.388 [Darkroom Processing Line] DEBUG net.serenitybdd.core.photography.DarkroomProcessingLine - Saving screenshot to target\site\serenity\a6eceb559e5438818d5f790939ca21a94687c68a39dd88a0f85c65d278327dd3.png
12:44:53.393 [AsyncHttpClient-1-13] DEBUG org.asynchttpclient.netty.handler.WebSocketHandler - Channel Closed: [id: 0xf60f0c03, L:/127.0.0.1:51854 ! R:localhost/127.0.0.1:51847] with attribute NettyResponseFuture{currentRetry=5,
	isDone=1,
	isCancelled=0,
	asyncHandler=org.asynchttpclient.ws.WebSocketUpgradeHandler@471ae677,
	nettyRequest=org.asynchttpclient.netty.request.NettyRequest@21870f0,
	future=java.util.concurrent.CompletableFuture@5bcb5f01[Completed normally],
	uri=ws://localhost:51847/devtools/browser/795229a7-a1a4-4389-9f06-18ba47c2d6ce,
	keepAlive=true,
	redirectCount=0,
	timeoutsHolder=null,
	inAuth=0,
	touch=1667972689622}
12:44:53.393 [Driver Command Executor] DEBUG org.asynchttpclient.netty.request.NettyRequestSender - Using pooled Channel '[id: 0x7882884a, L:/127.0.0.1:51846 - R:localhost/127.0.0.1:58175]' for 'DELETE' to 'http://localhost:58175/session/acb10a636a238ef291e0b3753b91df32'
12:44:53.393 [AsyncHttpClient-1-13] DEBUG org.asynchttpclient.netty.channel.ChannelManager - Closing Channel [id: 0xf60f0c03, L:/127.0.0.1:51854 ! R:localhost/127.0.0.1:51847] 
12:44:53.393 [Driver Command Executor] DEBUG org.asynchttpclient.netty.request.NettyRequestSender - Using open Channel [id: 0x7882884a, L:/127.0.0.1:51846 - R:localhost/127.0.0.1:58175] for DELETE '/session/acb10a636a238ef291e0b3753b91df32'
12:44:53.416 [AsyncHttpClient-1-12] DEBUG org.asynchttpclient.netty.handler.HttpHandler - Unexpected I/O exception on channel [id: 0xe7888d3f, L:/127.0.0.1:51853 - R:localhost/127.0.0.1:51847]
java.io.IOException: An existing connection was forcibly closed by the remote host
	at java.base/sun.nio.ch.SocketDispatcher.read0(Native Method)
	at java.base/sun.nio.ch.SocketDispatcher.read(SocketDispatcher.java:43)
	at java.base/sun.nio.ch.IOUtil.readIntoNativeBuffer(IOUtil.java:276)
	at java.base/sun.nio.ch.IOUtil.read(IOUtil.java:233)
	at java.base/sun.nio.ch.IOUtil.read(IOUtil.java:223)
	at java.base/sun.nio.ch.SocketChannelImpl.read(SocketChannelImpl.java:358)
	at io.netty.buffer.PooledByteBuf.setBytes(PooledByteBuf.java:258)
	at io.netty.buffer.AbstractByteBuf.writeBytes(AbstractByteBuf.java:1132)
	at io.netty.channel.socket.nio.NioSocketChannel.doReadBytes(NioSocketChannel.java:350)
	at io.netty.channel.nio.AbstractNioByteChannel$NioByteUnsafe.read(AbstractNioByteChannel.java:151)
	at io.netty.channel.nio.NioEventLoop.processSelectedKey(NioEventLoop.java:722)
	at io.netty.channel.nio.NioEventLoop.processSelectedKeysOptimized(NioEventLoop.java:658)
	at io.netty.channel.nio.NioEventLoop.processSelectedKeys(NioEventLoop.java:584)
	at io.netty.channel.nio.NioEventLoop.run(NioEventLoop.java:496)
	at io.netty.util.concurrent.SingleThreadEventExecutor$4.run(SingleThreadEventExecutor.java:986)
	at io.netty.util.internal.ThreadExecutorMap$2.run(ThreadExecutorMap.java:74)
	at io.netty.util.concurrent.FastThreadLocalRunnable.run(FastThreadLocalRunnable.java:30)
	at java.base/java.lang.Thread.run(Thread.java:834)
12:44:53.417 [AsyncHttpClient-1-12] DEBUG org.asynchttpclient.netty.channel.ChannelManager - Closing Channel [id: 0xe7888d3f, L:/127.0.0.1:51853 - R:localhost/127.0.0.1:51847] 
12:44:53.417 [AsyncHttpClient-1-12] DEBUG org.asynchttpclient.netty.handler.HttpHandler - Channel Closed: [id: 0xe7888d3f, L:/127.0.0.1:51853 ! R:localhost/127.0.0.1:51847] with attribute DISCARD
12:44:53.432 [AsyncHttpClient-1-11] DEBUG org.asynchttpclient.netty.handler.HttpHandler - 

Request DefaultFullHttpRequest(decodeResult: success, version: HTTP/1.1, content: EmptyByteBufBE)
DELETE /session/acb10a636a238ef291e0b3753b91df32 HTTP/1.1
User-Agent: selenium/4.1.2 (java windows)
Content-Type: application/json; charset=utf-8
host: localhost:58175
accept: */*

Response DefaultHttpResponse(decodeResult: success, version: HTTP/1.1)
HTTP/1.1 200 OK
Content-Type: application/json; charset=utf-8
cache-control: no-cache
content-length: 14

12:44:53.432 [AsyncHttpClient-1-11] DEBUG org.asynchttpclient.netty.channel.ChannelManager - Adding key: http://localhost:58175 for channel [id: 0x7882884a, L:/127.0.0.1:51846 - R:localhost/127.0.0.1:58175]
12:44:53.481 [AsyncHttpClient-1-11] DEBUG org.asynchttpclient.netty.handler.HttpHandler - Channel Closed: [id: 0x7882884a, L:/127.0.0.1:51846 ! R:localhost/127.0.0.1:58175] with attribute DISCARD
]]></system-out>
    <system-err><![CDATA[Starting ChromeDriver 107.0.5304.62 (1eec40d3a5764881c92085aaee66d25075c159aa-refs/branch-heads/5304@{#942}) on port 58175
Only local connections are allowed.
Please see https://chromedriver.chromium.org/security-considerations for suggestions on keeping ChromeDriver safe.
ChromeDriver was started successfully.
Nov 09, 2022 12:44:49 PM org.openqa.selenium.remote.ProtocolHandshake createSession
INFO: Detected dialect: W3C
Nov 09, 2022 12:44:49 PM org.openqa.selenium.devtools.CdpVersionFinder findNearestMatch
WARNING: Unable to find an exact match for CDP version 107, so returning the closest version found: a no-op implementation
Nov 09, 2022 12:44:49 PM org.openqa.selenium.devtools.CdpVersionFinder findNearestMatch
INFO: Unable to find CDP implementation matching 107.
Nov 09, 2022 12:44:49 PM org.openqa.selenium.chromium.ChromiumDriver lambda$new$3
WARNING: Unable to find version of CDP to use for . You may need to include a dependency on a specific version of the CDP using something similar to `org.seleniumhq.selenium:selenium-devtools-v86:4.1.2` where the version ("v86") matches the version of the chromium-based browser you're using and the version number of the artifact is the same as Selenium's.
]]></system-err>
  </testcase>
  <testcase name="Login with email and password #4" classname="Login" time="7.648">
    <system-out><![CDATA[
@Login
Scenario Outline: Login with email and password &amp#27;[90m# src/test/resources/features/login.feature:19&amp#27;[0m
12:44:53.555 [main] INFO io.cucumber.core.plugin.SerenityReporter - Running feature from file:///C:/Users/ASUS/Web/src/test/resources/features/login.feature
12:44:53.562 [main] INFO net.serenitybdd.core.webdriver.driverproviders.ChromeDriverProvider - Using automatically driver download
12:44:53.654 [main] DEBUG io.github.bonigarcia.wdm.cache.ResolutionCache - Resolution chrome=107 in cache (valid until 13:44:11 09/11/2022 ICT)
12:44:53.657 [main] DEBUG io.github.bonigarcia.wdm.cache.ResolutionCache - Resolution chrome107=107.0.5304.62 in cache (valid until 12:48:49 09/11/2022 ICT)
12:44:53.658 [main] INFO io.github.bonigarcia.wdm.WebDriverManager - Using chromedriver 107.0.5304.62 (resolved driver for Chrome 107)
12:44:53.665 [main] DEBUG io.github.bonigarcia.wdm.WebDriverManager - Driver chromedriver 107.0.5304.62 found in cache
12:44:53.666 [main] INFO io.github.bonigarcia.wdm.WebDriverManager - Exporting webdriver.chrome.driver as C:\Users\ASUS\.cache\selenium\chromedriver\win32\107.0.5304.62\chromedriver.exe
12:44:53.755 [main] DEBUG net.serenitybdd.core.webdriver.driverproviders.ProvideNewDriver - Instantiating driver
12:44:53.755 [main] DEBUG net.serenitybdd.core.webdriver.driverproviders.ProvideNewDriver - Driver capabilities: Capabilities {acceptInsecureCerts: false, base.url: https://alta-shop.vercel.app/, browserName: chrome, chrome.driver: src/test/resources/webdrive..., driver: chrome, goog:chromeOptions: {args: [], extensions: []}}
12:44:53.839 [AsyncHttpClient-1-14] DEBUG org.asynchttpclient.netty.channel.NettyConnectListener - Using new Channel '[id: 0x17c41899, L:/127.0.0.1:51870 - R:localhost/127.0.0.1:52390]' for 'POST' to '/session'
12:44:54.050 [AsyncHttpClient-1-1] DEBUG org.asynchttpclient.netty.channel.DefaultChannelPool - Entry count for : http://localhost:58175 : 1
12:44:54.050 [AsyncHttpClient-1-1] DEBUG org.asynchttpclient.netty.channel.DefaultChannelPool - Entry count for : http://localhost:51847 : 1
12:44:54.050 [AsyncHttpClient-1-1] DEBUG org.asynchttpclient.netty.channel.DefaultChannelPool - Adding Candidate expired Channel [id: 0x7882884a, L:/127.0.0.1:51846 ! R:localhost/127.0.0.1:58175] isIdleTimeoutExpired=false isRemotelyClosed=true isTtlExpired=false
12:44:54.050 [AsyncHttpClient-1-1] DEBUG org.asynchttpclient.netty.channel.DefaultChannelPool - Closing Idle Channel [id: 0x7882884a, L:/127.0.0.1:51846 ! R:localhost/127.0.0.1:58175]
12:44:54.050 [AsyncHttpClient-1-1] DEBUG org.asynchttpclient.netty.channel.DefaultChannelPool - Adding Candidate expired Channel [id: 0xe7888d3f, L:/127.0.0.1:51853 ! R:localhost/127.0.0.1:51847] isIdleTimeoutExpired=false isRemotelyClosed=true isTtlExpired=false
12:44:54.050 [AsyncHttpClient-1-1] DEBUG org.asynchttpclient.netty.channel.DefaultChannelPool - Closing Idle Channel [id: 0xe7888d3f, L:/127.0.0.1:51853 ! R:localhost/127.0.0.1:51847]
12:44:54.050 [AsyncHttpClient-1-1] DEBUG org.asynchttpclient.netty.channel.DefaultChannelPool - Closed 2 connections out of 2 in 0 ms
12:44:56.697 [AsyncHttpClient-1-14] DEBUG org.asynchttpclient.netty.handler.HttpHandler - 

Request DefaultHttpRequest(decodeResult: success, version: HTTP/1.1)
POST /session HTTP/1.1
User-Agent: selenium/4.1.2 (java windows)
Content-Length: 615
Content-Type: application/json; charset=utf-8
host: localhost:52390
accept: */*

Response DefaultHttpResponse(decodeResult: success, version: HTTP/1.1)
HTTP/1.1 200 OK
Content-Type: application/json; charset=utf-8
cache-control: no-cache
content-length: 789

12:44:56.697 [AsyncHttpClient-1-14] DEBUG org.asynchttpclient.netty.channel.ChannelManager - Adding key: http://localhost:52390 for channel [id: 0x17c41899, L:/127.0.0.1:51870 - R:localhost/127.0.0.1:52390]
12:44:56.705 [AsyncHttpClient-1-15] DEBUG org.asynchttpclient.netty.channel.NettyConnectListener - Using new Channel '[id: 0xbec68fa1, L:/127.0.0.1:51877 - R:localhost/127.0.0.1:51871]' for 'GET' to '/json/version'
12:44:56.717 [AsyncHttpClient-1-15] DEBUG org.asynchttpclient.netty.handler.HttpHandler - 

Request DefaultFullHttpRequest(decodeResult: success, version: HTTP/1.1, content: EmptyByteBufBE)
GET /json/version HTTP/1.1
User-Agent: selenium/4.1.2 (java windows)
host: localhost:51871
accept: */*

Response DefaultHttpResponse(decodeResult: success, version: HTTP/1.1)
HTTP/1.1 200 OK
Content-Type: application/json; charset=UTF-8
content-length: 423

12:44:56.718 [AsyncHttpClient-1-15] DEBUG org.asynchttpclient.netty.channel.ChannelManager - Adding key: http://localhost:51871 for channel [id: 0xbec68fa1, L:/127.0.0.1:51877 - R:localhost/127.0.0.1:51871]
12:44:56.724 [AsyncHttpClient-1-16] DEBUG org.asynchttpclient.netty.channel.NettyConnectListener - Using new Channel '[id: 0xcbec9b73, L:/127.0.0.1:51878 - R:localhost/127.0.0.1:51871]' for 'GET' to '/devtools/browser/24c8a594-3ad0-473d-b20e-cc141fba8c87'
12:44:56.733 [AsyncHttpClient-1-16] DEBUG org.asynchttpclient.netty.handler.WebSocketHandler - 

Request DefaultFullHttpRequest(decodeResult: success, version: HTTP/1.1, content: EmptyByteBufBE)
GET /devtools/browser/24c8a594-3ad0-473d-b20e-cc141fba8c87 HTTP/1.1
upgrade: websocket
connection: upgrade
sec-websocket-key: 96NctIvZ+hhedeZY1ucQlA==
sec-websocket-version: 13
origin: http://localhost:51871
host: localhost:51871
accept: */*
user-agent: AHC/2.1

Response DefaultHttpResponse(decodeResult: success, version: HTTP/1.1)
HTTP/1.1 101 WebSocket Protocol Handshake
Upgrade: WebSocket
Connection: Upgrade
Sec-WebSocket-Accept: m2zJbTiQz37MQBkKc9Tw64fBf7A=

12:44:56.744 [Forwarding get on session 46765fc08af76da4ec218363c63da22e to remote] DEBUG org.asynchttpclient.netty.request.NettyRequestSender - Using pooled Channel '[id: 0x17c41899, L:/127.0.0.1:51870 - R:localhost/127.0.0.1:52390]' for 'POST' to 'http://localhost:52390/session/46765fc08af76da4ec218363c63da22e/url'
12:44:56.744 [Forwarding get on session 46765fc08af76da4ec218363c63da22e to remote] DEBUG org.asynchttpclient.netty.request.NettyRequestSender - Using open Channel [id: 0x17c41899, L:/127.0.0.1:51870 - R:localhost/127.0.0.1:52390] for POST '/session/46765fc08af76da4ec218363c63da22e/url'
12:44:57.346 [AsyncHttpClient-1-1] DEBUG org.asynchttpclient.netty.channel.DefaultChannelPool - Entry count for : http://localhost:51871 : 1
12:44:57.993 [AsyncHttpClient-1-14] DEBUG org.asynchttpclient.netty.handler.HttpHandler - 

Request DefaultHttpRequest(decodeResult: success, version: HTTP/1.1)
POST /session/46765fc08af76da4ec218363c63da22e/url HTTP/1.1
User-Agent: selenium/4.1.2 (java windows)
Content-Length: 59
Content-Type: application/json; charset=utf-8
host: localhost:52390
accept: */*

Response DefaultHttpResponse(decodeResult: success, version: HTTP/1.1)
HTTP/1.1 200 OK
Content-Type: application/json; charset=utf-8
cache-control: no-cache
content-length: 14

12:44:57.993 [AsyncHttpClient-1-14] DEBUG org.asynchttpclient.netty.channel.ChannelManager - Adding key: http://localhost:52390 for channel [id: 0x17c41899, L:/127.0.0.1:51870 - R:localhost/127.0.0.1:52390]
12:44:57.994 [Forwarding setTimeout on session 46765fc08af76da4ec218363c63da22e to remote] DEBUG org.asynchttpclient.netty.request.NettyRequestSender - Using pooled Channel '[id: 0x17c41899, L:/127.0.0.1:51870 - R:localhost/127.0.0.1:52390]' for 'POST' to 'http://localhost:52390/session/46765fc08af76da4ec218363c63da22e/timeouts'
12:44:57.994 [Forwarding setTimeout on session 46765fc08af76da4ec218363c63da22e to remote] DEBUG org.asynchttpclient.netty.request.NettyRequestSender - Using open Channel [id: 0x17c41899, L:/127.0.0.1:51870 - R:localhost/127.0.0.1:52390] for POST '/session/46765fc08af76da4ec218363c63da22e/timeouts'
12:44:57.996 [AsyncHttpClient-1-14] DEBUG org.asynchttpclient.netty.handler.HttpHandler - 

Request DefaultHttpRequest(decodeResult: success, version: HTTP/1.1)
POST /session/46765fc08af76da4ec218363c63da22e/timeouts HTTP/1.1
User-Agent: selenium/4.1.2 (java windows)
Content-Length: 22
Content-Type: application/json; charset=utf-8
host: localhost:52390
accept: */*

Response DefaultHttpResponse(decodeResult: success, version: HTTP/1.1)
HTTP/1.1 200 OK
Content-Type: application/json; charset=utf-8
cache-control: no-cache
content-length: 14

12:44:57.996 [AsyncHttpClient-1-14] DEBUG org.asynchttpclient.netty.channel.ChannelManager - Adding key: http://localhost:52390 for channel [id: 0x17c41899, L:/127.0.0.1:51870 - R:localhost/127.0.0.1:52390]
12:44:57.999 [Forwarding getCurrentUrl on session 46765fc08af76da4ec218363c63da22e to remote] DEBUG org.asynchttpclient.netty.request.NettyRequestSender - Using pooled Channel '[id: 0x17c41899, L:/127.0.0.1:51870 - R:localhost/127.0.0.1:52390]' for 'GET' to 'http://localhost:52390/session/46765fc08af76da4ec218363c63da22e/url'
12:44:57.999 [Forwarding getCurrentUrl on session 46765fc08af76da4ec218363c63da22e to remote] DEBUG org.asynchttpclient.netty.request.NettyRequestSender - Using open Channel [id: 0x17c41899, L:/127.0.0.1:51870 - R:localhost/127.0.0.1:52390] for GET '/session/46765fc08af76da4ec218363c63da22e/url'
12:44:58.008 [AsyncHttpClient-1-14] DEBUG org.asynchttpclient.netty.handler.HttpHandler - 

Request DefaultFullHttpRequest(decodeResult: success, version: HTTP/1.1, content: EmptyByteBufBE)
GET /session/46765fc08af76da4ec218363c63da22e/url HTTP/1.1
User-Agent: selenium/4.1.2 (java windows)
Cache-Control: no-cache
Content-Type: application/json; charset=utf-8
host: localhost:52390
accept: */*

Response DefaultHttpResponse(decodeResult: success, version: HTTP/1.1)
HTTP/1.1 200 OK
Content-Type: application/json; charset=utf-8
cache-control: no-cache
content-length: 41

12:44:58.009 [AsyncHttpClient-1-14] DEBUG org.asynchttpclient.netty.channel.ChannelManager - Adding key: http://localhost:52390 for channel [id: 0x17c41899, L:/127.0.0.1:51870 - R:localhost/127.0.0.1:52390]
  &amp#27;[32mGiven &amp#27;[0m&amp#27;[32mI am on home page&amp#27;[0m                       &amp#27;[90m# starter.stepdefinition.LoginStep.iAmOnHomePage()&amp#27;[0m
12:44:58.015 [Forwarding screenshot on session 46765fc08af76da4ec218363c63da22e to remote] DEBUG org.asynchttpclient.netty.request.NettyRequestSender - Using pooled Channel '[id: 0x17c41899, L:/127.0.0.1:51870 - R:localhost/127.0.0.1:52390]' for 'GET' to 'http://localhost:52390/session/46765fc08af76da4ec218363c63da22e/screenshot'
12:44:58.015 [Forwarding screenshot on session 46765fc08af76da4ec218363c63da22e to remote] DEBUG org.asynchttpclient.netty.request.NettyRequestSender - Using open Channel [id: 0x17c41899, L:/127.0.0.1:51870 - R:localhost/127.0.0.1:52390] for GET '/session/46765fc08af76da4ec218363c63da22e/screenshot'
12:44:58.278 [AsyncHttpClient-1-14] DEBUG org.asynchttpclient.netty.handler.HttpHandler - 

Request DefaultFullHttpRequest(decodeResult: success, version: HTTP/1.1, content: EmptyByteBufBE)
GET /session/46765fc08af76da4ec218363c63da22e/screenshot HTTP/1.1
User-Agent: selenium/4.1.2 (java windows)
Cache-Control: no-cache
Content-Type: application/json; charset=utf-8
host: localhost:52390
accept: */*

Response DefaultHttpResponse(decodeResult: success, version: HTTP/1.1)
HTTP/1.1 200 OK
Content-Type: application/json; charset=utf-8
cache-control: no-cache
content-length: 31792

12:44:58.279 [AsyncHttpClient-1-14] DEBUG org.asynchttpclient.netty.channel.ChannelManager - Adding key: http://localhost:52390 for channel [id: 0x17c41899, L:/127.0.0.1:51870 - R:localhost/127.0.0.1:52390]
12:44:58.282 [main] DEBUG net.serenitybdd.core.photography.Darkroom - Send negative for processing for target\site\serenity\a163e6b281897ae8ea9178125286761fff92382208b7b69b3a9991efa3735c1f.png
12:44:58.282 [Darkroom Processing Line] DEBUG net.serenitybdd.core.photography.DarkroomProcessingLine - Processing screenshot image in /var/screenshots/screenshot-14828254202495686569
12:44:58.282 [Darkroom Processing Line] DEBUG net.serenitybdd.core.photography.DarkroomProcessingLine - Saving screenshot to target\site\serenity\a163e6b281897ae8ea9178125286761fff92382208b7b69b3a9991efa3735c1f.png
12:44:58.292 [Forwarding findElement on session 46765fc08af76da4ec218363c63da22e to remote] DEBUG org.asynchttpclient.netty.request.NettyRequestSender - Using pooled Channel '[id: 0x17c41899, L:/127.0.0.1:51870 - R:localhost/127.0.0.1:52390]' for 'POST' to 'http://localhost:52390/session/46765fc08af76da4ec218363c63da22e/element'
12:44:58.292 [Forwarding findElement on session 46765fc08af76da4ec218363c63da22e to remote] DEBUG org.asynchttpclient.netty.request.NettyRequestSender - Using open Channel [id: 0x17c41899, L:/127.0.0.1:51870 - R:localhost/127.0.0.1:52390] for POST '/session/46765fc08af76da4ec218363c63da22e/element'
12:44:58.317 [AsyncHttpClient-1-14] DEBUG org.asynchttpclient.netty.handler.HttpHandler - 

Request DefaultHttpRequest(decodeResult: success, version: HTTP/1.1)
POST /session/46765fc08af76da4ec218363c63da22e/element HTTP/1.1
User-Agent: selenium/4.1.2 (java windows)
Content-Length: 97
Content-Type: application/json; charset=utf-8
host: localhost:52390
accept: */*

Response DefaultHttpResponse(decodeResult: success, version: HTTP/1.1)
HTTP/1.1 200 OK
Content-Type: application/json; charset=utf-8
cache-control: no-cache
content-length: 88

12:44:58.317 [AsyncHttpClient-1-14] DEBUG org.asynchttpclient.netty.channel.ChannelManager - Adding key: http://localhost:52390 for channel [id: 0x17c41899, L:/127.0.0.1:51870 - R:localhost/127.0.0.1:52390]
12:44:58.318 [Forwarding getElementTagName on session 46765fc08af76da4ec218363c63da22e to remote] DEBUG org.asynchttpclient.netty.request.NettyRequestSender - Using pooled Channel '[id: 0x17c41899, L:/127.0.0.1:51870 - R:localhost/127.0.0.1:52390]' for 'GET' to 'http://localhost:52390/session/46765fc08af76da4ec218363c63da22e/element/67aae05d-ea3a-45fd-a11b-91c34cf4ae86/name'
12:44:58.318 [Forwarding getElementTagName on session 46765fc08af76da4ec218363c63da22e to remote] DEBUG org.asynchttpclient.netty.request.NettyRequestSender - Using open Channel [id: 0x17c41899, L:/127.0.0.1:51870 - R:localhost/127.0.0.1:52390] for GET '/session/46765fc08af76da4ec218363c63da22e/element/67aae05d-ea3a-45fd-a11b-91c34cf4ae86/name'
12:44:58.323 [AsyncHttpClient-1-14] DEBUG org.asynchttpclient.netty.handler.HttpHandler - 

Request DefaultFullHttpRequest(decodeResult: success, version: HTTP/1.1, content: EmptyByteBufBE)
GET /session/46765fc08af76da4ec218363c63da22e/element/67aae05d-ea3a-45fd-a11b-91c34cf4ae86/name HTTP/1.1
User-Agent: selenium/4.1.2 (java windows)
Cache-Control: no-cache
Content-Type: application/json; charset=utf-8
host: localhost:52390
accept: */*

Response DefaultHttpResponse(decodeResult: success, version: HTTP/1.1)
HTTP/1.1 200 OK
Content-Type: application/json; charset=utf-8
cache-control: no-cache
content-length: 13

12:44:58.323 [AsyncHttpClient-1-14] DEBUG org.asynchttpclient.netty.channel.ChannelManager - Adding key: http://localhost:52390 for channel [id: 0x17c41899, L:/127.0.0.1:51870 - R:localhost/127.0.0.1:52390]
12:44:58.324 [Forwarding getElementTagName on session 46765fc08af76da4ec218363c63da22e to remote] DEBUG org.asynchttpclient.netty.request.NettyRequestSender - Using pooled Channel '[id: 0x17c41899, L:/127.0.0.1:51870 - R:localhost/127.0.0.1:52390]' for 'GET' to 'http://localhost:52390/session/46765fc08af76da4ec218363c63da22e/element/67aae05d-ea3a-45fd-a11b-91c34cf4ae86/name'
12:44:58.324 [Forwarding getElementTagName on session 46765fc08af76da4ec218363c63da22e to remote] DEBUG org.asynchttpclient.netty.request.NettyRequestSender - Using open Channel [id: 0x17c41899, L:/127.0.0.1:51870 - R:localhost/127.0.0.1:52390] for GET '/session/46765fc08af76da4ec218363c63da22e/element/67aae05d-ea3a-45fd-a11b-91c34cf4ae86/name'
12:44:58.328 [AsyncHttpClient-1-14] DEBUG org.asynchttpclient.netty.handler.HttpHandler - 

Request DefaultFullHttpRequest(decodeResult: success, version: HTTP/1.1, content: EmptyByteBufBE)
GET /session/46765fc08af76da4ec218363c63da22e/element/67aae05d-ea3a-45fd-a11b-91c34cf4ae86/name HTTP/1.1
User-Agent: selenium/4.1.2 (java windows)
Cache-Control: no-cache
Content-Type: application/json; charset=utf-8
host: localhost:52390
accept: */*

Response DefaultHttpResponse(decodeResult: success, version: HTTP/1.1)
HTTP/1.1 200 OK
Content-Type: application/json; charset=utf-8
cache-control: no-cache
content-length: 13

12:44:58.328 [AsyncHttpClient-1-14] DEBUG org.asynchttpclient.netty.channel.ChannelManager - Adding key: http://localhost:52390 for channel [id: 0x17c41899, L:/127.0.0.1:51870 - R:localhost/127.0.0.1:52390]
12:44:58.331 [Forwarding findElement on session 46765fc08af76da4ec218363c63da22e to remote] DEBUG org.asynchttpclient.netty.request.NettyRequestSender - Using pooled Channel '[id: 0x17c41899, L:/127.0.0.1:51870 - R:localhost/127.0.0.1:52390]' for 'POST' to 'http://localhost:52390/session/46765fc08af76da4ec218363c63da22e/element'
12:44:58.331 [Forwarding findElement on session 46765fc08af76da4ec218363c63da22e to remote] DEBUG org.asynchttpclient.netty.request.NettyRequestSender - Using open Channel [id: 0x17c41899, L:/127.0.0.1:51870 - R:localhost/127.0.0.1:52390] for POST '/session/46765fc08af76da4ec218363c63da22e/element'
12:44:58.341 [AsyncHttpClient-1-14] DEBUG org.asynchttpclient.netty.handler.HttpHandler - 

Request DefaultHttpRequest(decodeResult: success, version: HTTP/1.1)
POST /session/46765fc08af76da4ec218363c63da22e/element HTTP/1.1
User-Agent: selenium/4.1.2 (java windows)
Content-Length: 97
Content-Type: application/json; charset=utf-8
host: localhost:52390
accept: */*

Response DefaultHttpResponse(decodeResult: success, version: HTTP/1.1)
HTTP/1.1 200 OK
Content-Type: application/json; charset=utf-8
cache-control: no-cache
content-length: 88

12:44:58.341 [AsyncHttpClient-1-14] DEBUG org.asynchttpclient.netty.channel.ChannelManager - Adding key: http://localhost:52390 for channel [id: 0x17c41899, L:/127.0.0.1:51870 - R:localhost/127.0.0.1:52390]
12:44:58.342 [Forwarding clickElement on session 46765fc08af76da4ec218363c63da22e to remote] DEBUG org.asynchttpclient.netty.request.NettyRequestSender - Using pooled Channel '[id: 0x17c41899, L:/127.0.0.1:51870 - R:localhost/127.0.0.1:52390]' for 'POST' to 'http://localhost:52390/session/46765fc08af76da4ec218363c63da22e/element/67aae05d-ea3a-45fd-a11b-91c34cf4ae86/click'
12:44:58.342 [Forwarding clickElement on session 46765fc08af76da4ec218363c63da22e to remote] DEBUG org.asynchttpclient.netty.request.NettyRequestSender - Using open Channel [id: 0x17c41899, L:/127.0.0.1:51870 - R:localhost/127.0.0.1:52390] for POST '/session/46765fc08af76da4ec218363c63da22e/element/67aae05d-ea3a-45fd-a11b-91c34cf4ae86/click'
12:44:58.387 [AsyncHttpClient-1-14] DEBUG org.asynchttpclient.netty.handler.HttpHandler - 

Request DefaultHttpRequest(decodeResult: success, version: HTTP/1.1)
POST /session/46765fc08af76da4ec218363c63da22e/element/67aae05d-ea3a-45fd-a11b-91c34cf4ae86/click HTTP/1.1
User-Agent: selenium/4.1.2 (java windows)
Content-Length: 50
Content-Type: application/json; charset=utf-8
host: localhost:52390
accept: */*

Response DefaultHttpResponse(decodeResult: success, version: HTTP/1.1)
HTTP/1.1 200 OK
Content-Type: application/json; charset=utf-8
cache-control: no-cache
content-length: 14

12:44:58.387 [AsyncHttpClient-1-14] DEBUG org.asynchttpclient.netty.channel.ChannelManager - Adding key: http://localhost:52390 for channel [id: 0x17c41899, L:/127.0.0.1:51870 - R:localhost/127.0.0.1:52390]
  &amp#27;[32mAnd &amp#27;[0m&amp#27;[32mI click icon the login icon&amp#27;[0m               &amp#27;[90m# starter.stepdefinition.LoginStep.iClickIconTheLoginIcon()&amp#27;[0m
12:44:58.396 [Forwarding screenshot on session 46765fc08af76da4ec218363c63da22e to remote] DEBUG org.asynchttpclient.netty.request.NettyRequestSender - Using pooled Channel '[id: 0x17c41899, L:/127.0.0.1:51870 - R:localhost/127.0.0.1:52390]' for 'GET' to 'http://localhost:52390/session/46765fc08af76da4ec218363c63da22e/screenshot'
12:44:58.396 [Forwarding screenshot on session 46765fc08af76da4ec218363c63da22e to remote] DEBUG org.asynchttpclient.netty.request.NettyRequestSender - Using open Channel [id: 0x17c41899, L:/127.0.0.1:51870 - R:localhost/127.0.0.1:52390] for GET '/session/46765fc08af76da4ec218363c63da22e/screenshot'
12:44:58.448 [AsyncHttpClient-1-1] DEBUG org.asynchttpclient.netty.channel.DefaultChannelPool - Entry count for : http://localhost:51871 : 1
12:44:59.139 [AsyncHttpClient-1-14] DEBUG org.asynchttpclient.netty.handler.HttpHandler - 

Request DefaultFullHttpRequest(decodeResult: success, version: HTTP/1.1, content: EmptyByteBufBE)
GET /session/46765fc08af76da4ec218363c63da22e/screenshot HTTP/1.1
User-Agent: selenium/4.1.2 (java windows)
Cache-Control: no-cache
Content-Type: application/json; charset=utf-8
host: localhost:52390
accept: */*

Response DefaultHttpResponse(decodeResult: success, version: HTTP/1.1)
HTTP/1.1 200 OK
Content-Type: application/json; charset=utf-8
cache-control: no-cache
content-length: 33552

12:44:59.140 [AsyncHttpClient-1-14] DEBUG org.asynchttpclient.netty.channel.ChannelManager - Adding key: http://localhost:52390 for channel [id: 0x17c41899, L:/127.0.0.1:51870 - R:localhost/127.0.0.1:52390]
12:44:59.141 [main] DEBUG net.serenitybdd.core.photography.Darkroom - Send negative for processing for target\site\serenity\4a99c63ebd9cb1301f5a8cbe5c734dc5e3943fb60e2ba05a34b16442c6ffa839.png
12:44:59.141 [Darkroom Processing Line] DEBUG net.serenitybdd.core.photography.DarkroomProcessingLine - Processing screenshot image in /var/screenshots/screenshot-6304670581932117193
12:44:59.141 [Darkroom Processing Line] DEBUG net.serenitybdd.core.photography.DarkroomProcessingLine - Saving screenshot to target\site\serenity\4a99c63ebd9cb1301f5a8cbe5c734dc5e3943fb60e2ba05a34b16442c6ffa839.png
12:44:59.146 [Forwarding findElement on session 46765fc08af76da4ec218363c63da22e to remote] DEBUG org.asynchttpclient.netty.request.NettyRequestSender - Using pooled Channel '[id: 0x17c41899, L:/127.0.0.1:51870 - R:localhost/127.0.0.1:52390]' for 'POST' to 'http://localhost:52390/session/46765fc08af76da4ec218363c63da22e/element'
12:44:59.146 [Forwarding findElement on session 46765fc08af76da4ec218363c63da22e to remote] DEBUG org.asynchttpclient.netty.request.NettyRequestSender - Using open Channel [id: 0x17c41899, L:/127.0.0.1:51870 - R:localhost/127.0.0.1:52390] for POST '/session/46765fc08af76da4ec218363c63da22e/element'
12:44:59.156 [AsyncHttpClient-1-14] DEBUG org.asynchttpclient.netty.handler.HttpHandler - 

Request DefaultHttpRequest(decodeResult: success, version: HTTP/1.1)
POST /session/46765fc08af76da4ec218363c63da22e/element HTTP/1.1
User-Agent: selenium/4.1.2 (java windows)
Content-Length: 88
Content-Type: application/json; charset=utf-8
host: localhost:52390
accept: */*

Response DefaultHttpResponse(decodeResult: success, version: HTTP/1.1)
HTTP/1.1 200 OK
Content-Type: application/json; charset=utf-8
cache-control: no-cache
content-length: 88

12:44:59.156 [AsyncHttpClient-1-14] DEBUG org.asynchttpclient.netty.channel.ChannelManager - Adding key: http://localhost:52390 for channel [id: 0x17c41899, L:/127.0.0.1:51870 - R:localhost/127.0.0.1:52390]
12:44:59.157 [Forwarding clearElement on session 46765fc08af76da4ec218363c63da22e to remote] DEBUG org.asynchttpclient.netty.request.NettyRequestSender - Using pooled Channel '[id: 0x17c41899, L:/127.0.0.1:51870 - R:localhost/127.0.0.1:52390]' for 'POST' to 'http://localhost:52390/session/46765fc08af76da4ec218363c63da22e/element/072630df-5703-496f-b283-c103fd242e4a/clear'
12:44:59.157 [Forwarding clearElement on session 46765fc08af76da4ec218363c63da22e to remote] DEBUG org.asynchttpclient.netty.request.NettyRequestSender - Using open Channel [id: 0x17c41899, L:/127.0.0.1:51870 - R:localhost/127.0.0.1:52390] for POST '/session/46765fc08af76da4ec218363c63da22e/element/072630df-5703-496f-b283-c103fd242e4a/clear'
12:44:59.184 [AsyncHttpClient-1-14] DEBUG org.asynchttpclient.netty.handler.HttpHandler - 

Request DefaultHttpRequest(decodeResult: success, version: HTTP/1.1)
POST /session/46765fc08af76da4ec218363c63da22e/element/072630df-5703-496f-b283-c103fd242e4a/clear HTTP/1.1
User-Agent: selenium/4.1.2 (java windows)
Content-Length: 50
Content-Type: application/json; charset=utf-8
host: localhost:52390
accept: */*

Response DefaultHttpResponse(decodeResult: success, version: HTTP/1.1)
HTTP/1.1 200 OK
Content-Type: application/json; charset=utf-8
cache-control: no-cache
content-length: 14

12:44:59.184 [AsyncHttpClient-1-14] DEBUG org.asynchttpclient.netty.channel.ChannelManager - Adding key: http://localhost:52390 for channel [id: 0x17c41899, L:/127.0.0.1:51870 - R:localhost/127.0.0.1:52390]
12:44:59.185 [Forwarding sendKeysToElement on session 46765fc08af76da4ec218363c63da22e to remote] DEBUG org.asynchttpclient.netty.request.NettyRequestSender - Using pooled Channel '[id: 0x17c41899, L:/127.0.0.1:51870 - R:localhost/127.0.0.1:52390]' for 'POST' to 'http://localhost:52390/session/46765fc08af76da4ec218363c63da22e/element/072630df-5703-496f-b283-c103fd242e4a/value'
12:44:59.185 [Forwarding sendKeysToElement on session 46765fc08af76da4ec218363c63da22e to remote] DEBUG org.asynchttpclient.netty.request.NettyRequestSender - Using open Channel [id: 0x17c41899, L:/127.0.0.1:51870 - R:localhost/127.0.0.1:52390] for POST '/session/46765fc08af76da4ec218363c63da22e/element/072630df-5703-496f-b283-c103fd242e4a/value'
12:44:59.241 [AsyncHttpClient-1-14] DEBUG org.asynchttpclient.netty.handler.HttpHandler - 

Request DefaultHttpRequest(decodeResult: success, version: HTTP/1.1)
POST /session/46765fc08af76da4ec218363c63da22e/element/072630df-5703-496f-b283-c103fd242e4a/value HTTP/1.1
User-Agent: selenium/4.1.2 (java windows)
Content-Length: 121
Content-Type: application/json; charset=utf-8
host: localhost:52390
accept: */*

Response DefaultHttpResponse(decodeResult: success, version: HTTP/1.1)
HTTP/1.1 200 OK
Content-Type: application/json; charset=utf-8
cache-control: no-cache
content-length: 14

12:44:59.242 [AsyncHttpClient-1-14] DEBUG org.asynchttpclient.netty.channel.ChannelManager - Adding key: http://localhost:52390 for channel [id: 0x17c41899, L:/127.0.0.1:51870 - R:localhost/127.0.0.1:52390]
  &amp#27;[32mWhen &amp#27;[0m&amp#27;[32mI input &amp#27;[0m&amp#27;[32m&amp#27;[1m"rona"&amp#27;[0m&amp#27;[32m email&amp#27;[0m                     &amp#27;[90m# starter.stepdefinition.LoginStep.iInputEmail(java.lang.String)&amp#27;[0m
12:44:59.246 [Forwarding screenshot on session 46765fc08af76da4ec218363c63da22e to remote] DEBUG org.asynchttpclient.netty.request.NettyRequestSender - Using pooled Channel '[id: 0x17c41899, L:/127.0.0.1:51870 - R:localhost/127.0.0.1:52390]' for 'GET' to 'http://localhost:52390/session/46765fc08af76da4ec218363c63da22e/screenshot'
12:44:59.246 [Forwarding screenshot on session 46765fc08af76da4ec218363c63da22e to remote] DEBUG org.asynchttpclient.netty.request.NettyRequestSender - Using open Channel [id: 0x17c41899, L:/127.0.0.1:51870 - R:localhost/127.0.0.1:52390] for GET '/session/46765fc08af76da4ec218363c63da22e/screenshot'
12:44:59.375 [AsyncHttpClient-1-14] DEBUG org.asynchttpclient.netty.handler.HttpHandler - 

Request DefaultFullHttpRequest(decodeResult: success, version: HTTP/1.1, content: EmptyByteBufBE)
GET /session/46765fc08af76da4ec218363c63da22e/screenshot HTTP/1.1
User-Agent: selenium/4.1.2 (java windows)
Cache-Control: no-cache
Content-Type: application/json; charset=utf-8
host: localhost:52390
accept: */*

Response DefaultHttpResponse(decodeResult: success, version: HTTP/1.1)
HTTP/1.1 200 OK
Content-Type: application/json; charset=utf-8
cache-control: no-cache
content-length: 35040

12:44:59.375 [AsyncHttpClient-1-14] DEBUG org.asynchttpclient.netty.channel.ChannelManager - Adding key: http://localhost:52390 for channel [id: 0x17c41899, L:/127.0.0.1:51870 - R:localhost/127.0.0.1:52390]
12:44:59.377 [main] DEBUG net.serenitybdd.core.photography.Darkroom - Send negative for processing for target\site\serenity\c7cdf4de9dda0cc16feb4ac5e299b5a9f10d46cae4e9cbb6bcb263f7b286d01c.png
12:44:59.377 [Darkroom Processing Line] DEBUG net.serenitybdd.core.photography.DarkroomProcessingLine - Processing screenshot image in /var/screenshots/screenshot-2296666568111647606
12:44:59.377 [Darkroom Processing Line] DEBUG net.serenitybdd.core.photography.DarkroomProcessingLine - Saving screenshot to target\site\serenity\c7cdf4de9dda0cc16feb4ac5e299b5a9f10d46cae4e9cbb6bcb263f7b286d01c.png
12:44:59.384 [Forwarding findElement on session 46765fc08af76da4ec218363c63da22e to remote] DEBUG org.asynchttpclient.netty.request.NettyRequestSender - Using pooled Channel '[id: 0x17c41899, L:/127.0.0.1:51870 - R:localhost/127.0.0.1:52390]' for 'POST' to 'http://localhost:52390/session/46765fc08af76da4ec218363c63da22e/element'
12:44:59.384 [Forwarding findElement on session 46765fc08af76da4ec218363c63da22e to remote] DEBUG org.asynchttpclient.netty.request.NettyRequestSender - Using open Channel [id: 0x17c41899, L:/127.0.0.1:51870 - R:localhost/127.0.0.1:52390] for POST '/session/46765fc08af76da4ec218363c63da22e/element'
12:44:59.397 [AsyncHttpClient-1-14] DEBUG org.asynchttpclient.netty.handler.HttpHandler - 

Request DefaultHttpRequest(decodeResult: success, version: HTTP/1.1)
POST /session/46765fc08af76da4ec218363c63da22e/element HTTP/1.1
User-Agent: selenium/4.1.2 (java windows)
Content-Length: 91
Content-Type: application/json; charset=utf-8
host: localhost:52390
accept: */*

Response DefaultHttpResponse(decodeResult: success, version: HTTP/1.1)
HTTP/1.1 200 OK
Content-Type: application/json; charset=utf-8
cache-control: no-cache
content-length: 88

12:44:59.398 [AsyncHttpClient-1-14] DEBUG org.asynchttpclient.netty.channel.ChannelManager - Adding key: http://localhost:52390 for channel [id: 0x17c41899, L:/127.0.0.1:51870 - R:localhost/127.0.0.1:52390]
12:44:59.401 [Forwarding clearElement on session 46765fc08af76da4ec218363c63da22e to remote] DEBUG org.asynchttpclient.netty.request.NettyRequestSender - Using pooled Channel '[id: 0x17c41899, L:/127.0.0.1:51870 - R:localhost/127.0.0.1:52390]' for 'POST' to 'http://localhost:52390/session/46765fc08af76da4ec218363c63da22e/element/f9369520-cfb6-42bd-9594-23038abac186/clear'
12:44:59.402 [Forwarding clearElement on session 46765fc08af76da4ec218363c63da22e to remote] DEBUG org.asynchttpclient.netty.request.NettyRequestSender - Using open Channel [id: 0x17c41899, L:/127.0.0.1:51870 - R:localhost/127.0.0.1:52390] for POST '/session/46765fc08af76da4ec218363c63da22e/element/f9369520-cfb6-42bd-9594-23038abac186/clear'
12:44:59.446 [AsyncHttpClient-1-14] DEBUG org.asynchttpclient.netty.handler.HttpHandler - 

Request DefaultHttpRequest(decodeResult: success, version: HTTP/1.1)
POST /session/46765fc08af76da4ec218363c63da22e/element/f9369520-cfb6-42bd-9594-23038abac186/clear HTTP/1.1
User-Agent: selenium/4.1.2 (java windows)
Content-Length: 50
Content-Type: application/json; charset=utf-8
host: localhost:52390
accept: */*

Response DefaultHttpResponse(decodeResult: success, version: HTTP/1.1)
HTTP/1.1 200 OK
Content-Type: application/json; charset=utf-8
cache-control: no-cache
content-length: 14

12:44:59.446 [AsyncHttpClient-1-14] DEBUG org.asynchttpclient.netty.channel.ChannelManager - Adding key: http://localhost:52390 for channel [id: 0x17c41899, L:/127.0.0.1:51870 - R:localhost/127.0.0.1:52390]
12:44:59.448 [Forwarding sendKeysToElement on session 46765fc08af76da4ec218363c63da22e to remote] DEBUG org.asynchttpclient.netty.request.NettyRequestSender - Using pooled Channel '[id: 0x17c41899, L:/127.0.0.1:51870 - R:localhost/127.0.0.1:52390]' for 'POST' to 'http://localhost:52390/session/46765fc08af76da4ec218363c63da22e/element/f9369520-cfb6-42bd-9594-23038abac186/value'
12:44:59.448 [Forwarding sendKeysToElement on session 46765fc08af76da4ec218363c63da22e to remote] DEBUG org.asynchttpclient.netty.request.NettyRequestSender - Using open Channel [id: 0x17c41899, L:/127.0.0.1:51870 - R:localhost/127.0.0.1:52390] for POST '/session/46765fc08af76da4ec218363c63da22e/element/f9369520-cfb6-42bd-9594-23038abac186/value'
12:44:59.481 [AsyncHttpClient-1-14] DEBUG org.asynchttpclient.netty.handler.HttpHandler - 

Request DefaultHttpRequest(decodeResult: success, version: HTTP/1.1)
POST /session/46765fc08af76da4ec218363c63da22e/element/f9369520-cfb6-42bd-9594-23038abac186/value HTTP/1.1
User-Agent: selenium/4.1.2 (java windows)
Content-Length: 82
Content-Type: application/json; charset=utf-8
host: localhost:52390
accept: */*

Response DefaultHttpResponse(decodeResult: success, version: HTTP/1.1)
HTTP/1.1 200 OK
Content-Type: application/json; charset=utf-8
cache-control: no-cache
content-length: 14

12:44:59.481 [AsyncHttpClient-1-14] DEBUG org.asynchttpclient.netty.channel.ChannelManager - Adding key: http://localhost:52390 for channel [id: 0x17c41899, L:/127.0.0.1:51870 - R:localhost/127.0.0.1:52390]
  &amp#27;[32mAnd &amp#27;[0m&amp#27;[32mI input &amp#27;[0m&amp#27;[32m&amp#27;[1m""&amp#27;[0m&amp#27;[32m password&amp#27;[0m                       &amp#27;[90m# starter.stepdefinition.LoginStep.iInputPassword(java.lang.String)&amp#27;[0m
12:44:59.488 [Forwarding screenshot on session 46765fc08af76da4ec218363c63da22e to remote] DEBUG org.asynchttpclient.netty.request.NettyRequestSender - Using pooled Channel '[id: 0x17c41899, L:/127.0.0.1:51870 - R:localhost/127.0.0.1:52390]' for 'GET' to 'http://localhost:52390/session/46765fc08af76da4ec218363c63da22e/screenshot'
12:44:59.488 [Forwarding screenshot on session 46765fc08af76da4ec218363c63da22e to remote] DEBUG org.asynchttpclient.netty.request.NettyRequestSender - Using open Channel [id: 0x17c41899, L:/127.0.0.1:51870 - R:localhost/127.0.0.1:52390] for GET '/session/46765fc08af76da4ec218363c63da22e/screenshot'
12:44:59.545 [AsyncHttpClient-1-1] DEBUG org.asynchttpclient.netty.channel.DefaultChannelPool - Entry count for : http://localhost:51871 : 1
12:44:59.604 [AsyncHttpClient-1-14] DEBUG org.asynchttpclient.netty.handler.HttpHandler - 

Request DefaultFullHttpRequest(decodeResult: success, version: HTTP/1.1, content: EmptyByteBufBE)
GET /session/46765fc08af76da4ec218363c63da22e/screenshot HTTP/1.1
User-Agent: selenium/4.1.2 (java windows)
Cache-Control: no-cache
Content-Type: application/json; charset=utf-8
host: localhost:52390
accept: */*

Response DefaultHttpResponse(decodeResult: success, version: HTTP/1.1)
HTTP/1.1 200 OK
Content-Type: application/json; charset=utf-8
cache-control: no-cache
content-length: 34832

12:44:59.604 [AsyncHttpClient-1-14] DEBUG org.asynchttpclient.netty.channel.ChannelManager - Adding key: http://localhost:52390 for channel [id: 0x17c41899, L:/127.0.0.1:51870 - R:localhost/127.0.0.1:52390]
12:44:59.605 [main] DEBUG net.serenitybdd.core.photography.Darkroom - Send negative for processing for target\site\serenity\d36440bf42593a65176425a1e7f18c1d9c3db753176830fe8e37a879aebee983.png
12:44:59.606 [Darkroom Processing Line] DEBUG net.serenitybdd.core.photography.DarkroomProcessingLine - Processing screenshot image in /var/screenshots/screenshot-14436389421282637331
12:44:59.606 [Darkroom Processing Line] DEBUG net.serenitybdd.core.photography.DarkroomProcessingLine - Saving screenshot to target\site\serenity\d36440bf42593a65176425a1e7f18c1d9c3db753176830fe8e37a879aebee983.png
12:44:59.611 [Forwarding findElement on session 46765fc08af76da4ec218363c63da22e to remote] DEBUG org.asynchttpclient.netty.request.NettyRequestSender - Using pooled Channel '[id: 0x17c41899, L:/127.0.0.1:51870 - R:localhost/127.0.0.1:52390]' for 'POST' to 'http://localhost:52390/session/46765fc08af76da4ec218363c63da22e/element'
12:44:59.611 [Forwarding findElement on session 46765fc08af76da4ec218363c63da22e to remote] DEBUG org.asynchttpclient.netty.request.NettyRequestSender - Using open Channel [id: 0x17c41899, L:/127.0.0.1:51870 - R:localhost/127.0.0.1:52390] for POST '/session/46765fc08af76da4ec218363c63da22e/element'
12:44:59.620 [AsyncHttpClient-1-14] DEBUG org.asynchttpclient.netty.handler.HttpHandler - 

Request DefaultHttpRequest(decodeResult: success, version: HTTP/1.1)
POST /session/46765fc08af76da4ec218363c63da22e/element HTTP/1.1
User-Agent: selenium/4.1.2 (java windows)
Content-Length: 141
Content-Type: application/json; charset=utf-8
host: localhost:52390
accept: */*

Response DefaultHttpResponse(decodeResult: success, version: HTTP/1.1)
HTTP/1.1 200 OK
Content-Type: application/json; charset=utf-8
cache-control: no-cache
content-length: 88

12:44:59.620 [AsyncHttpClient-1-14] DEBUG org.asynchttpclient.netty.channel.ChannelManager - Adding key: http://localhost:52390 for channel [id: 0x17c41899, L:/127.0.0.1:51870 - R:localhost/127.0.0.1:52390]
12:44:59.621 [Forwarding getElementTagName on session 46765fc08af76da4ec218363c63da22e to remote] DEBUG org.asynchttpclient.netty.request.NettyRequestSender - Using pooled Channel '[id: 0x17c41899, L:/127.0.0.1:51870 - R:localhost/127.0.0.1:52390]' for 'GET' to 'http://localhost:52390/session/46765fc08af76da4ec218363c63da22e/element/357ce2f2-62e0-49ae-a5b8-65174b03a705/name'
12:44:59.621 [Forwarding getElementTagName on session 46765fc08af76da4ec218363c63da22e to remote] DEBUG org.asynchttpclient.netty.request.NettyRequestSender - Using open Channel [id: 0x17c41899, L:/127.0.0.1:51870 - R:localhost/127.0.0.1:52390] for GET '/session/46765fc08af76da4ec218363c63da22e/element/357ce2f2-62e0-49ae-a5b8-65174b03a705/name'
12:44:59.626 [AsyncHttpClient-1-14] DEBUG org.asynchttpclient.netty.handler.HttpHandler - 

Request DefaultFullHttpRequest(decodeResult: success, version: HTTP/1.1, content: EmptyByteBufBE)
GET /session/46765fc08af76da4ec218363c63da22e/element/357ce2f2-62e0-49ae-a5b8-65174b03a705/name HTTP/1.1
User-Agent: selenium/4.1.2 (java windows)
Cache-Control: no-cache
Content-Type: application/json; charset=utf-8
host: localhost:52390
accept: */*

Response DefaultHttpResponse(decodeResult: success, version: HTTP/1.1)
HTTP/1.1 200 OK
Content-Type: application/json; charset=utf-8
cache-control: no-cache
content-length: 18

12:44:59.626 [AsyncHttpClient-1-14] DEBUG org.asynchttpclient.netty.channel.ChannelManager - Adding key: http://localhost:52390 for channel [id: 0x17c41899, L:/127.0.0.1:51870 - R:localhost/127.0.0.1:52390]
12:44:59.627 [Forwarding getElementTagName on session 46765fc08af76da4ec218363c63da22e to remote] DEBUG org.asynchttpclient.netty.request.NettyRequestSender - Using pooled Channel '[id: 0x17c41899, L:/127.0.0.1:51870 - R:localhost/127.0.0.1:52390]' for 'GET' to 'http://localhost:52390/session/46765fc08af76da4ec218363c63da22e/element/357ce2f2-62e0-49ae-a5b8-65174b03a705/name'
12:44:59.627 [Forwarding getElementTagName on session 46765fc08af76da4ec218363c63da22e to remote] DEBUG org.asynchttpclient.netty.request.NettyRequestSender - Using open Channel [id: 0x17c41899, L:/127.0.0.1:51870 - R:localhost/127.0.0.1:52390] for GET '/session/46765fc08af76da4ec218363c63da22e/element/357ce2f2-62e0-49ae-a5b8-65174b03a705/name'
12:44:59.630 [AsyncHttpClient-1-14] DEBUG org.asynchttpclient.netty.handler.HttpHandler - 

Request DefaultFullHttpRequest(decodeResult: success, version: HTTP/1.1, content: EmptyByteBufBE)
GET /session/46765fc08af76da4ec218363c63da22e/element/357ce2f2-62e0-49ae-a5b8-65174b03a705/name HTTP/1.1
User-Agent: selenium/4.1.2 (java windows)
Cache-Control: no-cache
Content-Type: application/json; charset=utf-8
host: localhost:52390
accept: */*

Response DefaultHttpResponse(decodeResult: success, version: HTTP/1.1)
HTTP/1.1 200 OK
Content-Type: application/json; charset=utf-8
cache-control: no-cache
content-length: 18

12:44:59.631 [AsyncHttpClient-1-14] DEBUG org.asynchttpclient.netty.channel.ChannelManager - Adding key: http://localhost:52390 for channel [id: 0x17c41899, L:/127.0.0.1:51870 - R:localhost/127.0.0.1:52390]
12:44:59.632 [Forwarding isElementEnabled on session 46765fc08af76da4ec218363c63da22e to remote] DEBUG org.asynchttpclient.netty.request.NettyRequestSender - Using pooled Channel '[id: 0x17c41899, L:/127.0.0.1:51870 - R:localhost/127.0.0.1:52390]' for 'GET' to 'http://localhost:52390/session/46765fc08af76da4ec218363c63da22e/element/357ce2f2-62e0-49ae-a5b8-65174b03a705/enabled'
12:44:59.632 [Forwarding isElementEnabled on session 46765fc08af76da4ec218363c63da22e to remote] DEBUG org.asynchttpclient.netty.request.NettyRequestSender - Using open Channel [id: 0x17c41899, L:/127.0.0.1:51870 - R:localhost/127.0.0.1:52390] for GET '/session/46765fc08af76da4ec218363c63da22e/element/357ce2f2-62e0-49ae-a5b8-65174b03a705/enabled'
12:44:59.639 [AsyncHttpClient-1-14] DEBUG org.asynchttpclient.netty.handler.HttpHandler - 

Request DefaultFullHttpRequest(decodeResult: success, version: HTTP/1.1, content: EmptyByteBufBE)
GET /session/46765fc08af76da4ec218363c63da22e/element/357ce2f2-62e0-49ae-a5b8-65174b03a705/enabled HTTP/1.1
User-Agent: selenium/4.1.2 (java windows)
Cache-Control: no-cache
Content-Type: application/json; charset=utf-8
host: localhost:52390
accept: */*

Response DefaultHttpResponse(decodeResult: success, version: HTTP/1.1)
HTTP/1.1 200 OK
Content-Type: application/json; charset=utf-8
cache-control: no-cache
content-length: 14

12:44:59.639 [AsyncHttpClient-1-14] DEBUG org.asynchttpclient.netty.channel.ChannelManager - Adding key: http://localhost:52390 for channel [id: 0x17c41899, L:/127.0.0.1:51870 - R:localhost/127.0.0.1:52390]
12:44:59.640 [Forwarding isElementEnabled on session 46765fc08af76da4ec218363c63da22e to remote] DEBUG org.asynchttpclient.netty.request.NettyRequestSender - Using pooled Channel '[id: 0x17c41899, L:/127.0.0.1:51870 - R:localhost/127.0.0.1:52390]' for 'GET' to 'http://localhost:52390/session/46765fc08af76da4ec218363c63da22e/element/357ce2f2-62e0-49ae-a5b8-65174b03a705/enabled'
12:44:59.640 [Forwarding isElementEnabled on session 46765fc08af76da4ec218363c63da22e to remote] DEBUG org.asynchttpclient.netty.request.NettyRequestSender - Using open Channel [id: 0x17c41899, L:/127.0.0.1:51870 - R:localhost/127.0.0.1:52390] for GET '/session/46765fc08af76da4ec218363c63da22e/element/357ce2f2-62e0-49ae-a5b8-65174b03a705/enabled'
12:44:59.646 [AsyncHttpClient-1-14] DEBUG org.asynchttpclient.netty.handler.HttpHandler - 

Request DefaultFullHttpRequest(decodeResult: success, version: HTTP/1.1, content: EmptyByteBufBE)
GET /session/46765fc08af76da4ec218363c63da22e/element/357ce2f2-62e0-49ae-a5b8-65174b03a705/enabled HTTP/1.1
User-Agent: selenium/4.1.2 (java windows)
Cache-Control: no-cache
Content-Type: application/json; charset=utf-8
host: localhost:52390
accept: */*

Response DefaultHttpResponse(decodeResult: success, version: HTTP/1.1)
HTTP/1.1 200 OK
Content-Type: application/json; charset=utf-8
cache-control: no-cache
content-length: 14

12:44:59.646 [AsyncHttpClient-1-14] DEBUG org.asynchttpclient.netty.channel.ChannelManager - Adding key: http://localhost:52390 for channel [id: 0x17c41899, L:/127.0.0.1:51870 - R:localhost/127.0.0.1:52390]
12:44:59.647 [Forwarding findElement on session 46765fc08af76da4ec218363c63da22e to remote] DEBUG org.asynchttpclient.netty.request.NettyRequestSender - Using pooled Channel '[id: 0x17c41899, L:/127.0.0.1:51870 - R:localhost/127.0.0.1:52390]' for 'POST' to 'http://localhost:52390/session/46765fc08af76da4ec218363c63da22e/element'
12:44:59.647 [Forwarding findElement on session 46765fc08af76da4ec218363c63da22e to remote] DEBUG org.asynchttpclient.netty.request.NettyRequestSender - Using open Channel [id: 0x17c41899, L:/127.0.0.1:51870 - R:localhost/127.0.0.1:52390] for POST '/session/46765fc08af76da4ec218363c63da22e/element'
12:44:59.653 [AsyncHttpClient-1-14] DEBUG org.asynchttpclient.netty.handler.HttpHandler - 

Request DefaultHttpRequest(decodeResult: success, version: HTTP/1.1)
POST /session/46765fc08af76da4ec218363c63da22e/element HTTP/1.1
User-Agent: selenium/4.1.2 (java windows)
Content-Length: 141
Content-Type: application/json; charset=utf-8
host: localhost:52390
accept: */*

Response DefaultHttpResponse(decodeResult: success, version: HTTP/1.1)
HTTP/1.1 200 OK
Content-Type: application/json; charset=utf-8
cache-control: no-cache
content-length: 88

12:44:59.653 [AsyncHttpClient-1-14] DEBUG org.asynchttpclient.netty.channel.ChannelManager - Adding key: http://localhost:52390 for channel [id: 0x17c41899, L:/127.0.0.1:51870 - R:localhost/127.0.0.1:52390]
12:44:59.654 [Forwarding clickElement on session 46765fc08af76da4ec218363c63da22e to remote] DEBUG org.asynchttpclient.netty.request.NettyRequestSender - Using pooled Channel '[id: 0x17c41899, L:/127.0.0.1:51870 - R:localhost/127.0.0.1:52390]' for 'POST' to 'http://localhost:52390/session/46765fc08af76da4ec218363c63da22e/element/357ce2f2-62e0-49ae-a5b8-65174b03a705/click'
12:44:59.654 [Forwarding clickElement on session 46765fc08af76da4ec218363c63da22e to remote] DEBUG org.asynchttpclient.netty.request.NettyRequestSender - Using open Channel [id: 0x17c41899, L:/127.0.0.1:51870 - R:localhost/127.0.0.1:52390] for POST '/session/46765fc08af76da4ec218363c63da22e/element/357ce2f2-62e0-49ae-a5b8-65174b03a705/click'
12:44:59.689 [AsyncHttpClient-1-14] DEBUG org.asynchttpclient.netty.handler.HttpHandler - 

Request DefaultHttpRequest(decodeResult: success, version: HTTP/1.1)
POST /session/46765fc08af76da4ec218363c63da22e/element/357ce2f2-62e0-49ae-a5b8-65174b03a705/click HTTP/1.1
User-Agent: selenium/4.1.2 (java windows)
Content-Length: 50
Content-Type: application/json; charset=utf-8
host: localhost:52390
accept: */*

Response DefaultHttpResponse(decodeResult: success, version: HTTP/1.1)
HTTP/1.1 200 OK
Content-Type: application/json; charset=utf-8
cache-control: no-cache
content-length: 14

12:44:59.689 [AsyncHttpClient-1-14] DEBUG org.asynchttpclient.netty.channel.ChannelManager - Adding key: http://localhost:52390 for channel [id: 0x17c41899, L:/127.0.0.1:51870 - R:localhost/127.0.0.1:52390]
  &amp#27;[32mAnd &amp#27;[0m&amp#27;[32mI click login button&amp#27;[0m                      &amp#27;[90m# starter.stepdefinition.LoginStep.iClickLoginButton()&amp#27;[0m
12:44:59.694 [Forwarding screenshot on session 46765fc08af76da4ec218363c63da22e to remote] DEBUG org.asynchttpclient.netty.request.NettyRequestSender - Using pooled Channel '[id: 0x17c41899, L:/127.0.0.1:51870 - R:localhost/127.0.0.1:52390]' for 'GET' to 'http://localhost:52390/session/46765fc08af76da4ec218363c63da22e/screenshot'
12:44:59.694 [Forwarding screenshot on session 46765fc08af76da4ec218363c63da22e to remote] DEBUG org.asynchttpclient.netty.request.NettyRequestSender - Using open Channel [id: 0x17c41899, L:/127.0.0.1:51870 - R:localhost/127.0.0.1:52390] for GET '/session/46765fc08af76da4ec218363c63da22e/screenshot'
12:44:59.813 [AsyncHttpClient-1-14] DEBUG org.asynchttpclient.netty.handler.HttpHandler - 

Request DefaultFullHttpRequest(decodeResult: success, version: HTTP/1.1, content: EmptyByteBufBE)
GET /session/46765fc08af76da4ec218363c63da22e/screenshot HTTP/1.1
User-Agent: selenium/4.1.2 (java windows)
Cache-Control: no-cache
Content-Type: application/json; charset=utf-8
host: localhost:52390
accept: */*

Response DefaultHttpResponse(decodeResult: success, version: HTTP/1.1)
HTTP/1.1 200 OK
Content-Type: application/json; charset=utf-8
cache-control: no-cache
content-length: 35492

12:44:59.813 [AsyncHttpClient-1-14] DEBUG org.asynchttpclient.netty.channel.ChannelManager - Adding key: http://localhost:52390 for channel [id: 0x17c41899, L:/127.0.0.1:51870 - R:localhost/127.0.0.1:52390]
12:44:59.814 [main] DEBUG net.serenitybdd.core.photography.Darkroom - Send negative for processing for target\site\serenity\08a74bcda43bc30eedff647c7c97a2079ced040f29f15d2ed147e83049ddebda.png
12:44:59.815 [Darkroom Processing Line] DEBUG net.serenitybdd.core.photography.DarkroomProcessingLine - Processing screenshot image in /var/screenshots/screenshot-5642707647054582276
12:44:59.815 [Darkroom Processing Line] DEBUG net.serenitybdd.core.photography.DarkroomProcessingLine - Saving screenshot to target\site\serenity\08a74bcda43bc30eedff647c7c97a2079ced040f29f15d2ed147e83049ddebda.png
12:44:59.819 [Forwarding findElement on session 46765fc08af76da4ec218363c63da22e to remote] DEBUG org.asynchttpclient.netty.request.NettyRequestSender - Using pooled Channel '[id: 0x17c41899, L:/127.0.0.1:51870 - R:localhost/127.0.0.1:52390]' for 'POST' to 'http://localhost:52390/session/46765fc08af76da4ec218363c63da22e/element'
12:44:59.819 [Forwarding findElement on session 46765fc08af76da4ec218363c63da22e to remote] DEBUG org.asynchttpclient.netty.request.NettyRequestSender - Using open Channel [id: 0x17c41899, L:/127.0.0.1:51870 - R:localhost/127.0.0.1:52390] for POST '/session/46765fc08af76da4ec218363c63da22e/element'
12:45:00.644 [AsyncHttpClient-1-1] DEBUG org.asynchttpclient.netty.channel.DefaultChannelPool - Entry count for : http://localhost:51871 : 1
12:45:00.686 [AsyncHttpClient-1-14] DEBUG org.asynchttpclient.netty.handler.HttpHandler - 

Request DefaultHttpRequest(decodeResult: success, version: HTTP/1.1)
POST /session/46765fc08af76da4ec218363c63da22e/element HTTP/1.1
User-Agent: selenium/4.1.2 (java windows)
Content-Length: 81
Content-Type: application/json; charset=utf-8
host: localhost:52390
accept: */*

Response DefaultHttpResponse(decodeResult: success, version: HTTP/1.1)
HTTP/1.1 200 OK
Content-Type: application/json; charset=utf-8
cache-control: no-cache
content-length: 88

12:45:00.686 [AsyncHttpClient-1-14] DEBUG org.asynchttpclient.netty.channel.ChannelManager - Adding key: http://localhost:52390 for channel [id: 0x17c41899, L:/127.0.0.1:51870 - R:localhost/127.0.0.1:52390]
12:45:00.692 [Forwarding isElementDisplayed on session 46765fc08af76da4ec218363c63da22e to remote] DEBUG org.asynchttpclient.netty.request.NettyRequestSender - Using pooled Channel '[id: 0x17c41899, L:/127.0.0.1:51870 - R:localhost/127.0.0.1:52390]' for 'POST' to 'http://localhost:52390/session/46765fc08af76da4ec218363c63da22e/execute/sync'
12:45:00.692 [Forwarding isElementDisplayed on session 46765fc08af76da4ec218363c63da22e to remote] DEBUG org.asynchttpclient.netty.request.NettyRequestSender - Using open Channel [id: 0x17c41899, L:/127.0.0.1:51870 - R:localhost/127.0.0.1:52390] for POST '/session/46765fc08af76da4ec218363c63da22e/execute/sync'
12:45:00.715 [AsyncHttpClient-1-14] DEBUG org.asynchttpclient.netty.handler.HttpHandler - 

Request DefaultHttpRequest(decodeResult: success, version: HTTP/1.1)
POST /session/46765fc08af76da4ec218363c63da22e/execute/sync HTTP/1.1
User-Agent: selenium/4.1.2 (java windows)
Content-Length: 48780
Content-Type: application/json; charset=utf-8
host: localhost:52390
accept: */*

Response DefaultHttpResponse(decodeResult: success, version: HTTP/1.1)
HTTP/1.1 200 OK
Content-Type: application/json; charset=utf-8
cache-control: no-cache
content-length: 14

12:45:00.719 [AsyncHttpClient-1-14] DEBUG org.asynchttpclient.netty.channel.ChannelManager - Adding key: http://localhost:52390 for channel [id: 0x17c41899, L:/127.0.0.1:51870 - R:localhost/127.0.0.1:52390]
  &amp#27;[32mThen &amp#27;[0m&amp#27;[32mI will get the &amp#27;[0m&amp#27;[32m&amp#27;[1m"can't login"&amp#27;[0m             &amp#27;[90m# starter.stepdefinition.LoginStep.iWillGetThe(java.lang.String)&amp#27;[0m
12:45:00.725 [Forwarding screenshot on session 46765fc08af76da4ec218363c63da22e to remote] DEBUG org.asynchttpclient.netty.request.NettyRequestSender - Using pooled Channel '[id: 0x17c41899, L:/127.0.0.1:51870 - R:localhost/127.0.0.1:52390]' for 'GET' to 'http://localhost:52390/session/46765fc08af76da4ec218363c63da22e/screenshot'
12:45:00.725 [Forwarding screenshot on session 46765fc08af76da4ec218363c63da22e to remote] DEBUG org.asynchttpclient.netty.request.NettyRequestSender - Using open Channel [id: 0x17c41899, L:/127.0.0.1:51870 - R:localhost/127.0.0.1:52390] for GET '/session/46765fc08af76da4ec218363c63da22e/screenshot'
12:45:00.973 [AsyncHttpClient-1-14] DEBUG org.asynchttpclient.netty.handler.HttpHandler - 

Request DefaultFullHttpRequest(decodeResult: success, version: HTTP/1.1, content: EmptyByteBufBE)
GET /session/46765fc08af76da4ec218363c63da22e/screenshot HTTP/1.1
User-Agent: selenium/4.1.2 (java windows)
Cache-Control: no-cache
Content-Type: application/json; charset=utf-8
host: localhost:52390
accept: */*

Response DefaultHttpResponse(decodeResult: success, version: HTTP/1.1)
HTTP/1.1 200 OK
Content-Type: application/json; charset=utf-8
cache-control: no-cache
content-length: 40512

12:45:00.973 [AsyncHttpClient-1-14] DEBUG org.asynchttpclient.netty.channel.ChannelManager - Adding key: http://localhost:52390 for channel [id: 0x17c41899, L:/127.0.0.1:51870 - R:localhost/127.0.0.1:52390]
12:45:00.975 [main] DEBUG net.serenitybdd.core.photography.Darkroom - Send negative for processing for target\site\serenity\98b103b243bfe635eed798b80c47a1d5520a73210fb4ca795a6f25a250932d49.png
12:45:00.977 [Darkroom Processing Line] DEBUG net.serenitybdd.core.photography.DarkroomProcessingLine - Processing screenshot image in /var/screenshots/screenshot-2333083048815921756
12:45:00.977 [Darkroom Processing Line] DEBUG net.serenitybdd.core.photography.DarkroomProcessingLine - Saving screenshot to target\site\serenity\98b103b243bfe635eed798b80c47a1d5520a73210fb4ca795a6f25a250932d49.png
12:45:00.980 [AsyncHttpClient-1-16] DEBUG org.asynchttpclient.netty.handler.WebSocketHandler - Channel Closed: [id: 0xcbec9b73, L:/127.0.0.1:51878 ! R:localhost/127.0.0.1:51871] with attribute NettyResponseFuture{currentRetry=5,
	isDone=1,
	isCancelled=0,
	asyncHandler=org.asynchttpclient.ws.WebSocketUpgradeHandler@5cb0193d,
	nettyRequest=org.asynchttpclient.netty.request.NettyRequest@19b28ccf,
	future=java.util.concurrent.CompletableFuture@c7d5fae[Completed normally],
	uri=ws://localhost:51871/devtools/browser/24c8a594-3ad0-473d-b20e-cc141fba8c87,
	keepAlive=true,
	redirectCount=0,
	timeoutsHolder=null,
	inAuth=0,
	touch=1667972696734}
12:45:00.980 [Driver Command Executor] DEBUG org.asynchttpclient.netty.request.NettyRequestSender - Using pooled Channel '[id: 0x17c41899, L:/127.0.0.1:51870 - R:localhost/127.0.0.1:52390]' for 'DELETE' to 'http://localhost:52390/session/46765fc08af76da4ec218363c63da22e'
12:45:00.980 [AsyncHttpClient-1-16] DEBUG org.asynchttpclient.netty.channel.ChannelManager - Closing Channel [id: 0xcbec9b73, L:/127.0.0.1:51878 ! R:localhost/127.0.0.1:51871] 
12:45:00.980 [Driver Command Executor] DEBUG org.asynchttpclient.netty.request.NettyRequestSender - Using open Channel [id: 0x17c41899, L:/127.0.0.1:51870 - R:localhost/127.0.0.1:52390] for DELETE '/session/46765fc08af76da4ec218363c63da22e'
12:45:01.071 [AsyncHttpClient-1-15] DEBUG org.asynchttpclient.netty.handler.HttpHandler - Unexpected I/O exception on channel [id: 0xbec68fa1, L:/127.0.0.1:51877 - R:localhost/127.0.0.1:51871]
java.io.IOException: An existing connection was forcibly closed by the remote host
	at java.base/sun.nio.ch.SocketDispatcher.read0(Native Method)
	at java.base/sun.nio.ch.SocketDispatcher.read(SocketDispatcher.java:43)
	at java.base/sun.nio.ch.IOUtil.readIntoNativeBuffer(IOUtil.java:276)
	at java.base/sun.nio.ch.IOUtil.read(IOUtil.java:233)
	at java.base/sun.nio.ch.IOUtil.read(IOUtil.java:223)
	at java.base/sun.nio.ch.SocketChannelImpl.read(SocketChannelImpl.java:358)
	at io.netty.buffer.PooledByteBuf.setBytes(PooledByteBuf.java:258)
	at io.netty.buffer.AbstractByteBuf.writeBytes(AbstractByteBuf.java:1132)
	at io.netty.channel.socket.nio.NioSocketChannel.doReadBytes(NioSocketChannel.java:350)
	at io.netty.channel.nio.AbstractNioByteChannel$NioByteUnsafe.read(AbstractNioByteChannel.java:151)
	at io.netty.channel.nio.NioEventLoop.processSelectedKey(NioEventLoop.java:722)
	at io.netty.channel.nio.NioEventLoop.processSelectedKeysOptimized(NioEventLoop.java:658)
	at io.netty.channel.nio.NioEventLoop.processSelectedKeys(NioEventLoop.java:584)
	at io.netty.channel.nio.NioEventLoop.run(NioEventLoop.java:496)
	at io.netty.util.concurrent.SingleThreadEventExecutor$4.run(SingleThreadEventExecutor.java:986)
	at io.netty.util.internal.ThreadExecutorMap$2.run(ThreadExecutorMap.java:74)
	at io.netty.util.concurrent.FastThreadLocalRunnable.run(FastThreadLocalRunnable.java:30)
	at java.base/java.lang.Thread.run(Thread.java:834)
12:45:01.071 [AsyncHttpClient-1-15] DEBUG org.asynchttpclient.netty.channel.ChannelManager - Closing Channel [id: 0xbec68fa1, L:/127.0.0.1:51877 - R:localhost/127.0.0.1:51871] 
12:45:01.071 [AsyncHttpClient-1-15] DEBUG org.asynchttpclient.netty.handler.HttpHandler - Channel Closed: [id: 0xbec68fa1, L:/127.0.0.1:51877 ! R:localhost/127.0.0.1:51871] with attribute DISCARD
12:45:01.089 [AsyncHttpClient-1-14] DEBUG org.asynchttpclient.netty.handler.HttpHandler - 

Request DefaultFullHttpRequest(decodeResult: success, version: HTTP/1.1, content: EmptyByteBufBE)
DELETE /session/46765fc08af76da4ec218363c63da22e HTTP/1.1
User-Agent: selenium/4.1.2 (java windows)
Content-Type: application/json; charset=utf-8
host: localhost:52390
accept: */*

Response DefaultHttpResponse(decodeResult: success, version: HTTP/1.1)
HTTP/1.1 200 OK
Content-Type: application/json; charset=utf-8
cache-control: no-cache
content-length: 14

12:45:01.089 [AsyncHttpClient-1-14] DEBUG org.asynchttpclient.netty.channel.ChannelManager - Adding key: http://localhost:52390 for channel [id: 0x17c41899, L:/127.0.0.1:51870 - R:localhost/127.0.0.1:52390]
12:45:01.122 [AsyncHttpClient-1-14] DEBUG org.asynchttpclient.netty.handler.HttpHandler - Channel Closed: [id: 0x17c41899, L:/127.0.0.1:51870 ! R:localhost/127.0.0.1:52390] with attribute DISCARD
]]></system-out>
    <system-err><![CDATA[Starting ChromeDriver 107.0.5304.62 (1eec40d3a5764881c92085aaee66d25075c159aa-refs/branch-heads/5304@{#942}) on port 52390
Only local connections are allowed.
Please see https://chromedriver.chromium.org/security-considerations for suggestions on keeping ChromeDriver safe.
ChromeDriver was started successfully.
Nov 09, 2022 12:44:56 PM org.openqa.selenium.remote.ProtocolHandshake createSession
INFO: Detected dialect: W3C
Nov 09, 2022 12:44:56 PM org.openqa.selenium.devtools.CdpVersionFinder findNearestMatch
WARNING: Unable to find an exact match for CDP version 107, so returning the closest version found: a no-op implementation
Nov 09, 2022 12:44:56 PM org.openqa.selenium.devtools.CdpVersionFinder findNearestMatch
INFO: Unable to find CDP implementation matching 107.
Nov 09, 2022 12:44:56 PM org.openqa.selenium.chromium.ChromiumDriver lambda$new$3
WARNING: Unable to find version of CDP to use for . You may need to include a dependency on a specific version of the CDP using something similar to `org.seleniumhq.selenium:selenium-devtools-v86:4.1.2` where the version ("v86") matches the version of the chromium-based browser you're using and the version number of the artifact is the same as Selenium's.
]]></system-err>
  </testcase>
  <testcase name="Login with email and password #5" classname="Login" time="9.28">
    <system-out><![CDATA[
@Login
Scenario Outline: Login with email and password &amp#27;[90m# src/test/resources/features/login.feature:20&amp#27;[0m
12:45:01.206 [main] INFO io.cucumber.core.plugin.SerenityReporter - Running feature from file:///C:/Users/ASUS/Web/src/test/resources/features/login.feature
12:45:01.221 [main] INFO net.serenitybdd.core.webdriver.driverproviders.ChromeDriverProvider - Using automatically driver download
12:45:01.318 [main] DEBUG io.github.bonigarcia.wdm.cache.ResolutionCache - Resolution chrome=107 in cache (valid until 13:44:11 09/11/2022 ICT)
12:45:01.324 [main] DEBUG io.github.bonigarcia.wdm.cache.ResolutionCache - Resolution chrome107=107.0.5304.62 in cache (valid until 12:48:49 09/11/2022 ICT)
12:45:01.326 [main] INFO io.github.bonigarcia.wdm.WebDriverManager - Using chromedriver 107.0.5304.62 (resolved driver for Chrome 107)
12:45:01.356 [main] DEBUG io.github.bonigarcia.wdm.WebDriverManager - Driver chromedriver 107.0.5304.62 found in cache
12:45:01.357 [main] INFO io.github.bonigarcia.wdm.WebDriverManager - Exporting webdriver.chrome.driver as C:\Users\ASUS\.cache\selenium\chromedriver\win32\107.0.5304.62\chromedriver.exe
12:45:01.449 [main] DEBUG net.serenitybdd.core.webdriver.driverproviders.ProvideNewDriver - Instantiating driver
12:45:01.449 [main] DEBUG net.serenitybdd.core.webdriver.driverproviders.ProvideNewDriver - Driver capabilities: Capabilities {acceptInsecureCerts: false, base.url: https://alta-shop.vercel.app/, browserName: chrome, chrome.driver: src/test/resources/webdrive..., driver: chrome, goog:chromeOptions: {args: [], extensions: []}}
12:45:01.655 [AsyncHttpClient-1-17] DEBUG org.asynchttpclient.netty.channel.NettyConnectListener - Using new Channel '[id: 0x78f147f4, L:/127.0.0.1:51907 - R:localhost/127.0.0.1:53966]' for 'POST' to '/session'
12:45:01.745 [AsyncHttpClient-1-1] DEBUG org.asynchttpclient.netty.channel.DefaultChannelPool - Entry count for : http://localhost:52390 : 1
12:45:01.745 [AsyncHttpClient-1-1] DEBUG org.asynchttpclient.netty.channel.DefaultChannelPool - Entry count for : http://localhost:51871 : 1
12:45:01.745 [AsyncHttpClient-1-1] DEBUG org.asynchttpclient.netty.channel.DefaultChannelPool - Adding Candidate expired Channel [id: 0x17c41899, L:/127.0.0.1:51870 ! R:localhost/127.0.0.1:52390] isIdleTimeoutExpired=false isRemotelyClosed=true isTtlExpired=false
12:45:01.745 [AsyncHttpClient-1-1] DEBUG org.asynchttpclient.netty.channel.DefaultChannelPool - Closing Idle Channel [id: 0x17c41899, L:/127.0.0.1:51870 ! R:localhost/127.0.0.1:52390]
12:45:01.745 [AsyncHttpClient-1-1] DEBUG org.asynchttpclient.netty.channel.DefaultChannelPool - Adding Candidate expired Channel [id: 0xbec68fa1, L:/127.0.0.1:51877 ! R:localhost/127.0.0.1:51871] isIdleTimeoutExpired=false isRemotelyClosed=true isTtlExpired=false
12:45:01.745 [AsyncHttpClient-1-1] DEBUG org.asynchttpclient.netty.channel.DefaultChannelPool - Closing Idle Channel [id: 0xbec68fa1, L:/127.0.0.1:51877 ! R:localhost/127.0.0.1:51871]
12:45:01.745 [AsyncHttpClient-1-1] DEBUG org.asynchttpclient.netty.channel.DefaultChannelPool - Closed 2 connections out of 2 in 0 ms
12:45:05.138 [AsyncHttpClient-1-17] DEBUG org.asynchttpclient.netty.handler.HttpHandler - 

Request DefaultHttpRequest(decodeResult: success, version: HTTP/1.1)
POST /session HTTP/1.1
User-Agent: selenium/4.1.2 (java windows)
Content-Length: 615
Content-Type: application/json; charset=utf-8
host: localhost:53966
accept: */*

Response DefaultHttpResponse(decodeResult: success, version: HTTP/1.1)
HTTP/1.1 200 OK
Content-Type: application/json; charset=utf-8
cache-control: no-cache
content-length: 789

12:45:05.138 [AsyncHttpClient-1-17] DEBUG org.asynchttpclient.netty.channel.ChannelManager - Adding key: http://localhost:53966 for channel [id: 0x78f147f4, L:/127.0.0.1:51907 - R:localhost/127.0.0.1:53966]
12:45:05.144 [AsyncHttpClient-1-18] DEBUG org.asynchttpclient.netty.channel.NettyConnectListener - Using new Channel '[id: 0xf3902547, L:/127.0.0.1:51913 - R:localhost/127.0.0.1:51908]' for 'GET' to '/json/version'
12:45:05.149 [AsyncHttpClient-1-18] DEBUG org.asynchttpclient.netty.handler.HttpHandler - 

Request DefaultFullHttpRequest(decodeResult: success, version: HTTP/1.1, content: EmptyByteBufBE)
GET /json/version HTTP/1.1
User-Agent: selenium/4.1.2 (java windows)
host: localhost:51908
accept: */*

Response DefaultHttpResponse(decodeResult: success, version: HTTP/1.1)
HTTP/1.1 200 OK
Content-Type: application/json; charset=UTF-8
content-length: 423

12:45:05.149 [AsyncHttpClient-1-18] DEBUG org.asynchttpclient.netty.channel.ChannelManager - Adding key: http://localhost:51908 for channel [id: 0xf3902547, L:/127.0.0.1:51913 - R:localhost/127.0.0.1:51908]
12:45:05.153 [AsyncHttpClient-1-19] DEBUG org.asynchttpclient.netty.channel.NettyConnectListener - Using new Channel '[id: 0xadc71414, L:/127.0.0.1:51914 - R:localhost/127.0.0.1:51908]' for 'GET' to '/devtools/browser/681ed2d5-1297-4646-bc9f-8fdaf31e5a51'
12:45:05.159 [AsyncHttpClient-1-19] DEBUG org.asynchttpclient.netty.handler.WebSocketHandler - 

Request DefaultFullHttpRequest(decodeResult: success, version: HTTP/1.1, content: EmptyByteBufBE)
GET /devtools/browser/681ed2d5-1297-4646-bc9f-8fdaf31e5a51 HTTP/1.1
upgrade: websocket
connection: upgrade
sec-websocket-key: 6coDW/pzUcxGNYyxMlqCBw==
sec-websocket-version: 13
origin: http://localhost:51908
host: localhost:51908
accept: */*
user-agent: AHC/2.1

Response DefaultHttpResponse(decodeResult: success, version: HTTP/1.1)
HTTP/1.1 101 WebSocket Protocol Handshake
Upgrade: WebSocket
Connection: Upgrade
Sec-WebSocket-Accept: QGzRdVt+H047cvHxPfPbceERMz4=

12:45:05.162 [Forwarding get on session 3a4fef17ac03ffc2d275dc16bd71ce78 to remote] DEBUG org.asynchttpclient.netty.request.NettyRequestSender - Using pooled Channel '[id: 0x78f147f4, L:/127.0.0.1:51907 - R:localhost/127.0.0.1:53966]' for 'POST' to 'http://localhost:53966/session/3a4fef17ac03ffc2d275dc16bd71ce78/url'
12:45:05.162 [Forwarding get on session 3a4fef17ac03ffc2d275dc16bd71ce78 to remote] DEBUG org.asynchttpclient.netty.request.NettyRequestSender - Using open Channel [id: 0x78f147f4, L:/127.0.0.1:51907 - R:localhost/127.0.0.1:53966] for POST '/session/3a4fef17ac03ffc2d275dc16bd71ce78/url'
12:45:06.148 [AsyncHttpClient-1-1] DEBUG org.asynchttpclient.netty.channel.DefaultChannelPool - Entry count for : http://localhost:51908 : 1
12:45:07.251 [AsyncHttpClient-1-1] DEBUG org.asynchttpclient.netty.channel.DefaultChannelPool - Entry count for : http://localhost:51908 : 1
12:45:07.429 [AsyncHttpClient-1-17] DEBUG org.asynchttpclient.netty.handler.HttpHandler - 

Request DefaultHttpRequest(decodeResult: success, version: HTTP/1.1)
POST /session/3a4fef17ac03ffc2d275dc16bd71ce78/url HTTP/1.1
User-Agent: selenium/4.1.2 (java windows)
Content-Length: 59
Content-Type: application/json; charset=utf-8
host: localhost:53966
accept: */*

Response DefaultHttpResponse(decodeResult: success, version: HTTP/1.1)
HTTP/1.1 200 OK
Content-Type: application/json; charset=utf-8
cache-control: no-cache
content-length: 14

12:45:07.429 [AsyncHttpClient-1-17] DEBUG org.asynchttpclient.netty.channel.ChannelManager - Adding key: http://localhost:53966 for channel [id: 0x78f147f4, L:/127.0.0.1:51907 - R:localhost/127.0.0.1:53966]
12:45:07.430 [Forwarding setTimeout on session 3a4fef17ac03ffc2d275dc16bd71ce78 to remote] DEBUG org.asynchttpclient.netty.request.NettyRequestSender - Using pooled Channel '[id: 0x78f147f4, L:/127.0.0.1:51907 - R:localhost/127.0.0.1:53966]' for 'POST' to 'http://localhost:53966/session/3a4fef17ac03ffc2d275dc16bd71ce78/timeouts'
12:45:07.430 [Forwarding setTimeout on session 3a4fef17ac03ffc2d275dc16bd71ce78 to remote] DEBUG org.asynchttpclient.netty.request.NettyRequestSender - Using open Channel [id: 0x78f147f4, L:/127.0.0.1:51907 - R:localhost/127.0.0.1:53966] for POST '/session/3a4fef17ac03ffc2d275dc16bd71ce78/timeouts'
12:45:07.431 [AsyncHttpClient-1-17] DEBUG org.asynchttpclient.netty.handler.HttpHandler - 

Request DefaultHttpRequest(decodeResult: success, version: HTTP/1.1)
POST /session/3a4fef17ac03ffc2d275dc16bd71ce78/timeouts HTTP/1.1
User-Agent: selenium/4.1.2 (java windows)
Content-Length: 22
Content-Type: application/json; charset=utf-8
host: localhost:53966
accept: */*

Response DefaultHttpResponse(decodeResult: success, version: HTTP/1.1)
HTTP/1.1 200 OK
Content-Type: application/json; charset=utf-8
cache-control: no-cache
content-length: 14

12:45:07.431 [AsyncHttpClient-1-17] DEBUG org.asynchttpclient.netty.channel.ChannelManager - Adding key: http://localhost:53966 for channel [id: 0x78f147f4, L:/127.0.0.1:51907 - R:localhost/127.0.0.1:53966]
12:45:07.433 [Forwarding getCurrentUrl on session 3a4fef17ac03ffc2d275dc16bd71ce78 to remote] DEBUG org.asynchttpclient.netty.request.NettyRequestSender - Using pooled Channel '[id: 0x78f147f4, L:/127.0.0.1:51907 - R:localhost/127.0.0.1:53966]' for 'GET' to 'http://localhost:53966/session/3a4fef17ac03ffc2d275dc16bd71ce78/url'
12:45:07.433 [Forwarding getCurrentUrl on session 3a4fef17ac03ffc2d275dc16bd71ce78 to remote] DEBUG org.asynchttpclient.netty.request.NettyRequestSender - Using open Channel [id: 0x78f147f4, L:/127.0.0.1:51907 - R:localhost/127.0.0.1:53966] for GET '/session/3a4fef17ac03ffc2d275dc16bd71ce78/url'
12:45:07.437 [AsyncHttpClient-1-17] DEBUG org.asynchttpclient.netty.handler.HttpHandler - 

Request DefaultFullHttpRequest(decodeResult: success, version: HTTP/1.1, content: EmptyByteBufBE)
GET /session/3a4fef17ac03ffc2d275dc16bd71ce78/url HTTP/1.1
User-Agent: selenium/4.1.2 (java windows)
Cache-Control: no-cache
Content-Type: application/json; charset=utf-8
host: localhost:53966
accept: */*

Response DefaultHttpResponse(decodeResult: success, version: HTTP/1.1)
HTTP/1.1 200 OK
Content-Type: application/json; charset=utf-8
cache-control: no-cache
content-length: 41

12:45:07.437 [AsyncHttpClient-1-17] DEBUG org.asynchttpclient.netty.channel.ChannelManager - Adding key: http://localhost:53966 for channel [id: 0x78f147f4, L:/127.0.0.1:51907 - R:localhost/127.0.0.1:53966]
  &amp#27;[32mGiven &amp#27;[0m&amp#27;[32mI am on home page&amp#27;[0m                       &amp#27;[90m# starter.stepdefinition.LoginStep.iAmOnHomePage()&amp#27;[0m
12:45:07.441 [Forwarding screenshot on session 3a4fef17ac03ffc2d275dc16bd71ce78 to remote] DEBUG org.asynchttpclient.netty.request.NettyRequestSender - Using pooled Channel '[id: 0x78f147f4, L:/127.0.0.1:51907 - R:localhost/127.0.0.1:53966]' for 'GET' to 'http://localhost:53966/session/3a4fef17ac03ffc2d275dc16bd71ce78/screenshot'
12:45:07.441 [Forwarding screenshot on session 3a4fef17ac03ffc2d275dc16bd71ce78 to remote] DEBUG org.asynchttpclient.netty.request.NettyRequestSender - Using open Channel [id: 0x78f147f4, L:/127.0.0.1:51907 - R:localhost/127.0.0.1:53966] for GET '/session/3a4fef17ac03ffc2d275dc16bd71ce78/screenshot'
12:45:08.347 [AsyncHttpClient-1-17] DEBUG org.asynchttpclient.netty.handler.HttpHandler - 

Request DefaultFullHttpRequest(decodeResult: success, version: HTTP/1.1, content: EmptyByteBufBE)
GET /session/3a4fef17ac03ffc2d275dc16bd71ce78/screenshot HTTP/1.1
User-Agent: selenium/4.1.2 (java windows)
Cache-Control: no-cache
Content-Type: application/json; charset=utf-8
host: localhost:53966
accept: */*

Response DefaultHttpResponse(decodeResult: success, version: HTTP/1.1)
HTTP/1.1 200 OK
Content-Type: application/json; charset=utf-8
cache-control: no-cache
content-length: 25456

12:45:08.347 [AsyncHttpClient-1-17] DEBUG org.asynchttpclient.netty.channel.ChannelManager - Adding key: http://localhost:53966 for channel [id: 0x78f147f4, L:/127.0.0.1:51907 - R:localhost/127.0.0.1:53966]
12:45:08.349 [AsyncHttpClient-1-1] DEBUG org.asynchttpclient.netty.channel.DefaultChannelPool - Entry count for : http://localhost:53966 : 1
12:45:08.349 [AsyncHttpClient-1-1] DEBUG org.asynchttpclient.netty.channel.DefaultChannelPool - Entry count for : http://localhost:51908 : 1
12:45:08.350 [main] DEBUG net.serenitybdd.core.photography.Darkroom - Send negative for processing for target\site\serenity\de2b421599cd70ce3956d49c6af10dde81a9af4756fe08a21d6caddf4aa682b1.png
12:45:08.351 [Darkroom Processing Line] DEBUG net.serenitybdd.core.photography.DarkroomProcessingLine - Processing screenshot image in /var/screenshots/screenshot-11880878737523174918
12:45:08.351 [Darkroom Processing Line] DEBUG net.serenitybdd.core.photography.DarkroomProcessingLine - Saving screenshot to target\site\serenity\de2b421599cd70ce3956d49c6af10dde81a9af4756fe08a21d6caddf4aa682b1.png
12:45:08.357 [Forwarding findElement on session 3a4fef17ac03ffc2d275dc16bd71ce78 to remote] DEBUG org.asynchttpclient.netty.request.NettyRequestSender - Using pooled Channel '[id: 0x78f147f4, L:/127.0.0.1:51907 - R:localhost/127.0.0.1:53966]' for 'POST' to 'http://localhost:53966/session/3a4fef17ac03ffc2d275dc16bd71ce78/element'
12:45:08.357 [Forwarding findElement on session 3a4fef17ac03ffc2d275dc16bd71ce78 to remote] DEBUG org.asynchttpclient.netty.request.NettyRequestSender - Using open Channel [id: 0x78f147f4, L:/127.0.0.1:51907 - R:localhost/127.0.0.1:53966] for POST '/session/3a4fef17ac03ffc2d275dc16bd71ce78/element'
12:45:08.367 [AsyncHttpClient-1-17] DEBUG org.asynchttpclient.netty.handler.HttpHandler - 

Request DefaultHttpRequest(decodeResult: success, version: HTTP/1.1)
POST /session/3a4fef17ac03ffc2d275dc16bd71ce78/element HTTP/1.1
User-Agent: selenium/4.1.2 (java windows)
Content-Length: 97
Content-Type: application/json; charset=utf-8
host: localhost:53966
accept: */*

Response DefaultHttpResponse(decodeResult: success, version: HTTP/1.1)
HTTP/1.1 200 OK
Content-Type: application/json; charset=utf-8
cache-control: no-cache
content-length: 88

12:45:08.367 [AsyncHttpClient-1-17] DEBUG org.asynchttpclient.netty.channel.ChannelManager - Adding key: http://localhost:53966 for channel [id: 0x78f147f4, L:/127.0.0.1:51907 - R:localhost/127.0.0.1:53966]
12:45:08.368 [Forwarding getElementTagName on session 3a4fef17ac03ffc2d275dc16bd71ce78 to remote] DEBUG org.asynchttpclient.netty.request.NettyRequestSender - Using pooled Channel '[id: 0x78f147f4, L:/127.0.0.1:51907 - R:localhost/127.0.0.1:53966]' for 'GET' to 'http://localhost:53966/session/3a4fef17ac03ffc2d275dc16bd71ce78/element/062fffd9-3259-4240-b77a-f27ff5229e83/name'
12:45:08.368 [Forwarding getElementTagName on session 3a4fef17ac03ffc2d275dc16bd71ce78 to remote] DEBUG org.asynchttpclient.netty.request.NettyRequestSender - Using open Channel [id: 0x78f147f4, L:/127.0.0.1:51907 - R:localhost/127.0.0.1:53966] for GET '/session/3a4fef17ac03ffc2d275dc16bd71ce78/element/062fffd9-3259-4240-b77a-f27ff5229e83/name'
12:45:08.374 [AsyncHttpClient-1-17] DEBUG org.asynchttpclient.netty.handler.HttpHandler - 

Request DefaultFullHttpRequest(decodeResult: success, version: HTTP/1.1, content: EmptyByteBufBE)
GET /session/3a4fef17ac03ffc2d275dc16bd71ce78/element/062fffd9-3259-4240-b77a-f27ff5229e83/name HTTP/1.1
User-Agent: selenium/4.1.2 (java windows)
Cache-Control: no-cache
Content-Type: application/json; charset=utf-8
host: localhost:53966
accept: */*

Response DefaultHttpResponse(decodeResult: success, version: HTTP/1.1)
HTTP/1.1 200 OK
Content-Type: application/json; charset=utf-8
cache-control: no-cache
content-length: 13

12:45:08.374 [AsyncHttpClient-1-17] DEBUG org.asynchttpclient.netty.channel.ChannelManager - Adding key: http://localhost:53966 for channel [id: 0x78f147f4, L:/127.0.0.1:51907 - R:localhost/127.0.0.1:53966]
12:45:08.375 [Forwarding getElementTagName on session 3a4fef17ac03ffc2d275dc16bd71ce78 to remote] DEBUG org.asynchttpclient.netty.request.NettyRequestSender - Using pooled Channel '[id: 0x78f147f4, L:/127.0.0.1:51907 - R:localhost/127.0.0.1:53966]' for 'GET' to 'http://localhost:53966/session/3a4fef17ac03ffc2d275dc16bd71ce78/element/062fffd9-3259-4240-b77a-f27ff5229e83/name'
12:45:08.375 [Forwarding getElementTagName on session 3a4fef17ac03ffc2d275dc16bd71ce78 to remote] DEBUG org.asynchttpclient.netty.request.NettyRequestSender - Using open Channel [id: 0x78f147f4, L:/127.0.0.1:51907 - R:localhost/127.0.0.1:53966] for GET '/session/3a4fef17ac03ffc2d275dc16bd71ce78/element/062fffd9-3259-4240-b77a-f27ff5229e83/name'
12:45:08.379 [AsyncHttpClient-1-17] DEBUG org.asynchttpclient.netty.handler.HttpHandler - 

Request DefaultFullHttpRequest(decodeResult: success, version: HTTP/1.1, content: EmptyByteBufBE)
GET /session/3a4fef17ac03ffc2d275dc16bd71ce78/element/062fffd9-3259-4240-b77a-f27ff5229e83/name HTTP/1.1
User-Agent: selenium/4.1.2 (java windows)
Cache-Control: no-cache
Content-Type: application/json; charset=utf-8
host: localhost:53966
accept: */*

Response DefaultHttpResponse(decodeResult: success, version: HTTP/1.1)
HTTP/1.1 200 OK
Content-Type: application/json; charset=utf-8
cache-control: no-cache
content-length: 13

12:45:08.379 [AsyncHttpClient-1-17] DEBUG org.asynchttpclient.netty.channel.ChannelManager - Adding key: http://localhost:53966 for channel [id: 0x78f147f4, L:/127.0.0.1:51907 - R:localhost/127.0.0.1:53966]
12:45:08.380 [Forwarding findElement on session 3a4fef17ac03ffc2d275dc16bd71ce78 to remote] DEBUG org.asynchttpclient.netty.request.NettyRequestSender - Using pooled Channel '[id: 0x78f147f4, L:/127.0.0.1:51907 - R:localhost/127.0.0.1:53966]' for 'POST' to 'http://localhost:53966/session/3a4fef17ac03ffc2d275dc16bd71ce78/element'
12:45:08.380 [Forwarding findElement on session 3a4fef17ac03ffc2d275dc16bd71ce78 to remote] DEBUG org.asynchttpclient.netty.request.NettyRequestSender - Using open Channel [id: 0x78f147f4, L:/127.0.0.1:51907 - R:localhost/127.0.0.1:53966] for POST '/session/3a4fef17ac03ffc2d275dc16bd71ce78/element'
12:45:08.386 [AsyncHttpClient-1-17] DEBUG org.asynchttpclient.netty.handler.HttpHandler - 

Request DefaultHttpRequest(decodeResult: success, version: HTTP/1.1)
POST /session/3a4fef17ac03ffc2d275dc16bd71ce78/element HTTP/1.1
User-Agent: selenium/4.1.2 (java windows)
Content-Length: 97
Content-Type: application/json; charset=utf-8
host: localhost:53966
accept: */*

Response DefaultHttpResponse(decodeResult: success, version: HTTP/1.1)
HTTP/1.1 200 OK
Content-Type: application/json; charset=utf-8
cache-control: no-cache
content-length: 88

12:45:08.387 [AsyncHttpClient-1-17] DEBUG org.asynchttpclient.netty.channel.ChannelManager - Adding key: http://localhost:53966 for channel [id: 0x78f147f4, L:/127.0.0.1:51907 - R:localhost/127.0.0.1:53966]
12:45:08.387 [Forwarding clickElement on session 3a4fef17ac03ffc2d275dc16bd71ce78 to remote] DEBUG org.asynchttpclient.netty.request.NettyRequestSender - Using pooled Channel '[id: 0x78f147f4, L:/127.0.0.1:51907 - R:localhost/127.0.0.1:53966]' for 'POST' to 'http://localhost:53966/session/3a4fef17ac03ffc2d275dc16bd71ce78/element/062fffd9-3259-4240-b77a-f27ff5229e83/click'
12:45:08.387 [Forwarding clickElement on session 3a4fef17ac03ffc2d275dc16bd71ce78 to remote] DEBUG org.asynchttpclient.netty.request.NettyRequestSender - Using open Channel [id: 0x78f147f4, L:/127.0.0.1:51907 - R:localhost/127.0.0.1:53966] for POST '/session/3a4fef17ac03ffc2d275dc16bd71ce78/element/062fffd9-3259-4240-b77a-f27ff5229e83/click'
12:45:08.423 [AsyncHttpClient-1-17] DEBUG org.asynchttpclient.netty.handler.HttpHandler - 

Request DefaultHttpRequest(decodeResult: success, version: HTTP/1.1)
POST /session/3a4fef17ac03ffc2d275dc16bd71ce78/element/062fffd9-3259-4240-b77a-f27ff5229e83/click HTTP/1.1
User-Agent: selenium/4.1.2 (java windows)
Content-Length: 50
Content-Type: application/json; charset=utf-8
host: localhost:53966
accept: */*

Response DefaultHttpResponse(decodeResult: success, version: HTTP/1.1)
HTTP/1.1 200 OK
Content-Type: application/json; charset=utf-8
cache-control: no-cache
content-length: 14

12:45:08.423 [AsyncHttpClient-1-17] DEBUG org.asynchttpclient.netty.channel.ChannelManager - Adding key: http://localhost:53966 for channel [id: 0x78f147f4, L:/127.0.0.1:51907 - R:localhost/127.0.0.1:53966]
  &amp#27;[32mAnd &amp#27;[0m&amp#27;[32mI click icon the login icon&amp#27;[0m               &amp#27;[90m# starter.stepdefinition.LoginStep.iClickIconTheLoginIcon()&amp#27;[0m
12:45:08.428 [Forwarding screenshot on session 3a4fef17ac03ffc2d275dc16bd71ce78 to remote] DEBUG org.asynchttpclient.netty.request.NettyRequestSender - Using pooled Channel '[id: 0x78f147f4, L:/127.0.0.1:51907 - R:localhost/127.0.0.1:53966]' for 'GET' to 'http://localhost:53966/session/3a4fef17ac03ffc2d275dc16bd71ce78/screenshot'
12:45:08.428 [Forwarding screenshot on session 3a4fef17ac03ffc2d275dc16bd71ce78 to remote] DEBUG org.asynchttpclient.netty.request.NettyRequestSender - Using open Channel [id: 0x78f147f4, L:/127.0.0.1:51907 - R:localhost/127.0.0.1:53966] for GET '/session/3a4fef17ac03ffc2d275dc16bd71ce78/screenshot'
12:45:08.698 [AsyncHttpClient-1-17] DEBUG org.asynchttpclient.netty.handler.HttpHandler - 

Request DefaultFullHttpRequest(decodeResult: success, version: HTTP/1.1, content: EmptyByteBufBE)
GET /session/3a4fef17ac03ffc2d275dc16bd71ce78/screenshot HTTP/1.1
User-Agent: selenium/4.1.2 (java windows)
Cache-Control: no-cache
Content-Type: application/json; charset=utf-8
host: localhost:53966
accept: */*

Response DefaultHttpResponse(decodeResult: success, version: HTTP/1.1)
HTTP/1.1 200 OK
Content-Type: application/json; charset=utf-8
cache-control: no-cache
content-length: 34868

12:45:08.698 [AsyncHttpClient-1-17] DEBUG org.asynchttpclient.netty.channel.ChannelManager - Adding key: http://localhost:53966 for channel [id: 0x78f147f4, L:/127.0.0.1:51907 - R:localhost/127.0.0.1:53966]
12:45:08.699 [main] DEBUG net.serenitybdd.core.photography.Darkroom - Send negative for processing for target\site\serenity\87c44d70831fce2c29a48bc6fdddc95f9b92be536a54fe90abb4d09c4b5bf11a.png
12:45:08.700 [Darkroom Processing Line] DEBUG net.serenitybdd.core.photography.DarkroomProcessingLine - Processing screenshot image in /var/screenshots/screenshot-11649028057597886513
12:45:08.700 [Darkroom Processing Line] DEBUG net.serenitybdd.core.photography.DarkroomProcessingLine - Saving screenshot to target\site\serenity\87c44d70831fce2c29a48bc6fdddc95f9b92be536a54fe90abb4d09c4b5bf11a.png
12:45:08.706 [Forwarding findElement on session 3a4fef17ac03ffc2d275dc16bd71ce78 to remote] DEBUG org.asynchttpclient.netty.request.NettyRequestSender - Using pooled Channel '[id: 0x78f147f4, L:/127.0.0.1:51907 - R:localhost/127.0.0.1:53966]' for 'POST' to 'http://localhost:53966/session/3a4fef17ac03ffc2d275dc16bd71ce78/element'
12:45:08.706 [Forwarding findElement on session 3a4fef17ac03ffc2d275dc16bd71ce78 to remote] DEBUG org.asynchttpclient.netty.request.NettyRequestSender - Using open Channel [id: 0x78f147f4, L:/127.0.0.1:51907 - R:localhost/127.0.0.1:53966] for POST '/session/3a4fef17ac03ffc2d275dc16bd71ce78/element'
12:45:08.715 [AsyncHttpClient-1-17] DEBUG org.asynchttpclient.netty.handler.HttpHandler - 

Request DefaultHttpRequest(decodeResult: success, version: HTTP/1.1)
POST /session/3a4fef17ac03ffc2d275dc16bd71ce78/element HTTP/1.1
User-Agent: selenium/4.1.2 (java windows)
Content-Length: 88
Content-Type: application/json; charset=utf-8
host: localhost:53966
accept: */*

Response DefaultHttpResponse(decodeResult: success, version: HTTP/1.1)
HTTP/1.1 200 OK
Content-Type: application/json; charset=utf-8
cache-control: no-cache
content-length: 88

12:45:08.715 [AsyncHttpClient-1-17] DEBUG org.asynchttpclient.netty.channel.ChannelManager - Adding key: http://localhost:53966 for channel [id: 0x78f147f4, L:/127.0.0.1:51907 - R:localhost/127.0.0.1:53966]
12:45:08.716 [Forwarding clearElement on session 3a4fef17ac03ffc2d275dc16bd71ce78 to remote] DEBUG org.asynchttpclient.netty.request.NettyRequestSender - Using pooled Channel '[id: 0x78f147f4, L:/127.0.0.1:51907 - R:localhost/127.0.0.1:53966]' for 'POST' to 'http://localhost:53966/session/3a4fef17ac03ffc2d275dc16bd71ce78/element/6fae8ba1-6ed5-4a71-adcd-c1339d9916da/clear'
12:45:08.716 [Forwarding clearElement on session 3a4fef17ac03ffc2d275dc16bd71ce78 to remote] DEBUG org.asynchttpclient.netty.request.NettyRequestSender - Using open Channel [id: 0x78f147f4, L:/127.0.0.1:51907 - R:localhost/127.0.0.1:53966] for POST '/session/3a4fef17ac03ffc2d275dc16bd71ce78/element/6fae8ba1-6ed5-4a71-adcd-c1339d9916da/clear'
12:45:08.742 [AsyncHttpClient-1-17] DEBUG org.asynchttpclient.netty.handler.HttpHandler - 

Request DefaultHttpRequest(decodeResult: success, version: HTTP/1.1)
POST /session/3a4fef17ac03ffc2d275dc16bd71ce78/element/6fae8ba1-6ed5-4a71-adcd-c1339d9916da/clear HTTP/1.1
User-Agent: selenium/4.1.2 (java windows)
Content-Length: 50
Content-Type: application/json; charset=utf-8
host: localhost:53966
accept: */*

Response DefaultHttpResponse(decodeResult: success, version: HTTP/1.1)
HTTP/1.1 200 OK
Content-Type: application/json; charset=utf-8
cache-control: no-cache
content-length: 14

12:45:08.742 [AsyncHttpClient-1-17] DEBUG org.asynchttpclient.netty.channel.ChannelManager - Adding key: http://localhost:53966 for channel [id: 0x78f147f4, L:/127.0.0.1:51907 - R:localhost/127.0.0.1:53966]
12:45:08.743 [Forwarding sendKeysToElement on session 3a4fef17ac03ffc2d275dc16bd71ce78 to remote] DEBUG org.asynchttpclient.netty.request.NettyRequestSender - Using pooled Channel '[id: 0x78f147f4, L:/127.0.0.1:51907 - R:localhost/127.0.0.1:53966]' for 'POST' to 'http://localhost:53966/session/3a4fef17ac03ffc2d275dc16bd71ce78/element/6fae8ba1-6ed5-4a71-adcd-c1339d9916da/value'
12:45:08.743 [Forwarding sendKeysToElement on session 3a4fef17ac03ffc2d275dc16bd71ce78 to remote] DEBUG org.asynchttpclient.netty.request.NettyRequestSender - Using open Channel [id: 0x78f147f4, L:/127.0.0.1:51907 - R:localhost/127.0.0.1:53966] for POST '/session/3a4fef17ac03ffc2d275dc16bd71ce78/element/6fae8ba1-6ed5-4a71-adcd-c1339d9916da/value'
12:45:08.829 [AsyncHttpClient-1-17] DEBUG org.asynchttpclient.netty.handler.HttpHandler - 

Request DefaultHttpRequest(decodeResult: success, version: HTTP/1.1)
POST /session/3a4fef17ac03ffc2d275dc16bd71ce78/element/6fae8ba1-6ed5-4a71-adcd-c1339d9916da/value HTTP/1.1
User-Agent: selenium/4.1.2 (java windows)
Content-Length: 261
Content-Type: application/json; charset=utf-8
host: localhost:53966
accept: */*

Response DefaultHttpResponse(decodeResult: success, version: HTTP/1.1)
HTTP/1.1 200 OK
Content-Type: application/json; charset=utf-8
cache-control: no-cache
content-length: 14

12:45:08.829 [AsyncHttpClient-1-17] DEBUG org.asynchttpclient.netty.channel.ChannelManager - Adding key: http://localhost:53966 for channel [id: 0x78f147f4, L:/127.0.0.1:51907 - R:localhost/127.0.0.1:53966]
  &amp#27;[32mWhen &amp#27;[0m&amp#27;[32mI input &amp#27;[0m&amp#27;[32m&amp#27;[1m"ronasari@gmail.com"&amp#27;[0m&amp#27;[32m email&amp#27;[0m       &amp#27;[90m# starter.stepdefinition.LoginStep.iInputEmail(java.lang.String)&amp#27;[0m
12:45:08.834 [Forwarding screenshot on session 3a4fef17ac03ffc2d275dc16bd71ce78 to remote] DEBUG org.asynchttpclient.netty.request.NettyRequestSender - Using pooled Channel '[id: 0x78f147f4, L:/127.0.0.1:51907 - R:localhost/127.0.0.1:53966]' for 'GET' to 'http://localhost:53966/session/3a4fef17ac03ffc2d275dc16bd71ce78/screenshot'
12:45:08.834 [Forwarding screenshot on session 3a4fef17ac03ffc2d275dc16bd71ce78 to remote] DEBUG org.asynchttpclient.netty.request.NettyRequestSender - Using open Channel [id: 0x78f147f4, L:/127.0.0.1:51907 - R:localhost/127.0.0.1:53966] for GET '/session/3a4fef17ac03ffc2d275dc16bd71ce78/screenshot'
12:45:09.011 [AsyncHttpClient-1-17] DEBUG org.asynchttpclient.netty.handler.HttpHandler - 

Request DefaultFullHttpRequest(decodeResult: success, version: HTTP/1.1, content: EmptyByteBufBE)
GET /session/3a4fef17ac03ffc2d275dc16bd71ce78/screenshot HTTP/1.1
User-Agent: selenium/4.1.2 (java windows)
Cache-Control: no-cache
Content-Type: application/json; charset=utf-8
host: localhost:53966
accept: */*

Response DefaultHttpResponse(decodeResult: success, version: HTTP/1.1)
HTTP/1.1 200 OK
Content-Type: application/json; charset=utf-8
cache-control: no-cache
content-length: 39344

12:45:09.011 [AsyncHttpClient-1-17] DEBUG org.asynchttpclient.netty.channel.ChannelManager - Adding key: http://localhost:53966 for channel [id: 0x78f147f4, L:/127.0.0.1:51907 - R:localhost/127.0.0.1:53966]
12:45:09.013 [main] DEBUG net.serenitybdd.core.photography.Darkroom - Send negative for processing for target\site\serenity\17ee25464fd737f90427d92fa5bc8e54a93f9e83ca94e4a994171e1a93ebc80f.png
12:45:09.013 [Darkroom Processing Line] DEBUG net.serenitybdd.core.photography.DarkroomProcessingLine - Processing screenshot image in /var/screenshots/screenshot-445923072922680668
12:45:09.013 [Darkroom Processing Line] DEBUG net.serenitybdd.core.photography.DarkroomProcessingLine - Saving screenshot to target\site\serenity\17ee25464fd737f90427d92fa5bc8e54a93f9e83ca94e4a994171e1a93ebc80f.png
12:45:09.022 [Forwarding findElement on session 3a4fef17ac03ffc2d275dc16bd71ce78 to remote] DEBUG org.asynchttpclient.netty.request.NettyRequestSender - Using pooled Channel '[id: 0x78f147f4, L:/127.0.0.1:51907 - R:localhost/127.0.0.1:53966]' for 'POST' to 'http://localhost:53966/session/3a4fef17ac03ffc2d275dc16bd71ce78/element'
12:45:09.022 [Forwarding findElement on session 3a4fef17ac03ffc2d275dc16bd71ce78 to remote] DEBUG org.asynchttpclient.netty.request.NettyRequestSender - Using open Channel [id: 0x78f147f4, L:/127.0.0.1:51907 - R:localhost/127.0.0.1:53966] for POST '/session/3a4fef17ac03ffc2d275dc16bd71ce78/element'
12:45:09.031 [AsyncHttpClient-1-17] DEBUG org.asynchttpclient.netty.handler.HttpHandler - 

Request DefaultHttpRequest(decodeResult: success, version: HTTP/1.1)
POST /session/3a4fef17ac03ffc2d275dc16bd71ce78/element HTTP/1.1
User-Agent: selenium/4.1.2 (java windows)
Content-Length: 91
Content-Type: application/json; charset=utf-8
host: localhost:53966
accept: */*

Response DefaultHttpResponse(decodeResult: success, version: HTTP/1.1)
HTTP/1.1 200 OK
Content-Type: application/json; charset=utf-8
cache-control: no-cache
content-length: 88

12:45:09.031 [AsyncHttpClient-1-17] DEBUG org.asynchttpclient.netty.channel.ChannelManager - Adding key: http://localhost:53966 for channel [id: 0x78f147f4, L:/127.0.0.1:51907 - R:localhost/127.0.0.1:53966]
12:45:09.032 [Forwarding clearElement on session 3a4fef17ac03ffc2d275dc16bd71ce78 to remote] DEBUG org.asynchttpclient.netty.request.NettyRequestSender - Using pooled Channel '[id: 0x78f147f4, L:/127.0.0.1:51907 - R:localhost/127.0.0.1:53966]' for 'POST' to 'http://localhost:53966/session/3a4fef17ac03ffc2d275dc16bd71ce78/element/6e27d750-7a26-475e-91e6-613b2a422541/clear'
12:45:09.032 [Forwarding clearElement on session 3a4fef17ac03ffc2d275dc16bd71ce78 to remote] DEBUG org.asynchttpclient.netty.request.NettyRequestSender - Using open Channel [id: 0x78f147f4, L:/127.0.0.1:51907 - R:localhost/127.0.0.1:53966] for POST '/session/3a4fef17ac03ffc2d275dc16bd71ce78/element/6e27d750-7a26-475e-91e6-613b2a422541/clear'
12:45:09.065 [AsyncHttpClient-1-17] DEBUG org.asynchttpclient.netty.handler.HttpHandler - 

Request DefaultHttpRequest(decodeResult: success, version: HTTP/1.1)
POST /session/3a4fef17ac03ffc2d275dc16bd71ce78/element/6e27d750-7a26-475e-91e6-613b2a422541/clear HTTP/1.1
User-Agent: selenium/4.1.2 (java windows)
Content-Length: 50
Content-Type: application/json; charset=utf-8
host: localhost:53966
accept: */*

Response DefaultHttpResponse(decodeResult: success, version: HTTP/1.1)
HTTP/1.1 200 OK
Content-Type: application/json; charset=utf-8
cache-control: no-cache
content-length: 14

12:45:09.065 [AsyncHttpClient-1-17] DEBUG org.asynchttpclient.netty.channel.ChannelManager - Adding key: http://localhost:53966 for channel [id: 0x78f147f4, L:/127.0.0.1:51907 - R:localhost/127.0.0.1:53966]
12:45:09.066 [Forwarding sendKeysToElement on session 3a4fef17ac03ffc2d275dc16bd71ce78 to remote] DEBUG org.asynchttpclient.netty.request.NettyRequestSender - Using pooled Channel '[id: 0x78f147f4, L:/127.0.0.1:51907 - R:localhost/127.0.0.1:53966]' for 'POST' to 'http://localhost:53966/session/3a4fef17ac03ffc2d275dc16bd71ce78/element/6e27d750-7a26-475e-91e6-613b2a422541/value'
12:45:09.066 [Forwarding sendKeysToElement on session 3a4fef17ac03ffc2d275dc16bd71ce78 to remote] DEBUG org.asynchttpclient.netty.request.NettyRequestSender - Using open Channel [id: 0x78f147f4, L:/127.0.0.1:51907 - R:localhost/127.0.0.1:53966] for POST '/session/3a4fef17ac03ffc2d275dc16bd71ce78/element/6e27d750-7a26-475e-91e6-613b2a422541/value'
12:45:09.108 [AsyncHttpClient-1-17] DEBUG org.asynchttpclient.netty.handler.HttpHandler - 

Request DefaultHttpRequest(decodeResult: success, version: HTTP/1.1)
POST /session/3a4fef17ac03ffc2d275dc16bd71ce78/element/6e27d750-7a26-475e-91e6-613b2a422541/value HTTP/1.1
User-Agent: selenium/4.1.2 (java windows)
Content-Length: 82
Content-Type: application/json; charset=utf-8
host: localhost:53966
accept: */*

Response DefaultHttpResponse(decodeResult: success, version: HTTP/1.1)
HTTP/1.1 200 OK
Content-Type: application/json; charset=utf-8
cache-control: no-cache
content-length: 14

12:45:09.108 [AsyncHttpClient-1-17] DEBUG org.asynchttpclient.netty.channel.ChannelManager - Adding key: http://localhost:53966 for channel [id: 0x78f147f4, L:/127.0.0.1:51907 - R:localhost/127.0.0.1:53966]
  &amp#27;[32mAnd &amp#27;[0m&amp#27;[32mI input &amp#27;[0m&amp#27;[32m&amp#27;[1m""&amp#27;[0m&amp#27;[32m password&amp#27;[0m                       &amp#27;[90m# starter.stepdefinition.LoginStep.iInputPassword(java.lang.String)&amp#27;[0m
12:45:09.112 [Forwarding screenshot on session 3a4fef17ac03ffc2d275dc16bd71ce78 to remote] DEBUG org.asynchttpclient.netty.request.NettyRequestSender - Using pooled Channel '[id: 0x78f147f4, L:/127.0.0.1:51907 - R:localhost/127.0.0.1:53966]' for 'GET' to 'http://localhost:53966/session/3a4fef17ac03ffc2d275dc16bd71ce78/screenshot'
12:45:09.112 [Forwarding screenshot on session 3a4fef17ac03ffc2d275dc16bd71ce78 to remote] DEBUG org.asynchttpclient.netty.request.NettyRequestSender - Using open Channel [id: 0x78f147f4, L:/127.0.0.1:51907 - R:localhost/127.0.0.1:53966] for GET '/session/3a4fef17ac03ffc2d275dc16bd71ce78/screenshot'
12:45:09.278 [AsyncHttpClient-1-17] DEBUG org.asynchttpclient.netty.handler.HttpHandler - 

Request DefaultFullHttpRequest(decodeResult: success, version: HTTP/1.1, content: EmptyByteBufBE)
GET /session/3a4fef17ac03ffc2d275dc16bd71ce78/screenshot HTTP/1.1
User-Agent: selenium/4.1.2 (java windows)
Cache-Control: no-cache
Content-Type: application/json; charset=utf-8
host: localhost:53966
accept: */*

Response DefaultHttpResponse(decodeResult: success, version: HTTP/1.1)
HTTP/1.1 200 OK
Content-Type: application/json; charset=utf-8
cache-control: no-cache
content-length: 39308

12:45:09.278 [AsyncHttpClient-1-17] DEBUG org.asynchttpclient.netty.channel.ChannelManager - Adding key: http://localhost:53966 for channel [id: 0x78f147f4, L:/127.0.0.1:51907 - R:localhost/127.0.0.1:53966]
12:45:09.280 [main] DEBUG net.serenitybdd.core.photography.Darkroom - Send negative for processing for target\site\serenity\6e3ac549dbf86aefaeb6fabf3708fa88d340db4df04410fbd93ed29712b3bff6.png
12:45:09.280 [Darkroom Processing Line] DEBUG net.serenitybdd.core.photography.DarkroomProcessingLine - Processing screenshot image in /var/screenshots/screenshot-10821926957738764682
12:45:09.280 [Darkroom Processing Line] DEBUG net.serenitybdd.core.photography.DarkroomProcessingLine - Saving screenshot to target\site\serenity\6e3ac549dbf86aefaeb6fabf3708fa88d340db4df04410fbd93ed29712b3bff6.png
12:45:09.285 [Forwarding findElement on session 3a4fef17ac03ffc2d275dc16bd71ce78 to remote] DEBUG org.asynchttpclient.netty.request.NettyRequestSender - Using pooled Channel '[id: 0x78f147f4, L:/127.0.0.1:51907 - R:localhost/127.0.0.1:53966]' for 'POST' to 'http://localhost:53966/session/3a4fef17ac03ffc2d275dc16bd71ce78/element'
12:45:09.285 [Forwarding findElement on session 3a4fef17ac03ffc2d275dc16bd71ce78 to remote] DEBUG org.asynchttpclient.netty.request.NettyRequestSender - Using open Channel [id: 0x78f147f4, L:/127.0.0.1:51907 - R:localhost/127.0.0.1:53966] for POST '/session/3a4fef17ac03ffc2d275dc16bd71ce78/element'
12:45:09.297 [AsyncHttpClient-1-17] DEBUG org.asynchttpclient.netty.handler.HttpHandler - 

Request DefaultHttpRequest(decodeResult: success, version: HTTP/1.1)
POST /session/3a4fef17ac03ffc2d275dc16bd71ce78/element HTTP/1.1
User-Agent: selenium/4.1.2 (java windows)
Content-Length: 141
Content-Type: application/json; charset=utf-8
host: localhost:53966
accept: */*

Response DefaultHttpResponse(decodeResult: success, version: HTTP/1.1)
HTTP/1.1 200 OK
Content-Type: application/json; charset=utf-8
cache-control: no-cache
content-length: 88

12:45:09.297 [AsyncHttpClient-1-17] DEBUG org.asynchttpclient.netty.channel.ChannelManager - Adding key: http://localhost:53966 for channel [id: 0x78f147f4, L:/127.0.0.1:51907 - R:localhost/127.0.0.1:53966]
12:45:09.298 [Forwarding getElementTagName on session 3a4fef17ac03ffc2d275dc16bd71ce78 to remote] DEBUG org.asynchttpclient.netty.request.NettyRequestSender - Using pooled Channel '[id: 0x78f147f4, L:/127.0.0.1:51907 - R:localhost/127.0.0.1:53966]' for 'GET' to 'http://localhost:53966/session/3a4fef17ac03ffc2d275dc16bd71ce78/element/b6c4f1f1-f728-4a5f-8061-fd3586ab6f10/name'
12:45:09.298 [Forwarding getElementTagName on session 3a4fef17ac03ffc2d275dc16bd71ce78 to remote] DEBUG org.asynchttpclient.netty.request.NettyRequestSender - Using open Channel [id: 0x78f147f4, L:/127.0.0.1:51907 - R:localhost/127.0.0.1:53966] for GET '/session/3a4fef17ac03ffc2d275dc16bd71ce78/element/b6c4f1f1-f728-4a5f-8061-fd3586ab6f10/name'
12:45:09.302 [AsyncHttpClient-1-17] DEBUG org.asynchttpclient.netty.handler.HttpHandler - 

Request DefaultFullHttpRequest(decodeResult: success, version: HTTP/1.1, content: EmptyByteBufBE)
GET /session/3a4fef17ac03ffc2d275dc16bd71ce78/element/b6c4f1f1-f728-4a5f-8061-fd3586ab6f10/name HTTP/1.1
User-Agent: selenium/4.1.2 (java windows)
Cache-Control: no-cache
Content-Type: application/json; charset=utf-8
host: localhost:53966
accept: */*

Response DefaultHttpResponse(decodeResult: success, version: HTTP/1.1)
HTTP/1.1 200 OK
Content-Type: application/json; charset=utf-8
cache-control: no-cache
content-length: 18

12:45:09.303 [AsyncHttpClient-1-17] DEBUG org.asynchttpclient.netty.channel.ChannelManager - Adding key: http://localhost:53966 for channel [id: 0x78f147f4, L:/127.0.0.1:51907 - R:localhost/127.0.0.1:53966]
12:45:09.303 [Forwarding getElementTagName on session 3a4fef17ac03ffc2d275dc16bd71ce78 to remote] DEBUG org.asynchttpclient.netty.request.NettyRequestSender - Using pooled Channel '[id: 0x78f147f4, L:/127.0.0.1:51907 - R:localhost/127.0.0.1:53966]' for 'GET' to 'http://localhost:53966/session/3a4fef17ac03ffc2d275dc16bd71ce78/element/b6c4f1f1-f728-4a5f-8061-fd3586ab6f10/name'
12:45:09.303 [Forwarding getElementTagName on session 3a4fef17ac03ffc2d275dc16bd71ce78 to remote] DEBUG org.asynchttpclient.netty.request.NettyRequestSender - Using open Channel [id: 0x78f147f4, L:/127.0.0.1:51907 - R:localhost/127.0.0.1:53966] for GET '/session/3a4fef17ac03ffc2d275dc16bd71ce78/element/b6c4f1f1-f728-4a5f-8061-fd3586ab6f10/name'
12:45:09.310 [AsyncHttpClient-1-17] DEBUG org.asynchttpclient.netty.handler.HttpHandler - 

Request DefaultFullHttpRequest(decodeResult: success, version: HTTP/1.1, content: EmptyByteBufBE)
GET /session/3a4fef17ac03ffc2d275dc16bd71ce78/element/b6c4f1f1-f728-4a5f-8061-fd3586ab6f10/name HTTP/1.1
User-Agent: selenium/4.1.2 (java windows)
Cache-Control: no-cache
Content-Type: application/json; charset=utf-8
host: localhost:53966
accept: */*

Response DefaultHttpResponse(decodeResult: success, version: HTTP/1.1)
HTTP/1.1 200 OK
Content-Type: application/json; charset=utf-8
cache-control: no-cache
content-length: 18

12:45:09.310 [AsyncHttpClient-1-17] DEBUG org.asynchttpclient.netty.channel.ChannelManager - Adding key: http://localhost:53966 for channel [id: 0x78f147f4, L:/127.0.0.1:51907 - R:localhost/127.0.0.1:53966]
12:45:09.312 [Forwarding isElementEnabled on session 3a4fef17ac03ffc2d275dc16bd71ce78 to remote] DEBUG org.asynchttpclient.netty.request.NettyRequestSender - Using pooled Channel '[id: 0x78f147f4, L:/127.0.0.1:51907 - R:localhost/127.0.0.1:53966]' for 'GET' to 'http://localhost:53966/session/3a4fef17ac03ffc2d275dc16bd71ce78/element/b6c4f1f1-f728-4a5f-8061-fd3586ab6f10/enabled'
12:45:09.312 [Forwarding isElementEnabled on session 3a4fef17ac03ffc2d275dc16bd71ce78 to remote] DEBUG org.asynchttpclient.netty.request.NettyRequestSender - Using open Channel [id: 0x78f147f4, L:/127.0.0.1:51907 - R:localhost/127.0.0.1:53966] for GET '/session/3a4fef17ac03ffc2d275dc16bd71ce78/element/b6c4f1f1-f728-4a5f-8061-fd3586ab6f10/enabled'
12:45:09.319 [AsyncHttpClient-1-17] DEBUG org.asynchttpclient.netty.handler.HttpHandler - 

Request DefaultFullHttpRequest(decodeResult: success, version: HTTP/1.1, content: EmptyByteBufBE)
GET /session/3a4fef17ac03ffc2d275dc16bd71ce78/element/b6c4f1f1-f728-4a5f-8061-fd3586ab6f10/enabled HTTP/1.1
User-Agent: selenium/4.1.2 (java windows)
Cache-Control: no-cache
Content-Type: application/json; charset=utf-8
host: localhost:53966
accept: */*

Response DefaultHttpResponse(decodeResult: success, version: HTTP/1.1)
HTTP/1.1 200 OK
Content-Type: application/json; charset=utf-8
cache-control: no-cache
content-length: 14

12:45:09.319 [AsyncHttpClient-1-17] DEBUG org.asynchttpclient.netty.channel.ChannelManager - Adding key: http://localhost:53966 for channel [id: 0x78f147f4, L:/127.0.0.1:51907 - R:localhost/127.0.0.1:53966]
12:45:09.320 [Forwarding isElementEnabled on session 3a4fef17ac03ffc2d275dc16bd71ce78 to remote] DEBUG org.asynchttpclient.netty.request.NettyRequestSender - Using pooled Channel '[id: 0x78f147f4, L:/127.0.0.1:51907 - R:localhost/127.0.0.1:53966]' for 'GET' to 'http://localhost:53966/session/3a4fef17ac03ffc2d275dc16bd71ce78/element/b6c4f1f1-f728-4a5f-8061-fd3586ab6f10/enabled'
12:45:09.320 [Forwarding isElementEnabled on session 3a4fef17ac03ffc2d275dc16bd71ce78 to remote] DEBUG org.asynchttpclient.netty.request.NettyRequestSender - Using open Channel [id: 0x78f147f4, L:/127.0.0.1:51907 - R:localhost/127.0.0.1:53966] for GET '/session/3a4fef17ac03ffc2d275dc16bd71ce78/element/b6c4f1f1-f728-4a5f-8061-fd3586ab6f10/enabled'
12:45:09.326 [AsyncHttpClient-1-17] DEBUG org.asynchttpclient.netty.handler.HttpHandler - 

Request DefaultFullHttpRequest(decodeResult: success, version: HTTP/1.1, content: EmptyByteBufBE)
GET /session/3a4fef17ac03ffc2d275dc16bd71ce78/element/b6c4f1f1-f728-4a5f-8061-fd3586ab6f10/enabled HTTP/1.1
User-Agent: selenium/4.1.2 (java windows)
Cache-Control: no-cache
Content-Type: application/json; charset=utf-8
host: localhost:53966
accept: */*

Response DefaultHttpResponse(decodeResult: success, version: HTTP/1.1)
HTTP/1.1 200 OK
Content-Type: application/json; charset=utf-8
cache-control: no-cache
content-length: 14

12:45:09.326 [AsyncHttpClient-1-17] DEBUG org.asynchttpclient.netty.channel.ChannelManager - Adding key: http://localhost:53966 for channel [id: 0x78f147f4, L:/127.0.0.1:51907 - R:localhost/127.0.0.1:53966]
12:45:09.328 [Forwarding findElement on session 3a4fef17ac03ffc2d275dc16bd71ce78 to remote] DEBUG org.asynchttpclient.netty.request.NettyRequestSender - Using pooled Channel '[id: 0x78f147f4, L:/127.0.0.1:51907 - R:localhost/127.0.0.1:53966]' for 'POST' to 'http://localhost:53966/session/3a4fef17ac03ffc2d275dc16bd71ce78/element'
12:45:09.328 [Forwarding findElement on session 3a4fef17ac03ffc2d275dc16bd71ce78 to remote] DEBUG org.asynchttpclient.netty.request.NettyRequestSender - Using open Channel [id: 0x78f147f4, L:/127.0.0.1:51907 - R:localhost/127.0.0.1:53966] for POST '/session/3a4fef17ac03ffc2d275dc16bd71ce78/element'
12:45:09.335 [AsyncHttpClient-1-17] DEBUG org.asynchttpclient.netty.handler.HttpHandler - 

Request DefaultHttpRequest(decodeResult: success, version: HTTP/1.1)
POST /session/3a4fef17ac03ffc2d275dc16bd71ce78/element HTTP/1.1
User-Agent: selenium/4.1.2 (java windows)
Content-Length: 141
Content-Type: application/json; charset=utf-8
host: localhost:53966
accept: */*

Response DefaultHttpResponse(decodeResult: success, version: HTTP/1.1)
HTTP/1.1 200 OK
Content-Type: application/json; charset=utf-8
cache-control: no-cache
content-length: 88

12:45:09.335 [AsyncHttpClient-1-17] DEBUG org.asynchttpclient.netty.channel.ChannelManager - Adding key: http://localhost:53966 for channel [id: 0x78f147f4, L:/127.0.0.1:51907 - R:localhost/127.0.0.1:53966]
12:45:09.337 [Forwarding clickElement on session 3a4fef17ac03ffc2d275dc16bd71ce78 to remote] DEBUG org.asynchttpclient.netty.request.NettyRequestSender - Using pooled Channel '[id: 0x78f147f4, L:/127.0.0.1:51907 - R:localhost/127.0.0.1:53966]' for 'POST' to 'http://localhost:53966/session/3a4fef17ac03ffc2d275dc16bd71ce78/element/b6c4f1f1-f728-4a5f-8061-fd3586ab6f10/click'
12:45:09.337 [Forwarding clickElement on session 3a4fef17ac03ffc2d275dc16bd71ce78 to remote] DEBUG org.asynchttpclient.netty.request.NettyRequestSender - Using open Channel [id: 0x78f147f4, L:/127.0.0.1:51907 - R:localhost/127.0.0.1:53966] for POST '/session/3a4fef17ac03ffc2d275dc16bd71ce78/element/b6c4f1f1-f728-4a5f-8061-fd3586ab6f10/click'
12:45:09.369 [AsyncHttpClient-1-17] DEBUG org.asynchttpclient.netty.handler.HttpHandler - 

Request DefaultHttpRequest(decodeResult: success, version: HTTP/1.1)
POST /session/3a4fef17ac03ffc2d275dc16bd71ce78/element/b6c4f1f1-f728-4a5f-8061-fd3586ab6f10/click HTTP/1.1
User-Agent: selenium/4.1.2 (java windows)
Content-Length: 50
Content-Type: application/json; charset=utf-8
host: localhost:53966
accept: */*

Response DefaultHttpResponse(decodeResult: success, version: HTTP/1.1)
HTTP/1.1 200 OK
Content-Type: application/json; charset=utf-8
cache-control: no-cache
content-length: 14

12:45:09.369 [AsyncHttpClient-1-17] DEBUG org.asynchttpclient.netty.channel.ChannelManager - Adding key: http://localhost:53966 for channel [id: 0x78f147f4, L:/127.0.0.1:51907 - R:localhost/127.0.0.1:53966]
  &amp#27;[32mAnd &amp#27;[0m&amp#27;[32mI click login button&amp#27;[0m                      &amp#27;[90m# starter.stepdefinition.LoginStep.iClickLoginButton()&amp#27;[0m
12:45:09.374 [Forwarding screenshot on session 3a4fef17ac03ffc2d275dc16bd71ce78 to remote] DEBUG org.asynchttpclient.netty.request.NettyRequestSender - Using pooled Channel '[id: 0x78f147f4, L:/127.0.0.1:51907 - R:localhost/127.0.0.1:53966]' for 'GET' to 'http://localhost:53966/session/3a4fef17ac03ffc2d275dc16bd71ce78/screenshot'
12:45:09.374 [Forwarding screenshot on session 3a4fef17ac03ffc2d275dc16bd71ce78 to remote] DEBUG org.asynchttpclient.netty.request.NettyRequestSender - Using open Channel [id: 0x78f147f4, L:/127.0.0.1:51907 - R:localhost/127.0.0.1:53966] for GET '/session/3a4fef17ac03ffc2d275dc16bd71ce78/screenshot'
12:45:09.446 [AsyncHttpClient-1-1] DEBUG org.asynchttpclient.netty.channel.DefaultChannelPool - Entry count for : http://localhost:51908 : 1
12:45:09.859 [AsyncHttpClient-1-17] DEBUG org.asynchttpclient.netty.handler.HttpHandler - 

Request DefaultFullHttpRequest(decodeResult: success, version: HTTP/1.1, content: EmptyByteBufBE)
GET /session/3a4fef17ac03ffc2d275dc16bd71ce78/screenshot HTTP/1.1
User-Agent: selenium/4.1.2 (java windows)
Cache-Control: no-cache
Content-Type: application/json; charset=utf-8
host: localhost:53966
accept: */*

Response DefaultHttpResponse(decodeResult: success, version: HTTP/1.1)
HTTP/1.1 200 OK
Content-Type: application/json; charset=utf-8
cache-control: no-cache
content-length: 36908

12:45:09.859 [AsyncHttpClient-1-17] DEBUG org.asynchttpclient.netty.channel.ChannelManager - Adding key: http://localhost:53966 for channel [id: 0x78f147f4, L:/127.0.0.1:51907 - R:localhost/127.0.0.1:53966]
12:45:09.861 [main] DEBUG net.serenitybdd.core.photography.Darkroom - Send negative for processing for target\site\serenity\6c60bfd1da0e49360029eb29d063352faa61e26940b49accf27f06f2e9f22c03.png
12:45:09.861 [Darkroom Processing Line] DEBUG net.serenitybdd.core.photography.DarkroomProcessingLine - Processing screenshot image in /var/screenshots/screenshot-15949631411577197086
12:45:09.861 [Darkroom Processing Line] DEBUG net.serenitybdd.core.photography.DarkroomProcessingLine - Saving screenshot to target\site\serenity\6c60bfd1da0e49360029eb29d063352faa61e26940b49accf27f06f2e9f22c03.png
12:45:09.866 [Forwarding findElement on session 3a4fef17ac03ffc2d275dc16bd71ce78 to remote] DEBUG org.asynchttpclient.netty.request.NettyRequestSender - Using pooled Channel '[id: 0x78f147f4, L:/127.0.0.1:51907 - R:localhost/127.0.0.1:53966]' for 'POST' to 'http://localhost:53966/session/3a4fef17ac03ffc2d275dc16bd71ce78/element'
12:45:09.866 [Forwarding findElement on session 3a4fef17ac03ffc2d275dc16bd71ce78 to remote] DEBUG org.asynchttpclient.netty.request.NettyRequestSender - Using open Channel [id: 0x78f147f4, L:/127.0.0.1:51907 - R:localhost/127.0.0.1:53966] for POST '/session/3a4fef17ac03ffc2d275dc16bd71ce78/element'
12:45:10.064 [AsyncHttpClient-1-17] DEBUG org.asynchttpclient.netty.handler.HttpHandler - 

Request DefaultHttpRequest(decodeResult: success, version: HTTP/1.1)
POST /session/3a4fef17ac03ffc2d275dc16bd71ce78/element HTTP/1.1
User-Agent: selenium/4.1.2 (java windows)
Content-Length: 81
Content-Type: application/json; charset=utf-8
host: localhost:53966
accept: */*

Response DefaultHttpResponse(decodeResult: success, version: HTTP/1.1)
HTTP/1.1 200 OK
Content-Type: application/json; charset=utf-8
cache-control: no-cache
content-length: 88

12:45:10.064 [AsyncHttpClient-1-17] DEBUG org.asynchttpclient.netty.channel.ChannelManager - Adding key: http://localhost:53966 for channel [id: 0x78f147f4, L:/127.0.0.1:51907 - R:localhost/127.0.0.1:53966]
12:45:10.069 [Forwarding isElementDisplayed on session 3a4fef17ac03ffc2d275dc16bd71ce78 to remote] DEBUG org.asynchttpclient.netty.request.NettyRequestSender - Using pooled Channel '[id: 0x78f147f4, L:/127.0.0.1:51907 - R:localhost/127.0.0.1:53966]' for 'POST' to 'http://localhost:53966/session/3a4fef17ac03ffc2d275dc16bd71ce78/execute/sync'
12:45:10.069 [Forwarding isElementDisplayed on session 3a4fef17ac03ffc2d275dc16bd71ce78 to remote] DEBUG org.asynchttpclient.netty.request.NettyRequestSender - Using open Channel [id: 0x78f147f4, L:/127.0.0.1:51907 - R:localhost/127.0.0.1:53966] for POST '/session/3a4fef17ac03ffc2d275dc16bd71ce78/execute/sync'
12:45:10.086 [AsyncHttpClient-1-17] DEBUG org.asynchttpclient.netty.handler.HttpHandler - 

Request DefaultHttpRequest(decodeResult: success, version: HTTP/1.1)
POST /session/3a4fef17ac03ffc2d275dc16bd71ce78/execute/sync HTTP/1.1
User-Agent: selenium/4.1.2 (java windows)
Content-Length: 48780
Content-Type: application/json; charset=utf-8
host: localhost:53966
accept: */*

Response DefaultHttpResponse(decodeResult: success, version: HTTP/1.1)
HTTP/1.1 200 OK
Content-Type: application/json; charset=utf-8
cache-control: no-cache
content-length: 14

12:45:10.086 [AsyncHttpClient-1-17] DEBUG org.asynchttpclient.netty.channel.ChannelManager - Adding key: http://localhost:53966 for channel [id: 0x78f147f4, L:/127.0.0.1:51907 - R:localhost/127.0.0.1:53966]
  &amp#27;[32mThen &amp#27;[0m&amp#27;[32mI will get the &amp#27;[0m&amp#27;[32m&amp#27;[1m"can't login"&amp#27;[0m             &amp#27;[90m# starter.stepdefinition.LoginStep.iWillGetThe(java.lang.String)&amp#27;[0m
12:45:10.100 [Forwarding screenshot on session 3a4fef17ac03ffc2d275dc16bd71ce78 to remote] DEBUG org.asynchttpclient.netty.request.NettyRequestSender - Using pooled Channel '[id: 0x78f147f4, L:/127.0.0.1:51907 - R:localhost/127.0.0.1:53966]' for 'GET' to 'http://localhost:53966/session/3a4fef17ac03ffc2d275dc16bd71ce78/screenshot'
12:45:10.100 [Forwarding screenshot on session 3a4fef17ac03ffc2d275dc16bd71ce78 to remote] DEBUG org.asynchttpclient.netty.request.NettyRequestSender - Using open Channel [id: 0x78f147f4, L:/127.0.0.1:51907 - R:localhost/127.0.0.1:53966] for GET '/session/3a4fef17ac03ffc2d275dc16bd71ce78/screenshot'
12:45:10.244 [AsyncHttpClient-1-17] DEBUG org.asynchttpclient.netty.handler.HttpHandler - 

Request DefaultFullHttpRequest(decodeResult: success, version: HTTP/1.1, content: EmptyByteBufBE)
GET /session/3a4fef17ac03ffc2d275dc16bd71ce78/screenshot HTTP/1.1
User-Agent: selenium/4.1.2 (java windows)
Cache-Control: no-cache
Content-Type: application/json; charset=utf-8
host: localhost:53966
accept: */*

Response DefaultHttpResponse(decodeResult: success, version: HTTP/1.1)
HTTP/1.1 200 OK
Content-Type: application/json; charset=utf-8
cache-control: no-cache
content-length: 44964

12:45:10.244 [AsyncHttpClient-1-17] DEBUG org.asynchttpclient.netty.channel.ChannelManager - Adding key: http://localhost:53966 for channel [id: 0x78f147f4, L:/127.0.0.1:51907 - R:localhost/127.0.0.1:53966]
12:45:10.247 [main] DEBUG net.serenitybdd.core.photography.Darkroom - Send negative for processing for target\site\serenity\e0580b7f73a19f2dca77ad15378b5ae22a12b051ece0e4553ee5e21b5b3d7c63.png
12:45:10.247 [Darkroom Processing Line] DEBUG net.serenitybdd.core.photography.DarkroomProcessingLine - Processing screenshot image in /var/screenshots/screenshot-3532215679944091395
12:45:10.248 [Darkroom Processing Line] DEBUG net.serenitybdd.core.photography.DarkroomProcessingLine - Saving screenshot to target\site\serenity\e0580b7f73a19f2dca77ad15378b5ae22a12b051ece0e4553ee5e21b5b3d7c63.png
12:45:10.252 [AsyncHttpClient-1-19] DEBUG org.asynchttpclient.netty.handler.WebSocketHandler - Channel Closed: [id: 0xadc71414, L:/127.0.0.1:51914 ! R:localhost/127.0.0.1:51908] with attribute NettyResponseFuture{currentRetry=5,
	isDone=1,
	isCancelled=0,
	asyncHandler=org.asynchttpclient.ws.WebSocketUpgradeHandler@5e291bf,
	nettyRequest=org.asynchttpclient.netty.request.NettyRequest@40e01f67,
	future=java.util.concurrent.CompletableFuture@18745936[Completed normally],
	uri=ws://localhost:51908/devtools/browser/681ed2d5-1297-4646-bc9f-8fdaf31e5a51,
	keepAlive=true,
	redirectCount=0,
	timeoutsHolder=null,
	inAuth=0,
	touch=1667972705159}
12:45:10.252 [AsyncHttpClient-1-19] DEBUG org.asynchttpclient.netty.channel.ChannelManager - Closing Channel [id: 0xadc71414, L:/127.0.0.1:51914 ! R:localhost/127.0.0.1:51908] 
12:45:10.252 [Driver Command Executor] DEBUG org.asynchttpclient.netty.request.NettyRequestSender - Using pooled Channel '[id: 0x78f147f4, L:/127.0.0.1:51907 - R:localhost/127.0.0.1:53966]' for 'DELETE' to 'http://localhost:53966/session/3a4fef17ac03ffc2d275dc16bd71ce78'
12:45:10.252 [Driver Command Executor] DEBUG org.asynchttpclient.netty.request.NettyRequestSender - Using open Channel [id: 0x78f147f4, L:/127.0.0.1:51907 - R:localhost/127.0.0.1:53966] for DELETE '/session/3a4fef17ac03ffc2d275dc16bd71ce78'
12:45:10.279 [AsyncHttpClient-1-18] DEBUG org.asynchttpclient.netty.handler.HttpHandler - Unexpected I/O exception on channel [id: 0xf3902547, L:/127.0.0.1:51913 - R:localhost/127.0.0.1:51908]
java.io.IOException: An existing connection was forcibly closed by the remote host
	at java.base/sun.nio.ch.SocketDispatcher.read0(Native Method)
	at java.base/sun.nio.ch.SocketDispatcher.read(SocketDispatcher.java:43)
	at java.base/sun.nio.ch.IOUtil.readIntoNativeBuffer(IOUtil.java:276)
	at java.base/sun.nio.ch.IOUtil.read(IOUtil.java:233)
	at java.base/sun.nio.ch.IOUtil.read(IOUtil.java:223)
	at java.base/sun.nio.ch.SocketChannelImpl.read(SocketChannelImpl.java:358)
	at io.netty.buffer.PooledByteBuf.setBytes(PooledByteBuf.java:258)
	at io.netty.buffer.AbstractByteBuf.writeBytes(AbstractByteBuf.java:1132)
	at io.netty.channel.socket.nio.NioSocketChannel.doReadBytes(NioSocketChannel.java:350)
	at io.netty.channel.nio.AbstractNioByteChannel$NioByteUnsafe.read(AbstractNioByteChannel.java:151)
	at io.netty.channel.nio.NioEventLoop.processSelectedKey(NioEventLoop.java:722)
	at io.netty.channel.nio.NioEventLoop.processSelectedKeysOptimized(NioEventLoop.java:658)
	at io.netty.channel.nio.NioEventLoop.processSelectedKeys(NioEventLoop.java:584)
	at io.netty.channel.nio.NioEventLoop.run(NioEventLoop.java:496)
	at io.netty.util.concurrent.SingleThreadEventExecutor$4.run(SingleThreadEventExecutor.java:986)
	at io.netty.util.internal.ThreadExecutorMap$2.run(ThreadExecutorMap.java:74)
	at io.netty.util.concurrent.FastThreadLocalRunnable.run(FastThreadLocalRunnable.java:30)
	at java.base/java.lang.Thread.run(Thread.java:834)
12:45:10.279 [AsyncHttpClient-1-18] DEBUG org.asynchttpclient.netty.channel.ChannelManager - Closing Channel [id: 0xf3902547, L:/127.0.0.1:51913 - R:localhost/127.0.0.1:51908] 
12:45:10.279 [AsyncHttpClient-1-18] DEBUG org.asynchttpclient.netty.handler.HttpHandler - Channel Closed: [id: 0xf3902547, L:/127.0.0.1:51913 ! R:localhost/127.0.0.1:51908] with attribute DISCARD
12:45:10.333 [AsyncHttpClient-1-17] DEBUG org.asynchttpclient.netty.handler.HttpHandler - 

Request DefaultFullHttpRequest(decodeResult: success, version: HTTP/1.1, content: EmptyByteBufBE)
DELETE /session/3a4fef17ac03ffc2d275dc16bd71ce78 HTTP/1.1
User-Agent: selenium/4.1.2 (java windows)
Content-Type: application/json; charset=utf-8
host: localhost:53966
accept: */*

Response DefaultHttpResponse(decodeResult: success, version: HTTP/1.1)
HTTP/1.1 200 OK
Content-Type: application/json; charset=utf-8
cache-control: no-cache
content-length: 14

12:45:10.334 [AsyncHttpClient-1-17] DEBUG org.asynchttpclient.netty.channel.ChannelManager - Adding key: http://localhost:53966 for channel [id: 0x78f147f4, L:/127.0.0.1:51907 - R:localhost/127.0.0.1:53966]
12:45:10.392 [AsyncHttpClient-1-17] DEBUG org.asynchttpclient.netty.handler.HttpHandler - Channel Closed: [id: 0x78f147f4, L:/127.0.0.1:51907 ! R:localhost/127.0.0.1:53966] with attribute DISCARD
]]></system-out>
    <system-err><![CDATA[Starting ChromeDriver 107.0.5304.62 (1eec40d3a5764881c92085aaee66d25075c159aa-refs/branch-heads/5304@{#942}) on port 53966
Only local connections are allowed.
Please see https://chromedriver.chromium.org/security-considerations for suggestions on keeping ChromeDriver safe.
ChromeDriver was started successfully.
Nov 09, 2022 12:45:05 PM org.openqa.selenium.remote.ProtocolHandshake createSession
INFO: Detected dialect: W3C
Nov 09, 2022 12:45:05 PM org.openqa.selenium.devtools.CdpVersionFinder findNearestMatch
WARNING: Unable to find an exact match for CDP version 107, so returning the closest version found: a no-op implementation
Nov 09, 2022 12:45:05 PM org.openqa.selenium.devtools.CdpVersionFinder findNearestMatch
INFO: Unable to find CDP implementation matching 107.
Nov 09, 2022 12:45:05 PM org.openqa.selenium.chromium.ChromiumDriver lambda$new$3
WARNING: Unable to find version of CDP to use for . You may need to include a dependency on a specific version of the CDP using something similar to `org.seleniumhq.selenium:selenium-devtools-v86:4.1.2` where the version ("v86") matches the version of the chromium-based browser you're using and the version number of the artifact is the same as Selenium's.
]]></system-err>
  </testcase>
  <testcase name="Login with email and password #6" classname="Login" time="6.943">
    <system-out><![CDATA[
@Login
Scenario Outline: Login with email and password &amp#27;[90m# src/test/resources/features/login.feature:21&amp#27;[0m
12:45:10.490 [main] INFO io.cucumber.core.plugin.SerenityReporter - Running feature from file:///C:/Users/ASUS/Web/src/test/resources/features/login.feature
12:45:10.505 [main] INFO net.serenitybdd.core.webdriver.driverproviders.ChromeDriverProvider - Using automatically driver download
12:45:10.546 [AsyncHttpClient-1-1] DEBUG org.asynchttpclient.netty.channel.DefaultChannelPool - Entry count for : http://localhost:53966 : 1
12:45:10.546 [AsyncHttpClient-1-1] DEBUG org.asynchttpclient.netty.channel.DefaultChannelPool - Entry count for : http://localhost:51908 : 1
12:45:10.546 [AsyncHttpClient-1-1] DEBUG org.asynchttpclient.netty.channel.DefaultChannelPool - Adding Candidate expired Channel [id: 0x78f147f4, L:/127.0.0.1:51907 ! R:localhost/127.0.0.1:53966] isIdleTimeoutExpired=false isRemotelyClosed=true isTtlExpired=false
12:45:10.546 [AsyncHttpClient-1-1] DEBUG org.asynchttpclient.netty.channel.DefaultChannelPool - Closing Idle Channel [id: 0x78f147f4, L:/127.0.0.1:51907 ! R:localhost/127.0.0.1:53966]
12:45:10.546 [AsyncHttpClient-1-1] DEBUG org.asynchttpclient.netty.channel.DefaultChannelPool - Adding Candidate expired Channel [id: 0xf3902547, L:/127.0.0.1:51913 ! R:localhost/127.0.0.1:51908] isIdleTimeoutExpired=false isRemotelyClosed=true isTtlExpired=false
12:45:10.546 [AsyncHttpClient-1-1] DEBUG org.asynchttpclient.netty.channel.DefaultChannelPool - Closing Idle Channel [id: 0xf3902547, L:/127.0.0.1:51913 ! R:localhost/127.0.0.1:51908]
12:45:10.546 [AsyncHttpClient-1-1] DEBUG org.asynchttpclient.netty.channel.DefaultChannelPool - Closed 2 connections out of 2 in 0 ms
12:45:10.598 [main] DEBUG io.github.bonigarcia.wdm.cache.ResolutionCache - Resolution chrome=107 in cache (valid until 13:44:11 09/11/2022 ICT)
12:45:10.601 [main] DEBUG io.github.bonigarcia.wdm.cache.ResolutionCache - Resolution chrome107=107.0.5304.62 in cache (valid until 12:48:49 09/11/2022 ICT)
12:45:10.602 [main] INFO io.github.bonigarcia.wdm.WebDriverManager - Using chromedriver 107.0.5304.62 (resolved driver for Chrome 107)
12:45:10.609 [main] DEBUG io.github.bonigarcia.wdm.WebDriverManager - Driver chromedriver 107.0.5304.62 found in cache
12:45:10.609 [main] INFO io.github.bonigarcia.wdm.WebDriverManager - Exporting webdriver.chrome.driver as C:\Users\ASUS\.cache\selenium\chromedriver\win32\107.0.5304.62\chromedriver.exe
12:45:10.712 [main] DEBUG net.serenitybdd.core.webdriver.driverproviders.ProvideNewDriver - Instantiating driver
12:45:10.712 [main] DEBUG net.serenitybdd.core.webdriver.driverproviders.ProvideNewDriver - Driver capabilities: Capabilities {acceptInsecureCerts: false, base.url: https://alta-shop.vercel.app/, browserName: chrome, chrome.driver: src/test/resources/webdrive..., driver: chrome, goog:chromeOptions: {args: [], extensions: []}}
12:45:10.781 [AsyncHttpClient-1-20] DEBUG org.asynchttpclient.netty.channel.NettyConnectListener - Using new Channel '[id: 0x10730f8d, L:/127.0.0.1:51931 - R:localhost/127.0.0.1:55007]' for 'POST' to '/session'
12:45:13.607 [AsyncHttpClient-1-20] DEBUG org.asynchttpclient.netty.handler.HttpHandler - 

Request DefaultHttpRequest(decodeResult: success, version: HTTP/1.1)
POST /session HTTP/1.1
User-Agent: selenium/4.1.2 (java windows)
Content-Length: 615
Content-Type: application/json; charset=utf-8
host: localhost:55007
accept: */*

Response DefaultHttpResponse(decodeResult: success, version: HTTP/1.1)
HTTP/1.1 200 OK
Content-Type: application/json; charset=utf-8
cache-control: no-cache
content-length: 788

12:45:13.608 [AsyncHttpClient-1-20] DEBUG org.asynchttpclient.netty.channel.ChannelManager - Adding key: http://localhost:55007 for channel [id: 0x10730f8d, L:/127.0.0.1:51931 - R:localhost/127.0.0.1:55007]
12:45:13.622 [AsyncHttpClient-1-21] DEBUG org.asynchttpclient.netty.channel.NettyConnectListener - Using new Channel '[id: 0xea9fb99d, L:/127.0.0.1:51938 - R:localhost/127.0.0.1:51932]' for 'GET' to '/json/version'
12:45:13.633 [AsyncHttpClient-1-21] DEBUG org.asynchttpclient.netty.handler.HttpHandler - 

Request DefaultFullHttpRequest(decodeResult: success, version: HTTP/1.1, content: EmptyByteBufBE)
GET /json/version HTTP/1.1
User-Agent: selenium/4.1.2 (java windows)
host: localhost:51932
accept: */*

Response DefaultHttpResponse(decodeResult: success, version: HTTP/1.1)
HTTP/1.1 200 OK
Content-Type: application/json; charset=UTF-8
content-length: 423

12:45:13.633 [AsyncHttpClient-1-21] DEBUG org.asynchttpclient.netty.channel.ChannelManager - Adding key: http://localhost:51932 for channel [id: 0xea9fb99d, L:/127.0.0.1:51938 - R:localhost/127.0.0.1:51932]
12:45:13.636 [AsyncHttpClient-1-22] DEBUG org.asynchttpclient.netty.channel.NettyConnectListener - Using new Channel '[id: 0xb2f1474f, L:/127.0.0.1:51939 - R:localhost/127.0.0.1:51932]' for 'GET' to '/devtools/browser/8823e331-861e-4da6-866f-cdd97beca8ce'
12:45:13.637 [AsyncHttpClient-1-22] DEBUG org.asynchttpclient.netty.handler.WebSocketHandler - 

Request DefaultFullHttpRequest(decodeResult: success, version: HTTP/1.1, content: EmptyByteBufBE)
GET /devtools/browser/8823e331-861e-4da6-866f-cdd97beca8ce HTTP/1.1
upgrade: websocket
connection: upgrade
sec-websocket-key: CQv3cPnAq7nw8gRrESP3ZQ==
sec-websocket-version: 13
origin: http://localhost:51932
host: localhost:51932
accept: */*
user-agent: AHC/2.1

Response DefaultHttpResponse(decodeResult: success, version: HTTP/1.1)
HTTP/1.1 101 WebSocket Protocol Handshake
Upgrade: WebSocket
Connection: Upgrade
Sec-WebSocket-Accept: pDUQ+DxpCgRV+6Wygb3ytpGrYDI=

12:45:13.641 [Forwarding get on session 1eee8c83a2c405e88f569ed811aff73d to remote] DEBUG org.asynchttpclient.netty.request.NettyRequestSender - Using pooled Channel '[id: 0x10730f8d, L:/127.0.0.1:51931 - R:localhost/127.0.0.1:55007]' for 'POST' to 'http://localhost:55007/session/1eee8c83a2c405e88f569ed811aff73d/url'
12:45:13.641 [Forwarding get on session 1eee8c83a2c405e88f569ed811aff73d to remote] DEBUG org.asynchttpclient.netty.request.NettyRequestSender - Using open Channel [id: 0x10730f8d, L:/127.0.0.1:51931 - R:localhost/127.0.0.1:55007] for POST '/session/1eee8c83a2c405e88f569ed811aff73d/url'
12:45:13.845 [AsyncHttpClient-1-1] DEBUG org.asynchttpclient.netty.channel.DefaultChannelPool - Entry count for : http://localhost:51932 : 1
12:45:14.728 [AsyncHttpClient-1-20] DEBUG org.asynchttpclient.netty.handler.HttpHandler - 

Request DefaultHttpRequest(decodeResult: success, version: HTTP/1.1)
POST /session/1eee8c83a2c405e88f569ed811aff73d/url HTTP/1.1
User-Agent: selenium/4.1.2 (java windows)
Content-Length: 59
Content-Type: application/json; charset=utf-8
host: localhost:55007
accept: */*

Response DefaultHttpResponse(decodeResult: success, version: HTTP/1.1)
HTTP/1.1 200 OK
Content-Type: application/json; charset=utf-8
cache-control: no-cache
content-length: 14

12:45:14.728 [AsyncHttpClient-1-20] DEBUG org.asynchttpclient.netty.channel.ChannelManager - Adding key: http://localhost:55007 for channel [id: 0x10730f8d, L:/127.0.0.1:51931 - R:localhost/127.0.0.1:55007]
12:45:14.729 [Forwarding setTimeout on session 1eee8c83a2c405e88f569ed811aff73d to remote] DEBUG org.asynchttpclient.netty.request.NettyRequestSender - Using pooled Channel '[id: 0x10730f8d, L:/127.0.0.1:51931 - R:localhost/127.0.0.1:55007]' for 'POST' to 'http://localhost:55007/session/1eee8c83a2c405e88f569ed811aff73d/timeouts'
12:45:14.729 [Forwarding setTimeout on session 1eee8c83a2c405e88f569ed811aff73d to remote] DEBUG org.asynchttpclient.netty.request.NettyRequestSender - Using open Channel [id: 0x10730f8d, L:/127.0.0.1:51931 - R:localhost/127.0.0.1:55007] for POST '/session/1eee8c83a2c405e88f569ed811aff73d/timeouts'
12:45:14.731 [AsyncHttpClient-1-20] DEBUG org.asynchttpclient.netty.handler.HttpHandler - 

Request DefaultHttpRequest(decodeResult: success, version: HTTP/1.1)
POST /session/1eee8c83a2c405e88f569ed811aff73d/timeouts HTTP/1.1
User-Agent: selenium/4.1.2 (java windows)
Content-Length: 22
Content-Type: application/json; charset=utf-8
host: localhost:55007
accept: */*

Response DefaultHttpResponse(decodeResult: success, version: HTTP/1.1)
HTTP/1.1 200 OK
Content-Type: application/json; charset=utf-8
cache-control: no-cache
content-length: 14

12:45:14.731 [AsyncHttpClient-1-20] DEBUG org.asynchttpclient.netty.channel.ChannelManager - Adding key: http://localhost:55007 for channel [id: 0x10730f8d, L:/127.0.0.1:51931 - R:localhost/127.0.0.1:55007]
12:45:14.735 [Forwarding getCurrentUrl on session 1eee8c83a2c405e88f569ed811aff73d to remote] DEBUG org.asynchttpclient.netty.request.NettyRequestSender - Using pooled Channel '[id: 0x10730f8d, L:/127.0.0.1:51931 - R:localhost/127.0.0.1:55007]' for 'GET' to 'http://localhost:55007/session/1eee8c83a2c405e88f569ed811aff73d/url'
12:45:14.735 [Forwarding getCurrentUrl on session 1eee8c83a2c405e88f569ed811aff73d to remote] DEBUG org.asynchttpclient.netty.request.NettyRequestSender - Using open Channel [id: 0x10730f8d, L:/127.0.0.1:51931 - R:localhost/127.0.0.1:55007] for GET '/session/1eee8c83a2c405e88f569ed811aff73d/url'
12:45:14.742 [AsyncHttpClient-1-20] DEBUG org.asynchttpclient.netty.handler.HttpHandler - 

Request DefaultFullHttpRequest(decodeResult: success, version: HTTP/1.1, content: EmptyByteBufBE)
GET /session/1eee8c83a2c405e88f569ed811aff73d/url HTTP/1.1
User-Agent: selenium/4.1.2 (java windows)
Cache-Control: no-cache
Content-Type: application/json; charset=utf-8
host: localhost:55007
accept: */*

Response DefaultHttpResponse(decodeResult: success, version: HTTP/1.1)
HTTP/1.1 200 OK
Content-Type: application/json; charset=utf-8
cache-control: no-cache
content-length: 41

12:45:14.743 [AsyncHttpClient-1-20] DEBUG org.asynchttpclient.netty.channel.ChannelManager - Adding key: http://localhost:55007 for channel [id: 0x10730f8d, L:/127.0.0.1:51931 - R:localhost/127.0.0.1:55007]
  &amp#27;[32mGiven &amp#27;[0m&amp#27;[32mI am on home page&amp#27;[0m                       &amp#27;[90m# starter.stepdefinition.LoginStep.iAmOnHomePage()&amp#27;[0m
12:45:14.751 [Forwarding screenshot on session 1eee8c83a2c405e88f569ed811aff73d to remote] DEBUG org.asynchttpclient.netty.request.NettyRequestSender - Using pooled Channel '[id: 0x10730f8d, L:/127.0.0.1:51931 - R:localhost/127.0.0.1:55007]' for 'GET' to 'http://localhost:55007/session/1eee8c83a2c405e88f569ed811aff73d/screenshot'
12:45:14.751 [Forwarding screenshot on session 1eee8c83a2c405e88f569ed811aff73d to remote] DEBUG org.asynchttpclient.netty.request.NettyRequestSender - Using open Channel [id: 0x10730f8d, L:/127.0.0.1:51931 - R:localhost/127.0.0.1:55007] for GET '/session/1eee8c83a2c405e88f569ed811aff73d/screenshot'
12:45:14.910 [AsyncHttpClient-1-20] DEBUG org.asynchttpclient.netty.handler.HttpHandler - 

Request DefaultFullHttpRequest(decodeResult: success, version: HTTP/1.1, content: EmptyByteBufBE)
GET /session/1eee8c83a2c405e88f569ed811aff73d/screenshot HTTP/1.1
User-Agent: selenium/4.1.2 (java windows)
Cache-Control: no-cache
Content-Type: application/json; charset=utf-8
host: localhost:55007
accept: */*

Response DefaultHttpResponse(decodeResult: success, version: HTTP/1.1)
HTTP/1.1 200 OK
Content-Type: application/json; charset=utf-8
cache-control: no-cache
content-length: 36656

12:45:14.910 [AsyncHttpClient-1-20] DEBUG org.asynchttpclient.netty.channel.ChannelManager - Adding key: http://localhost:55007 for channel [id: 0x10730f8d, L:/127.0.0.1:51931 - R:localhost/127.0.0.1:55007]
12:45:14.913 [main] DEBUG net.serenitybdd.core.photography.Darkroom - Send negative for processing for target\site\serenity\91ed50faf1b5852b44b6262f607926ecac58f288cb50b02e2ee865858667ff3e.png
12:45:14.914 [Darkroom Processing Line] DEBUG net.serenitybdd.core.photography.DarkroomProcessingLine - Processing screenshot image in /var/screenshots/screenshot-4905560508389954503
12:45:14.914 [Darkroom Processing Line] DEBUG net.serenitybdd.core.photography.DarkroomProcessingLine - Saving screenshot to target\site\serenity\91ed50faf1b5852b44b6262f607926ecac58f288cb50b02e2ee865858667ff3e.png
12:45:14.920 [Forwarding findElement on session 1eee8c83a2c405e88f569ed811aff73d to remote] DEBUG org.asynchttpclient.netty.request.NettyRequestSender - Using pooled Channel '[id: 0x10730f8d, L:/127.0.0.1:51931 - R:localhost/127.0.0.1:55007]' for 'POST' to 'http://localhost:55007/session/1eee8c83a2c405e88f569ed811aff73d/element'
12:45:14.920 [Forwarding findElement on session 1eee8c83a2c405e88f569ed811aff73d to remote] DEBUG org.asynchttpclient.netty.request.NettyRequestSender - Using open Channel [id: 0x10730f8d, L:/127.0.0.1:51931 - R:localhost/127.0.0.1:55007] for POST '/session/1eee8c83a2c405e88f569ed811aff73d/element'
12:45:14.931 [AsyncHttpClient-1-20] DEBUG org.asynchttpclient.netty.handler.HttpHandler - 

Request DefaultHttpRequest(decodeResult: success, version: HTTP/1.1)
POST /session/1eee8c83a2c405e88f569ed811aff73d/element HTTP/1.1
User-Agent: selenium/4.1.2 (java windows)
Content-Length: 97
Content-Type: application/json; charset=utf-8
host: localhost:55007
accept: */*

Response DefaultHttpResponse(decodeResult: success, version: HTTP/1.1)
HTTP/1.1 200 OK
Content-Type: application/json; charset=utf-8
cache-control: no-cache
content-length: 88

12:45:14.931 [AsyncHttpClient-1-20] DEBUG org.asynchttpclient.netty.channel.ChannelManager - Adding key: http://localhost:55007 for channel [id: 0x10730f8d, L:/127.0.0.1:51931 - R:localhost/127.0.0.1:55007]
12:45:14.934 [Forwarding getElementTagName on session 1eee8c83a2c405e88f569ed811aff73d to remote] DEBUG org.asynchttpclient.netty.request.NettyRequestSender - Using pooled Channel '[id: 0x10730f8d, L:/127.0.0.1:51931 - R:localhost/127.0.0.1:55007]' for 'GET' to 'http://localhost:55007/session/1eee8c83a2c405e88f569ed811aff73d/element/f8c7eefd-07b9-453a-8cfc-bbeb09b18dc8/name'
12:45:14.934 [Forwarding getElementTagName on session 1eee8c83a2c405e88f569ed811aff73d to remote] DEBUG org.asynchttpclient.netty.request.NettyRequestSender - Using open Channel [id: 0x10730f8d, L:/127.0.0.1:51931 - R:localhost/127.0.0.1:55007] for GET '/session/1eee8c83a2c405e88f569ed811aff73d/element/f8c7eefd-07b9-453a-8cfc-bbeb09b18dc8/name'
12:45:14.941 [AsyncHttpClient-1-20] DEBUG org.asynchttpclient.netty.handler.HttpHandler - 

Request DefaultFullHttpRequest(decodeResult: success, version: HTTP/1.1, content: EmptyByteBufBE)
GET /session/1eee8c83a2c405e88f569ed811aff73d/element/f8c7eefd-07b9-453a-8cfc-bbeb09b18dc8/name HTTP/1.1
User-Agent: selenium/4.1.2 (java windows)
Cache-Control: no-cache
Content-Type: application/json; charset=utf-8
host: localhost:55007
accept: */*

Response DefaultHttpResponse(decodeResult: success, version: HTTP/1.1)
HTTP/1.1 200 OK
Content-Type: application/json; charset=utf-8
cache-control: no-cache
content-length: 13

12:45:14.941 [AsyncHttpClient-1-20] DEBUG org.asynchttpclient.netty.channel.ChannelManager - Adding key: http://localhost:55007 for channel [id: 0x10730f8d, L:/127.0.0.1:51931 - R:localhost/127.0.0.1:55007]
12:45:14.942 [Forwarding getElementTagName on session 1eee8c83a2c405e88f569ed811aff73d to remote] DEBUG org.asynchttpclient.netty.request.NettyRequestSender - Using pooled Channel '[id: 0x10730f8d, L:/127.0.0.1:51931 - R:localhost/127.0.0.1:55007]' for 'GET' to 'http://localhost:55007/session/1eee8c83a2c405e88f569ed811aff73d/element/f8c7eefd-07b9-453a-8cfc-bbeb09b18dc8/name'
12:45:14.942 [Forwarding getElementTagName on session 1eee8c83a2c405e88f569ed811aff73d to remote] DEBUG org.asynchttpclient.netty.request.NettyRequestSender - Using open Channel [id: 0x10730f8d, L:/127.0.0.1:51931 - R:localhost/127.0.0.1:55007] for GET '/session/1eee8c83a2c405e88f569ed811aff73d/element/f8c7eefd-07b9-453a-8cfc-bbeb09b18dc8/name'
12:45:14.945 [AsyncHttpClient-1-20] DEBUG org.asynchttpclient.netty.handler.HttpHandler - 

Request DefaultFullHttpRequest(decodeResult: success, version: HTTP/1.1, content: EmptyByteBufBE)
GET /session/1eee8c83a2c405e88f569ed811aff73d/element/f8c7eefd-07b9-453a-8cfc-bbeb09b18dc8/name HTTP/1.1
User-Agent: selenium/4.1.2 (java windows)
Cache-Control: no-cache
Content-Type: application/json; charset=utf-8
host: localhost:55007
accept: */*

Response DefaultHttpResponse(decodeResult: success, version: HTTP/1.1)
HTTP/1.1 200 OK
Content-Type: application/json; charset=utf-8
cache-control: no-cache
content-length: 13

12:45:14.946 [AsyncHttpClient-1-1] DEBUG org.asynchttpclient.netty.channel.DefaultChannelPool - Entry count for : http://localhost:51932 : 1
12:45:14.946 [AsyncHttpClient-1-20] DEBUG org.asynchttpclient.netty.channel.ChannelManager - Adding key: http://localhost:55007 for channel [id: 0x10730f8d, L:/127.0.0.1:51931 - R:localhost/127.0.0.1:55007]
12:45:14.947 [Forwarding findElement on session 1eee8c83a2c405e88f569ed811aff73d to remote] DEBUG org.asynchttpclient.netty.request.NettyRequestSender - Using pooled Channel '[id: 0x10730f8d, L:/127.0.0.1:51931 - R:localhost/127.0.0.1:55007]' for 'POST' to 'http://localhost:55007/session/1eee8c83a2c405e88f569ed811aff73d/element'
12:45:14.947 [Forwarding findElement on session 1eee8c83a2c405e88f569ed811aff73d to remote] DEBUG org.asynchttpclient.netty.request.NettyRequestSender - Using open Channel [id: 0x10730f8d, L:/127.0.0.1:51931 - R:localhost/127.0.0.1:55007] for POST '/session/1eee8c83a2c405e88f569ed811aff73d/element'
12:45:14.958 [AsyncHttpClient-1-20] DEBUG org.asynchttpclient.netty.handler.HttpHandler - 

Request DefaultHttpRequest(decodeResult: success, version: HTTP/1.1)
POST /session/1eee8c83a2c405e88f569ed811aff73d/element HTTP/1.1
User-Agent: selenium/4.1.2 (java windows)
Content-Length: 97
Content-Type: application/json; charset=utf-8
host: localhost:55007
accept: */*

Response DefaultHttpResponse(decodeResult: success, version: HTTP/1.1)
HTTP/1.1 200 OK
Content-Type: application/json; charset=utf-8
cache-control: no-cache
content-length: 88

12:45:14.959 [AsyncHttpClient-1-20] DEBUG org.asynchttpclient.netty.channel.ChannelManager - Adding key: http://localhost:55007 for channel [id: 0x10730f8d, L:/127.0.0.1:51931 - R:localhost/127.0.0.1:55007]
12:45:14.961 [Forwarding clickElement on session 1eee8c83a2c405e88f569ed811aff73d to remote] DEBUG org.asynchttpclient.netty.request.NettyRequestSender - Using pooled Channel '[id: 0x10730f8d, L:/127.0.0.1:51931 - R:localhost/127.0.0.1:55007]' for 'POST' to 'http://localhost:55007/session/1eee8c83a2c405e88f569ed811aff73d/element/f8c7eefd-07b9-453a-8cfc-bbeb09b18dc8/click'
12:45:14.961 [Forwarding clickElement on session 1eee8c83a2c405e88f569ed811aff73d to remote] DEBUG org.asynchttpclient.netty.request.NettyRequestSender - Using open Channel [id: 0x10730f8d, L:/127.0.0.1:51931 - R:localhost/127.0.0.1:55007] for POST '/session/1eee8c83a2c405e88f569ed811aff73d/element/f8c7eefd-07b9-453a-8cfc-bbeb09b18dc8/click'
12:45:15.002 [AsyncHttpClient-1-20] DEBUG org.asynchttpclient.netty.handler.HttpHandler - 

Request DefaultHttpRequest(decodeResult: success, version: HTTP/1.1)
POST /session/1eee8c83a2c405e88f569ed811aff73d/element/f8c7eefd-07b9-453a-8cfc-bbeb09b18dc8/click HTTP/1.1
User-Agent: selenium/4.1.2 (java windows)
Content-Length: 50
Content-Type: application/json; charset=utf-8
host: localhost:55007
accept: */*

Response DefaultHttpResponse(decodeResult: success, version: HTTP/1.1)
HTTP/1.1 200 OK
Content-Type: application/json; charset=utf-8
cache-control: no-cache
content-length: 14

12:45:15.002 [AsyncHttpClient-1-20] DEBUG org.asynchttpclient.netty.channel.ChannelManager - Adding key: http://localhost:55007 for channel [id: 0x10730f8d, L:/127.0.0.1:51931 - R:localhost/127.0.0.1:55007]
  &amp#27;[32mAnd &amp#27;[0m&amp#27;[32mI click icon the login icon&amp#27;[0m               &amp#27;[90m# starter.stepdefinition.LoginStep.iClickIconTheLoginIcon()&amp#27;[0m
12:45:15.009 [Forwarding screenshot on session 1eee8c83a2c405e88f569ed811aff73d to remote] DEBUG org.asynchttpclient.netty.request.NettyRequestSender - Using pooled Channel '[id: 0x10730f8d, L:/127.0.0.1:51931 - R:localhost/127.0.0.1:55007]' for 'GET' to 'http://localhost:55007/session/1eee8c83a2c405e88f569ed811aff73d/screenshot'
12:45:15.009 [Forwarding screenshot on session 1eee8c83a2c405e88f569ed811aff73d to remote] DEBUG org.asynchttpclient.netty.request.NettyRequestSender - Using open Channel [id: 0x10730f8d, L:/127.0.0.1:51931 - R:localhost/127.0.0.1:55007] for GET '/session/1eee8c83a2c405e88f569ed811aff73d/screenshot'
12:45:15.259 [AsyncHttpClient-1-20] DEBUG org.asynchttpclient.netty.handler.HttpHandler - 

Request DefaultFullHttpRequest(decodeResult: success, version: HTTP/1.1, content: EmptyByteBufBE)
GET /session/1eee8c83a2c405e88f569ed811aff73d/screenshot HTTP/1.1
User-Agent: selenium/4.1.2 (java windows)
Cache-Control: no-cache
Content-Type: application/json; charset=utf-8
host: localhost:55007
accept: */*

Response DefaultHttpResponse(decodeResult: success, version: HTTP/1.1)
HTTP/1.1 200 OK
Content-Type: application/json; charset=utf-8
cache-control: no-cache
content-length: 34868

12:45:15.259 [AsyncHttpClient-1-20] DEBUG org.asynchttpclient.netty.channel.ChannelManager - Adding key: http://localhost:55007 for channel [id: 0x10730f8d, L:/127.0.0.1:51931 - R:localhost/127.0.0.1:55007]
12:45:15.260 [main] DEBUG net.serenitybdd.core.photography.Darkroom - Send negative for processing for target\site\serenity\25fb70b96d7b58b0f52c3c98acc4cacc50cdd9d23db3ec7780b775cd220a019b.png
12:45:15.260 [Darkroom Processing Line] DEBUG net.serenitybdd.core.photography.DarkroomProcessingLine - Processing screenshot image in /var/screenshots/screenshot-13698814251734134881
12:45:15.260 [Darkroom Processing Line] DEBUG net.serenitybdd.core.photography.DarkroomProcessingLine - Saving screenshot to target\site\serenity\25fb70b96d7b58b0f52c3c98acc4cacc50cdd9d23db3ec7780b775cd220a019b.png
12:45:15.268 [Forwarding findElement on session 1eee8c83a2c405e88f569ed811aff73d to remote] DEBUG org.asynchttpclient.netty.request.NettyRequestSender - Using pooled Channel '[id: 0x10730f8d, L:/127.0.0.1:51931 - R:localhost/127.0.0.1:55007]' for 'POST' to 'http://localhost:55007/session/1eee8c83a2c405e88f569ed811aff73d/element'
12:45:15.268 [Forwarding findElement on session 1eee8c83a2c405e88f569ed811aff73d to remote] DEBUG org.asynchttpclient.netty.request.NettyRequestSender - Using open Channel [id: 0x10730f8d, L:/127.0.0.1:51931 - R:localhost/127.0.0.1:55007] for POST '/session/1eee8c83a2c405e88f569ed811aff73d/element'
12:45:15.278 [AsyncHttpClient-1-20] DEBUG org.asynchttpclient.netty.handler.HttpHandler - 

Request DefaultHttpRequest(decodeResult: success, version: HTTP/1.1)
POST /session/1eee8c83a2c405e88f569ed811aff73d/element HTTP/1.1
User-Agent: selenium/4.1.2 (java windows)
Content-Length: 88
Content-Type: application/json; charset=utf-8
host: localhost:55007
accept: */*

Response DefaultHttpResponse(decodeResult: success, version: HTTP/1.1)
HTTP/1.1 200 OK
Content-Type: application/json; charset=utf-8
cache-control: no-cache
content-length: 88

12:45:15.278 [AsyncHttpClient-1-20] DEBUG org.asynchttpclient.netty.channel.ChannelManager - Adding key: http://localhost:55007 for channel [id: 0x10730f8d, L:/127.0.0.1:51931 - R:localhost/127.0.0.1:55007]
12:45:15.279 [Forwarding clearElement on session 1eee8c83a2c405e88f569ed811aff73d to remote] DEBUG org.asynchttpclient.netty.request.NettyRequestSender - Using pooled Channel '[id: 0x10730f8d, L:/127.0.0.1:51931 - R:localhost/127.0.0.1:55007]' for 'POST' to 'http://localhost:55007/session/1eee8c83a2c405e88f569ed811aff73d/element/585bd237-c696-434b-8466-ef8b6fbb50e3/clear'
12:45:15.279 [Forwarding clearElement on session 1eee8c83a2c405e88f569ed811aff73d to remote] DEBUG org.asynchttpclient.netty.request.NettyRequestSender - Using open Channel [id: 0x10730f8d, L:/127.0.0.1:51931 - R:localhost/127.0.0.1:55007] for POST '/session/1eee8c83a2c405e88f569ed811aff73d/element/585bd237-c696-434b-8466-ef8b6fbb50e3/clear'
12:45:15.302 [AsyncHttpClient-1-20] DEBUG org.asynchttpclient.netty.handler.HttpHandler - 

Request DefaultHttpRequest(decodeResult: success, version: HTTP/1.1)
POST /session/1eee8c83a2c405e88f569ed811aff73d/element/585bd237-c696-434b-8466-ef8b6fbb50e3/clear HTTP/1.1
User-Agent: selenium/4.1.2 (java windows)
Content-Length: 50
Content-Type: application/json; charset=utf-8
host: localhost:55007
accept: */*

Response DefaultHttpResponse(decodeResult: success, version: HTTP/1.1)
HTTP/1.1 200 OK
Content-Type: application/json; charset=utf-8
cache-control: no-cache
content-length: 14

12:45:15.303 [AsyncHttpClient-1-20] DEBUG org.asynchttpclient.netty.channel.ChannelManager - Adding key: http://localhost:55007 for channel [id: 0x10730f8d, L:/127.0.0.1:51931 - R:localhost/127.0.0.1:55007]
12:45:15.304 [Forwarding sendKeysToElement on session 1eee8c83a2c405e88f569ed811aff73d to remote] DEBUG org.asynchttpclient.netty.request.NettyRequestSender - Using pooled Channel '[id: 0x10730f8d, L:/127.0.0.1:51931 - R:localhost/127.0.0.1:55007]' for 'POST' to 'http://localhost:55007/session/1eee8c83a2c405e88f569ed811aff73d/element/585bd237-c696-434b-8466-ef8b6fbb50e3/value'
12:45:15.304 [Forwarding sendKeysToElement on session 1eee8c83a2c405e88f569ed811aff73d to remote] DEBUG org.asynchttpclient.netty.request.NettyRequestSender - Using open Channel [id: 0x10730f8d, L:/127.0.0.1:51931 - R:localhost/127.0.0.1:55007] for POST '/session/1eee8c83a2c405e88f569ed811aff73d/element/585bd237-c696-434b-8466-ef8b6fbb50e3/value'
12:45:15.388 [AsyncHttpClient-1-20] DEBUG org.asynchttpclient.netty.handler.HttpHandler - 

Request DefaultHttpRequest(decodeResult: success, version: HTTP/1.1)
POST /session/1eee8c83a2c405e88f569ed811aff73d/element/585bd237-c696-434b-8466-ef8b6fbb50e3/value HTTP/1.1
User-Agent: selenium/4.1.2 (java windows)
Content-Length: 261
Content-Type: application/json; charset=utf-8
host: localhost:55007
accept: */*

Response DefaultHttpResponse(decodeResult: success, version: HTTP/1.1)
HTTP/1.1 200 OK
Content-Type: application/json; charset=utf-8
cache-control: no-cache
content-length: 14

12:45:15.388 [AsyncHttpClient-1-20] DEBUG org.asynchttpclient.netty.channel.ChannelManager - Adding key: http://localhost:55007 for channel [id: 0x10730f8d, L:/127.0.0.1:51931 - R:localhost/127.0.0.1:55007]
  &amp#27;[32mWhen &amp#27;[0m&amp#27;[32mI input &amp#27;[0m&amp#27;[32m&amp#27;[1m"ronasari@gmail.com"&amp#27;[0m&amp#27;[32m email&amp#27;[0m       &amp#27;[90m# starter.stepdefinition.LoginStep.iInputEmail(java.lang.String)&amp#27;[0m
12:45:15.393 [Forwarding screenshot on session 1eee8c83a2c405e88f569ed811aff73d to remote] DEBUG org.asynchttpclient.netty.request.NettyRequestSender - Using pooled Channel '[id: 0x10730f8d, L:/127.0.0.1:51931 - R:localhost/127.0.0.1:55007]' for 'GET' to 'http://localhost:55007/session/1eee8c83a2c405e88f569ed811aff73d/screenshot'
12:45:15.393 [Forwarding screenshot on session 1eee8c83a2c405e88f569ed811aff73d to remote] DEBUG org.asynchttpclient.netty.request.NettyRequestSender - Using open Channel [id: 0x10730f8d, L:/127.0.0.1:51931 - R:localhost/127.0.0.1:55007] for GET '/session/1eee8c83a2c405e88f569ed811aff73d/screenshot'
12:45:15.571 [AsyncHttpClient-1-20] DEBUG org.asynchttpclient.netty.handler.HttpHandler - 

Request DefaultFullHttpRequest(decodeResult: success, version: HTTP/1.1, content: EmptyByteBufBE)
GET /session/1eee8c83a2c405e88f569ed811aff73d/screenshot HTTP/1.1
User-Agent: selenium/4.1.2 (java windows)
Cache-Control: no-cache
Content-Type: application/json; charset=utf-8
host: localhost:55007
accept: */*

Response DefaultHttpResponse(decodeResult: success, version: HTTP/1.1)
HTTP/1.1 200 OK
Content-Type: application/json; charset=utf-8
cache-control: no-cache
content-length: 39344

12:45:15.572 [AsyncHttpClient-1-20] DEBUG org.asynchttpclient.netty.channel.ChannelManager - Adding key: http://localhost:55007 for channel [id: 0x10730f8d, L:/127.0.0.1:51931 - R:localhost/127.0.0.1:55007]
12:45:15.573 [main] DEBUG net.serenitybdd.core.photography.Darkroom - Send negative for processing for target\site\serenity\6d90279dc98e16b7471d059e17421ccff0ec6d2cee9052777154c2233acf0361.png
12:45:15.573 [Darkroom Processing Line] DEBUG net.serenitybdd.core.photography.DarkroomProcessingLine - Processing screenshot image in /var/screenshots/screenshot-1425065052648215154
12:45:15.573 [Darkroom Processing Line] DEBUG net.serenitybdd.core.photography.DarkroomProcessingLine - Saving screenshot to target\site\serenity\6d90279dc98e16b7471d059e17421ccff0ec6d2cee9052777154c2233acf0361.png
12:45:15.579 [Forwarding findElement on session 1eee8c83a2c405e88f569ed811aff73d to remote] DEBUG org.asynchttpclient.netty.request.NettyRequestSender - Using pooled Channel '[id: 0x10730f8d, L:/127.0.0.1:51931 - R:localhost/127.0.0.1:55007]' for 'POST' to 'http://localhost:55007/session/1eee8c83a2c405e88f569ed811aff73d/element'
12:45:15.579 [Forwarding findElement on session 1eee8c83a2c405e88f569ed811aff73d to remote] DEBUG org.asynchttpclient.netty.request.NettyRequestSender - Using open Channel [id: 0x10730f8d, L:/127.0.0.1:51931 - R:localhost/127.0.0.1:55007] for POST '/session/1eee8c83a2c405e88f569ed811aff73d/element'
12:45:15.589 [AsyncHttpClient-1-20] DEBUG org.asynchttpclient.netty.handler.HttpHandler - 

Request DefaultHttpRequest(decodeResult: success, version: HTTP/1.1)
POST /session/1eee8c83a2c405e88f569ed811aff73d/element HTTP/1.1
User-Agent: selenium/4.1.2 (java windows)
Content-Length: 91
Content-Type: application/json; charset=utf-8
host: localhost:55007
accept: */*

Response DefaultHttpResponse(decodeResult: success, version: HTTP/1.1)
HTTP/1.1 200 OK
Content-Type: application/json; charset=utf-8
cache-control: no-cache
content-length: 88

12:45:15.589 [AsyncHttpClient-1-20] DEBUG org.asynchttpclient.netty.channel.ChannelManager - Adding key: http://localhost:55007 for channel [id: 0x10730f8d, L:/127.0.0.1:51931 - R:localhost/127.0.0.1:55007]
12:45:15.590 [Forwarding clearElement on session 1eee8c83a2c405e88f569ed811aff73d to remote] DEBUG org.asynchttpclient.netty.request.NettyRequestSender - Using pooled Channel '[id: 0x10730f8d, L:/127.0.0.1:51931 - R:localhost/127.0.0.1:55007]' for 'POST' to 'http://localhost:55007/session/1eee8c83a2c405e88f569ed811aff73d/element/4665b248-673b-4d00-a3e7-9851ee276245/clear'
12:45:15.590 [Forwarding clearElement on session 1eee8c83a2c405e88f569ed811aff73d to remote] DEBUG org.asynchttpclient.netty.request.NettyRequestSender - Using open Channel [id: 0x10730f8d, L:/127.0.0.1:51931 - R:localhost/127.0.0.1:55007] for POST '/session/1eee8c83a2c405e88f569ed811aff73d/element/4665b248-673b-4d00-a3e7-9851ee276245/clear'
12:45:15.624 [AsyncHttpClient-1-20] DEBUG org.asynchttpclient.netty.handler.HttpHandler - 

Request DefaultHttpRequest(decodeResult: success, version: HTTP/1.1)
POST /session/1eee8c83a2c405e88f569ed811aff73d/element/4665b248-673b-4d00-a3e7-9851ee276245/clear HTTP/1.1
User-Agent: selenium/4.1.2 (java windows)
Content-Length: 50
Content-Type: application/json; charset=utf-8
host: localhost:55007
accept: */*

Response DefaultHttpResponse(decodeResult: success, version: HTTP/1.1)
HTTP/1.1 200 OK
Content-Type: application/json; charset=utf-8
cache-control: no-cache
content-length: 14

12:45:15.624 [AsyncHttpClient-1-20] DEBUG org.asynchttpclient.netty.channel.ChannelManager - Adding key: http://localhost:55007 for channel [id: 0x10730f8d, L:/127.0.0.1:51931 - R:localhost/127.0.0.1:55007]
12:45:15.626 [Forwarding sendKeysToElement on session 1eee8c83a2c405e88f569ed811aff73d to remote] DEBUG org.asynchttpclient.netty.request.NettyRequestSender - Using pooled Channel '[id: 0x10730f8d, L:/127.0.0.1:51931 - R:localhost/127.0.0.1:55007]' for 'POST' to 'http://localhost:55007/session/1eee8c83a2c405e88f569ed811aff73d/element/4665b248-673b-4d00-a3e7-9851ee276245/value'
12:45:15.626 [Forwarding sendKeysToElement on session 1eee8c83a2c405e88f569ed811aff73d to remote] DEBUG org.asynchttpclient.netty.request.NettyRequestSender - Using open Channel [id: 0x10730f8d, L:/127.0.0.1:51931 - R:localhost/127.0.0.1:55007] for POST '/session/1eee8c83a2c405e88f569ed811aff73d/element/4665b248-673b-4d00-a3e7-9851ee276245/value'
12:45:15.675 [AsyncHttpClient-1-20] DEBUG org.asynchttpclient.netty.handler.HttpHandler - 

Request DefaultHttpRequest(decodeResult: success, version: HTTP/1.1)
POST /session/1eee8c83a2c405e88f569ed811aff73d/element/4665b248-673b-4d00-a3e7-9851ee276245/value HTTP/1.1
User-Agent: selenium/4.1.2 (java windows)
Content-Length: 101
Content-Type: application/json; charset=utf-8
host: localhost:55007
accept: */*

Response DefaultHttpResponse(decodeResult: success, version: HTTP/1.1)
HTTP/1.1 200 OK
Content-Type: application/json; charset=utf-8
cache-control: no-cache
content-length: 14

12:45:15.675 [AsyncHttpClient-1-20] DEBUG org.asynchttpclient.netty.channel.ChannelManager - Adding key: http://localhost:55007 for channel [id: 0x10730f8d, L:/127.0.0.1:51931 - R:localhost/127.0.0.1:55007]
  &amp#27;[32mAnd &amp#27;[0m&amp#27;[32mI input &amp#27;[0m&amp#27;[32m&amp#27;[1m"na"&amp#27;[0m&amp#27;[32m password&amp#27;[0m                     &amp#27;[90m# starter.stepdefinition.LoginStep.iInputPassword(java.lang.String)&amp#27;[0m
12:45:15.679 [Forwarding screenshot on session 1eee8c83a2c405e88f569ed811aff73d to remote] DEBUG org.asynchttpclient.netty.request.NettyRequestSender - Using pooled Channel '[id: 0x10730f8d, L:/127.0.0.1:51931 - R:localhost/127.0.0.1:55007]' for 'GET' to 'http://localhost:55007/session/1eee8c83a2c405e88f569ed811aff73d/screenshot'
12:45:15.679 [Forwarding screenshot on session 1eee8c83a2c405e88f569ed811aff73d to remote] DEBUG org.asynchttpclient.netty.request.NettyRequestSender - Using open Channel [id: 0x10730f8d, L:/127.0.0.1:51931 - R:localhost/127.0.0.1:55007] for GET '/session/1eee8c83a2c405e88f569ed811aff73d/screenshot'
12:45:15.860 [AsyncHttpClient-1-20] DEBUG org.asynchttpclient.netty.handler.HttpHandler - 

Request DefaultFullHttpRequest(decodeResult: success, version: HTTP/1.1, content: EmptyByteBufBE)
GET /session/1eee8c83a2c405e88f569ed811aff73d/screenshot HTTP/1.1
User-Agent: selenium/4.1.2 (java windows)
Cache-Control: no-cache
Content-Type: application/json; charset=utf-8
host: localhost:55007
accept: */*

Response DefaultHttpResponse(decodeResult: success, version: HTTP/1.1)
HTTP/1.1 200 OK
Content-Type: application/json; charset=utf-8
cache-control: no-cache
content-length: 39692

12:45:15.860 [AsyncHttpClient-1-20] DEBUG org.asynchttpclient.netty.channel.ChannelManager - Adding key: http://localhost:55007 for channel [id: 0x10730f8d, L:/127.0.0.1:51931 - R:localhost/127.0.0.1:55007]
12:45:15.861 [main] DEBUG net.serenitybdd.core.photography.Darkroom - Send negative for processing for target\site\serenity\9ba6f2159af6e714297730a3281c6f23579bda20fbb08d2447394e86c3c5941d.png
12:45:15.861 [Darkroom Processing Line] DEBUG net.serenitybdd.core.photography.DarkroomProcessingLine - Processing screenshot image in /var/screenshots/screenshot-4906535016535908718
12:45:15.861 [Darkroom Processing Line] DEBUG net.serenitybdd.core.photography.DarkroomProcessingLine - Saving screenshot to target\site\serenity\9ba6f2159af6e714297730a3281c6f23579bda20fbb08d2447394e86c3c5941d.png
12:45:15.867 [Forwarding findElement on session 1eee8c83a2c405e88f569ed811aff73d to remote] DEBUG org.asynchttpclient.netty.request.NettyRequestSender - Using pooled Channel '[id: 0x10730f8d, L:/127.0.0.1:51931 - R:localhost/127.0.0.1:55007]' for 'POST' to 'http://localhost:55007/session/1eee8c83a2c405e88f569ed811aff73d/element'
12:45:15.867 [Forwarding findElement on session 1eee8c83a2c405e88f569ed811aff73d to remote] DEBUG org.asynchttpclient.netty.request.NettyRequestSender - Using open Channel [id: 0x10730f8d, L:/127.0.0.1:51931 - R:localhost/127.0.0.1:55007] for POST '/session/1eee8c83a2c405e88f569ed811aff73d/element'
12:45:15.879 [AsyncHttpClient-1-20] DEBUG org.asynchttpclient.netty.handler.HttpHandler - 

Request DefaultHttpRequest(decodeResult: success, version: HTTP/1.1)
POST /session/1eee8c83a2c405e88f569ed811aff73d/element HTTP/1.1
User-Agent: selenium/4.1.2 (java windows)
Content-Length: 141
Content-Type: application/json; charset=utf-8
host: localhost:55007
accept: */*

Response DefaultHttpResponse(decodeResult: success, version: HTTP/1.1)
HTTP/1.1 200 OK
Content-Type: application/json; charset=utf-8
cache-control: no-cache
content-length: 88

12:45:15.879 [AsyncHttpClient-1-20] DEBUG org.asynchttpclient.netty.channel.ChannelManager - Adding key: http://localhost:55007 for channel [id: 0x10730f8d, L:/127.0.0.1:51931 - R:localhost/127.0.0.1:55007]
12:45:15.880 [Forwarding getElementTagName on session 1eee8c83a2c405e88f569ed811aff73d to remote] DEBUG org.asynchttpclient.netty.request.NettyRequestSender - Using pooled Channel '[id: 0x10730f8d, L:/127.0.0.1:51931 - R:localhost/127.0.0.1:55007]' for 'GET' to 'http://localhost:55007/session/1eee8c83a2c405e88f569ed811aff73d/element/b69b7ccc-099c-4131-b4fb-c9755b352e29/name'
12:45:15.880 [Forwarding getElementTagName on session 1eee8c83a2c405e88f569ed811aff73d to remote] DEBUG org.asynchttpclient.netty.request.NettyRequestSender - Using open Channel [id: 0x10730f8d, L:/127.0.0.1:51931 - R:localhost/127.0.0.1:55007] for GET '/session/1eee8c83a2c405e88f569ed811aff73d/element/b69b7ccc-099c-4131-b4fb-c9755b352e29/name'
12:45:15.884 [AsyncHttpClient-1-20] DEBUG org.asynchttpclient.netty.handler.HttpHandler - 

Request DefaultFullHttpRequest(decodeResult: success, version: HTTP/1.1, content: EmptyByteBufBE)
GET /session/1eee8c83a2c405e88f569ed811aff73d/element/b69b7ccc-099c-4131-b4fb-c9755b352e29/name HTTP/1.1
User-Agent: selenium/4.1.2 (java windows)
Cache-Control: no-cache
Content-Type: application/json; charset=utf-8
host: localhost:55007
accept: */*

Response DefaultHttpResponse(decodeResult: success, version: HTTP/1.1)
HTTP/1.1 200 OK
Content-Type: application/json; charset=utf-8
cache-control: no-cache
content-length: 18

12:45:15.884 [AsyncHttpClient-1-20] DEBUG org.asynchttpclient.netty.channel.ChannelManager - Adding key: http://localhost:55007 for channel [id: 0x10730f8d, L:/127.0.0.1:51931 - R:localhost/127.0.0.1:55007]
12:45:15.885 [Forwarding getElementTagName on session 1eee8c83a2c405e88f569ed811aff73d to remote] DEBUG org.asynchttpclient.netty.request.NettyRequestSender - Using pooled Channel '[id: 0x10730f8d, L:/127.0.0.1:51931 - R:localhost/127.0.0.1:55007]' for 'GET' to 'http://localhost:55007/session/1eee8c83a2c405e88f569ed811aff73d/element/b69b7ccc-099c-4131-b4fb-c9755b352e29/name'
12:45:15.885 [Forwarding getElementTagName on session 1eee8c83a2c405e88f569ed811aff73d to remote] DEBUG org.asynchttpclient.netty.request.NettyRequestSender - Using open Channel [id: 0x10730f8d, L:/127.0.0.1:51931 - R:localhost/127.0.0.1:55007] for GET '/session/1eee8c83a2c405e88f569ed811aff73d/element/b69b7ccc-099c-4131-b4fb-c9755b352e29/name'
12:45:15.891 [AsyncHttpClient-1-20] DEBUG org.asynchttpclient.netty.handler.HttpHandler - 

Request DefaultFullHttpRequest(decodeResult: success, version: HTTP/1.1, content: EmptyByteBufBE)
GET /session/1eee8c83a2c405e88f569ed811aff73d/element/b69b7ccc-099c-4131-b4fb-c9755b352e29/name HTTP/1.1
User-Agent: selenium/4.1.2 (java windows)
Cache-Control: no-cache
Content-Type: application/json; charset=utf-8
host: localhost:55007
accept: */*

Response DefaultHttpResponse(decodeResult: success, version: HTTP/1.1)
HTTP/1.1 200 OK
Content-Type: application/json; charset=utf-8
cache-control: no-cache
content-length: 18

12:45:15.893 [AsyncHttpClient-1-20] DEBUG org.asynchttpclient.netty.channel.ChannelManager - Adding key: http://localhost:55007 for channel [id: 0x10730f8d, L:/127.0.0.1:51931 - R:localhost/127.0.0.1:55007]
12:45:15.894 [Forwarding isElementEnabled on session 1eee8c83a2c405e88f569ed811aff73d to remote] DEBUG org.asynchttpclient.netty.request.NettyRequestSender - Using pooled Channel '[id: 0x10730f8d, L:/127.0.0.1:51931 - R:localhost/127.0.0.1:55007]' for 'GET' to 'http://localhost:55007/session/1eee8c83a2c405e88f569ed811aff73d/element/b69b7ccc-099c-4131-b4fb-c9755b352e29/enabled'
12:45:15.894 [Forwarding isElementEnabled on session 1eee8c83a2c405e88f569ed811aff73d to remote] DEBUG org.asynchttpclient.netty.request.NettyRequestSender - Using open Channel [id: 0x10730f8d, L:/127.0.0.1:51931 - R:localhost/127.0.0.1:55007] for GET '/session/1eee8c83a2c405e88f569ed811aff73d/element/b69b7ccc-099c-4131-b4fb-c9755b352e29/enabled'
12:45:15.901 [AsyncHttpClient-1-20] DEBUG org.asynchttpclient.netty.handler.HttpHandler - 

Request DefaultFullHttpRequest(decodeResult: success, version: HTTP/1.1, content: EmptyByteBufBE)
GET /session/1eee8c83a2c405e88f569ed811aff73d/element/b69b7ccc-099c-4131-b4fb-c9755b352e29/enabled HTTP/1.1
User-Agent: selenium/4.1.2 (java windows)
Cache-Control: no-cache
Content-Type: application/json; charset=utf-8
host: localhost:55007
accept: */*

Response DefaultHttpResponse(decodeResult: success, version: HTTP/1.1)
HTTP/1.1 200 OK
Content-Type: application/json; charset=utf-8
cache-control: no-cache
content-length: 14

12:45:15.902 [AsyncHttpClient-1-20] DEBUG org.asynchttpclient.netty.channel.ChannelManager - Adding key: http://localhost:55007 for channel [id: 0x10730f8d, L:/127.0.0.1:51931 - R:localhost/127.0.0.1:55007]
12:45:15.903 [Forwarding isElementEnabled on session 1eee8c83a2c405e88f569ed811aff73d to remote] DEBUG org.asynchttpclient.netty.request.NettyRequestSender - Using pooled Channel '[id: 0x10730f8d, L:/127.0.0.1:51931 - R:localhost/127.0.0.1:55007]' for 'GET' to 'http://localhost:55007/session/1eee8c83a2c405e88f569ed811aff73d/element/b69b7ccc-099c-4131-b4fb-c9755b352e29/enabled'
12:45:15.903 [Forwarding isElementEnabled on session 1eee8c83a2c405e88f569ed811aff73d to remote] DEBUG org.asynchttpclient.netty.request.NettyRequestSender - Using open Channel [id: 0x10730f8d, L:/127.0.0.1:51931 - R:localhost/127.0.0.1:55007] for GET '/session/1eee8c83a2c405e88f569ed811aff73d/element/b69b7ccc-099c-4131-b4fb-c9755b352e29/enabled'
12:45:15.908 [AsyncHttpClient-1-20] DEBUG org.asynchttpclient.netty.handler.HttpHandler - 

Request DefaultFullHttpRequest(decodeResult: success, version: HTTP/1.1, content: EmptyByteBufBE)
GET /session/1eee8c83a2c405e88f569ed811aff73d/element/b69b7ccc-099c-4131-b4fb-c9755b352e29/enabled HTTP/1.1
User-Agent: selenium/4.1.2 (java windows)
Cache-Control: no-cache
Content-Type: application/json; charset=utf-8
host: localhost:55007
accept: */*

Response DefaultHttpResponse(decodeResult: success, version: HTTP/1.1)
HTTP/1.1 200 OK
Content-Type: application/json; charset=utf-8
cache-control: no-cache
content-length: 14

12:45:15.917 [AsyncHttpClient-1-20] DEBUG org.asynchttpclient.netty.channel.ChannelManager - Adding key: http://localhost:55007 for channel [id: 0x10730f8d, L:/127.0.0.1:51931 - R:localhost/127.0.0.1:55007]
12:45:15.918 [Forwarding findElement on session 1eee8c83a2c405e88f569ed811aff73d to remote] DEBUG org.asynchttpclient.netty.request.NettyRequestSender - Using pooled Channel '[id: 0x10730f8d, L:/127.0.0.1:51931 - R:localhost/127.0.0.1:55007]' for 'POST' to 'http://localhost:55007/session/1eee8c83a2c405e88f569ed811aff73d/element'
12:45:15.918 [Forwarding findElement on session 1eee8c83a2c405e88f569ed811aff73d to remote] DEBUG org.asynchttpclient.netty.request.NettyRequestSender - Using open Channel [id: 0x10730f8d, L:/127.0.0.1:51931 - R:localhost/127.0.0.1:55007] for POST '/session/1eee8c83a2c405e88f569ed811aff73d/element'
12:45:15.925 [AsyncHttpClient-1-20] DEBUG org.asynchttpclient.netty.handler.HttpHandler - 

Request DefaultHttpRequest(decodeResult: success, version: HTTP/1.1)
POST /session/1eee8c83a2c405e88f569ed811aff73d/element HTTP/1.1
User-Agent: selenium/4.1.2 (java windows)
Content-Length: 141
Content-Type: application/json; charset=utf-8
host: localhost:55007
accept: */*

Response DefaultHttpResponse(decodeResult: success, version: HTTP/1.1)
HTTP/1.1 200 OK
Content-Type: application/json; charset=utf-8
cache-control: no-cache
content-length: 88

12:45:15.925 [AsyncHttpClient-1-20] DEBUG org.asynchttpclient.netty.channel.ChannelManager - Adding key: http://localhost:55007 for channel [id: 0x10730f8d, L:/127.0.0.1:51931 - R:localhost/127.0.0.1:55007]
12:45:15.926 [Forwarding clickElement on session 1eee8c83a2c405e88f569ed811aff73d to remote] DEBUG org.asynchttpclient.netty.request.NettyRequestSender - Using pooled Channel '[id: 0x10730f8d, L:/127.0.0.1:51931 - R:localhost/127.0.0.1:55007]' for 'POST' to 'http://localhost:55007/session/1eee8c83a2c405e88f569ed811aff73d/element/b69b7ccc-099c-4131-b4fb-c9755b352e29/click'
12:45:15.926 [Forwarding clickElement on session 1eee8c83a2c405e88f569ed811aff73d to remote] DEBUG org.asynchttpclient.netty.request.NettyRequestSender - Using open Channel [id: 0x10730f8d, L:/127.0.0.1:51931 - R:localhost/127.0.0.1:55007] for POST '/session/1eee8c83a2c405e88f569ed811aff73d/element/b69b7ccc-099c-4131-b4fb-c9755b352e29/click'
12:45:15.961 [AsyncHttpClient-1-20] DEBUG org.asynchttpclient.netty.handler.HttpHandler - 

Request DefaultHttpRequest(decodeResult: success, version: HTTP/1.1)
POST /session/1eee8c83a2c405e88f569ed811aff73d/element/b69b7ccc-099c-4131-b4fb-c9755b352e29/click HTTP/1.1
User-Agent: selenium/4.1.2 (java windows)
Content-Length: 50
Content-Type: application/json; charset=utf-8
host: localhost:55007
accept: */*

Response DefaultHttpResponse(decodeResult: success, version: HTTP/1.1)
HTTP/1.1 200 OK
Content-Type: application/json; charset=utf-8
cache-control: no-cache
content-length: 14

12:45:15.961 [AsyncHttpClient-1-20] DEBUG org.asynchttpclient.netty.channel.ChannelManager - Adding key: http://localhost:55007 for channel [id: 0x10730f8d, L:/127.0.0.1:51931 - R:localhost/127.0.0.1:55007]
  &amp#27;[32mAnd &amp#27;[0m&amp#27;[32mI click login button&amp#27;[0m                      &amp#27;[90m# starter.stepdefinition.LoginStep.iClickLoginButton()&amp#27;[0m
12:45:15.964 [Forwarding screenshot on session 1eee8c83a2c405e88f569ed811aff73d to remote] DEBUG org.asynchttpclient.netty.request.NettyRequestSender - Using pooled Channel '[id: 0x10730f8d, L:/127.0.0.1:51931 - R:localhost/127.0.0.1:55007]' for 'GET' to 'http://localhost:55007/session/1eee8c83a2c405e88f569ed811aff73d/screenshot'
12:45:15.965 [Forwarding screenshot on session 1eee8c83a2c405e88f569ed811aff73d to remote] DEBUG org.asynchttpclient.netty.request.NettyRequestSender - Using open Channel [id: 0x10730f8d, L:/127.0.0.1:51931 - R:localhost/127.0.0.1:55007] for GET '/session/1eee8c83a2c405e88f569ed811aff73d/screenshot'
12:45:16.046 [AsyncHttpClient-1-1] DEBUG org.asynchttpclient.netty.channel.DefaultChannelPool - Entry count for : http://localhost:51932 : 1
12:45:16.142 [AsyncHttpClient-1-20] DEBUG org.asynchttpclient.netty.handler.HttpHandler - 

Request DefaultFullHttpRequest(decodeResult: success, version: HTTP/1.1, content: EmptyByteBufBE)
GET /session/1eee8c83a2c405e88f569ed811aff73d/screenshot HTTP/1.1
User-Agent: selenium/4.1.2 (java windows)
Cache-Control: no-cache
Content-Type: application/json; charset=utf-8
host: localhost:55007
accept: */*

Response DefaultHttpResponse(decodeResult: success, version: HTTP/1.1)
HTTP/1.1 200 OK
Content-Type: application/json; charset=utf-8
cache-control: no-cache
content-length: 39224

12:45:16.143 [AsyncHttpClient-1-20] DEBUG org.asynchttpclient.netty.channel.ChannelManager - Adding key: http://localhost:55007 for channel [id: 0x10730f8d, L:/127.0.0.1:51931 - R:localhost/127.0.0.1:55007]
12:45:16.144 [main] DEBUG net.serenitybdd.core.photography.Darkroom - Send negative for processing for target\site\serenity\3ca153a14d841fc5238c3a6d2f2ead6635b34e1a8d36ba3724e7070db2605741.png
12:45:16.144 [Darkroom Processing Line] DEBUG net.serenitybdd.core.photography.DarkroomProcessingLine - Processing screenshot image in /var/screenshots/screenshot-1521163043119150957
12:45:16.144 [Darkroom Processing Line] DEBUG net.serenitybdd.core.photography.DarkroomProcessingLine - Saving screenshot to target\site\serenity\3ca153a14d841fc5238c3a6d2f2ead6635b34e1a8d36ba3724e7070db2605741.png
12:45:16.150 [Forwarding findElement on session 1eee8c83a2c405e88f569ed811aff73d to remote] DEBUG org.asynchttpclient.netty.request.NettyRequestSender - Using pooled Channel '[id: 0x10730f8d, L:/127.0.0.1:51931 - R:localhost/127.0.0.1:55007]' for 'POST' to 'http://localhost:55007/session/1eee8c83a2c405e88f569ed811aff73d/element'
12:45:16.150 [Forwarding findElement on session 1eee8c83a2c405e88f569ed811aff73d to remote] DEBUG org.asynchttpclient.netty.request.NettyRequestSender - Using open Channel [id: 0x10730f8d, L:/127.0.0.1:51931 - R:localhost/127.0.0.1:55007] for POST '/session/1eee8c83a2c405e88f569ed811aff73d/element'
12:45:17.035 [AsyncHttpClient-1-20] DEBUG org.asynchttpclient.netty.handler.HttpHandler - 

Request DefaultHttpRequest(decodeResult: success, version: HTTP/1.1)
POST /session/1eee8c83a2c405e88f569ed811aff73d/element HTTP/1.1
User-Agent: selenium/4.1.2 (java windows)
Content-Length: 81
Content-Type: application/json; charset=utf-8
host: localhost:55007
accept: */*

Response DefaultHttpResponse(decodeResult: success, version: HTTP/1.1)
HTTP/1.1 200 OK
Content-Type: application/json; charset=utf-8
cache-control: no-cache
content-length: 88

12:45:17.035 [AsyncHttpClient-1-20] DEBUG org.asynchttpclient.netty.channel.ChannelManager - Adding key: http://localhost:55007 for channel [id: 0x10730f8d, L:/127.0.0.1:51931 - R:localhost/127.0.0.1:55007]
12:45:17.039 [Forwarding isElementDisplayed on session 1eee8c83a2c405e88f569ed811aff73d to remote] DEBUG org.asynchttpclient.netty.request.NettyRequestSender - Using pooled Channel '[id: 0x10730f8d, L:/127.0.0.1:51931 - R:localhost/127.0.0.1:55007]' for 'POST' to 'http://localhost:55007/session/1eee8c83a2c405e88f569ed811aff73d/execute/sync'
12:45:17.039 [Forwarding isElementDisplayed on session 1eee8c83a2c405e88f569ed811aff73d to remote] DEBUG org.asynchttpclient.netty.request.NettyRequestSender - Using open Channel [id: 0x10730f8d, L:/127.0.0.1:51931 - R:localhost/127.0.0.1:55007] for POST '/session/1eee8c83a2c405e88f569ed811aff73d/execute/sync'
12:45:17.058 [AsyncHttpClient-1-20] DEBUG org.asynchttpclient.netty.handler.HttpHandler - 

Request DefaultHttpRequest(decodeResult: success, version: HTTP/1.1)
POST /session/1eee8c83a2c405e88f569ed811aff73d/execute/sync HTTP/1.1
User-Agent: selenium/4.1.2 (java windows)
Content-Length: 48780
Content-Type: application/json; charset=utf-8
host: localhost:55007
accept: */*

Response DefaultHttpResponse(decodeResult: success, version: HTTP/1.1)
HTTP/1.1 200 OK
Content-Type: application/json; charset=utf-8
cache-control: no-cache
content-length: 14

12:45:17.058 [AsyncHttpClient-1-20] DEBUG org.asynchttpclient.netty.channel.ChannelManager - Adding key: http://localhost:55007 for channel [id: 0x10730f8d, L:/127.0.0.1:51931 - R:localhost/127.0.0.1:55007]
  &amp#27;[32mThen &amp#27;[0m&amp#27;[32mI will get the &amp#27;[0m&amp#27;[32m&amp#27;[1m"can't login"&amp#27;[0m             &amp#27;[90m# starter.stepdefinition.LoginStep.iWillGetThe(java.lang.String)&amp#27;[0m
12:45:17.063 [Forwarding screenshot on session 1eee8c83a2c405e88f569ed811aff73d to remote] DEBUG org.asynchttpclient.netty.request.NettyRequestSender - Using pooled Channel '[id: 0x10730f8d, L:/127.0.0.1:51931 - R:localhost/127.0.0.1:55007]' for 'GET' to 'http://localhost:55007/session/1eee8c83a2c405e88f569ed811aff73d/screenshot'
12:45:17.063 [Forwarding screenshot on session 1eee8c83a2c405e88f569ed811aff73d to remote] DEBUG org.asynchttpclient.netty.request.NettyRequestSender - Using open Channel [id: 0x10730f8d, L:/127.0.0.1:51931 - R:localhost/127.0.0.1:55007] for GET '/session/1eee8c83a2c405e88f569ed811aff73d/screenshot'
12:45:17.144 [AsyncHttpClient-1-1] DEBUG org.asynchttpclient.netty.channel.DefaultChannelPool - Entry count for : http://localhost:51932 : 1
12:45:17.235 [AsyncHttpClient-1-20] DEBUG org.asynchttpclient.netty.handler.HttpHandler - 

Request DefaultFullHttpRequest(decodeResult: success, version: HTTP/1.1, content: EmptyByteBufBE)
GET /session/1eee8c83a2c405e88f569ed811aff73d/screenshot HTTP/1.1
User-Agent: selenium/4.1.2 (java windows)
Cache-Control: no-cache
Content-Type: application/json; charset=utf-8
host: localhost:55007
accept: */*

Response DefaultHttpResponse(decodeResult: success, version: HTTP/1.1)
HTTP/1.1 200 OK
Content-Type: application/json; charset=utf-8
cache-control: no-cache
content-length: 45732

12:45:17.235 [AsyncHttpClient-1-20] DEBUG org.asynchttpclient.netty.channel.ChannelManager - Adding key: http://localhost:55007 for channel [id: 0x10730f8d, L:/127.0.0.1:51931 - R:localhost/127.0.0.1:55007]
12:45:17.236 [main] DEBUG net.serenitybdd.core.photography.Darkroom - Send negative for processing for target\site\serenity\330051ff711e09e12138d7e5bde6d893dc64154d830d993d9b13c412f421e017.png
12:45:17.236 [Darkroom Processing Line] DEBUG net.serenitybdd.core.photography.DarkroomProcessingLine - Processing screenshot image in /var/screenshots/screenshot-53088642136970671
12:45:17.236 [Darkroom Processing Line] DEBUG net.serenitybdd.core.photography.DarkroomProcessingLine - Saving screenshot to target\site\serenity\330051ff711e09e12138d7e5bde6d893dc64154d830d993d9b13c412f421e017.png
12:45:17.242 [AsyncHttpClient-1-22] DEBUG org.asynchttpclient.netty.handler.WebSocketHandler - Channel Closed: [id: 0xb2f1474f, L:/127.0.0.1:51939 ! R:localhost/127.0.0.1:51932] with attribute NettyResponseFuture{currentRetry=5,
	isDone=1,
	isCancelled=0,
	asyncHandler=org.asynchttpclient.ws.WebSocketUpgradeHandler@6fcafc7c,
	nettyRequest=org.asynchttpclient.netty.request.NettyRequest@2ac86fe1,
	future=java.util.concurrent.CompletableFuture@5bb30743[Completed normally],
	uri=ws://localhost:51932/devtools/browser/8823e331-861e-4da6-866f-cdd97beca8ce,
	keepAlive=true,
	redirectCount=0,
	timeoutsHolder=null,
	inAuth=0,
	touch=1667972713638}
12:45:17.242 [Driver Command Executor] DEBUG org.asynchttpclient.netty.request.NettyRequestSender - Using pooled Channel '[id: 0x10730f8d, L:/127.0.0.1:51931 - R:localhost/127.0.0.1:55007]' for 'DELETE' to 'http://localhost:55007/session/1eee8c83a2c405e88f569ed811aff73d'
12:45:17.242 [AsyncHttpClient-1-22] DEBUG org.asynchttpclient.netty.channel.ChannelManager - Closing Channel [id: 0xb2f1474f, L:/127.0.0.1:51939 ! R:localhost/127.0.0.1:51932] 
12:45:17.242 [Driver Command Executor] DEBUG org.asynchttpclient.netty.request.NettyRequestSender - Using open Channel [id: 0x10730f8d, L:/127.0.0.1:51931 - R:localhost/127.0.0.1:55007] for DELETE '/session/1eee8c83a2c405e88f569ed811aff73d'
12:45:17.282 [AsyncHttpClient-1-21] DEBUG org.asynchttpclient.netty.handler.HttpHandler - Unexpected I/O exception on channel [id: 0xea9fb99d, L:/127.0.0.1:51938 - R:localhost/127.0.0.1:51932]
java.io.IOException: An existing connection was forcibly closed by the remote host
	at java.base/sun.nio.ch.SocketDispatcher.read0(Native Method)
	at java.base/sun.nio.ch.SocketDispatcher.read(SocketDispatcher.java:43)
	at java.base/sun.nio.ch.IOUtil.readIntoNativeBuffer(IOUtil.java:276)
	at java.base/sun.nio.ch.IOUtil.read(IOUtil.java:233)
	at java.base/sun.nio.ch.IOUtil.read(IOUtil.java:223)
	at java.base/sun.nio.ch.SocketChannelImpl.read(SocketChannelImpl.java:358)
	at io.netty.buffer.PooledByteBuf.setBytes(PooledByteBuf.java:258)
	at io.netty.buffer.AbstractByteBuf.writeBytes(AbstractByteBuf.java:1132)
	at io.netty.channel.socket.nio.NioSocketChannel.doReadBytes(NioSocketChannel.java:350)
	at io.netty.channel.nio.AbstractNioByteChannel$NioByteUnsafe.read(AbstractNioByteChannel.java:151)
	at io.netty.channel.nio.NioEventLoop.processSelectedKey(NioEventLoop.java:722)
	at io.netty.channel.nio.NioEventLoop.processSelectedKeysOptimized(NioEventLoop.java:658)
	at io.netty.channel.nio.NioEventLoop.processSelectedKeys(NioEventLoop.java:584)
	at io.netty.channel.nio.NioEventLoop.run(NioEventLoop.java:496)
	at io.netty.util.concurrent.SingleThreadEventExecutor$4.run(SingleThreadEventExecutor.java:986)
	at io.netty.util.internal.ThreadExecutorMap$2.run(ThreadExecutorMap.java:74)
	at io.netty.util.concurrent.FastThreadLocalRunnable.run(FastThreadLocalRunnable.java:30)
	at java.base/java.lang.Thread.run(Thread.java:834)
12:45:17.282 [AsyncHttpClient-1-21] DEBUG org.asynchttpclient.netty.channel.ChannelManager - Closing Channel [id: 0xea9fb99d, L:/127.0.0.1:51938 - R:localhost/127.0.0.1:51932] 
12:45:17.282 [AsyncHttpClient-1-21] DEBUG org.asynchttpclient.netty.handler.HttpHandler - Channel Closed: [id: 0xea9fb99d, L:/127.0.0.1:51938 ! R:localhost/127.0.0.1:51932] with attribute DISCARD
12:45:17.303 [AsyncHttpClient-1-20] DEBUG org.asynchttpclient.netty.handler.HttpHandler - 

Request DefaultFullHttpRequest(decodeResult: success, version: HTTP/1.1, content: EmptyByteBufBE)
DELETE /session/1eee8c83a2c405e88f569ed811aff73d HTTP/1.1
User-Agent: selenium/4.1.2 (java windows)
Content-Type: application/json; charset=utf-8
host: localhost:55007
accept: */*

Response DefaultHttpResponse(decodeResult: success, version: HTTP/1.1)
HTTP/1.1 200 OK
Content-Type: application/json; charset=utf-8
cache-control: no-cache
content-length: 14

12:45:17.303 [AsyncHttpClient-1-20] DEBUG org.asynchttpclient.netty.channel.ChannelManager - Adding key: http://localhost:55007 for channel [id: 0x10730f8d, L:/127.0.0.1:51931 - R:localhost/127.0.0.1:55007]
12:45:17.346 [AsyncHttpClient-1-20] DEBUG org.asynchttpclient.netty.handler.HttpHandler - Channel Closed: [id: 0x10730f8d, L:/127.0.0.1:51931 ! R:localhost/127.0.0.1:55007] with attribute DISCARD
]]></system-out>
    <system-err><![CDATA[Starting ChromeDriver 107.0.5304.62 (1eec40d3a5764881c92085aaee66d25075c159aa-refs/branch-heads/5304@{#942}) on port 55007
Only local connections are allowed.
Please see https://chromedriver.chromium.org/security-considerations for suggestions on keeping ChromeDriver safe.
ChromeDriver was started successfully.
Nov 09, 2022 12:45:13 PM org.openqa.selenium.remote.ProtocolHandshake createSession
INFO: Detected dialect: W3C
Nov 09, 2022 12:45:13 PM org.openqa.selenium.devtools.CdpVersionFinder findNearestMatch
WARNING: Unable to find an exact match for CDP version 107, so returning the closest version found: a no-op implementation
Nov 09, 2022 12:45:13 PM org.openqa.selenium.devtools.CdpVersionFinder findNearestMatch
INFO: Unable to find CDP implementation matching 107.
Nov 09, 2022 12:45:13 PM org.openqa.selenium.chromium.ChromiumDriver lambda$new$3
WARNING: Unable to find version of CDP to use for . You may need to include a dependency on a specific version of the CDP using something similar to `org.seleniumhq.selenium:selenium-devtools-v86:4.1.2` where the version ("v86") matches the version of the chromium-based browser you're using and the version number of the artifact is the same as Selenium's.
]]></system-err>
  </testcase>
  <testcase name="Login with email and password #7" classname="Login" time="5.708">
    <system-out><![CDATA[
@Login
Scenario Outline: Login with email and password &amp#27;[90m# src/test/resources/features/login.feature:22&amp#27;[0m
12:45:17.428 [main] INFO io.cucumber.core.plugin.SerenityReporter - Running feature from file:///C:/Users/ASUS/Web/src/test/resources/features/login.feature
12:45:17.443 [main] INFO net.serenitybdd.core.webdriver.driverproviders.ChromeDriverProvider - Using automatically driver download
12:45:17.553 [main] DEBUG io.github.bonigarcia.wdm.cache.ResolutionCache - Resolution chrome=107 in cache (valid until 13:44:11 09/11/2022 ICT)
12:45:17.556 [main] DEBUG io.github.bonigarcia.wdm.cache.ResolutionCache - Resolution chrome107=107.0.5304.62 in cache (valid until 12:48:49 09/11/2022 ICT)
12:45:17.558 [main] INFO io.github.bonigarcia.wdm.WebDriverManager - Using chromedriver 107.0.5304.62 (resolved driver for Chrome 107)
12:45:17.566 [main] DEBUG io.github.bonigarcia.wdm.WebDriverManager - Driver chromedriver 107.0.5304.62 found in cache
12:45:17.566 [main] INFO io.github.bonigarcia.wdm.WebDriverManager - Exporting webdriver.chrome.driver as C:\Users\ASUS\.cache\selenium\chromedriver\win32\107.0.5304.62\chromedriver.exe
12:45:17.651 [main] DEBUG net.serenitybdd.core.webdriver.driverproviders.ProvideNewDriver - Instantiating driver
12:45:17.651 [main] DEBUG net.serenitybdd.core.webdriver.driverproviders.ProvideNewDriver - Driver capabilities: Capabilities {acceptInsecureCerts: false, base.url: https://alta-shop.vercel.app/, browserName: chrome, chrome.driver: src/test/resources/webdrive..., driver: chrome, goog:chromeOptions: {args: [], extensions: []}}
12:45:17.742 [AsyncHttpClient-1-23] DEBUG org.asynchttpclient.netty.channel.NettyConnectListener - Using new Channel '[id: 0x3998305b, L:/127.0.0.1:51959 - R:localhost/127.0.0.1:55735]' for 'POST' to '/session'
12:45:18.252 [AsyncHttpClient-1-1] DEBUG org.asynchttpclient.netty.channel.DefaultChannelPool - Entry count for : http://localhost:55007 : 1
12:45:18.252 [AsyncHttpClient-1-1] DEBUG org.asynchttpclient.netty.channel.DefaultChannelPool - Entry count for : http://localhost:51932 : 1
12:45:18.252 [AsyncHttpClient-1-1] DEBUG org.asynchttpclient.netty.channel.DefaultChannelPool - Adding Candidate expired Channel [id: 0x10730f8d, L:/127.0.0.1:51931 ! R:localhost/127.0.0.1:55007] isIdleTimeoutExpired=false isRemotelyClosed=true isTtlExpired=false
12:45:18.252 [AsyncHttpClient-1-1] DEBUG org.asynchttpclient.netty.channel.DefaultChannelPool - Closing Idle Channel [id: 0x10730f8d, L:/127.0.0.1:51931 ! R:localhost/127.0.0.1:55007]
12:45:18.252 [AsyncHttpClient-1-1] DEBUG org.asynchttpclient.netty.channel.DefaultChannelPool - Adding Candidate expired Channel [id: 0xea9fb99d, L:/127.0.0.1:51938 ! R:localhost/127.0.0.1:51932] isIdleTimeoutExpired=false isRemotelyClosed=true isTtlExpired=false
12:45:18.252 [AsyncHttpClient-1-1] DEBUG org.asynchttpclient.netty.channel.DefaultChannelPool - Closing Idle Channel [id: 0xea9fb99d, L:/127.0.0.1:51938 ! R:localhost/127.0.0.1:51932]
12:45:18.252 [AsyncHttpClient-1-1] DEBUG org.asynchttpclient.netty.channel.DefaultChannelPool - Closed 2 connections out of 2 in 0 ms
12:45:20.498 [AsyncHttpClient-1-23] DEBUG org.asynchttpclient.netty.handler.HttpHandler - 

Request DefaultHttpRequest(decodeResult: success, version: HTTP/1.1)
POST /session HTTP/1.1
User-Agent: selenium/4.1.2 (java windows)
Content-Length: 615
Content-Type: application/json; charset=utf-8
host: localhost:55735
accept: */*

Response DefaultHttpResponse(decodeResult: success, version: HTTP/1.1)
HTTP/1.1 200 OK
Content-Type: application/json; charset=utf-8
cache-control: no-cache
content-length: 789

12:45:20.498 [AsyncHttpClient-1-23] DEBUG org.asynchttpclient.netty.channel.ChannelManager - Adding key: http://localhost:55735 for channel [id: 0x3998305b, L:/127.0.0.1:51959 - R:localhost/127.0.0.1:55735]
12:45:20.506 [AsyncHttpClient-1-24] DEBUG org.asynchttpclient.netty.channel.NettyConnectListener - Using new Channel '[id: 0xc509f896, L:/127.0.0.1:51966 - R:localhost/127.0.0.1:51960]' for 'GET' to '/json/version'
12:45:20.508 [AsyncHttpClient-1-24] DEBUG org.asynchttpclient.netty.handler.HttpHandler - 

Request DefaultFullHttpRequest(decodeResult: success, version: HTTP/1.1, content: EmptyByteBufBE)
GET /json/version HTTP/1.1
User-Agent: selenium/4.1.2 (java windows)
host: localhost:51960
accept: */*

Response DefaultHttpResponse(decodeResult: success, version: HTTP/1.1)
HTTP/1.1 200 OK
Content-Type: application/json; charset=UTF-8
content-length: 423

12:45:20.508 [AsyncHttpClient-1-24] DEBUG org.asynchttpclient.netty.channel.ChannelManager - Adding key: http://localhost:51960 for channel [id: 0xc509f896, L:/127.0.0.1:51966 - R:localhost/127.0.0.1:51960]
12:45:20.515 [AsyncHttpClient-1-25] DEBUG org.asynchttpclient.netty.channel.NettyConnectListener - Using new Channel '[id: 0xdf3ab2a3, L:/127.0.0.1:51967 - R:localhost/127.0.0.1:51960]' for 'GET' to '/devtools/browser/5ac7684d-4bc0-433b-bf8b-3b9947f8ae2f'
12:45:20.517 [AsyncHttpClient-1-25] DEBUG org.asynchttpclient.netty.handler.WebSocketHandler - 

Request DefaultFullHttpRequest(decodeResult: success, version: HTTP/1.1, content: EmptyByteBufBE)
GET /devtools/browser/5ac7684d-4bc0-433b-bf8b-3b9947f8ae2f HTTP/1.1
upgrade: websocket
connection: upgrade
sec-websocket-key: OOtmxBBpmJT/LOh33dyGzQ==
sec-websocket-version: 13
origin: http://localhost:51960
host: localhost:51960
accept: */*
user-agent: AHC/2.1

Response DefaultHttpResponse(decodeResult: success, version: HTTP/1.1)
HTTP/1.1 101 WebSocket Protocol Handshake
Upgrade: WebSocket
Connection: Upgrade
Sec-WebSocket-Accept: YtovblFmrJ9Q6secqooktBUqGQA=

12:45:20.522 [Forwarding get on session e43f433802e5ec9faea1a8b0fe41ecc2 to remote] DEBUG org.asynchttpclient.netty.request.NettyRequestSender - Using pooled Channel '[id: 0x3998305b, L:/127.0.0.1:51959 - R:localhost/127.0.0.1:55735]' for 'POST' to 'http://localhost:55735/session/e43f433802e5ec9faea1a8b0fe41ecc2/url'
12:45:20.522 [Forwarding get on session e43f433802e5ec9faea1a8b0fe41ecc2 to remote] DEBUG org.asynchttpclient.netty.request.NettyRequestSender - Using open Channel [id: 0x3998305b, L:/127.0.0.1:51959 - R:localhost/127.0.0.1:55735] for POST '/session/e43f433802e5ec9faea1a8b0fe41ecc2/url'
12:45:21.549 [AsyncHttpClient-1-1] DEBUG org.asynchttpclient.netty.channel.DefaultChannelPool - Entry count for : http://localhost:51960 : 1
12:45:21.604 [AsyncHttpClient-1-23] DEBUG org.asynchttpclient.netty.handler.HttpHandler - 

Request DefaultHttpRequest(decodeResult: success, version: HTTP/1.1)
POST /session/e43f433802e5ec9faea1a8b0fe41ecc2/url HTTP/1.1
User-Agent: selenium/4.1.2 (java windows)
Content-Length: 59
Content-Type: application/json; charset=utf-8
host: localhost:55735
accept: */*

Response DefaultHttpResponse(decodeResult: success, version: HTTP/1.1)
HTTP/1.1 200 OK
Content-Type: application/json; charset=utf-8
cache-control: no-cache
content-length: 14

12:45:21.604 [AsyncHttpClient-1-23] DEBUG org.asynchttpclient.netty.channel.ChannelManager - Adding key: http://localhost:55735 for channel [id: 0x3998305b, L:/127.0.0.1:51959 - R:localhost/127.0.0.1:55735]
12:45:21.606 [Forwarding setTimeout on session e43f433802e5ec9faea1a8b0fe41ecc2 to remote] DEBUG org.asynchttpclient.netty.request.NettyRequestSender - Using pooled Channel '[id: 0x3998305b, L:/127.0.0.1:51959 - R:localhost/127.0.0.1:55735]' for 'POST' to 'http://localhost:55735/session/e43f433802e5ec9faea1a8b0fe41ecc2/timeouts'
12:45:21.606 [Forwarding setTimeout on session e43f433802e5ec9faea1a8b0fe41ecc2 to remote] DEBUG org.asynchttpclient.netty.request.NettyRequestSender - Using open Channel [id: 0x3998305b, L:/127.0.0.1:51959 - R:localhost/127.0.0.1:55735] for POST '/session/e43f433802e5ec9faea1a8b0fe41ecc2/timeouts'
12:45:21.607 [AsyncHttpClient-1-23] DEBUG org.asynchttpclient.netty.handler.HttpHandler - 

Request DefaultHttpRequest(decodeResult: success, version: HTTP/1.1)
POST /session/e43f433802e5ec9faea1a8b0fe41ecc2/timeouts HTTP/1.1
User-Agent: selenium/4.1.2 (java windows)
Content-Length: 22
Content-Type: application/json; charset=utf-8
host: localhost:55735
accept: */*

Response DefaultHttpResponse(decodeResult: success, version: HTTP/1.1)
HTTP/1.1 200 OK
Content-Type: application/json; charset=utf-8
cache-control: no-cache
content-length: 14

12:45:21.607 [AsyncHttpClient-1-23] DEBUG org.asynchttpclient.netty.channel.ChannelManager - Adding key: http://localhost:55735 for channel [id: 0x3998305b, L:/127.0.0.1:51959 - R:localhost/127.0.0.1:55735]
12:45:21.609 [Forwarding getCurrentUrl on session e43f433802e5ec9faea1a8b0fe41ecc2 to remote] DEBUG org.asynchttpclient.netty.request.NettyRequestSender - Using pooled Channel '[id: 0x3998305b, L:/127.0.0.1:51959 - R:localhost/127.0.0.1:55735]' for 'GET' to 'http://localhost:55735/session/e43f433802e5ec9faea1a8b0fe41ecc2/url'
12:45:21.609 [Forwarding getCurrentUrl on session e43f433802e5ec9faea1a8b0fe41ecc2 to remote] DEBUG org.asynchttpclient.netty.request.NettyRequestSender - Using open Channel [id: 0x3998305b, L:/127.0.0.1:51959 - R:localhost/127.0.0.1:55735] for GET '/session/e43f433802e5ec9faea1a8b0fe41ecc2/url'
12:45:21.613 [AsyncHttpClient-1-23] DEBUG org.asynchttpclient.netty.handler.HttpHandler - 

Request DefaultFullHttpRequest(decodeResult: success, version: HTTP/1.1, content: EmptyByteBufBE)
GET /session/e43f433802e5ec9faea1a8b0fe41ecc2/url HTTP/1.1
User-Agent: selenium/4.1.2 (java windows)
Cache-Control: no-cache
Content-Type: application/json; charset=utf-8
host: localhost:55735
accept: */*

Response DefaultHttpResponse(decodeResult: success, version: HTTP/1.1)
HTTP/1.1 200 OK
Content-Type: application/json; charset=utf-8
cache-control: no-cache
content-length: 41

12:45:21.614 [AsyncHttpClient-1-23] DEBUG org.asynchttpclient.netty.channel.ChannelManager - Adding key: http://localhost:55735 for channel [id: 0x3998305b, L:/127.0.0.1:51959 - R:localhost/127.0.0.1:55735]
  &amp#27;[32mGiven &amp#27;[0m&amp#27;[32mI am on home page&amp#27;[0m                       &amp#27;[90m# starter.stepdefinition.LoginStep.iAmOnHomePage()&amp#27;[0m
12:45:21.618 [Forwarding screenshot on session e43f433802e5ec9faea1a8b0fe41ecc2 to remote] DEBUG org.asynchttpclient.netty.request.NettyRequestSender - Using pooled Channel '[id: 0x3998305b, L:/127.0.0.1:51959 - R:localhost/127.0.0.1:55735]' for 'GET' to 'http://localhost:55735/session/e43f433802e5ec9faea1a8b0fe41ecc2/screenshot'
12:45:21.618 [Forwarding screenshot on session e43f433802e5ec9faea1a8b0fe41ecc2 to remote] DEBUG org.asynchttpclient.netty.request.NettyRequestSender - Using open Channel [id: 0x3998305b, L:/127.0.0.1:51959 - R:localhost/127.0.0.1:55735] for GET '/session/e43f433802e5ec9faea1a8b0fe41ecc2/screenshot'
12:45:21.765 [AsyncHttpClient-1-23] DEBUG org.asynchttpclient.netty.handler.HttpHandler - 

Request DefaultFullHttpRequest(decodeResult: success, version: HTTP/1.1, content: EmptyByteBufBE)
GET /session/e43f433802e5ec9faea1a8b0fe41ecc2/screenshot HTTP/1.1
User-Agent: selenium/4.1.2 (java windows)
Cache-Control: no-cache
Content-Type: application/json; charset=utf-8
host: localhost:55735
accept: */*

Response DefaultHttpResponse(decodeResult: success, version: HTTP/1.1)
HTTP/1.1 200 OK
Content-Type: application/json; charset=utf-8
cache-control: no-cache
content-length: 33060

12:45:21.766 [AsyncHttpClient-1-23] DEBUG org.asynchttpclient.netty.channel.ChannelManager - Adding key: http://localhost:55735 for channel [id: 0x3998305b, L:/127.0.0.1:51959 - R:localhost/127.0.0.1:55735]
12:45:21.767 [main] DEBUG net.serenitybdd.core.photography.Darkroom - Send negative for processing for target\site\serenity\37854abee517b8c39026b8cb652e548193a3fdd0584318b2dfac2d8cc2c1d0d9.png
12:45:21.768 [Darkroom Processing Line] DEBUG net.serenitybdd.core.photography.DarkroomProcessingLine - Processing screenshot image in /var/screenshots/screenshot-18102146846098517121
12:45:21.768 [Darkroom Processing Line] DEBUG net.serenitybdd.core.photography.DarkroomProcessingLine - Saving screenshot to target\site\serenity\37854abee517b8c39026b8cb652e548193a3fdd0584318b2dfac2d8cc2c1d0d9.png
12:45:21.774 [Forwarding findElement on session e43f433802e5ec9faea1a8b0fe41ecc2 to remote] DEBUG org.asynchttpclient.netty.request.NettyRequestSender - Using pooled Channel '[id: 0x3998305b, L:/127.0.0.1:51959 - R:localhost/127.0.0.1:55735]' for 'POST' to 'http://localhost:55735/session/e43f433802e5ec9faea1a8b0fe41ecc2/element'
12:45:21.774 [Forwarding findElement on session e43f433802e5ec9faea1a8b0fe41ecc2 to remote] DEBUG org.asynchttpclient.netty.request.NettyRequestSender - Using open Channel [id: 0x3998305b, L:/127.0.0.1:51959 - R:localhost/127.0.0.1:55735] for POST '/session/e43f433802e5ec9faea1a8b0fe41ecc2/element'
12:45:21.784 [AsyncHttpClient-1-23] DEBUG org.asynchttpclient.netty.handler.HttpHandler - 

Request DefaultHttpRequest(decodeResult: success, version: HTTP/1.1)
POST /session/e43f433802e5ec9faea1a8b0fe41ecc2/element HTTP/1.1
User-Agent: selenium/4.1.2 (java windows)
Content-Length: 97
Content-Type: application/json; charset=utf-8
host: localhost:55735
accept: */*

Response DefaultHttpResponse(decodeResult: success, version: HTTP/1.1)
HTTP/1.1 200 OK
Content-Type: application/json; charset=utf-8
cache-control: no-cache
content-length: 88

12:45:21.785 [AsyncHttpClient-1-23] DEBUG org.asynchttpclient.netty.channel.ChannelManager - Adding key: http://localhost:55735 for channel [id: 0x3998305b, L:/127.0.0.1:51959 - R:localhost/127.0.0.1:55735]
12:45:21.787 [Forwarding getElementTagName on session e43f433802e5ec9faea1a8b0fe41ecc2 to remote] DEBUG org.asynchttpclient.netty.request.NettyRequestSender - Using pooled Channel '[id: 0x3998305b, L:/127.0.0.1:51959 - R:localhost/127.0.0.1:55735]' for 'GET' to 'http://localhost:55735/session/e43f433802e5ec9faea1a8b0fe41ecc2/element/219fbaf7-89c0-4574-8dc4-75b894c4fb85/name'
12:45:21.787 [Forwarding getElementTagName on session e43f433802e5ec9faea1a8b0fe41ecc2 to remote] DEBUG org.asynchttpclient.netty.request.NettyRequestSender - Using open Channel [id: 0x3998305b, L:/127.0.0.1:51959 - R:localhost/127.0.0.1:55735] for GET '/session/e43f433802e5ec9faea1a8b0fe41ecc2/element/219fbaf7-89c0-4574-8dc4-75b894c4fb85/name'
12:45:21.792 [AsyncHttpClient-1-23] DEBUG org.asynchttpclient.netty.handler.HttpHandler - 

Request DefaultFullHttpRequest(decodeResult: success, version: HTTP/1.1, content: EmptyByteBufBE)
GET /session/e43f433802e5ec9faea1a8b0fe41ecc2/element/219fbaf7-89c0-4574-8dc4-75b894c4fb85/name HTTP/1.1
User-Agent: selenium/4.1.2 (java windows)
Cache-Control: no-cache
Content-Type: application/json; charset=utf-8
host: localhost:55735
accept: */*

Response DefaultHttpResponse(decodeResult: success, version: HTTP/1.1)
HTTP/1.1 200 OK
Content-Type: application/json; charset=utf-8
cache-control: no-cache
content-length: 13

12:45:21.792 [AsyncHttpClient-1-23] DEBUG org.asynchttpclient.netty.channel.ChannelManager - Adding key: http://localhost:55735 for channel [id: 0x3998305b, L:/127.0.0.1:51959 - R:localhost/127.0.0.1:55735]
12:45:21.793 [Forwarding getElementTagName on session e43f433802e5ec9faea1a8b0fe41ecc2 to remote] DEBUG org.asynchttpclient.netty.request.NettyRequestSender - Using pooled Channel '[id: 0x3998305b, L:/127.0.0.1:51959 - R:localhost/127.0.0.1:55735]' for 'GET' to 'http://localhost:55735/session/e43f433802e5ec9faea1a8b0fe41ecc2/element/219fbaf7-89c0-4574-8dc4-75b894c4fb85/name'
12:45:21.793 [Forwarding getElementTagName on session e43f433802e5ec9faea1a8b0fe41ecc2 to remote] DEBUG org.asynchttpclient.netty.request.NettyRequestSender - Using open Channel [id: 0x3998305b, L:/127.0.0.1:51959 - R:localhost/127.0.0.1:55735] for GET '/session/e43f433802e5ec9faea1a8b0fe41ecc2/element/219fbaf7-89c0-4574-8dc4-75b894c4fb85/name'
12:45:21.797 [AsyncHttpClient-1-23] DEBUG org.asynchttpclient.netty.handler.HttpHandler - 

Request DefaultFullHttpRequest(decodeResult: success, version: HTTP/1.1, content: EmptyByteBufBE)
GET /session/e43f433802e5ec9faea1a8b0fe41ecc2/element/219fbaf7-89c0-4574-8dc4-75b894c4fb85/name HTTP/1.1
User-Agent: selenium/4.1.2 (java windows)
Cache-Control: no-cache
Content-Type: application/json; charset=utf-8
host: localhost:55735
accept: */*

Response DefaultHttpResponse(decodeResult: success, version: HTTP/1.1)
HTTP/1.1 200 OK
Content-Type: application/json; charset=utf-8
cache-control: no-cache
content-length: 13

12:45:21.797 [AsyncHttpClient-1-23] DEBUG org.asynchttpclient.netty.channel.ChannelManager - Adding key: http://localhost:55735 for channel [id: 0x3998305b, L:/127.0.0.1:51959 - R:localhost/127.0.0.1:55735]
12:45:21.798 [Forwarding findElement on session e43f433802e5ec9faea1a8b0fe41ecc2 to remote] DEBUG org.asynchttpclient.netty.request.NettyRequestSender - Using pooled Channel '[id: 0x3998305b, L:/127.0.0.1:51959 - R:localhost/127.0.0.1:55735]' for 'POST' to 'http://localhost:55735/session/e43f433802e5ec9faea1a8b0fe41ecc2/element'
12:45:21.798 [Forwarding findElement on session e43f433802e5ec9faea1a8b0fe41ecc2 to remote] DEBUG org.asynchttpclient.netty.request.NettyRequestSender - Using open Channel [id: 0x3998305b, L:/127.0.0.1:51959 - R:localhost/127.0.0.1:55735] for POST '/session/e43f433802e5ec9faea1a8b0fe41ecc2/element'
12:45:21.804 [AsyncHttpClient-1-23] DEBUG org.asynchttpclient.netty.handler.HttpHandler - 

Request DefaultHttpRequest(decodeResult: success, version: HTTP/1.1)
POST /session/e43f433802e5ec9faea1a8b0fe41ecc2/element HTTP/1.1
User-Agent: selenium/4.1.2 (java windows)
Content-Length: 97
Content-Type: application/json; charset=utf-8
host: localhost:55735
accept: */*

Response DefaultHttpResponse(decodeResult: success, version: HTTP/1.1)
HTTP/1.1 200 OK
Content-Type: application/json; charset=utf-8
cache-control: no-cache
content-length: 88

12:45:21.805 [AsyncHttpClient-1-23] DEBUG org.asynchttpclient.netty.channel.ChannelManager - Adding key: http://localhost:55735 for channel [id: 0x3998305b, L:/127.0.0.1:51959 - R:localhost/127.0.0.1:55735]
12:45:21.807 [Forwarding clickElement on session e43f433802e5ec9faea1a8b0fe41ecc2 to remote] DEBUG org.asynchttpclient.netty.request.NettyRequestSender - Using pooled Channel '[id: 0x3998305b, L:/127.0.0.1:51959 - R:localhost/127.0.0.1:55735]' for 'POST' to 'http://localhost:55735/session/e43f433802e5ec9faea1a8b0fe41ecc2/element/219fbaf7-89c0-4574-8dc4-75b894c4fb85/click'
12:45:21.807 [Forwarding clickElement on session e43f433802e5ec9faea1a8b0fe41ecc2 to remote] DEBUG org.asynchttpclient.netty.request.NettyRequestSender - Using open Channel [id: 0x3998305b, L:/127.0.0.1:51959 - R:localhost/127.0.0.1:55735] for POST '/session/e43f433802e5ec9faea1a8b0fe41ecc2/element/219fbaf7-89c0-4574-8dc4-75b894c4fb85/click'
12:45:21.842 [AsyncHttpClient-1-23] DEBUG org.asynchttpclient.netty.handler.HttpHandler - 

Request DefaultHttpRequest(decodeResult: success, version: HTTP/1.1)
POST /session/e43f433802e5ec9faea1a8b0fe41ecc2/element/219fbaf7-89c0-4574-8dc4-75b894c4fb85/click HTTP/1.1
User-Agent: selenium/4.1.2 (java windows)
Content-Length: 50
Content-Type: application/json; charset=utf-8
host: localhost:55735
accept: */*

Response DefaultHttpResponse(decodeResult: success, version: HTTP/1.1)
HTTP/1.1 200 OK
Content-Type: application/json; charset=utf-8
cache-control: no-cache
content-length: 14

12:45:21.842 [AsyncHttpClient-1-23] DEBUG org.asynchttpclient.netty.channel.ChannelManager - Adding key: http://localhost:55735 for channel [id: 0x3998305b, L:/127.0.0.1:51959 - R:localhost/127.0.0.1:55735]
  &amp#27;[32mAnd &amp#27;[0m&amp#27;[32mI click icon the login icon&amp#27;[0m               &amp#27;[90m# starter.stepdefinition.LoginStep.iClickIconTheLoginIcon()&amp#27;[0m
12:45:21.849 [Forwarding screenshot on session e43f433802e5ec9faea1a8b0fe41ecc2 to remote] DEBUG org.asynchttpclient.netty.request.NettyRequestSender - Using pooled Channel '[id: 0x3998305b, L:/127.0.0.1:51959 - R:localhost/127.0.0.1:55735]' for 'GET' to 'http://localhost:55735/session/e43f433802e5ec9faea1a8b0fe41ecc2/screenshot'
12:45:21.849 [Forwarding screenshot on session e43f433802e5ec9faea1a8b0fe41ecc2 to remote] DEBUG org.asynchttpclient.netty.request.NettyRequestSender - Using open Channel [id: 0x3998305b, L:/127.0.0.1:51959 - R:localhost/127.0.0.1:55735] for GET '/session/e43f433802e5ec9faea1a8b0fe41ecc2/screenshot'
12:45:22.092 [AsyncHttpClient-1-23] DEBUG org.asynchttpclient.netty.handler.HttpHandler - 

Request DefaultFullHttpRequest(decodeResult: success, version: HTTP/1.1, content: EmptyByteBufBE)
GET /session/e43f433802e5ec9faea1a8b0fe41ecc2/screenshot HTTP/1.1
User-Agent: selenium/4.1.2 (java windows)
Cache-Control: no-cache
Content-Type: application/json; charset=utf-8
host: localhost:55735
accept: */*

Response DefaultHttpResponse(decodeResult: success, version: HTTP/1.1)
HTTP/1.1 200 OK
Content-Type: application/json; charset=utf-8
cache-control: no-cache
content-length: 35028

12:45:22.092 [AsyncHttpClient-1-23] DEBUG org.asynchttpclient.netty.channel.ChannelManager - Adding key: http://localhost:55735 for channel [id: 0x3998305b, L:/127.0.0.1:51959 - R:localhost/127.0.0.1:55735]
12:45:22.093 [main] DEBUG net.serenitybdd.core.photography.Darkroom - Send negative for processing for target\site\serenity\3b63ef78b663b72c5874ec3882d4ae1ee1a6e6c21306b75a9a0512cc00d82499.png
12:45:22.093 [Darkroom Processing Line] DEBUG net.serenitybdd.core.photography.DarkroomProcessingLine - Processing screenshot image in /var/screenshots/screenshot-1974072505954100355
12:45:22.093 [Darkroom Processing Line] DEBUG net.serenitybdd.core.photography.DarkroomProcessingLine - Saving screenshot to target\site\serenity\3b63ef78b663b72c5874ec3882d4ae1ee1a6e6c21306b75a9a0512cc00d82499.png
12:45:22.101 [Forwarding findElement on session e43f433802e5ec9faea1a8b0fe41ecc2 to remote] DEBUG org.asynchttpclient.netty.request.NettyRequestSender - Using pooled Channel '[id: 0x3998305b, L:/127.0.0.1:51959 - R:localhost/127.0.0.1:55735]' for 'POST' to 'http://localhost:55735/session/e43f433802e5ec9faea1a8b0fe41ecc2/element'
12:45:22.101 [Forwarding findElement on session e43f433802e5ec9faea1a8b0fe41ecc2 to remote] DEBUG org.asynchttpclient.netty.request.NettyRequestSender - Using open Channel [id: 0x3998305b, L:/127.0.0.1:51959 - R:localhost/127.0.0.1:55735] for POST '/session/e43f433802e5ec9faea1a8b0fe41ecc2/element'
12:45:22.111 [AsyncHttpClient-1-23] DEBUG org.asynchttpclient.netty.handler.HttpHandler - 

Request DefaultHttpRequest(decodeResult: success, version: HTTP/1.1)
POST /session/e43f433802e5ec9faea1a8b0fe41ecc2/element HTTP/1.1
User-Agent: selenium/4.1.2 (java windows)
Content-Length: 88
Content-Type: application/json; charset=utf-8
host: localhost:55735
accept: */*

Response DefaultHttpResponse(decodeResult: success, version: HTTP/1.1)
HTTP/1.1 200 OK
Content-Type: application/json; charset=utf-8
cache-control: no-cache
content-length: 88

12:45:22.111 [AsyncHttpClient-1-23] DEBUG org.asynchttpclient.netty.channel.ChannelManager - Adding key: http://localhost:55735 for channel [id: 0x3998305b, L:/127.0.0.1:51959 - R:localhost/127.0.0.1:55735]
12:45:22.112 [Forwarding clearElement on session e43f433802e5ec9faea1a8b0fe41ecc2 to remote] DEBUG org.asynchttpclient.netty.request.NettyRequestSender - Using pooled Channel '[id: 0x3998305b, L:/127.0.0.1:51959 - R:localhost/127.0.0.1:55735]' for 'POST' to 'http://localhost:55735/session/e43f433802e5ec9faea1a8b0fe41ecc2/element/96093293-bd90-4f5b-ac5f-5eb98c9d614a/clear'
12:45:22.112 [Forwarding clearElement on session e43f433802e5ec9faea1a8b0fe41ecc2 to remote] DEBUG org.asynchttpclient.netty.request.NettyRequestSender - Using open Channel [id: 0x3998305b, L:/127.0.0.1:51959 - R:localhost/127.0.0.1:55735] for POST '/session/e43f433802e5ec9faea1a8b0fe41ecc2/element/96093293-bd90-4f5b-ac5f-5eb98c9d614a/clear'
12:45:22.139 [AsyncHttpClient-1-23] DEBUG org.asynchttpclient.netty.handler.HttpHandler - 

Request DefaultHttpRequest(decodeResult: success, version: HTTP/1.1)
POST /session/e43f433802e5ec9faea1a8b0fe41ecc2/element/96093293-bd90-4f5b-ac5f-5eb98c9d614a/clear HTTP/1.1
User-Agent: selenium/4.1.2 (java windows)
Content-Length: 50
Content-Type: application/json; charset=utf-8
host: localhost:55735
accept: */*

Response DefaultHttpResponse(decodeResult: success, version: HTTP/1.1)
HTTP/1.1 200 OK
Content-Type: application/json; charset=utf-8
cache-control: no-cache
content-length: 14

12:45:22.139 [AsyncHttpClient-1-23] DEBUG org.asynchttpclient.netty.channel.ChannelManager - Adding key: http://localhost:55735 for channel [id: 0x3998305b, L:/127.0.0.1:51959 - R:localhost/127.0.0.1:55735]
12:45:22.140 [Forwarding sendKeysToElement on session e43f433802e5ec9faea1a8b0fe41ecc2 to remote] DEBUG org.asynchttpclient.netty.request.NettyRequestSender - Using pooled Channel '[id: 0x3998305b, L:/127.0.0.1:51959 - R:localhost/127.0.0.1:55735]' for 'POST' to 'http://localhost:55735/session/e43f433802e5ec9faea1a8b0fe41ecc2/element/96093293-bd90-4f5b-ac5f-5eb98c9d614a/value'
12:45:22.140 [Forwarding sendKeysToElement on session e43f433802e5ec9faea1a8b0fe41ecc2 to remote] DEBUG org.asynchttpclient.netty.request.NettyRequestSender - Using open Channel [id: 0x3998305b, L:/127.0.0.1:51959 - R:localhost/127.0.0.1:55735] for POST '/session/e43f433802e5ec9faea1a8b0fe41ecc2/element/96093293-bd90-4f5b-ac5f-5eb98c9d614a/value'
12:45:22.218 [AsyncHttpClient-1-23] DEBUG org.asynchttpclient.netty.handler.HttpHandler - 

Request DefaultHttpRequest(decodeResult: success, version: HTTP/1.1)
POST /session/e43f433802e5ec9faea1a8b0fe41ecc2/element/96093293-bd90-4f5b-ac5f-5eb98c9d614a/value HTTP/1.1
User-Agent: selenium/4.1.2 (java windows)
Content-Length: 261
Content-Type: application/json; charset=utf-8
host: localhost:55735
accept: */*

Response DefaultHttpResponse(decodeResult: success, version: HTTP/1.1)
HTTP/1.1 200 OK
Content-Type: application/json; charset=utf-8
cache-control: no-cache
content-length: 14

12:45:22.219 [AsyncHttpClient-1-23] DEBUG org.asynchttpclient.netty.channel.ChannelManager - Adding key: http://localhost:55735 for channel [id: 0x3998305b, L:/127.0.0.1:51959 - R:localhost/127.0.0.1:55735]
  &amp#27;[32mWhen &amp#27;[0m&amp#27;[32mI input &amp#27;[0m&amp#27;[32m&amp#27;[1m"ronasari@gmail.com"&amp#27;[0m&amp#27;[32m email&amp#27;[0m       &amp#27;[90m# starter.stepdefinition.LoginStep.iInputEmail(java.lang.String)&amp#27;[0m
12:45:22.226 [Forwarding screenshot on session e43f433802e5ec9faea1a8b0fe41ecc2 to remote] DEBUG org.asynchttpclient.netty.request.NettyRequestSender - Using pooled Channel '[id: 0x3998305b, L:/127.0.0.1:51959 - R:localhost/127.0.0.1:55735]' for 'GET' to 'http://localhost:55735/session/e43f433802e5ec9faea1a8b0fe41ecc2/screenshot'
12:45:22.226 [Forwarding screenshot on session e43f433802e5ec9faea1a8b0fe41ecc2 to remote] DEBUG org.asynchttpclient.netty.request.NettyRequestSender - Using open Channel [id: 0x3998305b, L:/127.0.0.1:51959 - R:localhost/127.0.0.1:55735] for GET '/session/e43f433802e5ec9faea1a8b0fe41ecc2/screenshot'
12:45:22.403 [AsyncHttpClient-1-23] DEBUG org.asynchttpclient.netty.handler.HttpHandler - 

Request DefaultFullHttpRequest(decodeResult: success, version: HTTP/1.1, content: EmptyByteBufBE)
GET /session/e43f433802e5ec9faea1a8b0fe41ecc2/screenshot HTTP/1.1
User-Agent: selenium/4.1.2 (java windows)
Cache-Control: no-cache
Content-Type: application/json; charset=utf-8
host: localhost:55735
accept: */*

Response DefaultHttpResponse(decodeResult: success, version: HTTP/1.1)
HTTP/1.1 200 OK
Content-Type: application/json; charset=utf-8
cache-control: no-cache
content-length: 39304

12:45:22.403 [AsyncHttpClient-1-23] DEBUG org.asynchttpclient.netty.channel.ChannelManager - Adding key: http://localhost:55735 for channel [id: 0x3998305b, L:/127.0.0.1:51959 - R:localhost/127.0.0.1:55735]
12:45:22.404 [main] DEBUG net.serenitybdd.core.photography.Darkroom - Send negative for processing for target\site\serenity\b9991a74b6369c54fa127e04764347881df312ea14979a522459075e71d846db.png
12:45:22.405 [Darkroom Processing Line] DEBUG net.serenitybdd.core.photography.DarkroomProcessingLine - Processing screenshot image in /var/screenshots/screenshot-17664889859131462339
12:45:22.405 [Darkroom Processing Line] DEBUG net.serenitybdd.core.photography.DarkroomProcessingLine - Saving screenshot to target\site\serenity\b9991a74b6369c54fa127e04764347881df312ea14979a522459075e71d846db.png
12:45:22.412 [Forwarding findElement on session e43f433802e5ec9faea1a8b0fe41ecc2 to remote] DEBUG org.asynchttpclient.netty.request.NettyRequestSender - Using pooled Channel '[id: 0x3998305b, L:/127.0.0.1:51959 - R:localhost/127.0.0.1:55735]' for 'POST' to 'http://localhost:55735/session/e43f433802e5ec9faea1a8b0fe41ecc2/element'
12:45:22.412 [Forwarding findElement on session e43f433802e5ec9faea1a8b0fe41ecc2 to remote] DEBUG org.asynchttpclient.netty.request.NettyRequestSender - Using open Channel [id: 0x3998305b, L:/127.0.0.1:51959 - R:localhost/127.0.0.1:55735] for POST '/session/e43f433802e5ec9faea1a8b0fe41ecc2/element'
12:45:22.421 [AsyncHttpClient-1-23] DEBUG org.asynchttpclient.netty.handler.HttpHandler - 

Request DefaultHttpRequest(decodeResult: success, version: HTTP/1.1)
POST /session/e43f433802e5ec9faea1a8b0fe41ecc2/element HTTP/1.1
User-Agent: selenium/4.1.2 (java windows)
Content-Length: 91
Content-Type: application/json; charset=utf-8
host: localhost:55735
accept: */*

Response DefaultHttpResponse(decodeResult: success, version: HTTP/1.1)
HTTP/1.1 200 OK
Content-Type: application/json; charset=utf-8
cache-control: no-cache
content-length: 88

12:45:22.422 [AsyncHttpClient-1-23] DEBUG org.asynchttpclient.netty.channel.ChannelManager - Adding key: http://localhost:55735 for channel [id: 0x3998305b, L:/127.0.0.1:51959 - R:localhost/127.0.0.1:55735]
12:45:22.423 [Forwarding clearElement on session e43f433802e5ec9faea1a8b0fe41ecc2 to remote] DEBUG org.asynchttpclient.netty.request.NettyRequestSender - Using pooled Channel '[id: 0x3998305b, L:/127.0.0.1:51959 - R:localhost/127.0.0.1:55735]' for 'POST' to 'http://localhost:55735/session/e43f433802e5ec9faea1a8b0fe41ecc2/element/3d69ab43-cd45-49e5-ab88-6b8c0a86bc33/clear'
12:45:22.423 [Forwarding clearElement on session e43f433802e5ec9faea1a8b0fe41ecc2 to remote] DEBUG org.asynchttpclient.netty.request.NettyRequestSender - Using open Channel [id: 0x3998305b, L:/127.0.0.1:51959 - R:localhost/127.0.0.1:55735] for POST '/session/e43f433802e5ec9faea1a8b0fe41ecc2/element/3d69ab43-cd45-49e5-ab88-6b8c0a86bc33/clear'
12:45:22.456 [AsyncHttpClient-1-23] DEBUG org.asynchttpclient.netty.handler.HttpHandler - 

Request DefaultHttpRequest(decodeResult: success, version: HTTP/1.1)
POST /session/e43f433802e5ec9faea1a8b0fe41ecc2/element/3d69ab43-cd45-49e5-ab88-6b8c0a86bc33/clear HTTP/1.1
User-Agent: selenium/4.1.2 (java windows)
Content-Length: 50
Content-Type: application/json; charset=utf-8
host: localhost:55735
accept: */*

Response DefaultHttpResponse(decodeResult: success, version: HTTP/1.1)
HTTP/1.1 200 OK
Content-Type: application/json; charset=utf-8
cache-control: no-cache
content-length: 14

12:45:22.456 [AsyncHttpClient-1-23] DEBUG org.asynchttpclient.netty.channel.ChannelManager - Adding key: http://localhost:55735 for channel [id: 0x3998305b, L:/127.0.0.1:51959 - R:localhost/127.0.0.1:55735]
12:45:22.458 [Forwarding sendKeysToElement on session e43f433802e5ec9faea1a8b0fe41ecc2 to remote] DEBUG org.asynchttpclient.netty.request.NettyRequestSender - Using pooled Channel '[id: 0x3998305b, L:/127.0.0.1:51959 - R:localhost/127.0.0.1:55735]' for 'POST' to 'http://localhost:55735/session/e43f433802e5ec9faea1a8b0fe41ecc2/element/3d69ab43-cd45-49e5-ab88-6b8c0a86bc33/value'
12:45:22.458 [Forwarding sendKeysToElement on session e43f433802e5ec9faea1a8b0fe41ecc2 to remote] DEBUG org.asynchttpclient.netty.request.NettyRequestSender - Using open Channel [id: 0x3998305b, L:/127.0.0.1:51959 - R:localhost/127.0.0.1:55735] for POST '/session/e43f433802e5ec9faea1a8b0fe41ecc2/element/3d69ab43-cd45-49e5-ab88-6b8c0a86bc33/value'
12:45:22.518 [AsyncHttpClient-1-23] DEBUG org.asynchttpclient.netty.handler.HttpHandler - 

Request DefaultHttpRequest(decodeResult: success, version: HTTP/1.1)
POST /session/e43f433802e5ec9faea1a8b0fe41ecc2/element/3d69ab43-cd45-49e5-ab88-6b8c0a86bc33/value HTTP/1.1
User-Agent: selenium/4.1.2 (java windows)
Content-Length: 151
Content-Type: application/json; charset=utf-8
host: localhost:55735
accept: */*

Response DefaultHttpResponse(decodeResult: success, version: HTTP/1.1)
HTTP/1.1 200 OK
Content-Type: application/json; charset=utf-8
cache-control: no-cache
content-length: 14

12:45:22.518 [AsyncHttpClient-1-23] DEBUG org.asynchttpclient.netty.channel.ChannelManager - Adding key: http://localhost:55735 for channel [id: 0x3998305b, L:/127.0.0.1:51959 - R:localhost/127.0.0.1:55735]
  &amp#27;[32mAnd &amp#27;[0m&amp#27;[32mI input &amp#27;[0m&amp#27;[32m&amp#27;[1m"novtami"&amp#27;[0m&amp#27;[32m password&amp#27;[0m                &amp#27;[90m# starter.stepdefinition.LoginStep.iInputPassword(java.lang.String)&amp#27;[0m
12:45:22.524 [Forwarding screenshot on session e43f433802e5ec9faea1a8b0fe41ecc2 to remote] DEBUG org.asynchttpclient.netty.request.NettyRequestSender - Using pooled Channel '[id: 0x3998305b, L:/127.0.0.1:51959 - R:localhost/127.0.0.1:55735]' for 'GET' to 'http://localhost:55735/session/e43f433802e5ec9faea1a8b0fe41ecc2/screenshot'
12:45:22.524 [Forwarding screenshot on session e43f433802e5ec9faea1a8b0fe41ecc2 to remote] DEBUG org.asynchttpclient.netty.request.NettyRequestSender - Using open Channel [id: 0x3998305b, L:/127.0.0.1:51959 - R:localhost/127.0.0.1:55735] for GET '/session/e43f433802e5ec9faea1a8b0fe41ecc2/screenshot'
12:45:22.645 [AsyncHttpClient-1-1] DEBUG org.asynchttpclient.netty.channel.DefaultChannelPool - Entry count for : http://localhost:51960 : 1
12:45:22.691 [AsyncHttpClient-1-23] DEBUG org.asynchttpclient.netty.handler.HttpHandler - 

Request DefaultFullHttpRequest(decodeResult: success, version: HTTP/1.1, content: EmptyByteBufBE)
GET /session/e43f433802e5ec9faea1a8b0fe41ecc2/screenshot HTTP/1.1
User-Agent: selenium/4.1.2 (java windows)
Cache-Control: no-cache
Content-Type: application/json; charset=utf-8
host: localhost:55735
accept: */*

Response DefaultHttpResponse(decodeResult: success, version: HTTP/1.1)
HTTP/1.1 200 OK
Content-Type: application/json; charset=utf-8
cache-control: no-cache
content-length: 41032

12:45:22.691 [AsyncHttpClient-1-23] DEBUG org.asynchttpclient.netty.channel.ChannelManager - Adding key: http://localhost:55735 for channel [id: 0x3998305b, L:/127.0.0.1:51959 - R:localhost/127.0.0.1:55735]
12:45:22.693 [main] DEBUG net.serenitybdd.core.photography.Darkroom - Send negative for processing for target\site\serenity\271bfa2233670e4af92ab1519326725f15e4d90521e97a63c641ed08d70432e2.png
12:45:22.693 [Darkroom Processing Line] DEBUG net.serenitybdd.core.photography.DarkroomProcessingLine - Processing screenshot image in /var/screenshots/screenshot-7127597977463515869
12:45:22.693 [Darkroom Processing Line] DEBUG net.serenitybdd.core.photography.DarkroomProcessingLine - Saving screenshot to target\site\serenity\271bfa2233670e4af92ab1519326725f15e4d90521e97a63c641ed08d70432e2.png
12:45:22.698 [Forwarding findElement on session e43f433802e5ec9faea1a8b0fe41ecc2 to remote] DEBUG org.asynchttpclient.netty.request.NettyRequestSender - Using pooled Channel '[id: 0x3998305b, L:/127.0.0.1:51959 - R:localhost/127.0.0.1:55735]' for 'POST' to 'http://localhost:55735/session/e43f433802e5ec9faea1a8b0fe41ecc2/element'
12:45:22.698 [Forwarding findElement on session e43f433802e5ec9faea1a8b0fe41ecc2 to remote] DEBUG org.asynchttpclient.netty.request.NettyRequestSender - Using open Channel [id: 0x3998305b, L:/127.0.0.1:51959 - R:localhost/127.0.0.1:55735] for POST '/session/e43f433802e5ec9faea1a8b0fe41ecc2/element'
12:45:22.707 [AsyncHttpClient-1-23] DEBUG org.asynchttpclient.netty.handler.HttpHandler - 

Request DefaultHttpRequest(decodeResult: success, version: HTTP/1.1)
POST /session/e43f433802e5ec9faea1a8b0fe41ecc2/element HTTP/1.1
User-Agent: selenium/4.1.2 (java windows)
Content-Length: 141
Content-Type: application/json; charset=utf-8
host: localhost:55735
accept: */*

Response DefaultHttpResponse(decodeResult: success, version: HTTP/1.1)
HTTP/1.1 200 OK
Content-Type: application/json; charset=utf-8
cache-control: no-cache
content-length: 88

12:45:22.707 [AsyncHttpClient-1-23] DEBUG org.asynchttpclient.netty.channel.ChannelManager - Adding key: http://localhost:55735 for channel [id: 0x3998305b, L:/127.0.0.1:51959 - R:localhost/127.0.0.1:55735]
12:45:22.709 [Forwarding getElementTagName on session e43f433802e5ec9faea1a8b0fe41ecc2 to remote] DEBUG org.asynchttpclient.netty.request.NettyRequestSender - Using pooled Channel '[id: 0x3998305b, L:/127.0.0.1:51959 - R:localhost/127.0.0.1:55735]' for 'GET' to 'http://localhost:55735/session/e43f433802e5ec9faea1a8b0fe41ecc2/element/12835255-e68c-4288-8c9f-ca6f4e9bf35b/name'
12:45:22.709 [Forwarding getElementTagName on session e43f433802e5ec9faea1a8b0fe41ecc2 to remote] DEBUG org.asynchttpclient.netty.request.NettyRequestSender - Using open Channel [id: 0x3998305b, L:/127.0.0.1:51959 - R:localhost/127.0.0.1:55735] for GET '/session/e43f433802e5ec9faea1a8b0fe41ecc2/element/12835255-e68c-4288-8c9f-ca6f4e9bf35b/name'
12:45:22.713 [AsyncHttpClient-1-23] DEBUG org.asynchttpclient.netty.handler.HttpHandler - 

Request DefaultFullHttpRequest(decodeResult: success, version: HTTP/1.1, content: EmptyByteBufBE)
GET /session/e43f433802e5ec9faea1a8b0fe41ecc2/element/12835255-e68c-4288-8c9f-ca6f4e9bf35b/name HTTP/1.1
User-Agent: selenium/4.1.2 (java windows)
Cache-Control: no-cache
Content-Type: application/json; charset=utf-8
host: localhost:55735
accept: */*

Response DefaultHttpResponse(decodeResult: success, version: HTTP/1.1)
HTTP/1.1 200 OK
Content-Type: application/json; charset=utf-8
cache-control: no-cache
content-length: 18

12:45:22.714 [AsyncHttpClient-1-23] DEBUG org.asynchttpclient.netty.channel.ChannelManager - Adding key: http://localhost:55735 for channel [id: 0x3998305b, L:/127.0.0.1:51959 - R:localhost/127.0.0.1:55735]
12:45:22.714 [Forwarding getElementTagName on session e43f433802e5ec9faea1a8b0fe41ecc2 to remote] DEBUG org.asynchttpclient.netty.request.NettyRequestSender - Using pooled Channel '[id: 0x3998305b, L:/127.0.0.1:51959 - R:localhost/127.0.0.1:55735]' for 'GET' to 'http://localhost:55735/session/e43f433802e5ec9faea1a8b0fe41ecc2/element/12835255-e68c-4288-8c9f-ca6f4e9bf35b/name'
12:45:22.714 [Forwarding getElementTagName on session e43f433802e5ec9faea1a8b0fe41ecc2 to remote] DEBUG org.asynchttpclient.netty.request.NettyRequestSender - Using open Channel [id: 0x3998305b, L:/127.0.0.1:51959 - R:localhost/127.0.0.1:55735] for GET '/session/e43f433802e5ec9faea1a8b0fe41ecc2/element/12835255-e68c-4288-8c9f-ca6f4e9bf35b/name'
12:45:22.718 [AsyncHttpClient-1-23] DEBUG org.asynchttpclient.netty.handler.HttpHandler - 

Request DefaultFullHttpRequest(decodeResult: success, version: HTTP/1.1, content: EmptyByteBufBE)
GET /session/e43f433802e5ec9faea1a8b0fe41ecc2/element/12835255-e68c-4288-8c9f-ca6f4e9bf35b/name HTTP/1.1
User-Agent: selenium/4.1.2 (java windows)
Cache-Control: no-cache
Content-Type: application/json; charset=utf-8
host: localhost:55735
accept: */*

Response DefaultHttpResponse(decodeResult: success, version: HTTP/1.1)
HTTP/1.1 200 OK
Content-Type: application/json; charset=utf-8
cache-control: no-cache
content-length: 18

12:45:22.718 [AsyncHttpClient-1-23] DEBUG org.asynchttpclient.netty.channel.ChannelManager - Adding key: http://localhost:55735 for channel [id: 0x3998305b, L:/127.0.0.1:51959 - R:localhost/127.0.0.1:55735]
12:45:22.719 [Forwarding isElementEnabled on session e43f433802e5ec9faea1a8b0fe41ecc2 to remote] DEBUG org.asynchttpclient.netty.request.NettyRequestSender - Using pooled Channel '[id: 0x3998305b, L:/127.0.0.1:51959 - R:localhost/127.0.0.1:55735]' for 'GET' to 'http://localhost:55735/session/e43f433802e5ec9faea1a8b0fe41ecc2/element/12835255-e68c-4288-8c9f-ca6f4e9bf35b/enabled'
12:45:22.719 [Forwarding isElementEnabled on session e43f433802e5ec9faea1a8b0fe41ecc2 to remote] DEBUG org.asynchttpclient.netty.request.NettyRequestSender - Using open Channel [id: 0x3998305b, L:/127.0.0.1:51959 - R:localhost/127.0.0.1:55735] for GET '/session/e43f433802e5ec9faea1a8b0fe41ecc2/element/12835255-e68c-4288-8c9f-ca6f4e9bf35b/enabled'
12:45:22.728 [AsyncHttpClient-1-23] DEBUG org.asynchttpclient.netty.handler.HttpHandler - 

Request DefaultFullHttpRequest(decodeResult: success, version: HTTP/1.1, content: EmptyByteBufBE)
GET /session/e43f433802e5ec9faea1a8b0fe41ecc2/element/12835255-e68c-4288-8c9f-ca6f4e9bf35b/enabled HTTP/1.1
User-Agent: selenium/4.1.2 (java windows)
Cache-Control: no-cache
Content-Type: application/json; charset=utf-8
host: localhost:55735
accept: */*

Response DefaultHttpResponse(decodeResult: success, version: HTTP/1.1)
HTTP/1.1 200 OK
Content-Type: application/json; charset=utf-8
cache-control: no-cache
content-length: 14

12:45:22.729 [AsyncHttpClient-1-23] DEBUG org.asynchttpclient.netty.channel.ChannelManager - Adding key: http://localhost:55735 for channel [id: 0x3998305b, L:/127.0.0.1:51959 - R:localhost/127.0.0.1:55735]
12:45:22.730 [Forwarding isElementEnabled on session e43f433802e5ec9faea1a8b0fe41ecc2 to remote] DEBUG org.asynchttpclient.netty.request.NettyRequestSender - Using pooled Channel '[id: 0x3998305b, L:/127.0.0.1:51959 - R:localhost/127.0.0.1:55735]' for 'GET' to 'http://localhost:55735/session/e43f433802e5ec9faea1a8b0fe41ecc2/element/12835255-e68c-4288-8c9f-ca6f4e9bf35b/enabled'
12:45:22.730 [Forwarding isElementEnabled on session e43f433802e5ec9faea1a8b0fe41ecc2 to remote] DEBUG org.asynchttpclient.netty.request.NettyRequestSender - Using open Channel [id: 0x3998305b, L:/127.0.0.1:51959 - R:localhost/127.0.0.1:55735] for GET '/session/e43f433802e5ec9faea1a8b0fe41ecc2/element/12835255-e68c-4288-8c9f-ca6f4e9bf35b/enabled'
12:45:22.735 [AsyncHttpClient-1-23] DEBUG org.asynchttpclient.netty.handler.HttpHandler - 

Request DefaultFullHttpRequest(decodeResult: success, version: HTTP/1.1, content: EmptyByteBufBE)
GET /session/e43f433802e5ec9faea1a8b0fe41ecc2/element/12835255-e68c-4288-8c9f-ca6f4e9bf35b/enabled HTTP/1.1
User-Agent: selenium/4.1.2 (java windows)
Cache-Control: no-cache
Content-Type: application/json; charset=utf-8
host: localhost:55735
accept: */*

Response DefaultHttpResponse(decodeResult: success, version: HTTP/1.1)
HTTP/1.1 200 OK
Content-Type: application/json; charset=utf-8
cache-control: no-cache
content-length: 14

12:45:22.735 [AsyncHttpClient-1-23] DEBUG org.asynchttpclient.netty.channel.ChannelManager - Adding key: http://localhost:55735 for channel [id: 0x3998305b, L:/127.0.0.1:51959 - R:localhost/127.0.0.1:55735]
12:45:22.737 [Forwarding findElement on session e43f433802e5ec9faea1a8b0fe41ecc2 to remote] DEBUG org.asynchttpclient.netty.request.NettyRequestSender - Using pooled Channel '[id: 0x3998305b, L:/127.0.0.1:51959 - R:localhost/127.0.0.1:55735]' for 'POST' to 'http://localhost:55735/session/e43f433802e5ec9faea1a8b0fe41ecc2/element'
12:45:22.737 [Forwarding findElement on session e43f433802e5ec9faea1a8b0fe41ecc2 to remote] DEBUG org.asynchttpclient.netty.request.NettyRequestSender - Using open Channel [id: 0x3998305b, L:/127.0.0.1:51959 - R:localhost/127.0.0.1:55735] for POST '/session/e43f433802e5ec9faea1a8b0fe41ecc2/element'
12:45:22.745 [AsyncHttpClient-1-23] DEBUG org.asynchttpclient.netty.handler.HttpHandler - 

Request DefaultHttpRequest(decodeResult: success, version: HTTP/1.1)
POST /session/e43f433802e5ec9faea1a8b0fe41ecc2/element HTTP/1.1
User-Agent: selenium/4.1.2 (java windows)
Content-Length: 141
Content-Type: application/json; charset=utf-8
host: localhost:55735
accept: */*

Response DefaultHttpResponse(decodeResult: success, version: HTTP/1.1)
HTTP/1.1 200 OK
Content-Type: application/json; charset=utf-8
cache-control: no-cache
content-length: 88

12:45:22.745 [AsyncHttpClient-1-23] DEBUG org.asynchttpclient.netty.channel.ChannelManager - Adding key: http://localhost:55735 for channel [id: 0x3998305b, L:/127.0.0.1:51959 - R:localhost/127.0.0.1:55735]
12:45:22.746 [Forwarding clickElement on session e43f433802e5ec9faea1a8b0fe41ecc2 to remote] DEBUG org.asynchttpclient.netty.request.NettyRequestSender - Using pooled Channel '[id: 0x3998305b, L:/127.0.0.1:51959 - R:localhost/127.0.0.1:55735]' for 'POST' to 'http://localhost:55735/session/e43f433802e5ec9faea1a8b0fe41ecc2/element/12835255-e68c-4288-8c9f-ca6f4e9bf35b/click'
12:45:22.746 [Forwarding clickElement on session e43f433802e5ec9faea1a8b0fe41ecc2 to remote] DEBUG org.asynchttpclient.netty.request.NettyRequestSender - Using open Channel [id: 0x3998305b, L:/127.0.0.1:51959 - R:localhost/127.0.0.1:55735] for POST '/session/e43f433802e5ec9faea1a8b0fe41ecc2/element/12835255-e68c-4288-8c9f-ca6f4e9bf35b/click'
12:45:22.777 [AsyncHttpClient-1-23] DEBUG org.asynchttpclient.netty.handler.HttpHandler - 

Request DefaultHttpRequest(decodeResult: success, version: HTTP/1.1)
POST /session/e43f433802e5ec9faea1a8b0fe41ecc2/element/12835255-e68c-4288-8c9f-ca6f4e9bf35b/click HTTP/1.1
User-Agent: selenium/4.1.2 (java windows)
Content-Length: 50
Content-Type: application/json; charset=utf-8
host: localhost:55735
accept: */*

Response DefaultHttpResponse(decodeResult: success, version: HTTP/1.1)
HTTP/1.1 200 OK
Content-Type: application/json; charset=utf-8
cache-control: no-cache
content-length: 14

12:45:22.777 [AsyncHttpClient-1-23] DEBUG org.asynchttpclient.netty.channel.ChannelManager - Adding key: http://localhost:55735 for channel [id: 0x3998305b, L:/127.0.0.1:51959 - R:localhost/127.0.0.1:55735]
  &amp#27;[32mAnd &amp#27;[0m&amp#27;[32mI click login button&amp#27;[0m                      &amp#27;[90m# starter.stepdefinition.LoginStep.iClickLoginButton()&amp#27;[0m
12:45:22.780 [Forwarding screenshot on session e43f433802e5ec9faea1a8b0fe41ecc2 to remote] DEBUG org.asynchttpclient.netty.request.NettyRequestSender - Using pooled Channel '[id: 0x3998305b, L:/127.0.0.1:51959 - R:localhost/127.0.0.1:55735]' for 'GET' to 'http://localhost:55735/session/e43f433802e5ec9faea1a8b0fe41ecc2/screenshot'
12:45:22.780 [Forwarding screenshot on session e43f433802e5ec9faea1a8b0fe41ecc2 to remote] DEBUG org.asynchttpclient.netty.request.NettyRequestSender - Using open Channel [id: 0x3998305b, L:/127.0.0.1:51959 - R:localhost/127.0.0.1:55735] for GET '/session/e43f433802e5ec9faea1a8b0fe41ecc2/screenshot'
12:45:22.974 [AsyncHttpClient-1-23] DEBUG org.asynchttpclient.netty.handler.HttpHandler - 

Request DefaultFullHttpRequest(decodeResult: success, version: HTTP/1.1, content: EmptyByteBufBE)
GET /session/e43f433802e5ec9faea1a8b0fe41ecc2/screenshot HTTP/1.1
User-Agent: selenium/4.1.2 (java windows)
Cache-Control: no-cache
Content-Type: application/json; charset=utf-8
host: localhost:55735
accept: */*

Response DefaultHttpResponse(decodeResult: success, version: HTTP/1.1)
HTTP/1.1 200 OK
Content-Type: application/json; charset=utf-8
cache-control: no-cache
content-length: 40572

12:45:22.974 [AsyncHttpClient-1-23] DEBUG org.asynchttpclient.netty.channel.ChannelManager - Adding key: http://localhost:55735 for channel [id: 0x3998305b, L:/127.0.0.1:51959 - R:localhost/127.0.0.1:55735]
12:45:22.976 [main] DEBUG net.serenitybdd.core.photography.Darkroom - Send negative for processing for target\site\serenity\bfef95e7d07ef87e5355ff9c129df77c2f7b8a1da75415aa953841d344647924.png
12:45:22.976 [Darkroom Processing Line] DEBUG net.serenitybdd.core.photography.DarkroomProcessingLine - Processing screenshot image in /var/screenshots/screenshot-1264446862011543026
12:45:22.976 [Darkroom Processing Line] DEBUG net.serenitybdd.core.photography.DarkroomProcessingLine - Saving screenshot to target\site\serenity\bfef95e7d07ef87e5355ff9c129df77c2f7b8a1da75415aa953841d344647924.png
12:45:22.983 [Forwarding findElement on session e43f433802e5ec9faea1a8b0fe41ecc2 to remote] DEBUG org.asynchttpclient.netty.request.NettyRequestSender - Using pooled Channel '[id: 0x3998305b, L:/127.0.0.1:51959 - R:localhost/127.0.0.1:55735]' for 'POST' to 'http://localhost:55735/session/e43f433802e5ec9faea1a8b0fe41ecc2/element'
12:45:22.983 [Forwarding findElement on session e43f433802e5ec9faea1a8b0fe41ecc2 to remote] DEBUG org.asynchttpclient.netty.request.NettyRequestSender - Using open Channel [id: 0x3998305b, L:/127.0.0.1:51959 - R:localhost/127.0.0.1:55735] for POST '/session/e43f433802e5ec9faea1a8b0fe41ecc2/element'
12:45:22.994 [AsyncHttpClient-1-23] DEBUG org.asynchttpclient.netty.handler.HttpHandler - 

Request DefaultHttpRequest(decodeResult: success, version: HTTP/1.1)
POST /session/e43f433802e5ec9faea1a8b0fe41ecc2/element HTTP/1.1
User-Agent: selenium/4.1.2 (java windows)
Content-Length: 77
Content-Type: application/json; charset=utf-8
host: localhost:55735
accept: */*

Response DefaultHttpResponse(decodeResult: success, version: HTTP/1.1)
HTTP/1.1 200 OK
Content-Type: application/json; charset=utf-8
cache-control: no-cache
content-length: 88

12:45:22.995 [AsyncHttpClient-1-23] DEBUG org.asynchttpclient.netty.channel.ChannelManager - Adding key: http://localhost:55735 for channel [id: 0x3998305b, L:/127.0.0.1:51959 - R:localhost/127.0.0.1:55735]
12:45:22.997 [Forwarding isElementDisplayed on session e43f433802e5ec9faea1a8b0fe41ecc2 to remote] DEBUG org.asynchttpclient.netty.request.NettyRequestSender - Using pooled Channel '[id: 0x3998305b, L:/127.0.0.1:51959 - R:localhost/127.0.0.1:55735]' for 'POST' to 'http://localhost:55735/session/e43f433802e5ec9faea1a8b0fe41ecc2/execute/sync'
12:45:22.997 [Forwarding isElementDisplayed on session e43f433802e5ec9faea1a8b0fe41ecc2 to remote] DEBUG org.asynchttpclient.netty.request.NettyRequestSender - Using open Channel [id: 0x3998305b, L:/127.0.0.1:51959 - R:localhost/127.0.0.1:55735] for POST '/session/e43f433802e5ec9faea1a8b0fe41ecc2/execute/sync'
12:45:23.009 [AsyncHttpClient-1-23] DEBUG org.asynchttpclient.netty.handler.HttpHandler - 

Request DefaultHttpRequest(decodeResult: success, version: HTTP/1.1)
POST /session/e43f433802e5ec9faea1a8b0fe41ecc2/execute/sync HTTP/1.1
User-Agent: selenium/4.1.2 (java windows)
Content-Length: 48780
Content-Type: application/json; charset=utf-8
host: localhost:55735
accept: */*

Response DefaultHttpResponse(decodeResult: success, version: HTTP/1.1)
HTTP/1.1 200 OK
Content-Type: application/json; charset=utf-8
cache-control: no-cache
content-length: 14

12:45:23.009 [AsyncHttpClient-1-23] DEBUG org.asynchttpclient.netty.channel.ChannelManager - Adding key: http://localhost:55735 for channel [id: 0x3998305b, L:/127.0.0.1:51959 - R:localhost/127.0.0.1:55735]
  &amp#27;[32mThen &amp#27;[0m&amp#27;[32mI will get the &amp#27;[0m&amp#27;[32m&amp#27;[1m"can login"&amp#27;[0m               &amp#27;[90m# starter.stepdefinition.LoginStep.iWillGetThe(java.lang.String)&amp#27;[0m
12:45:23.017 [Driver Command Executor] DEBUG org.asynchttpclient.netty.request.NettyRequestSender - Using pooled Channel '[id: 0x3998305b, L:/127.0.0.1:51959 - R:localhost/127.0.0.1:55735]' for 'DELETE' to 'http://localhost:55735/session/e43f433802e5ec9faea1a8b0fe41ecc2'
12:45:23.017 [Driver Command Executor] DEBUG org.asynchttpclient.netty.request.NettyRequestSender - Using open Channel [id: 0x3998305b, L:/127.0.0.1:51959 - R:localhost/127.0.0.1:55735] for DELETE '/session/e43f433802e5ec9faea1a8b0fe41ecc2'
12:45:23.017 [AsyncHttpClient-1-25] DEBUG org.asynchttpclient.netty.handler.WebSocketHandler - Channel Closed: [id: 0xdf3ab2a3, L:/127.0.0.1:51967 ! R:localhost/127.0.0.1:51960] with attribute NettyResponseFuture{currentRetry=5,
	isDone=1,
	isCancelled=0,
	asyncHandler=org.asynchttpclient.ws.WebSocketUpgradeHandler@6d67f825,
	nettyRequest=org.asynchttpclient.netty.request.NettyRequest@28657bed,
	future=java.util.concurrent.CompletableFuture@337b408f[Completed normally],
	uri=ws://localhost:51960/devtools/browser/5ac7684d-4bc0-433b-bf8b-3b9947f8ae2f,
	keepAlive=true,
	redirectCount=0,
	timeoutsHolder=null,
	inAuth=0,
	touch=1667972720518}
12:45:23.017 [AsyncHttpClient-1-25] DEBUG org.asynchttpclient.netty.channel.ChannelManager - Closing Channel [id: 0xdf3ab2a3, L:/127.0.0.1:51967 ! R:localhost/127.0.0.1:51960] 
12:45:23.039 [AsyncHttpClient-1-24] DEBUG org.asynchttpclient.netty.handler.HttpHandler - Unexpected I/O exception on channel [id: 0xc509f896, L:/127.0.0.1:51966 - R:localhost/127.0.0.1:51960]
java.io.IOException: An existing connection was forcibly closed by the remote host
	at java.base/sun.nio.ch.SocketDispatcher.read0(Native Method)
	at java.base/sun.nio.ch.SocketDispatcher.read(SocketDispatcher.java:43)
	at java.base/sun.nio.ch.IOUtil.readIntoNativeBuffer(IOUtil.java:276)
	at java.base/sun.nio.ch.IOUtil.read(IOUtil.java:233)
	at java.base/sun.nio.ch.IOUtil.read(IOUtil.java:223)
	at java.base/sun.nio.ch.SocketChannelImpl.read(SocketChannelImpl.java:358)
	at io.netty.buffer.PooledByteBuf.setBytes(PooledByteBuf.java:258)
	at io.netty.buffer.AbstractByteBuf.writeBytes(AbstractByteBuf.java:1132)
	at io.netty.channel.socket.nio.NioSocketChannel.doReadBytes(NioSocketChannel.java:350)
	at io.netty.channel.nio.AbstractNioByteChannel$NioByteUnsafe.read(AbstractNioByteChannel.java:151)
	at io.netty.channel.nio.NioEventLoop.processSelectedKey(NioEventLoop.java:722)
	at io.netty.channel.nio.NioEventLoop.processSelectedKeysOptimized(NioEventLoop.java:658)
	at io.netty.channel.nio.NioEventLoop.processSelectedKeys(NioEventLoop.java:584)
	at io.netty.channel.nio.NioEventLoop.run(NioEventLoop.java:496)
	at io.netty.util.concurrent.SingleThreadEventExecutor$4.run(SingleThreadEventExecutor.java:986)
	at io.netty.util.internal.ThreadExecutorMap$2.run(ThreadExecutorMap.java:74)
	at io.netty.util.concurrent.FastThreadLocalRunnable.run(FastThreadLocalRunnable.java:30)
	at java.base/java.lang.Thread.run(Thread.java:834)
12:45:23.039 [AsyncHttpClient-1-24] DEBUG org.asynchttpclient.netty.channel.ChannelManager - Closing Channel [id: 0xc509f896, L:/127.0.0.1:51966 - R:localhost/127.0.0.1:51960] 
12:45:23.040 [AsyncHttpClient-1-24] DEBUG org.asynchttpclient.netty.handler.HttpHandler - Channel Closed: [id: 0xc509f896, L:/127.0.0.1:51966 ! R:localhost/127.0.0.1:51960] with attribute DISCARD
12:45:23.054 [AsyncHttpClient-1-23] DEBUG org.asynchttpclient.netty.handler.HttpHandler - 

Request DefaultFullHttpRequest(decodeResult: success, version: HTTP/1.1, content: EmptyByteBufBE)
DELETE /session/e43f433802e5ec9faea1a8b0fe41ecc2 HTTP/1.1
User-Agent: selenium/4.1.2 (java windows)
Content-Type: application/json; charset=utf-8
host: localhost:55735
accept: */*

Response DefaultHttpResponse(decodeResult: success, version: HTTP/1.1)
HTTP/1.1 200 OK
Content-Type: application/json; charset=utf-8
cache-control: no-cache
content-length: 14

12:45:23.055 [AsyncHttpClient-1-23] DEBUG org.asynchttpclient.netty.channel.ChannelManager - Adding key: http://localhost:55735 for channel [id: 0x3998305b, L:/127.0.0.1:51959 - R:localhost/127.0.0.1:55735]
12:45:23.095 [AsyncHttpClient-1-23] DEBUG org.asynchttpclient.netty.handler.HttpHandler - Channel Closed: [id: 0x3998305b, L:/127.0.0.1:51959 ! R:localhost/127.0.0.1:55735] with attribute DISCARD
]]></system-out>
    <system-err><![CDATA[Starting ChromeDriver 107.0.5304.62 (1eec40d3a5764881c92085aaee66d25075c159aa-refs/branch-heads/5304@{#942}) on port 55735
Only local connections are allowed.
Please see https://chromedriver.chromium.org/security-considerations for suggestions on keeping ChromeDriver safe.
ChromeDriver was started successfully.
Nov 09, 2022 12:45:20 PM org.openqa.selenium.remote.ProtocolHandshake createSession
INFO: Detected dialect: W3C
Nov 09, 2022 12:45:20 PM org.openqa.selenium.devtools.CdpVersionFinder findNearestMatch
WARNING: Unable to find an exact match for CDP version 107, so returning the closest version found: a no-op implementation
Nov 09, 2022 12:45:20 PM org.openqa.selenium.devtools.CdpVersionFinder findNearestMatch
INFO: Unable to find CDP implementation matching 107.
Nov 09, 2022 12:45:20 PM org.openqa.selenium.chromium.ChromiumDriver lambda$new$3
WARNING: Unable to find version of CDP to use for . You may need to include a dependency on a specific version of the CDP using something similar to `org.seleniumhq.selenium:selenium-devtools-v86:4.1.2` where the version ("v86") matches the version of the chromium-based browser you're using and the version number of the artifact is the same as Selenium's.
]]></system-err>
  </testcase>
  <testcase name="Login with email and password #8" classname="Login" time="8.324">
    <system-out><![CDATA[
@Login
Scenario Outline: Login with email and password &amp#27;[90m# src/test/resources/features/login.feature:23&amp#27;[0m
12:45:23.137 [main] INFO io.cucumber.core.plugin.SerenityReporter - Running feature from file:///C:/Users/ASUS/Web/src/test/resources/features/login.feature
12:45:23.151 [main] INFO net.serenitybdd.core.webdriver.driverproviders.ChromeDriverProvider - Using automatically driver download
12:45:23.259 [main] DEBUG io.github.bonigarcia.wdm.cache.ResolutionCache - Resolution chrome=107 in cache (valid until 13:44:11 09/11/2022 ICT)
12:45:23.262 [main] DEBUG io.github.bonigarcia.wdm.cache.ResolutionCache - Resolution chrome107=107.0.5304.62 in cache (valid until 12:48:49 09/11/2022 ICT)
12:45:23.263 [main] INFO io.github.bonigarcia.wdm.WebDriverManager - Using chromedriver 107.0.5304.62 (resolved driver for Chrome 107)
12:45:23.272 [main] DEBUG io.github.bonigarcia.wdm.WebDriverManager - Driver chromedriver 107.0.5304.62 found in cache
12:45:23.272 [main] INFO io.github.bonigarcia.wdm.WebDriverManager - Exporting webdriver.chrome.driver as C:\Users\ASUS\.cache\selenium\chromedriver\win32\107.0.5304.62\chromedriver.exe
12:45:23.355 [main] DEBUG net.serenitybdd.core.webdriver.driverproviders.ProvideNewDriver - Instantiating driver
12:45:23.355 [main] DEBUG net.serenitybdd.core.webdriver.driverproviders.ProvideNewDriver - Driver capabilities: Capabilities {acceptInsecureCerts: false, base.url: https://alta-shop.vercel.app/, browserName: chrome, chrome.driver: src/test/resources/webdrive..., driver: chrome, goog:chromeOptions: {args: [], extensions: []}}
12:45:23.416 [AsyncHttpClient-1-2] DEBUG org.asynchttpclient.netty.channel.NettyConnectListener - Using new Channel '[id: 0x283ebd3c, L:/127.0.0.1:51983 - R:localhost/127.0.0.1:58054]' for 'POST' to '/session'
12:45:23.757 [AsyncHttpClient-1-1] DEBUG org.asynchttpclient.netty.channel.DefaultChannelPool - Entry count for : http://localhost:51960 : 1
12:45:23.757 [AsyncHttpClient-1-1] DEBUG org.asynchttpclient.netty.channel.DefaultChannelPool - Entry count for : http://localhost:55735 : 1
12:45:23.757 [AsyncHttpClient-1-1] DEBUG org.asynchttpclient.netty.channel.DefaultChannelPool - Adding Candidate expired Channel [id: 0xc509f896, L:/127.0.0.1:51966 ! R:localhost/127.0.0.1:51960] isIdleTimeoutExpired=false isRemotelyClosed=true isTtlExpired=false
12:45:23.757 [AsyncHttpClient-1-1] DEBUG org.asynchttpclient.netty.channel.DefaultChannelPool - Closing Idle Channel [id: 0xc509f896, L:/127.0.0.1:51966 ! R:localhost/127.0.0.1:51960]
12:45:23.757 [AsyncHttpClient-1-1] DEBUG org.asynchttpclient.netty.channel.DefaultChannelPool - Adding Candidate expired Channel [id: 0x3998305b, L:/127.0.0.1:51959 ! R:localhost/127.0.0.1:55735] isIdleTimeoutExpired=false isRemotelyClosed=true isTtlExpired=false
12:45:23.757 [AsyncHttpClient-1-1] DEBUG org.asynchttpclient.netty.channel.DefaultChannelPool - Closing Idle Channel [id: 0x3998305b, L:/127.0.0.1:51959 ! R:localhost/127.0.0.1:55735]
12:45:23.757 [AsyncHttpClient-1-1] DEBUG org.asynchttpclient.netty.channel.DefaultChannelPool - Closed 2 connections out of 2 in 0 ms
12:45:26.272 [AsyncHttpClient-1-2] DEBUG org.asynchttpclient.netty.handler.HttpHandler - 

Request DefaultHttpRequest(decodeResult: success, version: HTTP/1.1)
POST /session HTTP/1.1
User-Agent: selenium/4.1.2 (java windows)
Content-Length: 615
Content-Type: application/json; charset=utf-8
host: localhost:58054
accept: */*

Response DefaultHttpResponse(decodeResult: success, version: HTTP/1.1)
HTTP/1.1 200 OK
Content-Type: application/json; charset=utf-8
cache-control: no-cache
content-length: 789

12:45:26.272 [AsyncHttpClient-1-2] DEBUG org.asynchttpclient.netty.channel.ChannelManager - Adding key: http://localhost:58054 for channel [id: 0x283ebd3c, L:/127.0.0.1:51983 - R:localhost/127.0.0.1:58054]
12:45:26.276 [AsyncHttpClient-1-3] DEBUG org.asynchttpclient.netty.channel.NettyConnectListener - Using new Channel '[id: 0x289ffc8e, L:/127.0.0.1:51991 - R:localhost/127.0.0.1:51985]' for 'GET' to '/json/version'
12:45:26.277 [AsyncHttpClient-1-3] DEBUG org.asynchttpclient.netty.handler.HttpHandler - 

Request DefaultFullHttpRequest(decodeResult: success, version: HTTP/1.1, content: EmptyByteBufBE)
GET /json/version HTTP/1.1
User-Agent: selenium/4.1.2 (java windows)
host: localhost:51985
accept: */*

Response DefaultHttpResponse(decodeResult: success, version: HTTP/1.1)
HTTP/1.1 200 OK
Content-Type: application/json; charset=UTF-8
content-length: 423

12:45:26.277 [AsyncHttpClient-1-3] DEBUG org.asynchttpclient.netty.channel.ChannelManager - Adding key: http://localhost:51985 for channel [id: 0x289ffc8e, L:/127.0.0.1:51991 - R:localhost/127.0.0.1:51985]
12:45:26.279 [AsyncHttpClient-1-4] DEBUG org.asynchttpclient.netty.channel.NettyConnectListener - Using new Channel '[id: 0x1a6996d2, L:/127.0.0.1:51992 - R:localhost/127.0.0.1:51985]' for 'GET' to '/devtools/browser/0ce9bc14-f66b-48c7-b775-3e631457cc35'
12:45:26.279 [AsyncHttpClient-1-4] DEBUG org.asynchttpclient.netty.handler.WebSocketHandler - 

Request DefaultFullHttpRequest(decodeResult: success, version: HTTP/1.1, content: EmptyByteBufBE)
GET /devtools/browser/0ce9bc14-f66b-48c7-b775-3e631457cc35 HTTP/1.1
upgrade: websocket
connection: upgrade
sec-websocket-key: 7ra5zDoY6M7mCXxH8WHEKQ==
sec-websocket-version: 13
origin: http://localhost:51985
host: localhost:51985
accept: */*
user-agent: AHC/2.1

Response DefaultHttpResponse(decodeResult: success, version: HTTP/1.1)
HTTP/1.1 101 WebSocket Protocol Handshake
Upgrade: WebSocket
Connection: Upgrade
Sec-WebSocket-Accept: z2Ny39+9g3hce44MxuzzpllsHBg=

12:45:26.282 [Forwarding get on session b3f8081c2ff2cb729a39ba97d4e087e6 to remote] DEBUG org.asynchttpclient.netty.request.NettyRequestSender - Using pooled Channel '[id: 0x283ebd3c, L:/127.0.0.1:51983 - R:localhost/127.0.0.1:58054]' for 'POST' to 'http://localhost:58054/session/b3f8081c2ff2cb729a39ba97d4e087e6/url'
12:45:26.282 [Forwarding get on session b3f8081c2ff2cb729a39ba97d4e087e6 to remote] DEBUG org.asynchttpclient.netty.request.NettyRequestSender - Using open Channel [id: 0x283ebd3c, L:/127.0.0.1:51983 - R:localhost/127.0.0.1:58054] for POST '/session/b3f8081c2ff2cb729a39ba97d4e087e6/url'
12:45:27.045 [AsyncHttpClient-1-1] DEBUG org.asynchttpclient.netty.channel.DefaultChannelPool - Entry count for : http://localhost:51985 : 1
12:45:28.152 [AsyncHttpClient-1-1] DEBUG org.asynchttpclient.netty.channel.DefaultChannelPool - Entry count for : http://localhost:51985 : 1
12:45:28.333 [AsyncHttpClient-1-2] DEBUG org.asynchttpclient.netty.handler.HttpHandler - 

Request DefaultHttpRequest(decodeResult: success, version: HTTP/1.1)
POST /session/b3f8081c2ff2cb729a39ba97d4e087e6/url HTTP/1.1
User-Agent: selenium/4.1.2 (java windows)
Content-Length: 59
Content-Type: application/json; charset=utf-8
host: localhost:58054
accept: */*

Response DefaultHttpResponse(decodeResult: success, version: HTTP/1.1)
HTTP/1.1 200 OK
Content-Type: application/json; charset=utf-8
cache-control: no-cache
content-length: 14

12:45:28.333 [AsyncHttpClient-1-2] DEBUG org.asynchttpclient.netty.channel.ChannelManager - Adding key: http://localhost:58054 for channel [id: 0x283ebd3c, L:/127.0.0.1:51983 - R:localhost/127.0.0.1:58054]
12:45:28.334 [Forwarding setTimeout on session b3f8081c2ff2cb729a39ba97d4e087e6 to remote] DEBUG org.asynchttpclient.netty.request.NettyRequestSender - Using pooled Channel '[id: 0x283ebd3c, L:/127.0.0.1:51983 - R:localhost/127.0.0.1:58054]' for 'POST' to 'http://localhost:58054/session/b3f8081c2ff2cb729a39ba97d4e087e6/timeouts'
12:45:28.334 [Forwarding setTimeout on session b3f8081c2ff2cb729a39ba97d4e087e6 to remote] DEBUG org.asynchttpclient.netty.request.NettyRequestSender - Using open Channel [id: 0x283ebd3c, L:/127.0.0.1:51983 - R:localhost/127.0.0.1:58054] for POST '/session/b3f8081c2ff2cb729a39ba97d4e087e6/timeouts'
12:45:28.336 [AsyncHttpClient-1-2] DEBUG org.asynchttpclient.netty.handler.HttpHandler - 

Request DefaultHttpRequest(decodeResult: success, version: HTTP/1.1)
POST /session/b3f8081c2ff2cb729a39ba97d4e087e6/timeouts HTTP/1.1
User-Agent: selenium/4.1.2 (java windows)
Content-Length: 22
Content-Type: application/json; charset=utf-8
host: localhost:58054
accept: */*

Response DefaultHttpResponse(decodeResult: success, version: HTTP/1.1)
HTTP/1.1 200 OK
Content-Type: application/json; charset=utf-8
cache-control: no-cache
content-length: 14

12:45:28.336 [AsyncHttpClient-1-2] DEBUG org.asynchttpclient.netty.channel.ChannelManager - Adding key: http://localhost:58054 for channel [id: 0x283ebd3c, L:/127.0.0.1:51983 - R:localhost/127.0.0.1:58054]
12:45:28.338 [Forwarding getCurrentUrl on session b3f8081c2ff2cb729a39ba97d4e087e6 to remote] DEBUG org.asynchttpclient.netty.request.NettyRequestSender - Using pooled Channel '[id: 0x283ebd3c, L:/127.0.0.1:51983 - R:localhost/127.0.0.1:58054]' for 'GET' to 'http://localhost:58054/session/b3f8081c2ff2cb729a39ba97d4e087e6/url'
12:45:28.338 [Forwarding getCurrentUrl on session b3f8081c2ff2cb729a39ba97d4e087e6 to remote] DEBUG org.asynchttpclient.netty.request.NettyRequestSender - Using open Channel [id: 0x283ebd3c, L:/127.0.0.1:51983 - R:localhost/127.0.0.1:58054] for GET '/session/b3f8081c2ff2cb729a39ba97d4e087e6/url'
12:45:28.343 [AsyncHttpClient-1-2] DEBUG org.asynchttpclient.netty.handler.HttpHandler - 

Request DefaultFullHttpRequest(decodeResult: success, version: HTTP/1.1, content: EmptyByteBufBE)
GET /session/b3f8081c2ff2cb729a39ba97d4e087e6/url HTTP/1.1
User-Agent: selenium/4.1.2 (java windows)
Cache-Control: no-cache
Content-Type: application/json; charset=utf-8
host: localhost:58054
accept: */*

Response DefaultHttpResponse(decodeResult: success, version: HTTP/1.1)
HTTP/1.1 200 OK
Content-Type: application/json; charset=utf-8
cache-control: no-cache
content-length: 41

12:45:28.343 [AsyncHttpClient-1-2] DEBUG org.asynchttpclient.netty.channel.ChannelManager - Adding key: http://localhost:58054 for channel [id: 0x283ebd3c, L:/127.0.0.1:51983 - R:localhost/127.0.0.1:58054]
  &amp#27;[32mGiven &amp#27;[0m&amp#27;[32mI am on home page&amp#27;[0m                       &amp#27;[90m# starter.stepdefinition.LoginStep.iAmOnHomePage()&amp#27;[0m
12:45:28.350 [Forwarding screenshot on session b3f8081c2ff2cb729a39ba97d4e087e6 to remote] DEBUG org.asynchttpclient.netty.request.NettyRequestSender - Using pooled Channel '[id: 0x283ebd3c, L:/127.0.0.1:51983 - R:localhost/127.0.0.1:58054]' for 'GET' to 'http://localhost:58054/session/b3f8081c2ff2cb729a39ba97d4e087e6/screenshot'
12:45:28.350 [Forwarding screenshot on session b3f8081c2ff2cb729a39ba97d4e087e6 to remote] DEBUG org.asynchttpclient.netty.request.NettyRequestSender - Using open Channel [id: 0x283ebd3c, L:/127.0.0.1:51983 - R:localhost/127.0.0.1:58054] for GET '/session/b3f8081c2ff2cb729a39ba97d4e087e6/screenshot'
12:45:28.506 [AsyncHttpClient-1-2] DEBUG org.asynchttpclient.netty.handler.HttpHandler - 

Request DefaultFullHttpRequest(decodeResult: success, version: HTTP/1.1, content: EmptyByteBufBE)
GET /session/b3f8081c2ff2cb729a39ba97d4e087e6/screenshot HTTP/1.1
User-Agent: selenium/4.1.2 (java windows)
Cache-Control: no-cache
Content-Type: application/json; charset=utf-8
host: localhost:58054
accept: */*

Response DefaultHttpResponse(decodeResult: success, version: HTTP/1.1)
HTTP/1.1 200 OK
Content-Type: application/json; charset=utf-8
cache-control: no-cache
content-length: 32000

12:45:28.507 [AsyncHttpClient-1-2] DEBUG org.asynchttpclient.netty.channel.ChannelManager - Adding key: http://localhost:58054 for channel [id: 0x283ebd3c, L:/127.0.0.1:51983 - R:localhost/127.0.0.1:58054]
12:45:28.508 [main] DEBUG net.serenitybdd.core.photography.Darkroom - Send negative for processing for target\site\serenity\0083e5c0c8f8b6171694144777c0c3cfaa600f33d0c0028faeef1f494759ffcf.png
12:45:28.508 [Darkroom Processing Line] DEBUG net.serenitybdd.core.photography.DarkroomProcessingLine - Processing screenshot image in /var/screenshots/screenshot-8063695124608673877
12:45:28.508 [Darkroom Processing Line] DEBUG net.serenitybdd.core.photography.DarkroomProcessingLine - Saving screenshot to target\site\serenity\0083e5c0c8f8b6171694144777c0c3cfaa600f33d0c0028faeef1f494759ffcf.png
12:45:28.518 [Forwarding findElement on session b3f8081c2ff2cb729a39ba97d4e087e6 to remote] DEBUG org.asynchttpclient.netty.request.NettyRequestSender - Using pooled Channel '[id: 0x283ebd3c, L:/127.0.0.1:51983 - R:localhost/127.0.0.1:58054]' for 'POST' to 'http://localhost:58054/session/b3f8081c2ff2cb729a39ba97d4e087e6/element'
12:45:28.518 [Forwarding findElement on session b3f8081c2ff2cb729a39ba97d4e087e6 to remote] DEBUG org.asynchttpclient.netty.request.NettyRequestSender - Using open Channel [id: 0x283ebd3c, L:/127.0.0.1:51983 - R:localhost/127.0.0.1:58054] for POST '/session/b3f8081c2ff2cb729a39ba97d4e087e6/element'
12:45:28.528 [AsyncHttpClient-1-2] DEBUG org.asynchttpclient.netty.handler.HttpHandler - 

Request DefaultHttpRequest(decodeResult: success, version: HTTP/1.1)
POST /session/b3f8081c2ff2cb729a39ba97d4e087e6/element HTTP/1.1
User-Agent: selenium/4.1.2 (java windows)
Content-Length: 97
Content-Type: application/json; charset=utf-8
host: localhost:58054
accept: */*

Response DefaultHttpResponse(decodeResult: success, version: HTTP/1.1)
HTTP/1.1 200 OK
Content-Type: application/json; charset=utf-8
cache-control: no-cache
content-length: 88

12:45:28.528 [AsyncHttpClient-1-2] DEBUG org.asynchttpclient.netty.channel.ChannelManager - Adding key: http://localhost:58054 for channel [id: 0x283ebd3c, L:/127.0.0.1:51983 - R:localhost/127.0.0.1:58054]
12:45:28.529 [Forwarding getElementTagName on session b3f8081c2ff2cb729a39ba97d4e087e6 to remote] DEBUG org.asynchttpclient.netty.request.NettyRequestSender - Using pooled Channel '[id: 0x283ebd3c, L:/127.0.0.1:51983 - R:localhost/127.0.0.1:58054]' for 'GET' to 'http://localhost:58054/session/b3f8081c2ff2cb729a39ba97d4e087e6/element/77081f74-77bb-4eae-bc83-1502b0af3a90/name'
12:45:28.529 [Forwarding getElementTagName on session b3f8081c2ff2cb729a39ba97d4e087e6 to remote] DEBUG org.asynchttpclient.netty.request.NettyRequestSender - Using open Channel [id: 0x283ebd3c, L:/127.0.0.1:51983 - R:localhost/127.0.0.1:58054] for GET '/session/b3f8081c2ff2cb729a39ba97d4e087e6/element/77081f74-77bb-4eae-bc83-1502b0af3a90/name'
12:45:28.536 [AsyncHttpClient-1-2] DEBUG org.asynchttpclient.netty.handler.HttpHandler - 

Request DefaultFullHttpRequest(decodeResult: success, version: HTTP/1.1, content: EmptyByteBufBE)
GET /session/b3f8081c2ff2cb729a39ba97d4e087e6/element/77081f74-77bb-4eae-bc83-1502b0af3a90/name HTTP/1.1
User-Agent: selenium/4.1.2 (java windows)
Cache-Control: no-cache
Content-Type: application/json; charset=utf-8
host: localhost:58054
accept: */*

Response DefaultHttpResponse(decodeResult: success, version: HTTP/1.1)
HTTP/1.1 200 OK
Content-Type: application/json; charset=utf-8
cache-control: no-cache
content-length: 13

12:45:28.537 [AsyncHttpClient-1-2] DEBUG org.asynchttpclient.netty.channel.ChannelManager - Adding key: http://localhost:58054 for channel [id: 0x283ebd3c, L:/127.0.0.1:51983 - R:localhost/127.0.0.1:58054]
12:45:28.537 [Forwarding getElementTagName on session b3f8081c2ff2cb729a39ba97d4e087e6 to remote] DEBUG org.asynchttpclient.netty.request.NettyRequestSender - Using pooled Channel '[id: 0x283ebd3c, L:/127.0.0.1:51983 - R:localhost/127.0.0.1:58054]' for 'GET' to 'http://localhost:58054/session/b3f8081c2ff2cb729a39ba97d4e087e6/element/77081f74-77bb-4eae-bc83-1502b0af3a90/name'
12:45:28.538 [Forwarding getElementTagName on session b3f8081c2ff2cb729a39ba97d4e087e6 to remote] DEBUG org.asynchttpclient.netty.request.NettyRequestSender - Using open Channel [id: 0x283ebd3c, L:/127.0.0.1:51983 - R:localhost/127.0.0.1:58054] for GET '/session/b3f8081c2ff2cb729a39ba97d4e087e6/element/77081f74-77bb-4eae-bc83-1502b0af3a90/name'
12:45:28.541 [AsyncHttpClient-1-2] DEBUG org.asynchttpclient.netty.handler.HttpHandler - 

Request DefaultFullHttpRequest(decodeResult: success, version: HTTP/1.1, content: EmptyByteBufBE)
GET /session/b3f8081c2ff2cb729a39ba97d4e087e6/element/77081f74-77bb-4eae-bc83-1502b0af3a90/name HTTP/1.1
User-Agent: selenium/4.1.2 (java windows)
Cache-Control: no-cache
Content-Type: application/json; charset=utf-8
host: localhost:58054
accept: */*

Response DefaultHttpResponse(decodeResult: success, version: HTTP/1.1)
HTTP/1.1 200 OK
Content-Type: application/json; charset=utf-8
cache-control: no-cache
content-length: 13

12:45:28.541 [AsyncHttpClient-1-2] DEBUG org.asynchttpclient.netty.channel.ChannelManager - Adding key: http://localhost:58054 for channel [id: 0x283ebd3c, L:/127.0.0.1:51983 - R:localhost/127.0.0.1:58054]
12:45:28.542 [Forwarding findElement on session b3f8081c2ff2cb729a39ba97d4e087e6 to remote] DEBUG org.asynchttpclient.netty.request.NettyRequestSender - Using pooled Channel '[id: 0x283ebd3c, L:/127.0.0.1:51983 - R:localhost/127.0.0.1:58054]' for 'POST' to 'http://localhost:58054/session/b3f8081c2ff2cb729a39ba97d4e087e6/element'
12:45:28.543 [Forwarding findElement on session b3f8081c2ff2cb729a39ba97d4e087e6 to remote] DEBUG org.asynchttpclient.netty.request.NettyRequestSender - Using open Channel [id: 0x283ebd3c, L:/127.0.0.1:51983 - R:localhost/127.0.0.1:58054] for POST '/session/b3f8081c2ff2cb729a39ba97d4e087e6/element'
12:45:28.548 [AsyncHttpClient-1-2] DEBUG org.asynchttpclient.netty.handler.HttpHandler - 

Request DefaultHttpRequest(decodeResult: success, version: HTTP/1.1)
POST /session/b3f8081c2ff2cb729a39ba97d4e087e6/element HTTP/1.1
User-Agent: selenium/4.1.2 (java windows)
Content-Length: 97
Content-Type: application/json; charset=utf-8
host: localhost:58054
accept: */*

Response DefaultHttpResponse(decodeResult: success, version: HTTP/1.1)
HTTP/1.1 200 OK
Content-Type: application/json; charset=utf-8
cache-control: no-cache
content-length: 88

12:45:28.548 [AsyncHttpClient-1-2] DEBUG org.asynchttpclient.netty.channel.ChannelManager - Adding key: http://localhost:58054 for channel [id: 0x283ebd3c, L:/127.0.0.1:51983 - R:localhost/127.0.0.1:58054]
12:45:28.549 [Forwarding clickElement on session b3f8081c2ff2cb729a39ba97d4e087e6 to remote] DEBUG org.asynchttpclient.netty.request.NettyRequestSender - Using pooled Channel '[id: 0x283ebd3c, L:/127.0.0.1:51983 - R:localhost/127.0.0.1:58054]' for 'POST' to 'http://localhost:58054/session/b3f8081c2ff2cb729a39ba97d4e087e6/element/77081f74-77bb-4eae-bc83-1502b0af3a90/click'
12:45:28.549 [Forwarding clickElement on session b3f8081c2ff2cb729a39ba97d4e087e6 to remote] DEBUG org.asynchttpclient.netty.request.NettyRequestSender - Using open Channel [id: 0x283ebd3c, L:/127.0.0.1:51983 - R:localhost/127.0.0.1:58054] for POST '/session/b3f8081c2ff2cb729a39ba97d4e087e6/element/77081f74-77bb-4eae-bc83-1502b0af3a90/click'
12:45:28.586 [AsyncHttpClient-1-2] DEBUG org.asynchttpclient.netty.handler.HttpHandler - 

Request DefaultHttpRequest(decodeResult: success, version: HTTP/1.1)
POST /session/b3f8081c2ff2cb729a39ba97d4e087e6/element/77081f74-77bb-4eae-bc83-1502b0af3a90/click HTTP/1.1
User-Agent: selenium/4.1.2 (java windows)
Content-Length: 50
Content-Type: application/json; charset=utf-8
host: localhost:58054
accept: */*

Response DefaultHttpResponse(decodeResult: success, version: HTTP/1.1)
HTTP/1.1 200 OK
Content-Type: application/json; charset=utf-8
cache-control: no-cache
content-length: 14

12:45:28.586 [AsyncHttpClient-1-2] DEBUG org.asynchttpclient.netty.channel.ChannelManager - Adding key: http://localhost:58054 for channel [id: 0x283ebd3c, L:/127.0.0.1:51983 - R:localhost/127.0.0.1:58054]
  &amp#27;[32mAnd &amp#27;[0m&amp#27;[32mI click icon the login icon&amp#27;[0m               &amp#27;[90m# starter.stepdefinition.LoginStep.iClickIconTheLoginIcon()&amp#27;[0m
12:45:28.590 [Forwarding screenshot on session b3f8081c2ff2cb729a39ba97d4e087e6 to remote] DEBUG org.asynchttpclient.netty.request.NettyRequestSender - Using pooled Channel '[id: 0x283ebd3c, L:/127.0.0.1:51983 - R:localhost/127.0.0.1:58054]' for 'GET' to 'http://localhost:58054/session/b3f8081c2ff2cb729a39ba97d4e087e6/screenshot'
12:45:28.590 [Forwarding screenshot on session b3f8081c2ff2cb729a39ba97d4e087e6 to remote] DEBUG org.asynchttpclient.netty.request.NettyRequestSender - Using open Channel [id: 0x283ebd3c, L:/127.0.0.1:51983 - R:localhost/127.0.0.1:58054] for GET '/session/b3f8081c2ff2cb729a39ba97d4e087e6/screenshot'
12:45:28.813 [AsyncHttpClient-1-2] DEBUG org.asynchttpclient.netty.handler.HttpHandler - 

Request DefaultFullHttpRequest(decodeResult: success, version: HTTP/1.1, content: EmptyByteBufBE)
GET /session/b3f8081c2ff2cb729a39ba97d4e087e6/screenshot HTTP/1.1
User-Agent: selenium/4.1.2 (java windows)
Cache-Control: no-cache
Content-Type: application/json; charset=utf-8
host: localhost:58054
accept: */*

Response DefaultHttpResponse(decodeResult: success, version: HTTP/1.1)
HTTP/1.1 200 OK
Content-Type: application/json; charset=utf-8
cache-control: no-cache
content-length: 35064

12:45:28.813 [AsyncHttpClient-1-2] DEBUG org.asynchttpclient.netty.channel.ChannelManager - Adding key: http://localhost:58054 for channel [id: 0x283ebd3c, L:/127.0.0.1:51983 - R:localhost/127.0.0.1:58054]
12:45:28.814 [main] DEBUG net.serenitybdd.core.photography.Darkroom - Send negative for processing for target\site\serenity\ecbdf74d42bf4563a908496045b8457104d319e4f9393eb395847de86d6715e6.png
12:45:28.814 [Darkroom Processing Line] DEBUG net.serenitybdd.core.photography.DarkroomProcessingLine - Processing screenshot image in /var/screenshots/screenshot-10853416254628622234
12:45:28.814 [Darkroom Processing Line] DEBUG net.serenitybdd.core.photography.DarkroomProcessingLine - Saving screenshot to target\site\serenity\ecbdf74d42bf4563a908496045b8457104d319e4f9393eb395847de86d6715e6.png
12:45:28.819 [Forwarding findElement on session b3f8081c2ff2cb729a39ba97d4e087e6 to remote] DEBUG org.asynchttpclient.netty.request.NettyRequestSender - Using pooled Channel '[id: 0x283ebd3c, L:/127.0.0.1:51983 - R:localhost/127.0.0.1:58054]' for 'POST' to 'http://localhost:58054/session/b3f8081c2ff2cb729a39ba97d4e087e6/element'
12:45:28.819 [Forwarding findElement on session b3f8081c2ff2cb729a39ba97d4e087e6 to remote] DEBUG org.asynchttpclient.netty.request.NettyRequestSender - Using open Channel [id: 0x283ebd3c, L:/127.0.0.1:51983 - R:localhost/127.0.0.1:58054] for POST '/session/b3f8081c2ff2cb729a39ba97d4e087e6/element'
12:45:28.829 [AsyncHttpClient-1-2] DEBUG org.asynchttpclient.netty.handler.HttpHandler - 

Request DefaultHttpRequest(decodeResult: success, version: HTTP/1.1)
POST /session/b3f8081c2ff2cb729a39ba97d4e087e6/element HTTP/1.1
User-Agent: selenium/4.1.2 (java windows)
Content-Length: 88
Content-Type: application/json; charset=utf-8
host: localhost:58054
accept: */*

Response DefaultHttpResponse(decodeResult: success, version: HTTP/1.1)
HTTP/1.1 200 OK
Content-Type: application/json; charset=utf-8
cache-control: no-cache
content-length: 88

12:45:28.829 [AsyncHttpClient-1-2] DEBUG org.asynchttpclient.netty.channel.ChannelManager - Adding key: http://localhost:58054 for channel [id: 0x283ebd3c, L:/127.0.0.1:51983 - R:localhost/127.0.0.1:58054]
12:45:28.830 [Forwarding clearElement on session b3f8081c2ff2cb729a39ba97d4e087e6 to remote] DEBUG org.asynchttpclient.netty.request.NettyRequestSender - Using pooled Channel '[id: 0x283ebd3c, L:/127.0.0.1:51983 - R:localhost/127.0.0.1:58054]' for 'POST' to 'http://localhost:58054/session/b3f8081c2ff2cb729a39ba97d4e087e6/element/751e0ffc-c6ce-4eeb-9b4a-5e7588e3e24b/clear'
12:45:28.830 [Forwarding clearElement on session b3f8081c2ff2cb729a39ba97d4e087e6 to remote] DEBUG org.asynchttpclient.netty.request.NettyRequestSender - Using open Channel [id: 0x283ebd3c, L:/127.0.0.1:51983 - R:localhost/127.0.0.1:58054] for POST '/session/b3f8081c2ff2cb729a39ba97d4e087e6/element/751e0ffc-c6ce-4eeb-9b4a-5e7588e3e24b/clear'
12:45:28.856 [AsyncHttpClient-1-2] DEBUG org.asynchttpclient.netty.handler.HttpHandler - 

Request DefaultHttpRequest(decodeResult: success, version: HTTP/1.1)
POST /session/b3f8081c2ff2cb729a39ba97d4e087e6/element/751e0ffc-c6ce-4eeb-9b4a-5e7588e3e24b/clear HTTP/1.1
User-Agent: selenium/4.1.2 (java windows)
Content-Length: 50
Content-Type: application/json; charset=utf-8
host: localhost:58054
accept: */*

Response DefaultHttpResponse(decodeResult: success, version: HTTP/1.1)
HTTP/1.1 200 OK
Content-Type: application/json; charset=utf-8
cache-control: no-cache
content-length: 14

12:45:28.856 [AsyncHttpClient-1-2] DEBUG org.asynchttpclient.netty.channel.ChannelManager - Adding key: http://localhost:58054 for channel [id: 0x283ebd3c, L:/127.0.0.1:51983 - R:localhost/127.0.0.1:58054]
12:45:28.857 [Forwarding sendKeysToElement on session b3f8081c2ff2cb729a39ba97d4e087e6 to remote] DEBUG org.asynchttpclient.netty.request.NettyRequestSender - Using pooled Channel '[id: 0x283ebd3c, L:/127.0.0.1:51983 - R:localhost/127.0.0.1:58054]' for 'POST' to 'http://localhost:58054/session/b3f8081c2ff2cb729a39ba97d4e087e6/element/751e0ffc-c6ce-4eeb-9b4a-5e7588e3e24b/value'
12:45:28.857 [Forwarding sendKeysToElement on session b3f8081c2ff2cb729a39ba97d4e087e6 to remote] DEBUG org.asynchttpclient.netty.request.NettyRequestSender - Using open Channel [id: 0x283ebd3c, L:/127.0.0.1:51983 - R:localhost/127.0.0.1:58054] for POST '/session/b3f8081c2ff2cb729a39ba97d4e087e6/element/751e0ffc-c6ce-4eeb-9b4a-5e7588e3e24b/value'
12:45:28.902 [AsyncHttpClient-1-2] DEBUG org.asynchttpclient.netty.handler.HttpHandler - 

Request DefaultHttpRequest(decodeResult: success, version: HTTP/1.1)
POST /session/b3f8081c2ff2cb729a39ba97d4e087e6/element/751e0ffc-c6ce-4eeb-9b4a-5e7588e3e24b/value HTTP/1.1
User-Agent: selenium/4.1.2 (java windows)
Content-Length: 101
Content-Type: application/json; charset=utf-8
host: localhost:58054
accept: */*

Response DefaultHttpResponse(decodeResult: success, version: HTTP/1.1)
HTTP/1.1 200 OK
Content-Type: application/json; charset=utf-8
cache-control: no-cache
content-length: 14

12:45:28.902 [AsyncHttpClient-1-2] DEBUG org.asynchttpclient.netty.channel.ChannelManager - Adding key: http://localhost:58054 for channel [id: 0x283ebd3c, L:/127.0.0.1:51983 - R:localhost/127.0.0.1:58054]
  &amp#27;[32mWhen &amp#27;[0m&amp#27;[32mI input &amp#27;[0m&amp#27;[32m&amp#27;[1m"ro"&amp#27;[0m&amp#27;[32m email&amp#27;[0m                       &amp#27;[90m# starter.stepdefinition.LoginStep.iInputEmail(java.lang.String)&amp#27;[0m
12:45:28.906 [Forwarding screenshot on session b3f8081c2ff2cb729a39ba97d4e087e6 to remote] DEBUG org.asynchttpclient.netty.request.NettyRequestSender - Using pooled Channel '[id: 0x283ebd3c, L:/127.0.0.1:51983 - R:localhost/127.0.0.1:58054]' for 'GET' to 'http://localhost:58054/session/b3f8081c2ff2cb729a39ba97d4e087e6/screenshot'
12:45:28.906 [Forwarding screenshot on session b3f8081c2ff2cb729a39ba97d4e087e6 to remote] DEBUG org.asynchttpclient.netty.request.NettyRequestSender - Using open Channel [id: 0x283ebd3c, L:/127.0.0.1:51983 - R:localhost/127.0.0.1:58054] for GET '/session/b3f8081c2ff2cb729a39ba97d4e087e6/screenshot'
12:45:29.069 [AsyncHttpClient-1-2] DEBUG org.asynchttpclient.netty.handler.HttpHandler - 

Request DefaultFullHttpRequest(decodeResult: success, version: HTTP/1.1, content: EmptyByteBufBE)
GET /session/b3f8081c2ff2cb729a39ba97d4e087e6/screenshot HTTP/1.1
User-Agent: selenium/4.1.2 (java windows)
Cache-Control: no-cache
Content-Type: application/json; charset=utf-8
host: localhost:58054
accept: */*

Response DefaultHttpResponse(decodeResult: success, version: HTTP/1.1)
HTTP/1.1 200 OK
Content-Type: application/json; charset=utf-8
cache-control: no-cache
content-length: 34656

12:45:29.069 [AsyncHttpClient-1-2] DEBUG org.asynchttpclient.netty.channel.ChannelManager - Adding key: http://localhost:58054 for channel [id: 0x283ebd3c, L:/127.0.0.1:51983 - R:localhost/127.0.0.1:58054]
12:45:29.070 [main] DEBUG net.serenitybdd.core.photography.Darkroom - Send negative for processing for target\site\serenity\a3d660427d87e3b2b509837974ea540a18bf49d136e2478e37ee2f97d6c4a033.png
12:45:29.070 [Darkroom Processing Line] DEBUG net.serenitybdd.core.photography.DarkroomProcessingLine - Processing screenshot image in /var/screenshots/screenshot-3665541419824006356
12:45:29.070 [Darkroom Processing Line] DEBUG net.serenitybdd.core.photography.DarkroomProcessingLine - Saving screenshot to target\site\serenity\a3d660427d87e3b2b509837974ea540a18bf49d136e2478e37ee2f97d6c4a033.png
12:45:29.080 [Forwarding findElement on session b3f8081c2ff2cb729a39ba97d4e087e6 to remote] DEBUG org.asynchttpclient.netty.request.NettyRequestSender - Using pooled Channel '[id: 0x283ebd3c, L:/127.0.0.1:51983 - R:localhost/127.0.0.1:58054]' for 'POST' to 'http://localhost:58054/session/b3f8081c2ff2cb729a39ba97d4e087e6/element'
12:45:29.080 [Forwarding findElement on session b3f8081c2ff2cb729a39ba97d4e087e6 to remote] DEBUG org.asynchttpclient.netty.request.NettyRequestSender - Using open Channel [id: 0x283ebd3c, L:/127.0.0.1:51983 - R:localhost/127.0.0.1:58054] for POST '/session/b3f8081c2ff2cb729a39ba97d4e087e6/element'
12:45:29.090 [AsyncHttpClient-1-2] DEBUG org.asynchttpclient.netty.handler.HttpHandler - 

Request DefaultHttpRequest(decodeResult: success, version: HTTP/1.1)
POST /session/b3f8081c2ff2cb729a39ba97d4e087e6/element HTTP/1.1
User-Agent: selenium/4.1.2 (java windows)
Content-Length: 91
Content-Type: application/json; charset=utf-8
host: localhost:58054
accept: */*

Response DefaultHttpResponse(decodeResult: success, version: HTTP/1.1)
HTTP/1.1 200 OK
Content-Type: application/json; charset=utf-8
cache-control: no-cache
content-length: 88

12:45:29.090 [AsyncHttpClient-1-2] DEBUG org.asynchttpclient.netty.channel.ChannelManager - Adding key: http://localhost:58054 for channel [id: 0x283ebd3c, L:/127.0.0.1:51983 - R:localhost/127.0.0.1:58054]
12:45:29.092 [Forwarding clearElement on session b3f8081c2ff2cb729a39ba97d4e087e6 to remote] DEBUG org.asynchttpclient.netty.request.NettyRequestSender - Using pooled Channel '[id: 0x283ebd3c, L:/127.0.0.1:51983 - R:localhost/127.0.0.1:58054]' for 'POST' to 'http://localhost:58054/session/b3f8081c2ff2cb729a39ba97d4e087e6/element/9cd61bbb-6341-4641-ac8b-48a40ed742ff/clear'
12:45:29.092 [Forwarding clearElement on session b3f8081c2ff2cb729a39ba97d4e087e6 to remote] DEBUG org.asynchttpclient.netty.request.NettyRequestSender - Using open Channel [id: 0x283ebd3c, L:/127.0.0.1:51983 - R:localhost/127.0.0.1:58054] for POST '/session/b3f8081c2ff2cb729a39ba97d4e087e6/element/9cd61bbb-6341-4641-ac8b-48a40ed742ff/clear'
12:45:29.125 [AsyncHttpClient-1-2] DEBUG org.asynchttpclient.netty.handler.HttpHandler - 

Request DefaultHttpRequest(decodeResult: success, version: HTTP/1.1)
POST /session/b3f8081c2ff2cb729a39ba97d4e087e6/element/9cd61bbb-6341-4641-ac8b-48a40ed742ff/clear HTTP/1.1
User-Agent: selenium/4.1.2 (java windows)
Content-Length: 50
Content-Type: application/json; charset=utf-8
host: localhost:58054
accept: */*

Response DefaultHttpResponse(decodeResult: success, version: HTTP/1.1)
HTTP/1.1 200 OK
Content-Type: application/json; charset=utf-8
cache-control: no-cache
content-length: 14

12:45:29.125 [AsyncHttpClient-1-2] DEBUG org.asynchttpclient.netty.channel.ChannelManager - Adding key: http://localhost:58054 for channel [id: 0x283ebd3c, L:/127.0.0.1:51983 - R:localhost/127.0.0.1:58054]
12:45:29.126 [Forwarding sendKeysToElement on session b3f8081c2ff2cb729a39ba97d4e087e6 to remote] DEBUG org.asynchttpclient.netty.request.NettyRequestSender - Using pooled Channel '[id: 0x283ebd3c, L:/127.0.0.1:51983 - R:localhost/127.0.0.1:58054]' for 'POST' to 'http://localhost:58054/session/b3f8081c2ff2cb729a39ba97d4e087e6/element/9cd61bbb-6341-4641-ac8b-48a40ed742ff/value'
12:45:29.126 [Forwarding sendKeysToElement on session b3f8081c2ff2cb729a39ba97d4e087e6 to remote] DEBUG org.asynchttpclient.netty.request.NettyRequestSender - Using open Channel [id: 0x283ebd3c, L:/127.0.0.1:51983 - R:localhost/127.0.0.1:58054] for POST '/session/b3f8081c2ff2cb729a39ba97d4e087e6/element/9cd61bbb-6341-4641-ac8b-48a40ed742ff/value'
12:45:29.168 [AsyncHttpClient-1-2] DEBUG org.asynchttpclient.netty.handler.HttpHandler - 

Request DefaultHttpRequest(decodeResult: success, version: HTTP/1.1)
POST /session/b3f8081c2ff2cb729a39ba97d4e087e6/element/9cd61bbb-6341-4641-ac8b-48a40ed742ff/value HTTP/1.1
User-Agent: selenium/4.1.2 (java windows)
Content-Length: 101
Content-Type: application/json; charset=utf-8
host: localhost:58054
accept: */*

Response DefaultHttpResponse(decodeResult: success, version: HTTP/1.1)
HTTP/1.1 200 OK
Content-Type: application/json; charset=utf-8
cache-control: no-cache
content-length: 14

12:45:29.168 [AsyncHttpClient-1-2] DEBUG org.asynchttpclient.netty.channel.ChannelManager - Adding key: http://localhost:58054 for channel [id: 0x283ebd3c, L:/127.0.0.1:51983 - R:localhost/127.0.0.1:58054]
  &amp#27;[32mAnd &amp#27;[0m&amp#27;[32mI input &amp#27;[0m&amp#27;[32m&amp#27;[1m"na"&amp#27;[0m&amp#27;[32m password&amp#27;[0m                     &amp#27;[90m# starter.stepdefinition.LoginStep.iInputPassword(java.lang.String)&amp#27;[0m
12:45:29.174 [Forwarding screenshot on session b3f8081c2ff2cb729a39ba97d4e087e6 to remote] DEBUG org.asynchttpclient.netty.request.NettyRequestSender - Using pooled Channel '[id: 0x283ebd3c, L:/127.0.0.1:51983 - R:localhost/127.0.0.1:58054]' for 'GET' to 'http://localhost:58054/session/b3f8081c2ff2cb729a39ba97d4e087e6/screenshot'
12:45:29.174 [Forwarding screenshot on session b3f8081c2ff2cb729a39ba97d4e087e6 to remote] DEBUG org.asynchttpclient.netty.request.NettyRequestSender - Using open Channel [id: 0x283ebd3c, L:/127.0.0.1:51983 - R:localhost/127.0.0.1:58054] for GET '/session/b3f8081c2ff2cb729a39ba97d4e087e6/screenshot'
12:45:29.250 [AsyncHttpClient-1-1] DEBUG org.asynchttpclient.netty.channel.DefaultChannelPool - Entry count for : http://localhost:51985 : 1
12:45:29.314 [AsyncHttpClient-1-2] DEBUG org.asynchttpclient.netty.handler.HttpHandler - 

Request DefaultFullHttpRequest(decodeResult: success, version: HTTP/1.1, content: EmptyByteBufBE)
GET /session/b3f8081c2ff2cb729a39ba97d4e087e6/screenshot HTTP/1.1
User-Agent: selenium/4.1.2 (java windows)
Cache-Control: no-cache
Content-Type: application/json; charset=utf-8
host: localhost:58054
accept: */*

Response DefaultHttpResponse(decodeResult: success, version: HTTP/1.1)
HTTP/1.1 200 OK
Content-Type: application/json; charset=utf-8
cache-control: no-cache
content-length: 34864

12:45:29.315 [AsyncHttpClient-1-2] DEBUG org.asynchttpclient.netty.channel.ChannelManager - Adding key: http://localhost:58054 for channel [id: 0x283ebd3c, L:/127.0.0.1:51983 - R:localhost/127.0.0.1:58054]
12:45:29.316 [main] DEBUG net.serenitybdd.core.photography.Darkroom - Send negative for processing for target\site\serenity\c037d4f60221f782d36fbabeed18c1f090da4b5b6f1b98bc3386689878af5d8e.png
12:45:29.316 [Darkroom Processing Line] DEBUG net.serenitybdd.core.photography.DarkroomProcessingLine - Processing screenshot image in /var/screenshots/screenshot-8245894215035317324
12:45:29.316 [Darkroom Processing Line] DEBUG net.serenitybdd.core.photography.DarkroomProcessingLine - Saving screenshot to target\site\serenity\c037d4f60221f782d36fbabeed18c1f090da4b5b6f1b98bc3386689878af5d8e.png
12:45:29.321 [Forwarding findElement on session b3f8081c2ff2cb729a39ba97d4e087e6 to remote] DEBUG org.asynchttpclient.netty.request.NettyRequestSender - Using pooled Channel '[id: 0x283ebd3c, L:/127.0.0.1:51983 - R:localhost/127.0.0.1:58054]' for 'POST' to 'http://localhost:58054/session/b3f8081c2ff2cb729a39ba97d4e087e6/element'
12:45:29.321 [Forwarding findElement on session b3f8081c2ff2cb729a39ba97d4e087e6 to remote] DEBUG org.asynchttpclient.netty.request.NettyRequestSender - Using open Channel [id: 0x283ebd3c, L:/127.0.0.1:51983 - R:localhost/127.0.0.1:58054] for POST '/session/b3f8081c2ff2cb729a39ba97d4e087e6/element'
12:45:29.331 [AsyncHttpClient-1-2] DEBUG org.asynchttpclient.netty.handler.HttpHandler - 

Request DefaultHttpRequest(decodeResult: success, version: HTTP/1.1)
POST /session/b3f8081c2ff2cb729a39ba97d4e087e6/element HTTP/1.1
User-Agent: selenium/4.1.2 (java windows)
Content-Length: 141
Content-Type: application/json; charset=utf-8
host: localhost:58054
accept: */*

Response DefaultHttpResponse(decodeResult: success, version: HTTP/1.1)
HTTP/1.1 200 OK
Content-Type: application/json; charset=utf-8
cache-control: no-cache
content-length: 88

12:45:29.331 [AsyncHttpClient-1-2] DEBUG org.asynchttpclient.netty.channel.ChannelManager - Adding key: http://localhost:58054 for channel [id: 0x283ebd3c, L:/127.0.0.1:51983 - R:localhost/127.0.0.1:58054]
12:45:29.332 [Forwarding getElementTagName on session b3f8081c2ff2cb729a39ba97d4e087e6 to remote] DEBUG org.asynchttpclient.netty.request.NettyRequestSender - Using pooled Channel '[id: 0x283ebd3c, L:/127.0.0.1:51983 - R:localhost/127.0.0.1:58054]' for 'GET' to 'http://localhost:58054/session/b3f8081c2ff2cb729a39ba97d4e087e6/element/eb293af5-3a9b-4c47-b644-854bad2053ab/name'
12:45:29.332 [Forwarding getElementTagName on session b3f8081c2ff2cb729a39ba97d4e087e6 to remote] DEBUG org.asynchttpclient.netty.request.NettyRequestSender - Using open Channel [id: 0x283ebd3c, L:/127.0.0.1:51983 - R:localhost/127.0.0.1:58054] for GET '/session/b3f8081c2ff2cb729a39ba97d4e087e6/element/eb293af5-3a9b-4c47-b644-854bad2053ab/name'
12:45:29.336 [AsyncHttpClient-1-2] DEBUG org.asynchttpclient.netty.handler.HttpHandler - 

Request DefaultFullHttpRequest(decodeResult: success, version: HTTP/1.1, content: EmptyByteBufBE)
GET /session/b3f8081c2ff2cb729a39ba97d4e087e6/element/eb293af5-3a9b-4c47-b644-854bad2053ab/name HTTP/1.1
User-Agent: selenium/4.1.2 (java windows)
Cache-Control: no-cache
Content-Type: application/json; charset=utf-8
host: localhost:58054
accept: */*

Response DefaultHttpResponse(decodeResult: success, version: HTTP/1.1)
HTTP/1.1 200 OK
Content-Type: application/json; charset=utf-8
cache-control: no-cache
content-length: 18

12:45:29.336 [AsyncHttpClient-1-2] DEBUG org.asynchttpclient.netty.channel.ChannelManager - Adding key: http://localhost:58054 for channel [id: 0x283ebd3c, L:/127.0.0.1:51983 - R:localhost/127.0.0.1:58054]
12:45:29.337 [Forwarding getElementTagName on session b3f8081c2ff2cb729a39ba97d4e087e6 to remote] DEBUG org.asynchttpclient.netty.request.NettyRequestSender - Using pooled Channel '[id: 0x283ebd3c, L:/127.0.0.1:51983 - R:localhost/127.0.0.1:58054]' for 'GET' to 'http://localhost:58054/session/b3f8081c2ff2cb729a39ba97d4e087e6/element/eb293af5-3a9b-4c47-b644-854bad2053ab/name'
12:45:29.337 [Forwarding getElementTagName on session b3f8081c2ff2cb729a39ba97d4e087e6 to remote] DEBUG org.asynchttpclient.netty.request.NettyRequestSender - Using open Channel [id: 0x283ebd3c, L:/127.0.0.1:51983 - R:localhost/127.0.0.1:58054] for GET '/session/b3f8081c2ff2cb729a39ba97d4e087e6/element/eb293af5-3a9b-4c47-b644-854bad2053ab/name'
12:45:29.340 [AsyncHttpClient-1-2] DEBUG org.asynchttpclient.netty.handler.HttpHandler - 

Request DefaultFullHttpRequest(decodeResult: success, version: HTTP/1.1, content: EmptyByteBufBE)
GET /session/b3f8081c2ff2cb729a39ba97d4e087e6/element/eb293af5-3a9b-4c47-b644-854bad2053ab/name HTTP/1.1
User-Agent: selenium/4.1.2 (java windows)
Cache-Control: no-cache
Content-Type: application/json; charset=utf-8
host: localhost:58054
accept: */*

Response DefaultHttpResponse(decodeResult: success, version: HTTP/1.1)
HTTP/1.1 200 OK
Content-Type: application/json; charset=utf-8
cache-control: no-cache
content-length: 18

12:45:29.340 [AsyncHttpClient-1-2] DEBUG org.asynchttpclient.netty.channel.ChannelManager - Adding key: http://localhost:58054 for channel [id: 0x283ebd3c, L:/127.0.0.1:51983 - R:localhost/127.0.0.1:58054]
12:45:29.341 [Forwarding isElementEnabled on session b3f8081c2ff2cb729a39ba97d4e087e6 to remote] DEBUG org.asynchttpclient.netty.request.NettyRequestSender - Using pooled Channel '[id: 0x283ebd3c, L:/127.0.0.1:51983 - R:localhost/127.0.0.1:58054]' for 'GET' to 'http://localhost:58054/session/b3f8081c2ff2cb729a39ba97d4e087e6/element/eb293af5-3a9b-4c47-b644-854bad2053ab/enabled'
12:45:29.341 [Forwarding isElementEnabled on session b3f8081c2ff2cb729a39ba97d4e087e6 to remote] DEBUG org.asynchttpclient.netty.request.NettyRequestSender - Using open Channel [id: 0x283ebd3c, L:/127.0.0.1:51983 - R:localhost/127.0.0.1:58054] for GET '/session/b3f8081c2ff2cb729a39ba97d4e087e6/element/eb293af5-3a9b-4c47-b644-854bad2053ab/enabled'
12:45:29.350 [AsyncHttpClient-1-2] DEBUG org.asynchttpclient.netty.handler.HttpHandler - 

Request DefaultFullHttpRequest(decodeResult: success, version: HTTP/1.1, content: EmptyByteBufBE)
GET /session/b3f8081c2ff2cb729a39ba97d4e087e6/element/eb293af5-3a9b-4c47-b644-854bad2053ab/enabled HTTP/1.1
User-Agent: selenium/4.1.2 (java windows)
Cache-Control: no-cache
Content-Type: application/json; charset=utf-8
host: localhost:58054
accept: */*

Response DefaultHttpResponse(decodeResult: success, version: HTTP/1.1)
HTTP/1.1 200 OK
Content-Type: application/json; charset=utf-8
cache-control: no-cache
content-length: 14

12:45:29.350 [AsyncHttpClient-1-2] DEBUG org.asynchttpclient.netty.channel.ChannelManager - Adding key: http://localhost:58054 for channel [id: 0x283ebd3c, L:/127.0.0.1:51983 - R:localhost/127.0.0.1:58054]
12:45:29.351 [Forwarding isElementEnabled on session b3f8081c2ff2cb729a39ba97d4e087e6 to remote] DEBUG org.asynchttpclient.netty.request.NettyRequestSender - Using pooled Channel '[id: 0x283ebd3c, L:/127.0.0.1:51983 - R:localhost/127.0.0.1:58054]' for 'GET' to 'http://localhost:58054/session/b3f8081c2ff2cb729a39ba97d4e087e6/element/eb293af5-3a9b-4c47-b644-854bad2053ab/enabled'
12:45:29.351 [Forwarding isElementEnabled on session b3f8081c2ff2cb729a39ba97d4e087e6 to remote] DEBUG org.asynchttpclient.netty.request.NettyRequestSender - Using open Channel [id: 0x283ebd3c, L:/127.0.0.1:51983 - R:localhost/127.0.0.1:58054] for GET '/session/b3f8081c2ff2cb729a39ba97d4e087e6/element/eb293af5-3a9b-4c47-b644-854bad2053ab/enabled'
12:45:29.356 [AsyncHttpClient-1-2] DEBUG org.asynchttpclient.netty.handler.HttpHandler - 

Request DefaultFullHttpRequest(decodeResult: success, version: HTTP/1.1, content: EmptyByteBufBE)
GET /session/b3f8081c2ff2cb729a39ba97d4e087e6/element/eb293af5-3a9b-4c47-b644-854bad2053ab/enabled HTTP/1.1
User-Agent: selenium/4.1.2 (java windows)
Cache-Control: no-cache
Content-Type: application/json; charset=utf-8
host: localhost:58054
accept: */*

Response DefaultHttpResponse(decodeResult: success, version: HTTP/1.1)
HTTP/1.1 200 OK
Content-Type: application/json; charset=utf-8
cache-control: no-cache
content-length: 14

12:45:29.356 [AsyncHttpClient-1-2] DEBUG org.asynchttpclient.netty.channel.ChannelManager - Adding key: http://localhost:58054 for channel [id: 0x283ebd3c, L:/127.0.0.1:51983 - R:localhost/127.0.0.1:58054]
12:45:29.357 [Forwarding findElement on session b3f8081c2ff2cb729a39ba97d4e087e6 to remote] DEBUG org.asynchttpclient.netty.request.NettyRequestSender - Using pooled Channel '[id: 0x283ebd3c, L:/127.0.0.1:51983 - R:localhost/127.0.0.1:58054]' for 'POST' to 'http://localhost:58054/session/b3f8081c2ff2cb729a39ba97d4e087e6/element'
12:45:29.357 [Forwarding findElement on session b3f8081c2ff2cb729a39ba97d4e087e6 to remote] DEBUG org.asynchttpclient.netty.request.NettyRequestSender - Using open Channel [id: 0x283ebd3c, L:/127.0.0.1:51983 - R:localhost/127.0.0.1:58054] for POST '/session/b3f8081c2ff2cb729a39ba97d4e087e6/element'
12:45:29.363 [AsyncHttpClient-1-2] DEBUG org.asynchttpclient.netty.handler.HttpHandler - 

Request DefaultHttpRequest(decodeResult: success, version: HTTP/1.1)
POST /session/b3f8081c2ff2cb729a39ba97d4e087e6/element HTTP/1.1
User-Agent: selenium/4.1.2 (java windows)
Content-Length: 141
Content-Type: application/json; charset=utf-8
host: localhost:58054
accept: */*

Response DefaultHttpResponse(decodeResult: success, version: HTTP/1.1)
HTTP/1.1 200 OK
Content-Type: application/json; charset=utf-8
cache-control: no-cache
content-length: 88

12:45:29.363 [AsyncHttpClient-1-2] DEBUG org.asynchttpclient.netty.channel.ChannelManager - Adding key: http://localhost:58054 for channel [id: 0x283ebd3c, L:/127.0.0.1:51983 - R:localhost/127.0.0.1:58054]
12:45:29.364 [Forwarding clickElement on session b3f8081c2ff2cb729a39ba97d4e087e6 to remote] DEBUG org.asynchttpclient.netty.request.NettyRequestSender - Using pooled Channel '[id: 0x283ebd3c, L:/127.0.0.1:51983 - R:localhost/127.0.0.1:58054]' for 'POST' to 'http://localhost:58054/session/b3f8081c2ff2cb729a39ba97d4e087e6/element/eb293af5-3a9b-4c47-b644-854bad2053ab/click'
12:45:29.364 [Forwarding clickElement on session b3f8081c2ff2cb729a39ba97d4e087e6 to remote] DEBUG org.asynchttpclient.netty.request.NettyRequestSender - Using open Channel [id: 0x283ebd3c, L:/127.0.0.1:51983 - R:localhost/127.0.0.1:58054] for POST '/session/b3f8081c2ff2cb729a39ba97d4e087e6/element/eb293af5-3a9b-4c47-b644-854bad2053ab/click'
12:45:29.398 [AsyncHttpClient-1-2] DEBUG org.asynchttpclient.netty.handler.HttpHandler - 

Request DefaultHttpRequest(decodeResult: success, version: HTTP/1.1)
POST /session/b3f8081c2ff2cb729a39ba97d4e087e6/element/eb293af5-3a9b-4c47-b644-854bad2053ab/click HTTP/1.1
User-Agent: selenium/4.1.2 (java windows)
Content-Length: 50
Content-Type: application/json; charset=utf-8
host: localhost:58054
accept: */*

Response DefaultHttpResponse(decodeResult: success, version: HTTP/1.1)
HTTP/1.1 200 OK
Content-Type: application/json; charset=utf-8
cache-control: no-cache
content-length: 14

12:45:29.398 [AsyncHttpClient-1-2] DEBUG org.asynchttpclient.netty.channel.ChannelManager - Adding key: http://localhost:58054 for channel [id: 0x283ebd3c, L:/127.0.0.1:51983 - R:localhost/127.0.0.1:58054]
  &amp#27;[32mAnd &amp#27;[0m&amp#27;[32mI click login button&amp#27;[0m                      &amp#27;[90m# starter.stepdefinition.LoginStep.iClickLoginButton()&amp#27;[0m
12:45:29.403 [Forwarding screenshot on session b3f8081c2ff2cb729a39ba97d4e087e6 to remote] DEBUG org.asynchttpclient.netty.request.NettyRequestSender - Using pooled Channel '[id: 0x283ebd3c, L:/127.0.0.1:51983 - R:localhost/127.0.0.1:58054]' for 'GET' to 'http://localhost:58054/session/b3f8081c2ff2cb729a39ba97d4e087e6/screenshot'
12:45:29.403 [Forwarding screenshot on session b3f8081c2ff2cb729a39ba97d4e087e6 to remote] DEBUG org.asynchttpclient.netty.request.NettyRequestSender - Using open Channel [id: 0x283ebd3c, L:/127.0.0.1:51983 - R:localhost/127.0.0.1:58054] for GET '/session/b3f8081c2ff2cb729a39ba97d4e087e6/screenshot'
12:45:29.545 [AsyncHttpClient-1-2] DEBUG org.asynchttpclient.netty.handler.HttpHandler - 

Request DefaultFullHttpRequest(decodeResult: success, version: HTTP/1.1, content: EmptyByteBufBE)
GET /session/b3f8081c2ff2cb729a39ba97d4e087e6/screenshot HTTP/1.1
User-Agent: selenium/4.1.2 (java windows)
Cache-Control: no-cache
Content-Type: application/json; charset=utf-8
host: localhost:58054
accept: */*

Response DefaultHttpResponse(decodeResult: success, version: HTTP/1.1)
HTTP/1.1 200 OK
Content-Type: application/json; charset=utf-8
cache-control: no-cache
content-length: 34084

12:45:29.545 [AsyncHttpClient-1-2] DEBUG org.asynchttpclient.netty.channel.ChannelManager - Adding key: http://localhost:58054 for channel [id: 0x283ebd3c, L:/127.0.0.1:51983 - R:localhost/127.0.0.1:58054]
12:45:29.546 [main] DEBUG net.serenitybdd.core.photography.Darkroom - Send negative for processing for target\site\serenity\aef475d79f703b458ef4533ac662e3d77d28271634899ce910b51af75d478957.png
12:45:29.547 [Darkroom Processing Line] DEBUG net.serenitybdd.core.photography.DarkroomProcessingLine - Processing screenshot image in /var/screenshots/screenshot-3654348324958098404
12:45:29.547 [Darkroom Processing Line] DEBUG net.serenitybdd.core.photography.DarkroomProcessingLine - Saving screenshot to target\site\serenity\aef475d79f703b458ef4533ac662e3d77d28271634899ce910b51af75d478957.png
12:45:29.551 [Forwarding findElement on session b3f8081c2ff2cb729a39ba97d4e087e6 to remote] DEBUG org.asynchttpclient.netty.request.NettyRequestSender - Using pooled Channel '[id: 0x283ebd3c, L:/127.0.0.1:51983 - R:localhost/127.0.0.1:58054]' for 'POST' to 'http://localhost:58054/session/b3f8081c2ff2cb729a39ba97d4e087e6/element'
12:45:29.551 [Forwarding findElement on session b3f8081c2ff2cb729a39ba97d4e087e6 to remote] DEBUG org.asynchttpclient.netty.request.NettyRequestSender - Using open Channel [id: 0x283ebd3c, L:/127.0.0.1:51983 - R:localhost/127.0.0.1:58054] for POST '/session/b3f8081c2ff2cb729a39ba97d4e087e6/element'
12:45:30.344 [AsyncHttpClient-1-1] DEBUG org.asynchttpclient.netty.channel.DefaultChannelPool - Entry count for : http://localhost:51985 : 1
12:45:31.066 [AsyncHttpClient-1-2] DEBUG org.asynchttpclient.netty.handler.HttpHandler - 

Request DefaultHttpRequest(decodeResult: success, version: HTTP/1.1)
POST /session/b3f8081c2ff2cb729a39ba97d4e087e6/element HTTP/1.1
User-Agent: selenium/4.1.2 (java windows)
Content-Length: 81
Content-Type: application/json; charset=utf-8
host: localhost:58054
accept: */*

Response DefaultHttpResponse(decodeResult: success, version: HTTP/1.1)
HTTP/1.1 200 OK
Content-Type: application/json; charset=utf-8
cache-control: no-cache
content-length: 88

12:45:31.066 [AsyncHttpClient-1-2] DEBUG org.asynchttpclient.netty.channel.ChannelManager - Adding key: http://localhost:58054 for channel [id: 0x283ebd3c, L:/127.0.0.1:51983 - R:localhost/127.0.0.1:58054]
12:45:31.068 [Forwarding isElementDisplayed on session b3f8081c2ff2cb729a39ba97d4e087e6 to remote] DEBUG org.asynchttpclient.netty.request.NettyRequestSender - Using pooled Channel '[id: 0x283ebd3c, L:/127.0.0.1:51983 - R:localhost/127.0.0.1:58054]' for 'POST' to 'http://localhost:58054/session/b3f8081c2ff2cb729a39ba97d4e087e6/execute/sync'
12:45:31.068 [Forwarding isElementDisplayed on session b3f8081c2ff2cb729a39ba97d4e087e6 to remote] DEBUG org.asynchttpclient.netty.request.NettyRequestSender - Using open Channel [id: 0x283ebd3c, L:/127.0.0.1:51983 - R:localhost/127.0.0.1:58054] for POST '/session/b3f8081c2ff2cb729a39ba97d4e087e6/execute/sync'
12:45:31.081 [AsyncHttpClient-1-2] DEBUG org.asynchttpclient.netty.handler.HttpHandler - 

Request DefaultHttpRequest(decodeResult: success, version: HTTP/1.1)
POST /session/b3f8081c2ff2cb729a39ba97d4e087e6/execute/sync HTTP/1.1
User-Agent: selenium/4.1.2 (java windows)
Content-Length: 48780
Content-Type: application/json; charset=utf-8
host: localhost:58054
accept: */*

Response DefaultHttpResponse(decodeResult: success, version: HTTP/1.1)
HTTP/1.1 200 OK
Content-Type: application/json; charset=utf-8
cache-control: no-cache
content-length: 14

12:45:31.081 [AsyncHttpClient-1-2] DEBUG org.asynchttpclient.netty.channel.ChannelManager - Adding key: http://localhost:58054 for channel [id: 0x283ebd3c, L:/127.0.0.1:51983 - R:localhost/127.0.0.1:58054]
  &amp#27;[32mThen &amp#27;[0m&amp#27;[32mI will get the &amp#27;[0m&amp#27;[32m&amp#27;[1m"can't login"&amp#27;[0m             &amp#27;[90m# starter.stepdefinition.LoginStep.iWillGetThe(java.lang.String)&amp#27;[0m
12:45:31.084 [Forwarding screenshot on session b3f8081c2ff2cb729a39ba97d4e087e6 to remote] DEBUG org.asynchttpclient.netty.request.NettyRequestSender - Using pooled Channel '[id: 0x283ebd3c, L:/127.0.0.1:51983 - R:localhost/127.0.0.1:58054]' for 'GET' to 'http://localhost:58054/session/b3f8081c2ff2cb729a39ba97d4e087e6/screenshot'
12:45:31.084 [Forwarding screenshot on session b3f8081c2ff2cb729a39ba97d4e087e6 to remote] DEBUG org.asynchttpclient.netty.request.NettyRequestSender - Using open Channel [id: 0x283ebd3c, L:/127.0.0.1:51983 - R:localhost/127.0.0.1:58054] for GET '/session/b3f8081c2ff2cb729a39ba97d4e087e6/screenshot'
12:45:31.259 [AsyncHttpClient-1-2] DEBUG org.asynchttpclient.netty.handler.HttpHandler - 

Request DefaultFullHttpRequest(decodeResult: success, version: HTTP/1.1, content: EmptyByteBufBE)
GET /session/b3f8081c2ff2cb729a39ba97d4e087e6/screenshot HTTP/1.1
User-Agent: selenium/4.1.2 (java windows)
Cache-Control: no-cache
Content-Type: application/json; charset=utf-8
host: localhost:58054
accept: */*

Response DefaultHttpResponse(decodeResult: success, version: HTTP/1.1)
HTTP/1.1 200 OK
Content-Type: application/json; charset=utf-8
cache-control: no-cache
content-length: 37308

12:45:31.259 [AsyncHttpClient-1-2] DEBUG org.asynchttpclient.netty.channel.ChannelManager - Adding key: http://localhost:58054 for channel [id: 0x283ebd3c, L:/127.0.0.1:51983 - R:localhost/127.0.0.1:58054]
12:45:31.261 [main] DEBUG net.serenitybdd.core.photography.Darkroom - Send negative for processing for target\site\serenity\cfd59b8e0bb624f0e5d256056ed1118d411e6832d7eea25af69720b738cabef0.png
12:45:31.261 [Darkroom Processing Line] DEBUG net.serenitybdd.core.photography.DarkroomProcessingLine - Processing screenshot image in /var/screenshots/screenshot-16061504802059484527
12:45:31.261 [Darkroom Processing Line] DEBUG net.serenitybdd.core.photography.DarkroomProcessingLine - Saving screenshot to target\site\serenity\cfd59b8e0bb624f0e5d256056ed1118d411e6832d7eea25af69720b738cabef0.png
12:45:31.266 [Driver Command Executor] DEBUG org.asynchttpclient.netty.request.NettyRequestSender - Using pooled Channel '[id: 0x283ebd3c, L:/127.0.0.1:51983 - R:localhost/127.0.0.1:58054]' for 'DELETE' to 'http://localhost:58054/session/b3f8081c2ff2cb729a39ba97d4e087e6'
12:45:31.266 [AsyncHttpClient-1-4] DEBUG org.asynchttpclient.netty.handler.WebSocketHandler - Channel Closed: [id: 0x1a6996d2, L:/127.0.0.1:51992 ! R:localhost/127.0.0.1:51985] with attribute NettyResponseFuture{currentRetry=5,
	isDone=1,
	isCancelled=0,
	asyncHandler=org.asynchttpclient.ws.WebSocketUpgradeHandler@5d4f98bf,
	nettyRequest=org.asynchttpclient.netty.request.NettyRequest@10b690cb,
	future=java.util.concurrent.CompletableFuture@44625469[Completed normally],
	uri=ws://localhost:51985/devtools/browser/0ce9bc14-f66b-48c7-b775-3e631457cc35,
	keepAlive=true,
	redirectCount=0,
	timeoutsHolder=null,
	inAuth=0,
	touch=1667972726280}
12:45:31.266 [Driver Command Executor] DEBUG org.asynchttpclient.netty.request.NettyRequestSender - Using open Channel [id: 0x283ebd3c, L:/127.0.0.1:51983 - R:localhost/127.0.0.1:58054] for DELETE '/session/b3f8081c2ff2cb729a39ba97d4e087e6'
12:45:31.266 [AsyncHttpClient-1-4] DEBUG org.asynchttpclient.netty.channel.ChannelManager - Closing Channel [id: 0x1a6996d2, L:/127.0.0.1:51992 ! R:localhost/127.0.0.1:51985] 
12:45:31.315 [AsyncHttpClient-1-3] DEBUG org.asynchttpclient.netty.handler.HttpHandler - Unexpected I/O exception on channel [id: 0x289ffc8e, L:/127.0.0.1:51991 - R:localhost/127.0.0.1:51985]
java.io.IOException: An existing connection was forcibly closed by the remote host
	at java.base/sun.nio.ch.SocketDispatcher.read0(Native Method)
	at java.base/sun.nio.ch.SocketDispatcher.read(SocketDispatcher.java:43)
	at java.base/sun.nio.ch.IOUtil.readIntoNativeBuffer(IOUtil.java:276)
	at java.base/sun.nio.ch.IOUtil.read(IOUtil.java:233)
	at java.base/sun.nio.ch.IOUtil.read(IOUtil.java:223)
	at java.base/sun.nio.ch.SocketChannelImpl.read(SocketChannelImpl.java:358)
	at io.netty.buffer.PooledByteBuf.setBytes(PooledByteBuf.java:258)
	at io.netty.buffer.AbstractByteBuf.writeBytes(AbstractByteBuf.java:1132)
	at io.netty.channel.socket.nio.NioSocketChannel.doReadBytes(NioSocketChannel.java:350)
	at io.netty.channel.nio.AbstractNioByteChannel$NioByteUnsafe.read(AbstractNioByteChannel.java:151)
	at io.netty.channel.nio.NioEventLoop.processSelectedKey(NioEventLoop.java:722)
	at io.netty.channel.nio.NioEventLoop.processSelectedKeysOptimized(NioEventLoop.java:658)
	at io.netty.channel.nio.NioEventLoop.processSelectedKeys(NioEventLoop.java:584)
	at io.netty.channel.nio.NioEventLoop.run(NioEventLoop.java:496)
	at io.netty.util.concurrent.SingleThreadEventExecutor$4.run(SingleThreadEventExecutor.java:986)
	at io.netty.util.internal.ThreadExecutorMap$2.run(ThreadExecutorMap.java:74)
	at io.netty.util.concurrent.FastThreadLocalRunnable.run(FastThreadLocalRunnable.java:30)
	at java.base/java.lang.Thread.run(Thread.java:834)
12:45:31.316 [AsyncHttpClient-1-3] DEBUG org.asynchttpclient.netty.channel.ChannelManager - Closing Channel [id: 0x289ffc8e, L:/127.0.0.1:51991 - R:localhost/127.0.0.1:51985] 
12:45:31.318 [AsyncHttpClient-1-3] DEBUG org.asynchttpclient.netty.handler.HttpHandler - Channel Closed: [id: 0x289ffc8e, L:/127.0.0.1:51991 ! R:localhost/127.0.0.1:51985] with attribute DISCARD
12:45:31.339 [AsyncHttpClient-1-2] DEBUG org.asynchttpclient.netty.handler.HttpHandler - 

Request DefaultFullHttpRequest(decodeResult: success, version: HTTP/1.1, content: EmptyByteBufBE)
DELETE /session/b3f8081c2ff2cb729a39ba97d4e087e6 HTTP/1.1
User-Agent: selenium/4.1.2 (java windows)
Content-Type: application/json; charset=utf-8
host: localhost:58054
accept: */*

Response DefaultHttpResponse(decodeResult: success, version: HTTP/1.1)
HTTP/1.1 200 OK
Content-Type: application/json; charset=utf-8
cache-control: no-cache
content-length: 14

12:45:31.339 [AsyncHttpClient-1-2] DEBUG org.asynchttpclient.netty.channel.ChannelManager - Adding key: http://localhost:58054 for channel [id: 0x283ebd3c, L:/127.0.0.1:51983 - R:localhost/127.0.0.1:58054]
12:45:31.395 [AsyncHttpClient-1-2] DEBUG org.asynchttpclient.netty.handler.HttpHandler - Channel Closed: [id: 0x283ebd3c, L:/127.0.0.1:51983 ! R:localhost/127.0.0.1:58054] with attribute DISCARD
12:45:31.444 [AsyncHttpClient-1-1] DEBUG org.asynchttpclient.netty.channel.DefaultChannelPool - Entry count for : http://localhost:58054 : 1
12:45:31.444 [AsyncHttpClient-1-1] DEBUG org.asynchttpclient.netty.channel.DefaultChannelPool - Entry count for : http://localhost:51985 : 1
12:45:31.444 [AsyncHttpClient-1-1] DEBUG org.asynchttpclient.netty.channel.DefaultChannelPool - Adding Candidate expired Channel [id: 0x283ebd3c, L:/127.0.0.1:51983 ! R:localhost/127.0.0.1:58054] isIdleTimeoutExpired=false isRemotelyClosed=true isTtlExpired=false
12:45:31.444 [AsyncHttpClient-1-1] DEBUG org.asynchttpclient.netty.channel.DefaultChannelPool - Closing Idle Channel [id: 0x283ebd3c, L:/127.0.0.1:51983 ! R:localhost/127.0.0.1:58054]
12:45:31.444 [AsyncHttpClient-1-1] DEBUG org.asynchttpclient.netty.channel.DefaultChannelPool - Adding Candidate expired Channel [id: 0x289ffc8e, L:/127.0.0.1:51991 ! R:localhost/127.0.0.1:51985] isIdleTimeoutExpired=false isRemotelyClosed=true isTtlExpired=false
12:45:31.444 [AsyncHttpClient-1-1] DEBUG org.asynchttpclient.netty.channel.DefaultChannelPool - Closing Idle Channel [id: 0x289ffc8e, L:/127.0.0.1:51991 ! R:localhost/127.0.0.1:51985]
12:45:31.444 [AsyncHttpClient-1-1] DEBUG org.asynchttpclient.netty.channel.DefaultChannelPool - Closed 2 connections out of 2 in 0 ms
]]></system-out>
    <system-err><![CDATA[Starting ChromeDriver 107.0.5304.62 (1eec40d3a5764881c92085aaee66d25075c159aa-refs/branch-heads/5304@{#942}) on port 58054
Only local connections are allowed.
Please see https://chromedriver.chromium.org/security-considerations for suggestions on keeping ChromeDriver safe.
ChromeDriver was started successfully.
Nov 09, 2022 12:45:26 PM org.openqa.selenium.remote.ProtocolHandshake createSession
INFO: Detected dialect: W3C
Nov 09, 2022 12:45:26 PM org.openqa.selenium.devtools.CdpVersionFinder findNearestMatch
WARNING: Unable to find an exact match for CDP version 107, so returning the closest version found: a no-op implementation
Nov 09, 2022 12:45:26 PM org.openqa.selenium.devtools.CdpVersionFinder findNearestMatch
INFO: Unable to find CDP implementation matching 107.
Nov 09, 2022 12:45:26 PM org.openqa.selenium.chromium.ChromiumDriver lambda$new$3
WARNING: Unable to find version of CDP to use for . You may need to include a dependency on a specific version of the CDP using something similar to `org.seleniumhq.selenium:selenium-devtools-v86:4.1.2` where the version ("v86") matches the version of the chromium-based browser you're using and the version number of the artifact is the same as Selenium's.
]]></system-err>
  </testcase>
  <testcase name="Login with email and password #9" classname="Login" time="7.052">
    <system-out><![CDATA[
@Login
Scenario Outline: Login with email and password &amp#27;[90m# src/test/resources/features/login.feature:24&amp#27;[0m
12:45:31.460 [main] INFO io.cucumber.core.plugin.SerenityReporter - Running feature from file:///C:/Users/ASUS/Web/src/test/resources/features/login.feature
12:45:31.469 [main] INFO net.serenitybdd.core.webdriver.driverproviders.ChromeDriverProvider - Using automatically driver download
12:45:31.571 [main] DEBUG io.github.bonigarcia.wdm.cache.ResolutionCache - Resolution chrome=107 in cache (valid until 13:44:11 09/11/2022 ICT)
12:45:31.573 [main] DEBUG io.github.bonigarcia.wdm.cache.ResolutionCache - Resolution chrome107=107.0.5304.62 in cache (valid until 12:48:49 09/11/2022 ICT)
12:45:31.575 [main] INFO io.github.bonigarcia.wdm.WebDriverManager - Using chromedriver 107.0.5304.62 (resolved driver for Chrome 107)
12:45:31.581 [main] DEBUG io.github.bonigarcia.wdm.WebDriverManager - Driver chromedriver 107.0.5304.62 found in cache
12:45:31.582 [main] INFO io.github.bonigarcia.wdm.WebDriverManager - Exporting webdriver.chrome.driver as C:\Users\ASUS\.cache\selenium\chromedriver\win32\107.0.5304.62\chromedriver.exe
12:45:31.675 [main] DEBUG net.serenitybdd.core.webdriver.driverproviders.ProvideNewDriver - Instantiating driver
12:45:31.675 [main] DEBUG net.serenitybdd.core.webdriver.driverproviders.ProvideNewDriver - Driver capabilities: Capabilities {acceptInsecureCerts: false, base.url: https://alta-shop.vercel.app/, browserName: chrome, chrome.driver: src/test/resources/webdrive..., driver: chrome, goog:chromeOptions: {args: [], extensions: []}}
12:45:31.763 [AsyncHttpClient-1-5] DEBUG org.asynchttpclient.netty.channel.NettyConnectListener - Using new Channel '[id: 0x98bc7172, L:/127.0.0.1:52013 - R:localhost/127.0.0.1:55622]' for 'POST' to '/session'
12:45:34.501 [AsyncHttpClient-1-5] DEBUG org.asynchttpclient.netty.handler.HttpHandler - 

Request DefaultHttpRequest(decodeResult: success, version: HTTP/1.1)
POST /session HTTP/1.1
User-Agent: selenium/4.1.2 (java windows)
Content-Length: 615
Content-Type: application/json; charset=utf-8
host: localhost:55622
accept: */*

Response DefaultHttpResponse(decodeResult: success, version: HTTP/1.1)
HTTP/1.1 200 OK
Content-Type: application/json; charset=utf-8
cache-control: no-cache
content-length: 788

12:45:34.502 [AsyncHttpClient-1-5] DEBUG org.asynchttpclient.netty.channel.ChannelManager - Adding key: http://localhost:55622 for channel [id: 0x98bc7172, L:/127.0.0.1:52013 - R:localhost/127.0.0.1:55622]
12:45:34.513 [AsyncHttpClient-1-6] DEBUG org.asynchttpclient.netty.channel.NettyConnectListener - Using new Channel '[id: 0x73e8d846, L:/127.0.0.1:52020 - R:localhost/127.0.0.1:52014]' for 'GET' to '/json/version'
12:45:34.514 [AsyncHttpClient-1-6] DEBUG org.asynchttpclient.netty.handler.HttpHandler - 

Request DefaultFullHttpRequest(decodeResult: success, version: HTTP/1.1, content: EmptyByteBufBE)
GET /json/version HTTP/1.1
User-Agent: selenium/4.1.2 (java windows)
host: localhost:52014
accept: */*

Response DefaultHttpResponse(decodeResult: success, version: HTTP/1.1)
HTTP/1.1 200 OK
Content-Type: application/json; charset=UTF-8
content-length: 423

12:45:34.515 [AsyncHttpClient-1-6] DEBUG org.asynchttpclient.netty.channel.ChannelManager - Adding key: http://localhost:52014 for channel [id: 0x73e8d846, L:/127.0.0.1:52020 - R:localhost/127.0.0.1:52014]
12:45:34.517 [AsyncHttpClient-1-7] DEBUG org.asynchttpclient.netty.channel.NettyConnectListener - Using new Channel '[id: 0xf242752c, L:/127.0.0.1:52021 - R:localhost/127.0.0.1:52014]' for 'GET' to '/devtools/browser/f7d287f6-7cea-4376-9ffd-147258e217c8'
12:45:34.519 [AsyncHttpClient-1-7] DEBUG org.asynchttpclient.netty.handler.WebSocketHandler - 

Request DefaultFullHttpRequest(decodeResult: success, version: HTTP/1.1, content: EmptyByteBufBE)
GET /devtools/browser/f7d287f6-7cea-4376-9ffd-147258e217c8 HTTP/1.1
upgrade: websocket
connection: upgrade
sec-websocket-key: 9RHLZzi1Xk+z8HOFp6VQjQ==
sec-websocket-version: 13
origin: http://localhost:52014
host: localhost:52014
accept: */*
user-agent: AHC/2.1

Response DefaultHttpResponse(decodeResult: success, version: HTTP/1.1)
HTTP/1.1 101 WebSocket Protocol Handshake
Upgrade: WebSocket
Connection: Upgrade
Sec-WebSocket-Accept: HzNd+FjQrlOWjrEy96bwSukI0J4=

12:45:34.524 [Forwarding get on session bb5f7aeef79afc0c9025bc42daff9de2 to remote] DEBUG org.asynchttpclient.netty.request.NettyRequestSender - Using pooled Channel '[id: 0x98bc7172, L:/127.0.0.1:52013 - R:localhost/127.0.0.1:55622]' for 'POST' to 'http://localhost:55622/session/bb5f7aeef79afc0c9025bc42daff9de2/url'
12:45:34.524 [Forwarding get on session bb5f7aeef79afc0c9025bc42daff9de2 to remote] DEBUG org.asynchttpclient.netty.request.NettyRequestSender - Using open Channel [id: 0x98bc7172, L:/127.0.0.1:52013 - R:localhost/127.0.0.1:55622] for POST '/session/bb5f7aeef79afc0c9025bc42daff9de2/url'
12:45:34.746 [AsyncHttpClient-1-1] DEBUG org.asynchttpclient.netty.channel.DefaultChannelPool - Entry count for : http://localhost:52014 : 1
12:45:35.844 [AsyncHttpClient-1-1] DEBUG org.asynchttpclient.netty.channel.DefaultChannelPool - Entry count for : http://localhost:52014 : 1
12:45:35.944 [AsyncHttpClient-1-5] DEBUG org.asynchttpclient.netty.handler.HttpHandler - 

Request DefaultHttpRequest(decodeResult: success, version: HTTP/1.1)
POST /session/bb5f7aeef79afc0c9025bc42daff9de2/url HTTP/1.1
User-Agent: selenium/4.1.2 (java windows)
Content-Length: 59
Content-Type: application/json; charset=utf-8
host: localhost:55622
accept: */*

Response DefaultHttpResponse(decodeResult: success, version: HTTP/1.1)
HTTP/1.1 200 OK
Content-Type: application/json; charset=utf-8
cache-control: no-cache
content-length: 14

12:45:35.945 [AsyncHttpClient-1-5] DEBUG org.asynchttpclient.netty.channel.ChannelManager - Adding key: http://localhost:55622 for channel [id: 0x98bc7172, L:/127.0.0.1:52013 - R:localhost/127.0.0.1:55622]
12:45:35.945 [Forwarding setTimeout on session bb5f7aeef79afc0c9025bc42daff9de2 to remote] DEBUG org.asynchttpclient.netty.request.NettyRequestSender - Using pooled Channel '[id: 0x98bc7172, L:/127.0.0.1:52013 - R:localhost/127.0.0.1:55622]' for 'POST' to 'http://localhost:55622/session/bb5f7aeef79afc0c9025bc42daff9de2/timeouts'
12:45:35.945 [Forwarding setTimeout on session bb5f7aeef79afc0c9025bc42daff9de2 to remote] DEBUG org.asynchttpclient.netty.request.NettyRequestSender - Using open Channel [id: 0x98bc7172, L:/127.0.0.1:52013 - R:localhost/127.0.0.1:55622] for POST '/session/bb5f7aeef79afc0c9025bc42daff9de2/timeouts'
12:45:35.946 [AsyncHttpClient-1-5] DEBUG org.asynchttpclient.netty.handler.HttpHandler - 

Request DefaultHttpRequest(decodeResult: success, version: HTTP/1.1)
POST /session/bb5f7aeef79afc0c9025bc42daff9de2/timeouts HTTP/1.1
User-Agent: selenium/4.1.2 (java windows)
Content-Length: 22
Content-Type: application/json; charset=utf-8
host: localhost:55622
accept: */*

Response DefaultHttpResponse(decodeResult: success, version: HTTP/1.1)
HTTP/1.1 200 OK
Content-Type: application/json; charset=utf-8
cache-control: no-cache
content-length: 14

12:45:35.946 [AsyncHttpClient-1-5] DEBUG org.asynchttpclient.netty.channel.ChannelManager - Adding key: http://localhost:55622 for channel [id: 0x98bc7172, L:/127.0.0.1:52013 - R:localhost/127.0.0.1:55622]
12:45:35.954 [Forwarding getCurrentUrl on session bb5f7aeef79afc0c9025bc42daff9de2 to remote] DEBUG org.asynchttpclient.netty.request.NettyRequestSender - Using pooled Channel '[id: 0x98bc7172, L:/127.0.0.1:52013 - R:localhost/127.0.0.1:55622]' for 'GET' to 'http://localhost:55622/session/bb5f7aeef79afc0c9025bc42daff9de2/url'
12:45:35.954 [Forwarding getCurrentUrl on session bb5f7aeef79afc0c9025bc42daff9de2 to remote] DEBUG org.asynchttpclient.netty.request.NettyRequestSender - Using open Channel [id: 0x98bc7172, L:/127.0.0.1:52013 - R:localhost/127.0.0.1:55622] for GET '/session/bb5f7aeef79afc0c9025bc42daff9de2/url'
12:45:35.959 [AsyncHttpClient-1-5] DEBUG org.asynchttpclient.netty.handler.HttpHandler - 

Request DefaultFullHttpRequest(decodeResult: success, version: HTTP/1.1, content: EmptyByteBufBE)
GET /session/bb5f7aeef79afc0c9025bc42daff9de2/url HTTP/1.1
User-Agent: selenium/4.1.2 (java windows)
Cache-Control: no-cache
Content-Type: application/json; charset=utf-8
host: localhost:55622
accept: */*

Response DefaultHttpResponse(decodeResult: success, version: HTTP/1.1)
HTTP/1.1 200 OK
Content-Type: application/json; charset=utf-8
cache-control: no-cache
content-length: 41

12:45:35.959 [AsyncHttpClient-1-5] DEBUG org.asynchttpclient.netty.channel.ChannelManager - Adding key: http://localhost:55622 for channel [id: 0x98bc7172, L:/127.0.0.1:52013 - R:localhost/127.0.0.1:55622]
  &amp#27;[32mGiven &amp#27;[0m&amp#27;[32mI am on home page&amp#27;[0m                       &amp#27;[90m# starter.stepdefinition.LoginStep.iAmOnHomePage()&amp#27;[0m
12:45:35.963 [Forwarding screenshot on session bb5f7aeef79afc0c9025bc42daff9de2 to remote] DEBUG org.asynchttpclient.netty.request.NettyRequestSender - Using pooled Channel '[id: 0x98bc7172, L:/127.0.0.1:52013 - R:localhost/127.0.0.1:55622]' for 'GET' to 'http://localhost:55622/session/bb5f7aeef79afc0c9025bc42daff9de2/screenshot'
12:45:35.963 [Forwarding screenshot on session bb5f7aeef79afc0c9025bc42daff9de2 to remote] DEBUG org.asynchttpclient.netty.request.NettyRequestSender - Using open Channel [id: 0x98bc7172, L:/127.0.0.1:52013 - R:localhost/127.0.0.1:55622] for GET '/session/bb5f7aeef79afc0c9025bc42daff9de2/screenshot'
12:45:36.119 [AsyncHttpClient-1-5] DEBUG org.asynchttpclient.netty.handler.HttpHandler - 

Request DefaultFullHttpRequest(decodeResult: success, version: HTTP/1.1, content: EmptyByteBufBE)
GET /session/bb5f7aeef79afc0c9025bc42daff9de2/screenshot HTTP/1.1
User-Agent: selenium/4.1.2 (java windows)
Cache-Control: no-cache
Content-Type: application/json; charset=utf-8
host: localhost:55622
accept: */*

Response DefaultHttpResponse(decodeResult: success, version: HTTP/1.1)
HTTP/1.1 200 OK
Content-Type: application/json; charset=utf-8
cache-control: no-cache
content-length: 34088

12:45:36.119 [AsyncHttpClient-1-5] DEBUG org.asynchttpclient.netty.channel.ChannelManager - Adding key: http://localhost:55622 for channel [id: 0x98bc7172, L:/127.0.0.1:52013 - R:localhost/127.0.0.1:55622]
12:45:36.120 [main] DEBUG net.serenitybdd.core.photography.Darkroom - Send negative for processing for target\site\serenity\9c4e042f441e3872866eaeb1eaa919cc8dfb42296c76ea1d68c1b9d4a65fa66b.png
12:45:36.125 [Forwarding findElement on session bb5f7aeef79afc0c9025bc42daff9de2 to remote] DEBUG org.asynchttpclient.netty.request.NettyRequestSender - Using pooled Channel '[id: 0x98bc7172, L:/127.0.0.1:52013 - R:localhost/127.0.0.1:55622]' for 'POST' to 'http://localhost:55622/session/bb5f7aeef79afc0c9025bc42daff9de2/element'
12:45:36.125 [Forwarding findElement on session bb5f7aeef79afc0c9025bc42daff9de2 to remote] DEBUG org.asynchttpclient.netty.request.NettyRequestSender - Using open Channel [id: 0x98bc7172, L:/127.0.0.1:52013 - R:localhost/127.0.0.1:55622] for POST '/session/bb5f7aeef79afc0c9025bc42daff9de2/element'
12:45:36.135 [AsyncHttpClient-1-5] DEBUG org.asynchttpclient.netty.handler.HttpHandler - 

Request DefaultHttpRequest(decodeResult: success, version: HTTP/1.1)
POST /session/bb5f7aeef79afc0c9025bc42daff9de2/element HTTP/1.1
User-Agent: selenium/4.1.2 (java windows)
Content-Length: 97
Content-Type: application/json; charset=utf-8
host: localhost:55622
accept: */*

Response DefaultHttpResponse(decodeResult: success, version: HTTP/1.1)
HTTP/1.1 200 OK
Content-Type: application/json; charset=utf-8
cache-control: no-cache
content-length: 88

12:45:36.135 [AsyncHttpClient-1-5] DEBUG org.asynchttpclient.netty.channel.ChannelManager - Adding key: http://localhost:55622 for channel [id: 0x98bc7172, L:/127.0.0.1:52013 - R:localhost/127.0.0.1:55622]
12:45:36.138 [Forwarding getElementTagName on session bb5f7aeef79afc0c9025bc42daff9de2 to remote] DEBUG org.asynchttpclient.netty.request.NettyRequestSender - Using pooled Channel '[id: 0x98bc7172, L:/127.0.0.1:52013 - R:localhost/127.0.0.1:55622]' for 'GET' to 'http://localhost:55622/session/bb5f7aeef79afc0c9025bc42daff9de2/element/b7c5f509-252e-40ca-942b-ebb5d9b2394e/name'
12:45:36.138 [Forwarding getElementTagName on session bb5f7aeef79afc0c9025bc42daff9de2 to remote] DEBUG org.asynchttpclient.netty.request.NettyRequestSender - Using open Channel [id: 0x98bc7172, L:/127.0.0.1:52013 - R:localhost/127.0.0.1:55622] for GET '/session/bb5f7aeef79afc0c9025bc42daff9de2/element/b7c5f509-252e-40ca-942b-ebb5d9b2394e/name'
12:45:36.144 [AsyncHttpClient-1-5] DEBUG org.asynchttpclient.netty.handler.HttpHandler - 

Request DefaultFullHttpRequest(decodeResult: success, version: HTTP/1.1, content: EmptyByteBufBE)
GET /session/bb5f7aeef79afc0c9025bc42daff9de2/element/b7c5f509-252e-40ca-942b-ebb5d9b2394e/name HTTP/1.1
User-Agent: selenium/4.1.2 (java windows)
Cache-Control: no-cache
Content-Type: application/json; charset=utf-8
host: localhost:55622
accept: */*

Response DefaultHttpResponse(decodeResult: success, version: HTTP/1.1)
HTTP/1.1 200 OK
Content-Type: application/json; charset=utf-8
cache-control: no-cache
content-length: 13

12:45:36.144 [AsyncHttpClient-1-5] DEBUG org.asynchttpclient.netty.channel.ChannelManager - Adding key: http://localhost:55622 for channel [id: 0x98bc7172, L:/127.0.0.1:52013 - R:localhost/127.0.0.1:55622]
12:45:36.145 [Forwarding getElementTagName on session bb5f7aeef79afc0c9025bc42daff9de2 to remote] DEBUG org.asynchttpclient.netty.request.NettyRequestSender - Using pooled Channel '[id: 0x98bc7172, L:/127.0.0.1:52013 - R:localhost/127.0.0.1:55622]' for 'GET' to 'http://localhost:55622/session/bb5f7aeef79afc0c9025bc42daff9de2/element/b7c5f509-252e-40ca-942b-ebb5d9b2394e/name'
12:45:36.145 [Forwarding getElementTagName on session bb5f7aeef79afc0c9025bc42daff9de2 to remote] DEBUG org.asynchttpclient.netty.request.NettyRequestSender - Using open Channel [id: 0x98bc7172, L:/127.0.0.1:52013 - R:localhost/127.0.0.1:55622] for GET '/session/bb5f7aeef79afc0c9025bc42daff9de2/element/b7c5f509-252e-40ca-942b-ebb5d9b2394e/name'
12:45:36.148 [AsyncHttpClient-1-5] DEBUG org.asynchttpclient.netty.handler.HttpHandler - 

Request DefaultFullHttpRequest(decodeResult: success, version: HTTP/1.1, content: EmptyByteBufBE)
GET /session/bb5f7aeef79afc0c9025bc42daff9de2/element/b7c5f509-252e-40ca-942b-ebb5d9b2394e/name HTTP/1.1
User-Agent: selenium/4.1.2 (java windows)
Cache-Control: no-cache
Content-Type: application/json; charset=utf-8
host: localhost:55622
accept: */*

Response DefaultHttpResponse(decodeResult: success, version: HTTP/1.1)
HTTP/1.1 200 OK
Content-Type: application/json; charset=utf-8
cache-control: no-cache
content-length: 13

12:45:36.148 [AsyncHttpClient-1-5] DEBUG org.asynchttpclient.netty.channel.ChannelManager - Adding key: http://localhost:55622 for channel [id: 0x98bc7172, L:/127.0.0.1:52013 - R:localhost/127.0.0.1:55622]
12:45:36.149 [Forwarding findElement on session bb5f7aeef79afc0c9025bc42daff9de2 to remote] DEBUG org.asynchttpclient.netty.request.NettyRequestSender - Using pooled Channel '[id: 0x98bc7172, L:/127.0.0.1:52013 - R:localhost/127.0.0.1:55622]' for 'POST' to 'http://localhost:55622/session/bb5f7aeef79afc0c9025bc42daff9de2/element'
12:45:36.149 [Forwarding findElement on session bb5f7aeef79afc0c9025bc42daff9de2 to remote] DEBUG org.asynchttpclient.netty.request.NettyRequestSender - Using open Channel [id: 0x98bc7172, L:/127.0.0.1:52013 - R:localhost/127.0.0.1:55622] for POST '/session/bb5f7aeef79afc0c9025bc42daff9de2/element'
12:45:36.155 [AsyncHttpClient-1-5] DEBUG org.asynchttpclient.netty.handler.HttpHandler - 

Request DefaultHttpRequest(decodeResult: success, version: HTTP/1.1)
POST /session/bb5f7aeef79afc0c9025bc42daff9de2/element HTTP/1.1
User-Agent: selenium/4.1.2 (java windows)
Content-Length: 97
Content-Type: application/json; charset=utf-8
host: localhost:55622
accept: */*

Response DefaultHttpResponse(decodeResult: success, version: HTTP/1.1)
HTTP/1.1 200 OK
Content-Type: application/json; charset=utf-8
cache-control: no-cache
content-length: 88

12:45:36.155 [AsyncHttpClient-1-5] DEBUG org.asynchttpclient.netty.channel.ChannelManager - Adding key: http://localhost:55622 for channel [id: 0x98bc7172, L:/127.0.0.1:52013 - R:localhost/127.0.0.1:55622]
12:45:36.156 [Forwarding clickElement on session bb5f7aeef79afc0c9025bc42daff9de2 to remote] DEBUG org.asynchttpclient.netty.request.NettyRequestSender - Using pooled Channel '[id: 0x98bc7172, L:/127.0.0.1:52013 - R:localhost/127.0.0.1:55622]' for 'POST' to 'http://localhost:55622/session/bb5f7aeef79afc0c9025bc42daff9de2/element/b7c5f509-252e-40ca-942b-ebb5d9b2394e/click'
12:45:36.156 [Forwarding clickElement on session bb5f7aeef79afc0c9025bc42daff9de2 to remote] DEBUG org.asynchttpclient.netty.request.NettyRequestSender - Using open Channel [id: 0x98bc7172, L:/127.0.0.1:52013 - R:localhost/127.0.0.1:55622] for POST '/session/bb5f7aeef79afc0c9025bc42daff9de2/element/b7c5f509-252e-40ca-942b-ebb5d9b2394e/click'
12:45:36.192 [AsyncHttpClient-1-5] DEBUG org.asynchttpclient.netty.handler.HttpHandler - 

Request DefaultHttpRequest(decodeResult: success, version: HTTP/1.1)
POST /session/bb5f7aeef79afc0c9025bc42daff9de2/element/b7c5f509-252e-40ca-942b-ebb5d9b2394e/click HTTP/1.1
User-Agent: selenium/4.1.2 (java windows)
Content-Length: 50
Content-Type: application/json; charset=utf-8
host: localhost:55622
accept: */*

Response DefaultHttpResponse(decodeResult: success, version: HTTP/1.1)
HTTP/1.1 200 OK
Content-Type: application/json; charset=utf-8
cache-control: no-cache
content-length: 14

12:45:36.192 [AsyncHttpClient-1-5] DEBUG org.asynchttpclient.netty.channel.ChannelManager - Adding key: http://localhost:55622 for channel [id: 0x98bc7172, L:/127.0.0.1:52013 - R:localhost/127.0.0.1:55622]
  &amp#27;[32mAnd &amp#27;[0m&amp#27;[32mI click icon the login icon&amp#27;[0m               &amp#27;[90m# starter.stepdefinition.LoginStep.iClickIconTheLoginIcon()&amp#27;[0m
12:45:36.197 [Forwarding screenshot on session bb5f7aeef79afc0c9025bc42daff9de2 to remote] DEBUG org.asynchttpclient.netty.request.NettyRequestSender - Using pooled Channel '[id: 0x98bc7172, L:/127.0.0.1:52013 - R:localhost/127.0.0.1:55622]' for 'GET' to 'http://localhost:55622/session/bb5f7aeef79afc0c9025bc42daff9de2/screenshot'
12:45:36.197 [Forwarding screenshot on session bb5f7aeef79afc0c9025bc42daff9de2 to remote] DEBUG org.asynchttpclient.netty.request.NettyRequestSender - Using open Channel [id: 0x98bc7172, L:/127.0.0.1:52013 - R:localhost/127.0.0.1:55622] for GET '/session/bb5f7aeef79afc0c9025bc42daff9de2/screenshot'
12:45:36.460 [AsyncHttpClient-1-5] DEBUG org.asynchttpclient.netty.handler.HttpHandler - 

Request DefaultFullHttpRequest(decodeResult: success, version: HTTP/1.1, content: EmptyByteBufBE)
GET /session/bb5f7aeef79afc0c9025bc42daff9de2/screenshot HTTP/1.1
User-Agent: selenium/4.1.2 (java windows)
Cache-Control: no-cache
Content-Type: application/json; charset=utf-8
host: localhost:55622
accept: */*

Response DefaultHttpResponse(decodeResult: success, version: HTTP/1.1)
HTTP/1.1 200 OK
Content-Type: application/json; charset=utf-8
cache-control: no-cache
content-length: 34868

12:45:36.460 [AsyncHttpClient-1-5] DEBUG org.asynchttpclient.netty.channel.ChannelManager - Adding key: http://localhost:55622 for channel [id: 0x98bc7172, L:/127.0.0.1:52013 - R:localhost/127.0.0.1:55622]
12:45:36.461 [main] DEBUG net.serenitybdd.core.photography.Darkroom - Send negative for processing for target\site\serenity\87c44d70831fce2c29a48bc6fdddc95f9b92be536a54fe90abb4d09c4b5bf11a.png
12:45:36.465 [Forwarding findElement on session bb5f7aeef79afc0c9025bc42daff9de2 to remote] DEBUG org.asynchttpclient.netty.request.NettyRequestSender - Using pooled Channel '[id: 0x98bc7172, L:/127.0.0.1:52013 - R:localhost/127.0.0.1:55622]' for 'POST' to 'http://localhost:55622/session/bb5f7aeef79afc0c9025bc42daff9de2/element'
12:45:36.465 [Forwarding findElement on session bb5f7aeef79afc0c9025bc42daff9de2 to remote] DEBUG org.asynchttpclient.netty.request.NettyRequestSender - Using open Channel [id: 0x98bc7172, L:/127.0.0.1:52013 - R:localhost/127.0.0.1:55622] for POST '/session/bb5f7aeef79afc0c9025bc42daff9de2/element'
12:45:36.476 [AsyncHttpClient-1-5] DEBUG org.asynchttpclient.netty.handler.HttpHandler - 

Request DefaultHttpRequest(decodeResult: success, version: HTTP/1.1)
POST /session/bb5f7aeef79afc0c9025bc42daff9de2/element HTTP/1.1
User-Agent: selenium/4.1.2 (java windows)
Content-Length: 88
Content-Type: application/json; charset=utf-8
host: localhost:55622
accept: */*

Response DefaultHttpResponse(decodeResult: success, version: HTTP/1.1)
HTTP/1.1 200 OK
Content-Type: application/json; charset=utf-8
cache-control: no-cache
content-length: 88

12:45:36.476 [AsyncHttpClient-1-5] DEBUG org.asynchttpclient.netty.channel.ChannelManager - Adding key: http://localhost:55622 for channel [id: 0x98bc7172, L:/127.0.0.1:52013 - R:localhost/127.0.0.1:55622]
12:45:36.477 [Forwarding clearElement on session bb5f7aeef79afc0c9025bc42daff9de2 to remote] DEBUG org.asynchttpclient.netty.request.NettyRequestSender - Using pooled Channel '[id: 0x98bc7172, L:/127.0.0.1:52013 - R:localhost/127.0.0.1:55622]' for 'POST' to 'http://localhost:55622/session/bb5f7aeef79afc0c9025bc42daff9de2/element/57701883-7d04-4475-bc2b-3a6351f46422/clear'
12:45:36.477 [Forwarding clearElement on session bb5f7aeef79afc0c9025bc42daff9de2 to remote] DEBUG org.asynchttpclient.netty.request.NettyRequestSender - Using open Channel [id: 0x98bc7172, L:/127.0.0.1:52013 - R:localhost/127.0.0.1:55622] for POST '/session/bb5f7aeef79afc0c9025bc42daff9de2/element/57701883-7d04-4475-bc2b-3a6351f46422/clear'
12:45:36.501 [AsyncHttpClient-1-5] DEBUG org.asynchttpclient.netty.handler.HttpHandler - 

Request DefaultHttpRequest(decodeResult: success, version: HTTP/1.1)
POST /session/bb5f7aeef79afc0c9025bc42daff9de2/element/57701883-7d04-4475-bc2b-3a6351f46422/clear HTTP/1.1
User-Agent: selenium/4.1.2 (java windows)
Content-Length: 50
Content-Type: application/json; charset=utf-8
host: localhost:55622
accept: */*

Response DefaultHttpResponse(decodeResult: success, version: HTTP/1.1)
HTTP/1.1 200 OK
Content-Type: application/json; charset=utf-8
cache-control: no-cache
content-length: 14

12:45:36.502 [AsyncHttpClient-1-5] DEBUG org.asynchttpclient.netty.channel.ChannelManager - Adding key: http://localhost:55622 for channel [id: 0x98bc7172, L:/127.0.0.1:52013 - R:localhost/127.0.0.1:55622]
12:45:36.503 [Forwarding sendKeysToElement on session bb5f7aeef79afc0c9025bc42daff9de2 to remote] DEBUG org.asynchttpclient.netty.request.NettyRequestSender - Using pooled Channel '[id: 0x98bc7172, L:/127.0.0.1:52013 - R:localhost/127.0.0.1:55622]' for 'POST' to 'http://localhost:55622/session/bb5f7aeef79afc0c9025bc42daff9de2/element/57701883-7d04-4475-bc2b-3a6351f46422/value'
12:45:36.503 [Forwarding sendKeysToElement on session bb5f7aeef79afc0c9025bc42daff9de2 to remote] DEBUG org.asynchttpclient.netty.request.NettyRequestSender - Using open Channel [id: 0x98bc7172, L:/127.0.0.1:52013 - R:localhost/127.0.0.1:55622] for POST '/session/bb5f7aeef79afc0c9025bc42daff9de2/element/57701883-7d04-4475-bc2b-3a6351f46422/value'
12:45:36.547 [AsyncHttpClient-1-5] DEBUG org.asynchttpclient.netty.handler.HttpHandler - 

Request DefaultHttpRequest(decodeResult: success, version: HTTP/1.1)
POST /session/bb5f7aeef79afc0c9025bc42daff9de2/element/57701883-7d04-4475-bc2b-3a6351f46422/value HTTP/1.1
User-Agent: selenium/4.1.2 (java windows)
Content-Length: 101
Content-Type: application/json; charset=utf-8
host: localhost:55622
accept: */*

Response DefaultHttpResponse(decodeResult: success, version: HTTP/1.1)
HTTP/1.1 200 OK
Content-Type: application/json; charset=utf-8
cache-control: no-cache
content-length: 14

12:45:36.549 [AsyncHttpClient-1-5] DEBUG org.asynchttpclient.netty.channel.ChannelManager - Adding key: http://localhost:55622 for channel [id: 0x98bc7172, L:/127.0.0.1:52013 - R:localhost/127.0.0.1:55622]
  &amp#27;[32mWhen &amp#27;[0m&amp#27;[32mI input &amp#27;[0m&amp#27;[32m&amp#27;[1m"ro"&amp#27;[0m&amp#27;[32m email&amp#27;[0m                       &amp#27;[90m# starter.stepdefinition.LoginStep.iInputEmail(java.lang.String)&amp#27;[0m
12:45:36.556 [Forwarding screenshot on session bb5f7aeef79afc0c9025bc42daff9de2 to remote] DEBUG org.asynchttpclient.netty.request.NettyRequestSender - Using pooled Channel '[id: 0x98bc7172, L:/127.0.0.1:52013 - R:localhost/127.0.0.1:55622]' for 'GET' to 'http://localhost:55622/session/bb5f7aeef79afc0c9025bc42daff9de2/screenshot'
12:45:36.556 [Forwarding screenshot on session bb5f7aeef79afc0c9025bc42daff9de2 to remote] DEBUG org.asynchttpclient.netty.request.NettyRequestSender - Using open Channel [id: 0x98bc7172, L:/127.0.0.1:52013 - R:localhost/127.0.0.1:55622] for GET '/session/bb5f7aeef79afc0c9025bc42daff9de2/screenshot'
12:45:36.716 [AsyncHttpClient-1-5] DEBUG org.asynchttpclient.netty.handler.HttpHandler - 

Request DefaultFullHttpRequest(decodeResult: success, version: HTTP/1.1, content: EmptyByteBufBE)
GET /session/bb5f7aeef79afc0c9025bc42daff9de2/screenshot HTTP/1.1
User-Agent: selenium/4.1.2 (java windows)
Cache-Control: no-cache
Content-Type: application/json; charset=utf-8
host: localhost:55622
accept: */*

Response DefaultHttpResponse(decodeResult: success, version: HTTP/1.1)
HTTP/1.1 200 OK
Content-Type: application/json; charset=utf-8
cache-control: no-cache
content-length: 34796

12:45:36.716 [AsyncHttpClient-1-5] DEBUG org.asynchttpclient.netty.channel.ChannelManager - Adding key: http://localhost:55622 for channel [id: 0x98bc7172, L:/127.0.0.1:52013 - R:localhost/127.0.0.1:55622]
12:45:36.718 [main] DEBUG net.serenitybdd.core.photography.Darkroom - Send negative for processing for target\site\serenity\57287e03e87766328e60e9c2b745405c15225626f7f9e7ea420776275e616d1a.png
12:45:36.719 [Darkroom Processing Line] DEBUG net.serenitybdd.core.photography.DarkroomProcessingLine - Processing screenshot image in /var/screenshots/screenshot-1065994900717569686
12:45:36.719 [Darkroom Processing Line] DEBUG net.serenitybdd.core.photography.DarkroomProcessingLine - Saving screenshot to target\site\serenity\57287e03e87766328e60e9c2b745405c15225626f7f9e7ea420776275e616d1a.png
12:45:36.724 [Forwarding findElement on session bb5f7aeef79afc0c9025bc42daff9de2 to remote] DEBUG org.asynchttpclient.netty.request.NettyRequestSender - Using pooled Channel '[id: 0x98bc7172, L:/127.0.0.1:52013 - R:localhost/127.0.0.1:55622]' for 'POST' to 'http://localhost:55622/session/bb5f7aeef79afc0c9025bc42daff9de2/element'
12:45:36.724 [Forwarding findElement on session bb5f7aeef79afc0c9025bc42daff9de2 to remote] DEBUG org.asynchttpclient.netty.request.NettyRequestSender - Using open Channel [id: 0x98bc7172, L:/127.0.0.1:52013 - R:localhost/127.0.0.1:55622] for POST '/session/bb5f7aeef79afc0c9025bc42daff9de2/element'
12:45:36.733 [AsyncHttpClient-1-5] DEBUG org.asynchttpclient.netty.handler.HttpHandler - 

Request DefaultHttpRequest(decodeResult: success, version: HTTP/1.1)
POST /session/bb5f7aeef79afc0c9025bc42daff9de2/element HTTP/1.1
User-Agent: selenium/4.1.2 (java windows)
Content-Length: 91
Content-Type: application/json; charset=utf-8
host: localhost:55622
accept: */*

Response DefaultHttpResponse(decodeResult: success, version: HTTP/1.1)
HTTP/1.1 200 OK
Content-Type: application/json; charset=utf-8
cache-control: no-cache
content-length: 88

12:45:36.733 [AsyncHttpClient-1-5] DEBUG org.asynchttpclient.netty.channel.ChannelManager - Adding key: http://localhost:55622 for channel [id: 0x98bc7172, L:/127.0.0.1:52013 - R:localhost/127.0.0.1:55622]
12:45:36.734 [Forwarding clearElement on session bb5f7aeef79afc0c9025bc42daff9de2 to remote] DEBUG org.asynchttpclient.netty.request.NettyRequestSender - Using pooled Channel '[id: 0x98bc7172, L:/127.0.0.1:52013 - R:localhost/127.0.0.1:55622]' for 'POST' to 'http://localhost:55622/session/bb5f7aeef79afc0c9025bc42daff9de2/element/700688b9-4bc9-44bd-b0bc-4fb8dc4d1085/clear'
12:45:36.734 [Forwarding clearElement on session bb5f7aeef79afc0c9025bc42daff9de2 to remote] DEBUG org.asynchttpclient.netty.request.NettyRequestSender - Using open Channel [id: 0x98bc7172, L:/127.0.0.1:52013 - R:localhost/127.0.0.1:55622] for POST '/session/bb5f7aeef79afc0c9025bc42daff9de2/element/700688b9-4bc9-44bd-b0bc-4fb8dc4d1085/clear'
12:45:36.761 [AsyncHttpClient-1-5] DEBUG org.asynchttpclient.netty.handler.HttpHandler - 

Request DefaultHttpRequest(decodeResult: success, version: HTTP/1.1)
POST /session/bb5f7aeef79afc0c9025bc42daff9de2/element/700688b9-4bc9-44bd-b0bc-4fb8dc4d1085/clear HTTP/1.1
User-Agent: selenium/4.1.2 (java windows)
Content-Length: 50
Content-Type: application/json; charset=utf-8
host: localhost:55622
accept: */*

Response DefaultHttpResponse(decodeResult: success, version: HTTP/1.1)
HTTP/1.1 200 OK
Content-Type: application/json; charset=utf-8
cache-control: no-cache
content-length: 14

12:45:36.761 [AsyncHttpClient-1-5] DEBUG org.asynchttpclient.netty.channel.ChannelManager - Adding key: http://localhost:55622 for channel [id: 0x98bc7172, L:/127.0.0.1:52013 - R:localhost/127.0.0.1:55622]
12:45:36.762 [Forwarding sendKeysToElement on session bb5f7aeef79afc0c9025bc42daff9de2 to remote] DEBUG org.asynchttpclient.netty.request.NettyRequestSender - Using pooled Channel '[id: 0x98bc7172, L:/127.0.0.1:52013 - R:localhost/127.0.0.1:55622]' for 'POST' to 'http://localhost:55622/session/bb5f7aeef79afc0c9025bc42daff9de2/element/700688b9-4bc9-44bd-b0bc-4fb8dc4d1085/value'
12:45:36.762 [Forwarding sendKeysToElement on session bb5f7aeef79afc0c9025bc42daff9de2 to remote] DEBUG org.asynchttpclient.netty.request.NettyRequestSender - Using open Channel [id: 0x98bc7172, L:/127.0.0.1:52013 - R:localhost/127.0.0.1:55622] for POST '/session/bb5f7aeef79afc0c9025bc42daff9de2/element/700688b9-4bc9-44bd-b0bc-4fb8dc4d1085/value'
12:45:36.831 [AsyncHttpClient-1-5] DEBUG org.asynchttpclient.netty.handler.HttpHandler - 

Request DefaultHttpRequest(decodeResult: success, version: HTTP/1.1)
POST /session/bb5f7aeef79afc0c9025bc42daff9de2/element/700688b9-4bc9-44bd-b0bc-4fb8dc4d1085/value HTTP/1.1
User-Agent: selenium/4.1.2 (java windows)
Content-Length: 151
Content-Type: application/json; charset=utf-8
host: localhost:55622
accept: */*

Response DefaultHttpResponse(decodeResult: success, version: HTTP/1.1)
HTTP/1.1 200 OK
Content-Type: application/json; charset=utf-8
cache-control: no-cache
content-length: 14

12:45:36.831 [AsyncHttpClient-1-5] DEBUG org.asynchttpclient.netty.channel.ChannelManager - Adding key: http://localhost:55622 for channel [id: 0x98bc7172, L:/127.0.0.1:52013 - R:localhost/127.0.0.1:55622]
  &amp#27;[32mAnd &amp#27;[0m&amp#27;[32mI input &amp#27;[0m&amp#27;[32m&amp#27;[1m"novtami"&amp#27;[0m&amp#27;[32m password&amp#27;[0m                &amp#27;[90m# starter.stepdefinition.LoginStep.iInputPassword(java.lang.String)&amp#27;[0m
12:45:36.836 [Forwarding screenshot on session bb5f7aeef79afc0c9025bc42daff9de2 to remote] DEBUG org.asynchttpclient.netty.request.NettyRequestSender - Using pooled Channel '[id: 0x98bc7172, L:/127.0.0.1:52013 - R:localhost/127.0.0.1:55622]' for 'GET' to 'http://localhost:55622/session/bb5f7aeef79afc0c9025bc42daff9de2/screenshot'
12:45:36.836 [Forwarding screenshot on session bb5f7aeef79afc0c9025bc42daff9de2 to remote] DEBUG org.asynchttpclient.netty.request.NettyRequestSender - Using open Channel [id: 0x98bc7172, L:/127.0.0.1:52013 - R:localhost/127.0.0.1:55622] for GET '/session/bb5f7aeef79afc0c9025bc42daff9de2/screenshot'
12:45:36.949 [AsyncHttpClient-1-1] DEBUG org.asynchttpclient.netty.channel.DefaultChannelPool - Entry count for : http://localhost:52014 : 1
12:45:37.000 [AsyncHttpClient-1-5] DEBUG org.asynchttpclient.netty.handler.HttpHandler - 

Request DefaultFullHttpRequest(decodeResult: success, version: HTTP/1.1, content: EmptyByteBufBE)
GET /session/bb5f7aeef79afc0c9025bc42daff9de2/screenshot HTTP/1.1
User-Agent: selenium/4.1.2 (java windows)
Cache-Control: no-cache
Content-Type: application/json; charset=utf-8
host: localhost:55622
accept: */*

Response DefaultHttpResponse(decodeResult: success, version: HTTP/1.1)
HTTP/1.1 200 OK
Content-Type: application/json; charset=utf-8
cache-control: no-cache
content-length: 35956

12:45:37.000 [AsyncHttpClient-1-5] DEBUG org.asynchttpclient.netty.channel.ChannelManager - Adding key: http://localhost:55622 for channel [id: 0x98bc7172, L:/127.0.0.1:52013 - R:localhost/127.0.0.1:55622]
12:45:37.001 [main] DEBUG net.serenitybdd.core.photography.Darkroom - Send negative for processing for target\site\serenity\2b7dc4136ad106d0e8b6ab03c9cd17a1fa5f3a1063d1dea0846ee5cb2b1b7187.png
12:45:37.002 [Darkroom Processing Line] DEBUG net.serenitybdd.core.photography.DarkroomProcessingLine - Processing screenshot image in /var/screenshots/screenshot-8917364199062594650
12:45:37.002 [Darkroom Processing Line] DEBUG net.serenitybdd.core.photography.DarkroomProcessingLine - Saving screenshot to target\site\serenity\2b7dc4136ad106d0e8b6ab03c9cd17a1fa5f3a1063d1dea0846ee5cb2b1b7187.png
12:45:37.007 [Forwarding findElement on session bb5f7aeef79afc0c9025bc42daff9de2 to remote] DEBUG org.asynchttpclient.netty.request.NettyRequestSender - Using pooled Channel '[id: 0x98bc7172, L:/127.0.0.1:52013 - R:localhost/127.0.0.1:55622]' for 'POST' to 'http://localhost:55622/session/bb5f7aeef79afc0c9025bc42daff9de2/element'
12:45:37.007 [Forwarding findElement on session bb5f7aeef79afc0c9025bc42daff9de2 to remote] DEBUG org.asynchttpclient.netty.request.NettyRequestSender - Using open Channel [id: 0x98bc7172, L:/127.0.0.1:52013 - R:localhost/127.0.0.1:55622] for POST '/session/bb5f7aeef79afc0c9025bc42daff9de2/element'
12:45:37.017 [AsyncHttpClient-1-5] DEBUG org.asynchttpclient.netty.handler.HttpHandler - 

Request DefaultHttpRequest(decodeResult: success, version: HTTP/1.1)
POST /session/bb5f7aeef79afc0c9025bc42daff9de2/element HTTP/1.1
User-Agent: selenium/4.1.2 (java windows)
Content-Length: 141
Content-Type: application/json; charset=utf-8
host: localhost:55622
accept: */*

Response DefaultHttpResponse(decodeResult: success, version: HTTP/1.1)
HTTP/1.1 200 OK
Content-Type: application/json; charset=utf-8
cache-control: no-cache
content-length: 88

12:45:37.017 [AsyncHttpClient-1-5] DEBUG org.asynchttpclient.netty.channel.ChannelManager - Adding key: http://localhost:55622 for channel [id: 0x98bc7172, L:/127.0.0.1:52013 - R:localhost/127.0.0.1:55622]
12:45:37.020 [Forwarding getElementTagName on session bb5f7aeef79afc0c9025bc42daff9de2 to remote] DEBUG org.asynchttpclient.netty.request.NettyRequestSender - Using pooled Channel '[id: 0x98bc7172, L:/127.0.0.1:52013 - R:localhost/127.0.0.1:55622]' for 'GET' to 'http://localhost:55622/session/bb5f7aeef79afc0c9025bc42daff9de2/element/21c21214-42cc-48e6-bd7a-39832ea489ab/name'
12:45:37.020 [Forwarding getElementTagName on session bb5f7aeef79afc0c9025bc42daff9de2 to remote] DEBUG org.asynchttpclient.netty.request.NettyRequestSender - Using open Channel [id: 0x98bc7172, L:/127.0.0.1:52013 - R:localhost/127.0.0.1:55622] for GET '/session/bb5f7aeef79afc0c9025bc42daff9de2/element/21c21214-42cc-48e6-bd7a-39832ea489ab/name'
12:45:37.024 [AsyncHttpClient-1-5] DEBUG org.asynchttpclient.netty.handler.HttpHandler - 

Request DefaultFullHttpRequest(decodeResult: success, version: HTTP/1.1, content: EmptyByteBufBE)
GET /session/bb5f7aeef79afc0c9025bc42daff9de2/element/21c21214-42cc-48e6-bd7a-39832ea489ab/name HTTP/1.1
User-Agent: selenium/4.1.2 (java windows)
Cache-Control: no-cache
Content-Type: application/json; charset=utf-8
host: localhost:55622
accept: */*

Response DefaultHttpResponse(decodeResult: success, version: HTTP/1.1)
HTTP/1.1 200 OK
Content-Type: application/json; charset=utf-8
cache-control: no-cache
content-length: 18

12:45:37.024 [AsyncHttpClient-1-5] DEBUG org.asynchttpclient.netty.channel.ChannelManager - Adding key: http://localhost:55622 for channel [id: 0x98bc7172, L:/127.0.0.1:52013 - R:localhost/127.0.0.1:55622]
12:45:37.025 [Forwarding getElementTagName on session bb5f7aeef79afc0c9025bc42daff9de2 to remote] DEBUG org.asynchttpclient.netty.request.NettyRequestSender - Using pooled Channel '[id: 0x98bc7172, L:/127.0.0.1:52013 - R:localhost/127.0.0.1:55622]' for 'GET' to 'http://localhost:55622/session/bb5f7aeef79afc0c9025bc42daff9de2/element/21c21214-42cc-48e6-bd7a-39832ea489ab/name'
12:45:37.025 [Forwarding getElementTagName on session bb5f7aeef79afc0c9025bc42daff9de2 to remote] DEBUG org.asynchttpclient.netty.request.NettyRequestSender - Using open Channel [id: 0x98bc7172, L:/127.0.0.1:52013 - R:localhost/127.0.0.1:55622] for GET '/session/bb5f7aeef79afc0c9025bc42daff9de2/element/21c21214-42cc-48e6-bd7a-39832ea489ab/name'
12:45:37.028 [AsyncHttpClient-1-5] DEBUG org.asynchttpclient.netty.handler.HttpHandler - 

Request DefaultFullHttpRequest(decodeResult: success, version: HTTP/1.1, content: EmptyByteBufBE)
GET /session/bb5f7aeef79afc0c9025bc42daff9de2/element/21c21214-42cc-48e6-bd7a-39832ea489ab/name HTTP/1.1
User-Agent: selenium/4.1.2 (java windows)
Cache-Control: no-cache
Content-Type: application/json; charset=utf-8
host: localhost:55622
accept: */*

Response DefaultHttpResponse(decodeResult: success, version: HTTP/1.1)
HTTP/1.1 200 OK
Content-Type: application/json; charset=utf-8
cache-control: no-cache
content-length: 18

12:45:37.028 [AsyncHttpClient-1-5] DEBUG org.asynchttpclient.netty.channel.ChannelManager - Adding key: http://localhost:55622 for channel [id: 0x98bc7172, L:/127.0.0.1:52013 - R:localhost/127.0.0.1:55622]
12:45:37.030 [Forwarding isElementEnabled on session bb5f7aeef79afc0c9025bc42daff9de2 to remote] DEBUG org.asynchttpclient.netty.request.NettyRequestSender - Using pooled Channel '[id: 0x98bc7172, L:/127.0.0.1:52013 - R:localhost/127.0.0.1:55622]' for 'GET' to 'http://localhost:55622/session/bb5f7aeef79afc0c9025bc42daff9de2/element/21c21214-42cc-48e6-bd7a-39832ea489ab/enabled'
12:45:37.030 [Forwarding isElementEnabled on session bb5f7aeef79afc0c9025bc42daff9de2 to remote] DEBUG org.asynchttpclient.netty.request.NettyRequestSender - Using open Channel [id: 0x98bc7172, L:/127.0.0.1:52013 - R:localhost/127.0.0.1:55622] for GET '/session/bb5f7aeef79afc0c9025bc42daff9de2/element/21c21214-42cc-48e6-bd7a-39832ea489ab/enabled'
12:45:37.038 [AsyncHttpClient-1-5] DEBUG org.asynchttpclient.netty.handler.HttpHandler - 

Request DefaultFullHttpRequest(decodeResult: success, version: HTTP/1.1, content: EmptyByteBufBE)
GET /session/bb5f7aeef79afc0c9025bc42daff9de2/element/21c21214-42cc-48e6-bd7a-39832ea489ab/enabled HTTP/1.1
User-Agent: selenium/4.1.2 (java windows)
Cache-Control: no-cache
Content-Type: application/json; charset=utf-8
host: localhost:55622
accept: */*

Response DefaultHttpResponse(decodeResult: success, version: HTTP/1.1)
HTTP/1.1 200 OK
Content-Type: application/json; charset=utf-8
cache-control: no-cache
content-length: 14

12:45:37.038 [AsyncHttpClient-1-5] DEBUG org.asynchttpclient.netty.channel.ChannelManager - Adding key: http://localhost:55622 for channel [id: 0x98bc7172, L:/127.0.0.1:52013 - R:localhost/127.0.0.1:55622]
12:45:37.039 [Forwarding isElementEnabled on session bb5f7aeef79afc0c9025bc42daff9de2 to remote] DEBUG org.asynchttpclient.netty.request.NettyRequestSender - Using pooled Channel '[id: 0x98bc7172, L:/127.0.0.1:52013 - R:localhost/127.0.0.1:55622]' for 'GET' to 'http://localhost:55622/session/bb5f7aeef79afc0c9025bc42daff9de2/element/21c21214-42cc-48e6-bd7a-39832ea489ab/enabled'
12:45:37.039 [Forwarding isElementEnabled on session bb5f7aeef79afc0c9025bc42daff9de2 to remote] DEBUG org.asynchttpclient.netty.request.NettyRequestSender - Using open Channel [id: 0x98bc7172, L:/127.0.0.1:52013 - R:localhost/127.0.0.1:55622] for GET '/session/bb5f7aeef79afc0c9025bc42daff9de2/element/21c21214-42cc-48e6-bd7a-39832ea489ab/enabled'
12:45:37.044 [AsyncHttpClient-1-5] DEBUG org.asynchttpclient.netty.handler.HttpHandler - 

Request DefaultFullHttpRequest(decodeResult: success, version: HTTP/1.1, content: EmptyByteBufBE)
GET /session/bb5f7aeef79afc0c9025bc42daff9de2/element/21c21214-42cc-48e6-bd7a-39832ea489ab/enabled HTTP/1.1
User-Agent: selenium/4.1.2 (java windows)
Cache-Control: no-cache
Content-Type: application/json; charset=utf-8
host: localhost:55622
accept: */*

Response DefaultHttpResponse(decodeResult: success, version: HTTP/1.1)
HTTP/1.1 200 OK
Content-Type: application/json; charset=utf-8
cache-control: no-cache
content-length: 14

12:45:37.044 [AsyncHttpClient-1-5] DEBUG org.asynchttpclient.netty.channel.ChannelManager - Adding key: http://localhost:55622 for channel [id: 0x98bc7172, L:/127.0.0.1:52013 - R:localhost/127.0.0.1:55622]
12:45:37.046 [Forwarding findElement on session bb5f7aeef79afc0c9025bc42daff9de2 to remote] DEBUG org.asynchttpclient.netty.request.NettyRequestSender - Using pooled Channel '[id: 0x98bc7172, L:/127.0.0.1:52013 - R:localhost/127.0.0.1:55622]' for 'POST' to 'http://localhost:55622/session/bb5f7aeef79afc0c9025bc42daff9de2/element'
12:45:37.046 [Forwarding findElement on session bb5f7aeef79afc0c9025bc42daff9de2 to remote] DEBUG org.asynchttpclient.netty.request.NettyRequestSender - Using open Channel [id: 0x98bc7172, L:/127.0.0.1:52013 - R:localhost/127.0.0.1:55622] for POST '/session/bb5f7aeef79afc0c9025bc42daff9de2/element'
12:45:37.054 [AsyncHttpClient-1-5] DEBUG org.asynchttpclient.netty.handler.HttpHandler - 

Request DefaultHttpRequest(decodeResult: success, version: HTTP/1.1)
POST /session/bb5f7aeef79afc0c9025bc42daff9de2/element HTTP/1.1
User-Agent: selenium/4.1.2 (java windows)
Content-Length: 141
Content-Type: application/json; charset=utf-8
host: localhost:55622
accept: */*

Response DefaultHttpResponse(decodeResult: success, version: HTTP/1.1)
HTTP/1.1 200 OK
Content-Type: application/json; charset=utf-8
cache-control: no-cache
content-length: 88

12:45:37.054 [AsyncHttpClient-1-5] DEBUG org.asynchttpclient.netty.channel.ChannelManager - Adding key: http://localhost:55622 for channel [id: 0x98bc7172, L:/127.0.0.1:52013 - R:localhost/127.0.0.1:55622]
12:45:37.055 [Forwarding clickElement on session bb5f7aeef79afc0c9025bc42daff9de2 to remote] DEBUG org.asynchttpclient.netty.request.NettyRequestSender - Using pooled Channel '[id: 0x98bc7172, L:/127.0.0.1:52013 - R:localhost/127.0.0.1:55622]' for 'POST' to 'http://localhost:55622/session/bb5f7aeef79afc0c9025bc42daff9de2/element/21c21214-42cc-48e6-bd7a-39832ea489ab/click'
12:45:37.055 [Forwarding clickElement on session bb5f7aeef79afc0c9025bc42daff9de2 to remote] DEBUG org.asynchttpclient.netty.request.NettyRequestSender - Using open Channel [id: 0x98bc7172, L:/127.0.0.1:52013 - R:localhost/127.0.0.1:55622] for POST '/session/bb5f7aeef79afc0c9025bc42daff9de2/element/21c21214-42cc-48e6-bd7a-39832ea489ab/click'
12:45:37.087 [AsyncHttpClient-1-5] DEBUG org.asynchttpclient.netty.handler.HttpHandler - 

Request DefaultHttpRequest(decodeResult: success, version: HTTP/1.1)
POST /session/bb5f7aeef79afc0c9025bc42daff9de2/element/21c21214-42cc-48e6-bd7a-39832ea489ab/click HTTP/1.1
User-Agent: selenium/4.1.2 (java windows)
Content-Length: 50
Content-Type: application/json; charset=utf-8
host: localhost:55622
accept: */*

Response DefaultHttpResponse(decodeResult: success, version: HTTP/1.1)
HTTP/1.1 200 OK
Content-Type: application/json; charset=utf-8
cache-control: no-cache
content-length: 14

12:45:37.087 [AsyncHttpClient-1-5] DEBUG org.asynchttpclient.netty.channel.ChannelManager - Adding key: http://localhost:55622 for channel [id: 0x98bc7172, L:/127.0.0.1:52013 - R:localhost/127.0.0.1:55622]
  &amp#27;[32mAnd &amp#27;[0m&amp#27;[32mI click login button&amp#27;[0m                      &amp#27;[90m# starter.stepdefinition.LoginStep.iClickLoginButton()&amp#27;[0m
12:45:37.090 [Forwarding screenshot on session bb5f7aeef79afc0c9025bc42daff9de2 to remote] DEBUG org.asynchttpclient.netty.request.NettyRequestSender - Using pooled Channel '[id: 0x98bc7172, L:/127.0.0.1:52013 - R:localhost/127.0.0.1:55622]' for 'GET' to 'http://localhost:55622/session/bb5f7aeef79afc0c9025bc42daff9de2/screenshot'
12:45:37.090 [Forwarding screenshot on session bb5f7aeef79afc0c9025bc42daff9de2 to remote] DEBUG org.asynchttpclient.netty.request.NettyRequestSender - Using open Channel [id: 0x98bc7172, L:/127.0.0.1:52013 - R:localhost/127.0.0.1:55622] for GET '/session/bb5f7aeef79afc0c9025bc42daff9de2/screenshot'
12:45:37.276 [AsyncHttpClient-1-5] DEBUG org.asynchttpclient.netty.handler.HttpHandler - 

Request DefaultFullHttpRequest(decodeResult: success, version: HTTP/1.1, content: EmptyByteBufBE)
GET /session/bb5f7aeef79afc0c9025bc42daff9de2/screenshot HTTP/1.1
User-Agent: selenium/4.1.2 (java windows)
Cache-Control: no-cache
Content-Type: application/json; charset=utf-8
host: localhost:55622
accept: */*

Response DefaultHttpResponse(decodeResult: success, version: HTTP/1.1)
HTTP/1.1 200 OK
Content-Type: application/json; charset=utf-8
cache-control: no-cache
content-length: 35412

12:45:37.277 [AsyncHttpClient-1-5] DEBUG org.asynchttpclient.netty.channel.ChannelManager - Adding key: http://localhost:55622 for channel [id: 0x98bc7172, L:/127.0.0.1:52013 - R:localhost/127.0.0.1:55622]
12:45:37.278 [main] DEBUG net.serenitybdd.core.photography.Darkroom - Send negative for processing for target\site\serenity\8c1fe0d639e0eac683972da85b4a05e64a25fc1fb603b1bf723e25dabd0ad3a5.png
12:45:37.278 [Darkroom Processing Line] DEBUG net.serenitybdd.core.photography.DarkroomProcessingLine - Processing screenshot image in /var/screenshots/screenshot-5133797830412945512
12:45:37.278 [Darkroom Processing Line] DEBUG net.serenitybdd.core.photography.DarkroomProcessingLine - Saving screenshot to target\site\serenity\8c1fe0d639e0eac683972da85b4a05e64a25fc1fb603b1bf723e25dabd0ad3a5.png
12:45:37.284 [Forwarding findElement on session bb5f7aeef79afc0c9025bc42daff9de2 to remote] DEBUG org.asynchttpclient.netty.request.NettyRequestSender - Using pooled Channel '[id: 0x98bc7172, L:/127.0.0.1:52013 - R:localhost/127.0.0.1:55622]' for 'POST' to 'http://localhost:55622/session/bb5f7aeef79afc0c9025bc42daff9de2/element'
12:45:37.284 [Forwarding findElement on session bb5f7aeef79afc0c9025bc42daff9de2 to remote] DEBUG org.asynchttpclient.netty.request.NettyRequestSender - Using open Channel [id: 0x98bc7172, L:/127.0.0.1:52013 - R:localhost/127.0.0.1:55622] for POST '/session/bb5f7aeef79afc0c9025bc42daff9de2/element'
12:45:38.046 [AsyncHttpClient-1-1] DEBUG org.asynchttpclient.netty.channel.DefaultChannelPool - Entry count for : http://localhost:52014 : 1
12:45:38.167 [AsyncHttpClient-1-5] DEBUG org.asynchttpclient.netty.handler.HttpHandler - 

Request DefaultHttpRequest(decodeResult: success, version: HTTP/1.1)
POST /session/bb5f7aeef79afc0c9025bc42daff9de2/element HTTP/1.1
User-Agent: selenium/4.1.2 (java windows)
Content-Length: 81
Content-Type: application/json; charset=utf-8
host: localhost:55622
accept: */*

Response DefaultHttpResponse(decodeResult: success, version: HTTP/1.1)
HTTP/1.1 200 OK
Content-Type: application/json; charset=utf-8
cache-control: no-cache
content-length: 88

12:45:38.167 [AsyncHttpClient-1-5] DEBUG org.asynchttpclient.netty.channel.ChannelManager - Adding key: http://localhost:55622 for channel [id: 0x98bc7172, L:/127.0.0.1:52013 - R:localhost/127.0.0.1:55622]
12:45:38.169 [Forwarding isElementDisplayed on session bb5f7aeef79afc0c9025bc42daff9de2 to remote] DEBUG org.asynchttpclient.netty.request.NettyRequestSender - Using pooled Channel '[id: 0x98bc7172, L:/127.0.0.1:52013 - R:localhost/127.0.0.1:55622]' for 'POST' to 'http://localhost:55622/session/bb5f7aeef79afc0c9025bc42daff9de2/execute/sync'
12:45:38.169 [Forwarding isElementDisplayed on session bb5f7aeef79afc0c9025bc42daff9de2 to remote] DEBUG org.asynchttpclient.netty.request.NettyRequestSender - Using open Channel [id: 0x98bc7172, L:/127.0.0.1:52013 - R:localhost/127.0.0.1:55622] for POST '/session/bb5f7aeef79afc0c9025bc42daff9de2/execute/sync'
12:45:38.182 [AsyncHttpClient-1-5] DEBUG org.asynchttpclient.netty.handler.HttpHandler - 

Request DefaultHttpRequest(decodeResult: success, version: HTTP/1.1)
POST /session/bb5f7aeef79afc0c9025bc42daff9de2/execute/sync HTTP/1.1
User-Agent: selenium/4.1.2 (java windows)
Content-Length: 48780
Content-Type: application/json; charset=utf-8
host: localhost:55622
accept: */*

Response DefaultHttpResponse(decodeResult: success, version: HTTP/1.1)
HTTP/1.1 200 OK
Content-Type: application/json; charset=utf-8
cache-control: no-cache
content-length: 14

12:45:38.182 [AsyncHttpClient-1-5] DEBUG org.asynchttpclient.netty.channel.ChannelManager - Adding key: http://localhost:55622 for channel [id: 0x98bc7172, L:/127.0.0.1:52013 - R:localhost/127.0.0.1:55622]
  &amp#27;[32mThen &amp#27;[0m&amp#27;[32mI will get the &amp#27;[0m&amp#27;[32m&amp#27;[1m"can't login"&amp#27;[0m             &amp#27;[90m# starter.stepdefinition.LoginStep.iWillGetThe(java.lang.String)&amp#27;[0m
12:45:38.185 [Forwarding screenshot on session bb5f7aeef79afc0c9025bc42daff9de2 to remote] DEBUG org.asynchttpclient.netty.request.NettyRequestSender - Using pooled Channel '[id: 0x98bc7172, L:/127.0.0.1:52013 - R:localhost/127.0.0.1:55622]' for 'GET' to 'http://localhost:55622/session/bb5f7aeef79afc0c9025bc42daff9de2/screenshot'
12:45:38.185 [Forwarding screenshot on session bb5f7aeef79afc0c9025bc42daff9de2 to remote] DEBUG org.asynchttpclient.netty.request.NettyRequestSender - Using open Channel [id: 0x98bc7172, L:/127.0.0.1:52013 - R:localhost/127.0.0.1:55622] for GET '/session/bb5f7aeef79afc0c9025bc42daff9de2/screenshot'
12:45:38.316 [AsyncHttpClient-1-5] DEBUG org.asynchttpclient.netty.handler.HttpHandler - 

Request DefaultFullHttpRequest(decodeResult: success, version: HTTP/1.1, content: EmptyByteBufBE)
GET /session/bb5f7aeef79afc0c9025bc42daff9de2/screenshot HTTP/1.1
User-Agent: selenium/4.1.2 (java windows)
Cache-Control: no-cache
Content-Type: application/json; charset=utf-8
host: localhost:55622
accept: */*

Response DefaultHttpResponse(decodeResult: success, version: HTTP/1.1)
HTTP/1.1 200 OK
Content-Type: application/json; charset=utf-8
cache-control: no-cache
content-length: 38748

12:45:38.317 [AsyncHttpClient-1-5] DEBUG org.asynchttpclient.netty.channel.ChannelManager - Adding key: http://localhost:55622 for channel [id: 0x98bc7172, L:/127.0.0.1:52013 - R:localhost/127.0.0.1:55622]
12:45:38.319 [main] DEBUG net.serenitybdd.core.photography.Darkroom - Send negative for processing for target\site\serenity\f31dac2c846eff03dbc8451fcea1e3f396fa56dba9a99c8e33b57e86554f256d.png
12:45:38.319 [Darkroom Processing Line] DEBUG net.serenitybdd.core.photography.DarkroomProcessingLine - Processing screenshot image in /var/screenshots/screenshot-17145266195987001220
12:45:38.319 [Darkroom Processing Line] DEBUG net.serenitybdd.core.photography.DarkroomProcessingLine - Saving screenshot to target\site\serenity\f31dac2c846eff03dbc8451fcea1e3f396fa56dba9a99c8e33b57e86554f256d.png
12:45:38.330 [AsyncHttpClient-1-7] DEBUG org.asynchttpclient.netty.handler.WebSocketHandler - Channel Closed: [id: 0xf242752c, L:/127.0.0.1:52021 ! R:localhost/127.0.0.1:52014] with attribute NettyResponseFuture{currentRetry=5,
	isDone=1,
	isCancelled=0,
	asyncHandler=org.asynchttpclient.ws.WebSocketUpgradeHandler@16d4b6f9,
	nettyRequest=org.asynchttpclient.netty.request.NettyRequest@165bc937,
	future=java.util.concurrent.CompletableFuture@6cbee7cc[Completed normally],
	uri=ws://localhost:52014/devtools/browser/f7d287f6-7cea-4376-9ffd-147258e217c8,
	keepAlive=true,
	redirectCount=0,
	timeoutsHolder=null,
	inAuth=0,
	touch=1667972734519}
12:45:38.330 [AsyncHttpClient-1-7] DEBUG org.asynchttpclient.netty.channel.ChannelManager - Closing Channel [id: 0xf242752c, L:/127.0.0.1:52021 ! R:localhost/127.0.0.1:52014] 
12:45:38.331 [Driver Command Executor] DEBUG org.asynchttpclient.netty.request.NettyRequestSender - Using pooled Channel '[id: 0x98bc7172, L:/127.0.0.1:52013 - R:localhost/127.0.0.1:55622]' for 'DELETE' to 'http://localhost:55622/session/bb5f7aeef79afc0c9025bc42daff9de2'
12:45:38.331 [Driver Command Executor] DEBUG org.asynchttpclient.netty.request.NettyRequestSender - Using open Channel [id: 0x98bc7172, L:/127.0.0.1:52013 - R:localhost/127.0.0.1:55622] for DELETE '/session/bb5f7aeef79afc0c9025bc42daff9de2'
12:45:38.389 [AsyncHttpClient-1-6] DEBUG org.asynchttpclient.netty.handler.HttpHandler - Unexpected I/O exception on channel [id: 0x73e8d846, L:/127.0.0.1:52020 - R:localhost/127.0.0.1:52014]
java.io.IOException: An existing connection was forcibly closed by the remote host
	at java.base/sun.nio.ch.SocketDispatcher.read0(Native Method)
	at java.base/sun.nio.ch.SocketDispatcher.read(SocketDispatcher.java:43)
	at java.base/sun.nio.ch.IOUtil.readIntoNativeBuffer(IOUtil.java:276)
	at java.base/sun.nio.ch.IOUtil.read(IOUtil.java:233)
	at java.base/sun.nio.ch.IOUtil.read(IOUtil.java:223)
	at java.base/sun.nio.ch.SocketChannelImpl.read(SocketChannelImpl.java:358)
	at io.netty.buffer.PooledByteBuf.setBytes(PooledByteBuf.java:258)
	at io.netty.buffer.AbstractByteBuf.writeBytes(AbstractByteBuf.java:1132)
	at io.netty.channel.socket.nio.NioSocketChannel.doReadBytes(NioSocketChannel.java:350)
	at io.netty.channel.nio.AbstractNioByteChannel$NioByteUnsafe.read(AbstractNioByteChannel.java:151)
	at io.netty.channel.nio.NioEventLoop.processSelectedKey(NioEventLoop.java:722)
	at io.netty.channel.nio.NioEventLoop.processSelectedKeysOptimized(NioEventLoop.java:658)
	at io.netty.channel.nio.NioEventLoop.processSelectedKeys(NioEventLoop.java:584)
	at io.netty.channel.nio.NioEventLoop.run(NioEventLoop.java:496)
	at io.netty.util.concurrent.SingleThreadEventExecutor$4.run(SingleThreadEventExecutor.java:986)
	at io.netty.util.internal.ThreadExecutorMap$2.run(ThreadExecutorMap.java:74)
	at io.netty.util.concurrent.FastThreadLocalRunnable.run(FastThreadLocalRunnable.java:30)
	at java.base/java.lang.Thread.run(Thread.java:834)
12:45:38.389 [AsyncHttpClient-1-6] DEBUG org.asynchttpclient.netty.channel.ChannelManager - Closing Channel [id: 0x73e8d846, L:/127.0.0.1:52020 - R:localhost/127.0.0.1:52014] 
12:45:38.390 [AsyncHttpClient-1-6] DEBUG org.asynchttpclient.netty.handler.HttpHandler - Channel Closed: [id: 0x73e8d846, L:/127.0.0.1:52020 ! R:localhost/127.0.0.1:52014] with attribute DISCARD
12:45:38.412 [AsyncHttpClient-1-5] DEBUG org.asynchttpclient.netty.handler.HttpHandler - 

Request DefaultFullHttpRequest(decodeResult: success, version: HTTP/1.1, content: EmptyByteBufBE)
DELETE /session/bb5f7aeef79afc0c9025bc42daff9de2 HTTP/1.1
User-Agent: selenium/4.1.2 (java windows)
Content-Type: application/json; charset=utf-8
host: localhost:55622
accept: */*

Response DefaultHttpResponse(decodeResult: success, version: HTTP/1.1)
HTTP/1.1 200 OK
Content-Type: application/json; charset=utf-8
cache-control: no-cache
content-length: 14

12:45:38.413 [AsyncHttpClient-1-5] DEBUG org.asynchttpclient.netty.channel.ChannelManager - Adding key: http://localhost:55622 for channel [id: 0x98bc7172, L:/127.0.0.1:52013 - R:localhost/127.0.0.1:55622]
12:45:38.454 [AsyncHttpClient-1-5] DEBUG org.asynchttpclient.netty.handler.HttpHandler - Channel Closed: [id: 0x98bc7172, L:/127.0.0.1:52013 ! R:localhost/127.0.0.1:55622] with attribute DISCARD
]]></system-out>
    <system-err><![CDATA[Starting ChromeDriver 107.0.5304.62 (1eec40d3a5764881c92085aaee66d25075c159aa-refs/branch-heads/5304@{#942}) on port 55622
Only local connections are allowed.
Please see https://chromedriver.chromium.org/security-considerations for suggestions on keeping ChromeDriver safe.
ChromeDriver was started successfully.
Nov 09, 2022 12:45:34 PM org.openqa.selenium.remote.ProtocolHandshake createSession
INFO: Detected dialect: W3C
Nov 09, 2022 12:45:34 PM org.openqa.selenium.devtools.CdpVersionFinder findNearestMatch
WARNING: Unable to find an exact match for CDP version 107, so returning the closest version found: a no-op implementation
Nov 09, 2022 12:45:34 PM org.openqa.selenium.devtools.CdpVersionFinder findNearestMatch
INFO: Unable to find CDP implementation matching 107.
Nov 09, 2022 12:45:34 PM org.openqa.selenium.chromium.ChromiumDriver lambda$new$3
WARNING: Unable to find version of CDP to use for . You may need to include a dependency on a specific version of the CDP using something similar to `org.seleniumhq.selenium:selenium-devtools-v86:4.1.2` where the version ("v86") matches the version of the chromium-based browser you're using and the version number of the artifact is the same as Selenium's.
]]></system-err>
  </testcase>
  <testcase name="Logout acccount" classname="Logout" time="6.57">
    <system-out><![CDATA[12:45:38.508 [main] INFO io.cucumber.core.plugin.SerenityReporter - Running feature from file:///C:/Users/ASUS/Web/src/test/resources/features/logout.feature
12:45:38.510 [main] DEBUG net.thucydides.core.steps.StepEventBus - Test suite started for story net.thucydides.core.model.Story@b51a1248
12:45:38.510 [main] INFO  - Test Suite Started: Logout

@Logout
Scenario: Logout acccount           &amp#27;[90m# src/test/resources/features/logout.feature:7&amp#27;[0m
12:45:38.517 [main] INFO io.cucumber.core.plugin.SerenityReporter - Running feature from file:///C:/Users/ASUS/Web/src/test/resources/features/logout.feature
12:45:38.518 [main] INFO  - 
  _____   ___   ___   _____     ___   _____     _     ___   _____   ___   ___  
 |_   _| | __| / __| |_   _|   / __| |_   _|   /_\   | _ \ |_   _| | __| |   \ 
   | |   | _|  \__ \   | |     \__ \   | |    / _ \  |   /   | |   | _|  | |) |
   |_|   |___| |___/   |_|     |___/   |_|   /_/ \_\ |_|_\   |_|   |___| |___/ 

Logout acccount(logout;logout-acccount)
--------------------------------------------------------------------------------
12:45:38.594 [main] INFO net.serenitybdd.core.webdriver.driverproviders.ChromeDriverProvider - Using automatically driver download
12:45:38.690 [main] DEBUG io.github.bonigarcia.wdm.cache.ResolutionCache - Resolution chrome=107 in cache (valid until 13:44:11 09/11/2022 ICT)
12:45:38.693 [main] DEBUG io.github.bonigarcia.wdm.cache.ResolutionCache - Resolution chrome107=107.0.5304.62 in cache (valid until 12:48:49 09/11/2022 ICT)
12:45:38.694 [main] INFO io.github.bonigarcia.wdm.WebDriverManager - Using chromedriver 107.0.5304.62 (resolved driver for Chrome 107)
12:45:38.701 [main] DEBUG io.github.bonigarcia.wdm.WebDriverManager - Driver chromedriver 107.0.5304.62 found in cache
12:45:38.703 [main] INFO io.github.bonigarcia.wdm.WebDriverManager - Exporting webdriver.chrome.driver as C:\Users\ASUS\.cache\selenium\chromedriver\win32\107.0.5304.62\chromedriver.exe
12:45:38.785 [main] DEBUG net.serenitybdd.core.webdriver.driverproviders.ProvideNewDriver - Instantiating driver
12:45:38.785 [main] DEBUG net.serenitybdd.core.webdriver.driverproviders.ProvideNewDriver - Driver capabilities: Capabilities {acceptInsecureCerts: false, base.url: https://alta-shop.vercel.app/, browserName: chrome, chrome.driver: src/test/resources/webdrive..., driver: chrome, goog:chromeOptions: {args: [], extensions: []}}
12:45:38.864 [AsyncHttpClient-1-8] DEBUG org.asynchttpclient.netty.channel.NettyConnectListener - Using new Channel '[id: 0x777f8a82, L:/127.0.0.1:52041 - R:localhost/127.0.0.1:51256]' for 'POST' to '/session'
12:45:39.151 [AsyncHttpClient-1-1] DEBUG org.asynchttpclient.netty.channel.DefaultChannelPool - Entry count for : http://localhost:52014 : 1
12:45:39.151 [AsyncHttpClient-1-1] DEBUG org.asynchttpclient.netty.channel.DefaultChannelPool - Entry count for : http://localhost:55622 : 1
12:45:39.151 [AsyncHttpClient-1-1] DEBUG org.asynchttpclient.netty.channel.DefaultChannelPool - Adding Candidate expired Channel [id: 0x73e8d846, L:/127.0.0.1:52020 ! R:localhost/127.0.0.1:52014] isIdleTimeoutExpired=false isRemotelyClosed=true isTtlExpired=false
12:45:39.151 [AsyncHttpClient-1-1] DEBUG org.asynchttpclient.netty.channel.DefaultChannelPool - Closing Idle Channel [id: 0x73e8d846, L:/127.0.0.1:52020 ! R:localhost/127.0.0.1:52014]
12:45:39.151 [AsyncHttpClient-1-1] DEBUG org.asynchttpclient.netty.channel.DefaultChannelPool - Adding Candidate expired Channel [id: 0x98bc7172, L:/127.0.0.1:52013 ! R:localhost/127.0.0.1:55622] isIdleTimeoutExpired=false isRemotelyClosed=true isTtlExpired=false
12:45:39.151 [AsyncHttpClient-1-1] DEBUG org.asynchttpclient.netty.channel.DefaultChannelPool - Closing Idle Channel [id: 0x98bc7172, L:/127.0.0.1:52013 ! R:localhost/127.0.0.1:55622]
12:45:39.151 [AsyncHttpClient-1-1] DEBUG org.asynchttpclient.netty.channel.DefaultChannelPool - Closed 2 connections out of 2 in 0 ms
12:45:41.569 [AsyncHttpClient-1-8] DEBUG org.asynchttpclient.netty.handler.HttpHandler - 

Request DefaultHttpRequest(decodeResult: success, version: HTTP/1.1)
POST /session HTTP/1.1
User-Agent: selenium/4.1.2 (java windows)
Content-Length: 615
Content-Type: application/json; charset=utf-8
host: localhost:51256
accept: */*

Response DefaultHttpResponse(decodeResult: success, version: HTTP/1.1)
HTTP/1.1 200 OK
Content-Type: application/json; charset=utf-8
cache-control: no-cache
content-length: 789

12:45:41.569 [AsyncHttpClient-1-8] DEBUG org.asynchttpclient.netty.channel.ChannelManager - Adding key: http://localhost:51256 for channel [id: 0x777f8a82, L:/127.0.0.1:52041 - R:localhost/127.0.0.1:51256]
12:45:41.579 [AsyncHttpClient-1-9] DEBUG org.asynchttpclient.netty.channel.NettyConnectListener - Using new Channel '[id: 0xe8ec3193, L:/127.0.0.1:52048 - R:localhost/127.0.0.1:52042]' for 'GET' to '/json/version'
12:45:41.580 [AsyncHttpClient-1-9] DEBUG org.asynchttpclient.netty.handler.HttpHandler - 

Request DefaultFullHttpRequest(decodeResult: success, version: HTTP/1.1, content: EmptyByteBufBE)
GET /json/version HTTP/1.1
User-Agent: selenium/4.1.2 (java windows)
host: localhost:52042
accept: */*

Response DefaultHttpResponse(decodeResult: success, version: HTTP/1.1)
HTTP/1.1 200 OK
Content-Type: application/json; charset=UTF-8
content-length: 423

12:45:41.580 [AsyncHttpClient-1-9] DEBUG org.asynchttpclient.netty.channel.ChannelManager - Adding key: http://localhost:52042 for channel [id: 0xe8ec3193, L:/127.0.0.1:52048 - R:localhost/127.0.0.1:52042]
12:45:41.584 [AsyncHttpClient-1-10] DEBUG org.asynchttpclient.netty.channel.NettyConnectListener - Using new Channel '[id: 0xc9d0adea, L:/127.0.0.1:52049 - R:localhost/127.0.0.1:52042]' for 'GET' to '/devtools/browser/2d600c26-20c4-4b0b-a28c-a23eb85b778d'
12:45:41.585 [AsyncHttpClient-1-10] DEBUG org.asynchttpclient.netty.handler.WebSocketHandler - 

Request DefaultFullHttpRequest(decodeResult: success, version: HTTP/1.1, content: EmptyByteBufBE)
GET /devtools/browser/2d600c26-20c4-4b0b-a28c-a23eb85b778d HTTP/1.1
upgrade: websocket
connection: upgrade
sec-websocket-key: 9QK+jWnp/Nv3ImzIa0hyjA==
sec-websocket-version: 13
origin: http://localhost:52042
host: localhost:52042
accept: */*
user-agent: AHC/2.1

Response DefaultHttpResponse(decodeResult: success, version: HTTP/1.1)
HTTP/1.1 101 WebSocket Protocol Handshake
Upgrade: WebSocket
Connection: Upgrade
Sec-WebSocket-Accept: mvZOiDhr0RMO7LVkToB/uZDg1kw=

12:45:41.589 [Forwarding get on session 1eedf3840d288438f7b30be4390b5193 to remote] DEBUG org.asynchttpclient.netty.request.NettyRequestSender - Using pooled Channel '[id: 0x777f8a82, L:/127.0.0.1:52041 - R:localhost/127.0.0.1:51256]' for 'POST' to 'http://localhost:51256/session/1eedf3840d288438f7b30be4390b5193/url'
12:45:41.589 [Forwarding get on session 1eedf3840d288438f7b30be4390b5193 to remote] DEBUG org.asynchttpclient.netty.request.NettyRequestSender - Using open Channel [id: 0x777f8a82, L:/127.0.0.1:52041 - R:localhost/127.0.0.1:51256] for POST '/session/1eedf3840d288438f7b30be4390b5193/url'
12:45:42.452 [AsyncHttpClient-1-1] DEBUG org.asynchttpclient.netty.channel.DefaultChannelPool - Entry count for : http://localhost:52042 : 1
12:45:42.665 [AsyncHttpClient-1-8] DEBUG org.asynchttpclient.netty.handler.HttpHandler - 

Request DefaultHttpRequest(decodeResult: success, version: HTTP/1.1)
POST /session/1eedf3840d288438f7b30be4390b5193/url HTTP/1.1
User-Agent: selenium/4.1.2 (java windows)
Content-Length: 59
Content-Type: application/json; charset=utf-8
host: localhost:51256
accept: */*

Response DefaultHttpResponse(decodeResult: success, version: HTTP/1.1)
HTTP/1.1 200 OK
Content-Type: application/json; charset=utf-8
cache-control: no-cache
content-length: 14

12:45:42.667 [AsyncHttpClient-1-8] DEBUG org.asynchttpclient.netty.channel.ChannelManager - Adding key: http://localhost:51256 for channel [id: 0x777f8a82, L:/127.0.0.1:52041 - R:localhost/127.0.0.1:51256]
12:45:42.667 [Forwarding setTimeout on session 1eedf3840d288438f7b30be4390b5193 to remote] DEBUG org.asynchttpclient.netty.request.NettyRequestSender - Using pooled Channel '[id: 0x777f8a82, L:/127.0.0.1:52041 - R:localhost/127.0.0.1:51256]' for 'POST' to 'http://localhost:51256/session/1eedf3840d288438f7b30be4390b5193/timeouts'
12:45:42.667 [Forwarding setTimeout on session 1eedf3840d288438f7b30be4390b5193 to remote] DEBUG org.asynchttpclient.netty.request.NettyRequestSender - Using open Channel [id: 0x777f8a82, L:/127.0.0.1:52041 - R:localhost/127.0.0.1:51256] for POST '/session/1eedf3840d288438f7b30be4390b5193/timeouts'
12:45:42.668 [AsyncHttpClient-1-8] DEBUG org.asynchttpclient.netty.handler.HttpHandler - 

Request DefaultHttpRequest(decodeResult: success, version: HTTP/1.1)
POST /session/1eedf3840d288438f7b30be4390b5193/timeouts HTTP/1.1
User-Agent: selenium/4.1.2 (java windows)
Content-Length: 22
Content-Type: application/json; charset=utf-8
host: localhost:51256
accept: */*

Response DefaultHttpResponse(decodeResult: success, version: HTTP/1.1)
HTTP/1.1 200 OK
Content-Type: application/json; charset=utf-8
cache-control: no-cache
content-length: 14

12:45:42.668 [AsyncHttpClient-1-8] DEBUG org.asynchttpclient.netty.channel.ChannelManager - Adding key: http://localhost:51256 for channel [id: 0x777f8a82, L:/127.0.0.1:52041 - R:localhost/127.0.0.1:51256]
12:45:42.670 [Forwarding getCurrentUrl on session 1eedf3840d288438f7b30be4390b5193 to remote] DEBUG org.asynchttpclient.netty.request.NettyRequestSender - Using pooled Channel '[id: 0x777f8a82, L:/127.0.0.1:52041 - R:localhost/127.0.0.1:51256]' for 'GET' to 'http://localhost:51256/session/1eedf3840d288438f7b30be4390b5193/url'
12:45:42.670 [Forwarding getCurrentUrl on session 1eedf3840d288438f7b30be4390b5193 to remote] DEBUG org.asynchttpclient.netty.request.NettyRequestSender - Using open Channel [id: 0x777f8a82, L:/127.0.0.1:52041 - R:localhost/127.0.0.1:51256] for GET '/session/1eedf3840d288438f7b30be4390b5193/url'
12:45:42.675 [AsyncHttpClient-1-8] DEBUG org.asynchttpclient.netty.handler.HttpHandler - 

Request DefaultFullHttpRequest(decodeResult: success, version: HTTP/1.1, content: EmptyByteBufBE)
GET /session/1eedf3840d288438f7b30be4390b5193/url HTTP/1.1
User-Agent: selenium/4.1.2 (java windows)
Cache-Control: no-cache
Content-Type: application/json; charset=utf-8
host: localhost:51256
accept: */*

Response DefaultHttpResponse(decodeResult: success, version: HTTP/1.1)
HTTP/1.1 200 OK
Content-Type: application/json; charset=utf-8
cache-control: no-cache
content-length: 41

12:45:42.675 [AsyncHttpClient-1-8] DEBUG org.asynchttpclient.netty.channel.ChannelManager - Adding key: http://localhost:51256 for channel [id: 0x777f8a82, L:/127.0.0.1:52041 - R:localhost/127.0.0.1:51256]
12:45:42.677 [Forwarding findElement on session 1eedf3840d288438f7b30be4390b5193 to remote] DEBUG org.asynchttpclient.netty.request.NettyRequestSender - Using pooled Channel '[id: 0x777f8a82, L:/127.0.0.1:52041 - R:localhost/127.0.0.1:51256]' for 'POST' to 'http://localhost:51256/session/1eedf3840d288438f7b30be4390b5193/element'
12:45:42.677 [Forwarding findElement on session 1eedf3840d288438f7b30be4390b5193 to remote] DEBUG org.asynchttpclient.netty.request.NettyRequestSender - Using open Channel [id: 0x777f8a82, L:/127.0.0.1:52041 - R:localhost/127.0.0.1:51256] for POST '/session/1eedf3840d288438f7b30be4390b5193/element'
12:45:42.694 [AsyncHttpClient-1-8] DEBUG org.asynchttpclient.netty.handler.HttpHandler - 

Request DefaultHttpRequest(decodeResult: success, version: HTTP/1.1)
POST /session/1eedf3840d288438f7b30be4390b5193/element HTTP/1.1
User-Agent: selenium/4.1.2 (java windows)
Content-Length: 97
Content-Type: application/json; charset=utf-8
host: localhost:51256
accept: */*

Response DefaultHttpResponse(decodeResult: success, version: HTTP/1.1)
HTTP/1.1 200 OK
Content-Type: application/json; charset=utf-8
cache-control: no-cache
content-length: 88

12:45:42.694 [AsyncHttpClient-1-8] DEBUG org.asynchttpclient.netty.channel.ChannelManager - Adding key: http://localhost:51256 for channel [id: 0x777f8a82, L:/127.0.0.1:52041 - R:localhost/127.0.0.1:51256]
12:45:42.698 [Forwarding getElementTagName on session 1eedf3840d288438f7b30be4390b5193 to remote] DEBUG org.asynchttpclient.netty.request.NettyRequestSender - Using pooled Channel '[id: 0x777f8a82, L:/127.0.0.1:52041 - R:localhost/127.0.0.1:51256]' for 'GET' to 'http://localhost:51256/session/1eedf3840d288438f7b30be4390b5193/element/ee461c49-2682-4023-9db2-dc79c4a06f41/name'
12:45:42.698 [Forwarding getElementTagName on session 1eedf3840d288438f7b30be4390b5193 to remote] DEBUG org.asynchttpclient.netty.request.NettyRequestSender - Using open Channel [id: 0x777f8a82, L:/127.0.0.1:52041 - R:localhost/127.0.0.1:51256] for GET '/session/1eedf3840d288438f7b30be4390b5193/element/ee461c49-2682-4023-9db2-dc79c4a06f41/name'
12:45:42.705 [AsyncHttpClient-1-8] DEBUG org.asynchttpclient.netty.handler.HttpHandler - 

Request DefaultFullHttpRequest(decodeResult: success, version: HTTP/1.1, content: EmptyByteBufBE)
GET /session/1eedf3840d288438f7b30be4390b5193/element/ee461c49-2682-4023-9db2-dc79c4a06f41/name HTTP/1.1
User-Agent: selenium/4.1.2 (java windows)
Cache-Control: no-cache
Content-Type: application/json; charset=utf-8
host: localhost:51256
accept: */*

Response DefaultHttpResponse(decodeResult: success, version: HTTP/1.1)
HTTP/1.1 200 OK
Content-Type: application/json; charset=utf-8
cache-control: no-cache
content-length: 13

12:45:42.706 [AsyncHttpClient-1-8] DEBUG org.asynchttpclient.netty.channel.ChannelManager - Adding key: http://localhost:51256 for channel [id: 0x777f8a82, L:/127.0.0.1:52041 - R:localhost/127.0.0.1:51256]
12:45:42.707 [Forwarding getElementTagName on session 1eedf3840d288438f7b30be4390b5193 to remote] DEBUG org.asynchttpclient.netty.request.NettyRequestSender - Using pooled Channel '[id: 0x777f8a82, L:/127.0.0.1:52041 - R:localhost/127.0.0.1:51256]' for 'GET' to 'http://localhost:51256/session/1eedf3840d288438f7b30be4390b5193/element/ee461c49-2682-4023-9db2-dc79c4a06f41/name'
12:45:42.707 [Forwarding getElementTagName on session 1eedf3840d288438f7b30be4390b5193 to remote] DEBUG org.asynchttpclient.netty.request.NettyRequestSender - Using open Channel [id: 0x777f8a82, L:/127.0.0.1:52041 - R:localhost/127.0.0.1:51256] for GET '/session/1eedf3840d288438f7b30be4390b5193/element/ee461c49-2682-4023-9db2-dc79c4a06f41/name'
12:45:42.710 [AsyncHttpClient-1-8] DEBUG org.asynchttpclient.netty.handler.HttpHandler - 

Request DefaultFullHttpRequest(decodeResult: success, version: HTTP/1.1, content: EmptyByteBufBE)
GET /session/1eedf3840d288438f7b30be4390b5193/element/ee461c49-2682-4023-9db2-dc79c4a06f41/name HTTP/1.1
User-Agent: selenium/4.1.2 (java windows)
Cache-Control: no-cache
Content-Type: application/json; charset=utf-8
host: localhost:51256
accept: */*

Response DefaultHttpResponse(decodeResult: success, version: HTTP/1.1)
HTTP/1.1 200 OK
Content-Type: application/json; charset=utf-8
cache-control: no-cache
content-length: 13

12:45:42.710 [AsyncHttpClient-1-8] DEBUG org.asynchttpclient.netty.channel.ChannelManager - Adding key: http://localhost:51256 for channel [id: 0x777f8a82, L:/127.0.0.1:52041 - R:localhost/127.0.0.1:51256]
12:45:42.711 [Forwarding findElement on session 1eedf3840d288438f7b30be4390b5193 to remote] DEBUG org.asynchttpclient.netty.request.NettyRequestSender - Using pooled Channel '[id: 0x777f8a82, L:/127.0.0.1:52041 - R:localhost/127.0.0.1:51256]' for 'POST' to 'http://localhost:51256/session/1eedf3840d288438f7b30be4390b5193/element'
12:45:42.711 [Forwarding findElement on session 1eedf3840d288438f7b30be4390b5193 to remote] DEBUG org.asynchttpclient.netty.request.NettyRequestSender - Using open Channel [id: 0x777f8a82, L:/127.0.0.1:52041 - R:localhost/127.0.0.1:51256] for POST '/session/1eedf3840d288438f7b30be4390b5193/element'
12:45:42.724 [AsyncHttpClient-1-8] DEBUG org.asynchttpclient.netty.handler.HttpHandler - 

Request DefaultHttpRequest(decodeResult: success, version: HTTP/1.1)
POST /session/1eedf3840d288438f7b30be4390b5193/element HTTP/1.1
User-Agent: selenium/4.1.2 (java windows)
Content-Length: 97
Content-Type: application/json; charset=utf-8
host: localhost:51256
accept: */*

Response DefaultHttpResponse(decodeResult: success, version: HTTP/1.1)
HTTP/1.1 200 OK
Content-Type: application/json; charset=utf-8
cache-control: no-cache
content-length: 88

12:45:42.724 [AsyncHttpClient-1-8] DEBUG org.asynchttpclient.netty.channel.ChannelManager - Adding key: http://localhost:51256 for channel [id: 0x777f8a82, L:/127.0.0.1:52041 - R:localhost/127.0.0.1:51256]
12:45:42.725 [Forwarding clickElement on session 1eedf3840d288438f7b30be4390b5193 to remote] DEBUG org.asynchttpclient.netty.request.NettyRequestSender - Using pooled Channel '[id: 0x777f8a82, L:/127.0.0.1:52041 - R:localhost/127.0.0.1:51256]' for 'POST' to 'http://localhost:51256/session/1eedf3840d288438f7b30be4390b5193/element/ee461c49-2682-4023-9db2-dc79c4a06f41/click'
12:45:42.725 [Forwarding clickElement on session 1eedf3840d288438f7b30be4390b5193 to remote] DEBUG org.asynchttpclient.netty.request.NettyRequestSender - Using open Channel [id: 0x777f8a82, L:/127.0.0.1:52041 - R:localhost/127.0.0.1:51256] for POST '/session/1eedf3840d288438f7b30be4390b5193/element/ee461c49-2682-4023-9db2-dc79c4a06f41/click'
12:45:42.755 [AsyncHttpClient-1-8] DEBUG org.asynchttpclient.netty.handler.HttpHandler - 

Request DefaultHttpRequest(decodeResult: success, version: HTTP/1.1)
POST /session/1eedf3840d288438f7b30be4390b5193/element/ee461c49-2682-4023-9db2-dc79c4a06f41/click HTTP/1.1
User-Agent: selenium/4.1.2 (java windows)
Content-Length: 50
Content-Type: application/json; charset=utf-8
host: localhost:51256
accept: */*

Response DefaultHttpResponse(decodeResult: success, version: HTTP/1.1)
HTTP/1.1 200 OK
Content-Type: application/json; charset=utf-8
cache-control: no-cache
content-length: 14

12:45:42.755 [AsyncHttpClient-1-8] DEBUG org.asynchttpclient.netty.channel.ChannelManager - Adding key: http://localhost:51256 for channel [id: 0x777f8a82, L:/127.0.0.1:52041 - R:localhost/127.0.0.1:51256]
12:45:42.761 [Forwarding findElement on session 1eedf3840d288438f7b30be4390b5193 to remote] DEBUG org.asynchttpclient.netty.request.NettyRequestSender - Using pooled Channel '[id: 0x777f8a82, L:/127.0.0.1:52041 - R:localhost/127.0.0.1:51256]' for 'POST' to 'http://localhost:51256/session/1eedf3840d288438f7b30be4390b5193/element'
12:45:42.761 [Forwarding findElement on session 1eedf3840d288438f7b30be4390b5193 to remote] DEBUG org.asynchttpclient.netty.request.NettyRequestSender - Using open Channel [id: 0x777f8a82, L:/127.0.0.1:52041 - R:localhost/127.0.0.1:51256] for POST '/session/1eedf3840d288438f7b30be4390b5193/element'
12:45:42.787 [AsyncHttpClient-1-8] DEBUG org.asynchttpclient.netty.handler.HttpHandler - 

Request DefaultHttpRequest(decodeResult: success, version: HTTP/1.1)
POST /session/1eedf3840d288438f7b30be4390b5193/element HTTP/1.1
User-Agent: selenium/4.1.2 (java windows)
Content-Length: 88
Content-Type: application/json; charset=utf-8
host: localhost:51256
accept: */*

Response DefaultHttpResponse(decodeResult: success, version: HTTP/1.1)
HTTP/1.1 200 OK
Content-Type: application/json; charset=utf-8
cache-control: no-cache
content-length: 88

12:45:42.787 [AsyncHttpClient-1-8] DEBUG org.asynchttpclient.netty.channel.ChannelManager - Adding key: http://localhost:51256 for channel [id: 0x777f8a82, L:/127.0.0.1:52041 - R:localhost/127.0.0.1:51256]
12:45:42.789 [Forwarding clearElement on session 1eedf3840d288438f7b30be4390b5193 to remote] DEBUG org.asynchttpclient.netty.request.NettyRequestSender - Using pooled Channel '[id: 0x777f8a82, L:/127.0.0.1:52041 - R:localhost/127.0.0.1:51256]' for 'POST' to 'http://localhost:51256/session/1eedf3840d288438f7b30be4390b5193/element/43747720-3965-4ced-a821-dcfca5a7b9c0/clear'
12:45:42.789 [Forwarding clearElement on session 1eedf3840d288438f7b30be4390b5193 to remote] DEBUG org.asynchttpclient.netty.request.NettyRequestSender - Using open Channel [id: 0x777f8a82, L:/127.0.0.1:52041 - R:localhost/127.0.0.1:51256] for POST '/session/1eedf3840d288438f7b30be4390b5193/element/43747720-3965-4ced-a821-dcfca5a7b9c0/clear'
12:45:42.816 [AsyncHttpClient-1-8] DEBUG org.asynchttpclient.netty.handler.HttpHandler - 

Request DefaultHttpRequest(decodeResult: success, version: HTTP/1.1)
POST /session/1eedf3840d288438f7b30be4390b5193/element/43747720-3965-4ced-a821-dcfca5a7b9c0/clear HTTP/1.1
User-Agent: selenium/4.1.2 (java windows)
Content-Length: 50
Content-Type: application/json; charset=utf-8
host: localhost:51256
accept: */*

Response DefaultHttpResponse(decodeResult: success, version: HTTP/1.1)
HTTP/1.1 200 OK
Content-Type: application/json; charset=utf-8
cache-control: no-cache
content-length: 14

12:45:42.816 [AsyncHttpClient-1-8] DEBUG org.asynchttpclient.netty.channel.ChannelManager - Adding key: http://localhost:51256 for channel [id: 0x777f8a82, L:/127.0.0.1:52041 - R:localhost/127.0.0.1:51256]
12:45:42.818 [Forwarding sendKeysToElement on session 1eedf3840d288438f7b30be4390b5193 to remote] DEBUG org.asynchttpclient.netty.request.NettyRequestSender - Using pooled Channel '[id: 0x777f8a82, L:/127.0.0.1:52041 - R:localhost/127.0.0.1:51256]' for 'POST' to 'http://localhost:51256/session/1eedf3840d288438f7b30be4390b5193/element/43747720-3965-4ced-a821-dcfca5a7b9c0/value'
12:45:42.818 [Forwarding sendKeysToElement on session 1eedf3840d288438f7b30be4390b5193 to remote] DEBUG org.asynchttpclient.netty.request.NettyRequestSender - Using open Channel [id: 0x777f8a82, L:/127.0.0.1:52041 - R:localhost/127.0.0.1:51256] for POST '/session/1eedf3840d288438f7b30be4390b5193/element/43747720-3965-4ced-a821-dcfca5a7b9c0/value'
12:45:42.904 [AsyncHttpClient-1-8] DEBUG org.asynchttpclient.netty.handler.HttpHandler - 

Request DefaultHttpRequest(decodeResult: success, version: HTTP/1.1)
POST /session/1eedf3840d288438f7b30be4390b5193/element/43747720-3965-4ced-a821-dcfca5a7b9c0/value HTTP/1.1
User-Agent: selenium/4.1.2 (java windows)
Content-Length: 261
Content-Type: application/json; charset=utf-8
host: localhost:51256
accept: */*

Response DefaultHttpResponse(decodeResult: success, version: HTTP/1.1)
HTTP/1.1 200 OK
Content-Type: application/json; charset=utf-8
cache-control: no-cache
content-length: 14

12:45:42.904 [AsyncHttpClient-1-8] DEBUG org.asynchttpclient.netty.channel.ChannelManager - Adding key: http://localhost:51256 for channel [id: 0x777f8a82, L:/127.0.0.1:52041 - R:localhost/127.0.0.1:51256]
12:45:42.907 [Forwarding findElement on session 1eedf3840d288438f7b30be4390b5193 to remote] DEBUG org.asynchttpclient.netty.request.NettyRequestSender - Using pooled Channel '[id: 0x777f8a82, L:/127.0.0.1:52041 - R:localhost/127.0.0.1:51256]' for 'POST' to 'http://localhost:51256/session/1eedf3840d288438f7b30be4390b5193/element'
12:45:42.907 [Forwarding findElement on session 1eedf3840d288438f7b30be4390b5193 to remote] DEBUG org.asynchttpclient.netty.request.NettyRequestSender - Using open Channel [id: 0x777f8a82, L:/127.0.0.1:52041 - R:localhost/127.0.0.1:51256] for POST '/session/1eedf3840d288438f7b30be4390b5193/element'
12:45:42.918 [AsyncHttpClient-1-8] DEBUG org.asynchttpclient.netty.handler.HttpHandler - 

Request DefaultHttpRequest(decodeResult: success, version: HTTP/1.1)
POST /session/1eedf3840d288438f7b30be4390b5193/element HTTP/1.1
User-Agent: selenium/4.1.2 (java windows)
Content-Length: 91
Content-Type: application/json; charset=utf-8
host: localhost:51256
accept: */*

Response DefaultHttpResponse(decodeResult: success, version: HTTP/1.1)
HTTP/1.1 200 OK
Content-Type: application/json; charset=utf-8
cache-control: no-cache
content-length: 88

12:45:42.918 [AsyncHttpClient-1-8] DEBUG org.asynchttpclient.netty.channel.ChannelManager - Adding key: http://localhost:51256 for channel [id: 0x777f8a82, L:/127.0.0.1:52041 - R:localhost/127.0.0.1:51256]
12:45:42.918 [Forwarding clearElement on session 1eedf3840d288438f7b30be4390b5193 to remote] DEBUG org.asynchttpclient.netty.request.NettyRequestSender - Using pooled Channel '[id: 0x777f8a82, L:/127.0.0.1:52041 - R:localhost/127.0.0.1:51256]' for 'POST' to 'http://localhost:51256/session/1eedf3840d288438f7b30be4390b5193/element/d7143ee7-b85b-42e2-b277-9b024ce94c1c/clear'
12:45:42.918 [Forwarding clearElement on session 1eedf3840d288438f7b30be4390b5193 to remote] DEBUG org.asynchttpclient.netty.request.NettyRequestSender - Using open Channel [id: 0x777f8a82, L:/127.0.0.1:52041 - R:localhost/127.0.0.1:51256] for POST '/session/1eedf3840d288438f7b30be4390b5193/element/d7143ee7-b85b-42e2-b277-9b024ce94c1c/clear'
12:45:42.947 [AsyncHttpClient-1-8] DEBUG org.asynchttpclient.netty.handler.HttpHandler - 

Request DefaultHttpRequest(decodeResult: success, version: HTTP/1.1)
POST /session/1eedf3840d288438f7b30be4390b5193/element/d7143ee7-b85b-42e2-b277-9b024ce94c1c/clear HTTP/1.1
User-Agent: selenium/4.1.2 (java windows)
Content-Length: 50
Content-Type: application/json; charset=utf-8
host: localhost:51256
accept: */*

Response DefaultHttpResponse(decodeResult: success, version: HTTP/1.1)
HTTP/1.1 200 OK
Content-Type: application/json; charset=utf-8
cache-control: no-cache
content-length: 14

12:45:42.947 [AsyncHttpClient-1-8] DEBUG org.asynchttpclient.netty.channel.ChannelManager - Adding key: http://localhost:51256 for channel [id: 0x777f8a82, L:/127.0.0.1:52041 - R:localhost/127.0.0.1:51256]
12:45:42.949 [Forwarding sendKeysToElement on session 1eedf3840d288438f7b30be4390b5193 to remote] DEBUG org.asynchttpclient.netty.request.NettyRequestSender - Using pooled Channel '[id: 0x777f8a82, L:/127.0.0.1:52041 - R:localhost/127.0.0.1:51256]' for 'POST' to 'http://localhost:51256/session/1eedf3840d288438f7b30be4390b5193/element/d7143ee7-b85b-42e2-b277-9b024ce94c1c/value'
12:45:42.949 [Forwarding sendKeysToElement on session 1eedf3840d288438f7b30be4390b5193 to remote] DEBUG org.asynchttpclient.netty.request.NettyRequestSender - Using open Channel [id: 0x777f8a82, L:/127.0.0.1:52041 - R:localhost/127.0.0.1:51256] for POST '/session/1eedf3840d288438f7b30be4390b5193/element/d7143ee7-b85b-42e2-b277-9b024ce94c1c/value'
12:45:43.000 [AsyncHttpClient-1-8] DEBUG org.asynchttpclient.netty.handler.HttpHandler - 

Request DefaultHttpRequest(decodeResult: success, version: HTTP/1.1)
POST /session/1eedf3840d288438f7b30be4390b5193/element/d7143ee7-b85b-42e2-b277-9b024ce94c1c/value HTTP/1.1
User-Agent: selenium/4.1.2 (java windows)
Content-Length: 151
Content-Type: application/json; charset=utf-8
host: localhost:51256
accept: */*

Response DefaultHttpResponse(decodeResult: success, version: HTTP/1.1)
HTTP/1.1 200 OK
Content-Type: application/json; charset=utf-8
cache-control: no-cache
content-length: 14

12:45:43.000 [AsyncHttpClient-1-8] DEBUG org.asynchttpclient.netty.channel.ChannelManager - Adding key: http://localhost:51256 for channel [id: 0x777f8a82, L:/127.0.0.1:52041 - R:localhost/127.0.0.1:51256]
12:45:43.003 [Forwarding findElement on session 1eedf3840d288438f7b30be4390b5193 to remote] DEBUG org.asynchttpclient.netty.request.NettyRequestSender - Using pooled Channel '[id: 0x777f8a82, L:/127.0.0.1:52041 - R:localhost/127.0.0.1:51256]' for 'POST' to 'http://localhost:51256/session/1eedf3840d288438f7b30be4390b5193/element'
12:45:43.003 [Forwarding findElement on session 1eedf3840d288438f7b30be4390b5193 to remote] DEBUG org.asynchttpclient.netty.request.NettyRequestSender - Using open Channel [id: 0x777f8a82, L:/127.0.0.1:52041 - R:localhost/127.0.0.1:51256] for POST '/session/1eedf3840d288438f7b30be4390b5193/element'
12:45:43.014 [AsyncHttpClient-1-8] DEBUG org.asynchttpclient.netty.handler.HttpHandler - 

Request DefaultHttpRequest(decodeResult: success, version: HTTP/1.1)
POST /session/1eedf3840d288438f7b30be4390b5193/element HTTP/1.1
User-Agent: selenium/4.1.2 (java windows)
Content-Length: 141
Content-Type: application/json; charset=utf-8
host: localhost:51256
accept: */*

Response DefaultHttpResponse(decodeResult: success, version: HTTP/1.1)
HTTP/1.1 200 OK
Content-Type: application/json; charset=utf-8
cache-control: no-cache
content-length: 88

12:45:43.014 [AsyncHttpClient-1-8] DEBUG org.asynchttpclient.netty.channel.ChannelManager - Adding key: http://localhost:51256 for channel [id: 0x777f8a82, L:/127.0.0.1:52041 - R:localhost/127.0.0.1:51256]
12:45:43.015 [Forwarding getElementTagName on session 1eedf3840d288438f7b30be4390b5193 to remote] DEBUG org.asynchttpclient.netty.request.NettyRequestSender - Using pooled Channel '[id: 0x777f8a82, L:/127.0.0.1:52041 - R:localhost/127.0.0.1:51256]' for 'GET' to 'http://localhost:51256/session/1eedf3840d288438f7b30be4390b5193/element/15b2a86a-3f8a-4dde-8702-6f4c758dcfac/name'
12:45:43.015 [Forwarding getElementTagName on session 1eedf3840d288438f7b30be4390b5193 to remote] DEBUG org.asynchttpclient.netty.request.NettyRequestSender - Using open Channel [id: 0x777f8a82, L:/127.0.0.1:52041 - R:localhost/127.0.0.1:51256] for GET '/session/1eedf3840d288438f7b30be4390b5193/element/15b2a86a-3f8a-4dde-8702-6f4c758dcfac/name'
12:45:43.019 [AsyncHttpClient-1-8] DEBUG org.asynchttpclient.netty.handler.HttpHandler - 

Request DefaultFullHttpRequest(decodeResult: success, version: HTTP/1.1, content: EmptyByteBufBE)
GET /session/1eedf3840d288438f7b30be4390b5193/element/15b2a86a-3f8a-4dde-8702-6f4c758dcfac/name HTTP/1.1
User-Agent: selenium/4.1.2 (java windows)
Cache-Control: no-cache
Content-Type: application/json; charset=utf-8
host: localhost:51256
accept: */*

Response DefaultHttpResponse(decodeResult: success, version: HTTP/1.1)
HTTP/1.1 200 OK
Content-Type: application/json; charset=utf-8
cache-control: no-cache
content-length: 18

12:45:43.019 [AsyncHttpClient-1-8] DEBUG org.asynchttpclient.netty.channel.ChannelManager - Adding key: http://localhost:51256 for channel [id: 0x777f8a82, L:/127.0.0.1:52041 - R:localhost/127.0.0.1:51256]
12:45:43.019 [Forwarding getElementTagName on session 1eedf3840d288438f7b30be4390b5193 to remote] DEBUG org.asynchttpclient.netty.request.NettyRequestSender - Using pooled Channel '[id: 0x777f8a82, L:/127.0.0.1:52041 - R:localhost/127.0.0.1:51256]' for 'GET' to 'http://localhost:51256/session/1eedf3840d288438f7b30be4390b5193/element/15b2a86a-3f8a-4dde-8702-6f4c758dcfac/name'
12:45:43.019 [Forwarding getElementTagName on session 1eedf3840d288438f7b30be4390b5193 to remote] DEBUG org.asynchttpclient.netty.request.NettyRequestSender - Using open Channel [id: 0x777f8a82, L:/127.0.0.1:52041 - R:localhost/127.0.0.1:51256] for GET '/session/1eedf3840d288438f7b30be4390b5193/element/15b2a86a-3f8a-4dde-8702-6f4c758dcfac/name'
12:45:43.023 [AsyncHttpClient-1-8] DEBUG org.asynchttpclient.netty.handler.HttpHandler - 

Request DefaultFullHttpRequest(decodeResult: success, version: HTTP/1.1, content: EmptyByteBufBE)
GET /session/1eedf3840d288438f7b30be4390b5193/element/15b2a86a-3f8a-4dde-8702-6f4c758dcfac/name HTTP/1.1
User-Agent: selenium/4.1.2 (java windows)
Cache-Control: no-cache
Content-Type: application/json; charset=utf-8
host: localhost:51256
accept: */*

Response DefaultHttpResponse(decodeResult: success, version: HTTP/1.1)
HTTP/1.1 200 OK
Content-Type: application/json; charset=utf-8
cache-control: no-cache
content-length: 18

12:45:43.023 [AsyncHttpClient-1-8] DEBUG org.asynchttpclient.netty.channel.ChannelManager - Adding key: http://localhost:51256 for channel [id: 0x777f8a82, L:/127.0.0.1:52041 - R:localhost/127.0.0.1:51256]
12:45:43.024 [Forwarding isElementEnabled on session 1eedf3840d288438f7b30be4390b5193 to remote] DEBUG org.asynchttpclient.netty.request.NettyRequestSender - Using pooled Channel '[id: 0x777f8a82, L:/127.0.0.1:52041 - R:localhost/127.0.0.1:51256]' for 'GET' to 'http://localhost:51256/session/1eedf3840d288438f7b30be4390b5193/element/15b2a86a-3f8a-4dde-8702-6f4c758dcfac/enabled'
12:45:43.024 [Forwarding isElementEnabled on session 1eedf3840d288438f7b30be4390b5193 to remote] DEBUG org.asynchttpclient.netty.request.NettyRequestSender - Using open Channel [id: 0x777f8a82, L:/127.0.0.1:52041 - R:localhost/127.0.0.1:51256] for GET '/session/1eedf3840d288438f7b30be4390b5193/element/15b2a86a-3f8a-4dde-8702-6f4c758dcfac/enabled'
12:45:43.033 [AsyncHttpClient-1-8] DEBUG org.asynchttpclient.netty.handler.HttpHandler - 

Request DefaultFullHttpRequest(decodeResult: success, version: HTTP/1.1, content: EmptyByteBufBE)
GET /session/1eedf3840d288438f7b30be4390b5193/element/15b2a86a-3f8a-4dde-8702-6f4c758dcfac/enabled HTTP/1.1
User-Agent: selenium/4.1.2 (java windows)
Cache-Control: no-cache
Content-Type: application/json; charset=utf-8
host: localhost:51256
accept: */*

Response DefaultHttpResponse(decodeResult: success, version: HTTP/1.1)
HTTP/1.1 200 OK
Content-Type: application/json; charset=utf-8
cache-control: no-cache
content-length: 14

12:45:43.033 [AsyncHttpClient-1-8] DEBUG org.asynchttpclient.netty.channel.ChannelManager - Adding key: http://localhost:51256 for channel [id: 0x777f8a82, L:/127.0.0.1:52041 - R:localhost/127.0.0.1:51256]
12:45:43.035 [Forwarding isElementEnabled on session 1eedf3840d288438f7b30be4390b5193 to remote] DEBUG org.asynchttpclient.netty.request.NettyRequestSender - Using pooled Channel '[id: 0x777f8a82, L:/127.0.0.1:52041 - R:localhost/127.0.0.1:51256]' for 'GET' to 'http://localhost:51256/session/1eedf3840d288438f7b30be4390b5193/element/15b2a86a-3f8a-4dde-8702-6f4c758dcfac/enabled'
12:45:43.035 [Forwarding isElementEnabled on session 1eedf3840d288438f7b30be4390b5193 to remote] DEBUG org.asynchttpclient.netty.request.NettyRequestSender - Using open Channel [id: 0x777f8a82, L:/127.0.0.1:52041 - R:localhost/127.0.0.1:51256] for GET '/session/1eedf3840d288438f7b30be4390b5193/element/15b2a86a-3f8a-4dde-8702-6f4c758dcfac/enabled'
12:45:43.041 [AsyncHttpClient-1-8] DEBUG org.asynchttpclient.netty.handler.HttpHandler - 

Request DefaultFullHttpRequest(decodeResult: success, version: HTTP/1.1, content: EmptyByteBufBE)
GET /session/1eedf3840d288438f7b30be4390b5193/element/15b2a86a-3f8a-4dde-8702-6f4c758dcfac/enabled HTTP/1.1
User-Agent: selenium/4.1.2 (java windows)
Cache-Control: no-cache
Content-Type: application/json; charset=utf-8
host: localhost:51256
accept: */*

Response DefaultHttpResponse(decodeResult: success, version: HTTP/1.1)
HTTP/1.1 200 OK
Content-Type: application/json; charset=utf-8
cache-control: no-cache
content-length: 14

12:45:43.042 [AsyncHttpClient-1-8] DEBUG org.asynchttpclient.netty.channel.ChannelManager - Adding key: http://localhost:51256 for channel [id: 0x777f8a82, L:/127.0.0.1:52041 - R:localhost/127.0.0.1:51256]
12:45:43.044 [Forwarding findElement on session 1eedf3840d288438f7b30be4390b5193 to remote] DEBUG org.asynchttpclient.netty.request.NettyRequestSender - Using pooled Channel '[id: 0x777f8a82, L:/127.0.0.1:52041 - R:localhost/127.0.0.1:51256]' for 'POST' to 'http://localhost:51256/session/1eedf3840d288438f7b30be4390b5193/element'
12:45:43.044 [Forwarding findElement on session 1eedf3840d288438f7b30be4390b5193 to remote] DEBUG org.asynchttpclient.netty.request.NettyRequestSender - Using open Channel [id: 0x777f8a82, L:/127.0.0.1:52041 - R:localhost/127.0.0.1:51256] for POST '/session/1eedf3840d288438f7b30be4390b5193/element'
12:45:43.057 [AsyncHttpClient-1-8] DEBUG org.asynchttpclient.netty.handler.HttpHandler - 

Request DefaultHttpRequest(decodeResult: success, version: HTTP/1.1)
POST /session/1eedf3840d288438f7b30be4390b5193/element HTTP/1.1
User-Agent: selenium/4.1.2 (java windows)
Content-Length: 141
Content-Type: application/json; charset=utf-8
host: localhost:51256
accept: */*

Response DefaultHttpResponse(decodeResult: success, version: HTTP/1.1)
HTTP/1.1 200 OK
Content-Type: application/json; charset=utf-8
cache-control: no-cache
content-length: 88

12:45:43.057 [AsyncHttpClient-1-8] DEBUG org.asynchttpclient.netty.channel.ChannelManager - Adding key: http://localhost:51256 for channel [id: 0x777f8a82, L:/127.0.0.1:52041 - R:localhost/127.0.0.1:51256]
12:45:43.058 [Forwarding clickElement on session 1eedf3840d288438f7b30be4390b5193 to remote] DEBUG org.asynchttpclient.netty.request.NettyRequestSender - Using pooled Channel '[id: 0x777f8a82, L:/127.0.0.1:52041 - R:localhost/127.0.0.1:51256]' for 'POST' to 'http://localhost:51256/session/1eedf3840d288438f7b30be4390b5193/element/15b2a86a-3f8a-4dde-8702-6f4c758dcfac/click'
12:45:43.058 [Forwarding clickElement on session 1eedf3840d288438f7b30be4390b5193 to remote] DEBUG org.asynchttpclient.netty.request.NettyRequestSender - Using open Channel [id: 0x777f8a82, L:/127.0.0.1:52041 - R:localhost/127.0.0.1:51256] for POST '/session/1eedf3840d288438f7b30be4390b5193/element/15b2a86a-3f8a-4dde-8702-6f4c758dcfac/click'
12:45:43.098 [AsyncHttpClient-1-8] DEBUG org.asynchttpclient.netty.handler.HttpHandler - 

Request DefaultHttpRequest(decodeResult: success, version: HTTP/1.1)
POST /session/1eedf3840d288438f7b30be4390b5193/element/15b2a86a-3f8a-4dde-8702-6f4c758dcfac/click HTTP/1.1
User-Agent: selenium/4.1.2 (java windows)
Content-Length: 50
Content-Type: application/json; charset=utf-8
host: localhost:51256
accept: */*

Response DefaultHttpResponse(decodeResult: success, version: HTTP/1.1)
HTTP/1.1 200 OK
Content-Type: application/json; charset=utf-8
cache-control: no-cache
content-length: 14

12:45:43.098 [AsyncHttpClient-1-8] DEBUG org.asynchttpclient.netty.channel.ChannelManager - Adding key: http://localhost:51256 for channel [id: 0x777f8a82, L:/127.0.0.1:52041 - R:localhost/127.0.0.1:51256]
12:45:43.101 [Forwarding findElement on session 1eedf3840d288438f7b30be4390b5193 to remote] DEBUG org.asynchttpclient.netty.request.NettyRequestSender - Using pooled Channel '[id: 0x777f8a82, L:/127.0.0.1:52041 - R:localhost/127.0.0.1:51256]' for 'POST' to 'http://localhost:51256/session/1eedf3840d288438f7b30be4390b5193/element'
12:45:43.101 [Forwarding findElement on session 1eedf3840d288438f7b30be4390b5193 to remote] DEBUG org.asynchttpclient.netty.request.NettyRequestSender - Using open Channel [id: 0x777f8a82, L:/127.0.0.1:52041 - R:localhost/127.0.0.1:51256] for POST '/session/1eedf3840d288438f7b30be4390b5193/element'
12:45:43.109 [AsyncHttpClient-1-8] DEBUG org.asynchttpclient.netty.handler.HttpHandler - 

Request DefaultHttpRequest(decodeResult: success, version: HTTP/1.1)
POST /session/1eedf3840d288438f7b30be4390b5193/element HTTP/1.1
User-Agent: selenium/4.1.2 (java windows)
Content-Length: 77
Content-Type: application/json; charset=utf-8
host: localhost:51256
accept: */*

Response DefaultHttpResponse(decodeResult: success, version: HTTP/1.1)
HTTP/1.1 200 OK
Content-Type: application/json; charset=utf-8
cache-control: no-cache
content-length: 88

12:45:43.109 [AsyncHttpClient-1-8] DEBUG org.asynchttpclient.netty.channel.ChannelManager - Adding key: http://localhost:51256 for channel [id: 0x777f8a82, L:/127.0.0.1:52041 - R:localhost/127.0.0.1:51256]
12:45:43.112 [Forwarding isElementDisplayed on session 1eedf3840d288438f7b30be4390b5193 to remote] DEBUG org.asynchttpclient.netty.request.NettyRequestSender - Using pooled Channel '[id: 0x777f8a82, L:/127.0.0.1:52041 - R:localhost/127.0.0.1:51256]' for 'POST' to 'http://localhost:51256/session/1eedf3840d288438f7b30be4390b5193/execute/sync'
12:45:43.112 [Forwarding isElementDisplayed on session 1eedf3840d288438f7b30be4390b5193 to remote] DEBUG org.asynchttpclient.netty.request.NettyRequestSender - Using open Channel [id: 0x777f8a82, L:/127.0.0.1:52041 - R:localhost/127.0.0.1:51256] for POST '/session/1eedf3840d288438f7b30be4390b5193/execute/sync'
12:45:43.124 [AsyncHttpClient-1-8] DEBUG org.asynchttpclient.netty.handler.HttpHandler - 

Request DefaultHttpRequest(decodeResult: success, version: HTTP/1.1)
POST /session/1eedf3840d288438f7b30be4390b5193/execute/sync HTTP/1.1
User-Agent: selenium/4.1.2 (java windows)
Content-Length: 48780
Content-Type: application/json; charset=utf-8
host: localhost:51256
accept: */*

Response DefaultHttpResponse(decodeResult: success, version: HTTP/1.1)
HTTP/1.1 200 OK
Content-Type: application/json; charset=utf-8
cache-control: no-cache
content-length: 14

12:45:43.124 [AsyncHttpClient-1-8] DEBUG org.asynchttpclient.netty.channel.ChannelManager - Adding key: http://localhost:51256 for channel [id: 0x777f8a82, L:/127.0.0.1:52041 - R:localhost/127.0.0.1:51256]
  &amp#27;[32mGiven &amp#27;[0m&amp#27;[32mI have logged in&amp#27;[0m            &amp#27;[90m# starter.stepdefinition.LogoutStep.iHaveLoggedIn()&amp#27;[0m
12:45:43.127 [main] DEBUG net.serenitybdd.core.photography.Darkroom - Opening darkroom
12:45:43.127 [Forwarding screenshot on session 1eedf3840d288438f7b30be4390b5193 to remote] DEBUG org.asynchttpclient.netty.request.NettyRequestSender - Using pooled Channel '[id: 0x777f8a82, L:/127.0.0.1:52041 - R:localhost/127.0.0.1:51256]' for 'GET' to 'http://localhost:51256/session/1eedf3840d288438f7b30be4390b5193/screenshot'
12:45:43.129 [Forwarding screenshot on session 1eedf3840d288438f7b30be4390b5193 to remote] DEBUG org.asynchttpclient.netty.request.NettyRequestSender - Using open Channel [id: 0x777f8a82, L:/127.0.0.1:52041 - R:localhost/127.0.0.1:51256] for GET '/session/1eedf3840d288438f7b30be4390b5193/screenshot'
12:45:43.129 [Darkroom Processing Line] DEBUG net.serenitybdd.core.photography.DarkroomProcessingLine - Darkroom processing line starting up
12:45:43.333 [AsyncHttpClient-1-8] DEBUG org.asynchttpclient.netty.handler.HttpHandler - 

Request DefaultFullHttpRequest(decodeResult: success, version: HTTP/1.1, content: EmptyByteBufBE)
GET /session/1eedf3840d288438f7b30be4390b5193/screenshot HTTP/1.1
User-Agent: selenium/4.1.2 (java windows)
Cache-Control: no-cache
Content-Type: application/json; charset=utf-8
host: localhost:51256
accept: */*

Response DefaultHttpResponse(decodeResult: success, version: HTTP/1.1)
HTTP/1.1 200 OK
Content-Type: application/json; charset=utf-8
cache-control: no-cache
content-length: 40312

12:45:43.333 [AsyncHttpClient-1-8] DEBUG org.asynchttpclient.netty.channel.ChannelManager - Adding key: http://localhost:51256 for channel [id: 0x777f8a82, L:/127.0.0.1:52041 - R:localhost/127.0.0.1:51256]
12:45:43.334 [main] DEBUG net.serenitybdd.core.photography.Darkroom - Send negative for processing for target\site\serenity\2a79a1f69c89b3bcc0ef6e75d87038976ed6166e004c548661be08a2057a55c5.png
12:45:43.335 [Darkroom Processing Line] DEBUG net.serenitybdd.core.photography.DarkroomProcessingLine - Processing screenshot image in /var/screenshots/screenshot-16441790797015042261
12:45:43.335 [Darkroom Processing Line] DEBUG net.serenitybdd.core.photography.DarkroomProcessingLine - Saving screenshot to target\site\serenity\2a79a1f69c89b3bcc0ef6e75d87038976ed6166e004c548661be08a2057a55c5.png
12:45:43.340 [Forwarding findElement on session 1eedf3840d288438f7b30be4390b5193 to remote] DEBUG org.asynchttpclient.netty.request.NettyRequestSender - Using pooled Channel '[id: 0x777f8a82, L:/127.0.0.1:52041 - R:localhost/127.0.0.1:51256]' for 'POST' to 'http://localhost:51256/session/1eedf3840d288438f7b30be4390b5193/element'
12:45:43.340 [Forwarding findElement on session 1eedf3840d288438f7b30be4390b5193 to remote] DEBUG org.asynchttpclient.netty.request.NettyRequestSender - Using open Channel [id: 0x777f8a82, L:/127.0.0.1:52041 - R:localhost/127.0.0.1:51256] for POST '/session/1eedf3840d288438f7b30be4390b5193/element'
12:45:43.547 [AsyncHttpClient-1-1] DEBUG org.asynchttpclient.netty.channel.DefaultChannelPool - Entry count for : http://localhost:52042 : 1
12:45:44.411 [AsyncHttpClient-1-8] DEBUG org.asynchttpclient.netty.handler.HttpHandler - 

Request DefaultHttpRequest(decodeResult: success, version: HTTP/1.1)
POST /session/1eedf3840d288438f7b30be4390b5193/element HTTP/1.1
User-Agent: selenium/4.1.2 (java windows)
Content-Length: 94
Content-Type: application/json; charset=utf-8
host: localhost:51256
accept: */*

Response DefaultHttpResponse(decodeResult: success, version: HTTP/1.1)
HTTP/1.1 200 OK
Content-Type: application/json; charset=utf-8
cache-control: no-cache
content-length: 88

12:45:44.411 [AsyncHttpClient-1-8] DEBUG org.asynchttpclient.netty.channel.ChannelManager - Adding key: http://localhost:51256 for channel [id: 0x777f8a82, L:/127.0.0.1:52041 - R:localhost/127.0.0.1:51256]
12:45:44.412 [Forwarding getElementTagName on session 1eedf3840d288438f7b30be4390b5193 to remote] DEBUG org.asynchttpclient.netty.request.NettyRequestSender - Using pooled Channel '[id: 0x777f8a82, L:/127.0.0.1:52041 - R:localhost/127.0.0.1:51256]' for 'GET' to 'http://localhost:51256/session/1eedf3840d288438f7b30be4390b5193/element/86411813-2f02-4953-900f-903ba712f2fd/name'
12:45:44.412 [Forwarding getElementTagName on session 1eedf3840d288438f7b30be4390b5193 to remote] DEBUG org.asynchttpclient.netty.request.NettyRequestSender - Using open Channel [id: 0x777f8a82, L:/127.0.0.1:52041 - R:localhost/127.0.0.1:51256] for GET '/session/1eedf3840d288438f7b30be4390b5193/element/86411813-2f02-4953-900f-903ba712f2fd/name'
12:45:44.419 [AsyncHttpClient-1-8] DEBUG org.asynchttpclient.netty.handler.HttpHandler - 

Request DefaultFullHttpRequest(decodeResult: success, version: HTTP/1.1, content: EmptyByteBufBE)
GET /session/1eedf3840d288438f7b30be4390b5193/element/86411813-2f02-4953-900f-903ba712f2fd/name HTTP/1.1
User-Agent: selenium/4.1.2 (java windows)
Cache-Control: no-cache
Content-Type: application/json; charset=utf-8
host: localhost:51256
accept: */*

Response DefaultHttpResponse(decodeResult: success, version: HTTP/1.1)
HTTP/1.1 200 OK
Content-Type: application/json; charset=utf-8
cache-control: no-cache
content-length: 13

12:45:44.419 [AsyncHttpClient-1-8] DEBUG org.asynchttpclient.netty.channel.ChannelManager - Adding key: http://localhost:51256 for channel [id: 0x777f8a82, L:/127.0.0.1:52041 - R:localhost/127.0.0.1:51256]
12:45:44.420 [Forwarding getElementTagName on session 1eedf3840d288438f7b30be4390b5193 to remote] DEBUG org.asynchttpclient.netty.request.NettyRequestSender - Using pooled Channel '[id: 0x777f8a82, L:/127.0.0.1:52041 - R:localhost/127.0.0.1:51256]' for 'GET' to 'http://localhost:51256/session/1eedf3840d288438f7b30be4390b5193/element/86411813-2f02-4953-900f-903ba712f2fd/name'
12:45:44.420 [Forwarding getElementTagName on session 1eedf3840d288438f7b30be4390b5193 to remote] DEBUG org.asynchttpclient.netty.request.NettyRequestSender - Using open Channel [id: 0x777f8a82, L:/127.0.0.1:52041 - R:localhost/127.0.0.1:51256] for GET '/session/1eedf3840d288438f7b30be4390b5193/element/86411813-2f02-4953-900f-903ba712f2fd/name'
12:45:44.423 [AsyncHttpClient-1-8] DEBUG org.asynchttpclient.netty.handler.HttpHandler - 

Request DefaultFullHttpRequest(decodeResult: success, version: HTTP/1.1, content: EmptyByteBufBE)
GET /session/1eedf3840d288438f7b30be4390b5193/element/86411813-2f02-4953-900f-903ba712f2fd/name HTTP/1.1
User-Agent: selenium/4.1.2 (java windows)
Cache-Control: no-cache
Content-Type: application/json; charset=utf-8
host: localhost:51256
accept: */*

Response DefaultHttpResponse(decodeResult: success, version: HTTP/1.1)
HTTP/1.1 200 OK
Content-Type: application/json; charset=utf-8
cache-control: no-cache
content-length: 13

12:45:44.423 [AsyncHttpClient-1-8] DEBUG org.asynchttpclient.netty.channel.ChannelManager - Adding key: http://localhost:51256 for channel [id: 0x777f8a82, L:/127.0.0.1:52041 - R:localhost/127.0.0.1:51256]
12:45:44.424 [Forwarding findElement on session 1eedf3840d288438f7b30be4390b5193 to remote] DEBUG org.asynchttpclient.netty.request.NettyRequestSender - Using pooled Channel '[id: 0x777f8a82, L:/127.0.0.1:52041 - R:localhost/127.0.0.1:51256]' for 'POST' to 'http://localhost:51256/session/1eedf3840d288438f7b30be4390b5193/element'
12:45:44.424 [Forwarding findElement on session 1eedf3840d288438f7b30be4390b5193 to remote] DEBUG org.asynchttpclient.netty.request.NettyRequestSender - Using open Channel [id: 0x777f8a82, L:/127.0.0.1:52041 - R:localhost/127.0.0.1:51256] for POST '/session/1eedf3840d288438f7b30be4390b5193/element'
12:45:44.431 [AsyncHttpClient-1-8] DEBUG org.asynchttpclient.netty.handler.HttpHandler - 

Request DefaultHttpRequest(decodeResult: success, version: HTTP/1.1)
POST /session/1eedf3840d288438f7b30be4390b5193/element HTTP/1.1
User-Agent: selenium/4.1.2 (java windows)
Content-Length: 94
Content-Type: application/json; charset=utf-8
host: localhost:51256
accept: */*

Response DefaultHttpResponse(decodeResult: success, version: HTTP/1.1)
HTTP/1.1 200 OK
Content-Type: application/json; charset=utf-8
cache-control: no-cache
content-length: 88

12:45:44.431 [AsyncHttpClient-1-8] DEBUG org.asynchttpclient.netty.channel.ChannelManager - Adding key: http://localhost:51256 for channel [id: 0x777f8a82, L:/127.0.0.1:52041 - R:localhost/127.0.0.1:51256]
12:45:44.432 [Forwarding clickElement on session 1eedf3840d288438f7b30be4390b5193 to remote] DEBUG org.asynchttpclient.netty.request.NettyRequestSender - Using pooled Channel '[id: 0x777f8a82, L:/127.0.0.1:52041 - R:localhost/127.0.0.1:51256]' for 'POST' to 'http://localhost:51256/session/1eedf3840d288438f7b30be4390b5193/element/86411813-2f02-4953-900f-903ba712f2fd/click'
12:45:44.432 [Forwarding clickElement on session 1eedf3840d288438f7b30be4390b5193 to remote] DEBUG org.asynchttpclient.netty.request.NettyRequestSender - Using open Channel [id: 0x777f8a82, L:/127.0.0.1:52041 - R:localhost/127.0.0.1:51256] for POST '/session/1eedf3840d288438f7b30be4390b5193/element/86411813-2f02-4953-900f-903ba712f2fd/click'
12:45:44.461 [AsyncHttpClient-1-8] DEBUG org.asynchttpclient.netty.handler.HttpHandler - 

Request DefaultHttpRequest(decodeResult: success, version: HTTP/1.1)
POST /session/1eedf3840d288438f7b30be4390b5193/element/86411813-2f02-4953-900f-903ba712f2fd/click HTTP/1.1
User-Agent: selenium/4.1.2 (java windows)
Content-Length: 50
Content-Type: application/json; charset=utf-8
host: localhost:51256
accept: */*

Response DefaultHttpResponse(decodeResult: success, version: HTTP/1.1)
HTTP/1.1 200 OK
Content-Type: application/json; charset=utf-8
cache-control: no-cache
content-length: 14

12:45:44.461 [AsyncHttpClient-1-8] DEBUG org.asynchttpclient.netty.channel.ChannelManager - Adding key: http://localhost:51256 for channel [id: 0x777f8a82, L:/127.0.0.1:52041 - R:localhost/127.0.0.1:51256]
  &amp#27;[32mWhen &amp#27;[0m&amp#27;[32mI click profile icon&amp#27;[0m         &amp#27;[90m# starter.stepdefinition.LogoutStep.iClickProfileIcon()&amp#27;[0m
12:45:44.464 [Forwarding screenshot on session 1eedf3840d288438f7b30be4390b5193 to remote] DEBUG org.asynchttpclient.netty.request.NettyRequestSender - Using pooled Channel '[id: 0x777f8a82, L:/127.0.0.1:52041 - R:localhost/127.0.0.1:51256]' for 'GET' to 'http://localhost:51256/session/1eedf3840d288438f7b30be4390b5193/screenshot'
12:45:44.464 [Forwarding screenshot on session 1eedf3840d288438f7b30be4390b5193 to remote] DEBUG org.asynchttpclient.netty.request.NettyRequestSender - Using open Channel [id: 0x777f8a82, L:/127.0.0.1:52041 - R:localhost/127.0.0.1:51256] for GET '/session/1eedf3840d288438f7b30be4390b5193/screenshot'
12:45:44.646 [AsyncHttpClient-1-1] DEBUG org.asynchttpclient.netty.channel.DefaultChannelPool - Entry count for : http://localhost:52042 : 1
12:45:44.652 [AsyncHttpClient-1-8] DEBUG org.asynchttpclient.netty.handler.HttpHandler - 

Request DefaultFullHttpRequest(decodeResult: success, version: HTTP/1.1, content: EmptyByteBufBE)
GET /session/1eedf3840d288438f7b30be4390b5193/screenshot HTTP/1.1
User-Agent: selenium/4.1.2 (java windows)
Cache-Control: no-cache
Content-Type: application/json; charset=utf-8
host: localhost:51256
accept: */*

Response DefaultHttpResponse(decodeResult: success, version: HTTP/1.1)
HTTP/1.1 200 OK
Content-Type: application/json; charset=utf-8
cache-control: no-cache
content-length: 29872

12:45:44.653 [AsyncHttpClient-1-8] DEBUG org.asynchttpclient.netty.channel.ChannelManager - Adding key: http://localhost:51256 for channel [id: 0x777f8a82, L:/127.0.0.1:52041 - R:localhost/127.0.0.1:51256]
12:45:44.654 [main] DEBUG net.serenitybdd.core.photography.Darkroom - Send negative for processing for target\site\serenity\05a913307d65b32e57f84421902d7ff61ecc7aaa116e42a0b1f556b6ac870afe.png
12:45:44.655 [Darkroom Processing Line] DEBUG net.serenitybdd.core.photography.DarkroomProcessingLine - Processing screenshot image in /var/screenshots/screenshot-2579032744793429490
12:45:44.655 [Darkroom Processing Line] DEBUG net.serenitybdd.core.photography.DarkroomProcessingLine - Saving screenshot to target\site\serenity\05a913307d65b32e57f84421902d7ff61ecc7aaa116e42a0b1f556b6ac870afe.png
12:45:44.663 [Forwarding findElement on session 1eedf3840d288438f7b30be4390b5193 to remote] DEBUG org.asynchttpclient.netty.request.NettyRequestSender - Using pooled Channel '[id: 0x777f8a82, L:/127.0.0.1:52041 - R:localhost/127.0.0.1:51256]' for 'POST' to 'http://localhost:51256/session/1eedf3840d288438f7b30be4390b5193/element'
12:45:44.663 [Forwarding findElement on session 1eedf3840d288438f7b30be4390b5193 to remote] DEBUG org.asynchttpclient.netty.request.NettyRequestSender - Using open Channel [id: 0x777f8a82, L:/127.0.0.1:52041 - R:localhost/127.0.0.1:51256] for POST '/session/1eedf3840d288438f7b30be4390b5193/element'
12:45:44.671 [AsyncHttpClient-1-8] DEBUG org.asynchttpclient.netty.handler.HttpHandler - 

Request DefaultHttpRequest(decodeResult: success, version: HTTP/1.1)
POST /session/1eedf3840d288438f7b30be4390b5193/element HTTP/1.1
User-Agent: selenium/4.1.2 (java windows)
Content-Length: 107
Content-Type: application/json; charset=utf-8
host: localhost:51256
accept: */*

Response DefaultHttpResponse(decodeResult: success, version: HTTP/1.1)
HTTP/1.1 200 OK
Content-Type: application/json; charset=utf-8
cache-control: no-cache
content-length: 88

12:45:44.672 [AsyncHttpClient-1-8] DEBUG org.asynchttpclient.netty.channel.ChannelManager - Adding key: http://localhost:51256 for channel [id: 0x777f8a82, L:/127.0.0.1:52041 - R:localhost/127.0.0.1:51256]
12:45:44.672 [Forwarding getElementTagName on session 1eedf3840d288438f7b30be4390b5193 to remote] DEBUG org.asynchttpclient.netty.request.NettyRequestSender - Using pooled Channel '[id: 0x777f8a82, L:/127.0.0.1:52041 - R:localhost/127.0.0.1:51256]' for 'GET' to 'http://localhost:51256/session/1eedf3840d288438f7b30be4390b5193/element/de2d658a-d19c-407f-a1b5-79b48f9b2f62/name'
12:45:44.672 [Forwarding getElementTagName on session 1eedf3840d288438f7b30be4390b5193 to remote] DEBUG org.asynchttpclient.netty.request.NettyRequestSender - Using open Channel [id: 0x777f8a82, L:/127.0.0.1:52041 - R:localhost/127.0.0.1:51256] for GET '/session/1eedf3840d288438f7b30be4390b5193/element/de2d658a-d19c-407f-a1b5-79b48f9b2f62/name'
12:45:44.682 [AsyncHttpClient-1-8] DEBUG org.asynchttpclient.netty.handler.HttpHandler - 

Request DefaultFullHttpRequest(decodeResult: success, version: HTTP/1.1, content: EmptyByteBufBE)
GET /session/1eedf3840d288438f7b30be4390b5193/element/de2d658a-d19c-407f-a1b5-79b48f9b2f62/name HTTP/1.1
User-Agent: selenium/4.1.2 (java windows)
Cache-Control: no-cache
Content-Type: application/json; charset=utf-8
host: localhost:51256
accept: */*

Response DefaultHttpResponse(decodeResult: success, version: HTTP/1.1)
HTTP/1.1 200 OK
Content-Type: application/json; charset=utf-8
cache-control: no-cache
content-length: 13

12:45:44.682 [AsyncHttpClient-1-8] DEBUG org.asynchttpclient.netty.channel.ChannelManager - Adding key: http://localhost:51256 for channel [id: 0x777f8a82, L:/127.0.0.1:52041 - R:localhost/127.0.0.1:51256]
12:45:44.683 [Forwarding getElementTagName on session 1eedf3840d288438f7b30be4390b5193 to remote] DEBUG org.asynchttpclient.netty.request.NettyRequestSender - Using pooled Channel '[id: 0x777f8a82, L:/127.0.0.1:52041 - R:localhost/127.0.0.1:51256]' for 'GET' to 'http://localhost:51256/session/1eedf3840d288438f7b30be4390b5193/element/de2d658a-d19c-407f-a1b5-79b48f9b2f62/name'
12:45:44.683 [Forwarding getElementTagName on session 1eedf3840d288438f7b30be4390b5193 to remote] DEBUG org.asynchttpclient.netty.request.NettyRequestSender - Using open Channel [id: 0x777f8a82, L:/127.0.0.1:52041 - R:localhost/127.0.0.1:51256] for GET '/session/1eedf3840d288438f7b30be4390b5193/element/de2d658a-d19c-407f-a1b5-79b48f9b2f62/name'
12:45:44.688 [AsyncHttpClient-1-8] DEBUG org.asynchttpclient.netty.handler.HttpHandler - 

Request DefaultFullHttpRequest(decodeResult: success, version: HTTP/1.1, content: EmptyByteBufBE)
GET /session/1eedf3840d288438f7b30be4390b5193/element/de2d658a-d19c-407f-a1b5-79b48f9b2f62/name HTTP/1.1
User-Agent: selenium/4.1.2 (java windows)
Cache-Control: no-cache
Content-Type: application/json; charset=utf-8
host: localhost:51256
accept: */*

Response DefaultHttpResponse(decodeResult: success, version: HTTP/1.1)
HTTP/1.1 200 OK
Content-Type: application/json; charset=utf-8
cache-control: no-cache
content-length: 13

12:45:44.688 [AsyncHttpClient-1-8] DEBUG org.asynchttpclient.netty.channel.ChannelManager - Adding key: http://localhost:51256 for channel [id: 0x777f8a82, L:/127.0.0.1:52041 - R:localhost/127.0.0.1:51256]
12:45:44.689 [Forwarding findElement on session 1eedf3840d288438f7b30be4390b5193 to remote] DEBUG org.asynchttpclient.netty.request.NettyRequestSender - Using pooled Channel '[id: 0x777f8a82, L:/127.0.0.1:52041 - R:localhost/127.0.0.1:51256]' for 'POST' to 'http://localhost:51256/session/1eedf3840d288438f7b30be4390b5193/element'
12:45:44.689 [Forwarding findElement on session 1eedf3840d288438f7b30be4390b5193 to remote] DEBUG org.asynchttpclient.netty.request.NettyRequestSender - Using open Channel [id: 0x777f8a82, L:/127.0.0.1:52041 - R:localhost/127.0.0.1:51256] for POST '/session/1eedf3840d288438f7b30be4390b5193/element'
12:45:44.700 [AsyncHttpClient-1-8] DEBUG org.asynchttpclient.netty.handler.HttpHandler - 

Request DefaultHttpRequest(decodeResult: success, version: HTTP/1.1)
POST /session/1eedf3840d288438f7b30be4390b5193/element HTTP/1.1
User-Agent: selenium/4.1.2 (java windows)
Content-Length: 107
Content-Type: application/json; charset=utf-8
host: localhost:51256
accept: */*

Response DefaultHttpResponse(decodeResult: success, version: HTTP/1.1)
HTTP/1.1 200 OK
Content-Type: application/json; charset=utf-8
cache-control: no-cache
content-length: 88

12:45:44.700 [AsyncHttpClient-1-8] DEBUG org.asynchttpclient.netty.channel.ChannelManager - Adding key: http://localhost:51256 for channel [id: 0x777f8a82, L:/127.0.0.1:52041 - R:localhost/127.0.0.1:51256]
12:45:44.700 [Forwarding clickElement on session 1eedf3840d288438f7b30be4390b5193 to remote] DEBUG org.asynchttpclient.netty.request.NettyRequestSender - Using pooled Channel '[id: 0x777f8a82, L:/127.0.0.1:52041 - R:localhost/127.0.0.1:51256]' for 'POST' to 'http://localhost:51256/session/1eedf3840d288438f7b30be4390b5193/element/de2d658a-d19c-407f-a1b5-79b48f9b2f62/click'
12:45:44.700 [Forwarding clickElement on session 1eedf3840d288438f7b30be4390b5193 to remote] DEBUG org.asynchttpclient.netty.request.NettyRequestSender - Using open Channel [id: 0x777f8a82, L:/127.0.0.1:52041 - R:localhost/127.0.0.1:51256] for POST '/session/1eedf3840d288438f7b30be4390b5193/element/de2d658a-d19c-407f-a1b5-79b48f9b2f62/click'
12:45:44.753 [AsyncHttpClient-1-8] DEBUG org.asynchttpclient.netty.handler.HttpHandler - 

Request DefaultHttpRequest(decodeResult: success, version: HTTP/1.1)
POST /session/1eedf3840d288438f7b30be4390b5193/element/de2d658a-d19c-407f-a1b5-79b48f9b2f62/click HTTP/1.1
User-Agent: selenium/4.1.2 (java windows)
Content-Length: 50
Content-Type: application/json; charset=utf-8
host: localhost:51256
accept: */*

Response DefaultHttpResponse(decodeResult: success, version: HTTP/1.1)
HTTP/1.1 200 OK
Content-Type: application/json; charset=utf-8
cache-control: no-cache
content-length: 14

12:45:44.754 [AsyncHttpClient-1-8] DEBUG org.asynchttpclient.netty.channel.ChannelManager - Adding key: http://localhost:51256 for channel [id: 0x777f8a82, L:/127.0.0.1:52041 - R:localhost/127.0.0.1:51256]
  &amp#27;[32mAnd &amp#27;[0m&amp#27;[32mI click logout text&amp#27;[0m           &amp#27;[90m# starter.stepdefinition.LogoutStep.iClickLogoutText()&amp#27;[0m
12:45:44.763 [Forwarding screenshot on session 1eedf3840d288438f7b30be4390b5193 to remote] DEBUG org.asynchttpclient.netty.request.NettyRequestSender - Using pooled Channel '[id: 0x777f8a82, L:/127.0.0.1:52041 - R:localhost/127.0.0.1:51256]' for 'GET' to 'http://localhost:51256/session/1eedf3840d288438f7b30be4390b5193/screenshot'
12:45:44.763 [Forwarding screenshot on session 1eedf3840d288438f7b30be4390b5193 to remote] DEBUG org.asynchttpclient.netty.request.NettyRequestSender - Using open Channel [id: 0x777f8a82, L:/127.0.0.1:52041 - R:localhost/127.0.0.1:51256] for GET '/session/1eedf3840d288438f7b30be4390b5193/screenshot'
12:45:44.873 [AsyncHttpClient-1-8] DEBUG org.asynchttpclient.netty.handler.HttpHandler - 

Request DefaultFullHttpRequest(decodeResult: success, version: HTTP/1.1, content: EmptyByteBufBE)
GET /session/1eedf3840d288438f7b30be4390b5193/screenshot HTTP/1.1
User-Agent: selenium/4.1.2 (java windows)
Cache-Control: no-cache
Content-Type: application/json; charset=utf-8
host: localhost:51256
accept: */*

Response DefaultHttpResponse(decodeResult: success, version: HTTP/1.1)
HTTP/1.1 200 OK
Content-Type: application/json; charset=utf-8
cache-control: no-cache
content-length: 32128

12:45:44.873 [AsyncHttpClient-1-8] DEBUG org.asynchttpclient.netty.channel.ChannelManager - Adding key: http://localhost:51256 for channel [id: 0x777f8a82, L:/127.0.0.1:52041 - R:localhost/127.0.0.1:51256]
12:45:44.874 [main] DEBUG net.serenitybdd.core.photography.Darkroom - Send negative for processing for target\site\serenity\ebe96207e65d73a5bef5dc8905e3b193e395c64cf379c42ddb53bb10c8654cb8.png
12:45:44.874 [Darkroom Processing Line] DEBUG net.serenitybdd.core.photography.DarkroomProcessingLine - Processing screenshot image in /var/screenshots/screenshot-1403777804982969876
12:45:44.874 [Darkroom Processing Line] DEBUG net.serenitybdd.core.photography.DarkroomProcessingLine - Saving screenshot to target\site\serenity\ebe96207e65d73a5bef5dc8905e3b193e395c64cf379c42ddb53bb10c8654cb8.png
12:45:44.879 [Forwarding findElement on session 1eedf3840d288438f7b30be4390b5193 to remote] DEBUG org.asynchttpclient.netty.request.NettyRequestSender - Using pooled Channel '[id: 0x777f8a82, L:/127.0.0.1:52041 - R:localhost/127.0.0.1:51256]' for 'POST' to 'http://localhost:51256/session/1eedf3840d288438f7b30be4390b5193/element'
12:45:44.879 [Forwarding findElement on session 1eedf3840d288438f7b30be4390b5193 to remote] DEBUG org.asynchttpclient.netty.request.NettyRequestSender - Using open Channel [id: 0x777f8a82, L:/127.0.0.1:52041 - R:localhost/127.0.0.1:51256] for POST '/session/1eedf3840d288438f7b30be4390b5193/element'
12:45:44.885 [AsyncHttpClient-1-8] DEBUG org.asynchttpclient.netty.handler.HttpHandler - 

Request DefaultHttpRequest(decodeResult: success, version: HTTP/1.1)
POST /session/1eedf3840d288438f7b30be4390b5193/element HTTP/1.1
User-Agent: selenium/4.1.2 (java windows)
Content-Length: 77
Content-Type: application/json; charset=utf-8
host: localhost:51256
accept: */*

Response DefaultHttpResponse(decodeResult: success, version: HTTP/1.1)
HTTP/1.1 200 OK
Content-Type: application/json; charset=utf-8
cache-control: no-cache
content-length: 88

12:45:44.886 [AsyncHttpClient-1-8] DEBUG org.asynchttpclient.netty.channel.ChannelManager - Adding key: http://localhost:51256 for channel [id: 0x777f8a82, L:/127.0.0.1:52041 - R:localhost/127.0.0.1:51256]
12:45:44.888 [Forwarding isElementDisplayed on session 1eedf3840d288438f7b30be4390b5193 to remote] DEBUG org.asynchttpclient.netty.request.NettyRequestSender - Using pooled Channel '[id: 0x777f8a82, L:/127.0.0.1:52041 - R:localhost/127.0.0.1:51256]' for 'POST' to 'http://localhost:51256/session/1eedf3840d288438f7b30be4390b5193/execute/sync'
12:45:44.888 [Forwarding isElementDisplayed on session 1eedf3840d288438f7b30be4390b5193 to remote] DEBUG org.asynchttpclient.netty.request.NettyRequestSender - Using open Channel [id: 0x777f8a82, L:/127.0.0.1:52041 - R:localhost/127.0.0.1:51256] for POST '/session/1eedf3840d288438f7b30be4390b5193/execute/sync'
12:45:44.898 [AsyncHttpClient-1-8] DEBUG org.asynchttpclient.netty.handler.HttpHandler - 

Request DefaultHttpRequest(decodeResult: success, version: HTTP/1.1)
POST /session/1eedf3840d288438f7b30be4390b5193/execute/sync HTTP/1.1
User-Agent: selenium/4.1.2 (java windows)
Content-Length: 48780
Content-Type: application/json; charset=utf-8
host: localhost:51256
accept: */*

Response DefaultHttpResponse(decodeResult: success, version: HTTP/1.1)
HTTP/1.1 200 OK
Content-Type: application/json; charset=utf-8
cache-control: no-cache
content-length: 14

12:45:44.898 [AsyncHttpClient-1-8] DEBUG org.asynchttpclient.netty.channel.ChannelManager - Adding key: http://localhost:51256 for channel [id: 0x777f8a82, L:/127.0.0.1:52041 - R:localhost/127.0.0.1:51256]
  &amp#27;[32mThen &amp#27;[0m&amp#27;[32mI will go back to login page&amp#27;[0m &amp#27;[90m# starter.stepdefinition.LogoutStep.iWillGoBackToLoginPage()&amp#27;[0m
12:45:44.901 [main] INFO  - 
  _____   ___   ___   _____     ___     _     ___   ___   ___   ___  
 |_   _| | __| / __| |_   _|   | _ \   /_\   / __| / __| | __| |   \ 
   | |   | _|  \__ \   | |     |  _/  / _ \  \__ \ \__ \ | _|  | |) |
   |_|   |___| |___/   |_|     |_|   /_/ \_\ |___/ |___/ |___| |___/ 

Logout acccount
----------------------------------------------------------------------
12:45:44.902 [AsyncHttpClient-1-10] DEBUG org.asynchttpclient.netty.handler.WebSocketHandler - Channel Closed: [id: 0xc9d0adea, L:/127.0.0.1:52049 ! R:localhost/127.0.0.1:52042] with attribute NettyResponseFuture{currentRetry=5,
	isDone=1,
	isCancelled=0,
	asyncHandler=org.asynchttpclient.ws.WebSocketUpgradeHandler@dfebaec,
	nettyRequest=org.asynchttpclient.netty.request.NettyRequest@5b1bd361,
	future=java.util.concurrent.CompletableFuture@33f489ff[Completed normally],
	uri=ws://localhost:52042/devtools/browser/2d600c26-20c4-4b0b-a28c-a23eb85b778d,
	keepAlive=true,
	redirectCount=0,
	timeoutsHolder=null,
	inAuth=0,
	touch=1667972741585}
12:45:44.902 [AsyncHttpClient-1-10] DEBUG org.asynchttpclient.netty.channel.ChannelManager - Closing Channel [id: 0xc9d0adea, L:/127.0.0.1:52049 ! R:localhost/127.0.0.1:52042] 
12:45:44.903 [Driver Command Executor] DEBUG org.asynchttpclient.netty.request.NettyRequestSender - Using pooled Channel '[id: 0x777f8a82, L:/127.0.0.1:52041 - R:localhost/127.0.0.1:51256]' for 'DELETE' to 'http://localhost:51256/session/1eedf3840d288438f7b30be4390b5193'
12:45:44.903 [Driver Command Executor] DEBUG org.asynchttpclient.netty.request.NettyRequestSender - Using open Channel [id: 0x777f8a82, L:/127.0.0.1:52041 - R:localhost/127.0.0.1:51256] for DELETE '/session/1eedf3840d288438f7b30be4390b5193'
12:45:44.938 [AsyncHttpClient-1-9] DEBUG org.asynchttpclient.netty.handler.HttpHandler - Unexpected I/O exception on channel [id: 0xe8ec3193, L:/127.0.0.1:52048 - R:localhost/127.0.0.1:52042]
java.io.IOException: An existing connection was forcibly closed by the remote host
	at java.base/sun.nio.ch.SocketDispatcher.read0(Native Method)
	at java.base/sun.nio.ch.SocketDispatcher.read(SocketDispatcher.java:43)
	at java.base/sun.nio.ch.IOUtil.readIntoNativeBuffer(IOUtil.java:276)
	at java.base/sun.nio.ch.IOUtil.read(IOUtil.java:233)
	at java.base/sun.nio.ch.IOUtil.read(IOUtil.java:223)
	at java.base/sun.nio.ch.SocketChannelImpl.read(SocketChannelImpl.java:358)
	at io.netty.buffer.PooledByteBuf.setBytes(PooledByteBuf.java:258)
	at io.netty.buffer.AbstractByteBuf.writeBytes(AbstractByteBuf.java:1132)
	at io.netty.channel.socket.nio.NioSocketChannel.doReadBytes(NioSocketChannel.java:350)
	at io.netty.channel.nio.AbstractNioByteChannel$NioByteUnsafe.read(AbstractNioByteChannel.java:151)
	at io.netty.channel.nio.NioEventLoop.processSelectedKey(NioEventLoop.java:722)
	at io.netty.channel.nio.NioEventLoop.processSelectedKeysOptimized(NioEventLoop.java:658)
	at io.netty.channel.nio.NioEventLoop.processSelectedKeys(NioEventLoop.java:584)
	at io.netty.channel.nio.NioEventLoop.run(NioEventLoop.java:496)
	at io.netty.util.concurrent.SingleThreadEventExecutor$4.run(SingleThreadEventExecutor.java:986)
	at io.netty.util.internal.ThreadExecutorMap$2.run(ThreadExecutorMap.java:74)
	at io.netty.util.concurrent.FastThreadLocalRunnable.run(FastThreadLocalRunnable.java:30)
	at java.base/java.lang.Thread.run(Thread.java:834)
12:45:44.938 [AsyncHttpClient-1-9] DEBUG org.asynchttpclient.netty.channel.ChannelManager - Closing Channel [id: 0xe8ec3193, L:/127.0.0.1:52048 - R:localhost/127.0.0.1:52042] 
12:45:44.938 [AsyncHttpClient-1-9] DEBUG org.asynchttpclient.netty.handler.HttpHandler - Channel Closed: [id: 0xe8ec3193, L:/127.0.0.1:52048 ! R:localhost/127.0.0.1:52042] with attribute DISCARD
12:45:44.955 [AsyncHttpClient-1-8] DEBUG org.asynchttpclient.netty.handler.HttpHandler - 

Request DefaultFullHttpRequest(decodeResult: success, version: HTTP/1.1, content: EmptyByteBufBE)
DELETE /session/1eedf3840d288438f7b30be4390b5193 HTTP/1.1
User-Agent: selenium/4.1.2 (java windows)
Content-Type: application/json; charset=utf-8
host: localhost:51256
accept: */*

Response DefaultHttpResponse(decodeResult: success, version: HTTP/1.1)
HTTP/1.1 200 OK
Content-Type: application/json; charset=utf-8
cache-control: no-cache
content-length: 14

12:45:44.955 [AsyncHttpClient-1-8] DEBUG org.asynchttpclient.netty.channel.ChannelManager - Adding key: http://localhost:51256 for channel [id: 0x777f8a82, L:/127.0.0.1:52041 - R:localhost/127.0.0.1:51256]
12:45:45.014 [AsyncHttpClient-1-8] DEBUG org.asynchttpclient.netty.handler.HttpHandler - Channel Closed: [id: 0x777f8a82, L:/127.0.0.1:52041 ! R:localhost/127.0.0.1:51256] with attribute DISCARD
]]></system-out>
    <system-err><![CDATA[Starting ChromeDriver 107.0.5304.62 (1eec40d3a5764881c92085aaee66d25075c159aa-refs/branch-heads/5304@{#942}) on port 51256
Only local connections are allowed.
Please see https://chromedriver.chromium.org/security-considerations for suggestions on keeping ChromeDriver safe.
ChromeDriver was started successfully.
Nov 09, 2022 12:45:41 PM org.openqa.selenium.remote.ProtocolHandshake createSession
INFO: Detected dialect: W3C
Nov 09, 2022 12:45:41 PM org.openqa.selenium.devtools.CdpVersionFinder findNearestMatch
WARNING: Unable to find an exact match for CDP version 107, so returning the closest version found: a no-op implementation
Nov 09, 2022 12:45:41 PM org.openqa.selenium.devtools.CdpVersionFinder findNearestMatch
INFO: Unable to find CDP implementation matching 107.
Nov 09, 2022 12:45:41 PM org.openqa.selenium.chromium.ChromiumDriver lambda$new$3
WARNING: Unable to find version of CDP to use for . You may need to include a dependency on a specific version of the CDP using something similar to `org.seleniumhq.selenium:selenium-devtools-v86:4.1.2` where the version ("v86") matches the version of the chromium-based browser you're using and the version number of the artifact is the same as Selenium's.
]]></system-err>
  </testcase>
  <testcase name="Register new account #1" classname="Register" time="8.324">
    <system-out><![CDATA[12:45:45.081 [main] INFO io.cucumber.core.plugin.SerenityReporter - Running feature from file:///C:/Users/ASUS/Web/src/test/resources/features/register.feature
12:45:45.083 [main] DEBUG net.thucydides.core.steps.StepEventBus - Test suite started for story net.thucydides.core.model.Story@63230c68
12:45:45.083 [main] INFO  - Test Suite Started: Register

@Register
Scenario Outline: Register new account &amp#27;[90m# src/test/resources/features/register.feature:18&amp#27;[0m
12:45:45.089 [main] INFO io.cucumber.core.plugin.SerenityReporter - Running feature from file:///C:/Users/ASUS/Web/src/test/resources/features/register.feature
12:45:45.091 [main] INFO  - 
  _____   ___   ___   _____     ___   _____     _     ___   _____   ___   ___  
 |_   _| | __| / __| |_   _|   / __| |_   _|   /_\   | _ \ |_   _| | __| |   \ 
   | |   | _|  \__ \   | |     \__ \   | |    / _ \  |   /   | |   | _|  | |) |
   |_|   |___| |___/   |_|     |___/   |_|   /_/ \_\ |_|_\   |_|   |___| |___/ 

Register new account(register;register-new-account)
--------------------------------------------------------------------------------
12:45:45.119 [main] INFO net.serenitybdd.core.webdriver.driverproviders.ChromeDriverProvider - Using automatically driver download
12:45:45.227 [main] DEBUG io.github.bonigarcia.wdm.cache.ResolutionCache - Resolution chrome=107 in cache (valid until 13:44:11 09/11/2022 ICT)
12:45:45.230 [main] DEBUG io.github.bonigarcia.wdm.cache.ResolutionCache - Resolution chrome107=107.0.5304.62 in cache (valid until 12:48:49 09/11/2022 ICT)
12:45:45.231 [main] INFO io.github.bonigarcia.wdm.WebDriverManager - Using chromedriver 107.0.5304.62 (resolved driver for Chrome 107)
12:45:45.239 [main] DEBUG io.github.bonigarcia.wdm.WebDriverManager - Driver chromedriver 107.0.5304.62 found in cache
12:45:45.239 [main] INFO io.github.bonigarcia.wdm.WebDriverManager - Exporting webdriver.chrome.driver as C:\Users\ASUS\.cache\selenium\chromedriver\win32\107.0.5304.62\chromedriver.exe
12:45:45.330 [main] DEBUG net.serenitybdd.core.webdriver.driverproviders.ProvideNewDriver - Instantiating driver
12:45:45.330 [main] DEBUG net.serenitybdd.core.webdriver.driverproviders.ProvideNewDriver - Driver capabilities: Capabilities {acceptInsecureCerts: false, base.url: https://alta-shop.vercel.app/, browserName: chrome, chrome.driver: src/test/resources/webdrive..., driver: chrome, goog:chromeOptions: {args: [], extensions: []}}
12:45:45.419 [AsyncHttpClient-1-11] DEBUG org.asynchttpclient.netty.channel.NettyConnectListener - Using new Channel '[id: 0x20bd2b0f, L:/127.0.0.1:52067 - R:localhost/127.0.0.1:50956]' for 'POST' to '/session'
12:45:45.745 [AsyncHttpClient-1-1] DEBUG org.asynchttpclient.netty.channel.DefaultChannelPool - Entry count for : http://localhost:52042 : 1
12:45:45.745 [AsyncHttpClient-1-1] DEBUG org.asynchttpclient.netty.channel.DefaultChannelPool - Entry count for : http://localhost:51256 : 1
12:45:45.745 [AsyncHttpClient-1-1] DEBUG org.asynchttpclient.netty.channel.DefaultChannelPool - Adding Candidate expired Channel [id: 0xe8ec3193, L:/127.0.0.1:52048 ! R:localhost/127.0.0.1:52042] isIdleTimeoutExpired=false isRemotelyClosed=true isTtlExpired=false
12:45:45.745 [AsyncHttpClient-1-1] DEBUG org.asynchttpclient.netty.channel.DefaultChannelPool - Closing Idle Channel [id: 0xe8ec3193, L:/127.0.0.1:52048 ! R:localhost/127.0.0.1:52042]
12:45:45.745 [AsyncHttpClient-1-1] DEBUG org.asynchttpclient.netty.channel.DefaultChannelPool - Adding Candidate expired Channel [id: 0x777f8a82, L:/127.0.0.1:52041 ! R:localhost/127.0.0.1:51256] isIdleTimeoutExpired=false isRemotelyClosed=true isTtlExpired=false
12:45:45.745 [AsyncHttpClient-1-1] DEBUG org.asynchttpclient.netty.channel.DefaultChannelPool - Closing Idle Channel [id: 0x777f8a82, L:/127.0.0.1:52041 ! R:localhost/127.0.0.1:51256]
12:45:45.745 [AsyncHttpClient-1-1] DEBUG org.asynchttpclient.netty.channel.DefaultChannelPool - Closed 2 connections out of 2 in 0 ms
12:45:48.179 [AsyncHttpClient-1-11] DEBUG org.asynchttpclient.netty.handler.HttpHandler - 

Request DefaultHttpRequest(decodeResult: success, version: HTTP/1.1)
POST /session HTTP/1.1
User-Agent: selenium/4.1.2 (java windows)
Content-Length: 615
Content-Type: application/json; charset=utf-8
host: localhost:50956
accept: */*

Response DefaultHttpResponse(decodeResult: success, version: HTTP/1.1)
HTTP/1.1 200 OK
Content-Type: application/json; charset=utf-8
cache-control: no-cache
content-length: 788

12:45:48.179 [AsyncHttpClient-1-11] DEBUG org.asynchttpclient.netty.channel.ChannelManager - Adding key: http://localhost:50956 for channel [id: 0x20bd2b0f, L:/127.0.0.1:52067 - R:localhost/127.0.0.1:50956]
12:45:48.183 [AsyncHttpClient-1-12] DEBUG org.asynchttpclient.netty.channel.NettyConnectListener - Using new Channel '[id: 0x9a566207, L:/127.0.0.1:52074 - R:localhost/127.0.0.1:52068]' for 'GET' to '/json/version'
12:45:48.184 [AsyncHttpClient-1-12] DEBUG org.asynchttpclient.netty.handler.HttpHandler - 

Request DefaultFullHttpRequest(decodeResult: success, version: HTTP/1.1, content: EmptyByteBufBE)
GET /json/version HTTP/1.1
User-Agent: selenium/4.1.2 (java windows)
host: localhost:52068
accept: */*

Response DefaultHttpResponse(decodeResult: success, version: HTTP/1.1)
HTTP/1.1 200 OK
Content-Type: application/json; charset=UTF-8
content-length: 423

12:45:48.184 [AsyncHttpClient-1-12] DEBUG org.asynchttpclient.netty.channel.ChannelManager - Adding key: http://localhost:52068 for channel [id: 0x9a566207, L:/127.0.0.1:52074 - R:localhost/127.0.0.1:52068]
12:45:48.186 [AsyncHttpClient-1-13] DEBUG org.asynchttpclient.netty.channel.NettyConnectListener - Using new Channel '[id: 0x9fc35a74, L:/127.0.0.1:52075 - R:localhost/127.0.0.1:52068]' for 'GET' to '/devtools/browser/2c1ee57d-06ec-40bf-93dd-68bb5c931ca4'
12:45:48.186 [AsyncHttpClient-1-13] DEBUG org.asynchttpclient.netty.handler.WebSocketHandler - 

Request DefaultFullHttpRequest(decodeResult: success, version: HTTP/1.1, content: EmptyByteBufBE)
GET /devtools/browser/2c1ee57d-06ec-40bf-93dd-68bb5c931ca4 HTTP/1.1
upgrade: websocket
connection: upgrade
sec-websocket-key: Q//jBe2MPMD8+kBYOdjeOw==
sec-websocket-version: 13
origin: http://localhost:52068
host: localhost:52068
accept: */*
user-agent: AHC/2.1

Response DefaultHttpResponse(decodeResult: success, version: HTTP/1.1)
HTTP/1.1 101 WebSocket Protocol Handshake
Upgrade: WebSocket
Connection: Upgrade
Sec-WebSocket-Accept: aMV5smAjDB8EVWHJFvS9y5omLOE=

12:45:48.188 [Forwarding get on session 7881a7b73e53dfccca01e768e45cffae to remote] DEBUG org.asynchttpclient.netty.request.NettyRequestSender - Using pooled Channel '[id: 0x20bd2b0f, L:/127.0.0.1:52067 - R:localhost/127.0.0.1:50956]' for 'POST' to 'http://localhost:50956/session/7881a7b73e53dfccca01e768e45cffae/url'
12:45:48.188 [Forwarding get on session 7881a7b73e53dfccca01e768e45cffae to remote] DEBUG org.asynchttpclient.netty.request.NettyRequestSender - Using open Channel [id: 0x20bd2b0f, L:/127.0.0.1:52067 - R:localhost/127.0.0.1:50956] for POST '/session/7881a7b73e53dfccca01e768e45cffae/url'
12:45:49.045 [AsyncHttpClient-1-1] DEBUG org.asynchttpclient.netty.channel.DefaultChannelPool - Entry count for : http://localhost:52068 : 1
12:45:50.148 [AsyncHttpClient-1-1] DEBUG org.asynchttpclient.netty.channel.DefaultChannelPool - Entry count for : http://localhost:52068 : 1
12:45:50.669 [AsyncHttpClient-1-11] DEBUG org.asynchttpclient.netty.handler.HttpHandler - 

Request DefaultHttpRequest(decodeResult: success, version: HTTP/1.1)
POST /session/7881a7b73e53dfccca01e768e45cffae/url HTTP/1.1
User-Agent: selenium/4.1.2 (java windows)
Content-Length: 59
Content-Type: application/json; charset=utf-8
host: localhost:50956
accept: */*

Response DefaultHttpResponse(decodeResult: success, version: HTTP/1.1)
HTTP/1.1 200 OK
Content-Type: application/json; charset=utf-8
cache-control: no-cache
content-length: 14

12:45:50.669 [AsyncHttpClient-1-11] DEBUG org.asynchttpclient.netty.channel.ChannelManager - Adding key: http://localhost:50956 for channel [id: 0x20bd2b0f, L:/127.0.0.1:52067 - R:localhost/127.0.0.1:50956]
12:45:50.670 [Forwarding setTimeout on session 7881a7b73e53dfccca01e768e45cffae to remote] DEBUG org.asynchttpclient.netty.request.NettyRequestSender - Using pooled Channel '[id: 0x20bd2b0f, L:/127.0.0.1:52067 - R:localhost/127.0.0.1:50956]' for 'POST' to 'http://localhost:50956/session/7881a7b73e53dfccca01e768e45cffae/timeouts'
12:45:50.670 [Forwarding setTimeout on session 7881a7b73e53dfccca01e768e45cffae to remote] DEBUG org.asynchttpclient.netty.request.NettyRequestSender - Using open Channel [id: 0x20bd2b0f, L:/127.0.0.1:52067 - R:localhost/127.0.0.1:50956] for POST '/session/7881a7b73e53dfccca01e768e45cffae/timeouts'
12:45:50.670 [AsyncHttpClient-1-11] DEBUG org.asynchttpclient.netty.handler.HttpHandler - 

Request DefaultHttpRequest(decodeResult: success, version: HTTP/1.1)
POST /session/7881a7b73e53dfccca01e768e45cffae/timeouts HTTP/1.1
User-Agent: selenium/4.1.2 (java windows)
Content-Length: 22
Content-Type: application/json; charset=utf-8
host: localhost:50956
accept: */*

Response DefaultHttpResponse(decodeResult: success, version: HTTP/1.1)
HTTP/1.1 200 OK
Content-Type: application/json; charset=utf-8
cache-control: no-cache
content-length: 14

12:45:50.670 [AsyncHttpClient-1-11] DEBUG org.asynchttpclient.netty.channel.ChannelManager - Adding key: http://localhost:50956 for channel [id: 0x20bd2b0f, L:/127.0.0.1:52067 - R:localhost/127.0.0.1:50956]
12:45:50.672 [Forwarding getCurrentUrl on session 7881a7b73e53dfccca01e768e45cffae to remote] DEBUG org.asynchttpclient.netty.request.NettyRequestSender - Using pooled Channel '[id: 0x20bd2b0f, L:/127.0.0.1:52067 - R:localhost/127.0.0.1:50956]' for 'GET' to 'http://localhost:50956/session/7881a7b73e53dfccca01e768e45cffae/url'
12:45:50.672 [Forwarding getCurrentUrl on session 7881a7b73e53dfccca01e768e45cffae to remote] DEBUG org.asynchttpclient.netty.request.NettyRequestSender - Using open Channel [id: 0x20bd2b0f, L:/127.0.0.1:52067 - R:localhost/127.0.0.1:50956] for GET '/session/7881a7b73e53dfccca01e768e45cffae/url'
12:45:50.685 [AsyncHttpClient-1-11] DEBUG org.asynchttpclient.netty.handler.HttpHandler - 

Request DefaultFullHttpRequest(decodeResult: success, version: HTTP/1.1, content: EmptyByteBufBE)
GET /session/7881a7b73e53dfccca01e768e45cffae/url HTTP/1.1
User-Agent: selenium/4.1.2 (java windows)
Cache-Control: no-cache
Content-Type: application/json; charset=utf-8
host: localhost:50956
accept: */*

Response DefaultHttpResponse(decodeResult: success, version: HTTP/1.1)
HTTP/1.1 200 OK
Content-Type: application/json; charset=utf-8
cache-control: no-cache
content-length: 41

12:45:50.685 [AsyncHttpClient-1-11] DEBUG org.asynchttpclient.netty.channel.ChannelManager - Adding key: http://localhost:50956 for channel [id: 0x20bd2b0f, L:/127.0.0.1:52067 - R:localhost/127.0.0.1:50956]
  &amp#27;[32mGiven &amp#27;[0m&amp#27;[32mI am on home page&amp#27;[0m              &amp#27;[90m# starter.stepdefinition.LoginStep.iAmOnHomePage()&amp#27;[0m
12:45:50.689 [main] DEBUG net.serenitybdd.core.photography.Darkroom - Opening darkroom
12:45:50.690 [Darkroom Processing Line] DEBUG net.serenitybdd.core.photography.DarkroomProcessingLine - Darkroom processing line starting up
12:45:50.690 [Forwarding screenshot on session 7881a7b73e53dfccca01e768e45cffae to remote] DEBUG org.asynchttpclient.netty.request.NettyRequestSender - Using pooled Channel '[id: 0x20bd2b0f, L:/127.0.0.1:52067 - R:localhost/127.0.0.1:50956]' for 'GET' to 'http://localhost:50956/session/7881a7b73e53dfccca01e768e45cffae/screenshot'
12:45:50.690 [Forwarding screenshot on session 7881a7b73e53dfccca01e768e45cffae to remote] DEBUG org.asynchttpclient.netty.request.NettyRequestSender - Using open Channel [id: 0x20bd2b0f, L:/127.0.0.1:52067 - R:localhost/127.0.0.1:50956] for GET '/session/7881a7b73e53dfccca01e768e45cffae/screenshot'
12:45:50.844 [AsyncHttpClient-1-11] DEBUG org.asynchttpclient.netty.handler.HttpHandler - 

Request DefaultFullHttpRequest(decodeResult: success, version: HTTP/1.1, content: EmptyByteBufBE)
GET /session/7881a7b73e53dfccca01e768e45cffae/screenshot HTTP/1.1
User-Agent: selenium/4.1.2 (java windows)
Cache-Control: no-cache
Content-Type: application/json; charset=utf-8
host: localhost:50956
accept: */*

Response DefaultHttpResponse(decodeResult: success, version: HTTP/1.1)
HTTP/1.1 200 OK
Content-Type: application/json; charset=utf-8
cache-control: no-cache
content-length: 29100

12:45:50.844 [AsyncHttpClient-1-11] DEBUG org.asynchttpclient.netty.channel.ChannelManager - Adding key: http://localhost:50956 for channel [id: 0x20bd2b0f, L:/127.0.0.1:52067 - R:localhost/127.0.0.1:50956]
12:45:50.845 [main] DEBUG net.serenitybdd.core.photography.Darkroom - Send negative for processing for target\site\serenity\99860847deb003023d83eb40b00c3068c999cd06753b454c021ecb02a59cc727.png
12:45:50.845 [Darkroom Processing Line] DEBUG net.serenitybdd.core.photography.DarkroomProcessingLine - Processing screenshot image in /var/screenshots/screenshot-628800118705777044
12:45:50.845 [Darkroom Processing Line] DEBUG net.serenitybdd.core.photography.DarkroomProcessingLine - Saving screenshot to target\site\serenity\99860847deb003023d83eb40b00c3068c999cd06753b454c021ecb02a59cc727.png
12:45:50.850 [Forwarding findElement on session 7881a7b73e53dfccca01e768e45cffae to remote] DEBUG org.asynchttpclient.netty.request.NettyRequestSender - Using pooled Channel '[id: 0x20bd2b0f, L:/127.0.0.1:52067 - R:localhost/127.0.0.1:50956]' for 'POST' to 'http://localhost:50956/session/7881a7b73e53dfccca01e768e45cffae/element'
12:45:50.850 [Forwarding findElement on session 7881a7b73e53dfccca01e768e45cffae to remote] DEBUG org.asynchttpclient.netty.request.NettyRequestSender - Using open Channel [id: 0x20bd2b0f, L:/127.0.0.1:52067 - R:localhost/127.0.0.1:50956] for POST '/session/7881a7b73e53dfccca01e768e45cffae/element'
12:45:50.862 [AsyncHttpClient-1-11] DEBUG org.asynchttpclient.netty.handler.HttpHandler - 

Request DefaultHttpRequest(decodeResult: success, version: HTTP/1.1)
POST /session/7881a7b73e53dfccca01e768e45cffae/element HTTP/1.1
User-Agent: selenium/4.1.2 (java windows)
Content-Length: 97
Content-Type: application/json; charset=utf-8
host: localhost:50956
accept: */*

Response DefaultHttpResponse(decodeResult: success, version: HTTP/1.1)
HTTP/1.1 200 OK
Content-Type: application/json; charset=utf-8
cache-control: no-cache
content-length: 88

12:45:50.862 [AsyncHttpClient-1-11] DEBUG org.asynchttpclient.netty.channel.ChannelManager - Adding key: http://localhost:50956 for channel [id: 0x20bd2b0f, L:/127.0.0.1:52067 - R:localhost/127.0.0.1:50956]
12:45:50.863 [Forwarding getElementTagName on session 7881a7b73e53dfccca01e768e45cffae to remote] DEBUG org.asynchttpclient.netty.request.NettyRequestSender - Using pooled Channel '[id: 0x20bd2b0f, L:/127.0.0.1:52067 - R:localhost/127.0.0.1:50956]' for 'GET' to 'http://localhost:50956/session/7881a7b73e53dfccca01e768e45cffae/element/2d1f0fe3-d8ed-46f0-af8d-304269864413/name'
12:45:50.863 [Forwarding getElementTagName on session 7881a7b73e53dfccca01e768e45cffae to remote] DEBUG org.asynchttpclient.netty.request.NettyRequestSender - Using open Channel [id: 0x20bd2b0f, L:/127.0.0.1:52067 - R:localhost/127.0.0.1:50956] for GET '/session/7881a7b73e53dfccca01e768e45cffae/element/2d1f0fe3-d8ed-46f0-af8d-304269864413/name'
12:45:50.868 [AsyncHttpClient-1-11] DEBUG org.asynchttpclient.netty.handler.HttpHandler - 

Request DefaultFullHttpRequest(decodeResult: success, version: HTTP/1.1, content: EmptyByteBufBE)
GET /session/7881a7b73e53dfccca01e768e45cffae/element/2d1f0fe3-d8ed-46f0-af8d-304269864413/name HTTP/1.1
User-Agent: selenium/4.1.2 (java windows)
Cache-Control: no-cache
Content-Type: application/json; charset=utf-8
host: localhost:50956
accept: */*

Response DefaultHttpResponse(decodeResult: success, version: HTTP/1.1)
HTTP/1.1 200 OK
Content-Type: application/json; charset=utf-8
cache-control: no-cache
content-length: 13

12:45:50.868 [AsyncHttpClient-1-11] DEBUG org.asynchttpclient.netty.channel.ChannelManager - Adding key: http://localhost:50956 for channel [id: 0x20bd2b0f, L:/127.0.0.1:52067 - R:localhost/127.0.0.1:50956]
12:45:50.869 [Forwarding getElementTagName on session 7881a7b73e53dfccca01e768e45cffae to remote] DEBUG org.asynchttpclient.netty.request.NettyRequestSender - Using pooled Channel '[id: 0x20bd2b0f, L:/127.0.0.1:52067 - R:localhost/127.0.0.1:50956]' for 'GET' to 'http://localhost:50956/session/7881a7b73e53dfccca01e768e45cffae/element/2d1f0fe3-d8ed-46f0-af8d-304269864413/name'
12:45:50.869 [Forwarding getElementTagName on session 7881a7b73e53dfccca01e768e45cffae to remote] DEBUG org.asynchttpclient.netty.request.NettyRequestSender - Using open Channel [id: 0x20bd2b0f, L:/127.0.0.1:52067 - R:localhost/127.0.0.1:50956] for GET '/session/7881a7b73e53dfccca01e768e45cffae/element/2d1f0fe3-d8ed-46f0-af8d-304269864413/name'
12:45:50.873 [AsyncHttpClient-1-11] DEBUG org.asynchttpclient.netty.handler.HttpHandler - 

Request DefaultFullHttpRequest(decodeResult: success, version: HTTP/1.1, content: EmptyByteBufBE)
GET /session/7881a7b73e53dfccca01e768e45cffae/element/2d1f0fe3-d8ed-46f0-af8d-304269864413/name HTTP/1.1
User-Agent: selenium/4.1.2 (java windows)
Cache-Control: no-cache
Content-Type: application/json; charset=utf-8
host: localhost:50956
accept: */*

Response DefaultHttpResponse(decodeResult: success, version: HTTP/1.1)
HTTP/1.1 200 OK
Content-Type: application/json; charset=utf-8
cache-control: no-cache
content-length: 13

12:45:50.873 [AsyncHttpClient-1-11] DEBUG org.asynchttpclient.netty.channel.ChannelManager - Adding key: http://localhost:50956 for channel [id: 0x20bd2b0f, L:/127.0.0.1:52067 - R:localhost/127.0.0.1:50956]
12:45:50.874 [Forwarding findElement on session 7881a7b73e53dfccca01e768e45cffae to remote] DEBUG org.asynchttpclient.netty.request.NettyRequestSender - Using pooled Channel '[id: 0x20bd2b0f, L:/127.0.0.1:52067 - R:localhost/127.0.0.1:50956]' for 'POST' to 'http://localhost:50956/session/7881a7b73e53dfccca01e768e45cffae/element'
12:45:50.874 [Forwarding findElement on session 7881a7b73e53dfccca01e768e45cffae to remote] DEBUG org.asynchttpclient.netty.request.NettyRequestSender - Using open Channel [id: 0x20bd2b0f, L:/127.0.0.1:52067 - R:localhost/127.0.0.1:50956] for POST '/session/7881a7b73e53dfccca01e768e45cffae/element'
12:45:50.880 [AsyncHttpClient-1-11] DEBUG org.asynchttpclient.netty.handler.HttpHandler - 

Request DefaultHttpRequest(decodeResult: success, version: HTTP/1.1)
POST /session/7881a7b73e53dfccca01e768e45cffae/element HTTP/1.1
User-Agent: selenium/4.1.2 (java windows)
Content-Length: 97
Content-Type: application/json; charset=utf-8
host: localhost:50956
accept: */*

Response DefaultHttpResponse(decodeResult: success, version: HTTP/1.1)
HTTP/1.1 200 OK
Content-Type: application/json; charset=utf-8
cache-control: no-cache
content-length: 88

12:45:50.880 [AsyncHttpClient-1-11] DEBUG org.asynchttpclient.netty.channel.ChannelManager - Adding key: http://localhost:50956 for channel [id: 0x20bd2b0f, L:/127.0.0.1:52067 - R:localhost/127.0.0.1:50956]
12:45:50.883 [Forwarding clickElement on session 7881a7b73e53dfccca01e768e45cffae to remote] DEBUG org.asynchttpclient.netty.request.NettyRequestSender - Using pooled Channel '[id: 0x20bd2b0f, L:/127.0.0.1:52067 - R:localhost/127.0.0.1:50956]' for 'POST' to 'http://localhost:50956/session/7881a7b73e53dfccca01e768e45cffae/element/2d1f0fe3-d8ed-46f0-af8d-304269864413/click'
12:45:50.883 [Forwarding clickElement on session 7881a7b73e53dfccca01e768e45cffae to remote] DEBUG org.asynchttpclient.netty.request.NettyRequestSender - Using open Channel [id: 0x20bd2b0f, L:/127.0.0.1:52067 - R:localhost/127.0.0.1:50956] for POST '/session/7881a7b73e53dfccca01e768e45cffae/element/2d1f0fe3-d8ed-46f0-af8d-304269864413/click'
12:45:50.916 [AsyncHttpClient-1-11] DEBUG org.asynchttpclient.netty.handler.HttpHandler - 

Request DefaultHttpRequest(decodeResult: success, version: HTTP/1.1)
POST /session/7881a7b73e53dfccca01e768e45cffae/element/2d1f0fe3-d8ed-46f0-af8d-304269864413/click HTTP/1.1
User-Agent: selenium/4.1.2 (java windows)
Content-Length: 50
Content-Type: application/json; charset=utf-8
host: localhost:50956
accept: */*

Response DefaultHttpResponse(decodeResult: success, version: HTTP/1.1)
HTTP/1.1 200 OK
Content-Type: application/json; charset=utf-8
cache-control: no-cache
content-length: 14

12:45:50.916 [AsyncHttpClient-1-11] DEBUG org.asynchttpclient.netty.channel.ChannelManager - Adding key: http://localhost:50956 for channel [id: 0x20bd2b0f, L:/127.0.0.1:52067 - R:localhost/127.0.0.1:50956]
  &amp#27;[32mAnd &amp#27;[0m&amp#27;[32mI click icon the login icon&amp#27;[0m      &amp#27;[90m# starter.stepdefinition.LoginStep.iClickIconTheLoginIcon()&amp#27;[0m
12:45:50.921 [Forwarding screenshot on session 7881a7b73e53dfccca01e768e45cffae to remote] DEBUG org.asynchttpclient.netty.request.NettyRequestSender - Using pooled Channel '[id: 0x20bd2b0f, L:/127.0.0.1:52067 - R:localhost/127.0.0.1:50956]' for 'GET' to 'http://localhost:50956/session/7881a7b73e53dfccca01e768e45cffae/screenshot'
12:45:50.921 [Forwarding screenshot on session 7881a7b73e53dfccca01e768e45cffae to remote] DEBUG org.asynchttpclient.netty.request.NettyRequestSender - Using open Channel [id: 0x20bd2b0f, L:/127.0.0.1:52067 - R:localhost/127.0.0.1:50956] for GET '/session/7881a7b73e53dfccca01e768e45cffae/screenshot'
12:45:51.170 [AsyncHttpClient-1-11] DEBUG org.asynchttpclient.netty.handler.HttpHandler - 

Request DefaultFullHttpRequest(decodeResult: success, version: HTTP/1.1, content: EmptyByteBufBE)
GET /session/7881a7b73e53dfccca01e768e45cffae/screenshot HTTP/1.1
User-Agent: selenium/4.1.2 (java windows)
Cache-Control: no-cache
Content-Type: application/json; charset=utf-8
host: localhost:50956
accept: */*

Response DefaultHttpResponse(decodeResult: success, version: HTTP/1.1)
HTTP/1.1 200 OK
Content-Type: application/json; charset=utf-8
cache-control: no-cache
content-length: 34844

12:45:51.170 [AsyncHttpClient-1-11] DEBUG org.asynchttpclient.netty.channel.ChannelManager - Adding key: http://localhost:50956 for channel [id: 0x20bd2b0f, L:/127.0.0.1:52067 - R:localhost/127.0.0.1:50956]
12:45:51.171 [main] DEBUG net.serenitybdd.core.photography.Darkroom - Send negative for processing for target\site\serenity\e9238d93875a87e35c7003446d9661dba3d3de1b6773a339b7b0d2d6d82338ca.png
12:45:51.248 [Forwarding findElement on session 7881a7b73e53dfccca01e768e45cffae to remote] DEBUG org.asynchttpclient.netty.request.NettyRequestSender - Using pooled Channel '[id: 0x20bd2b0f, L:/127.0.0.1:52067 - R:localhost/127.0.0.1:50956]' for 'POST' to 'http://localhost:50956/session/7881a7b73e53dfccca01e768e45cffae/element'
12:45:51.248 [Forwarding findElement on session 7881a7b73e53dfccca01e768e45cffae to remote] DEBUG org.asynchttpclient.netty.request.NettyRequestSender - Using open Channel [id: 0x20bd2b0f, L:/127.0.0.1:52067 - R:localhost/127.0.0.1:50956] for POST '/session/7881a7b73e53dfccca01e768e45cffae/element'
12:45:51.256 [AsyncHttpClient-1-1] DEBUG org.asynchttpclient.netty.channel.DefaultChannelPool - Entry count for : http://localhost:52068 : 1
12:45:51.260 [AsyncHttpClient-1-11] DEBUG org.asynchttpclient.netty.handler.HttpHandler - 

Request DefaultHttpRequest(decodeResult: success, version: HTTP/1.1)
POST /session/7881a7b73e53dfccca01e768e45cffae/element HTTP/1.1
User-Agent: selenium/4.1.2 (java windows)
Content-Length: 95
Content-Type: application/json; charset=utf-8
host: localhost:50956
accept: */*

Response DefaultHttpResponse(decodeResult: success, version: HTTP/1.1)
HTTP/1.1 200 OK
Content-Type: application/json; charset=utf-8
cache-control: no-cache
content-length: 88

12:45:51.260 [AsyncHttpClient-1-11] DEBUG org.asynchttpclient.netty.channel.ChannelManager - Adding key: http://localhost:50956 for channel [id: 0x20bd2b0f, L:/127.0.0.1:52067 - R:localhost/127.0.0.1:50956]
12:45:51.261 [Forwarding getElementTagName on session 7881a7b73e53dfccca01e768e45cffae to remote] DEBUG org.asynchttpclient.netty.request.NettyRequestSender - Using pooled Channel '[id: 0x20bd2b0f, L:/127.0.0.1:52067 - R:localhost/127.0.0.1:50956]' for 'GET' to 'http://localhost:50956/session/7881a7b73e53dfccca01e768e45cffae/element/d24c86b6-d5b1-4e93-8726-bdc5bb3b5185/name'
12:45:51.261 [Forwarding getElementTagName on session 7881a7b73e53dfccca01e768e45cffae to remote] DEBUG org.asynchttpclient.netty.request.NettyRequestSender - Using open Channel [id: 0x20bd2b0f, L:/127.0.0.1:52067 - R:localhost/127.0.0.1:50956] for GET '/session/7881a7b73e53dfccca01e768e45cffae/element/d24c86b6-d5b1-4e93-8726-bdc5bb3b5185/name'
12:45:51.266 [AsyncHttpClient-1-11] DEBUG org.asynchttpclient.netty.handler.HttpHandler - 

Request DefaultFullHttpRequest(decodeResult: success, version: HTTP/1.1, content: EmptyByteBufBE)
GET /session/7881a7b73e53dfccca01e768e45cffae/element/d24c86b6-d5b1-4e93-8726-bdc5bb3b5185/name HTTP/1.1
User-Agent: selenium/4.1.2 (java windows)
Cache-Control: no-cache
Content-Type: application/json; charset=utf-8
host: localhost:50956
accept: */*

Response DefaultHttpResponse(decodeResult: success, version: HTTP/1.1)
HTTP/1.1 200 OK
Content-Type: application/json; charset=utf-8
cache-control: no-cache
content-length: 13

12:45:51.267 [AsyncHttpClient-1-11] DEBUG org.asynchttpclient.netty.channel.ChannelManager - Adding key: http://localhost:50956 for channel [id: 0x20bd2b0f, L:/127.0.0.1:52067 - R:localhost/127.0.0.1:50956]
12:45:51.267 [Forwarding getElementTagName on session 7881a7b73e53dfccca01e768e45cffae to remote] DEBUG org.asynchttpclient.netty.request.NettyRequestSender - Using pooled Channel '[id: 0x20bd2b0f, L:/127.0.0.1:52067 - R:localhost/127.0.0.1:50956]' for 'GET' to 'http://localhost:50956/session/7881a7b73e53dfccca01e768e45cffae/element/d24c86b6-d5b1-4e93-8726-bdc5bb3b5185/name'
12:45:51.267 [Forwarding getElementTagName on session 7881a7b73e53dfccca01e768e45cffae to remote] DEBUG org.asynchttpclient.netty.request.NettyRequestSender - Using open Channel [id: 0x20bd2b0f, L:/127.0.0.1:52067 - R:localhost/127.0.0.1:50956] for GET '/session/7881a7b73e53dfccca01e768e45cffae/element/d24c86b6-d5b1-4e93-8726-bdc5bb3b5185/name'
12:45:51.271 [AsyncHttpClient-1-11] DEBUG org.asynchttpclient.netty.handler.HttpHandler - 

Request DefaultFullHttpRequest(decodeResult: success, version: HTTP/1.1, content: EmptyByteBufBE)
GET /session/7881a7b73e53dfccca01e768e45cffae/element/d24c86b6-d5b1-4e93-8726-bdc5bb3b5185/name HTTP/1.1
User-Agent: selenium/4.1.2 (java windows)
Cache-Control: no-cache
Content-Type: application/json; charset=utf-8
host: localhost:50956
accept: */*

Response DefaultHttpResponse(decodeResult: success, version: HTTP/1.1)
HTTP/1.1 200 OK
Content-Type: application/json; charset=utf-8
cache-control: no-cache
content-length: 13

12:45:51.271 [AsyncHttpClient-1-11] DEBUG org.asynchttpclient.netty.channel.ChannelManager - Adding key: http://localhost:50956 for channel [id: 0x20bd2b0f, L:/127.0.0.1:52067 - R:localhost/127.0.0.1:50956]
12:45:51.272 [Forwarding findElement on session 7881a7b73e53dfccca01e768e45cffae to remote] DEBUG org.asynchttpclient.netty.request.NettyRequestSender - Using pooled Channel '[id: 0x20bd2b0f, L:/127.0.0.1:52067 - R:localhost/127.0.0.1:50956]' for 'POST' to 'http://localhost:50956/session/7881a7b73e53dfccca01e768e45cffae/element'
12:45:51.272 [Forwarding findElement on session 7881a7b73e53dfccca01e768e45cffae to remote] DEBUG org.asynchttpclient.netty.request.NettyRequestSender - Using open Channel [id: 0x20bd2b0f, L:/127.0.0.1:52067 - R:localhost/127.0.0.1:50956] for POST '/session/7881a7b73e53dfccca01e768e45cffae/element'
12:45:51.279 [AsyncHttpClient-1-11] DEBUG org.asynchttpclient.netty.handler.HttpHandler - 

Request DefaultHttpRequest(decodeResult: success, version: HTTP/1.1)
POST /session/7881a7b73e53dfccca01e768e45cffae/element HTTP/1.1
User-Agent: selenium/4.1.2 (java windows)
Content-Length: 95
Content-Type: application/json; charset=utf-8
host: localhost:50956
accept: */*

Response DefaultHttpResponse(decodeResult: success, version: HTTP/1.1)
HTTP/1.1 200 OK
Content-Type: application/json; charset=utf-8
cache-control: no-cache
content-length: 88

12:45:51.279 [AsyncHttpClient-1-11] DEBUG org.asynchttpclient.netty.channel.ChannelManager - Adding key: http://localhost:50956 for channel [id: 0x20bd2b0f, L:/127.0.0.1:52067 - R:localhost/127.0.0.1:50956]
12:45:51.280 [Forwarding clickElement on session 7881a7b73e53dfccca01e768e45cffae to remote] DEBUG org.asynchttpclient.netty.request.NettyRequestSender - Using pooled Channel '[id: 0x20bd2b0f, L:/127.0.0.1:52067 - R:localhost/127.0.0.1:50956]' for 'POST' to 'http://localhost:50956/session/7881a7b73e53dfccca01e768e45cffae/element/d24c86b6-d5b1-4e93-8726-bdc5bb3b5185/click'
12:45:51.280 [Forwarding clickElement on session 7881a7b73e53dfccca01e768e45cffae to remote] DEBUG org.asynchttpclient.netty.request.NettyRequestSender - Using open Channel [id: 0x20bd2b0f, L:/127.0.0.1:52067 - R:localhost/127.0.0.1:50956] for POST '/session/7881a7b73e53dfccca01e768e45cffae/element/d24c86b6-d5b1-4e93-8726-bdc5bb3b5185/click'
12:45:51.316 [AsyncHttpClient-1-11] DEBUG org.asynchttpclient.netty.handler.HttpHandler - 

Request DefaultHttpRequest(decodeResult: success, version: HTTP/1.1)
POST /session/7881a7b73e53dfccca01e768e45cffae/element/d24c86b6-d5b1-4e93-8726-bdc5bb3b5185/click HTTP/1.1
User-Agent: selenium/4.1.2 (java windows)
Content-Length: 50
Content-Type: application/json; charset=utf-8
host: localhost:50956
accept: */*

Response DefaultHttpResponse(decodeResult: success, version: HTTP/1.1)
HTTP/1.1 200 OK
Content-Type: application/json; charset=utf-8
cache-control: no-cache
content-length: 14

12:45:51.316 [AsyncHttpClient-1-11] DEBUG org.asynchttpclient.netty.channel.ChannelManager - Adding key: http://localhost:50956 for channel [id: 0x20bd2b0f, L:/127.0.0.1:52067 - R:localhost/127.0.0.1:50956]
  &amp#27;[32mAnd &amp#27;[0m&amp#27;[32mI click register text&amp#27;[0m            &amp#27;[90m# starter.stepdefinition.Registerstep.iClickRegisterText()&amp#27;[0m
12:45:51.323 [Forwarding screenshot on session 7881a7b73e53dfccca01e768e45cffae to remote] DEBUG org.asynchttpclient.netty.request.NettyRequestSender - Using pooled Channel '[id: 0x20bd2b0f, L:/127.0.0.1:52067 - R:localhost/127.0.0.1:50956]' for 'GET' to 'http://localhost:50956/session/7881a7b73e53dfccca01e768e45cffae/screenshot'
12:45:51.323 [Forwarding screenshot on session 7881a7b73e53dfccca01e768e45cffae to remote] DEBUG org.asynchttpclient.netty.request.NettyRequestSender - Using open Channel [id: 0x20bd2b0f, L:/127.0.0.1:52067 - R:localhost/127.0.0.1:50956] for GET '/session/7881a7b73e53dfccca01e768e45cffae/screenshot'
12:45:51.482 [AsyncHttpClient-1-11] DEBUG org.asynchttpclient.netty.handler.HttpHandler - 

Request DefaultFullHttpRequest(decodeResult: success, version: HTTP/1.1, content: EmptyByteBufBE)
GET /session/7881a7b73e53dfccca01e768e45cffae/screenshot HTTP/1.1
User-Agent: selenium/4.1.2 (java windows)
Cache-Control: no-cache
Content-Type: application/json; charset=utf-8
host: localhost:50956
accept: */*

Response DefaultHttpResponse(decodeResult: success, version: HTTP/1.1)
HTTP/1.1 200 OK
Content-Type: application/json; charset=utf-8
cache-control: no-cache
content-length: 38744

12:45:51.482 [AsyncHttpClient-1-11] DEBUG org.asynchttpclient.netty.channel.ChannelManager - Adding key: http://localhost:50956 for channel [id: 0x20bd2b0f, L:/127.0.0.1:52067 - R:localhost/127.0.0.1:50956]
12:45:51.483 [main] DEBUG net.serenitybdd.core.photography.Darkroom - Send negative for processing for target\site\serenity\73f21cab7ed09e71c695ffe5b3d75dc28da68816915a3a2a183d0c6b0d050f36.png
12:45:51.483 [Darkroom Processing Line] DEBUG net.serenitybdd.core.photography.DarkroomProcessingLine - Processing screenshot image in /var/screenshots/screenshot-6396605361031421002
12:45:51.483 [Darkroom Processing Line] DEBUG net.serenitybdd.core.photography.DarkroomProcessingLine - Saving screenshot to target\site\serenity\73f21cab7ed09e71c695ffe5b3d75dc28da68816915a3a2a183d0c6b0d050f36.png
12:45:51.491 [Forwarding findElement on session 7881a7b73e53dfccca01e768e45cffae to remote] DEBUG org.asynchttpclient.netty.request.NettyRequestSender - Using pooled Channel '[id: 0x20bd2b0f, L:/127.0.0.1:52067 - R:localhost/127.0.0.1:50956]' for 'POST' to 'http://localhost:50956/session/7881a7b73e53dfccca01e768e45cffae/element'
12:45:51.491 [Forwarding findElement on session 7881a7b73e53dfccca01e768e45cffae to remote] DEBUG org.asynchttpclient.netty.request.NettyRequestSender - Using open Channel [id: 0x20bd2b0f, L:/127.0.0.1:52067 - R:localhost/127.0.0.1:50956] for POST '/session/7881a7b73e53dfccca01e768e45cffae/element'
12:45:51.500 [AsyncHttpClient-1-11] DEBUG org.asynchttpclient.netty.handler.HttpHandler - 

Request DefaultHttpRequest(decodeResult: success, version: HTTP/1.1)
POST /session/7881a7b73e53dfccca01e768e45cffae/element HTTP/1.1
User-Agent: selenium/4.1.2 (java windows)
Content-Length: 95
Content-Type: application/json; charset=utf-8
host: localhost:50956
accept: */*

Response DefaultHttpResponse(decodeResult: success, version: HTTP/1.1)
HTTP/1.1 200 OK
Content-Type: application/json; charset=utf-8
cache-control: no-cache
content-length: 88

12:45:51.500 [AsyncHttpClient-1-11] DEBUG org.asynchttpclient.netty.channel.ChannelManager - Adding key: http://localhost:50956 for channel [id: 0x20bd2b0f, L:/127.0.0.1:52067 - R:localhost/127.0.0.1:50956]
12:45:51.501 [Forwarding clearElement on session 7881a7b73e53dfccca01e768e45cffae to remote] DEBUG org.asynchttpclient.netty.request.NettyRequestSender - Using pooled Channel '[id: 0x20bd2b0f, L:/127.0.0.1:52067 - R:localhost/127.0.0.1:50956]' for 'POST' to 'http://localhost:50956/session/7881a7b73e53dfccca01e768e45cffae/element/c89f6924-b968-41ec-ba83-4f012687c54e/clear'
12:45:51.501 [Forwarding clearElement on session 7881a7b73e53dfccca01e768e45cffae to remote] DEBUG org.asynchttpclient.netty.request.NettyRequestSender - Using open Channel [id: 0x20bd2b0f, L:/127.0.0.1:52067 - R:localhost/127.0.0.1:50956] for POST '/session/7881a7b73e53dfccca01e768e45cffae/element/c89f6924-b968-41ec-ba83-4f012687c54e/clear'
12:45:51.529 [AsyncHttpClient-1-11] DEBUG org.asynchttpclient.netty.handler.HttpHandler - 

Request DefaultHttpRequest(decodeResult: success, version: HTTP/1.1)
POST /session/7881a7b73e53dfccca01e768e45cffae/element/c89f6924-b968-41ec-ba83-4f012687c54e/clear HTTP/1.1
User-Agent: selenium/4.1.2 (java windows)
Content-Length: 50
Content-Type: application/json; charset=utf-8
host: localhost:50956
accept: */*

Response DefaultHttpResponse(decodeResult: success, version: HTTP/1.1)
HTTP/1.1 200 OK
Content-Type: application/json; charset=utf-8
cache-control: no-cache
content-length: 14

12:45:51.529 [AsyncHttpClient-1-11] DEBUG org.asynchttpclient.netty.channel.ChannelManager - Adding key: http://localhost:50956 for channel [id: 0x20bd2b0f, L:/127.0.0.1:52067 - R:localhost/127.0.0.1:50956]
12:45:51.534 [Forwarding sendKeysToElement on session 7881a7b73e53dfccca01e768e45cffae to remote] DEBUG org.asynchttpclient.netty.request.NettyRequestSender - Using pooled Channel '[id: 0x20bd2b0f, L:/127.0.0.1:52067 - R:localhost/127.0.0.1:50956]' for 'POST' to 'http://localhost:50956/session/7881a7b73e53dfccca01e768e45cffae/element/c89f6924-b968-41ec-ba83-4f012687c54e/value'
12:45:51.534 [Forwarding sendKeysToElement on session 7881a7b73e53dfccca01e768e45cffae to remote] DEBUG org.asynchttpclient.netty.request.NettyRequestSender - Using open Channel [id: 0x20bd2b0f, L:/127.0.0.1:52067 - R:localhost/127.0.0.1:50956] for POST '/session/7881a7b73e53dfccca01e768e45cffae/element/c89f6924-b968-41ec-ba83-4f012687c54e/value'
12:45:51.575 [AsyncHttpClient-1-11] DEBUG org.asynchttpclient.netty.handler.HttpHandler - 

Request DefaultHttpRequest(decodeResult: success, version: HTTP/1.1)
POST /session/7881a7b73e53dfccca01e768e45cffae/element/c89f6924-b968-41ec-ba83-4f012687c54e/value HTTP/1.1
User-Agent: selenium/4.1.2 (java windows)
Content-Length: 82
Content-Type: application/json; charset=utf-8
host: localhost:50956
accept: */*

Response DefaultHttpResponse(decodeResult: success, version: HTTP/1.1)
HTTP/1.1 200 OK
Content-Type: application/json; charset=utf-8
cache-control: no-cache
content-length: 14

12:45:51.575 [AsyncHttpClient-1-11] DEBUG org.asynchttpclient.netty.channel.ChannelManager - Adding key: http://localhost:50956 for channel [id: 0x20bd2b0f, L:/127.0.0.1:52067 - R:localhost/127.0.0.1:50956]
  &amp#27;[32mWhen &amp#27;[0m&amp#27;[32mI input &amp#27;[0m&amp#27;[32m&amp#27;[1m""&amp#27;[0m&amp#27;[32m name&amp#27;[0m                 &amp#27;[90m# starter.stepdefinition.Registerstep.iInputName(java.lang.String)&amp#27;[0m
12:45:51.582 [Forwarding screenshot on session 7881a7b73e53dfccca01e768e45cffae to remote] DEBUG org.asynchttpclient.netty.request.NettyRequestSender - Using pooled Channel '[id: 0x20bd2b0f, L:/127.0.0.1:52067 - R:localhost/127.0.0.1:50956]' for 'GET' to 'http://localhost:50956/session/7881a7b73e53dfccca01e768e45cffae/screenshot'
12:45:51.582 [Forwarding screenshot on session 7881a7b73e53dfccca01e768e45cffae to remote] DEBUG org.asynchttpclient.netty.request.NettyRequestSender - Using open Channel [id: 0x20bd2b0f, L:/127.0.0.1:52067 - R:localhost/127.0.0.1:50956] for GET '/session/7881a7b73e53dfccca01e768e45cffae/screenshot'
12:45:51.731 [AsyncHttpClient-1-11] DEBUG org.asynchttpclient.netty.handler.HttpHandler - 

Request DefaultFullHttpRequest(decodeResult: success, version: HTTP/1.1, content: EmptyByteBufBE)
GET /session/7881a7b73e53dfccca01e768e45cffae/screenshot HTTP/1.1
User-Agent: selenium/4.1.2 (java windows)
Cache-Control: no-cache
Content-Type: application/json; charset=utf-8
host: localhost:50956
accept: */*

Response DefaultHttpResponse(decodeResult: success, version: HTTP/1.1)
HTTP/1.1 200 OK
Content-Type: application/json; charset=utf-8
cache-control: no-cache
content-length: 38152

12:45:51.731 [AsyncHttpClient-1-11] DEBUG org.asynchttpclient.netty.channel.ChannelManager - Adding key: http://localhost:50956 for channel [id: 0x20bd2b0f, L:/127.0.0.1:52067 - R:localhost/127.0.0.1:50956]
12:45:51.732 [main] DEBUG net.serenitybdd.core.photography.Darkroom - Send negative for processing for target\site\serenity\340ba0cf283653092ffd1464afd97712a4db2802409b7686464b15e712ac3b1f.png
12:45:51.732 [Darkroom Processing Line] DEBUG net.serenitybdd.core.photography.DarkroomProcessingLine - Processing screenshot image in /var/screenshots/screenshot-4485317999974487185
12:45:51.732 [Darkroom Processing Line] DEBUG net.serenitybdd.core.photography.DarkroomProcessingLine - Saving screenshot to target\site\serenity\340ba0cf283653092ffd1464afd97712a4db2802409b7686464b15e712ac3b1f.png
12:45:51.738 [Forwarding findElement on session 7881a7b73e53dfccca01e768e45cffae to remote] DEBUG org.asynchttpclient.netty.request.NettyRequestSender - Using pooled Channel '[id: 0x20bd2b0f, L:/127.0.0.1:52067 - R:localhost/127.0.0.1:50956]' for 'POST' to 'http://localhost:50956/session/7881a7b73e53dfccca01e768e45cffae/element'
12:45:51.738 [Forwarding findElement on session 7881a7b73e53dfccca01e768e45cffae to remote] DEBUG org.asynchttpclient.netty.request.NettyRequestSender - Using open Channel [id: 0x20bd2b0f, L:/127.0.0.1:52067 - R:localhost/127.0.0.1:50956] for POST '/session/7881a7b73e53dfccca01e768e45cffae/element'
12:45:51.748 [AsyncHttpClient-1-11] DEBUG org.asynchttpclient.netty.handler.HttpHandler - 

Request DefaultHttpRequest(decodeResult: success, version: HTTP/1.1)
POST /session/7881a7b73e53dfccca01e768e45cffae/element HTTP/1.1
User-Agent: selenium/4.1.2 (java windows)
Content-Length: 88
Content-Type: application/json; charset=utf-8
host: localhost:50956
accept: */*

Response DefaultHttpResponse(decodeResult: success, version: HTTP/1.1)
HTTP/1.1 200 OK
Content-Type: application/json; charset=utf-8
cache-control: no-cache
content-length: 88

12:45:51.748 [AsyncHttpClient-1-11] DEBUG org.asynchttpclient.netty.channel.ChannelManager - Adding key: http://localhost:50956 for channel [id: 0x20bd2b0f, L:/127.0.0.1:52067 - R:localhost/127.0.0.1:50956]
12:45:51.749 [Forwarding clearElement on session 7881a7b73e53dfccca01e768e45cffae to remote] DEBUG org.asynchttpclient.netty.request.NettyRequestSender - Using pooled Channel '[id: 0x20bd2b0f, L:/127.0.0.1:52067 - R:localhost/127.0.0.1:50956]' for 'POST' to 'http://localhost:50956/session/7881a7b73e53dfccca01e768e45cffae/element/83714b75-4077-4fa8-9330-c1e24afe60a2/clear'
12:45:51.749 [Forwarding clearElement on session 7881a7b73e53dfccca01e768e45cffae to remote] DEBUG org.asynchttpclient.netty.request.NettyRequestSender - Using open Channel [id: 0x20bd2b0f, L:/127.0.0.1:52067 - R:localhost/127.0.0.1:50956] for POST '/session/7881a7b73e53dfccca01e768e45cffae/element/83714b75-4077-4fa8-9330-c1e24afe60a2/clear'
12:45:51.775 [AsyncHttpClient-1-11] DEBUG org.asynchttpclient.netty.handler.HttpHandler - 

Request DefaultHttpRequest(decodeResult: success, version: HTTP/1.1)
POST /session/7881a7b73e53dfccca01e768e45cffae/element/83714b75-4077-4fa8-9330-c1e24afe60a2/clear HTTP/1.1
User-Agent: selenium/4.1.2 (java windows)
Content-Length: 50
Content-Type: application/json; charset=utf-8
host: localhost:50956
accept: */*

Response DefaultHttpResponse(decodeResult: success, version: HTTP/1.1)
HTTP/1.1 200 OK
Content-Type: application/json; charset=utf-8
cache-control: no-cache
content-length: 14

12:45:51.775 [AsyncHttpClient-1-11] DEBUG org.asynchttpclient.netty.channel.ChannelManager - Adding key: http://localhost:50956 for channel [id: 0x20bd2b0f, L:/127.0.0.1:52067 - R:localhost/127.0.0.1:50956]
12:45:51.777 [Forwarding sendKeysToElement on session 7881a7b73e53dfccca01e768e45cffae to remote] DEBUG org.asynchttpclient.netty.request.NettyRequestSender - Using pooled Channel '[id: 0x20bd2b0f, L:/127.0.0.1:52067 - R:localhost/127.0.0.1:50956]' for 'POST' to 'http://localhost:50956/session/7881a7b73e53dfccca01e768e45cffae/element/83714b75-4077-4fa8-9330-c1e24afe60a2/value'
12:45:51.777 [Forwarding sendKeysToElement on session 7881a7b73e53dfccca01e768e45cffae to remote] DEBUG org.asynchttpclient.netty.request.NettyRequestSender - Using open Channel [id: 0x20bd2b0f, L:/127.0.0.1:52067 - R:localhost/127.0.0.1:50956] for POST '/session/7881a7b73e53dfccca01e768e45cffae/element/83714b75-4077-4fa8-9330-c1e24afe60a2/value'
12:45:51.809 [AsyncHttpClient-1-11] DEBUG org.asynchttpclient.netty.handler.HttpHandler - 

Request DefaultHttpRequest(decodeResult: success, version: HTTP/1.1)
POST /session/7881a7b73e53dfccca01e768e45cffae/element/83714b75-4077-4fa8-9330-c1e24afe60a2/value HTTP/1.1
User-Agent: selenium/4.1.2 (java windows)
Content-Length: 82
Content-Type: application/json; charset=utf-8
host: localhost:50956
accept: */*

Response DefaultHttpResponse(decodeResult: success, version: HTTP/1.1)
HTTP/1.1 200 OK
Content-Type: application/json; charset=utf-8
cache-control: no-cache
content-length: 14

12:45:51.810 [AsyncHttpClient-1-11] DEBUG org.asynchttpclient.netty.channel.ChannelManager - Adding key: http://localhost:50956 for channel [id: 0x20bd2b0f, L:/127.0.0.1:52067 - R:localhost/127.0.0.1:50956]
  &amp#27;[32mAnd &amp#27;[0m&amp#27;[32mI input new &amp#27;[0m&amp#27;[32m&amp#27;[1m""&amp#27;[0m&amp#27;[32m email&amp#27;[0m             &amp#27;[90m# starter.stepdefinition.Registerstep.iInputNewEmail(java.lang.String)&amp#27;[0m
12:45:51.813 [Forwarding screenshot on session 7881a7b73e53dfccca01e768e45cffae to remote] DEBUG org.asynchttpclient.netty.request.NettyRequestSender - Using pooled Channel '[id: 0x20bd2b0f, L:/127.0.0.1:52067 - R:localhost/127.0.0.1:50956]' for 'GET' to 'http://localhost:50956/session/7881a7b73e53dfccca01e768e45cffae/screenshot'
12:45:51.813 [Forwarding screenshot on session 7881a7b73e53dfccca01e768e45cffae to remote] DEBUG org.asynchttpclient.netty.request.NettyRequestSender - Using open Channel [id: 0x20bd2b0f, L:/127.0.0.1:52067 - R:localhost/127.0.0.1:50956] for GET '/session/7881a7b73e53dfccca01e768e45cffae/screenshot'
12:45:51.963 [AsyncHttpClient-1-11] DEBUG org.asynchttpclient.netty.handler.HttpHandler - 

Request DefaultFullHttpRequest(decodeResult: success, version: HTTP/1.1, content: EmptyByteBufBE)
GET /session/7881a7b73e53dfccca01e768e45cffae/screenshot HTTP/1.1
User-Agent: selenium/4.1.2 (java windows)
Cache-Control: no-cache
Content-Type: application/json; charset=utf-8
host: localhost:50956
accept: */*

Response DefaultHttpResponse(decodeResult: success, version: HTTP/1.1)
HTTP/1.1 200 OK
Content-Type: application/json; charset=utf-8
cache-control: no-cache
content-length: 38540

12:45:51.963 [AsyncHttpClient-1-11] DEBUG org.asynchttpclient.netty.channel.ChannelManager - Adding key: http://localhost:50956 for channel [id: 0x20bd2b0f, L:/127.0.0.1:52067 - R:localhost/127.0.0.1:50956]
12:45:51.966 [main] DEBUG net.serenitybdd.core.photography.Darkroom - Send negative for processing for target\site\serenity\18dcc51db3a7d6d95e9625b8b2050b29b19c4b858db457f76fb85cb6c4fbb6a5.png
12:45:51.966 [Darkroom Processing Line] DEBUG net.serenitybdd.core.photography.DarkroomProcessingLine - Processing screenshot image in /var/screenshots/screenshot-594892378633147632
12:45:51.966 [Darkroom Processing Line] DEBUG net.serenitybdd.core.photography.DarkroomProcessingLine - Saving screenshot to target\site\serenity\18dcc51db3a7d6d95e9625b8b2050b29b19c4b858db457f76fb85cb6c4fbb6a5.png
12:45:51.971 [Forwarding findElement on session 7881a7b73e53dfccca01e768e45cffae to remote] DEBUG org.asynchttpclient.netty.request.NettyRequestSender - Using pooled Channel '[id: 0x20bd2b0f, L:/127.0.0.1:52067 - R:localhost/127.0.0.1:50956]' for 'POST' to 'http://localhost:50956/session/7881a7b73e53dfccca01e768e45cffae/element'
12:45:51.971 [Forwarding findElement on session 7881a7b73e53dfccca01e768e45cffae to remote] DEBUG org.asynchttpclient.netty.request.NettyRequestSender - Using open Channel [id: 0x20bd2b0f, L:/127.0.0.1:52067 - R:localhost/127.0.0.1:50956] for POST '/session/7881a7b73e53dfccca01e768e45cffae/element'
12:45:51.980 [AsyncHttpClient-1-11] DEBUG org.asynchttpclient.netty.handler.HttpHandler - 

Request DefaultHttpRequest(decodeResult: success, version: HTTP/1.1)
POST /session/7881a7b73e53dfccca01e768e45cffae/element HTTP/1.1
User-Agent: selenium/4.1.2 (java windows)
Content-Length: 91
Content-Type: application/json; charset=utf-8
host: localhost:50956
accept: */*

Response DefaultHttpResponse(decodeResult: success, version: HTTP/1.1)
HTTP/1.1 200 OK
Content-Type: application/json; charset=utf-8
cache-control: no-cache
content-length: 88

12:45:51.980 [AsyncHttpClient-1-11] DEBUG org.asynchttpclient.netty.channel.ChannelManager - Adding key: http://localhost:50956 for channel [id: 0x20bd2b0f, L:/127.0.0.1:52067 - R:localhost/127.0.0.1:50956]
12:45:51.981 [Forwarding clearElement on session 7881a7b73e53dfccca01e768e45cffae to remote] DEBUG org.asynchttpclient.netty.request.NettyRequestSender - Using pooled Channel '[id: 0x20bd2b0f, L:/127.0.0.1:52067 - R:localhost/127.0.0.1:50956]' for 'POST' to 'http://localhost:50956/session/7881a7b73e53dfccca01e768e45cffae/element/6b29eae7-aad7-4305-914d-21900dd85fa4/clear'
12:45:51.981 [Forwarding clearElement on session 7881a7b73e53dfccca01e768e45cffae to remote] DEBUG org.asynchttpclient.netty.request.NettyRequestSender - Using open Channel [id: 0x20bd2b0f, L:/127.0.0.1:52067 - R:localhost/127.0.0.1:50956] for POST '/session/7881a7b73e53dfccca01e768e45cffae/element/6b29eae7-aad7-4305-914d-21900dd85fa4/clear'
12:45:52.009 [AsyncHttpClient-1-11] DEBUG org.asynchttpclient.netty.handler.HttpHandler - 

Request DefaultHttpRequest(decodeResult: success, version: HTTP/1.1)
POST /session/7881a7b73e53dfccca01e768e45cffae/element/6b29eae7-aad7-4305-914d-21900dd85fa4/clear HTTP/1.1
User-Agent: selenium/4.1.2 (java windows)
Content-Length: 50
Content-Type: application/json; charset=utf-8
host: localhost:50956
accept: */*

Response DefaultHttpResponse(decodeResult: success, version: HTTP/1.1)
HTTP/1.1 200 OK
Content-Type: application/json; charset=utf-8
cache-control: no-cache
content-length: 14

12:45:52.009 [AsyncHttpClient-1-11] DEBUG org.asynchttpclient.netty.channel.ChannelManager - Adding key: http://localhost:50956 for channel [id: 0x20bd2b0f, L:/127.0.0.1:52067 - R:localhost/127.0.0.1:50956]
12:45:52.010 [Forwarding sendKeysToElement on session 7881a7b73e53dfccca01e768e45cffae to remote] DEBUG org.asynchttpclient.netty.request.NettyRequestSender - Using pooled Channel '[id: 0x20bd2b0f, L:/127.0.0.1:52067 - R:localhost/127.0.0.1:50956]' for 'POST' to 'http://localhost:50956/session/7881a7b73e53dfccca01e768e45cffae/element/6b29eae7-aad7-4305-914d-21900dd85fa4/value'
12:45:52.010 [Forwarding sendKeysToElement on session 7881a7b73e53dfccca01e768e45cffae to remote] DEBUG org.asynchttpclient.netty.request.NettyRequestSender - Using open Channel [id: 0x20bd2b0f, L:/127.0.0.1:52067 - R:localhost/127.0.0.1:50956] for POST '/session/7881a7b73e53dfccca01e768e45cffae/element/6b29eae7-aad7-4305-914d-21900dd85fa4/value'
12:45:52.046 [AsyncHttpClient-1-11] DEBUG org.asynchttpclient.netty.handler.HttpHandler - 

Request DefaultHttpRequest(decodeResult: success, version: HTTP/1.1)
POST /session/7881a7b73e53dfccca01e768e45cffae/element/6b29eae7-aad7-4305-914d-21900dd85fa4/value HTTP/1.1
User-Agent: selenium/4.1.2 (java windows)
Content-Length: 82
Content-Type: application/json; charset=utf-8
host: localhost:50956
accept: */*

Response DefaultHttpResponse(decodeResult: success, version: HTTP/1.1)
HTTP/1.1 200 OK
Content-Type: application/json; charset=utf-8
cache-control: no-cache
content-length: 14

12:45:52.046 [AsyncHttpClient-1-11] DEBUG org.asynchttpclient.netty.channel.ChannelManager - Adding key: http://localhost:50956 for channel [id: 0x20bd2b0f, L:/127.0.0.1:52067 - R:localhost/127.0.0.1:50956]
  &amp#27;[32mAnd &amp#27;[0m&amp#27;[32mI input new &amp#27;[0m&amp#27;[32m&amp#27;[1m""&amp#27;[0m&amp#27;[32m password&amp#27;[0m          &amp#27;[90m# starter.stepdefinition.Registerstep.iInputNewPassword(java.lang.String)&amp#27;[0m
12:45:52.053 [Forwarding screenshot on session 7881a7b73e53dfccca01e768e45cffae to remote] DEBUG org.asynchttpclient.netty.request.NettyRequestSender - Using pooled Channel '[id: 0x20bd2b0f, L:/127.0.0.1:52067 - R:localhost/127.0.0.1:50956]' for 'GET' to 'http://localhost:50956/session/7881a7b73e53dfccca01e768e45cffae/screenshot'
12:45:52.053 [Forwarding screenshot on session 7881a7b73e53dfccca01e768e45cffae to remote] DEBUG org.asynchttpclient.netty.request.NettyRequestSender - Using open Channel [id: 0x20bd2b0f, L:/127.0.0.1:52067 - R:localhost/127.0.0.1:50956] for GET '/session/7881a7b73e53dfccca01e768e45cffae/screenshot'
12:45:52.209 [AsyncHttpClient-1-11] DEBUG org.asynchttpclient.netty.handler.HttpHandler - 

Request DefaultFullHttpRequest(decodeResult: success, version: HTTP/1.1, content: EmptyByteBufBE)
GET /session/7881a7b73e53dfccca01e768e45cffae/screenshot HTTP/1.1
User-Agent: selenium/4.1.2 (java windows)
Cache-Control: no-cache
Content-Type: application/json; charset=utf-8
host: localhost:50956
accept: */*

Response DefaultHttpResponse(decodeResult: success, version: HTTP/1.1)
HTTP/1.1 200 OK
Content-Type: application/json; charset=utf-8
cache-control: no-cache
content-length: 37872

12:45:52.210 [AsyncHttpClient-1-11] DEBUG org.asynchttpclient.netty.channel.ChannelManager - Adding key: http://localhost:50956 for channel [id: 0x20bd2b0f, L:/127.0.0.1:52067 - R:localhost/127.0.0.1:50956]
12:45:52.211 [main] DEBUG net.serenitybdd.core.photography.Darkroom - Send negative for processing for target\site\serenity\599e0083a5e70c536fe616b6127069d102f7b64aeeed2f0da1eff36f88939e6d.png
12:45:52.211 [Darkroom Processing Line] DEBUG net.serenitybdd.core.photography.DarkroomProcessingLine - Processing screenshot image in /var/screenshots/screenshot-10027653836597551599
12:45:52.211 [Darkroom Processing Line] DEBUG net.serenitybdd.core.photography.DarkroomProcessingLine - Saving screenshot to target\site\serenity\599e0083a5e70c536fe616b6127069d102f7b64aeeed2f0da1eff36f88939e6d.png
12:45:52.218 [Forwarding findElement on session 7881a7b73e53dfccca01e768e45cffae to remote] DEBUG org.asynchttpclient.netty.request.NettyRequestSender - Using pooled Channel '[id: 0x20bd2b0f, L:/127.0.0.1:52067 - R:localhost/127.0.0.1:50956]' for 'POST' to 'http://localhost:50956/session/7881a7b73e53dfccca01e768e45cffae/element'
12:45:52.218 [Forwarding findElement on session 7881a7b73e53dfccca01e768e45cffae to remote] DEBUG org.asynchttpclient.netty.request.NettyRequestSender - Using open Channel [id: 0x20bd2b0f, L:/127.0.0.1:52067 - R:localhost/127.0.0.1:50956] for POST '/session/7881a7b73e53dfccca01e768e45cffae/element'
12:45:52.227 [AsyncHttpClient-1-11] DEBUG org.asynchttpclient.netty.handler.HttpHandler - 

Request DefaultHttpRequest(decodeResult: success, version: HTTP/1.1)
POST /session/7881a7b73e53dfccca01e768e45cffae/element HTTP/1.1
User-Agent: selenium/4.1.2 (java windows)
Content-Length: 123
Content-Type: application/json; charset=utf-8
host: localhost:50956
accept: */*

Response DefaultHttpResponse(decodeResult: success, version: HTTP/1.1)
HTTP/1.1 200 OK
Content-Type: application/json; charset=utf-8
cache-control: no-cache
content-length: 88

12:45:52.227 [AsyncHttpClient-1-11] DEBUG org.asynchttpclient.netty.channel.ChannelManager - Adding key: http://localhost:50956 for channel [id: 0x20bd2b0f, L:/127.0.0.1:52067 - R:localhost/127.0.0.1:50956]
12:45:52.228 [Forwarding getElementTagName on session 7881a7b73e53dfccca01e768e45cffae to remote] DEBUG org.asynchttpclient.netty.request.NettyRequestSender - Using pooled Channel '[id: 0x20bd2b0f, L:/127.0.0.1:52067 - R:localhost/127.0.0.1:50956]' for 'GET' to 'http://localhost:50956/session/7881a7b73e53dfccca01e768e45cffae/element/a4252cf6-204c-425e-a5bd-2e729ed33ad8/name'
12:45:52.228 [Forwarding getElementTagName on session 7881a7b73e53dfccca01e768e45cffae to remote] DEBUG org.asynchttpclient.netty.request.NettyRequestSender - Using open Channel [id: 0x20bd2b0f, L:/127.0.0.1:52067 - R:localhost/127.0.0.1:50956] for GET '/session/7881a7b73e53dfccca01e768e45cffae/element/a4252cf6-204c-425e-a5bd-2e729ed33ad8/name'
12:45:52.233 [AsyncHttpClient-1-11] DEBUG org.asynchttpclient.netty.handler.HttpHandler - 

Request DefaultFullHttpRequest(decodeResult: success, version: HTTP/1.1, content: EmptyByteBufBE)
GET /session/7881a7b73e53dfccca01e768e45cffae/element/a4252cf6-204c-425e-a5bd-2e729ed33ad8/name HTTP/1.1
User-Agent: selenium/4.1.2 (java windows)
Cache-Control: no-cache
Content-Type: application/json; charset=utf-8
host: localhost:50956
accept: */*

Response DefaultHttpResponse(decodeResult: success, version: HTTP/1.1)
HTTP/1.1 200 OK
Content-Type: application/json; charset=utf-8
cache-control: no-cache
content-length: 16

12:45:52.233 [AsyncHttpClient-1-11] DEBUG org.asynchttpclient.netty.channel.ChannelManager - Adding key: http://localhost:50956 for channel [id: 0x20bd2b0f, L:/127.0.0.1:52067 - R:localhost/127.0.0.1:50956]
12:45:52.233 [Forwarding getElementTagName on session 7881a7b73e53dfccca01e768e45cffae to remote] DEBUG org.asynchttpclient.netty.request.NettyRequestSender - Using pooled Channel '[id: 0x20bd2b0f, L:/127.0.0.1:52067 - R:localhost/127.0.0.1:50956]' for 'GET' to 'http://localhost:50956/session/7881a7b73e53dfccca01e768e45cffae/element/a4252cf6-204c-425e-a5bd-2e729ed33ad8/name'
12:45:52.233 [Forwarding getElementTagName on session 7881a7b73e53dfccca01e768e45cffae to remote] DEBUG org.asynchttpclient.netty.request.NettyRequestSender - Using open Channel [id: 0x20bd2b0f, L:/127.0.0.1:52067 - R:localhost/127.0.0.1:50956] for GET '/session/7881a7b73e53dfccca01e768e45cffae/element/a4252cf6-204c-425e-a5bd-2e729ed33ad8/name'
12:45:52.240 [AsyncHttpClient-1-11] DEBUG org.asynchttpclient.netty.handler.HttpHandler - 

Request DefaultFullHttpRequest(decodeResult: success, version: HTTP/1.1, content: EmptyByteBufBE)
GET /session/7881a7b73e53dfccca01e768e45cffae/element/a4252cf6-204c-425e-a5bd-2e729ed33ad8/name HTTP/1.1
User-Agent: selenium/4.1.2 (java windows)
Cache-Control: no-cache
Content-Type: application/json; charset=utf-8
host: localhost:50956
accept: */*

Response DefaultHttpResponse(decodeResult: success, version: HTTP/1.1)
HTTP/1.1 200 OK
Content-Type: application/json; charset=utf-8
cache-control: no-cache
content-length: 16

12:45:52.240 [AsyncHttpClient-1-11] DEBUG org.asynchttpclient.netty.channel.ChannelManager - Adding key: http://localhost:50956 for channel [id: 0x20bd2b0f, L:/127.0.0.1:52067 - R:localhost/127.0.0.1:50956]
12:45:52.241 [Forwarding findElement on session 7881a7b73e53dfccca01e768e45cffae to remote] DEBUG org.asynchttpclient.netty.request.NettyRequestSender - Using pooled Channel '[id: 0x20bd2b0f, L:/127.0.0.1:52067 - R:localhost/127.0.0.1:50956]' for 'POST' to 'http://localhost:50956/session/7881a7b73e53dfccca01e768e45cffae/element'
12:45:52.241 [Forwarding findElement on session 7881a7b73e53dfccca01e768e45cffae to remote] DEBUG org.asynchttpclient.netty.request.NettyRequestSender - Using open Channel [id: 0x20bd2b0f, L:/127.0.0.1:52067 - R:localhost/127.0.0.1:50956] for POST '/session/7881a7b73e53dfccca01e768e45cffae/element'
12:45:52.247 [AsyncHttpClient-1-11] DEBUG org.asynchttpclient.netty.handler.HttpHandler - 

Request DefaultHttpRequest(decodeResult: success, version: HTTP/1.1)
POST /session/7881a7b73e53dfccca01e768e45cffae/element HTTP/1.1
User-Agent: selenium/4.1.2 (java windows)
Content-Length: 123
Content-Type: application/json; charset=utf-8
host: localhost:50956
accept: */*

Response DefaultHttpResponse(decodeResult: success, version: HTTP/1.1)
HTTP/1.1 200 OK
Content-Type: application/json; charset=utf-8
cache-control: no-cache
content-length: 88

12:45:52.247 [AsyncHttpClient-1-11] DEBUG org.asynchttpclient.netty.channel.ChannelManager - Adding key: http://localhost:50956 for channel [id: 0x20bd2b0f, L:/127.0.0.1:52067 - R:localhost/127.0.0.1:50956]
12:45:52.248 [Forwarding clickElement on session 7881a7b73e53dfccca01e768e45cffae to remote] DEBUG org.asynchttpclient.netty.request.NettyRequestSender - Using pooled Channel '[id: 0x20bd2b0f, L:/127.0.0.1:52067 - R:localhost/127.0.0.1:50956]' for 'POST' to 'http://localhost:50956/session/7881a7b73e53dfccca01e768e45cffae/element/a4252cf6-204c-425e-a5bd-2e729ed33ad8/click'
12:45:52.248 [Forwarding clickElement on session 7881a7b73e53dfccca01e768e45cffae to remote] DEBUG org.asynchttpclient.netty.request.NettyRequestSender - Using open Channel [id: 0x20bd2b0f, L:/127.0.0.1:52067 - R:localhost/127.0.0.1:50956] for POST '/session/7881a7b73e53dfccca01e768e45cffae/element/a4252cf6-204c-425e-a5bd-2e729ed33ad8/click'
12:45:52.284 [AsyncHttpClient-1-11] DEBUG org.asynchttpclient.netty.handler.HttpHandler - 

Request DefaultHttpRequest(decodeResult: success, version: HTTP/1.1)
POST /session/7881a7b73e53dfccca01e768e45cffae/element/a4252cf6-204c-425e-a5bd-2e729ed33ad8/click HTTP/1.1
User-Agent: selenium/4.1.2 (java windows)
Content-Length: 50
Content-Type: application/json; charset=utf-8
host: localhost:50956
accept: */*

Response DefaultHttpResponse(decodeResult: success, version: HTTP/1.1)
HTTP/1.1 200 OK
Content-Type: application/json; charset=utf-8
cache-control: no-cache
content-length: 14

12:45:52.285 [AsyncHttpClient-1-11] DEBUG org.asynchttpclient.netty.channel.ChannelManager - Adding key: http://localhost:50956 for channel [id: 0x20bd2b0f, L:/127.0.0.1:52067 - R:localhost/127.0.0.1:50956]
  &amp#27;[32mAnd &amp#27;[0m&amp#27;[32mI click register  button&amp#27;[0m         &amp#27;[90m# starter.stepdefinition.Registerstep.iClickRegisterButton()&amp#27;[0m
12:45:52.288 [Forwarding screenshot on session 7881a7b73e53dfccca01e768e45cffae to remote] DEBUG org.asynchttpclient.netty.request.NettyRequestSender - Using pooled Channel '[id: 0x20bd2b0f, L:/127.0.0.1:52067 - R:localhost/127.0.0.1:50956]' for 'GET' to 'http://localhost:50956/session/7881a7b73e53dfccca01e768e45cffae/screenshot'
12:45:52.289 [Forwarding screenshot on session 7881a7b73e53dfccca01e768e45cffae to remote] DEBUG org.asynchttpclient.netty.request.NettyRequestSender - Using open Channel [id: 0x20bd2b0f, L:/127.0.0.1:52067 - R:localhost/127.0.0.1:50956] for GET '/session/7881a7b73e53dfccca01e768e45cffae/screenshot'
12:45:52.348 [AsyncHttpClient-1-1] DEBUG org.asynchttpclient.netty.channel.DefaultChannelPool - Entry count for : http://localhost:52068 : 1
12:45:52.443 [AsyncHttpClient-1-11] DEBUG org.asynchttpclient.netty.handler.HttpHandler - 

Request DefaultFullHttpRequest(decodeResult: success, version: HTTP/1.1, content: EmptyByteBufBE)
GET /session/7881a7b73e53dfccca01e768e45cffae/screenshot HTTP/1.1
User-Agent: selenium/4.1.2 (java windows)
Cache-Control: no-cache
Content-Type: application/json; charset=utf-8
host: localhost:50956
accept: */*

Response DefaultHttpResponse(decodeResult: success, version: HTTP/1.1)
HTTP/1.1 200 OK
Content-Type: application/json; charset=utf-8
cache-control: no-cache
content-length: 37708

12:45:52.443 [AsyncHttpClient-1-11] DEBUG org.asynchttpclient.netty.channel.ChannelManager - Adding key: http://localhost:50956 for channel [id: 0x20bd2b0f, L:/127.0.0.1:52067 - R:localhost/127.0.0.1:50956]
12:45:52.445 [main] DEBUG net.serenitybdd.core.photography.Darkroom - Send negative for processing for target\site\serenity\bd40be02397842b438025a3e63aaf62c08ebd287caf70edfa452bf6f3c05c46e.png
12:45:52.446 [Darkroom Processing Line] DEBUG net.serenitybdd.core.photography.DarkroomProcessingLine - Processing screenshot image in /var/screenshots/screenshot-5741583955755808385
12:45:52.446 [Darkroom Processing Line] DEBUG net.serenitybdd.core.photography.DarkroomProcessingLine - Saving screenshot to target\site\serenity\bd40be02397842b438025a3e63aaf62c08ebd287caf70edfa452bf6f3c05c46e.png
12:45:52.451 [Forwarding findElement on session 7881a7b73e53dfccca01e768e45cffae to remote] DEBUG org.asynchttpclient.netty.request.NettyRequestSender - Using pooled Channel '[id: 0x20bd2b0f, L:/127.0.0.1:52067 - R:localhost/127.0.0.1:50956]' for 'POST' to 'http://localhost:50956/session/7881a7b73e53dfccca01e768e45cffae/element'
12:45:52.451 [Forwarding findElement on session 7881a7b73e53dfccca01e768e45cffae to remote] DEBUG org.asynchttpclient.netty.request.NettyRequestSender - Using open Channel [id: 0x20bd2b0f, L:/127.0.0.1:52067 - R:localhost/127.0.0.1:50956] for POST '/session/7881a7b73e53dfccca01e768e45cffae/element'
12:45:53.025 [AsyncHttpClient-1-11] DEBUG org.asynchttpclient.netty.handler.HttpHandler - 

Request DefaultHttpRequest(decodeResult: success, version: HTTP/1.1)
POST /session/7881a7b73e53dfccca01e768e45cffae/element HTTP/1.1
User-Agent: selenium/4.1.2 (java windows)
Content-Length: 81
Content-Type: application/json; charset=utf-8
host: localhost:50956
accept: */*

Response DefaultHttpResponse(decodeResult: success, version: HTTP/1.1)
HTTP/1.1 200 OK
Content-Type: application/json; charset=utf-8
cache-control: no-cache
content-length: 88

12:45:53.025 [AsyncHttpClient-1-11] DEBUG org.asynchttpclient.netty.channel.ChannelManager - Adding key: http://localhost:50956 for channel [id: 0x20bd2b0f, L:/127.0.0.1:52067 - R:localhost/127.0.0.1:50956]
12:45:53.031 [Forwarding isElementDisplayed on session 7881a7b73e53dfccca01e768e45cffae to remote] DEBUG org.asynchttpclient.netty.request.NettyRequestSender - Using pooled Channel '[id: 0x20bd2b0f, L:/127.0.0.1:52067 - R:localhost/127.0.0.1:50956]' for 'POST' to 'http://localhost:50956/session/7881a7b73e53dfccca01e768e45cffae/execute/sync'
12:45:53.031 [Forwarding isElementDisplayed on session 7881a7b73e53dfccca01e768e45cffae to remote] DEBUG org.asynchttpclient.netty.request.NettyRequestSender - Using open Channel [id: 0x20bd2b0f, L:/127.0.0.1:52067 - R:localhost/127.0.0.1:50956] for POST '/session/7881a7b73e53dfccca01e768e45cffae/execute/sync'
12:45:53.044 [AsyncHttpClient-1-11] DEBUG org.asynchttpclient.netty.handler.HttpHandler - 

Request DefaultHttpRequest(decodeResult: success, version: HTTP/1.1)
POST /session/7881a7b73e53dfccca01e768e45cffae/execute/sync HTTP/1.1
User-Agent: selenium/4.1.2 (java windows)
Content-Length: 48780
Content-Type: application/json; charset=utf-8
host: localhost:50956
accept: */*

Response DefaultHttpResponse(decodeResult: success, version: HTTP/1.1)
HTTP/1.1 200 OK
Content-Type: application/json; charset=utf-8
cache-control: no-cache
content-length: 14

12:45:53.045 [AsyncHttpClient-1-11] DEBUG org.asynchttpclient.netty.channel.ChannelManager - Adding key: http://localhost:50956 for channel [id: 0x20bd2b0f, L:/127.0.0.1:52067 - R:localhost/127.0.0.1:50956]
  &amp#27;[32mThen &amp#27;[0m&amp#27;[32mI will get &amp#27;[0m&amp#27;[32m&amp#27;[1m"error message"&amp#27;[0m      &amp#27;[90m# starter.stepdefinition.Registerstep.iWillGet(java.lang.String)&amp#27;[0m
12:45:53.048 [Forwarding screenshot on session 7881a7b73e53dfccca01e768e45cffae to remote] DEBUG org.asynchttpclient.netty.request.NettyRequestSender - Using pooled Channel '[id: 0x20bd2b0f, L:/127.0.0.1:52067 - R:localhost/127.0.0.1:50956]' for 'GET' to 'http://localhost:50956/session/7881a7b73e53dfccca01e768e45cffae/screenshot'
12:45:53.048 [Forwarding screenshot on session 7881a7b73e53dfccca01e768e45cffae to remote] DEBUG org.asynchttpclient.netty.request.NettyRequestSender - Using open Channel [id: 0x20bd2b0f, L:/127.0.0.1:52067 - R:localhost/127.0.0.1:50956] for GET '/session/7881a7b73e53dfccca01e768e45cffae/screenshot'
12:45:53.213 [AsyncHttpClient-1-11] DEBUG org.asynchttpclient.netty.handler.HttpHandler - 

Request DefaultFullHttpRequest(decodeResult: success, version: HTTP/1.1, content: EmptyByteBufBE)
GET /session/7881a7b73e53dfccca01e768e45cffae/screenshot HTTP/1.1
User-Agent: selenium/4.1.2 (java windows)
Cache-Control: no-cache
Content-Type: application/json; charset=utf-8
host: localhost:50956
accept: */*

Response DefaultHttpResponse(decodeResult: success, version: HTTP/1.1)
HTTP/1.1 200 OK
Content-Type: application/json; charset=utf-8
cache-control: no-cache
content-length: 38976

12:45:53.213 [AsyncHttpClient-1-11] DEBUG org.asynchttpclient.netty.channel.ChannelManager - Adding key: http://localhost:50956 for channel [id: 0x20bd2b0f, L:/127.0.0.1:52067 - R:localhost/127.0.0.1:50956]
12:45:53.216 [main] DEBUG net.serenitybdd.core.photography.Darkroom - Send negative for processing for target\site\serenity\2299216994ce8d607987e6c92094f30bd0f541cb7cf49bd8df3d073f0a154365.png
12:45:53.216 [Darkroom Processing Line] DEBUG net.serenitybdd.core.photography.DarkroomProcessingLine - Processing screenshot image in /var/screenshots/screenshot-4054968538180531314
12:45:53.216 [Darkroom Processing Line] DEBUG net.serenitybdd.core.photography.DarkroomProcessingLine - Saving screenshot to target\site\serenity\2299216994ce8d607987e6c92094f30bd0f541cb7cf49bd8df3d073f0a154365.png
12:45:53.221 [AsyncHttpClient-1-13] DEBUG org.asynchttpclient.netty.handler.WebSocketHandler - Channel Closed: [id: 0x9fc35a74, L:/127.0.0.1:52075 ! R:localhost/127.0.0.1:52068] with attribute NettyResponseFuture{currentRetry=5,
	isDone=1,
	isCancelled=0,
	asyncHandler=org.asynchttpclient.ws.WebSocketUpgradeHandler@62378fbf,
	nettyRequest=org.asynchttpclient.netty.request.NettyRequest@6385e7af,
	future=java.util.concurrent.CompletableFuture@544e9a53[Completed normally],
	uri=ws://localhost:52068/devtools/browser/2c1ee57d-06ec-40bf-93dd-68bb5c931ca4,
	keepAlive=true,
	redirectCount=0,
	timeoutsHolder=null,
	inAuth=0,
	touch=1667972748186}
12:45:53.221 [AsyncHttpClient-1-13] DEBUG org.asynchttpclient.netty.channel.ChannelManager - Closing Channel [id: 0x9fc35a74, L:/127.0.0.1:52075 ! R:localhost/127.0.0.1:52068] 
12:45:53.221 [Driver Command Executor] DEBUG org.asynchttpclient.netty.request.NettyRequestSender - Using pooled Channel '[id: 0x20bd2b0f, L:/127.0.0.1:52067 - R:localhost/127.0.0.1:50956]' for 'DELETE' to 'http://localhost:50956/session/7881a7b73e53dfccca01e768e45cffae'
12:45:53.221 [Driver Command Executor] DEBUG org.asynchttpclient.netty.request.NettyRequestSender - Using open Channel [id: 0x20bd2b0f, L:/127.0.0.1:52067 - R:localhost/127.0.0.1:50956] for DELETE '/session/7881a7b73e53dfccca01e768e45cffae'
12:45:53.290 [AsyncHttpClient-1-12] DEBUG org.asynchttpclient.netty.handler.HttpHandler - Unexpected I/O exception on channel [id: 0x9a566207, L:/127.0.0.1:52074 - R:localhost/127.0.0.1:52068]
java.io.IOException: An existing connection was forcibly closed by the remote host
	at java.base/sun.nio.ch.SocketDispatcher.read0(Native Method)
	at java.base/sun.nio.ch.SocketDispatcher.read(SocketDispatcher.java:43)
	at java.base/sun.nio.ch.IOUtil.readIntoNativeBuffer(IOUtil.java:276)
	at java.base/sun.nio.ch.IOUtil.read(IOUtil.java:233)
	at java.base/sun.nio.ch.IOUtil.read(IOUtil.java:223)
	at java.base/sun.nio.ch.SocketChannelImpl.read(SocketChannelImpl.java:358)
	at io.netty.buffer.PooledByteBuf.setBytes(PooledByteBuf.java:258)
	at io.netty.buffer.AbstractByteBuf.writeBytes(AbstractByteBuf.java:1132)
	at io.netty.channel.socket.nio.NioSocketChannel.doReadBytes(NioSocketChannel.java:350)
	at io.netty.channel.nio.AbstractNioByteChannel$NioByteUnsafe.read(AbstractNioByteChannel.java:151)
	at io.netty.channel.nio.NioEventLoop.processSelectedKey(NioEventLoop.java:722)
	at io.netty.channel.nio.NioEventLoop.processSelectedKeysOptimized(NioEventLoop.java:658)
	at io.netty.channel.nio.NioEventLoop.processSelectedKeys(NioEventLoop.java:584)
	at io.netty.channel.nio.NioEventLoop.run(NioEventLoop.java:496)
	at io.netty.util.concurrent.SingleThreadEventExecutor$4.run(SingleThreadEventExecutor.java:986)
	at io.netty.util.internal.ThreadExecutorMap$2.run(ThreadExecutorMap.java:74)
	at io.netty.util.concurrent.FastThreadLocalRunnable.run(FastThreadLocalRunnable.java:30)
	at java.base/java.lang.Thread.run(Thread.java:834)
12:45:53.290 [AsyncHttpClient-1-12] DEBUG org.asynchttpclient.netty.channel.ChannelManager - Closing Channel [id: 0x9a566207, L:/127.0.0.1:52074 - R:localhost/127.0.0.1:52068] 
12:45:53.290 [AsyncHttpClient-1-12] DEBUG org.asynchttpclient.netty.handler.HttpHandler - Channel Closed: [id: 0x9a566207, L:/127.0.0.1:52074 ! R:localhost/127.0.0.1:52068] with attribute DISCARD
12:45:53.311 [AsyncHttpClient-1-11] DEBUG org.asynchttpclient.netty.handler.HttpHandler - 

Request DefaultFullHttpRequest(decodeResult: success, version: HTTP/1.1, content: EmptyByteBufBE)
DELETE /session/7881a7b73e53dfccca01e768e45cffae HTTP/1.1
User-Agent: selenium/4.1.2 (java windows)
Content-Type: application/json; charset=utf-8
host: localhost:50956
accept: */*

Response DefaultHttpResponse(decodeResult: success, version: HTTP/1.1)
HTTP/1.1 200 OK
Content-Type: application/json; charset=utf-8
cache-control: no-cache
content-length: 14

12:45:53.311 [AsyncHttpClient-1-11] DEBUG org.asynchttpclient.netty.channel.ChannelManager - Adding key: http://localhost:50956 for channel [id: 0x20bd2b0f, L:/127.0.0.1:52067 - R:localhost/127.0.0.1:50956]
12:45:53.353 [AsyncHttpClient-1-11] DEBUG org.asynchttpclient.netty.handler.HttpHandler - Channel Closed: [id: 0x20bd2b0f, L:/127.0.0.1:52067 ! R:localhost/127.0.0.1:50956] with attribute DISCARD
12:45:53.407 [main] INFO  - 
  _____   ___   ___   _____     ___     _     ___   ___   ___   ___  
 |_   _| | __| / __| |_   _|   | _ \   /_\   / __| / __| | __| |   \ 
   | |   | _|  \__ \   | |     |  _/  / _ \  \__ \ \__ \ | _|  | |) |
   |_|   |___| |___/   |_|     |_|   /_/ \_\ |___/ |___/ |___| |___/ 

Register new account
----------------------------------------------------------------------
]]></system-out>
    <system-err><![CDATA[Starting ChromeDriver 107.0.5304.62 (1eec40d3a5764881c92085aaee66d25075c159aa-refs/branch-heads/5304@{#942}) on port 50956
Only local connections are allowed.
Please see https://chromedriver.chromium.org/security-considerations for suggestions on keeping ChromeDriver safe.
ChromeDriver was started successfully.
Nov 09, 2022 12:45:48 PM org.openqa.selenium.remote.ProtocolHandshake createSession
INFO: Detected dialect: W3C
Nov 09, 2022 12:45:48 PM org.openqa.selenium.devtools.CdpVersionFinder findNearestMatch
WARNING: Unable to find an exact match for CDP version 107, so returning the closest version found: a no-op implementation
Nov 09, 2022 12:45:48 PM org.openqa.selenium.devtools.CdpVersionFinder findNearestMatch
INFO: Unable to find CDP implementation matching 107.
Nov 09, 2022 12:45:48 PM org.openqa.selenium.chromium.ChromiumDriver lambda$new$3
WARNING: Unable to find version of CDP to use for . You may need to include a dependency on a specific version of the CDP using something similar to `org.seleniumhq.selenium:selenium-devtools-v86:4.1.2` where the version ("v86") matches the version of the chromium-based browser you're using and the version number of the artifact is the same as Selenium's.
]]></system-err>
  </testcase>
  <testcase name="Register new account #2" classname="Register" time="6.834">
    <system-out><![CDATA[
@Register
Scenario Outline: Register new account &amp#27;[90m# src/test/resources/features/register.feature:19&amp#27;[0m
12:45:53.412 [main] INFO io.cucumber.core.plugin.SerenityReporter - Running feature from file:///C:/Users/ASUS/Web/src/test/resources/features/register.feature
12:45:53.417 [main] INFO net.serenitybdd.core.webdriver.driverproviders.ChromeDriverProvider - Using automatically driver download
12:45:53.454 [AsyncHttpClient-1-1] DEBUG org.asynchttpclient.netty.channel.DefaultChannelPool - Entry count for : http://localhost:52068 : 1
12:45:53.454 [AsyncHttpClient-1-1] DEBUG org.asynchttpclient.netty.channel.DefaultChannelPool - Entry count for : http://localhost:50956 : 1
12:45:53.454 [AsyncHttpClient-1-1] DEBUG org.asynchttpclient.netty.channel.DefaultChannelPool - Adding Candidate expired Channel [id: 0x9a566207, L:/127.0.0.1:52074 ! R:localhost/127.0.0.1:52068] isIdleTimeoutExpired=false isRemotelyClosed=true isTtlExpired=false
12:45:53.454 [AsyncHttpClient-1-1] DEBUG org.asynchttpclient.netty.channel.DefaultChannelPool - Closing Idle Channel [id: 0x9a566207, L:/127.0.0.1:52074 ! R:localhost/127.0.0.1:52068]
12:45:53.454 [AsyncHttpClient-1-1] DEBUG org.asynchttpclient.netty.channel.DefaultChannelPool - Adding Candidate expired Channel [id: 0x20bd2b0f, L:/127.0.0.1:52067 ! R:localhost/127.0.0.1:50956] isIdleTimeoutExpired=false isRemotelyClosed=true isTtlExpired=false
12:45:53.454 [AsyncHttpClient-1-1] DEBUG org.asynchttpclient.netty.channel.DefaultChannelPool - Closing Idle Channel [id: 0x20bd2b0f, L:/127.0.0.1:52067 ! R:localhost/127.0.0.1:50956]
12:45:53.454 [AsyncHttpClient-1-1] DEBUG org.asynchttpclient.netty.channel.DefaultChannelPool - Closed 2 connections out of 2 in 0 ms
12:45:53.506 [main] DEBUG io.github.bonigarcia.wdm.cache.ResolutionCache - Resolution chrome=107 in cache (valid until 13:44:11 09/11/2022 ICT)
12:45:53.509 [main] DEBUG io.github.bonigarcia.wdm.cache.ResolutionCache - Resolution chrome107=107.0.5304.62 in cache (valid until 12:48:49 09/11/2022 ICT)
12:45:53.510 [main] INFO io.github.bonigarcia.wdm.WebDriverManager - Using chromedriver 107.0.5304.62 (resolved driver for Chrome 107)
12:45:53.519 [main] DEBUG io.github.bonigarcia.wdm.WebDriverManager - Driver chromedriver 107.0.5304.62 found in cache
12:45:53.519 [main] INFO io.github.bonigarcia.wdm.WebDriverManager - Exporting webdriver.chrome.driver as C:\Users\ASUS\.cache\selenium\chromedriver\win32\107.0.5304.62\chromedriver.exe
12:45:53.610 [main] DEBUG net.serenitybdd.core.webdriver.driverproviders.ProvideNewDriver - Instantiating driver
12:45:53.610 [main] DEBUG net.serenitybdd.core.webdriver.driverproviders.ProvideNewDriver - Driver capabilities: Capabilities {acceptInsecureCerts: false, base.url: https://alta-shop.vercel.app/, browserName: chrome, chrome.driver: src/test/resources/webdrive..., driver: chrome, goog:chromeOptions: {args: [], extensions: []}}
12:45:53.678 [AsyncHttpClient-1-14] DEBUG org.asynchttpclient.netty.channel.NettyConnectListener - Using new Channel '[id: 0xe73cc271, L:/127.0.0.1:52092 - R:localhost/127.0.0.1:58844]' for 'POST' to '/session'
12:45:56.412 [AsyncHttpClient-1-14] DEBUG org.asynchttpclient.netty.handler.HttpHandler - 

Request DefaultHttpRequest(decodeResult: success, version: HTTP/1.1)
POST /session HTTP/1.1
User-Agent: selenium/4.1.2 (java windows)
Content-Length: 615
Content-Type: application/json; charset=utf-8
host: localhost:58844
accept: */*

Response DefaultHttpResponse(decodeResult: success, version: HTTP/1.1)
HTTP/1.1 200 OK
Content-Type: application/json; charset=utf-8
cache-control: no-cache
content-length: 789

12:45:56.413 [AsyncHttpClient-1-14] DEBUG org.asynchttpclient.netty.channel.ChannelManager - Adding key: http://localhost:58844 for channel [id: 0xe73cc271, L:/127.0.0.1:52092 - R:localhost/127.0.0.1:58844]
12:45:56.420 [AsyncHttpClient-1-15] DEBUG org.asynchttpclient.netty.channel.NettyConnectListener - Using new Channel '[id: 0x1b7f4dfd, L:/127.0.0.1:52099 - R:localhost/127.0.0.1:52093]' for 'GET' to '/json/version'
12:45:56.421 [AsyncHttpClient-1-15] DEBUG org.asynchttpclient.netty.handler.HttpHandler - 

Request DefaultFullHttpRequest(decodeResult: success, version: HTTP/1.1, content: EmptyByteBufBE)
GET /json/version HTTP/1.1
User-Agent: selenium/4.1.2 (java windows)
host: localhost:52093
accept: */*

Response DefaultHttpResponse(decodeResult: success, version: HTTP/1.1)
HTTP/1.1 200 OK
Content-Type: application/json; charset=UTF-8
content-length: 423

12:45:56.421 [AsyncHttpClient-1-15] DEBUG org.asynchttpclient.netty.channel.ChannelManager - Adding key: http://localhost:52093 for channel [id: 0x1b7f4dfd, L:/127.0.0.1:52099 - R:localhost/127.0.0.1:52093]
12:45:56.424 [AsyncHttpClient-1-16] DEBUG org.asynchttpclient.netty.channel.NettyConnectListener - Using new Channel '[id: 0xd4bf2b16, L:/127.0.0.1:52100 - R:localhost/127.0.0.1:52093]' for 'GET' to '/devtools/browser/dcd8a1ba-983e-437a-b9a0-9f0425c4751c'
12:45:56.426 [AsyncHttpClient-1-16] DEBUG org.asynchttpclient.netty.handler.WebSocketHandler - 

Request DefaultFullHttpRequest(decodeResult: success, version: HTTP/1.1, content: EmptyByteBufBE)
GET /devtools/browser/dcd8a1ba-983e-437a-b9a0-9f0425c4751c HTTP/1.1
upgrade: websocket
connection: upgrade
sec-websocket-key: 1uyVXjfx6a+j7qt8UbjL2Q==
sec-websocket-version: 13
origin: http://localhost:52093
host: localhost:52093
accept: */*
user-agent: AHC/2.1

Response DefaultHttpResponse(decodeResult: success, version: HTTP/1.1)
HTTP/1.1 101 WebSocket Protocol Handshake
Upgrade: WebSocket
Connection: Upgrade
Sec-WebSocket-Accept: w9Ml5frruO0PLr9V19p3gDNvvho=

12:45:56.430 [Forwarding get on session 0f707f09dae2ae2e0f51e999d59b1c6b to remote] DEBUG org.asynchttpclient.netty.request.NettyRequestSender - Using pooled Channel '[id: 0xe73cc271, L:/127.0.0.1:52092 - R:localhost/127.0.0.1:58844]' for 'POST' to 'http://localhost:58844/session/0f707f09dae2ae2e0f51e999d59b1c6b/url'
12:45:56.430 [Forwarding get on session 0f707f09dae2ae2e0f51e999d59b1c6b to remote] DEBUG org.asynchttpclient.netty.request.NettyRequestSender - Using open Channel [id: 0xe73cc271, L:/127.0.0.1:52092 - R:localhost/127.0.0.1:58844] for POST '/session/0f707f09dae2ae2e0f51e999d59b1c6b/url'
12:45:56.750 [AsyncHttpClient-1-1] DEBUG org.asynchttpclient.netty.channel.DefaultChannelPool - Entry count for : http://localhost:52093 : 1
12:45:57.584 [AsyncHttpClient-1-14] DEBUG org.asynchttpclient.netty.handler.HttpHandler - 

Request DefaultHttpRequest(decodeResult: success, version: HTTP/1.1)
POST /session/0f707f09dae2ae2e0f51e999d59b1c6b/url HTTP/1.1
User-Agent: selenium/4.1.2 (java windows)
Content-Length: 59
Content-Type: application/json; charset=utf-8
host: localhost:58844
accept: */*

Response DefaultHttpResponse(decodeResult: success, version: HTTP/1.1)
HTTP/1.1 200 OK
Content-Type: application/json; charset=utf-8
cache-control: no-cache
content-length: 14

12:45:57.584 [AsyncHttpClient-1-14] DEBUG org.asynchttpclient.netty.channel.ChannelManager - Adding key: http://localhost:58844 for channel [id: 0xe73cc271, L:/127.0.0.1:52092 - R:localhost/127.0.0.1:58844]
12:45:57.585 [Forwarding setTimeout on session 0f707f09dae2ae2e0f51e999d59b1c6b to remote] DEBUG org.asynchttpclient.netty.request.NettyRequestSender - Using pooled Channel '[id: 0xe73cc271, L:/127.0.0.1:52092 - R:localhost/127.0.0.1:58844]' for 'POST' to 'http://localhost:58844/session/0f707f09dae2ae2e0f51e999d59b1c6b/timeouts'
12:45:57.585 [Forwarding setTimeout on session 0f707f09dae2ae2e0f51e999d59b1c6b to remote] DEBUG org.asynchttpclient.netty.request.NettyRequestSender - Using open Channel [id: 0xe73cc271, L:/127.0.0.1:52092 - R:localhost/127.0.0.1:58844] for POST '/session/0f707f09dae2ae2e0f51e999d59b1c6b/timeouts'
12:45:57.586 [AsyncHttpClient-1-14] DEBUG org.asynchttpclient.netty.handler.HttpHandler - 

Request DefaultHttpRequest(decodeResult: success, version: HTTP/1.1)
POST /session/0f707f09dae2ae2e0f51e999d59b1c6b/timeouts HTTP/1.1
User-Agent: selenium/4.1.2 (java windows)
Content-Length: 22
Content-Type: application/json; charset=utf-8
host: localhost:58844
accept: */*

Response DefaultHttpResponse(decodeResult: success, version: HTTP/1.1)
HTTP/1.1 200 OK
Content-Type: application/json; charset=utf-8
cache-control: no-cache
content-length: 14

12:45:57.586 [AsyncHttpClient-1-14] DEBUG org.asynchttpclient.netty.channel.ChannelManager - Adding key: http://localhost:58844 for channel [id: 0xe73cc271, L:/127.0.0.1:52092 - R:localhost/127.0.0.1:58844]
12:45:57.587 [Forwarding getCurrentUrl on session 0f707f09dae2ae2e0f51e999d59b1c6b to remote] DEBUG org.asynchttpclient.netty.request.NettyRequestSender - Using pooled Channel '[id: 0xe73cc271, L:/127.0.0.1:52092 - R:localhost/127.0.0.1:58844]' for 'GET' to 'http://localhost:58844/session/0f707f09dae2ae2e0f51e999d59b1c6b/url'
12:45:57.587 [Forwarding getCurrentUrl on session 0f707f09dae2ae2e0f51e999d59b1c6b to remote] DEBUG org.asynchttpclient.netty.request.NettyRequestSender - Using open Channel [id: 0xe73cc271, L:/127.0.0.1:52092 - R:localhost/127.0.0.1:58844] for GET '/session/0f707f09dae2ae2e0f51e999d59b1c6b/url'
12:45:57.592 [AsyncHttpClient-1-14] DEBUG org.asynchttpclient.netty.handler.HttpHandler - 

Request DefaultFullHttpRequest(decodeResult: success, version: HTTP/1.1, content: EmptyByteBufBE)
GET /session/0f707f09dae2ae2e0f51e999d59b1c6b/url HTTP/1.1
User-Agent: selenium/4.1.2 (java windows)
Cache-Control: no-cache
Content-Type: application/json; charset=utf-8
host: localhost:58844
accept: */*

Response DefaultHttpResponse(decodeResult: success, version: HTTP/1.1)
HTTP/1.1 200 OK
Content-Type: application/json; charset=utf-8
cache-control: no-cache
content-length: 41

12:45:57.592 [AsyncHttpClient-1-14] DEBUG org.asynchttpclient.netty.channel.ChannelManager - Adding key: http://localhost:58844 for channel [id: 0xe73cc271, L:/127.0.0.1:52092 - R:localhost/127.0.0.1:58844]
  &amp#27;[32mGiven &amp#27;[0m&amp#27;[32mI am on home page&amp#27;[0m              &amp#27;[90m# starter.stepdefinition.LoginStep.iAmOnHomePage()&amp#27;[0m
12:45:57.596 [Forwarding screenshot on session 0f707f09dae2ae2e0f51e999d59b1c6b to remote] DEBUG org.asynchttpclient.netty.request.NettyRequestSender - Using pooled Channel '[id: 0xe73cc271, L:/127.0.0.1:52092 - R:localhost/127.0.0.1:58844]' for 'GET' to 'http://localhost:58844/session/0f707f09dae2ae2e0f51e999d59b1c6b/screenshot'
12:45:57.596 [Forwarding screenshot on session 0f707f09dae2ae2e0f51e999d59b1c6b to remote] DEBUG org.asynchttpclient.netty.request.NettyRequestSender - Using open Channel [id: 0xe73cc271, L:/127.0.0.1:52092 - R:localhost/127.0.0.1:58844] for GET '/session/0f707f09dae2ae2e0f51e999d59b1c6b/screenshot'
12:45:57.758 [AsyncHttpClient-1-14] DEBUG org.asynchttpclient.netty.handler.HttpHandler - 

Request DefaultFullHttpRequest(decodeResult: success, version: HTTP/1.1, content: EmptyByteBufBE)
GET /session/0f707f09dae2ae2e0f51e999d59b1c6b/screenshot HTTP/1.1
User-Agent: selenium/4.1.2 (java windows)
Cache-Control: no-cache
Content-Type: application/json; charset=utf-8
host: localhost:58844
accept: */*

Response DefaultHttpResponse(decodeResult: success, version: HTTP/1.1)
HTTP/1.1 200 OK
Content-Type: application/json; charset=utf-8
cache-control: no-cache
content-length: 33060

12:45:57.758 [AsyncHttpClient-1-14] DEBUG org.asynchttpclient.netty.channel.ChannelManager - Adding key: http://localhost:58844 for channel [id: 0xe73cc271, L:/127.0.0.1:52092 - R:localhost/127.0.0.1:58844]
12:45:57.759 [main] DEBUG net.serenitybdd.core.photography.Darkroom - Send negative for processing for target\site\serenity\37854abee517b8c39026b8cb652e548193a3fdd0584318b2dfac2d8cc2c1d0d9.png
12:45:57.769 [Forwarding findElement on session 0f707f09dae2ae2e0f51e999d59b1c6b to remote] DEBUG org.asynchttpclient.netty.request.NettyRequestSender - Using pooled Channel '[id: 0xe73cc271, L:/127.0.0.1:52092 - R:localhost/127.0.0.1:58844]' for 'POST' to 'http://localhost:58844/session/0f707f09dae2ae2e0f51e999d59b1c6b/element'
12:45:57.769 [Forwarding findElement on session 0f707f09dae2ae2e0f51e999d59b1c6b to remote] DEBUG org.asynchttpclient.netty.request.NettyRequestSender - Using open Channel [id: 0xe73cc271, L:/127.0.0.1:52092 - R:localhost/127.0.0.1:58844] for POST '/session/0f707f09dae2ae2e0f51e999d59b1c6b/element'
12:45:57.783 [AsyncHttpClient-1-14] DEBUG org.asynchttpclient.netty.handler.HttpHandler - 

Request DefaultHttpRequest(decodeResult: success, version: HTTP/1.1)
POST /session/0f707f09dae2ae2e0f51e999d59b1c6b/element HTTP/1.1
User-Agent: selenium/4.1.2 (java windows)
Content-Length: 97
Content-Type: application/json; charset=utf-8
host: localhost:58844
accept: */*

Response DefaultHttpResponse(decodeResult: success, version: HTTP/1.1)
HTTP/1.1 200 OK
Content-Type: application/json; charset=utf-8
cache-control: no-cache
content-length: 88

12:45:57.783 [AsyncHttpClient-1-14] DEBUG org.asynchttpclient.netty.channel.ChannelManager - Adding key: http://localhost:58844 for channel [id: 0xe73cc271, L:/127.0.0.1:52092 - R:localhost/127.0.0.1:58844]
12:45:57.784 [Forwarding getElementTagName on session 0f707f09dae2ae2e0f51e999d59b1c6b to remote] DEBUG org.asynchttpclient.netty.request.NettyRequestSender - Using pooled Channel '[id: 0xe73cc271, L:/127.0.0.1:52092 - R:localhost/127.0.0.1:58844]' for 'GET' to 'http://localhost:58844/session/0f707f09dae2ae2e0f51e999d59b1c6b/element/8c5ee7fa-6c1c-4365-a62b-fb3dc0d54986/name'
12:45:57.784 [Forwarding getElementTagName on session 0f707f09dae2ae2e0f51e999d59b1c6b to remote] DEBUG org.asynchttpclient.netty.request.NettyRequestSender - Using open Channel [id: 0xe73cc271, L:/127.0.0.1:52092 - R:localhost/127.0.0.1:58844] for GET '/session/0f707f09dae2ae2e0f51e999d59b1c6b/element/8c5ee7fa-6c1c-4365-a62b-fb3dc0d54986/name'
12:45:57.788 [AsyncHttpClient-1-14] DEBUG org.asynchttpclient.netty.handler.HttpHandler - 

Request DefaultFullHttpRequest(decodeResult: success, version: HTTP/1.1, content: EmptyByteBufBE)
GET /session/0f707f09dae2ae2e0f51e999d59b1c6b/element/8c5ee7fa-6c1c-4365-a62b-fb3dc0d54986/name HTTP/1.1
User-Agent: selenium/4.1.2 (java windows)
Cache-Control: no-cache
Content-Type: application/json; charset=utf-8
host: localhost:58844
accept: */*

Response DefaultHttpResponse(decodeResult: success, version: HTTP/1.1)
HTTP/1.1 200 OK
Content-Type: application/json; charset=utf-8
cache-control: no-cache
content-length: 13

12:45:57.788 [AsyncHttpClient-1-14] DEBUG org.asynchttpclient.netty.channel.ChannelManager - Adding key: http://localhost:58844 for channel [id: 0xe73cc271, L:/127.0.0.1:52092 - R:localhost/127.0.0.1:58844]
12:45:57.789 [Forwarding getElementTagName on session 0f707f09dae2ae2e0f51e999d59b1c6b to remote] DEBUG org.asynchttpclient.netty.request.NettyRequestSender - Using pooled Channel '[id: 0xe73cc271, L:/127.0.0.1:52092 - R:localhost/127.0.0.1:58844]' for 'GET' to 'http://localhost:58844/session/0f707f09dae2ae2e0f51e999d59b1c6b/element/8c5ee7fa-6c1c-4365-a62b-fb3dc0d54986/name'
12:45:57.789 [Forwarding getElementTagName on session 0f707f09dae2ae2e0f51e999d59b1c6b to remote] DEBUG org.asynchttpclient.netty.request.NettyRequestSender - Using open Channel [id: 0xe73cc271, L:/127.0.0.1:52092 - R:localhost/127.0.0.1:58844] for GET '/session/0f707f09dae2ae2e0f51e999d59b1c6b/element/8c5ee7fa-6c1c-4365-a62b-fb3dc0d54986/name'
12:45:57.804 [AsyncHttpClient-1-14] DEBUG org.asynchttpclient.netty.handler.HttpHandler - 

Request DefaultFullHttpRequest(decodeResult: success, version: HTTP/1.1, content: EmptyByteBufBE)
GET /session/0f707f09dae2ae2e0f51e999d59b1c6b/element/8c5ee7fa-6c1c-4365-a62b-fb3dc0d54986/name HTTP/1.1
User-Agent: selenium/4.1.2 (java windows)
Cache-Control: no-cache
Content-Type: application/json; charset=utf-8
host: localhost:58844
accept: */*

Response DefaultHttpResponse(decodeResult: success, version: HTTP/1.1)
HTTP/1.1 200 OK
Content-Type: application/json; charset=utf-8
cache-control: no-cache
content-length: 13

12:45:57.804 [AsyncHttpClient-1-14] DEBUG org.asynchttpclient.netty.channel.ChannelManager - Adding key: http://localhost:58844 for channel [id: 0xe73cc271, L:/127.0.0.1:52092 - R:localhost/127.0.0.1:58844]
12:45:57.805 [Forwarding findElement on session 0f707f09dae2ae2e0f51e999d59b1c6b to remote] DEBUG org.asynchttpclient.netty.request.NettyRequestSender - Using pooled Channel '[id: 0xe73cc271, L:/127.0.0.1:52092 - R:localhost/127.0.0.1:58844]' for 'POST' to 'http://localhost:58844/session/0f707f09dae2ae2e0f51e999d59b1c6b/element'
12:45:57.805 [Forwarding findElement on session 0f707f09dae2ae2e0f51e999d59b1c6b to remote] DEBUG org.asynchttpclient.netty.request.NettyRequestSender - Using open Channel [id: 0xe73cc271, L:/127.0.0.1:52092 - R:localhost/127.0.0.1:58844] for POST '/session/0f707f09dae2ae2e0f51e999d59b1c6b/element'
12:45:57.812 [AsyncHttpClient-1-14] DEBUG org.asynchttpclient.netty.handler.HttpHandler - 

Request DefaultHttpRequest(decodeResult: success, version: HTTP/1.1)
POST /session/0f707f09dae2ae2e0f51e999d59b1c6b/element HTTP/1.1
User-Agent: selenium/4.1.2 (java windows)
Content-Length: 97
Content-Type: application/json; charset=utf-8
host: localhost:58844
accept: */*

Response DefaultHttpResponse(decodeResult: success, version: HTTP/1.1)
HTTP/1.1 200 OK
Content-Type: application/json; charset=utf-8
cache-control: no-cache
content-length: 88

12:45:57.812 [AsyncHttpClient-1-14] DEBUG org.asynchttpclient.netty.channel.ChannelManager - Adding key: http://localhost:58844 for channel [id: 0xe73cc271, L:/127.0.0.1:52092 - R:localhost/127.0.0.1:58844]
12:45:57.813 [Forwarding clickElement on session 0f707f09dae2ae2e0f51e999d59b1c6b to remote] DEBUG org.asynchttpclient.netty.request.NettyRequestSender - Using pooled Channel '[id: 0xe73cc271, L:/127.0.0.1:52092 - R:localhost/127.0.0.1:58844]' for 'POST' to 'http://localhost:58844/session/0f707f09dae2ae2e0f51e999d59b1c6b/element/8c5ee7fa-6c1c-4365-a62b-fb3dc0d54986/click'
12:45:57.813 [Forwarding clickElement on session 0f707f09dae2ae2e0f51e999d59b1c6b to remote] DEBUG org.asynchttpclient.netty.request.NettyRequestSender - Using open Channel [id: 0xe73cc271, L:/127.0.0.1:52092 - R:localhost/127.0.0.1:58844] for POST '/session/0f707f09dae2ae2e0f51e999d59b1c6b/element/8c5ee7fa-6c1c-4365-a62b-fb3dc0d54986/click'
12:45:57.845 [AsyncHttpClient-1-1] DEBUG org.asynchttpclient.netty.channel.DefaultChannelPool - Entry count for : http://localhost:52093 : 1
12:45:57.848 [AsyncHttpClient-1-14] DEBUG org.asynchttpclient.netty.handler.HttpHandler - 

Request DefaultHttpRequest(decodeResult: success, version: HTTP/1.1)
POST /session/0f707f09dae2ae2e0f51e999d59b1c6b/element/8c5ee7fa-6c1c-4365-a62b-fb3dc0d54986/click HTTP/1.1
User-Agent: selenium/4.1.2 (java windows)
Content-Length: 50
Content-Type: application/json; charset=utf-8
host: localhost:58844
accept: */*

Response DefaultHttpResponse(decodeResult: success, version: HTTP/1.1)
HTTP/1.1 200 OK
Content-Type: application/json; charset=utf-8
cache-control: no-cache
content-length: 14

12:45:57.848 [AsyncHttpClient-1-14] DEBUG org.asynchttpclient.netty.channel.ChannelManager - Adding key: http://localhost:58844 for channel [id: 0xe73cc271, L:/127.0.0.1:52092 - R:localhost/127.0.0.1:58844]
  &amp#27;[32mAnd &amp#27;[0m&amp#27;[32mI click icon the login icon&amp#27;[0m      &amp#27;[90m# starter.stepdefinition.LoginStep.iClickIconTheLoginIcon()&amp#27;[0m
12:45:57.853 [Forwarding screenshot on session 0f707f09dae2ae2e0f51e999d59b1c6b to remote] DEBUG org.asynchttpclient.netty.request.NettyRequestSender - Using pooled Channel '[id: 0xe73cc271, L:/127.0.0.1:52092 - R:localhost/127.0.0.1:58844]' for 'GET' to 'http://localhost:58844/session/0f707f09dae2ae2e0f51e999d59b1c6b/screenshot'
12:45:57.853 [Forwarding screenshot on session 0f707f09dae2ae2e0f51e999d59b1c6b to remote] DEBUG org.asynchttpclient.netty.request.NettyRequestSender - Using open Channel [id: 0xe73cc271, L:/127.0.0.1:52092 - R:localhost/127.0.0.1:58844] for GET '/session/0f707f09dae2ae2e0f51e999d59b1c6b/screenshot'
12:45:58.106 [AsyncHttpClient-1-14] DEBUG org.asynchttpclient.netty.handler.HttpHandler - 

Request DefaultFullHttpRequest(decodeResult: success, version: HTTP/1.1, content: EmptyByteBufBE)
GET /session/0f707f09dae2ae2e0f51e999d59b1c6b/screenshot HTTP/1.1
User-Agent: selenium/4.1.2 (java windows)
Cache-Control: no-cache
Content-Type: application/json; charset=utf-8
host: localhost:58844
accept: */*

Response DefaultHttpResponse(decodeResult: success, version: HTTP/1.1)
HTTP/1.1 200 OK
Content-Type: application/json; charset=utf-8
cache-control: no-cache
content-length: 34860

12:45:58.106 [AsyncHttpClient-1-14] DEBUG org.asynchttpclient.netty.channel.ChannelManager - Adding key: http://localhost:58844 for channel [id: 0xe73cc271, L:/127.0.0.1:52092 - R:localhost/127.0.0.1:58844]
12:45:58.107 [main] DEBUG net.serenitybdd.core.photography.Darkroom - Send negative for processing for target\site\serenity\64f2c2ba19c2d717986f269f7b35be700ea4264d2c1e8eaedb90a8380058072d.png
12:45:58.117 [Forwarding findElement on session 0f707f09dae2ae2e0f51e999d59b1c6b to remote] DEBUG org.asynchttpclient.netty.request.NettyRequestSender - Using pooled Channel '[id: 0xe73cc271, L:/127.0.0.1:52092 - R:localhost/127.0.0.1:58844]' for 'POST' to 'http://localhost:58844/session/0f707f09dae2ae2e0f51e999d59b1c6b/element'
12:45:58.117 [Forwarding findElement on session 0f707f09dae2ae2e0f51e999d59b1c6b to remote] DEBUG org.asynchttpclient.netty.request.NettyRequestSender - Using open Channel [id: 0xe73cc271, L:/127.0.0.1:52092 - R:localhost/127.0.0.1:58844] for POST '/session/0f707f09dae2ae2e0f51e999d59b1c6b/element'
12:45:58.127 [AsyncHttpClient-1-14] DEBUG org.asynchttpclient.netty.handler.HttpHandler - 

Request DefaultHttpRequest(decodeResult: success, version: HTTP/1.1)
POST /session/0f707f09dae2ae2e0f51e999d59b1c6b/element HTTP/1.1
User-Agent: selenium/4.1.2 (java windows)
Content-Length: 95
Content-Type: application/json; charset=utf-8
host: localhost:58844
accept: */*

Response DefaultHttpResponse(decodeResult: success, version: HTTP/1.1)
HTTP/1.1 200 OK
Content-Type: application/json; charset=utf-8
cache-control: no-cache
content-length: 88

12:45:58.127 [AsyncHttpClient-1-14] DEBUG org.asynchttpclient.netty.channel.ChannelManager - Adding key: http://localhost:58844 for channel [id: 0xe73cc271, L:/127.0.0.1:52092 - R:localhost/127.0.0.1:58844]
12:45:58.128 [Forwarding getElementTagName on session 0f707f09dae2ae2e0f51e999d59b1c6b to remote] DEBUG org.asynchttpclient.netty.request.NettyRequestSender - Using pooled Channel '[id: 0xe73cc271, L:/127.0.0.1:52092 - R:localhost/127.0.0.1:58844]' for 'GET' to 'http://localhost:58844/session/0f707f09dae2ae2e0f51e999d59b1c6b/element/3c558e6e-98c6-487d-abac-e2c48f81c359/name'
12:45:58.128 [Forwarding getElementTagName on session 0f707f09dae2ae2e0f51e999d59b1c6b to remote] DEBUG org.asynchttpclient.netty.request.NettyRequestSender - Using open Channel [id: 0xe73cc271, L:/127.0.0.1:52092 - R:localhost/127.0.0.1:58844] for GET '/session/0f707f09dae2ae2e0f51e999d59b1c6b/element/3c558e6e-98c6-487d-abac-e2c48f81c359/name'
12:45:58.133 [AsyncHttpClient-1-14] DEBUG org.asynchttpclient.netty.handler.HttpHandler - 

Request DefaultFullHttpRequest(decodeResult: success, version: HTTP/1.1, content: EmptyByteBufBE)
GET /session/0f707f09dae2ae2e0f51e999d59b1c6b/element/3c558e6e-98c6-487d-abac-e2c48f81c359/name HTTP/1.1
User-Agent: selenium/4.1.2 (java windows)
Cache-Control: no-cache
Content-Type: application/json; charset=utf-8
host: localhost:58844
accept: */*

Response DefaultHttpResponse(decodeResult: success, version: HTTP/1.1)
HTTP/1.1 200 OK
Content-Type: application/json; charset=utf-8
cache-control: no-cache
content-length: 13

12:45:58.133 [AsyncHttpClient-1-14] DEBUG org.asynchttpclient.netty.channel.ChannelManager - Adding key: http://localhost:58844 for channel [id: 0xe73cc271, L:/127.0.0.1:52092 - R:localhost/127.0.0.1:58844]
12:45:58.134 [Forwarding getElementTagName on session 0f707f09dae2ae2e0f51e999d59b1c6b to remote] DEBUG org.asynchttpclient.netty.request.NettyRequestSender - Using pooled Channel '[id: 0xe73cc271, L:/127.0.0.1:52092 - R:localhost/127.0.0.1:58844]' for 'GET' to 'http://localhost:58844/session/0f707f09dae2ae2e0f51e999d59b1c6b/element/3c558e6e-98c6-487d-abac-e2c48f81c359/name'
12:45:58.134 [Forwarding getElementTagName on session 0f707f09dae2ae2e0f51e999d59b1c6b to remote] DEBUG org.asynchttpclient.netty.request.NettyRequestSender - Using open Channel [id: 0xe73cc271, L:/127.0.0.1:52092 - R:localhost/127.0.0.1:58844] for GET '/session/0f707f09dae2ae2e0f51e999d59b1c6b/element/3c558e6e-98c6-487d-abac-e2c48f81c359/name'
12:45:58.137 [AsyncHttpClient-1-14] DEBUG org.asynchttpclient.netty.handler.HttpHandler - 

Request DefaultFullHttpRequest(decodeResult: success, version: HTTP/1.1, content: EmptyByteBufBE)
GET /session/0f707f09dae2ae2e0f51e999d59b1c6b/element/3c558e6e-98c6-487d-abac-e2c48f81c359/name HTTP/1.1
User-Agent: selenium/4.1.2 (java windows)
Cache-Control: no-cache
Content-Type: application/json; charset=utf-8
host: localhost:58844
accept: */*

Response DefaultHttpResponse(decodeResult: success, version: HTTP/1.1)
HTTP/1.1 200 OK
Content-Type: application/json; charset=utf-8
cache-control: no-cache
content-length: 13

12:45:58.137 [AsyncHttpClient-1-14] DEBUG org.asynchttpclient.netty.channel.ChannelManager - Adding key: http://localhost:58844 for channel [id: 0xe73cc271, L:/127.0.0.1:52092 - R:localhost/127.0.0.1:58844]
12:45:58.138 [Forwarding findElement on session 0f707f09dae2ae2e0f51e999d59b1c6b to remote] DEBUG org.asynchttpclient.netty.request.NettyRequestSender - Using pooled Channel '[id: 0xe73cc271, L:/127.0.0.1:52092 - R:localhost/127.0.0.1:58844]' for 'POST' to 'http://localhost:58844/session/0f707f09dae2ae2e0f51e999d59b1c6b/element'
12:45:58.138 [Forwarding findElement on session 0f707f09dae2ae2e0f51e999d59b1c6b to remote] DEBUG org.asynchttpclient.netty.request.NettyRequestSender - Using open Channel [id: 0xe73cc271, L:/127.0.0.1:52092 - R:localhost/127.0.0.1:58844] for POST '/session/0f707f09dae2ae2e0f51e999d59b1c6b/element'
12:45:58.143 [AsyncHttpClient-1-14] DEBUG org.asynchttpclient.netty.handler.HttpHandler - 

Request DefaultHttpRequest(decodeResult: success, version: HTTP/1.1)
POST /session/0f707f09dae2ae2e0f51e999d59b1c6b/element HTTP/1.1
User-Agent: selenium/4.1.2 (java windows)
Content-Length: 95
Content-Type: application/json; charset=utf-8
host: localhost:58844
accept: */*

Response DefaultHttpResponse(decodeResult: success, version: HTTP/1.1)
HTTP/1.1 200 OK
Content-Type: application/json; charset=utf-8
cache-control: no-cache
content-length: 88

12:45:58.143 [AsyncHttpClient-1-14] DEBUG org.asynchttpclient.netty.channel.ChannelManager - Adding key: http://localhost:58844 for channel [id: 0xe73cc271, L:/127.0.0.1:52092 - R:localhost/127.0.0.1:58844]
12:45:58.144 [Forwarding clickElement on session 0f707f09dae2ae2e0f51e999d59b1c6b to remote] DEBUG org.asynchttpclient.netty.request.NettyRequestSender - Using pooled Channel '[id: 0xe73cc271, L:/127.0.0.1:52092 - R:localhost/127.0.0.1:58844]' for 'POST' to 'http://localhost:58844/session/0f707f09dae2ae2e0f51e999d59b1c6b/element/3c558e6e-98c6-487d-abac-e2c48f81c359/click'
12:45:58.144 [Forwarding clickElement on session 0f707f09dae2ae2e0f51e999d59b1c6b to remote] DEBUG org.asynchttpclient.netty.request.NettyRequestSender - Using open Channel [id: 0xe73cc271, L:/127.0.0.1:52092 - R:localhost/127.0.0.1:58844] for POST '/session/0f707f09dae2ae2e0f51e999d59b1c6b/element/3c558e6e-98c6-487d-abac-e2c48f81c359/click'
12:45:58.171 [AsyncHttpClient-1-14] DEBUG org.asynchttpclient.netty.handler.HttpHandler - 

Request DefaultHttpRequest(decodeResult: success, version: HTTP/1.1)
POST /session/0f707f09dae2ae2e0f51e999d59b1c6b/element/3c558e6e-98c6-487d-abac-e2c48f81c359/click HTTP/1.1
User-Agent: selenium/4.1.2 (java windows)
Content-Length: 50
Content-Type: application/json; charset=utf-8
host: localhost:58844
accept: */*

Response DefaultHttpResponse(decodeResult: success, version: HTTP/1.1)
HTTP/1.1 200 OK
Content-Type: application/json; charset=utf-8
cache-control: no-cache
content-length: 14

12:45:58.171 [AsyncHttpClient-1-14] DEBUG org.asynchttpclient.netty.channel.ChannelManager - Adding key: http://localhost:58844 for channel [id: 0xe73cc271, L:/127.0.0.1:52092 - R:localhost/127.0.0.1:58844]
  &amp#27;[32mAnd &amp#27;[0m&amp#27;[32mI click register text&amp#27;[0m            &amp#27;[90m# starter.stepdefinition.Registerstep.iClickRegisterText()&amp#27;[0m
12:45:58.176 [Forwarding screenshot on session 0f707f09dae2ae2e0f51e999d59b1c6b to remote] DEBUG org.asynchttpclient.netty.request.NettyRequestSender - Using pooled Channel '[id: 0xe73cc271, L:/127.0.0.1:52092 - R:localhost/127.0.0.1:58844]' for 'GET' to 'http://localhost:58844/session/0f707f09dae2ae2e0f51e999d59b1c6b/screenshot'
12:45:58.176 [Forwarding screenshot on session 0f707f09dae2ae2e0f51e999d59b1c6b to remote] DEBUG org.asynchttpclient.netty.request.NettyRequestSender - Using open Channel [id: 0xe73cc271, L:/127.0.0.1:52092 - R:localhost/127.0.0.1:58844] for GET '/session/0f707f09dae2ae2e0f51e999d59b1c6b/screenshot'
12:45:58.331 [AsyncHttpClient-1-14] DEBUG org.asynchttpclient.netty.handler.HttpHandler - 

Request DefaultFullHttpRequest(decodeResult: success, version: HTTP/1.1, content: EmptyByteBufBE)
GET /session/0f707f09dae2ae2e0f51e999d59b1c6b/screenshot HTTP/1.1
User-Agent: selenium/4.1.2 (java windows)
Cache-Control: no-cache
Content-Type: application/json; charset=utf-8
host: localhost:58844
accept: */*

Response DefaultHttpResponse(decodeResult: success, version: HTTP/1.1)
HTTP/1.1 200 OK
Content-Type: application/json; charset=utf-8
cache-control: no-cache
content-length: 38968

12:45:58.331 [AsyncHttpClient-1-14] DEBUG org.asynchttpclient.netty.channel.ChannelManager - Adding key: http://localhost:58844 for channel [id: 0xe73cc271, L:/127.0.0.1:52092 - R:localhost/127.0.0.1:58844]
12:45:58.335 [main] DEBUG net.serenitybdd.core.photography.Darkroom - Send negative for processing for target\site\serenity\18d1654a1afe3dbd9842b03b1332710e7512c6fa84473bb62a4b079b048b5096.png
12:45:58.335 [Darkroom Processing Line] DEBUG net.serenitybdd.core.photography.DarkroomProcessingLine - Processing screenshot image in /var/screenshots/screenshot-357031965536516891
12:45:58.335 [Darkroom Processing Line] DEBUG net.serenitybdd.core.photography.DarkroomProcessingLine - Saving screenshot to target\site\serenity\18d1654a1afe3dbd9842b03b1332710e7512c6fa84473bb62a4b079b048b5096.png
12:45:58.342 [Forwarding findElement on session 0f707f09dae2ae2e0f51e999d59b1c6b to remote] DEBUG org.asynchttpclient.netty.request.NettyRequestSender - Using pooled Channel '[id: 0xe73cc271, L:/127.0.0.1:52092 - R:localhost/127.0.0.1:58844]' for 'POST' to 'http://localhost:58844/session/0f707f09dae2ae2e0f51e999d59b1c6b/element'
12:45:58.342 [Forwarding findElement on session 0f707f09dae2ae2e0f51e999d59b1c6b to remote] DEBUG org.asynchttpclient.netty.request.NettyRequestSender - Using open Channel [id: 0xe73cc271, L:/127.0.0.1:52092 - R:localhost/127.0.0.1:58844] for POST '/session/0f707f09dae2ae2e0f51e999d59b1c6b/element'
12:45:58.351 [AsyncHttpClient-1-14] DEBUG org.asynchttpclient.netty.handler.HttpHandler - 

Request DefaultHttpRequest(decodeResult: success, version: HTTP/1.1)
POST /session/0f707f09dae2ae2e0f51e999d59b1c6b/element HTTP/1.1
User-Agent: selenium/4.1.2 (java windows)
Content-Length: 95
Content-Type: application/json; charset=utf-8
host: localhost:58844
accept: */*

Response DefaultHttpResponse(decodeResult: success, version: HTTP/1.1)
HTTP/1.1 200 OK
Content-Type: application/json; charset=utf-8
cache-control: no-cache
content-length: 88

12:45:58.351 [AsyncHttpClient-1-14] DEBUG org.asynchttpclient.netty.channel.ChannelManager - Adding key: http://localhost:58844 for channel [id: 0xe73cc271, L:/127.0.0.1:52092 - R:localhost/127.0.0.1:58844]
12:45:58.352 [Forwarding clearElement on session 0f707f09dae2ae2e0f51e999d59b1c6b to remote] DEBUG org.asynchttpclient.netty.request.NettyRequestSender - Using pooled Channel '[id: 0xe73cc271, L:/127.0.0.1:52092 - R:localhost/127.0.0.1:58844]' for 'POST' to 'http://localhost:58844/session/0f707f09dae2ae2e0f51e999d59b1c6b/element/430fb49d-bb7e-45f3-89cb-14f3d19ef196/clear'
12:45:58.352 [Forwarding clearElement on session 0f707f09dae2ae2e0f51e999d59b1c6b to remote] DEBUG org.asynchttpclient.netty.request.NettyRequestSender - Using open Channel [id: 0xe73cc271, L:/127.0.0.1:52092 - R:localhost/127.0.0.1:58844] for POST '/session/0f707f09dae2ae2e0f51e999d59b1c6b/element/430fb49d-bb7e-45f3-89cb-14f3d19ef196/clear'
12:45:58.383 [AsyncHttpClient-1-14] DEBUG org.asynchttpclient.netty.handler.HttpHandler - 

Request DefaultHttpRequest(decodeResult: success, version: HTTP/1.1)
POST /session/0f707f09dae2ae2e0f51e999d59b1c6b/element/430fb49d-bb7e-45f3-89cb-14f3d19ef196/clear HTTP/1.1
User-Agent: selenium/4.1.2 (java windows)
Content-Length: 50
Content-Type: application/json; charset=utf-8
host: localhost:58844
accept: */*

Response DefaultHttpResponse(decodeResult: success, version: HTTP/1.1)
HTTP/1.1 200 OK
Content-Type: application/json; charset=utf-8
cache-control: no-cache
content-length: 14

12:45:58.383 [AsyncHttpClient-1-14] DEBUG org.asynchttpclient.netty.channel.ChannelManager - Adding key: http://localhost:58844 for channel [id: 0xe73cc271, L:/127.0.0.1:52092 - R:localhost/127.0.0.1:58844]
12:45:58.384 [Forwarding sendKeysToElement on session 0f707f09dae2ae2e0f51e999d59b1c6b to remote] DEBUG org.asynchttpclient.netty.request.NettyRequestSender - Using pooled Channel '[id: 0xe73cc271, L:/127.0.0.1:52092 - R:localhost/127.0.0.1:58844]' for 'POST' to 'http://localhost:58844/session/0f707f09dae2ae2e0f51e999d59b1c6b/element/430fb49d-bb7e-45f3-89cb-14f3d19ef196/value'
12:45:58.384 [Forwarding sendKeysToElement on session 0f707f09dae2ae2e0f51e999d59b1c6b to remote] DEBUG org.asynchttpclient.netty.request.NettyRequestSender - Using open Channel [id: 0xe73cc271, L:/127.0.0.1:52092 - R:localhost/127.0.0.1:58844] for POST '/session/0f707f09dae2ae2e0f51e999d59b1c6b/element/430fb49d-bb7e-45f3-89cb-14f3d19ef196/value'
12:45:58.451 [AsyncHttpClient-1-14] DEBUG org.asynchttpclient.netty.handler.HttpHandler - 

Request DefaultHttpRequest(decodeResult: success, version: HTTP/1.1)
POST /session/0f707f09dae2ae2e0f51e999d59b1c6b/element/430fb49d-bb7e-45f3-89cb-14f3d19ef196/value HTTP/1.1
User-Agent: selenium/4.1.2 (java windows)
Content-Length: 181
Content-Type: application/json; charset=utf-8
host: localhost:58844
accept: */*

Response DefaultHttpResponse(decodeResult: success, version: HTTP/1.1)
HTTP/1.1 200 OK
Content-Type: application/json; charset=utf-8
cache-control: no-cache
content-length: 14

12:45:58.452 [AsyncHttpClient-1-14] DEBUG org.asynchttpclient.netty.channel.ChannelManager - Adding key: http://localhost:58844 for channel [id: 0xe73cc271, L:/127.0.0.1:52092 - R:localhost/127.0.0.1:58844]
  &amp#27;[32mWhen &amp#27;[0m&amp#27;[32mI input &amp#27;[0m&amp#27;[32m&amp#27;[1m"ronasarigl"&amp#27;[0m&amp#27;[32m name&amp#27;[0m       &amp#27;[90m# starter.stepdefinition.Registerstep.iInputName(java.lang.String)&amp#27;[0m
12:45:58.456 [Forwarding screenshot on session 0f707f09dae2ae2e0f51e999d59b1c6b to remote] DEBUG org.asynchttpclient.netty.request.NettyRequestSender - Using pooled Channel '[id: 0xe73cc271, L:/127.0.0.1:52092 - R:localhost/127.0.0.1:58844]' for 'GET' to 'http://localhost:58844/session/0f707f09dae2ae2e0f51e999d59b1c6b/screenshot'
12:45:58.456 [Forwarding screenshot on session 0f707f09dae2ae2e0f51e999d59b1c6b to remote] DEBUG org.asynchttpclient.netty.request.NettyRequestSender - Using open Channel [id: 0xe73cc271, L:/127.0.0.1:52092 - R:localhost/127.0.0.1:58844] for GET '/session/0f707f09dae2ae2e0f51e999d59b1c6b/screenshot'
12:45:58.589 [AsyncHttpClient-1-14] DEBUG org.asynchttpclient.netty.handler.HttpHandler - 

Request DefaultFullHttpRequest(decodeResult: success, version: HTTP/1.1, content: EmptyByteBufBE)
GET /session/0f707f09dae2ae2e0f51e999d59b1c6b/screenshot HTTP/1.1
User-Agent: selenium/4.1.2 (java windows)
Cache-Control: no-cache
Content-Type: application/json; charset=utf-8
host: localhost:58844
accept: */*

Response DefaultHttpResponse(decodeResult: success, version: HTTP/1.1)
HTTP/1.1 200 OK
Content-Type: application/json; charset=utf-8
cache-control: no-cache
content-length: 40684

12:45:58.589 [AsyncHttpClient-1-14] DEBUG org.asynchttpclient.netty.channel.ChannelManager - Adding key: http://localhost:58844 for channel [id: 0xe73cc271, L:/127.0.0.1:52092 - R:localhost/127.0.0.1:58844]
12:45:58.592 [main] DEBUG net.serenitybdd.core.photography.Darkroom - Send negative for processing for target\site\serenity\e549a2abe3d8e860abb67b3dd7cbb162fd4270f454d8c06511a6d4a5c502afa8.png
12:45:58.592 [Darkroom Processing Line] DEBUG net.serenitybdd.core.photography.DarkroomProcessingLine - Processing screenshot image in /var/screenshots/screenshot-1797871092377162026
12:45:58.592 [Darkroom Processing Line] DEBUG net.serenitybdd.core.photography.DarkroomProcessingLine - Saving screenshot to target\site\serenity\e549a2abe3d8e860abb67b3dd7cbb162fd4270f454d8c06511a6d4a5c502afa8.png
12:45:58.597 [Forwarding findElement on session 0f707f09dae2ae2e0f51e999d59b1c6b to remote] DEBUG org.asynchttpclient.netty.request.NettyRequestSender - Using pooled Channel '[id: 0xe73cc271, L:/127.0.0.1:52092 - R:localhost/127.0.0.1:58844]' for 'POST' to 'http://localhost:58844/session/0f707f09dae2ae2e0f51e999d59b1c6b/element'
12:45:58.597 [Forwarding findElement on session 0f707f09dae2ae2e0f51e999d59b1c6b to remote] DEBUG org.asynchttpclient.netty.request.NettyRequestSender - Using open Channel [id: 0xe73cc271, L:/127.0.0.1:52092 - R:localhost/127.0.0.1:58844] for POST '/session/0f707f09dae2ae2e0f51e999d59b1c6b/element'
12:45:58.606 [AsyncHttpClient-1-14] DEBUG org.asynchttpclient.netty.handler.HttpHandler - 

Request DefaultHttpRequest(decodeResult: success, version: HTTP/1.1)
POST /session/0f707f09dae2ae2e0f51e999d59b1c6b/element HTTP/1.1
User-Agent: selenium/4.1.2 (java windows)
Content-Length: 88
Content-Type: application/json; charset=utf-8
host: localhost:58844
accept: */*

Response DefaultHttpResponse(decodeResult: success, version: HTTP/1.1)
HTTP/1.1 200 OK
Content-Type: application/json; charset=utf-8
cache-control: no-cache
content-length: 88

12:45:58.606 [AsyncHttpClient-1-14] DEBUG org.asynchttpclient.netty.channel.ChannelManager - Adding key: http://localhost:58844 for channel [id: 0xe73cc271, L:/127.0.0.1:52092 - R:localhost/127.0.0.1:58844]
12:45:58.607 [Forwarding clearElement on session 0f707f09dae2ae2e0f51e999d59b1c6b to remote] DEBUG org.asynchttpclient.netty.request.NettyRequestSender - Using pooled Channel '[id: 0xe73cc271, L:/127.0.0.1:52092 - R:localhost/127.0.0.1:58844]' for 'POST' to 'http://localhost:58844/session/0f707f09dae2ae2e0f51e999d59b1c6b/element/5e845531-3591-41e8-a4f9-4229b2bed41a/clear'
12:45:58.607 [Forwarding clearElement on session 0f707f09dae2ae2e0f51e999d59b1c6b to remote] DEBUG org.asynchttpclient.netty.request.NettyRequestSender - Using open Channel [id: 0xe73cc271, L:/127.0.0.1:52092 - R:localhost/127.0.0.1:58844] for POST '/session/0f707f09dae2ae2e0f51e999d59b1c6b/element/5e845531-3591-41e8-a4f9-4229b2bed41a/clear'
12:45:58.635 [AsyncHttpClient-1-14] DEBUG org.asynchttpclient.netty.handler.HttpHandler - 

Request DefaultHttpRequest(decodeResult: success, version: HTTP/1.1)
POST /session/0f707f09dae2ae2e0f51e999d59b1c6b/element/5e845531-3591-41e8-a4f9-4229b2bed41a/clear HTTP/1.1
User-Agent: selenium/4.1.2 (java windows)
Content-Length: 50
Content-Type: application/json; charset=utf-8
host: localhost:58844
accept: */*

Response DefaultHttpResponse(decodeResult: success, version: HTTP/1.1)
HTTP/1.1 200 OK
Content-Type: application/json; charset=utf-8
cache-control: no-cache
content-length: 14

12:45:58.635 [AsyncHttpClient-1-14] DEBUG org.asynchttpclient.netty.channel.ChannelManager - Adding key: http://localhost:58844 for channel [id: 0xe73cc271, L:/127.0.0.1:52092 - R:localhost/127.0.0.1:58844]
12:45:58.636 [Forwarding sendKeysToElement on session 0f707f09dae2ae2e0f51e999d59b1c6b to remote] DEBUG org.asynchttpclient.netty.request.NettyRequestSender - Using pooled Channel '[id: 0xe73cc271, L:/127.0.0.1:52092 - R:localhost/127.0.0.1:58844]' for 'POST' to 'http://localhost:58844/session/0f707f09dae2ae2e0f51e999d59b1c6b/element/5e845531-3591-41e8-a4f9-4229b2bed41a/value'
12:45:58.636 [Forwarding sendKeysToElement on session 0f707f09dae2ae2e0f51e999d59b1c6b to remote] DEBUG org.asynchttpclient.netty.request.NettyRequestSender - Using open Channel [id: 0xe73cc271, L:/127.0.0.1:52092 - R:localhost/127.0.0.1:58844] for POST '/session/0f707f09dae2ae2e0f51e999d59b1c6b/element/5e845531-3591-41e8-a4f9-4229b2bed41a/value'
12:45:58.669 [AsyncHttpClient-1-14] DEBUG org.asynchttpclient.netty.handler.HttpHandler - 

Request DefaultHttpRequest(decodeResult: success, version: HTTP/1.1)
POST /session/0f707f09dae2ae2e0f51e999d59b1c6b/element/5e845531-3591-41e8-a4f9-4229b2bed41a/value HTTP/1.1
User-Agent: selenium/4.1.2 (java windows)
Content-Length: 82
Content-Type: application/json; charset=utf-8
host: localhost:58844
accept: */*

Response DefaultHttpResponse(decodeResult: success, version: HTTP/1.1)
HTTP/1.1 200 OK
Content-Type: application/json; charset=utf-8
cache-control: no-cache
content-length: 14

12:45:58.669 [AsyncHttpClient-1-14] DEBUG org.asynchttpclient.netty.channel.ChannelManager - Adding key: http://localhost:58844 for channel [id: 0xe73cc271, L:/127.0.0.1:52092 - R:localhost/127.0.0.1:58844]
  &amp#27;[32mAnd &amp#27;[0m&amp#27;[32mI input new &amp#27;[0m&amp#27;[32m&amp#27;[1m""&amp#27;[0m&amp#27;[32m email&amp#27;[0m             &amp#27;[90m# starter.stepdefinition.Registerstep.iInputNewEmail(java.lang.String)&amp#27;[0m
12:45:58.674 [Forwarding screenshot on session 0f707f09dae2ae2e0f51e999d59b1c6b to remote] DEBUG org.asynchttpclient.netty.request.NettyRequestSender - Using pooled Channel '[id: 0xe73cc271, L:/127.0.0.1:52092 - R:localhost/127.0.0.1:58844]' for 'GET' to 'http://localhost:58844/session/0f707f09dae2ae2e0f51e999d59b1c6b/screenshot'
12:45:58.674 [Forwarding screenshot on session 0f707f09dae2ae2e0f51e999d59b1c6b to remote] DEBUG org.asynchttpclient.netty.request.NettyRequestSender - Using open Channel [id: 0xe73cc271, L:/127.0.0.1:52092 - R:localhost/127.0.0.1:58844] for GET '/session/0f707f09dae2ae2e0f51e999d59b1c6b/screenshot'
12:45:58.820 [AsyncHttpClient-1-14] DEBUG org.asynchttpclient.netty.handler.HttpHandler - 

Request DefaultFullHttpRequest(decodeResult: success, version: HTTP/1.1, content: EmptyByteBufBE)
GET /session/0f707f09dae2ae2e0f51e999d59b1c6b/screenshot HTTP/1.1
User-Agent: selenium/4.1.2 (java windows)
Cache-Control: no-cache
Content-Type: application/json; charset=utf-8
host: localhost:58844
accept: */*

Response DefaultHttpResponse(decodeResult: success, version: HTTP/1.1)
HTTP/1.1 200 OK
Content-Type: application/json; charset=utf-8
cache-control: no-cache
content-length: 40500

12:45:58.820 [AsyncHttpClient-1-14] DEBUG org.asynchttpclient.netty.channel.ChannelManager - Adding key: http://localhost:58844 for channel [id: 0xe73cc271, L:/127.0.0.1:52092 - R:localhost/127.0.0.1:58844]
12:45:58.821 [main] DEBUG net.serenitybdd.core.photography.Darkroom - Send negative for processing for target\site\serenity\d0163d3c26ecf63fea5a1799be2525d5b24a7e561e23cdeedd249a12073095c9.png
12:45:58.824 [Darkroom Processing Line] DEBUG net.serenitybdd.core.photography.DarkroomProcessingLine - Processing screenshot image in /var/screenshots/screenshot-7551657860718524389
12:45:58.824 [Darkroom Processing Line] DEBUG net.serenitybdd.core.photography.DarkroomProcessingLine - Saving screenshot to target\site\serenity\d0163d3c26ecf63fea5a1799be2525d5b24a7e561e23cdeedd249a12073095c9.png
12:45:58.830 [Forwarding findElement on session 0f707f09dae2ae2e0f51e999d59b1c6b to remote] DEBUG org.asynchttpclient.netty.request.NettyRequestSender - Using pooled Channel '[id: 0xe73cc271, L:/127.0.0.1:52092 - R:localhost/127.0.0.1:58844]' for 'POST' to 'http://localhost:58844/session/0f707f09dae2ae2e0f51e999d59b1c6b/element'
12:45:58.830 [Forwarding findElement on session 0f707f09dae2ae2e0f51e999d59b1c6b to remote] DEBUG org.asynchttpclient.netty.request.NettyRequestSender - Using open Channel [id: 0xe73cc271, L:/127.0.0.1:52092 - R:localhost/127.0.0.1:58844] for POST '/session/0f707f09dae2ae2e0f51e999d59b1c6b/element'
12:45:58.850 [AsyncHttpClient-1-14] DEBUG org.asynchttpclient.netty.handler.HttpHandler - 

Request DefaultHttpRequest(decodeResult: success, version: HTTP/1.1)
POST /session/0f707f09dae2ae2e0f51e999d59b1c6b/element HTTP/1.1
User-Agent: selenium/4.1.2 (java windows)
Content-Length: 91
Content-Type: application/json; charset=utf-8
host: localhost:58844
accept: */*

Response DefaultHttpResponse(decodeResult: success, version: HTTP/1.1)
HTTP/1.1 200 OK
Content-Type: application/json; charset=utf-8
cache-control: no-cache
content-length: 88

12:45:58.850 [AsyncHttpClient-1-14] DEBUG org.asynchttpclient.netty.channel.ChannelManager - Adding key: http://localhost:58844 for channel [id: 0xe73cc271, L:/127.0.0.1:52092 - R:localhost/127.0.0.1:58844]
12:45:58.851 [Forwarding clearElement on session 0f707f09dae2ae2e0f51e999d59b1c6b to remote] DEBUG org.asynchttpclient.netty.request.NettyRequestSender - Using pooled Channel '[id: 0xe73cc271, L:/127.0.0.1:52092 - R:localhost/127.0.0.1:58844]' for 'POST' to 'http://localhost:58844/session/0f707f09dae2ae2e0f51e999d59b1c6b/element/fa8ac86f-6120-41ac-b7c9-daac80e3ce18/clear'
12:45:58.851 [Forwarding clearElement on session 0f707f09dae2ae2e0f51e999d59b1c6b to remote] DEBUG org.asynchttpclient.netty.request.NettyRequestSender - Using open Channel [id: 0xe73cc271, L:/127.0.0.1:52092 - R:localhost/127.0.0.1:58844] for POST '/session/0f707f09dae2ae2e0f51e999d59b1c6b/element/fa8ac86f-6120-41ac-b7c9-daac80e3ce18/clear'
12:45:58.889 [AsyncHttpClient-1-14] DEBUG org.asynchttpclient.netty.handler.HttpHandler - 

Request DefaultHttpRequest(decodeResult: success, version: HTTP/1.1)
POST /session/0f707f09dae2ae2e0f51e999d59b1c6b/element/fa8ac86f-6120-41ac-b7c9-daac80e3ce18/clear HTTP/1.1
User-Agent: selenium/4.1.2 (java windows)
Content-Length: 50
Content-Type: application/json; charset=utf-8
host: localhost:58844
accept: */*

Response DefaultHttpResponse(decodeResult: success, version: HTTP/1.1)
HTTP/1.1 200 OK
Content-Type: application/json; charset=utf-8
cache-control: no-cache
content-length: 14

12:45:58.889 [AsyncHttpClient-1-14] DEBUG org.asynchttpclient.netty.channel.ChannelManager - Adding key: http://localhost:58844 for channel [id: 0xe73cc271, L:/127.0.0.1:52092 - R:localhost/127.0.0.1:58844]
12:45:58.890 [Forwarding sendKeysToElement on session 0f707f09dae2ae2e0f51e999d59b1c6b to remote] DEBUG org.asynchttpclient.netty.request.NettyRequestSender - Using pooled Channel '[id: 0xe73cc271, L:/127.0.0.1:52092 - R:localhost/127.0.0.1:58844]' for 'POST' to 'http://localhost:58844/session/0f707f09dae2ae2e0f51e999d59b1c6b/element/fa8ac86f-6120-41ac-b7c9-daac80e3ce18/value'
12:45:58.890 [Forwarding sendKeysToElement on session 0f707f09dae2ae2e0f51e999d59b1c6b to remote] DEBUG org.asynchttpclient.netty.request.NettyRequestSender - Using open Channel [id: 0xe73cc271, L:/127.0.0.1:52092 - R:localhost/127.0.0.1:58844] for POST '/session/0f707f09dae2ae2e0f51e999d59b1c6b/element/fa8ac86f-6120-41ac-b7c9-daac80e3ce18/value'
12:45:58.925 [AsyncHttpClient-1-14] DEBUG org.asynchttpclient.netty.handler.HttpHandler - 

Request DefaultHttpRequest(decodeResult: success, version: HTTP/1.1)
POST /session/0f707f09dae2ae2e0f51e999d59b1c6b/element/fa8ac86f-6120-41ac-b7c9-daac80e3ce18/value HTTP/1.1
User-Agent: selenium/4.1.2 (java windows)
Content-Length: 82
Content-Type: application/json; charset=utf-8
host: localhost:58844
accept: */*

Response DefaultHttpResponse(decodeResult: success, version: HTTP/1.1)
HTTP/1.1 200 OK
Content-Type: application/json; charset=utf-8
cache-control: no-cache
content-length: 14

12:45:58.926 [AsyncHttpClient-1-14] DEBUG org.asynchttpclient.netty.channel.ChannelManager - Adding key: http://localhost:58844 for channel [id: 0xe73cc271, L:/127.0.0.1:52092 - R:localhost/127.0.0.1:58844]
  &amp#27;[32mAnd &amp#27;[0m&amp#27;[32mI input new &amp#27;[0m&amp#27;[32m&amp#27;[1m""&amp#27;[0m&amp#27;[32m password&amp#27;[0m          &amp#27;[90m# starter.stepdefinition.Registerstep.iInputNewPassword(java.lang.String)&amp#27;[0m
12:45:58.929 [Forwarding screenshot on session 0f707f09dae2ae2e0f51e999d59b1c6b to remote] DEBUG org.asynchttpclient.netty.request.NettyRequestSender - Using pooled Channel '[id: 0xe73cc271, L:/127.0.0.1:52092 - R:localhost/127.0.0.1:58844]' for 'GET' to 'http://localhost:58844/session/0f707f09dae2ae2e0f51e999d59b1c6b/screenshot'
12:45:58.929 [Forwarding screenshot on session 0f707f09dae2ae2e0f51e999d59b1c6b to remote] DEBUG org.asynchttpclient.netty.request.NettyRequestSender - Using open Channel [id: 0xe73cc271, L:/127.0.0.1:52092 - R:localhost/127.0.0.1:58844] for GET '/session/0f707f09dae2ae2e0f51e999d59b1c6b/screenshot'
12:45:58.945 [AsyncHttpClient-1-1] DEBUG org.asynchttpclient.netty.channel.DefaultChannelPool - Entry count for : http://localhost:52093 : 1
12:45:59.067 [AsyncHttpClient-1-14] DEBUG org.asynchttpclient.netty.handler.HttpHandler - 

Request DefaultFullHttpRequest(decodeResult: success, version: HTTP/1.1, content: EmptyByteBufBE)
GET /session/0f707f09dae2ae2e0f51e999d59b1c6b/screenshot HTTP/1.1
User-Agent: selenium/4.1.2 (java windows)
Cache-Control: no-cache
Content-Type: application/json; charset=utf-8
host: localhost:58844
accept: */*

Response DefaultHttpResponse(decodeResult: success, version: HTTP/1.1)
HTTP/1.1 200 OK
Content-Type: application/json; charset=utf-8
cache-control: no-cache
content-length: 40136

12:45:59.068 [AsyncHttpClient-1-14] DEBUG org.asynchttpclient.netty.channel.ChannelManager - Adding key: http://localhost:58844 for channel [id: 0xe73cc271, L:/127.0.0.1:52092 - R:localhost/127.0.0.1:58844]
12:45:59.069 [main] DEBUG net.serenitybdd.core.photography.Darkroom - Send negative for processing for target\site\serenity\120576248cf185d88405f1e58c118b85890762b0eedbbdd2d1dd044bbdddd3bb.png
12:45:59.069 [Darkroom Processing Line] DEBUG net.serenitybdd.core.photography.DarkroomProcessingLine - Processing screenshot image in /var/screenshots/screenshot-3542304423667418787
12:45:59.069 [Darkroom Processing Line] DEBUG net.serenitybdd.core.photography.DarkroomProcessingLine - Saving screenshot to target\site\serenity\120576248cf185d88405f1e58c118b85890762b0eedbbdd2d1dd044bbdddd3bb.png
12:45:59.074 [Forwarding findElement on session 0f707f09dae2ae2e0f51e999d59b1c6b to remote] DEBUG org.asynchttpclient.netty.request.NettyRequestSender - Using pooled Channel '[id: 0xe73cc271, L:/127.0.0.1:52092 - R:localhost/127.0.0.1:58844]' for 'POST' to 'http://localhost:58844/session/0f707f09dae2ae2e0f51e999d59b1c6b/element'
12:45:59.074 [Forwarding findElement on session 0f707f09dae2ae2e0f51e999d59b1c6b to remote] DEBUG org.asynchttpclient.netty.request.NettyRequestSender - Using open Channel [id: 0xe73cc271, L:/127.0.0.1:52092 - R:localhost/127.0.0.1:58844] for POST '/session/0f707f09dae2ae2e0f51e999d59b1c6b/element'
12:45:59.084 [AsyncHttpClient-1-14] DEBUG org.asynchttpclient.netty.handler.HttpHandler - 

Request DefaultHttpRequest(decodeResult: success, version: HTTP/1.1)
POST /session/0f707f09dae2ae2e0f51e999d59b1c6b/element HTTP/1.1
User-Agent: selenium/4.1.2 (java windows)
Content-Length: 123
Content-Type: application/json; charset=utf-8
host: localhost:58844
accept: */*

Response DefaultHttpResponse(decodeResult: success, version: HTTP/1.1)
HTTP/1.1 200 OK
Content-Type: application/json; charset=utf-8
cache-control: no-cache
content-length: 88

12:45:59.084 [AsyncHttpClient-1-14] DEBUG org.asynchttpclient.netty.channel.ChannelManager - Adding key: http://localhost:58844 for channel [id: 0xe73cc271, L:/127.0.0.1:52092 - R:localhost/127.0.0.1:58844]
12:45:59.085 [Forwarding getElementTagName on session 0f707f09dae2ae2e0f51e999d59b1c6b to remote] DEBUG org.asynchttpclient.netty.request.NettyRequestSender - Using pooled Channel '[id: 0xe73cc271, L:/127.0.0.1:52092 - R:localhost/127.0.0.1:58844]' for 'GET' to 'http://localhost:58844/session/0f707f09dae2ae2e0f51e999d59b1c6b/element/237f6270-072d-4727-9cf6-9cfb5de7c3ed/name'
12:45:59.085 [Forwarding getElementTagName on session 0f707f09dae2ae2e0f51e999d59b1c6b to remote] DEBUG org.asynchttpclient.netty.request.NettyRequestSender - Using open Channel [id: 0xe73cc271, L:/127.0.0.1:52092 - R:localhost/127.0.0.1:58844] for GET '/session/0f707f09dae2ae2e0f51e999d59b1c6b/element/237f6270-072d-4727-9cf6-9cfb5de7c3ed/name'
12:45:59.092 [AsyncHttpClient-1-14] DEBUG org.asynchttpclient.netty.handler.HttpHandler - 

Request DefaultFullHttpRequest(decodeResult: success, version: HTTP/1.1, content: EmptyByteBufBE)
GET /session/0f707f09dae2ae2e0f51e999d59b1c6b/element/237f6270-072d-4727-9cf6-9cfb5de7c3ed/name HTTP/1.1
User-Agent: selenium/4.1.2 (java windows)
Cache-Control: no-cache
Content-Type: application/json; charset=utf-8
host: localhost:58844
accept: */*

Response DefaultHttpResponse(decodeResult: success, version: HTTP/1.1)
HTTP/1.1 200 OK
Content-Type: application/json; charset=utf-8
cache-control: no-cache
content-length: 16

12:45:59.092 [AsyncHttpClient-1-14] DEBUG org.asynchttpclient.netty.channel.ChannelManager - Adding key: http://localhost:58844 for channel [id: 0xe73cc271, L:/127.0.0.1:52092 - R:localhost/127.0.0.1:58844]
12:45:59.092 [Forwarding getElementTagName on session 0f707f09dae2ae2e0f51e999d59b1c6b to remote] DEBUG org.asynchttpclient.netty.request.NettyRequestSender - Using pooled Channel '[id: 0xe73cc271, L:/127.0.0.1:52092 - R:localhost/127.0.0.1:58844]' for 'GET' to 'http://localhost:58844/session/0f707f09dae2ae2e0f51e999d59b1c6b/element/237f6270-072d-4727-9cf6-9cfb5de7c3ed/name'
12:45:59.092 [Forwarding getElementTagName on session 0f707f09dae2ae2e0f51e999d59b1c6b to remote] DEBUG org.asynchttpclient.netty.request.NettyRequestSender - Using open Channel [id: 0xe73cc271, L:/127.0.0.1:52092 - R:localhost/127.0.0.1:58844] for GET '/session/0f707f09dae2ae2e0f51e999d59b1c6b/element/237f6270-072d-4727-9cf6-9cfb5de7c3ed/name'
12:45:59.096 [AsyncHttpClient-1-14] DEBUG org.asynchttpclient.netty.handler.HttpHandler - 

Request DefaultFullHttpRequest(decodeResult: success, version: HTTP/1.1, content: EmptyByteBufBE)
GET /session/0f707f09dae2ae2e0f51e999d59b1c6b/element/237f6270-072d-4727-9cf6-9cfb5de7c3ed/name HTTP/1.1
User-Agent: selenium/4.1.2 (java windows)
Cache-Control: no-cache
Content-Type: application/json; charset=utf-8
host: localhost:58844
accept: */*

Response DefaultHttpResponse(decodeResult: success, version: HTTP/1.1)
HTTP/1.1 200 OK
Content-Type: application/json; charset=utf-8
cache-control: no-cache
content-length: 16

12:45:59.096 [AsyncHttpClient-1-14] DEBUG org.asynchttpclient.netty.channel.ChannelManager - Adding key: http://localhost:58844 for channel [id: 0xe73cc271, L:/127.0.0.1:52092 - R:localhost/127.0.0.1:58844]
12:45:59.097 [Forwarding findElement on session 0f707f09dae2ae2e0f51e999d59b1c6b to remote] DEBUG org.asynchttpclient.netty.request.NettyRequestSender - Using pooled Channel '[id: 0xe73cc271, L:/127.0.0.1:52092 - R:localhost/127.0.0.1:58844]' for 'POST' to 'http://localhost:58844/session/0f707f09dae2ae2e0f51e999d59b1c6b/element'
12:45:59.097 [Forwarding findElement on session 0f707f09dae2ae2e0f51e999d59b1c6b to remote] DEBUG org.asynchttpclient.netty.request.NettyRequestSender - Using open Channel [id: 0xe73cc271, L:/127.0.0.1:52092 - R:localhost/127.0.0.1:58844] for POST '/session/0f707f09dae2ae2e0f51e999d59b1c6b/element'
12:45:59.104 [AsyncHttpClient-1-14] DEBUG org.asynchttpclient.netty.handler.HttpHandler - 

Request DefaultHttpRequest(decodeResult: success, version: HTTP/1.1)
POST /session/0f707f09dae2ae2e0f51e999d59b1c6b/element HTTP/1.1
User-Agent: selenium/4.1.2 (java windows)
Content-Length: 123
Content-Type: application/json; charset=utf-8
host: localhost:58844
accept: */*

Response DefaultHttpResponse(decodeResult: success, version: HTTP/1.1)
HTTP/1.1 200 OK
Content-Type: application/json; charset=utf-8
cache-control: no-cache
content-length: 88

12:45:59.104 [AsyncHttpClient-1-14] DEBUG org.asynchttpclient.netty.channel.ChannelManager - Adding key: http://localhost:58844 for channel [id: 0xe73cc271, L:/127.0.0.1:52092 - R:localhost/127.0.0.1:58844]
12:45:59.105 [Forwarding clickElement on session 0f707f09dae2ae2e0f51e999d59b1c6b to remote] DEBUG org.asynchttpclient.netty.request.NettyRequestSender - Using pooled Channel '[id: 0xe73cc271, L:/127.0.0.1:52092 - R:localhost/127.0.0.1:58844]' for 'POST' to 'http://localhost:58844/session/0f707f09dae2ae2e0f51e999d59b1c6b/element/237f6270-072d-4727-9cf6-9cfb5de7c3ed/click'
12:45:59.105 [Forwarding clickElement on session 0f707f09dae2ae2e0f51e999d59b1c6b to remote] DEBUG org.asynchttpclient.netty.request.NettyRequestSender - Using open Channel [id: 0xe73cc271, L:/127.0.0.1:52092 - R:localhost/127.0.0.1:58844] for POST '/session/0f707f09dae2ae2e0f51e999d59b1c6b/element/237f6270-072d-4727-9cf6-9cfb5de7c3ed/click'
12:45:59.142 [AsyncHttpClient-1-14] DEBUG org.asynchttpclient.netty.handler.HttpHandler - 

Request DefaultHttpRequest(decodeResult: success, version: HTTP/1.1)
POST /session/0f707f09dae2ae2e0f51e999d59b1c6b/element/237f6270-072d-4727-9cf6-9cfb5de7c3ed/click HTTP/1.1
User-Agent: selenium/4.1.2 (java windows)
Content-Length: 50
Content-Type: application/json; charset=utf-8
host: localhost:58844
accept: */*

Response DefaultHttpResponse(decodeResult: success, version: HTTP/1.1)
HTTP/1.1 200 OK
Content-Type: application/json; charset=utf-8
cache-control: no-cache
content-length: 14

12:45:59.142 [AsyncHttpClient-1-14] DEBUG org.asynchttpclient.netty.channel.ChannelManager - Adding key: http://localhost:58844 for channel [id: 0xe73cc271, L:/127.0.0.1:52092 - R:localhost/127.0.0.1:58844]
  &amp#27;[32mAnd &amp#27;[0m&amp#27;[32mI click register  button&amp#27;[0m         &amp#27;[90m# starter.stepdefinition.Registerstep.iClickRegisterButton()&amp#27;[0m
12:45:59.146 [Forwarding screenshot on session 0f707f09dae2ae2e0f51e999d59b1c6b to remote] DEBUG org.asynchttpclient.netty.request.NettyRequestSender - Using pooled Channel '[id: 0xe73cc271, L:/127.0.0.1:52092 - R:localhost/127.0.0.1:58844]' for 'GET' to 'http://localhost:58844/session/0f707f09dae2ae2e0f51e999d59b1c6b/screenshot'
12:45:59.146 [Forwarding screenshot on session 0f707f09dae2ae2e0f51e999d59b1c6b to remote] DEBUG org.asynchttpclient.netty.request.NettyRequestSender - Using open Channel [id: 0xe73cc271, L:/127.0.0.1:52092 - R:localhost/127.0.0.1:58844] for GET '/session/0f707f09dae2ae2e0f51e999d59b1c6b/screenshot'
12:45:59.267 [AsyncHttpClient-1-14] DEBUG org.asynchttpclient.netty.handler.HttpHandler - 

Request DefaultFullHttpRequest(decodeResult: success, version: HTTP/1.1, content: EmptyByteBufBE)
GET /session/0f707f09dae2ae2e0f51e999d59b1c6b/screenshot HTTP/1.1
User-Agent: selenium/4.1.2 (java windows)
Cache-Control: no-cache
Content-Type: application/json; charset=utf-8
host: localhost:58844
accept: */*

Response DefaultHttpResponse(decodeResult: success, version: HTTP/1.1)
HTTP/1.1 200 OK
Content-Type: application/json; charset=utf-8
cache-control: no-cache
content-length: 40424

12:45:59.267 [AsyncHttpClient-1-14] DEBUG org.asynchttpclient.netty.channel.ChannelManager - Adding key: http://localhost:58844 for channel [id: 0xe73cc271, L:/127.0.0.1:52092 - R:localhost/127.0.0.1:58844]
12:45:59.270 [main] DEBUG net.serenitybdd.core.photography.Darkroom - Send negative for processing for target\site\serenity\ed26d51c68d75c93234fa8de60d4356c427e6eebd441d17db9583c96e211e1ee.png
12:45:59.270 [Darkroom Processing Line] DEBUG net.serenitybdd.core.photography.DarkroomProcessingLine - Processing screenshot image in /var/screenshots/screenshot-9651828219306679798
12:45:59.270 [Darkroom Processing Line] DEBUG net.serenitybdd.core.photography.DarkroomProcessingLine - Saving screenshot to target\site\serenity\ed26d51c68d75c93234fa8de60d4356c427e6eebd441d17db9583c96e211e1ee.png
12:45:59.275 [Forwarding findElement on session 0f707f09dae2ae2e0f51e999d59b1c6b to remote] DEBUG org.asynchttpclient.netty.request.NettyRequestSender - Using pooled Channel '[id: 0xe73cc271, L:/127.0.0.1:52092 - R:localhost/127.0.0.1:58844]' for 'POST' to 'http://localhost:58844/session/0f707f09dae2ae2e0f51e999d59b1c6b/element'
12:45:59.275 [Forwarding findElement on session 0f707f09dae2ae2e0f51e999d59b1c6b to remote] DEBUG org.asynchttpclient.netty.request.NettyRequestSender - Using open Channel [id: 0xe73cc271, L:/127.0.0.1:52092 - R:localhost/127.0.0.1:58844] for POST '/session/0f707f09dae2ae2e0f51e999d59b1c6b/element'
12:45:59.908 [AsyncHttpClient-1-14] DEBUG org.asynchttpclient.netty.handler.HttpHandler - 

Request DefaultHttpRequest(decodeResult: success, version: HTTP/1.1)
POST /session/0f707f09dae2ae2e0f51e999d59b1c6b/element HTTP/1.1
User-Agent: selenium/4.1.2 (java windows)
Content-Length: 81
Content-Type: application/json; charset=utf-8
host: localhost:58844
accept: */*

Response DefaultHttpResponse(decodeResult: success, version: HTTP/1.1)
HTTP/1.1 200 OK
Content-Type: application/json; charset=utf-8
cache-control: no-cache
content-length: 88

12:45:59.908 [AsyncHttpClient-1-14] DEBUG org.asynchttpclient.netty.channel.ChannelManager - Adding key: http://localhost:58844 for channel [id: 0xe73cc271, L:/127.0.0.1:52092 - R:localhost/127.0.0.1:58844]
12:45:59.911 [Forwarding isElementDisplayed on session 0f707f09dae2ae2e0f51e999d59b1c6b to remote] DEBUG org.asynchttpclient.netty.request.NettyRequestSender - Using pooled Channel '[id: 0xe73cc271, L:/127.0.0.1:52092 - R:localhost/127.0.0.1:58844]' for 'POST' to 'http://localhost:58844/session/0f707f09dae2ae2e0f51e999d59b1c6b/execute/sync'
12:45:59.911 [Forwarding isElementDisplayed on session 0f707f09dae2ae2e0f51e999d59b1c6b to remote] DEBUG org.asynchttpclient.netty.request.NettyRequestSender - Using open Channel [id: 0xe73cc271, L:/127.0.0.1:52092 - R:localhost/127.0.0.1:58844] for POST '/session/0f707f09dae2ae2e0f51e999d59b1c6b/execute/sync'
12:45:59.924 [AsyncHttpClient-1-14] DEBUG org.asynchttpclient.netty.handler.HttpHandler - 

Request DefaultHttpRequest(decodeResult: success, version: HTTP/1.1)
POST /session/0f707f09dae2ae2e0f51e999d59b1c6b/execute/sync HTTP/1.1
User-Agent: selenium/4.1.2 (java windows)
Content-Length: 48780
Content-Type: application/json; charset=utf-8
host: localhost:58844
accept: */*

Response DefaultHttpResponse(decodeResult: success, version: HTTP/1.1)
HTTP/1.1 200 OK
Content-Type: application/json; charset=utf-8
cache-control: no-cache
content-length: 14

12:45:59.924 [AsyncHttpClient-1-14] DEBUG org.asynchttpclient.netty.channel.ChannelManager - Adding key: http://localhost:58844 for channel [id: 0xe73cc271, L:/127.0.0.1:52092 - R:localhost/127.0.0.1:58844]
  &amp#27;[32mThen &amp#27;[0m&amp#27;[32mI will get &amp#27;[0m&amp#27;[32m&amp#27;[1m"error message"&amp#27;[0m      &amp#27;[90m# starter.stepdefinition.Registerstep.iWillGet(java.lang.String)&amp#27;[0m
12:45:59.929 [Forwarding screenshot on session 0f707f09dae2ae2e0f51e999d59b1c6b to remote] DEBUG org.asynchttpclient.netty.request.NettyRequestSender - Using pooled Channel '[id: 0xe73cc271, L:/127.0.0.1:52092 - R:localhost/127.0.0.1:58844]' for 'GET' to 'http://localhost:58844/session/0f707f09dae2ae2e0f51e999d59b1c6b/screenshot'
12:45:59.929 [Forwarding screenshot on session 0f707f09dae2ae2e0f51e999d59b1c6b to remote] DEBUG org.asynchttpclient.netty.request.NettyRequestSender - Using open Channel [id: 0xe73cc271, L:/127.0.0.1:52092 - R:localhost/127.0.0.1:58844] for GET '/session/0f707f09dae2ae2e0f51e999d59b1c6b/screenshot'
12:46:00.046 [AsyncHttpClient-1-1] DEBUG org.asynchttpclient.netty.channel.DefaultChannelPool - Entry count for : http://localhost:52093 : 1
12:46:00.084 [AsyncHttpClient-1-14] DEBUG org.asynchttpclient.netty.handler.HttpHandler - 

Request DefaultFullHttpRequest(decodeResult: success, version: HTTP/1.1, content: EmptyByteBufBE)
GET /session/0f707f09dae2ae2e0f51e999d59b1c6b/screenshot HTTP/1.1
User-Agent: selenium/4.1.2 (java windows)
Cache-Control: no-cache
Content-Type: application/json; charset=utf-8
host: localhost:58844
accept: */*

Response DefaultHttpResponse(decodeResult: success, version: HTTP/1.1)
HTTP/1.1 200 OK
Content-Type: application/json; charset=utf-8
cache-control: no-cache
content-length: 41348

12:46:00.084 [AsyncHttpClient-1-14] DEBUG org.asynchttpclient.netty.channel.ChannelManager - Adding key: http://localhost:58844 for channel [id: 0xe73cc271, L:/127.0.0.1:52092 - R:localhost/127.0.0.1:58844]
12:46:00.085 [main] DEBUG net.serenitybdd.core.photography.Darkroom - Send negative for processing for target\site\serenity\6173550ad1d4eaad0394951543eeb08008ac816f39a70fd3164902b2af4e3145.png
12:46:00.085 [Darkroom Processing Line] DEBUG net.serenitybdd.core.photography.DarkroomProcessingLine - Processing screenshot image in /var/screenshots/screenshot-7841627760023348430
12:46:00.085 [Darkroom Processing Line] DEBUG net.serenitybdd.core.photography.DarkroomProcessingLine - Saving screenshot to target\site\serenity\6173550ad1d4eaad0394951543eeb08008ac816f39a70fd3164902b2af4e3145.png
12:46:00.091 [AsyncHttpClient-1-16] DEBUG org.asynchttpclient.netty.handler.WebSocketHandler - Channel Closed: [id: 0xd4bf2b16, L:/127.0.0.1:52100 ! R:localhost/127.0.0.1:52093] with attribute NettyResponseFuture{currentRetry=5,
	isDone=1,
	isCancelled=0,
	asyncHandler=org.asynchttpclient.ws.WebSocketUpgradeHandler@799d7380,
	nettyRequest=org.asynchttpclient.netty.request.NettyRequest@1f7bd332,
	future=java.util.concurrent.CompletableFuture@39bb7e66[Completed normally],
	uri=ws://localhost:52093/devtools/browser/dcd8a1ba-983e-437a-b9a0-9f0425c4751c,
	keepAlive=true,
	redirectCount=0,
	timeoutsHolder=null,
	inAuth=0,
	touch=1667972756426}
12:46:00.091 [Driver Command Executor] DEBUG org.asynchttpclient.netty.request.NettyRequestSender - Using pooled Channel '[id: 0xe73cc271, L:/127.0.0.1:52092 - R:localhost/127.0.0.1:58844]' for 'DELETE' to 'http://localhost:58844/session/0f707f09dae2ae2e0f51e999d59b1c6b'
12:46:00.091 [Driver Command Executor] DEBUG org.asynchttpclient.netty.request.NettyRequestSender - Using open Channel [id: 0xe73cc271, L:/127.0.0.1:52092 - R:localhost/127.0.0.1:58844] for DELETE '/session/0f707f09dae2ae2e0f51e999d59b1c6b'
12:46:00.091 [AsyncHttpClient-1-16] DEBUG org.asynchttpclient.netty.channel.ChannelManager - Closing Channel [id: 0xd4bf2b16, L:/127.0.0.1:52100 ! R:localhost/127.0.0.1:52093] 
12:46:00.114 [AsyncHttpClient-1-15] DEBUG org.asynchttpclient.netty.handler.HttpHandler - Unexpected I/O exception on channel [id: 0x1b7f4dfd, L:/127.0.0.1:52099 - R:localhost/127.0.0.1:52093]
java.io.IOException: An existing connection was forcibly closed by the remote host
	at java.base/sun.nio.ch.SocketDispatcher.read0(Native Method)
	at java.base/sun.nio.ch.SocketDispatcher.read(SocketDispatcher.java:43)
	at java.base/sun.nio.ch.IOUtil.readIntoNativeBuffer(IOUtil.java:276)
	at java.base/sun.nio.ch.IOUtil.read(IOUtil.java:233)
	at java.base/sun.nio.ch.IOUtil.read(IOUtil.java:223)
	at java.base/sun.nio.ch.SocketChannelImpl.read(SocketChannelImpl.java:358)
	at io.netty.buffer.PooledByteBuf.setBytes(PooledByteBuf.java:258)
	at io.netty.buffer.AbstractByteBuf.writeBytes(AbstractByteBuf.java:1132)
	at io.netty.channel.socket.nio.NioSocketChannel.doReadBytes(NioSocketChannel.java:350)
	at io.netty.channel.nio.AbstractNioByteChannel$NioByteUnsafe.read(AbstractNioByteChannel.java:151)
	at io.netty.channel.nio.NioEventLoop.processSelectedKey(NioEventLoop.java:722)
	at io.netty.channel.nio.NioEventLoop.processSelectedKeysOptimized(NioEventLoop.java:658)
	at io.netty.channel.nio.NioEventLoop.processSelectedKeys(NioEventLoop.java:584)
	at io.netty.channel.nio.NioEventLoop.run(NioEventLoop.java:496)
	at io.netty.util.concurrent.SingleThreadEventExecutor$4.run(SingleThreadEventExecutor.java:986)
	at io.netty.util.internal.ThreadExecutorMap$2.run(ThreadExecutorMap.java:74)
	at io.netty.util.concurrent.FastThreadLocalRunnable.run(FastThreadLocalRunnable.java:30)
	at java.base/java.lang.Thread.run(Thread.java:834)
12:46:00.114 [AsyncHttpClient-1-15] DEBUG org.asynchttpclient.netty.channel.ChannelManager - Closing Channel [id: 0x1b7f4dfd, L:/127.0.0.1:52099 - R:localhost/127.0.0.1:52093] 
12:46:00.114 [AsyncHttpClient-1-15] DEBUG org.asynchttpclient.netty.handler.HttpHandler - Channel Closed: [id: 0x1b7f4dfd, L:/127.0.0.1:52099 ! R:localhost/127.0.0.1:52093] with attribute DISCARD
12:46:00.130 [AsyncHttpClient-1-14] DEBUG org.asynchttpclient.netty.handler.HttpHandler - 

Request DefaultFullHttpRequest(decodeResult: success, version: HTTP/1.1, content: EmptyByteBufBE)
DELETE /session/0f707f09dae2ae2e0f51e999d59b1c6b HTTP/1.1
User-Agent: selenium/4.1.2 (java windows)
Content-Type: application/json; charset=utf-8
host: localhost:58844
accept: */*

Response DefaultHttpResponse(decodeResult: success, version: HTTP/1.1)
HTTP/1.1 200 OK
Content-Type: application/json; charset=utf-8
cache-control: no-cache
content-length: 14

12:46:00.130 [AsyncHttpClient-1-14] DEBUG org.asynchttpclient.netty.channel.ChannelManager - Adding key: http://localhost:58844 for channel [id: 0xe73cc271, L:/127.0.0.1:52092 - R:localhost/127.0.0.1:58844]
12:46:00.195 [AsyncHttpClient-1-14] DEBUG org.asynchttpclient.netty.handler.HttpHandler - Channel Closed: [id: 0xe73cc271, L:/127.0.0.1:52092 ! R:localhost/127.0.0.1:58844] with attribute DISCARD
12:46:00.241 [main] INFO  - 
  _____   ___   ___   _____     ___     _     ___   ___   ___   ___  
 |_   _| | __| / __| |_   _|   | _ \   /_\   / __| / __| | __| |   \ 
   | |   | _|  \__ \   | |     |  _/  / _ \  \__ \ \__ \ | _|  | |) |
   |_|   |___| |___/   |_|     |_|   /_/ \_\ |___/ |___/ |___| |___/ 

Register new account
----------------------------------------------------------------------
]]></system-out>
    <system-err><![CDATA[Starting ChromeDriver 107.0.5304.62 (1eec40d3a5764881c92085aaee66d25075c159aa-refs/branch-heads/5304@{#942}) on port 58844
Only local connections are allowed.
Please see https://chromedriver.chromium.org/security-considerations for suggestions on keeping ChromeDriver safe.
ChromeDriver was started successfully.
Nov 09, 2022 12:45:56 PM org.openqa.selenium.remote.ProtocolHandshake createSession
INFO: Detected dialect: W3C
Nov 09, 2022 12:45:56 PM org.openqa.selenium.devtools.CdpVersionFinder findNearestMatch
WARNING: Unable to find an exact match for CDP version 107, so returning the closest version found: a no-op implementation
Nov 09, 2022 12:45:56 PM org.openqa.selenium.devtools.CdpVersionFinder findNearestMatch
INFO: Unable to find CDP implementation matching 107.
Nov 09, 2022 12:45:56 PM org.openqa.selenium.chromium.ChromiumDriver lambda$new$3
WARNING: Unable to find version of CDP to use for . You may need to include a dependency on a specific version of the CDP using something similar to `org.seleniumhq.selenium:selenium-devtools-v86:4.1.2` where the version ("v86") matches the version of the chromium-based browser you're using and the version number of the artifact is the same as Selenium's.
]]></system-err>
  </testcase>
  <testcase name="Register new account #3" classname="Register" time="7.773">
    <system-out><![CDATA[
@Register
Scenario Outline: Register new account       &amp#27;[90m# src/test/resources/features/register.feature:20&amp#27;[0m
12:46:00.247 [main] INFO io.cucumber.core.plugin.SerenityReporter - Running feature from file:///C:/Users/ASUS/Web/src/test/resources/features/register.feature
12:46:00.263 [main] INFO net.serenitybdd.core.webdriver.driverproviders.ChromeDriverProvider - Using automatically driver download
12:46:00.394 [main] DEBUG io.github.bonigarcia.wdm.cache.ResolutionCache - Resolution chrome=107 in cache (valid until 13:44:11 09/11/2022 ICT)
12:46:00.398 [main] DEBUG io.github.bonigarcia.wdm.cache.ResolutionCache - Resolution chrome107=107.0.5304.62 in cache (valid until 12:48:49 09/11/2022 ICT)
12:46:00.399 [main] INFO io.github.bonigarcia.wdm.WebDriverManager - Using chromedriver 107.0.5304.62 (resolved driver for Chrome 107)
12:46:00.407 [main] DEBUG io.github.bonigarcia.wdm.WebDriverManager - Driver chromedriver 107.0.5304.62 found in cache
12:46:00.407 [main] INFO io.github.bonigarcia.wdm.WebDriverManager - Exporting webdriver.chrome.driver as C:\Users\ASUS\.cache\selenium\chromedriver\win32\107.0.5304.62\chromedriver.exe
12:46:00.499 [main] DEBUG net.serenitybdd.core.webdriver.driverproviders.ProvideNewDriver - Instantiating driver
12:46:00.499 [main] DEBUG net.serenitybdd.core.webdriver.driverproviders.ProvideNewDriver - Driver capabilities: Capabilities {acceptInsecureCerts: false, base.url: https://alta-shop.vercel.app/, browserName: chrome, chrome.driver: src/test/resources/webdrive..., driver: chrome, goog:chromeOptions: {args: [], extensions: []}}
12:46:00.574 [AsyncHttpClient-1-17] DEBUG org.asynchttpclient.netty.channel.NettyConnectListener - Using new Channel '[id: 0x6588d5ba, L:/127.0.0.1:52116 - R:localhost/127.0.0.1:56045]' for 'POST' to '/session'
12:46:01.149 [AsyncHttpClient-1-1] DEBUG org.asynchttpclient.netty.channel.DefaultChannelPool - Entry count for : http://localhost:58844 : 1
12:46:01.149 [AsyncHttpClient-1-1] DEBUG org.asynchttpclient.netty.channel.DefaultChannelPool - Entry count for : http://localhost:52093 : 1
12:46:01.149 [AsyncHttpClient-1-1] DEBUG org.asynchttpclient.netty.channel.DefaultChannelPool - Adding Candidate expired Channel [id: 0xe73cc271, L:/127.0.0.1:52092 ! R:localhost/127.0.0.1:58844] isIdleTimeoutExpired=false isRemotelyClosed=true isTtlExpired=false
12:46:01.149 [AsyncHttpClient-1-1] DEBUG org.asynchttpclient.netty.channel.DefaultChannelPool - Closing Idle Channel [id: 0xe73cc271, L:/127.0.0.1:52092 ! R:localhost/127.0.0.1:58844]
12:46:01.149 [AsyncHttpClient-1-1] DEBUG org.asynchttpclient.netty.channel.DefaultChannelPool - Adding Candidate expired Channel [id: 0x1b7f4dfd, L:/127.0.0.1:52099 ! R:localhost/127.0.0.1:52093] isIdleTimeoutExpired=false isRemotelyClosed=true isTtlExpired=false
12:46:01.149 [AsyncHttpClient-1-1] DEBUG org.asynchttpclient.netty.channel.DefaultChannelPool - Closing Idle Channel [id: 0x1b7f4dfd, L:/127.0.0.1:52099 ! R:localhost/127.0.0.1:52093]
12:46:01.149 [AsyncHttpClient-1-1] DEBUG org.asynchttpclient.netty.channel.DefaultChannelPool - Closed 2 connections out of 2 in 0 ms
12:46:03.294 [AsyncHttpClient-1-17] DEBUG org.asynchttpclient.netty.handler.HttpHandler - 

Request DefaultHttpRequest(decodeResult: success, version: HTTP/1.1)
POST /session HTTP/1.1
User-Agent: selenium/4.1.2 (java windows)
Content-Length: 615
Content-Type: application/json; charset=utf-8
host: localhost:56045
accept: */*

Response DefaultHttpResponse(decodeResult: success, version: HTTP/1.1)
HTTP/1.1 200 OK
Content-Type: application/json; charset=utf-8
cache-control: no-cache
content-length: 789

12:46:03.295 [AsyncHttpClient-1-17] DEBUG org.asynchttpclient.netty.channel.ChannelManager - Adding key: http://localhost:56045 for channel [id: 0x6588d5ba, L:/127.0.0.1:52116 - R:localhost/127.0.0.1:56045]
12:46:03.304 [AsyncHttpClient-1-18] DEBUG org.asynchttpclient.netty.channel.NettyConnectListener - Using new Channel '[id: 0x7e1c85b1, L:/127.0.0.1:52124 - R:localhost/127.0.0.1:52118]' for 'GET' to '/json/version'
12:46:03.305 [AsyncHttpClient-1-18] DEBUG org.asynchttpclient.netty.handler.HttpHandler - 

Request DefaultFullHttpRequest(decodeResult: success, version: HTTP/1.1, content: EmptyByteBufBE)
GET /json/version HTTP/1.1
User-Agent: selenium/4.1.2 (java windows)
host: localhost:52118
accept: */*

Response DefaultHttpResponse(decodeResult: success, version: HTTP/1.1)
HTTP/1.1 200 OK
Content-Type: application/json; charset=UTF-8
content-length: 423

12:46:03.305 [AsyncHttpClient-1-18] DEBUG org.asynchttpclient.netty.channel.ChannelManager - Adding key: http://localhost:52118 for channel [id: 0x7e1c85b1, L:/127.0.0.1:52124 - R:localhost/127.0.0.1:52118]
12:46:03.307 [AsyncHttpClient-1-19] DEBUG org.asynchttpclient.netty.channel.NettyConnectListener - Using new Channel '[id: 0xc8e4657e, L:/127.0.0.1:52125 - R:localhost/127.0.0.1:52118]' for 'GET' to '/devtools/browser/18e346f5-cd00-4fee-9d99-d76cbed91b25'
12:46:03.307 [AsyncHttpClient-1-19] DEBUG org.asynchttpclient.netty.handler.WebSocketHandler - 

Request DefaultFullHttpRequest(decodeResult: success, version: HTTP/1.1, content: EmptyByteBufBE)
GET /devtools/browser/18e346f5-cd00-4fee-9d99-d76cbed91b25 HTTP/1.1
upgrade: websocket
connection: upgrade
sec-websocket-key: QCYKtFVHUMOkf9nsARHaWw==
sec-websocket-version: 13
origin: http://localhost:52118
host: localhost:52118
accept: */*
user-agent: AHC/2.1

Response DefaultHttpResponse(decodeResult: success, version: HTTP/1.1)
HTTP/1.1 101 WebSocket Protocol Handshake
Upgrade: WebSocket
Connection: Upgrade
Sec-WebSocket-Accept: pybpN9nXBoj8oGh3jldnM9b4Rs0=

12:46:03.310 [Forwarding get on session 6b638dc1cc6e740c7f446e8d87dd8476 to remote] DEBUG org.asynchttpclient.netty.request.NettyRequestSender - Using pooled Channel '[id: 0x6588d5ba, L:/127.0.0.1:52116 - R:localhost/127.0.0.1:56045]' for 'POST' to 'http://localhost:56045/session/6b638dc1cc6e740c7f446e8d87dd8476/url'
12:46:03.310 [Forwarding get on session 6b638dc1cc6e740c7f446e8d87dd8476 to remote] DEBUG org.asynchttpclient.netty.request.NettyRequestSender - Using open Channel [id: 0x6588d5ba, L:/127.0.0.1:52116 - R:localhost/127.0.0.1:56045] for POST '/session/6b638dc1cc6e740c7f446e8d87dd8476/url'
12:46:03.346 [AsyncHttpClient-1-1] DEBUG org.asynchttpclient.netty.channel.DefaultChannelPool - Entry count for : http://localhost:52118 : 1
12:46:04.319 [AsyncHttpClient-1-17] DEBUG org.asynchttpclient.netty.handler.HttpHandler - 

Request DefaultHttpRequest(decodeResult: success, version: HTTP/1.1)
POST /session/6b638dc1cc6e740c7f446e8d87dd8476/url HTTP/1.1
User-Agent: selenium/4.1.2 (java windows)
Content-Length: 59
Content-Type: application/json; charset=utf-8
host: localhost:56045
accept: */*

Response DefaultHttpResponse(decodeResult: success, version: HTTP/1.1)
HTTP/1.1 200 OK
Content-Type: application/json; charset=utf-8
cache-control: no-cache
content-length: 14

12:46:04.319 [AsyncHttpClient-1-17] DEBUG org.asynchttpclient.netty.channel.ChannelManager - Adding key: http://localhost:56045 for channel [id: 0x6588d5ba, L:/127.0.0.1:52116 - R:localhost/127.0.0.1:56045]
12:46:04.320 [Forwarding setTimeout on session 6b638dc1cc6e740c7f446e8d87dd8476 to remote] DEBUG org.asynchttpclient.netty.request.NettyRequestSender - Using pooled Channel '[id: 0x6588d5ba, L:/127.0.0.1:52116 - R:localhost/127.0.0.1:56045]' for 'POST' to 'http://localhost:56045/session/6b638dc1cc6e740c7f446e8d87dd8476/timeouts'
12:46:04.320 [Forwarding setTimeout on session 6b638dc1cc6e740c7f446e8d87dd8476 to remote] DEBUG org.asynchttpclient.netty.request.NettyRequestSender - Using open Channel [id: 0x6588d5ba, L:/127.0.0.1:52116 - R:localhost/127.0.0.1:56045] for POST '/session/6b638dc1cc6e740c7f446e8d87dd8476/timeouts'
12:46:04.321 [AsyncHttpClient-1-17] DEBUG org.asynchttpclient.netty.handler.HttpHandler - 

Request DefaultHttpRequest(decodeResult: success, version: HTTP/1.1)
POST /session/6b638dc1cc6e740c7f446e8d87dd8476/timeouts HTTP/1.1
User-Agent: selenium/4.1.2 (java windows)
Content-Length: 22
Content-Type: application/json; charset=utf-8
host: localhost:56045
accept: */*

Response DefaultHttpResponse(decodeResult: success, version: HTTP/1.1)
HTTP/1.1 200 OK
Content-Type: application/json; charset=utf-8
cache-control: no-cache
content-length: 14

12:46:04.321 [AsyncHttpClient-1-17] DEBUG org.asynchttpclient.netty.channel.ChannelManager - Adding key: http://localhost:56045 for channel [id: 0x6588d5ba, L:/127.0.0.1:52116 - R:localhost/127.0.0.1:56045]
12:46:04.323 [Forwarding getCurrentUrl on session 6b638dc1cc6e740c7f446e8d87dd8476 to remote] DEBUG org.asynchttpclient.netty.request.NettyRequestSender - Using pooled Channel '[id: 0x6588d5ba, L:/127.0.0.1:52116 - R:localhost/127.0.0.1:56045]' for 'GET' to 'http://localhost:56045/session/6b638dc1cc6e740c7f446e8d87dd8476/url'
12:46:04.323 [Forwarding getCurrentUrl on session 6b638dc1cc6e740c7f446e8d87dd8476 to remote] DEBUG org.asynchttpclient.netty.request.NettyRequestSender - Using open Channel [id: 0x6588d5ba, L:/127.0.0.1:52116 - R:localhost/127.0.0.1:56045] for GET '/session/6b638dc1cc6e740c7f446e8d87dd8476/url'
12:46:04.327 [AsyncHttpClient-1-17] DEBUG org.asynchttpclient.netty.handler.HttpHandler - 

Request DefaultFullHttpRequest(decodeResult: success, version: HTTP/1.1, content: EmptyByteBufBE)
GET /session/6b638dc1cc6e740c7f446e8d87dd8476/url HTTP/1.1
User-Agent: selenium/4.1.2 (java windows)
Cache-Control: no-cache
Content-Type: application/json; charset=utf-8
host: localhost:56045
accept: */*

Response DefaultHttpResponse(decodeResult: success, version: HTTP/1.1)
HTTP/1.1 200 OK
Content-Type: application/json; charset=utf-8
cache-control: no-cache
content-length: 41

12:46:04.327 [AsyncHttpClient-1-17] DEBUG org.asynchttpclient.netty.channel.ChannelManager - Adding key: http://localhost:56045 for channel [id: 0x6588d5ba, L:/127.0.0.1:52116 - R:localhost/127.0.0.1:56045]
  &amp#27;[32mGiven &amp#27;[0m&amp#27;[32mI am on home page&amp#27;[0m                    &amp#27;[90m# starter.stepdefinition.LoginStep.iAmOnHomePage()&amp#27;[0m
12:46:04.332 [Forwarding screenshot on session 6b638dc1cc6e740c7f446e8d87dd8476 to remote] DEBUG org.asynchttpclient.netty.request.NettyRequestSender - Using pooled Channel '[id: 0x6588d5ba, L:/127.0.0.1:52116 - R:localhost/127.0.0.1:56045]' for 'GET' to 'http://localhost:56045/session/6b638dc1cc6e740c7f446e8d87dd8476/screenshot'
12:46:04.332 [Forwarding screenshot on session 6b638dc1cc6e740c7f446e8d87dd8476 to remote] DEBUG org.asynchttpclient.netty.request.NettyRequestSender - Using open Channel [id: 0x6588d5ba, L:/127.0.0.1:52116 - R:localhost/127.0.0.1:56045] for GET '/session/6b638dc1cc6e740c7f446e8d87dd8476/screenshot'
12:46:04.446 [AsyncHttpClient-1-1] DEBUG org.asynchttpclient.netty.channel.DefaultChannelPool - Entry count for : http://localhost:52118 : 1
12:46:04.526 [AsyncHttpClient-1-17] DEBUG org.asynchttpclient.netty.handler.HttpHandler - 

Request DefaultFullHttpRequest(decodeResult: success, version: HTTP/1.1, content: EmptyByteBufBE)
GET /session/6b638dc1cc6e740c7f446e8d87dd8476/screenshot HTTP/1.1
User-Agent: selenium/4.1.2 (java windows)
Cache-Control: no-cache
Content-Type: application/json; charset=utf-8
host: localhost:56045
accept: */*

Response DefaultHttpResponse(decodeResult: success, version: HTTP/1.1)
HTTP/1.1 200 OK
Content-Type: application/json; charset=utf-8
cache-control: no-cache
content-length: 33060

12:46:04.527 [AsyncHttpClient-1-17] DEBUG org.asynchttpclient.netty.channel.ChannelManager - Adding key: http://localhost:56045 for channel [id: 0x6588d5ba, L:/127.0.0.1:52116 - R:localhost/127.0.0.1:56045]
12:46:04.529 [main] DEBUG net.serenitybdd.core.photography.Darkroom - Send negative for processing for target\site\serenity\37854abee517b8c39026b8cb652e548193a3fdd0584318b2dfac2d8cc2c1d0d9.png
12:46:04.536 [Forwarding findElement on session 6b638dc1cc6e740c7f446e8d87dd8476 to remote] DEBUG org.asynchttpclient.netty.request.NettyRequestSender - Using pooled Channel '[id: 0x6588d5ba, L:/127.0.0.1:52116 - R:localhost/127.0.0.1:56045]' for 'POST' to 'http://localhost:56045/session/6b638dc1cc6e740c7f446e8d87dd8476/element'
12:46:04.536 [Forwarding findElement on session 6b638dc1cc6e740c7f446e8d87dd8476 to remote] DEBUG org.asynchttpclient.netty.request.NettyRequestSender - Using open Channel [id: 0x6588d5ba, L:/127.0.0.1:52116 - R:localhost/127.0.0.1:56045] for POST '/session/6b638dc1cc6e740c7f446e8d87dd8476/element'
12:46:04.548 [AsyncHttpClient-1-17] DEBUG org.asynchttpclient.netty.handler.HttpHandler - 

Request DefaultHttpRequest(decodeResult: success, version: HTTP/1.1)
POST /session/6b638dc1cc6e740c7f446e8d87dd8476/element HTTP/1.1
User-Agent: selenium/4.1.2 (java windows)
Content-Length: 97
Content-Type: application/json; charset=utf-8
host: localhost:56045
accept: */*

Response DefaultHttpResponse(decodeResult: success, version: HTTP/1.1)
HTTP/1.1 200 OK
Content-Type: application/json; charset=utf-8
cache-control: no-cache
content-length: 88

12:46:04.548 [AsyncHttpClient-1-17] DEBUG org.asynchttpclient.netty.channel.ChannelManager - Adding key: http://localhost:56045 for channel [id: 0x6588d5ba, L:/127.0.0.1:52116 - R:localhost/127.0.0.1:56045]
12:46:04.550 [Forwarding getElementTagName on session 6b638dc1cc6e740c7f446e8d87dd8476 to remote] DEBUG org.asynchttpclient.netty.request.NettyRequestSender - Using pooled Channel '[id: 0x6588d5ba, L:/127.0.0.1:52116 - R:localhost/127.0.0.1:56045]' for 'GET' to 'http://localhost:56045/session/6b638dc1cc6e740c7f446e8d87dd8476/element/60471978-32cb-4094-a048-62166f4163c4/name'
12:46:04.550 [Forwarding getElementTagName on session 6b638dc1cc6e740c7f446e8d87dd8476 to remote] DEBUG org.asynchttpclient.netty.request.NettyRequestSender - Using open Channel [id: 0x6588d5ba, L:/127.0.0.1:52116 - R:localhost/127.0.0.1:56045] for GET '/session/6b638dc1cc6e740c7f446e8d87dd8476/element/60471978-32cb-4094-a048-62166f4163c4/name'
12:46:04.555 [AsyncHttpClient-1-17] DEBUG org.asynchttpclient.netty.handler.HttpHandler - 

Request DefaultFullHttpRequest(decodeResult: success, version: HTTP/1.1, content: EmptyByteBufBE)
GET /session/6b638dc1cc6e740c7f446e8d87dd8476/element/60471978-32cb-4094-a048-62166f4163c4/name HTTP/1.1
User-Agent: selenium/4.1.2 (java windows)
Cache-Control: no-cache
Content-Type: application/json; charset=utf-8
host: localhost:56045
accept: */*

Response DefaultHttpResponse(decodeResult: success, version: HTTP/1.1)
HTTP/1.1 200 OK
Content-Type: application/json; charset=utf-8
cache-control: no-cache
content-length: 13

12:46:04.555 [AsyncHttpClient-1-17] DEBUG org.asynchttpclient.netty.channel.ChannelManager - Adding key: http://localhost:56045 for channel [id: 0x6588d5ba, L:/127.0.0.1:52116 - R:localhost/127.0.0.1:56045]
12:46:04.556 [Forwarding getElementTagName on session 6b638dc1cc6e740c7f446e8d87dd8476 to remote] DEBUG org.asynchttpclient.netty.request.NettyRequestSender - Using pooled Channel '[id: 0x6588d5ba, L:/127.0.0.1:52116 - R:localhost/127.0.0.1:56045]' for 'GET' to 'http://localhost:56045/session/6b638dc1cc6e740c7f446e8d87dd8476/element/60471978-32cb-4094-a048-62166f4163c4/name'
12:46:04.556 [Forwarding getElementTagName on session 6b638dc1cc6e740c7f446e8d87dd8476 to remote] DEBUG org.asynchttpclient.netty.request.NettyRequestSender - Using open Channel [id: 0x6588d5ba, L:/127.0.0.1:52116 - R:localhost/127.0.0.1:56045] for GET '/session/6b638dc1cc6e740c7f446e8d87dd8476/element/60471978-32cb-4094-a048-62166f4163c4/name'
12:46:04.559 [AsyncHttpClient-1-17] DEBUG org.asynchttpclient.netty.handler.HttpHandler - 

Request DefaultFullHttpRequest(decodeResult: success, version: HTTP/1.1, content: EmptyByteBufBE)
GET /session/6b638dc1cc6e740c7f446e8d87dd8476/element/60471978-32cb-4094-a048-62166f4163c4/name HTTP/1.1
User-Agent: selenium/4.1.2 (java windows)
Cache-Control: no-cache
Content-Type: application/json; charset=utf-8
host: localhost:56045
accept: */*

Response DefaultHttpResponse(decodeResult: success, version: HTTP/1.1)
HTTP/1.1 200 OK
Content-Type: application/json; charset=utf-8
cache-control: no-cache
content-length: 13

12:46:04.559 [AsyncHttpClient-1-17] DEBUG org.asynchttpclient.netty.channel.ChannelManager - Adding key: http://localhost:56045 for channel [id: 0x6588d5ba, L:/127.0.0.1:52116 - R:localhost/127.0.0.1:56045]
12:46:04.560 [Forwarding findElement on session 6b638dc1cc6e740c7f446e8d87dd8476 to remote] DEBUG org.asynchttpclient.netty.request.NettyRequestSender - Using pooled Channel '[id: 0x6588d5ba, L:/127.0.0.1:52116 - R:localhost/127.0.0.1:56045]' for 'POST' to 'http://localhost:56045/session/6b638dc1cc6e740c7f446e8d87dd8476/element'
12:46:04.560 [Forwarding findElement on session 6b638dc1cc6e740c7f446e8d87dd8476 to remote] DEBUG org.asynchttpclient.netty.request.NettyRequestSender - Using open Channel [id: 0x6588d5ba, L:/127.0.0.1:52116 - R:localhost/127.0.0.1:56045] for POST '/session/6b638dc1cc6e740c7f446e8d87dd8476/element'
12:46:04.566 [AsyncHttpClient-1-17] DEBUG org.asynchttpclient.netty.handler.HttpHandler - 

Request DefaultHttpRequest(decodeResult: success, version: HTTP/1.1)
POST /session/6b638dc1cc6e740c7f446e8d87dd8476/element HTTP/1.1
User-Agent: selenium/4.1.2 (java windows)
Content-Length: 97
Content-Type: application/json; charset=utf-8
host: localhost:56045
accept: */*

Response DefaultHttpResponse(decodeResult: success, version: HTTP/1.1)
HTTP/1.1 200 OK
Content-Type: application/json; charset=utf-8
cache-control: no-cache
content-length: 88

12:46:04.566 [AsyncHttpClient-1-17] DEBUG org.asynchttpclient.netty.channel.ChannelManager - Adding key: http://localhost:56045 for channel [id: 0x6588d5ba, L:/127.0.0.1:52116 - R:localhost/127.0.0.1:56045]
12:46:04.569 [Forwarding clickElement on session 6b638dc1cc6e740c7f446e8d87dd8476 to remote] DEBUG org.asynchttpclient.netty.request.NettyRequestSender - Using pooled Channel '[id: 0x6588d5ba, L:/127.0.0.1:52116 - R:localhost/127.0.0.1:56045]' for 'POST' to 'http://localhost:56045/session/6b638dc1cc6e740c7f446e8d87dd8476/element/60471978-32cb-4094-a048-62166f4163c4/click'
12:46:04.569 [Forwarding clickElement on session 6b638dc1cc6e740c7f446e8d87dd8476 to remote] DEBUG org.asynchttpclient.netty.request.NettyRequestSender - Using open Channel [id: 0x6588d5ba, L:/127.0.0.1:52116 - R:localhost/127.0.0.1:56045] for POST '/session/6b638dc1cc6e740c7f446e8d87dd8476/element/60471978-32cb-4094-a048-62166f4163c4/click'
12:46:04.601 [AsyncHttpClient-1-17] DEBUG org.asynchttpclient.netty.handler.HttpHandler - 

Request DefaultHttpRequest(decodeResult: success, version: HTTP/1.1)
POST /session/6b638dc1cc6e740c7f446e8d87dd8476/element/60471978-32cb-4094-a048-62166f4163c4/click HTTP/1.1
User-Agent: selenium/4.1.2 (java windows)
Content-Length: 50
Content-Type: application/json; charset=utf-8
host: localhost:56045
accept: */*

Response DefaultHttpResponse(decodeResult: success, version: HTTP/1.1)
HTTP/1.1 200 OK
Content-Type: application/json; charset=utf-8
cache-control: no-cache
content-length: 14

12:46:04.601 [AsyncHttpClient-1-17] DEBUG org.asynchttpclient.netty.channel.ChannelManager - Adding key: http://localhost:56045 for channel [id: 0x6588d5ba, L:/127.0.0.1:52116 - R:localhost/127.0.0.1:56045]
  &amp#27;[32mAnd &amp#27;[0m&amp#27;[32mI click icon the login icon&amp#27;[0m            &amp#27;[90m# starter.stepdefinition.LoginStep.iClickIconTheLoginIcon()&amp#27;[0m
12:46:04.605 [Forwarding screenshot on session 6b638dc1cc6e740c7f446e8d87dd8476 to remote] DEBUG org.asynchttpclient.netty.request.NettyRequestSender - Using pooled Channel '[id: 0x6588d5ba, L:/127.0.0.1:52116 - R:localhost/127.0.0.1:56045]' for 'GET' to 'http://localhost:56045/session/6b638dc1cc6e740c7f446e8d87dd8476/screenshot'
12:46:04.605 [Forwarding screenshot on session 6b638dc1cc6e740c7f446e8d87dd8476 to remote] DEBUG org.asynchttpclient.netty.request.NettyRequestSender - Using open Channel [id: 0x6588d5ba, L:/127.0.0.1:52116 - R:localhost/127.0.0.1:56045] for GET '/session/6b638dc1cc6e740c7f446e8d87dd8476/screenshot'
12:46:04.825 [AsyncHttpClient-1-17] DEBUG org.asynchttpclient.netty.handler.HttpHandler - 

Request DefaultFullHttpRequest(decodeResult: success, version: HTTP/1.1, content: EmptyByteBufBE)
GET /session/6b638dc1cc6e740c7f446e8d87dd8476/screenshot HTTP/1.1
User-Agent: selenium/4.1.2 (java windows)
Cache-Control: no-cache
Content-Type: application/json; charset=utf-8
host: localhost:56045
accept: */*

Response DefaultHttpResponse(decodeResult: success, version: HTTP/1.1)
HTTP/1.1 200 OK
Content-Type: application/json; charset=utf-8
cache-control: no-cache
content-length: 35032

12:46:04.825 [AsyncHttpClient-1-17] DEBUG org.asynchttpclient.netty.channel.ChannelManager - Adding key: http://localhost:56045 for channel [id: 0x6588d5ba, L:/127.0.0.1:52116 - R:localhost/127.0.0.1:56045]
12:46:04.826 [main] DEBUG net.serenitybdd.core.photography.Darkroom - Send negative for processing for target\site\serenity\c61af5ba7f2029e6228a1039a0e6f8e7b7923cba7f8141e9fadcf00ca1ff9e46.png
12:46:04.827 [Darkroom Processing Line] DEBUG net.serenitybdd.core.photography.DarkroomProcessingLine - Processing screenshot image in /var/screenshots/screenshot-10008831253420002348
12:46:04.827 [Darkroom Processing Line] DEBUG net.serenitybdd.core.photography.DarkroomProcessingLine - Saving screenshot to target\site\serenity\c61af5ba7f2029e6228a1039a0e6f8e7b7923cba7f8141e9fadcf00ca1ff9e46.png
12:46:04.837 [Forwarding findElement on session 6b638dc1cc6e740c7f446e8d87dd8476 to remote] DEBUG org.asynchttpclient.netty.request.NettyRequestSender - Using pooled Channel '[id: 0x6588d5ba, L:/127.0.0.1:52116 - R:localhost/127.0.0.1:56045]' for 'POST' to 'http://localhost:56045/session/6b638dc1cc6e740c7f446e8d87dd8476/element'
12:46:04.837 [Forwarding findElement on session 6b638dc1cc6e740c7f446e8d87dd8476 to remote] DEBUG org.asynchttpclient.netty.request.NettyRequestSender - Using open Channel [id: 0x6588d5ba, L:/127.0.0.1:52116 - R:localhost/127.0.0.1:56045] for POST '/session/6b638dc1cc6e740c7f446e8d87dd8476/element'
12:46:04.847 [AsyncHttpClient-1-17] DEBUG org.asynchttpclient.netty.handler.HttpHandler - 

Request DefaultHttpRequest(decodeResult: success, version: HTTP/1.1)
POST /session/6b638dc1cc6e740c7f446e8d87dd8476/element HTTP/1.1
User-Agent: selenium/4.1.2 (java windows)
Content-Length: 95
Content-Type: application/json; charset=utf-8
host: localhost:56045
accept: */*

Response DefaultHttpResponse(decodeResult: success, version: HTTP/1.1)
HTTP/1.1 200 OK
Content-Type: application/json; charset=utf-8
cache-control: no-cache
content-length: 88

12:46:04.847 [AsyncHttpClient-1-17] DEBUG org.asynchttpclient.netty.channel.ChannelManager - Adding key: http://localhost:56045 for channel [id: 0x6588d5ba, L:/127.0.0.1:52116 - R:localhost/127.0.0.1:56045]
12:46:04.848 [Forwarding getElementTagName on session 6b638dc1cc6e740c7f446e8d87dd8476 to remote] DEBUG org.asynchttpclient.netty.request.NettyRequestSender - Using pooled Channel '[id: 0x6588d5ba, L:/127.0.0.1:52116 - R:localhost/127.0.0.1:56045]' for 'GET' to 'http://localhost:56045/session/6b638dc1cc6e740c7f446e8d87dd8476/element/39560760-4f88-463c-8f3b-c65eefcf83b1/name'
12:46:04.848 [Forwarding getElementTagName on session 6b638dc1cc6e740c7f446e8d87dd8476 to remote] DEBUG org.asynchttpclient.netty.request.NettyRequestSender - Using open Channel [id: 0x6588d5ba, L:/127.0.0.1:52116 - R:localhost/127.0.0.1:56045] for GET '/session/6b638dc1cc6e740c7f446e8d87dd8476/element/39560760-4f88-463c-8f3b-c65eefcf83b1/name'
12:46:04.853 [AsyncHttpClient-1-17] DEBUG org.asynchttpclient.netty.handler.HttpHandler - 

Request DefaultFullHttpRequest(decodeResult: success, version: HTTP/1.1, content: EmptyByteBufBE)
GET /session/6b638dc1cc6e740c7f446e8d87dd8476/element/39560760-4f88-463c-8f3b-c65eefcf83b1/name HTTP/1.1
User-Agent: selenium/4.1.2 (java windows)
Cache-Control: no-cache
Content-Type: application/json; charset=utf-8
host: localhost:56045
accept: */*

Response DefaultHttpResponse(decodeResult: success, version: HTTP/1.1)
HTTP/1.1 200 OK
Content-Type: application/json; charset=utf-8
cache-control: no-cache
content-length: 13

12:46:04.853 [AsyncHttpClient-1-17] DEBUG org.asynchttpclient.netty.channel.ChannelManager - Adding key: http://localhost:56045 for channel [id: 0x6588d5ba, L:/127.0.0.1:52116 - R:localhost/127.0.0.1:56045]
12:46:04.854 [Forwarding getElementTagName on session 6b638dc1cc6e740c7f446e8d87dd8476 to remote] DEBUG org.asynchttpclient.netty.request.NettyRequestSender - Using pooled Channel '[id: 0x6588d5ba, L:/127.0.0.1:52116 - R:localhost/127.0.0.1:56045]' for 'GET' to 'http://localhost:56045/session/6b638dc1cc6e740c7f446e8d87dd8476/element/39560760-4f88-463c-8f3b-c65eefcf83b1/name'
12:46:04.854 [Forwarding getElementTagName on session 6b638dc1cc6e740c7f446e8d87dd8476 to remote] DEBUG org.asynchttpclient.netty.request.NettyRequestSender - Using open Channel [id: 0x6588d5ba, L:/127.0.0.1:52116 - R:localhost/127.0.0.1:56045] for GET '/session/6b638dc1cc6e740c7f446e8d87dd8476/element/39560760-4f88-463c-8f3b-c65eefcf83b1/name'
12:46:04.866 [AsyncHttpClient-1-17] DEBUG org.asynchttpclient.netty.handler.HttpHandler - 

Request DefaultFullHttpRequest(decodeResult: success, version: HTTP/1.1, content: EmptyByteBufBE)
GET /session/6b638dc1cc6e740c7f446e8d87dd8476/element/39560760-4f88-463c-8f3b-c65eefcf83b1/name HTTP/1.1
User-Agent: selenium/4.1.2 (java windows)
Cache-Control: no-cache
Content-Type: application/json; charset=utf-8
host: localhost:56045
accept: */*

Response DefaultHttpResponse(decodeResult: success, version: HTTP/1.1)
HTTP/1.1 200 OK
Content-Type: application/json; charset=utf-8
cache-control: no-cache
content-length: 13

12:46:04.866 [AsyncHttpClient-1-17] DEBUG org.asynchttpclient.netty.channel.ChannelManager - Adding key: http://localhost:56045 for channel [id: 0x6588d5ba, L:/127.0.0.1:52116 - R:localhost/127.0.0.1:56045]
12:46:04.867 [Forwarding findElement on session 6b638dc1cc6e740c7f446e8d87dd8476 to remote] DEBUG org.asynchttpclient.netty.request.NettyRequestSender - Using pooled Channel '[id: 0x6588d5ba, L:/127.0.0.1:52116 - R:localhost/127.0.0.1:56045]' for 'POST' to 'http://localhost:56045/session/6b638dc1cc6e740c7f446e8d87dd8476/element'
12:46:04.867 [Forwarding findElement on session 6b638dc1cc6e740c7f446e8d87dd8476 to remote] DEBUG org.asynchttpclient.netty.request.NettyRequestSender - Using open Channel [id: 0x6588d5ba, L:/127.0.0.1:52116 - R:localhost/127.0.0.1:56045] for POST '/session/6b638dc1cc6e740c7f446e8d87dd8476/element'
12:46:04.874 [AsyncHttpClient-1-17] DEBUG org.asynchttpclient.netty.handler.HttpHandler - 

Request DefaultHttpRequest(decodeResult: success, version: HTTP/1.1)
POST /session/6b638dc1cc6e740c7f446e8d87dd8476/element HTTP/1.1
User-Agent: selenium/4.1.2 (java windows)
Content-Length: 95
Content-Type: application/json; charset=utf-8
host: localhost:56045
accept: */*

Response DefaultHttpResponse(decodeResult: success, version: HTTP/1.1)
HTTP/1.1 200 OK
Content-Type: application/json; charset=utf-8
cache-control: no-cache
content-length: 88

12:46:04.874 [AsyncHttpClient-1-17] DEBUG org.asynchttpclient.netty.channel.ChannelManager - Adding key: http://localhost:56045 for channel [id: 0x6588d5ba, L:/127.0.0.1:52116 - R:localhost/127.0.0.1:56045]
12:46:04.875 [Forwarding clickElement on session 6b638dc1cc6e740c7f446e8d87dd8476 to remote] DEBUG org.asynchttpclient.netty.request.NettyRequestSender - Using pooled Channel '[id: 0x6588d5ba, L:/127.0.0.1:52116 - R:localhost/127.0.0.1:56045]' for 'POST' to 'http://localhost:56045/session/6b638dc1cc6e740c7f446e8d87dd8476/element/39560760-4f88-463c-8f3b-c65eefcf83b1/click'
12:46:04.875 [Forwarding clickElement on session 6b638dc1cc6e740c7f446e8d87dd8476 to remote] DEBUG org.asynchttpclient.netty.request.NettyRequestSender - Using open Channel [id: 0x6588d5ba, L:/127.0.0.1:52116 - R:localhost/127.0.0.1:56045] for POST '/session/6b638dc1cc6e740c7f446e8d87dd8476/element/39560760-4f88-463c-8f3b-c65eefcf83b1/click'
12:46:04.912 [AsyncHttpClient-1-17] DEBUG org.asynchttpclient.netty.handler.HttpHandler - 

Request DefaultHttpRequest(decodeResult: success, version: HTTP/1.1)
POST /session/6b638dc1cc6e740c7f446e8d87dd8476/element/39560760-4f88-463c-8f3b-c65eefcf83b1/click HTTP/1.1
User-Agent: selenium/4.1.2 (java windows)
Content-Length: 50
Content-Type: application/json; charset=utf-8
host: localhost:56045
accept: */*

Response DefaultHttpResponse(decodeResult: success, version: HTTP/1.1)
HTTP/1.1 200 OK
Content-Type: application/json; charset=utf-8
cache-control: no-cache
content-length: 14

12:46:04.912 [AsyncHttpClient-1-17] DEBUG org.asynchttpclient.netty.channel.ChannelManager - Adding key: http://localhost:56045 for channel [id: 0x6588d5ba, L:/127.0.0.1:52116 - R:localhost/127.0.0.1:56045]
  &amp#27;[32mAnd &amp#27;[0m&amp#27;[32mI click register text&amp#27;[0m                  &amp#27;[90m# starter.stepdefinition.Registerstep.iClickRegisterText()&amp#27;[0m
12:46:04.916 [Forwarding screenshot on session 6b638dc1cc6e740c7f446e8d87dd8476 to remote] DEBUG org.asynchttpclient.netty.request.NettyRequestSender - Using pooled Channel '[id: 0x6588d5ba, L:/127.0.0.1:52116 - R:localhost/127.0.0.1:56045]' for 'GET' to 'http://localhost:56045/session/6b638dc1cc6e740c7f446e8d87dd8476/screenshot'
12:46:04.916 [Forwarding screenshot on session 6b638dc1cc6e740c7f446e8d87dd8476 to remote] DEBUG org.asynchttpclient.netty.request.NettyRequestSender - Using open Channel [id: 0x6588d5ba, L:/127.0.0.1:52116 - R:localhost/127.0.0.1:56045] for GET '/session/6b638dc1cc6e740c7f446e8d87dd8476/screenshot'
12:46:05.060 [AsyncHttpClient-1-17] DEBUG org.asynchttpclient.netty.handler.HttpHandler - 

Request DefaultFullHttpRequest(decodeResult: success, version: HTTP/1.1, content: EmptyByteBufBE)
GET /session/6b638dc1cc6e740c7f446e8d87dd8476/screenshot HTTP/1.1
User-Agent: selenium/4.1.2 (java windows)
Cache-Control: no-cache
Content-Type: application/json; charset=utf-8
host: localhost:56045
accept: */*

Response DefaultHttpResponse(decodeResult: success, version: HTTP/1.1)
HTTP/1.1 200 OK
Content-Type: application/json; charset=utf-8
cache-control: no-cache
content-length: 39056

12:46:05.060 [AsyncHttpClient-1-17] DEBUG org.asynchttpclient.netty.channel.ChannelManager - Adding key: http://localhost:56045 for channel [id: 0x6588d5ba, L:/127.0.0.1:52116 - R:localhost/127.0.0.1:56045]
12:46:05.061 [main] DEBUG net.serenitybdd.core.photography.Darkroom - Send negative for processing for target\site\serenity\b32fafb446aa369b402c90d4eb6d05ac639bbf732cf76080ce8464f92141a2eb.png
12:46:05.062 [Darkroom Processing Line] DEBUG net.serenitybdd.core.photography.DarkroomProcessingLine - Processing screenshot image in /var/screenshots/screenshot-17744864746840188268
12:46:05.062 [Darkroom Processing Line] DEBUG net.serenitybdd.core.photography.DarkroomProcessingLine - Saving screenshot to target\site\serenity\b32fafb446aa369b402c90d4eb6d05ac639bbf732cf76080ce8464f92141a2eb.png
12:46:05.069 [Forwarding findElement on session 6b638dc1cc6e740c7f446e8d87dd8476 to remote] DEBUG org.asynchttpclient.netty.request.NettyRequestSender - Using pooled Channel '[id: 0x6588d5ba, L:/127.0.0.1:52116 - R:localhost/127.0.0.1:56045]' for 'POST' to 'http://localhost:56045/session/6b638dc1cc6e740c7f446e8d87dd8476/element'
12:46:05.069 [Forwarding findElement on session 6b638dc1cc6e740c7f446e8d87dd8476 to remote] DEBUG org.asynchttpclient.netty.request.NettyRequestSender - Using open Channel [id: 0x6588d5ba, L:/127.0.0.1:52116 - R:localhost/127.0.0.1:56045] for POST '/session/6b638dc1cc6e740c7f446e8d87dd8476/element'
12:46:05.078 [AsyncHttpClient-1-17] DEBUG org.asynchttpclient.netty.handler.HttpHandler - 

Request DefaultHttpRequest(decodeResult: success, version: HTTP/1.1)
POST /session/6b638dc1cc6e740c7f446e8d87dd8476/element HTTP/1.1
User-Agent: selenium/4.1.2 (java windows)
Content-Length: 95
Content-Type: application/json; charset=utf-8
host: localhost:56045
accept: */*

Response DefaultHttpResponse(decodeResult: success, version: HTTP/1.1)
HTTP/1.1 200 OK
Content-Type: application/json; charset=utf-8
cache-control: no-cache
content-length: 88

12:46:05.078 [AsyncHttpClient-1-17] DEBUG org.asynchttpclient.netty.channel.ChannelManager - Adding key: http://localhost:56045 for channel [id: 0x6588d5ba, L:/127.0.0.1:52116 - R:localhost/127.0.0.1:56045]
12:46:05.079 [Forwarding clearElement on session 6b638dc1cc6e740c7f446e8d87dd8476 to remote] DEBUG org.asynchttpclient.netty.request.NettyRequestSender - Using pooled Channel '[id: 0x6588d5ba, L:/127.0.0.1:52116 - R:localhost/127.0.0.1:56045]' for 'POST' to 'http://localhost:56045/session/6b638dc1cc6e740c7f446e8d87dd8476/element/b4add46c-bc7d-4e85-8a1d-acf7e84e09a6/clear'
12:46:05.079 [Forwarding clearElement on session 6b638dc1cc6e740c7f446e8d87dd8476 to remote] DEBUG org.asynchttpclient.netty.request.NettyRequestSender - Using open Channel [id: 0x6588d5ba, L:/127.0.0.1:52116 - R:localhost/127.0.0.1:56045] for POST '/session/6b638dc1cc6e740c7f446e8d87dd8476/element/b4add46c-bc7d-4e85-8a1d-acf7e84e09a6/clear'
12:46:05.106 [AsyncHttpClient-1-17] DEBUG org.asynchttpclient.netty.handler.HttpHandler - 

Request DefaultHttpRequest(decodeResult: success, version: HTTP/1.1)
POST /session/6b638dc1cc6e740c7f446e8d87dd8476/element/b4add46c-bc7d-4e85-8a1d-acf7e84e09a6/clear HTTP/1.1
User-Agent: selenium/4.1.2 (java windows)
Content-Length: 50
Content-Type: application/json; charset=utf-8
host: localhost:56045
accept: */*

Response DefaultHttpResponse(decodeResult: success, version: HTTP/1.1)
HTTP/1.1 200 OK
Content-Type: application/json; charset=utf-8
cache-control: no-cache
content-length: 14

12:46:05.106 [AsyncHttpClient-1-17] DEBUG org.asynchttpclient.netty.channel.ChannelManager - Adding key: http://localhost:56045 for channel [id: 0x6588d5ba, L:/127.0.0.1:52116 - R:localhost/127.0.0.1:56045]
12:46:05.109 [Forwarding sendKeysToElement on session 6b638dc1cc6e740c7f446e8d87dd8476 to remote] DEBUG org.asynchttpclient.netty.request.NettyRequestSender - Using pooled Channel '[id: 0x6588d5ba, L:/127.0.0.1:52116 - R:localhost/127.0.0.1:56045]' for 'POST' to 'http://localhost:56045/session/6b638dc1cc6e740c7f446e8d87dd8476/element/b4add46c-bc7d-4e85-8a1d-acf7e84e09a6/value'
12:46:05.109 [Forwarding sendKeysToElement on session 6b638dc1cc6e740c7f446e8d87dd8476 to remote] DEBUG org.asynchttpclient.netty.request.NettyRequestSender - Using open Channel [id: 0x6588d5ba, L:/127.0.0.1:52116 - R:localhost/127.0.0.1:56045] for POST '/session/6b638dc1cc6e740c7f446e8d87dd8476/element/b4add46c-bc7d-4e85-8a1d-acf7e84e09a6/value'
12:46:05.144 [AsyncHttpClient-1-17] DEBUG org.asynchttpclient.netty.handler.HttpHandler - 

Request DefaultHttpRequest(decodeResult: success, version: HTTP/1.1)
POST /session/6b638dc1cc6e740c7f446e8d87dd8476/element/b4add46c-bc7d-4e85-8a1d-acf7e84e09a6/value HTTP/1.1
User-Agent: selenium/4.1.2 (java windows)
Content-Length: 82
Content-Type: application/json; charset=utf-8
host: localhost:56045
accept: */*

Response DefaultHttpResponse(decodeResult: success, version: HTTP/1.1)
HTTP/1.1 200 OK
Content-Type: application/json; charset=utf-8
cache-control: no-cache
content-length: 14

12:46:05.144 [AsyncHttpClient-1-17] DEBUG org.asynchttpclient.netty.channel.ChannelManager - Adding key: http://localhost:56045 for channel [id: 0x6588d5ba, L:/127.0.0.1:52116 - R:localhost/127.0.0.1:56045]
  &amp#27;[32mWhen &amp#27;[0m&amp#27;[32mI input &amp#27;[0m&amp#27;[32m&amp#27;[1m""&amp#27;[0m&amp#27;[32m name&amp#27;[0m                       &amp#27;[90m# starter.stepdefinition.Registerstep.iInputName(java.lang.String)&amp#27;[0m
12:46:05.148 [Forwarding screenshot on session 6b638dc1cc6e740c7f446e8d87dd8476 to remote] DEBUG org.asynchttpclient.netty.request.NettyRequestSender - Using pooled Channel '[id: 0x6588d5ba, L:/127.0.0.1:52116 - R:localhost/127.0.0.1:56045]' for 'GET' to 'http://localhost:56045/session/6b638dc1cc6e740c7f446e8d87dd8476/screenshot'
12:46:05.148 [Forwarding screenshot on session 6b638dc1cc6e740c7f446e8d87dd8476 to remote] DEBUG org.asynchttpclient.netty.request.NettyRequestSender - Using open Channel [id: 0x6588d5ba, L:/127.0.0.1:52116 - R:localhost/127.0.0.1:56045] for GET '/session/6b638dc1cc6e740c7f446e8d87dd8476/screenshot'
12:46:05.316 [AsyncHttpClient-1-17] DEBUG org.asynchttpclient.netty.handler.HttpHandler - 

Request DefaultFullHttpRequest(decodeResult: success, version: HTTP/1.1, content: EmptyByteBufBE)
GET /session/6b638dc1cc6e740c7f446e8d87dd8476/screenshot HTTP/1.1
User-Agent: selenium/4.1.2 (java windows)
Cache-Control: no-cache
Content-Type: application/json; charset=utf-8
host: localhost:56045
accept: */*

Response DefaultHttpResponse(decodeResult: success, version: HTTP/1.1)
HTTP/1.1 200 OK
Content-Type: application/json; charset=utf-8
cache-control: no-cache
content-length: 38124

12:46:05.316 [AsyncHttpClient-1-17] DEBUG org.asynchttpclient.netty.channel.ChannelManager - Adding key: http://localhost:56045 for channel [id: 0x6588d5ba, L:/127.0.0.1:52116 - R:localhost/127.0.0.1:56045]
12:46:05.318 [main] DEBUG net.serenitybdd.core.photography.Darkroom - Send negative for processing for target\site\serenity\d8be70998efd67727973413abbf45c2a752b0b9f09e8a2291a17064a5b626680.png
12:46:05.318 [Darkroom Processing Line] DEBUG net.serenitybdd.core.photography.DarkroomProcessingLine - Processing screenshot image in /var/screenshots/screenshot-1112679928361897814
12:46:05.318 [Darkroom Processing Line] DEBUG net.serenitybdd.core.photography.DarkroomProcessingLine - Saving screenshot to target\site\serenity\d8be70998efd67727973413abbf45c2a752b0b9f09e8a2291a17064a5b626680.png
12:46:05.329 [Forwarding findElement on session 6b638dc1cc6e740c7f446e8d87dd8476 to remote] DEBUG org.asynchttpclient.netty.request.NettyRequestSender - Using pooled Channel '[id: 0x6588d5ba, L:/127.0.0.1:52116 - R:localhost/127.0.0.1:56045]' for 'POST' to 'http://localhost:56045/session/6b638dc1cc6e740c7f446e8d87dd8476/element'
12:46:05.329 [Forwarding findElement on session 6b638dc1cc6e740c7f446e8d87dd8476 to remote] DEBUG org.asynchttpclient.netty.request.NettyRequestSender - Using open Channel [id: 0x6588d5ba, L:/127.0.0.1:52116 - R:localhost/127.0.0.1:56045] for POST '/session/6b638dc1cc6e740c7f446e8d87dd8476/element'
12:46:05.341 [AsyncHttpClient-1-17] DEBUG org.asynchttpclient.netty.handler.HttpHandler - 

Request DefaultHttpRequest(decodeResult: success, version: HTTP/1.1)
POST /session/6b638dc1cc6e740c7f446e8d87dd8476/element HTTP/1.1
User-Agent: selenium/4.1.2 (java windows)
Content-Length: 88
Content-Type: application/json; charset=utf-8
host: localhost:56045
accept: */*

Response DefaultHttpResponse(decodeResult: success, version: HTTP/1.1)
HTTP/1.1 200 OK
Content-Type: application/json; charset=utf-8
cache-control: no-cache
content-length: 88

12:46:05.341 [AsyncHttpClient-1-17] DEBUG org.asynchttpclient.netty.channel.ChannelManager - Adding key: http://localhost:56045 for channel [id: 0x6588d5ba, L:/127.0.0.1:52116 - R:localhost/127.0.0.1:56045]
12:46:05.341 [Forwarding clearElement on session 6b638dc1cc6e740c7f446e8d87dd8476 to remote] DEBUG org.asynchttpclient.netty.request.NettyRequestSender - Using pooled Channel '[id: 0x6588d5ba, L:/127.0.0.1:52116 - R:localhost/127.0.0.1:56045]' for 'POST' to 'http://localhost:56045/session/6b638dc1cc6e740c7f446e8d87dd8476/element/9ff8d17b-2825-4e06-b957-a34bf49f5034/clear'
12:46:05.341 [Forwarding clearElement on session 6b638dc1cc6e740c7f446e8d87dd8476 to remote] DEBUG org.asynchttpclient.netty.request.NettyRequestSender - Using open Channel [id: 0x6588d5ba, L:/127.0.0.1:52116 - R:localhost/127.0.0.1:56045] for POST '/session/6b638dc1cc6e740c7f446e8d87dd8476/element/9ff8d17b-2825-4e06-b957-a34bf49f5034/clear'
12:46:05.368 [AsyncHttpClient-1-17] DEBUG org.asynchttpclient.netty.handler.HttpHandler - 

Request DefaultHttpRequest(decodeResult: success, version: HTTP/1.1)
POST /session/6b638dc1cc6e740c7f446e8d87dd8476/element/9ff8d17b-2825-4e06-b957-a34bf49f5034/clear HTTP/1.1
User-Agent: selenium/4.1.2 (java windows)
Content-Length: 50
Content-Type: application/json; charset=utf-8
host: localhost:56045
accept: */*

Response DefaultHttpResponse(decodeResult: success, version: HTTP/1.1)
HTTP/1.1 200 OK
Content-Type: application/json; charset=utf-8
cache-control: no-cache
content-length: 14

12:46:05.368 [AsyncHttpClient-1-17] DEBUG org.asynchttpclient.netty.channel.ChannelManager - Adding key: http://localhost:56045 for channel [id: 0x6588d5ba, L:/127.0.0.1:52116 - R:localhost/127.0.0.1:56045]
12:46:05.369 [Forwarding sendKeysToElement on session 6b638dc1cc6e740c7f446e8d87dd8476 to remote] DEBUG org.asynchttpclient.netty.request.NettyRequestSender - Using pooled Channel '[id: 0x6588d5ba, L:/127.0.0.1:52116 - R:localhost/127.0.0.1:56045]' for 'POST' to 'http://localhost:56045/session/6b638dc1cc6e740c7f446e8d87dd8476/element/9ff8d17b-2825-4e06-b957-a34bf49f5034/value'
12:46:05.369 [Forwarding sendKeysToElement on session 6b638dc1cc6e740c7f446e8d87dd8476 to remote] DEBUG org.asynchttpclient.netty.request.NettyRequestSender - Using open Channel [id: 0x6588d5ba, L:/127.0.0.1:52116 - R:localhost/127.0.0.1:56045] for POST '/session/6b638dc1cc6e740c7f446e8d87dd8476/element/9ff8d17b-2825-4e06-b957-a34bf49f5034/value'
12:46:05.461 [AsyncHttpClient-1-17] DEBUG org.asynchttpclient.netty.handler.HttpHandler - 

Request DefaultHttpRequest(decodeResult: success, version: HTTP/1.1)
POST /session/6b638dc1cc6e740c7f446e8d87dd8476/element/9ff8d17b-2825-4e06-b957-a34bf49f5034/value HTTP/1.1
User-Agent: selenium/4.1.2 (java windows)
Content-Length: 261
Content-Type: application/json; charset=utf-8
host: localhost:56045
accept: */*

Response DefaultHttpResponse(decodeResult: success, version: HTTP/1.1)
HTTP/1.1 200 OK
Content-Type: application/json; charset=utf-8
cache-control: no-cache
content-length: 14

12:46:05.461 [AsyncHttpClient-1-17] DEBUG org.asynchttpclient.netty.channel.ChannelManager - Adding key: http://localhost:56045 for channel [id: 0x6588d5ba, L:/127.0.0.1:52116 - R:localhost/127.0.0.1:56045]
  &amp#27;[32mAnd &amp#27;[0m&amp#27;[32mI input new &amp#27;[0m&amp#27;[32m&amp#27;[1m"ronasari@gmail.com"&amp#27;[0m&amp#27;[32m email&amp#27;[0m &amp#27;[90m# starter.stepdefinition.Registerstep.iInputNewEmail(java.lang.String)&amp#27;[0m
12:46:05.466 [Forwarding screenshot on session 6b638dc1cc6e740c7f446e8d87dd8476 to remote] DEBUG org.asynchttpclient.netty.request.NettyRequestSender - Using pooled Channel '[id: 0x6588d5ba, L:/127.0.0.1:52116 - R:localhost/127.0.0.1:56045]' for 'GET' to 'http://localhost:56045/session/6b638dc1cc6e740c7f446e8d87dd8476/screenshot'
12:46:05.466 [Forwarding screenshot on session 6b638dc1cc6e740c7f446e8d87dd8476 to remote] DEBUG org.asynchttpclient.netty.request.NettyRequestSender - Using open Channel [id: 0x6588d5ba, L:/127.0.0.1:52116 - R:localhost/127.0.0.1:56045] for GET '/session/6b638dc1cc6e740c7f446e8d87dd8476/screenshot'
12:46:05.551 [AsyncHttpClient-1-1] DEBUG org.asynchttpclient.netty.channel.DefaultChannelPool - Entry count for : http://localhost:52118 : 1
12:46:05.645 [AsyncHttpClient-1-17] DEBUG org.asynchttpclient.netty.handler.HttpHandler - 

Request DefaultFullHttpRequest(decodeResult: success, version: HTTP/1.1, content: EmptyByteBufBE)
GET /session/6b638dc1cc6e740c7f446e8d87dd8476/screenshot HTTP/1.1
User-Agent: selenium/4.1.2 (java windows)
Cache-Control: no-cache
Content-Type: application/json; charset=utf-8
host: localhost:56045
accept: */*

Response DefaultHttpResponse(decodeResult: success, version: HTTP/1.1)
HTTP/1.1 200 OK
Content-Type: application/json; charset=utf-8
cache-control: no-cache
content-length: 44768

12:46:05.645 [AsyncHttpClient-1-17] DEBUG org.asynchttpclient.netty.channel.ChannelManager - Adding key: http://localhost:56045 for channel [id: 0x6588d5ba, L:/127.0.0.1:52116 - R:localhost/127.0.0.1:56045]
12:46:05.646 [main] DEBUG net.serenitybdd.core.photography.Darkroom - Send negative for processing for target\site\serenity\1471d2e567673479b6fd0819a1bf4059093d54fb1c2b24563c916f06469c5778.png
12:46:05.647 [Darkroom Processing Line] DEBUG net.serenitybdd.core.photography.DarkroomProcessingLine - Processing screenshot image in /var/screenshots/screenshot-8301631799102798908
12:46:05.647 [Darkroom Processing Line] DEBUG net.serenitybdd.core.photography.DarkroomProcessingLine - Saving screenshot to target\site\serenity\1471d2e567673479b6fd0819a1bf4059093d54fb1c2b24563c916f06469c5778.png
12:46:05.654 [Forwarding findElement on session 6b638dc1cc6e740c7f446e8d87dd8476 to remote] DEBUG org.asynchttpclient.netty.request.NettyRequestSender - Using pooled Channel '[id: 0x6588d5ba, L:/127.0.0.1:52116 - R:localhost/127.0.0.1:56045]' for 'POST' to 'http://localhost:56045/session/6b638dc1cc6e740c7f446e8d87dd8476/element'
12:46:05.654 [Forwarding findElement on session 6b638dc1cc6e740c7f446e8d87dd8476 to remote] DEBUG org.asynchttpclient.netty.request.NettyRequestSender - Using open Channel [id: 0x6588d5ba, L:/127.0.0.1:52116 - R:localhost/127.0.0.1:56045] for POST '/session/6b638dc1cc6e740c7f446e8d87dd8476/element'
12:46:05.664 [AsyncHttpClient-1-17] DEBUG org.asynchttpclient.netty.handler.HttpHandler - 

Request DefaultHttpRequest(decodeResult: success, version: HTTP/1.1)
POST /session/6b638dc1cc6e740c7f446e8d87dd8476/element HTTP/1.1
User-Agent: selenium/4.1.2 (java windows)
Content-Length: 91
Content-Type: application/json; charset=utf-8
host: localhost:56045
accept: */*

Response DefaultHttpResponse(decodeResult: success, version: HTTP/1.1)
HTTP/1.1 200 OK
Content-Type: application/json; charset=utf-8
cache-control: no-cache
content-length: 88

12:46:05.664 [AsyncHttpClient-1-17] DEBUG org.asynchttpclient.netty.channel.ChannelManager - Adding key: http://localhost:56045 for channel [id: 0x6588d5ba, L:/127.0.0.1:52116 - R:localhost/127.0.0.1:56045]
12:46:05.665 [Forwarding clearElement on session 6b638dc1cc6e740c7f446e8d87dd8476 to remote] DEBUG org.asynchttpclient.netty.request.NettyRequestSender - Using pooled Channel '[id: 0x6588d5ba, L:/127.0.0.1:52116 - R:localhost/127.0.0.1:56045]' for 'POST' to 'http://localhost:56045/session/6b638dc1cc6e740c7f446e8d87dd8476/element/42a4ec60-a125-40fc-baa8-83979dd5389c/clear'
12:46:05.665 [Forwarding clearElement on session 6b638dc1cc6e740c7f446e8d87dd8476 to remote] DEBUG org.asynchttpclient.netty.request.NettyRequestSender - Using open Channel [id: 0x6588d5ba, L:/127.0.0.1:52116 - R:localhost/127.0.0.1:56045] for POST '/session/6b638dc1cc6e740c7f446e8d87dd8476/element/42a4ec60-a125-40fc-baa8-83979dd5389c/clear'
12:46:05.693 [AsyncHttpClient-1-17] DEBUG org.asynchttpclient.netty.handler.HttpHandler - 

Request DefaultHttpRequest(decodeResult: success, version: HTTP/1.1)
POST /session/6b638dc1cc6e740c7f446e8d87dd8476/element/42a4ec60-a125-40fc-baa8-83979dd5389c/clear HTTP/1.1
User-Agent: selenium/4.1.2 (java windows)
Content-Length: 50
Content-Type: application/json; charset=utf-8
host: localhost:56045
accept: */*

Response DefaultHttpResponse(decodeResult: success, version: HTTP/1.1)
HTTP/1.1 200 OK
Content-Type: application/json; charset=utf-8
cache-control: no-cache
content-length: 14

12:46:05.693 [AsyncHttpClient-1-17] DEBUG org.asynchttpclient.netty.channel.ChannelManager - Adding key: http://localhost:56045 for channel [id: 0x6588d5ba, L:/127.0.0.1:52116 - R:localhost/127.0.0.1:56045]
12:46:05.694 [Forwarding sendKeysToElement on session 6b638dc1cc6e740c7f446e8d87dd8476 to remote] DEBUG org.asynchttpclient.netty.request.NettyRequestSender - Using pooled Channel '[id: 0x6588d5ba, L:/127.0.0.1:52116 - R:localhost/127.0.0.1:56045]' for 'POST' to 'http://localhost:56045/session/6b638dc1cc6e740c7f446e8d87dd8476/element/42a4ec60-a125-40fc-baa8-83979dd5389c/value'
12:46:05.694 [Forwarding sendKeysToElement on session 6b638dc1cc6e740c7f446e8d87dd8476 to remote] DEBUG org.asynchttpclient.netty.request.NettyRequestSender - Using open Channel [id: 0x6588d5ba, L:/127.0.0.1:52116 - R:localhost/127.0.0.1:56045] for POST '/session/6b638dc1cc6e740c7f446e8d87dd8476/element/42a4ec60-a125-40fc-baa8-83979dd5389c/value'
12:46:05.729 [AsyncHttpClient-1-17] DEBUG org.asynchttpclient.netty.handler.HttpHandler - 

Request DefaultHttpRequest(decodeResult: success, version: HTTP/1.1)
POST /session/6b638dc1cc6e740c7f446e8d87dd8476/element/42a4ec60-a125-40fc-baa8-83979dd5389c/value HTTP/1.1
User-Agent: selenium/4.1.2 (java windows)
Content-Length: 82
Content-Type: application/json; charset=utf-8
host: localhost:56045
accept: */*

Response DefaultHttpResponse(decodeResult: success, version: HTTP/1.1)
HTTP/1.1 200 OK
Content-Type: application/json; charset=utf-8
cache-control: no-cache
content-length: 14

12:46:05.729 [AsyncHttpClient-1-17] DEBUG org.asynchttpclient.netty.channel.ChannelManager - Adding key: http://localhost:56045 for channel [id: 0x6588d5ba, L:/127.0.0.1:52116 - R:localhost/127.0.0.1:56045]
  &amp#27;[32mAnd &amp#27;[0m&amp#27;[32mI input new &amp#27;[0m&amp#27;[32m&amp#27;[1m""&amp#27;[0m&amp#27;[32m password&amp#27;[0m                &amp#27;[90m# starter.stepdefinition.Registerstep.iInputNewPassword(java.lang.String)&amp#27;[0m
12:46:05.734 [Forwarding screenshot on session 6b638dc1cc6e740c7f446e8d87dd8476 to remote] DEBUG org.asynchttpclient.netty.request.NettyRequestSender - Using pooled Channel '[id: 0x6588d5ba, L:/127.0.0.1:52116 - R:localhost/127.0.0.1:56045]' for 'GET' to 'http://localhost:56045/session/6b638dc1cc6e740c7f446e8d87dd8476/screenshot'
12:46:05.735 [Forwarding screenshot on session 6b638dc1cc6e740c7f446e8d87dd8476 to remote] DEBUG org.asynchttpclient.netty.request.NettyRequestSender - Using open Channel [id: 0x6588d5ba, L:/127.0.0.1:52116 - R:localhost/127.0.0.1:56045] for GET '/session/6b638dc1cc6e740c7f446e8d87dd8476/screenshot'
12:46:05.914 [AsyncHttpClient-1-17] DEBUG org.asynchttpclient.netty.handler.HttpHandler - 

Request DefaultFullHttpRequest(decodeResult: success, version: HTTP/1.1, content: EmptyByteBufBE)
GET /session/6b638dc1cc6e740c7f446e8d87dd8476/screenshot HTTP/1.1
User-Agent: selenium/4.1.2 (java windows)
Cache-Control: no-cache
Content-Type: application/json; charset=utf-8
host: localhost:56045
accept: */*

Response DefaultHttpResponse(decodeResult: success, version: HTTP/1.1)
HTTP/1.1 200 OK
Content-Type: application/json; charset=utf-8
cache-control: no-cache
content-length: 42936

12:46:05.915 [AsyncHttpClient-1-17] DEBUG org.asynchttpclient.netty.channel.ChannelManager - Adding key: http://localhost:56045 for channel [id: 0x6588d5ba, L:/127.0.0.1:52116 - R:localhost/127.0.0.1:56045]
12:46:05.916 [main] DEBUG net.serenitybdd.core.photography.Darkroom - Send negative for processing for target\site\serenity\99ff6cbfab60a16f0ae16317e6a20540ed84691da66dd2dbb633389edfe2a29d.png
12:46:05.916 [Darkroom Processing Line] DEBUG net.serenitybdd.core.photography.DarkroomProcessingLine - Processing screenshot image in /var/screenshots/screenshot-3736307350385413648
12:46:05.916 [Darkroom Processing Line] DEBUG net.serenitybdd.core.photography.DarkroomProcessingLine - Saving screenshot to target\site\serenity\99ff6cbfab60a16f0ae16317e6a20540ed84691da66dd2dbb633389edfe2a29d.png
12:46:05.922 [Forwarding findElement on session 6b638dc1cc6e740c7f446e8d87dd8476 to remote] DEBUG org.asynchttpclient.netty.request.NettyRequestSender - Using pooled Channel '[id: 0x6588d5ba, L:/127.0.0.1:52116 - R:localhost/127.0.0.1:56045]' for 'POST' to 'http://localhost:56045/session/6b638dc1cc6e740c7f446e8d87dd8476/element'
12:46:05.922 [Forwarding findElement on session 6b638dc1cc6e740c7f446e8d87dd8476 to remote] DEBUG org.asynchttpclient.netty.request.NettyRequestSender - Using open Channel [id: 0x6588d5ba, L:/127.0.0.1:52116 - R:localhost/127.0.0.1:56045] for POST '/session/6b638dc1cc6e740c7f446e8d87dd8476/element'
12:46:05.931 [AsyncHttpClient-1-17] DEBUG org.asynchttpclient.netty.handler.HttpHandler - 

Request DefaultHttpRequest(decodeResult: success, version: HTTP/1.1)
POST /session/6b638dc1cc6e740c7f446e8d87dd8476/element HTTP/1.1
User-Agent: selenium/4.1.2 (java windows)
Content-Length: 123
Content-Type: application/json; charset=utf-8
host: localhost:56045
accept: */*

Response DefaultHttpResponse(decodeResult: success, version: HTTP/1.1)
HTTP/1.1 200 OK
Content-Type: application/json; charset=utf-8
cache-control: no-cache
content-length: 88

12:46:05.933 [AsyncHttpClient-1-17] DEBUG org.asynchttpclient.netty.channel.ChannelManager - Adding key: http://localhost:56045 for channel [id: 0x6588d5ba, L:/127.0.0.1:52116 - R:localhost/127.0.0.1:56045]
12:46:05.934 [Forwarding getElementTagName on session 6b638dc1cc6e740c7f446e8d87dd8476 to remote] DEBUG org.asynchttpclient.netty.request.NettyRequestSender - Using pooled Channel '[id: 0x6588d5ba, L:/127.0.0.1:52116 - R:localhost/127.0.0.1:56045]' for 'GET' to 'http://localhost:56045/session/6b638dc1cc6e740c7f446e8d87dd8476/element/b47eb74e-6f31-443b-b23b-94ebfbdfc8eb/name'
12:46:05.934 [Forwarding getElementTagName on session 6b638dc1cc6e740c7f446e8d87dd8476 to remote] DEBUG org.asynchttpclient.netty.request.NettyRequestSender - Using open Channel [id: 0x6588d5ba, L:/127.0.0.1:52116 - R:localhost/127.0.0.1:56045] for GET '/session/6b638dc1cc6e740c7f446e8d87dd8476/element/b47eb74e-6f31-443b-b23b-94ebfbdfc8eb/name'
12:46:05.939 [AsyncHttpClient-1-17] DEBUG org.asynchttpclient.netty.handler.HttpHandler - 

Request DefaultFullHttpRequest(decodeResult: success, version: HTTP/1.1, content: EmptyByteBufBE)
GET /session/6b638dc1cc6e740c7f446e8d87dd8476/element/b47eb74e-6f31-443b-b23b-94ebfbdfc8eb/name HTTP/1.1
User-Agent: selenium/4.1.2 (java windows)
Cache-Control: no-cache
Content-Type: application/json; charset=utf-8
host: localhost:56045
accept: */*

Response DefaultHttpResponse(decodeResult: success, version: HTTP/1.1)
HTTP/1.1 200 OK
Content-Type: application/json; charset=utf-8
cache-control: no-cache
content-length: 16

12:46:05.939 [AsyncHttpClient-1-17] DEBUG org.asynchttpclient.netty.channel.ChannelManager - Adding key: http://localhost:56045 for channel [id: 0x6588d5ba, L:/127.0.0.1:52116 - R:localhost/127.0.0.1:56045]
12:46:05.940 [Forwarding getElementTagName on session 6b638dc1cc6e740c7f446e8d87dd8476 to remote] DEBUG org.asynchttpclient.netty.request.NettyRequestSender - Using pooled Channel '[id: 0x6588d5ba, L:/127.0.0.1:52116 - R:localhost/127.0.0.1:56045]' for 'GET' to 'http://localhost:56045/session/6b638dc1cc6e740c7f446e8d87dd8476/element/b47eb74e-6f31-443b-b23b-94ebfbdfc8eb/name'
12:46:05.941 [Forwarding getElementTagName on session 6b638dc1cc6e740c7f446e8d87dd8476 to remote] DEBUG org.asynchttpclient.netty.request.NettyRequestSender - Using open Channel [id: 0x6588d5ba, L:/127.0.0.1:52116 - R:localhost/127.0.0.1:56045] for GET '/session/6b638dc1cc6e740c7f446e8d87dd8476/element/b47eb74e-6f31-443b-b23b-94ebfbdfc8eb/name'
12:46:05.945 [AsyncHttpClient-1-17] DEBUG org.asynchttpclient.netty.handler.HttpHandler - 

Request DefaultFullHttpRequest(decodeResult: success, version: HTTP/1.1, content: EmptyByteBufBE)
GET /session/6b638dc1cc6e740c7f446e8d87dd8476/element/b47eb74e-6f31-443b-b23b-94ebfbdfc8eb/name HTTP/1.1
User-Agent: selenium/4.1.2 (java windows)
Cache-Control: no-cache
Content-Type: application/json; charset=utf-8
host: localhost:56045
accept: */*

Response DefaultHttpResponse(decodeResult: success, version: HTTP/1.1)
HTTP/1.1 200 OK
Content-Type: application/json; charset=utf-8
cache-control: no-cache
content-length: 16

12:46:05.946 [AsyncHttpClient-1-17] DEBUG org.asynchttpclient.netty.channel.ChannelManager - Adding key: http://localhost:56045 for channel [id: 0x6588d5ba, L:/127.0.0.1:52116 - R:localhost/127.0.0.1:56045]
12:46:05.947 [Forwarding findElement on session 6b638dc1cc6e740c7f446e8d87dd8476 to remote] DEBUG org.asynchttpclient.netty.request.NettyRequestSender - Using pooled Channel '[id: 0x6588d5ba, L:/127.0.0.1:52116 - R:localhost/127.0.0.1:56045]' for 'POST' to 'http://localhost:56045/session/6b638dc1cc6e740c7f446e8d87dd8476/element'
12:46:05.947 [Forwarding findElement on session 6b638dc1cc6e740c7f446e8d87dd8476 to remote] DEBUG org.asynchttpclient.netty.request.NettyRequestSender - Using open Channel [id: 0x6588d5ba, L:/127.0.0.1:52116 - R:localhost/127.0.0.1:56045] for POST '/session/6b638dc1cc6e740c7f446e8d87dd8476/element'
12:46:05.953 [AsyncHttpClient-1-17] DEBUG org.asynchttpclient.netty.handler.HttpHandler - 

Request DefaultHttpRequest(decodeResult: success, version: HTTP/1.1)
POST /session/6b638dc1cc6e740c7f446e8d87dd8476/element HTTP/1.1
User-Agent: selenium/4.1.2 (java windows)
Content-Length: 123
Content-Type: application/json; charset=utf-8
host: localhost:56045
accept: */*

Response DefaultHttpResponse(decodeResult: success, version: HTTP/1.1)
HTTP/1.1 200 OK
Content-Type: application/json; charset=utf-8
cache-control: no-cache
content-length: 88

12:46:05.953 [AsyncHttpClient-1-17] DEBUG org.asynchttpclient.netty.channel.ChannelManager - Adding key: http://localhost:56045 for channel [id: 0x6588d5ba, L:/127.0.0.1:52116 - R:localhost/127.0.0.1:56045]
12:46:05.954 [Forwarding clickElement on session 6b638dc1cc6e740c7f446e8d87dd8476 to remote] DEBUG org.asynchttpclient.netty.request.NettyRequestSender - Using pooled Channel '[id: 0x6588d5ba, L:/127.0.0.1:52116 - R:localhost/127.0.0.1:56045]' for 'POST' to 'http://localhost:56045/session/6b638dc1cc6e740c7f446e8d87dd8476/element/b47eb74e-6f31-443b-b23b-94ebfbdfc8eb/click'
12:46:05.954 [Forwarding clickElement on session 6b638dc1cc6e740c7f446e8d87dd8476 to remote] DEBUG org.asynchttpclient.netty.request.NettyRequestSender - Using open Channel [id: 0x6588d5ba, L:/127.0.0.1:52116 - R:localhost/127.0.0.1:56045] for POST '/session/6b638dc1cc6e740c7f446e8d87dd8476/element/b47eb74e-6f31-443b-b23b-94ebfbdfc8eb/click'
12:46:05.993 [AsyncHttpClient-1-17] DEBUG org.asynchttpclient.netty.handler.HttpHandler - 

Request DefaultHttpRequest(decodeResult: success, version: HTTP/1.1)
POST /session/6b638dc1cc6e740c7f446e8d87dd8476/element/b47eb74e-6f31-443b-b23b-94ebfbdfc8eb/click HTTP/1.1
User-Agent: selenium/4.1.2 (java windows)
Content-Length: 50
Content-Type: application/json; charset=utf-8
host: localhost:56045
accept: */*

Response DefaultHttpResponse(decodeResult: success, version: HTTP/1.1)
HTTP/1.1 200 OK
Content-Type: application/json; charset=utf-8
cache-control: no-cache
content-length: 14

12:46:05.993 [AsyncHttpClient-1-17] DEBUG org.asynchttpclient.netty.channel.ChannelManager - Adding key: http://localhost:56045 for channel [id: 0x6588d5ba, L:/127.0.0.1:52116 - R:localhost/127.0.0.1:56045]
  &amp#27;[32mAnd &amp#27;[0m&amp#27;[32mI click register  button&amp#27;[0m               &amp#27;[90m# starter.stepdefinition.Registerstep.iClickRegisterButton()&amp#27;[0m
12:46:05.997 [Forwarding screenshot on session 6b638dc1cc6e740c7f446e8d87dd8476 to remote] DEBUG org.asynchttpclient.netty.request.NettyRequestSender - Using pooled Channel '[id: 0x6588d5ba, L:/127.0.0.1:52116 - R:localhost/127.0.0.1:56045]' for 'GET' to 'http://localhost:56045/session/6b638dc1cc6e740c7f446e8d87dd8476/screenshot'
12:46:05.997 [Forwarding screenshot on session 6b638dc1cc6e740c7f446e8d87dd8476 to remote] DEBUG org.asynchttpclient.netty.request.NettyRequestSender - Using open Channel [id: 0x6588d5ba, L:/127.0.0.1:52116 - R:localhost/127.0.0.1:56045] for GET '/session/6b638dc1cc6e740c7f446e8d87dd8476/screenshot'
12:46:06.163 [AsyncHttpClient-1-17] DEBUG org.asynchttpclient.netty.handler.HttpHandler - 

Request DefaultFullHttpRequest(decodeResult: success, version: HTTP/1.1, content: EmptyByteBufBE)
GET /session/6b638dc1cc6e740c7f446e8d87dd8476/screenshot HTTP/1.1
User-Agent: selenium/4.1.2 (java windows)
Cache-Control: no-cache
Content-Type: application/json; charset=utf-8
host: localhost:56045
accept: */*

Response DefaultHttpResponse(decodeResult: success, version: HTTP/1.1)
HTTP/1.1 200 OK
Content-Type: application/json; charset=utf-8
cache-control: no-cache
content-length: 43836

12:46:06.163 [AsyncHttpClient-1-17] DEBUG org.asynchttpclient.netty.channel.ChannelManager - Adding key: http://localhost:56045 for channel [id: 0x6588d5ba, L:/127.0.0.1:52116 - R:localhost/127.0.0.1:56045]
12:46:06.164 [main] DEBUG net.serenitybdd.core.photography.Darkroom - Send negative for processing for target\site\serenity\c0a1ce31477e3e7b2ea97226079ca2a8fab1023f6d6acba456a74c05153e9a1d.png
12:46:06.164 [Darkroom Processing Line] DEBUG net.serenitybdd.core.photography.DarkroomProcessingLine - Processing screenshot image in /var/screenshots/screenshot-17099278079647274921
12:46:06.164 [Darkroom Processing Line] DEBUG net.serenitybdd.core.photography.DarkroomProcessingLine - Saving screenshot to target\site\serenity\c0a1ce31477e3e7b2ea97226079ca2a8fab1023f6d6acba456a74c05153e9a1d.png
12:46:06.168 [Forwarding findElement on session 6b638dc1cc6e740c7f446e8d87dd8476 to remote] DEBUG org.asynchttpclient.netty.request.NettyRequestSender - Using pooled Channel '[id: 0x6588d5ba, L:/127.0.0.1:52116 - R:localhost/127.0.0.1:56045]' for 'POST' to 'http://localhost:56045/session/6b638dc1cc6e740c7f446e8d87dd8476/element'
12:46:06.168 [Forwarding findElement on session 6b638dc1cc6e740c7f446e8d87dd8476 to remote] DEBUG org.asynchttpclient.netty.request.NettyRequestSender - Using open Channel [id: 0x6588d5ba, L:/127.0.0.1:52116 - R:localhost/127.0.0.1:56045] for POST '/session/6b638dc1cc6e740c7f446e8d87dd8476/element'
12:46:06.653 [AsyncHttpClient-1-1] DEBUG org.asynchttpclient.netty.channel.DefaultChannelPool - Entry count for : http://localhost:52118 : 1
12:46:07.689 [AsyncHttpClient-1-17] DEBUG org.asynchttpclient.netty.handler.HttpHandler - 

Request DefaultHttpRequest(decodeResult: success, version: HTTP/1.1)
POST /session/6b638dc1cc6e740c7f446e8d87dd8476/element HTTP/1.1
User-Agent: selenium/4.1.2 (java windows)
Content-Length: 81
Content-Type: application/json; charset=utf-8
host: localhost:56045
accept: */*

Response DefaultHttpResponse(decodeResult: success, version: HTTP/1.1)
HTTP/1.1 200 OK
Content-Type: application/json; charset=utf-8
cache-control: no-cache
content-length: 88

12:46:07.689 [AsyncHttpClient-1-17] DEBUG org.asynchttpclient.netty.channel.ChannelManager - Adding key: http://localhost:56045 for channel [id: 0x6588d5ba, L:/127.0.0.1:52116 - R:localhost/127.0.0.1:56045]
12:46:07.692 [Forwarding isElementDisplayed on session 6b638dc1cc6e740c7f446e8d87dd8476 to remote] DEBUG org.asynchttpclient.netty.request.NettyRequestSender - Using pooled Channel '[id: 0x6588d5ba, L:/127.0.0.1:52116 - R:localhost/127.0.0.1:56045]' for 'POST' to 'http://localhost:56045/session/6b638dc1cc6e740c7f446e8d87dd8476/execute/sync'
12:46:07.692 [Forwarding isElementDisplayed on session 6b638dc1cc6e740c7f446e8d87dd8476 to remote] DEBUG org.asynchttpclient.netty.request.NettyRequestSender - Using open Channel [id: 0x6588d5ba, L:/127.0.0.1:52116 - R:localhost/127.0.0.1:56045] for POST '/session/6b638dc1cc6e740c7f446e8d87dd8476/execute/sync'
12:46:07.706 [AsyncHttpClient-1-17] DEBUG org.asynchttpclient.netty.handler.HttpHandler - 

Request DefaultHttpRequest(decodeResult: success, version: HTTP/1.1)
POST /session/6b638dc1cc6e740c7f446e8d87dd8476/execute/sync HTTP/1.1
User-Agent: selenium/4.1.2 (java windows)
Content-Length: 48780
Content-Type: application/json; charset=utf-8
host: localhost:56045
accept: */*

Response DefaultHttpResponse(decodeResult: success, version: HTTP/1.1)
HTTP/1.1 200 OK
Content-Type: application/json; charset=utf-8
cache-control: no-cache
content-length: 14

12:46:07.706 [AsyncHttpClient-1-17] DEBUG org.asynchttpclient.netty.channel.ChannelManager - Adding key: http://localhost:56045 for channel [id: 0x6588d5ba, L:/127.0.0.1:52116 - R:localhost/127.0.0.1:56045]
  &amp#27;[32mThen &amp#27;[0m&amp#27;[32mI will get &amp#27;[0m&amp#27;[32m&amp#27;[1m"error message"&amp#27;[0m            &amp#27;[90m# starter.stepdefinition.Registerstep.iWillGet(java.lang.String)&amp#27;[0m
12:46:07.709 [Forwarding screenshot on session 6b638dc1cc6e740c7f446e8d87dd8476 to remote] DEBUG org.asynchttpclient.netty.request.NettyRequestSender - Using pooled Channel '[id: 0x6588d5ba, L:/127.0.0.1:52116 - R:localhost/127.0.0.1:56045]' for 'GET' to 'http://localhost:56045/session/6b638dc1cc6e740c7f446e8d87dd8476/screenshot'
12:46:07.709 [Forwarding screenshot on session 6b638dc1cc6e740c7f446e8d87dd8476 to remote] DEBUG org.asynchttpclient.netty.request.NettyRequestSender - Using open Channel [id: 0x6588d5ba, L:/127.0.0.1:52116 - R:localhost/127.0.0.1:56045] for GET '/session/6b638dc1cc6e740c7f446e8d87dd8476/screenshot'
12:46:07.747 [AsyncHttpClient-1-1] DEBUG org.asynchttpclient.netty.channel.DefaultChannelPool - Entry count for : http://localhost:52118 : 1
12:46:07.849 [AsyncHttpClient-1-17] DEBUG org.asynchttpclient.netty.handler.HttpHandler - 

Request DefaultFullHttpRequest(decodeResult: success, version: HTTP/1.1, content: EmptyByteBufBE)
GET /session/6b638dc1cc6e740c7f446e8d87dd8476/screenshot HTTP/1.1
User-Agent: selenium/4.1.2 (java windows)
Cache-Control: no-cache
Content-Type: application/json; charset=utf-8
host: localhost:56045
accept: */*

Response DefaultHttpResponse(decodeResult: success, version: HTTP/1.1)
HTTP/1.1 200 OK
Content-Type: application/json; charset=utf-8
cache-control: no-cache
content-length: 45264

12:46:07.850 [AsyncHttpClient-1-17] DEBUG org.asynchttpclient.netty.channel.ChannelManager - Adding key: http://localhost:56045 for channel [id: 0x6588d5ba, L:/127.0.0.1:52116 - R:localhost/127.0.0.1:56045]
12:46:07.851 [main] DEBUG net.serenitybdd.core.photography.Darkroom - Send negative for processing for target\site\serenity\42327d23d54ad376aa2b20880e2c8a008c5a0e05eac13bca40b1f7e61e763661.png
12:46:07.851 [Darkroom Processing Line] DEBUG net.serenitybdd.core.photography.DarkroomProcessingLine - Processing screenshot image in /var/screenshots/screenshot-7588892564362499201
12:46:07.851 [Darkroom Processing Line] DEBUG net.serenitybdd.core.photography.DarkroomProcessingLine - Saving screenshot to target\site\serenity\42327d23d54ad376aa2b20880e2c8a008c5a0e05eac13bca40b1f7e61e763661.png
12:46:07.854 [AsyncHttpClient-1-19] DEBUG org.asynchttpclient.netty.handler.WebSocketHandler - Channel Closed: [id: 0xc8e4657e, L:/127.0.0.1:52125 ! R:localhost/127.0.0.1:52118] with attribute NettyResponseFuture{currentRetry=5,
	isDone=1,
	isCancelled=0,
	asyncHandler=org.asynchttpclient.ws.WebSocketUpgradeHandler@20cfe028,
	nettyRequest=org.asynchttpclient.netty.request.NettyRequest@1ac8a0ee,
	future=java.util.concurrent.CompletableFuture@3d41dd76[Completed normally],
	uri=ws://localhost:52118/devtools/browser/18e346f5-cd00-4fee-9d99-d76cbed91b25,
	keepAlive=true,
	redirectCount=0,
	timeoutsHolder=null,
	inAuth=0,
	touch=1667972763307}
12:46:07.854 [AsyncHttpClient-1-19] DEBUG org.asynchttpclient.netty.channel.ChannelManager - Closing Channel [id: 0xc8e4657e, L:/127.0.0.1:52125 ! R:localhost/127.0.0.1:52118] 
12:46:07.854 [Driver Command Executor] DEBUG org.asynchttpclient.netty.request.NettyRequestSender - Using pooled Channel '[id: 0x6588d5ba, L:/127.0.0.1:52116 - R:localhost/127.0.0.1:56045]' for 'DELETE' to 'http://localhost:56045/session/6b638dc1cc6e740c7f446e8d87dd8476'
12:46:07.855 [Driver Command Executor] DEBUG org.asynchttpclient.netty.request.NettyRequestSender - Using open Channel [id: 0x6588d5ba, L:/127.0.0.1:52116 - R:localhost/127.0.0.1:56045] for DELETE '/session/6b638dc1cc6e740c7f446e8d87dd8476'
12:46:07.878 [AsyncHttpClient-1-18] DEBUG org.asynchttpclient.netty.handler.HttpHandler - Unexpected I/O exception on channel [id: 0x7e1c85b1, L:/127.0.0.1:52124 - R:localhost/127.0.0.1:52118]
java.io.IOException: An existing connection was forcibly closed by the remote host
	at java.base/sun.nio.ch.SocketDispatcher.read0(Native Method)
	at java.base/sun.nio.ch.SocketDispatcher.read(SocketDispatcher.java:43)
	at java.base/sun.nio.ch.IOUtil.readIntoNativeBuffer(IOUtil.java:276)
	at java.base/sun.nio.ch.IOUtil.read(IOUtil.java:233)
	at java.base/sun.nio.ch.IOUtil.read(IOUtil.java:223)
	at java.base/sun.nio.ch.SocketChannelImpl.read(SocketChannelImpl.java:358)
	at io.netty.buffer.PooledByteBuf.setBytes(PooledByteBuf.java:258)
	at io.netty.buffer.AbstractByteBuf.writeBytes(AbstractByteBuf.java:1132)
	at io.netty.channel.socket.nio.NioSocketChannel.doReadBytes(NioSocketChannel.java:350)
	at io.netty.channel.nio.AbstractNioByteChannel$NioByteUnsafe.read(AbstractNioByteChannel.java:151)
	at io.netty.channel.nio.NioEventLoop.processSelectedKey(NioEventLoop.java:722)
	at io.netty.channel.nio.NioEventLoop.processSelectedKeysOptimized(NioEventLoop.java:658)
	at io.netty.channel.nio.NioEventLoop.processSelectedKeys(NioEventLoop.java:584)
	at io.netty.channel.nio.NioEventLoop.run(NioEventLoop.java:496)
	at io.netty.util.concurrent.SingleThreadEventExecutor$4.run(SingleThreadEventExecutor.java:986)
	at io.netty.util.internal.ThreadExecutorMap$2.run(ThreadExecutorMap.java:74)
	at io.netty.util.concurrent.FastThreadLocalRunnable.run(FastThreadLocalRunnable.java:30)
	at java.base/java.lang.Thread.run(Thread.java:834)
12:46:07.879 [AsyncHttpClient-1-18] DEBUG org.asynchttpclient.netty.channel.ChannelManager - Closing Channel [id: 0x7e1c85b1, L:/127.0.0.1:52124 - R:localhost/127.0.0.1:52118] 
12:46:07.879 [AsyncHttpClient-1-18] DEBUG org.asynchttpclient.netty.handler.HttpHandler - Channel Closed: [id: 0x7e1c85b1, L:/127.0.0.1:52124 ! R:localhost/127.0.0.1:52118] with attribute DISCARD
12:46:07.896 [AsyncHttpClient-1-17] DEBUG org.asynchttpclient.netty.handler.HttpHandler - 

Request DefaultFullHttpRequest(decodeResult: success, version: HTTP/1.1, content: EmptyByteBufBE)
DELETE /session/6b638dc1cc6e740c7f446e8d87dd8476 HTTP/1.1
User-Agent: selenium/4.1.2 (java windows)
Content-Type: application/json; charset=utf-8
host: localhost:56045
accept: */*

Response DefaultHttpResponse(decodeResult: success, version: HTTP/1.1)
HTTP/1.1 200 OK
Content-Type: application/json; charset=utf-8
cache-control: no-cache
content-length: 14

12:46:07.896 [AsyncHttpClient-1-17] DEBUG org.asynchttpclient.netty.channel.ChannelManager - Adding key: http://localhost:56045 for channel [id: 0x6588d5ba, L:/127.0.0.1:52116 - R:localhost/127.0.0.1:56045]
12:46:07.943 [AsyncHttpClient-1-17] DEBUG org.asynchttpclient.netty.handler.HttpHandler - Channel Closed: [id: 0x6588d5ba, L:/127.0.0.1:52116 ! R:localhost/127.0.0.1:56045] with attribute DISCARD
]]></system-out>
    <system-err><![CDATA[Starting ChromeDriver 107.0.5304.62 (1eec40d3a5764881c92085aaee66d25075c159aa-refs/branch-heads/5304@{#942}) on port 56045
Only local connections are allowed.
Please see https://chromedriver.chromium.org/security-considerations for suggestions on keeping ChromeDriver safe.
ChromeDriver was started successfully.
Nov 09, 2022 12:46:03 PM org.openqa.selenium.remote.ProtocolHandshake createSession
INFO: Detected dialect: W3C
Nov 09, 2022 12:46:03 PM org.openqa.selenium.devtools.CdpVersionFinder findNearestMatch
WARNING: Unable to find an exact match for CDP version 107, so returning the closest version found: a no-op implementation
Nov 09, 2022 12:46:03 PM org.openqa.selenium.devtools.CdpVersionFinder findNearestMatch
INFO: Unable to find CDP implementation matching 107.
Nov 09, 2022 12:46:03 PM org.openqa.selenium.chromium.ChromiumDriver lambda$new$3
WARNING: Unable to find version of CDP to use for . You may need to include a dependency on a specific version of the CDP using something similar to `org.seleniumhq.selenium:selenium-devtools-v86:4.1.2` where the version ("v86") matches the version of the chromium-based browser you're using and the version number of the artifact is the same as Selenium's.
]]></system-err>
  </testcase>
  <testcase name="Register new account #4" classname="Register" time="7.063">
    <system-out><![CDATA[
@Register
Scenario Outline: Register new account &amp#27;[90m# src/test/resources/features/register.feature:21&amp#27;[0m
12:46:08.020 [main] INFO io.cucumber.core.plugin.SerenityReporter - Running feature from file:///C:/Users/ASUS/Web/src/test/resources/features/register.feature
12:46:08.035 [main] INFO net.serenitybdd.core.webdriver.driverproviders.ChromeDriverProvider - Using automatically driver download
12:46:08.125 [main] DEBUG io.github.bonigarcia.wdm.cache.ResolutionCache - Resolution chrome=107 in cache (valid until 13:44:11 09/11/2022 ICT)
12:46:08.128 [main] DEBUG io.github.bonigarcia.wdm.cache.ResolutionCache - Resolution chrome107=107.0.5304.62 in cache (valid until 12:48:49 09/11/2022 ICT)
12:46:08.137 [main] INFO io.github.bonigarcia.wdm.WebDriverManager - Using chromedriver 107.0.5304.62 (resolved driver for Chrome 107)
12:46:08.144 [main] DEBUG io.github.bonigarcia.wdm.WebDriverManager - Driver chromedriver 107.0.5304.62 found in cache
12:46:08.144 [main] INFO io.github.bonigarcia.wdm.WebDriverManager - Exporting webdriver.chrome.driver as C:\Users\ASUS\.cache\selenium\chromedriver\win32\107.0.5304.62\chromedriver.exe
12:46:08.226 [main] DEBUG net.serenitybdd.core.webdriver.driverproviders.ProvideNewDriver - Instantiating driver
12:46:08.226 [main] DEBUG net.serenitybdd.core.webdriver.driverproviders.ProvideNewDriver - Driver capabilities: Capabilities {acceptInsecureCerts: false, base.url: https://alta-shop.vercel.app/, browserName: chrome, chrome.driver: src/test/resources/webdrive..., driver: chrome, goog:chromeOptions: {args: [], extensions: []}}
12:46:08.309 [AsyncHttpClient-1-20] DEBUG org.asynchttpclient.netty.channel.NettyConnectListener - Using new Channel '[id: 0x5f4711da, L:/127.0.0.1:52144 - R:localhost/127.0.0.1:59518]' for 'POST' to '/session'
12:46:08.845 [AsyncHttpClient-1-1] DEBUG org.asynchttpclient.netty.channel.DefaultChannelPool - Entry count for : http://localhost:56045 : 1
12:46:08.845 [AsyncHttpClient-1-1] DEBUG org.asynchttpclient.netty.channel.DefaultChannelPool - Entry count for : http://localhost:52118 : 1
12:46:08.845 [AsyncHttpClient-1-1] DEBUG org.asynchttpclient.netty.channel.DefaultChannelPool - Adding Candidate expired Channel [id: 0x6588d5ba, L:/127.0.0.1:52116 ! R:localhost/127.0.0.1:56045] isIdleTimeoutExpired=false isRemotelyClosed=true isTtlExpired=false
12:46:08.845 [AsyncHttpClient-1-1] DEBUG org.asynchttpclient.netty.channel.DefaultChannelPool - Closing Idle Channel [id: 0x6588d5ba, L:/127.0.0.1:52116 ! R:localhost/127.0.0.1:56045]
12:46:08.845 [AsyncHttpClient-1-1] DEBUG org.asynchttpclient.netty.channel.DefaultChannelPool - Adding Candidate expired Channel [id: 0x7e1c85b1, L:/127.0.0.1:52124 ! R:localhost/127.0.0.1:52118] isIdleTimeoutExpired=false isRemotelyClosed=true isTtlExpired=false
12:46:08.845 [AsyncHttpClient-1-1] DEBUG org.asynchttpclient.netty.channel.DefaultChannelPool - Closing Idle Channel [id: 0x7e1c85b1, L:/127.0.0.1:52124 ! R:localhost/127.0.0.1:52118]
12:46:08.845 [AsyncHttpClient-1-1] DEBUG org.asynchttpclient.netty.channel.DefaultChannelPool - Closed 2 connections out of 2 in 0 ms
12:46:11.024 [AsyncHttpClient-1-20] DEBUG org.asynchttpclient.netty.handler.HttpHandler - 

Request DefaultHttpRequest(decodeResult: success, version: HTTP/1.1)
POST /session HTTP/1.1
User-Agent: selenium/4.1.2 (java windows)
Content-Length: 615
Content-Type: application/json; charset=utf-8
host: localhost:59518
accept: */*

Response DefaultHttpResponse(decodeResult: success, version: HTTP/1.1)
HTTP/1.1 200 OK
Content-Type: application/json; charset=utf-8
cache-control: no-cache
content-length: 788

12:46:11.024 [AsyncHttpClient-1-20] DEBUG org.asynchttpclient.netty.channel.ChannelManager - Adding key: http://localhost:59518 for channel [id: 0x5f4711da, L:/127.0.0.1:52144 - R:localhost/127.0.0.1:59518]
12:46:11.033 [AsyncHttpClient-1-21] DEBUG org.asynchttpclient.netty.channel.NettyConnectListener - Using new Channel '[id: 0x046f28c5, L:/127.0.0.1:52151 - R:localhost/127.0.0.1:52145]' for 'GET' to '/json/version'
12:46:11.033 [AsyncHttpClient-1-21] DEBUG org.asynchttpclient.netty.handler.HttpHandler - 

Request DefaultFullHttpRequest(decodeResult: success, version: HTTP/1.1, content: EmptyByteBufBE)
GET /json/version HTTP/1.1
User-Agent: selenium/4.1.2 (java windows)
host: localhost:52145
accept: */*

Response DefaultHttpResponse(decodeResult: success, version: HTTP/1.1)
HTTP/1.1 200 OK
Content-Type: application/json; charset=UTF-8
content-length: 423

12:46:11.033 [AsyncHttpClient-1-21] DEBUG org.asynchttpclient.netty.channel.ChannelManager - Adding key: http://localhost:52145 for channel [id: 0x046f28c5, L:/127.0.0.1:52151 - R:localhost/127.0.0.1:52145]
12:46:11.036 [AsyncHttpClient-1-22] DEBUG org.asynchttpclient.netty.channel.NettyConnectListener - Using new Channel '[id: 0x2a716d39, L:/127.0.0.1:52152 - R:localhost/127.0.0.1:52145]' for 'GET' to '/devtools/browser/0c39de0e-42c2-41d7-9607-de4073f81a13'
12:46:11.037 [AsyncHttpClient-1-22] DEBUG org.asynchttpclient.netty.handler.WebSocketHandler - 

Request DefaultFullHttpRequest(decodeResult: success, version: HTTP/1.1, content: EmptyByteBufBE)
GET /devtools/browser/0c39de0e-42c2-41d7-9607-de4073f81a13 HTTP/1.1
upgrade: websocket
connection: upgrade
sec-websocket-key: HAFqD492EijzqOhhx1CYRw==
sec-websocket-version: 13
origin: http://localhost:52145
host: localhost:52145
accept: */*
user-agent: AHC/2.1

Response DefaultHttpResponse(decodeResult: success, version: HTTP/1.1)
HTTP/1.1 101 WebSocket Protocol Handshake
Upgrade: WebSocket
Connection: Upgrade
Sec-WebSocket-Accept: z2zIXLkcyvs9gm8ficw9XBdbvlw=

12:46:11.040 [Forwarding get on session 0aeb53d39835cc334f177e051e5a899b to remote] DEBUG org.asynchttpclient.netty.request.NettyRequestSender - Using pooled Channel '[id: 0x5f4711da, L:/127.0.0.1:52144 - R:localhost/127.0.0.1:59518]' for 'POST' to 'http://localhost:59518/session/0aeb53d39835cc334f177e051e5a899b/url'
12:46:11.041 [Forwarding get on session 0aeb53d39835cc334f177e051e5a899b to remote] DEBUG org.asynchttpclient.netty.request.NettyRequestSender - Using open Channel [id: 0x5f4711da, L:/127.0.0.1:52144 - R:localhost/127.0.0.1:59518] for POST '/session/0aeb53d39835cc334f177e051e5a899b/url'
12:46:11.046 [AsyncHttpClient-1-1] DEBUG org.asynchttpclient.netty.channel.DefaultChannelPool - Entry count for : http://localhost:52145 : 1
12:46:12.150 [AsyncHttpClient-1-1] DEBUG org.asynchttpclient.netty.channel.DefaultChannelPool - Entry count for : http://localhost:52145 : 1
12:46:12.403 [AsyncHttpClient-1-20] DEBUG org.asynchttpclient.netty.handler.HttpHandler - 

Request DefaultHttpRequest(decodeResult: success, version: HTTP/1.1)
POST /session/0aeb53d39835cc334f177e051e5a899b/url HTTP/1.1
User-Agent: selenium/4.1.2 (java windows)
Content-Length: 59
Content-Type: application/json; charset=utf-8
host: localhost:59518
accept: */*

Response DefaultHttpResponse(decodeResult: success, version: HTTP/1.1)
HTTP/1.1 200 OK
Content-Type: application/json; charset=utf-8
cache-control: no-cache
content-length: 14

12:46:12.403 [AsyncHttpClient-1-20] DEBUG org.asynchttpclient.netty.channel.ChannelManager - Adding key: http://localhost:59518 for channel [id: 0x5f4711da, L:/127.0.0.1:52144 - R:localhost/127.0.0.1:59518]
12:46:12.404 [Forwarding setTimeout on session 0aeb53d39835cc334f177e051e5a899b to remote] DEBUG org.asynchttpclient.netty.request.NettyRequestSender - Using pooled Channel '[id: 0x5f4711da, L:/127.0.0.1:52144 - R:localhost/127.0.0.1:59518]' for 'POST' to 'http://localhost:59518/session/0aeb53d39835cc334f177e051e5a899b/timeouts'
12:46:12.404 [Forwarding setTimeout on session 0aeb53d39835cc334f177e051e5a899b to remote] DEBUG org.asynchttpclient.netty.request.NettyRequestSender - Using open Channel [id: 0x5f4711da, L:/127.0.0.1:52144 - R:localhost/127.0.0.1:59518] for POST '/session/0aeb53d39835cc334f177e051e5a899b/timeouts'
12:46:12.405 [AsyncHttpClient-1-20] DEBUG org.asynchttpclient.netty.handler.HttpHandler - 

Request DefaultHttpRequest(decodeResult: success, version: HTTP/1.1)
POST /session/0aeb53d39835cc334f177e051e5a899b/timeouts HTTP/1.1
User-Agent: selenium/4.1.2 (java windows)
Content-Length: 22
Content-Type: application/json; charset=utf-8
host: localhost:59518
accept: */*

Response DefaultHttpResponse(decodeResult: success, version: HTTP/1.1)
HTTP/1.1 200 OK
Content-Type: application/json; charset=utf-8
cache-control: no-cache
content-length: 14

12:46:12.406 [AsyncHttpClient-1-20] DEBUG org.asynchttpclient.netty.channel.ChannelManager - Adding key: http://localhost:59518 for channel [id: 0x5f4711da, L:/127.0.0.1:52144 - R:localhost/127.0.0.1:59518]
12:46:12.407 [Forwarding getCurrentUrl on session 0aeb53d39835cc334f177e051e5a899b to remote] DEBUG org.asynchttpclient.netty.request.NettyRequestSender - Using pooled Channel '[id: 0x5f4711da, L:/127.0.0.1:52144 - R:localhost/127.0.0.1:59518]' for 'GET' to 'http://localhost:59518/session/0aeb53d39835cc334f177e051e5a899b/url'
12:46:12.407 [Forwarding getCurrentUrl on session 0aeb53d39835cc334f177e051e5a899b to remote] DEBUG org.asynchttpclient.netty.request.NettyRequestSender - Using open Channel [id: 0x5f4711da, L:/127.0.0.1:52144 - R:localhost/127.0.0.1:59518] for GET '/session/0aeb53d39835cc334f177e051e5a899b/url'
12:46:12.412 [AsyncHttpClient-1-20] DEBUG org.asynchttpclient.netty.handler.HttpHandler - 

Request DefaultFullHttpRequest(decodeResult: success, version: HTTP/1.1, content: EmptyByteBufBE)
GET /session/0aeb53d39835cc334f177e051e5a899b/url HTTP/1.1
User-Agent: selenium/4.1.2 (java windows)
Cache-Control: no-cache
Content-Type: application/json; charset=utf-8
host: localhost:59518
accept: */*

Response DefaultHttpResponse(decodeResult: success, version: HTTP/1.1)
HTTP/1.1 200 OK
Content-Type: application/json; charset=utf-8
cache-control: no-cache
content-length: 41

12:46:12.412 [AsyncHttpClient-1-20] DEBUG org.asynchttpclient.netty.channel.ChannelManager - Adding key: http://localhost:59518 for channel [id: 0x5f4711da, L:/127.0.0.1:52144 - R:localhost/127.0.0.1:59518]
  &amp#27;[32mGiven &amp#27;[0m&amp#27;[32mI am on home page&amp#27;[0m              &amp#27;[90m# starter.stepdefinition.LoginStep.iAmOnHomePage()&amp#27;[0m
12:46:12.416 [Forwarding screenshot on session 0aeb53d39835cc334f177e051e5a899b to remote] DEBUG org.asynchttpclient.netty.request.NettyRequestSender - Using pooled Channel '[id: 0x5f4711da, L:/127.0.0.1:52144 - R:localhost/127.0.0.1:59518]' for 'GET' to 'http://localhost:59518/session/0aeb53d39835cc334f177e051e5a899b/screenshot'
12:46:12.416 [Forwarding screenshot on session 0aeb53d39835cc334f177e051e5a899b to remote] DEBUG org.asynchttpclient.netty.request.NettyRequestSender - Using open Channel [id: 0x5f4711da, L:/127.0.0.1:52144 - R:localhost/127.0.0.1:59518] for GET '/session/0aeb53d39835cc334f177e051e5a899b/screenshot'
12:46:12.582 [AsyncHttpClient-1-20] DEBUG org.asynchttpclient.netty.handler.HttpHandler - 

Request DefaultFullHttpRequest(decodeResult: success, version: HTTP/1.1, content: EmptyByteBufBE)
GET /session/0aeb53d39835cc334f177e051e5a899b/screenshot HTTP/1.1
User-Agent: selenium/4.1.2 (java windows)
Cache-Control: no-cache
Content-Type: application/json; charset=utf-8
host: localhost:59518
accept: */*

Response DefaultHttpResponse(decodeResult: success, version: HTTP/1.1)
HTTP/1.1 200 OK
Content-Type: application/json; charset=utf-8
cache-control: no-cache
content-length: 32620

12:46:12.582 [AsyncHttpClient-1-20] DEBUG org.asynchttpclient.netty.channel.ChannelManager - Adding key: http://localhost:59518 for channel [id: 0x5f4711da, L:/127.0.0.1:52144 - R:localhost/127.0.0.1:59518]
12:46:12.583 [main] DEBUG net.serenitybdd.core.photography.Darkroom - Send negative for processing for target\site\serenity\2e5194f640efdaf8b8404190eb258bec9ecd87b1dec1b4d4d76b65fd9887a201.png
12:46:12.583 [Darkroom Processing Line] DEBUG net.serenitybdd.core.photography.DarkroomProcessingLine - Processing screenshot image in /var/screenshots/screenshot-16561212561646104992
12:46:12.583 [Darkroom Processing Line] DEBUG net.serenitybdd.core.photography.DarkroomProcessingLine - Saving screenshot to target\site\serenity\2e5194f640efdaf8b8404190eb258bec9ecd87b1dec1b4d4d76b65fd9887a201.png
12:46:12.591 [Forwarding findElement on session 0aeb53d39835cc334f177e051e5a899b to remote] DEBUG org.asynchttpclient.netty.request.NettyRequestSender - Using pooled Channel '[id: 0x5f4711da, L:/127.0.0.1:52144 - R:localhost/127.0.0.1:59518]' for 'POST' to 'http://localhost:59518/session/0aeb53d39835cc334f177e051e5a899b/element'
12:46:12.591 [Forwarding findElement on session 0aeb53d39835cc334f177e051e5a899b to remote] DEBUG org.asynchttpclient.netty.request.NettyRequestSender - Using open Channel [id: 0x5f4711da, L:/127.0.0.1:52144 - R:localhost/127.0.0.1:59518] for POST '/session/0aeb53d39835cc334f177e051e5a899b/element'
12:46:12.600 [AsyncHttpClient-1-20] DEBUG org.asynchttpclient.netty.handler.HttpHandler - 

Request DefaultHttpRequest(decodeResult: success, version: HTTP/1.1)
POST /session/0aeb53d39835cc334f177e051e5a899b/element HTTP/1.1
User-Agent: selenium/4.1.2 (java windows)
Content-Length: 97
Content-Type: application/json; charset=utf-8
host: localhost:59518
accept: */*

Response DefaultHttpResponse(decodeResult: success, version: HTTP/1.1)
HTTP/1.1 200 OK
Content-Type: application/json; charset=utf-8
cache-control: no-cache
content-length: 88

12:46:12.601 [AsyncHttpClient-1-20] DEBUG org.asynchttpclient.netty.channel.ChannelManager - Adding key: http://localhost:59518 for channel [id: 0x5f4711da, L:/127.0.0.1:52144 - R:localhost/127.0.0.1:59518]
12:46:12.602 [Forwarding getElementTagName on session 0aeb53d39835cc334f177e051e5a899b to remote] DEBUG org.asynchttpclient.netty.request.NettyRequestSender - Using pooled Channel '[id: 0x5f4711da, L:/127.0.0.1:52144 - R:localhost/127.0.0.1:59518]' for 'GET' to 'http://localhost:59518/session/0aeb53d39835cc334f177e051e5a899b/element/92fd04a9-d45e-47d8-a7fe-0e50c2bcafcb/name'
12:46:12.602 [Forwarding getElementTagName on session 0aeb53d39835cc334f177e051e5a899b to remote] DEBUG org.asynchttpclient.netty.request.NettyRequestSender - Using open Channel [id: 0x5f4711da, L:/127.0.0.1:52144 - R:localhost/127.0.0.1:59518] for GET '/session/0aeb53d39835cc334f177e051e5a899b/element/92fd04a9-d45e-47d8-a7fe-0e50c2bcafcb/name'
12:46:12.607 [AsyncHttpClient-1-20] DEBUG org.asynchttpclient.netty.handler.HttpHandler - 

Request DefaultFullHttpRequest(decodeResult: success, version: HTTP/1.1, content: EmptyByteBufBE)
GET /session/0aeb53d39835cc334f177e051e5a899b/element/92fd04a9-d45e-47d8-a7fe-0e50c2bcafcb/name HTTP/1.1
User-Agent: selenium/4.1.2 (java windows)
Cache-Control: no-cache
Content-Type: application/json; charset=utf-8
host: localhost:59518
accept: */*

Response DefaultHttpResponse(decodeResult: success, version: HTTP/1.1)
HTTP/1.1 200 OK
Content-Type: application/json; charset=utf-8
cache-control: no-cache
content-length: 13

12:46:12.607 [AsyncHttpClient-1-20] DEBUG org.asynchttpclient.netty.channel.ChannelManager - Adding key: http://localhost:59518 for channel [id: 0x5f4711da, L:/127.0.0.1:52144 - R:localhost/127.0.0.1:59518]
12:46:12.608 [Forwarding getElementTagName on session 0aeb53d39835cc334f177e051e5a899b to remote] DEBUG org.asynchttpclient.netty.request.NettyRequestSender - Using pooled Channel '[id: 0x5f4711da, L:/127.0.0.1:52144 - R:localhost/127.0.0.1:59518]' for 'GET' to 'http://localhost:59518/session/0aeb53d39835cc334f177e051e5a899b/element/92fd04a9-d45e-47d8-a7fe-0e50c2bcafcb/name'
12:46:12.608 [Forwarding getElementTagName on session 0aeb53d39835cc334f177e051e5a899b to remote] DEBUG org.asynchttpclient.netty.request.NettyRequestSender - Using open Channel [id: 0x5f4711da, L:/127.0.0.1:52144 - R:localhost/127.0.0.1:59518] for GET '/session/0aeb53d39835cc334f177e051e5a899b/element/92fd04a9-d45e-47d8-a7fe-0e50c2bcafcb/name'
12:46:12.612 [AsyncHttpClient-1-20] DEBUG org.asynchttpclient.netty.handler.HttpHandler - 

Request DefaultFullHttpRequest(decodeResult: success, version: HTTP/1.1, content: EmptyByteBufBE)
GET /session/0aeb53d39835cc334f177e051e5a899b/element/92fd04a9-d45e-47d8-a7fe-0e50c2bcafcb/name HTTP/1.1
User-Agent: selenium/4.1.2 (java windows)
Cache-Control: no-cache
Content-Type: application/json; charset=utf-8
host: localhost:59518
accept: */*

Response DefaultHttpResponse(decodeResult: success, version: HTTP/1.1)
HTTP/1.1 200 OK
Content-Type: application/json; charset=utf-8
cache-control: no-cache
content-length: 13

12:46:12.612 [AsyncHttpClient-1-20] DEBUG org.asynchttpclient.netty.channel.ChannelManager - Adding key: http://localhost:59518 for channel [id: 0x5f4711da, L:/127.0.0.1:52144 - R:localhost/127.0.0.1:59518]
12:46:12.614 [Forwarding findElement on session 0aeb53d39835cc334f177e051e5a899b to remote] DEBUG org.asynchttpclient.netty.request.NettyRequestSender - Using pooled Channel '[id: 0x5f4711da, L:/127.0.0.1:52144 - R:localhost/127.0.0.1:59518]' for 'POST' to 'http://localhost:59518/session/0aeb53d39835cc334f177e051e5a899b/element'
12:46:12.614 [Forwarding findElement on session 0aeb53d39835cc334f177e051e5a899b to remote] DEBUG org.asynchttpclient.netty.request.NettyRequestSender - Using open Channel [id: 0x5f4711da, L:/127.0.0.1:52144 - R:localhost/127.0.0.1:59518] for POST '/session/0aeb53d39835cc334f177e051e5a899b/element'
12:46:12.619 [AsyncHttpClient-1-20] DEBUG org.asynchttpclient.netty.handler.HttpHandler - 

Request DefaultHttpRequest(decodeResult: success, version: HTTP/1.1)
POST /session/0aeb53d39835cc334f177e051e5a899b/element HTTP/1.1
User-Agent: selenium/4.1.2 (java windows)
Content-Length: 97
Content-Type: application/json; charset=utf-8
host: localhost:59518
accept: */*

Response DefaultHttpResponse(decodeResult: success, version: HTTP/1.1)
HTTP/1.1 200 OK
Content-Type: application/json; charset=utf-8
cache-control: no-cache
content-length: 88

12:46:12.620 [AsyncHttpClient-1-20] DEBUG org.asynchttpclient.netty.channel.ChannelManager - Adding key: http://localhost:59518 for channel [id: 0x5f4711da, L:/127.0.0.1:52144 - R:localhost/127.0.0.1:59518]
12:46:12.620 [Forwarding clickElement on session 0aeb53d39835cc334f177e051e5a899b to remote] DEBUG org.asynchttpclient.netty.request.NettyRequestSender - Using pooled Channel '[id: 0x5f4711da, L:/127.0.0.1:52144 - R:localhost/127.0.0.1:59518]' for 'POST' to 'http://localhost:59518/session/0aeb53d39835cc334f177e051e5a899b/element/92fd04a9-d45e-47d8-a7fe-0e50c2bcafcb/click'
12:46:12.620 [Forwarding clickElement on session 0aeb53d39835cc334f177e051e5a899b to remote] DEBUG org.asynchttpclient.netty.request.NettyRequestSender - Using open Channel [id: 0x5f4711da, L:/127.0.0.1:52144 - R:localhost/127.0.0.1:59518] for POST '/session/0aeb53d39835cc334f177e051e5a899b/element/92fd04a9-d45e-47d8-a7fe-0e50c2bcafcb/click'
12:46:12.657 [AsyncHttpClient-1-20] DEBUG org.asynchttpclient.netty.handler.HttpHandler - 

Request DefaultHttpRequest(decodeResult: success, version: HTTP/1.1)
POST /session/0aeb53d39835cc334f177e051e5a899b/element/92fd04a9-d45e-47d8-a7fe-0e50c2bcafcb/click HTTP/1.1
User-Agent: selenium/4.1.2 (java windows)
Content-Length: 50
Content-Type: application/json; charset=utf-8
host: localhost:59518
accept: */*

Response DefaultHttpResponse(decodeResult: success, version: HTTP/1.1)
HTTP/1.1 200 OK
Content-Type: application/json; charset=utf-8
cache-control: no-cache
content-length: 14

12:46:12.658 [AsyncHttpClient-1-20] DEBUG org.asynchttpclient.netty.channel.ChannelManager - Adding key: http://localhost:59518 for channel [id: 0x5f4711da, L:/127.0.0.1:52144 - R:localhost/127.0.0.1:59518]
  &amp#27;[32mAnd &amp#27;[0m&amp#27;[32mI click icon the login icon&amp#27;[0m      &amp#27;[90m# starter.stepdefinition.LoginStep.iClickIconTheLoginIcon()&amp#27;[0m
12:46:12.662 [Forwarding screenshot on session 0aeb53d39835cc334f177e051e5a899b to remote] DEBUG org.asynchttpclient.netty.request.NettyRequestSender - Using pooled Channel '[id: 0x5f4711da, L:/127.0.0.1:52144 - R:localhost/127.0.0.1:59518]' for 'GET' to 'http://localhost:59518/session/0aeb53d39835cc334f177e051e5a899b/screenshot'
12:46:12.662 [Forwarding screenshot on session 0aeb53d39835cc334f177e051e5a899b to remote] DEBUG org.asynchttpclient.netty.request.NettyRequestSender - Using open Channel [id: 0x5f4711da, L:/127.0.0.1:52144 - R:localhost/127.0.0.1:59518] for GET '/session/0aeb53d39835cc334f177e051e5a899b/screenshot'
12:46:12.891 [AsyncHttpClient-1-20] DEBUG org.asynchttpclient.netty.handler.HttpHandler - 

Request DefaultFullHttpRequest(decodeResult: success, version: HTTP/1.1, content: EmptyByteBufBE)
GET /session/0aeb53d39835cc334f177e051e5a899b/screenshot HTTP/1.1
User-Agent: selenium/4.1.2 (java windows)
Cache-Control: no-cache
Content-Type: application/json; charset=utf-8
host: localhost:59518
accept: */*

Response DefaultHttpResponse(decodeResult: success, version: HTTP/1.1)
HTTP/1.1 200 OK
Content-Type: application/json; charset=utf-8
cache-control: no-cache
content-length: 35028

12:46:12.891 [AsyncHttpClient-1-20] DEBUG org.asynchttpclient.netty.channel.ChannelManager - Adding key: http://localhost:59518 for channel [id: 0x5f4711da, L:/127.0.0.1:52144 - R:localhost/127.0.0.1:59518]
12:46:12.892 [main] DEBUG net.serenitybdd.core.photography.Darkroom - Send negative for processing for target\site\serenity\3b63ef78b663b72c5874ec3882d4ae1ee1a6e6c21306b75a9a0512cc00d82499.png
12:46:12.903 [Forwarding findElement on session 0aeb53d39835cc334f177e051e5a899b to remote] DEBUG org.asynchttpclient.netty.request.NettyRequestSender - Using pooled Channel '[id: 0x5f4711da, L:/127.0.0.1:52144 - R:localhost/127.0.0.1:59518]' for 'POST' to 'http://localhost:59518/session/0aeb53d39835cc334f177e051e5a899b/element'
12:46:12.903 [Forwarding findElement on session 0aeb53d39835cc334f177e051e5a899b to remote] DEBUG org.asynchttpclient.netty.request.NettyRequestSender - Using open Channel [id: 0x5f4711da, L:/127.0.0.1:52144 - R:localhost/127.0.0.1:59518] for POST '/session/0aeb53d39835cc334f177e051e5a899b/element'
12:46:12.913 [AsyncHttpClient-1-20] DEBUG org.asynchttpclient.netty.handler.HttpHandler - 

Request DefaultHttpRequest(decodeResult: success, version: HTTP/1.1)
POST /session/0aeb53d39835cc334f177e051e5a899b/element HTTP/1.1
User-Agent: selenium/4.1.2 (java windows)
Content-Length: 95
Content-Type: application/json; charset=utf-8
host: localhost:59518
accept: */*

Response DefaultHttpResponse(decodeResult: success, version: HTTP/1.1)
HTTP/1.1 200 OK
Content-Type: application/json; charset=utf-8
cache-control: no-cache
content-length: 88

12:46:12.913 [AsyncHttpClient-1-20] DEBUG org.asynchttpclient.netty.channel.ChannelManager - Adding key: http://localhost:59518 for channel [id: 0x5f4711da, L:/127.0.0.1:52144 - R:localhost/127.0.0.1:59518]
12:46:12.914 [Forwarding getElementTagName on session 0aeb53d39835cc334f177e051e5a899b to remote] DEBUG org.asynchttpclient.netty.request.NettyRequestSender - Using pooled Channel '[id: 0x5f4711da, L:/127.0.0.1:52144 - R:localhost/127.0.0.1:59518]' for 'GET' to 'http://localhost:59518/session/0aeb53d39835cc334f177e051e5a899b/element/9d489bf4-2dd6-4884-96ed-d9d4757eec4a/name'
12:46:12.914 [Forwarding getElementTagName on session 0aeb53d39835cc334f177e051e5a899b to remote] DEBUG org.asynchttpclient.netty.request.NettyRequestSender - Using open Channel [id: 0x5f4711da, L:/127.0.0.1:52144 - R:localhost/127.0.0.1:59518] for GET '/session/0aeb53d39835cc334f177e051e5a899b/element/9d489bf4-2dd6-4884-96ed-d9d4757eec4a/name'
12:46:12.920 [AsyncHttpClient-1-20] DEBUG org.asynchttpclient.netty.handler.HttpHandler - 

Request DefaultFullHttpRequest(decodeResult: success, version: HTTP/1.1, content: EmptyByteBufBE)
GET /session/0aeb53d39835cc334f177e051e5a899b/element/9d489bf4-2dd6-4884-96ed-d9d4757eec4a/name HTTP/1.1
User-Agent: selenium/4.1.2 (java windows)
Cache-Control: no-cache
Content-Type: application/json; charset=utf-8
host: localhost:59518
accept: */*

Response DefaultHttpResponse(decodeResult: success, version: HTTP/1.1)
HTTP/1.1 200 OK
Content-Type: application/json; charset=utf-8
cache-control: no-cache
content-length: 13

12:46:12.920 [AsyncHttpClient-1-20] DEBUG org.asynchttpclient.netty.channel.ChannelManager - Adding key: http://localhost:59518 for channel [id: 0x5f4711da, L:/127.0.0.1:52144 - R:localhost/127.0.0.1:59518]
12:46:12.921 [Forwarding getElementTagName on session 0aeb53d39835cc334f177e051e5a899b to remote] DEBUG org.asynchttpclient.netty.request.NettyRequestSender - Using pooled Channel '[id: 0x5f4711da, L:/127.0.0.1:52144 - R:localhost/127.0.0.1:59518]' for 'GET' to 'http://localhost:59518/session/0aeb53d39835cc334f177e051e5a899b/element/9d489bf4-2dd6-4884-96ed-d9d4757eec4a/name'
12:46:12.921 [Forwarding getElementTagName on session 0aeb53d39835cc334f177e051e5a899b to remote] DEBUG org.asynchttpclient.netty.request.NettyRequestSender - Using open Channel [id: 0x5f4711da, L:/127.0.0.1:52144 - R:localhost/127.0.0.1:59518] for GET '/session/0aeb53d39835cc334f177e051e5a899b/element/9d489bf4-2dd6-4884-96ed-d9d4757eec4a/name'
12:46:12.925 [AsyncHttpClient-1-20] DEBUG org.asynchttpclient.netty.handler.HttpHandler - 

Request DefaultFullHttpRequest(decodeResult: success, version: HTTP/1.1, content: EmptyByteBufBE)
GET /session/0aeb53d39835cc334f177e051e5a899b/element/9d489bf4-2dd6-4884-96ed-d9d4757eec4a/name HTTP/1.1
User-Agent: selenium/4.1.2 (java windows)
Cache-Control: no-cache
Content-Type: application/json; charset=utf-8
host: localhost:59518
accept: */*

Response DefaultHttpResponse(decodeResult: success, version: HTTP/1.1)
HTTP/1.1 200 OK
Content-Type: application/json; charset=utf-8
cache-control: no-cache
content-length: 13

12:46:12.925 [AsyncHttpClient-1-20] DEBUG org.asynchttpclient.netty.channel.ChannelManager - Adding key: http://localhost:59518 for channel [id: 0x5f4711da, L:/127.0.0.1:52144 - R:localhost/127.0.0.1:59518]
12:46:12.926 [Forwarding findElement on session 0aeb53d39835cc334f177e051e5a899b to remote] DEBUG org.asynchttpclient.netty.request.NettyRequestSender - Using pooled Channel '[id: 0x5f4711da, L:/127.0.0.1:52144 - R:localhost/127.0.0.1:59518]' for 'POST' to 'http://localhost:59518/session/0aeb53d39835cc334f177e051e5a899b/element'
12:46:12.926 [Forwarding findElement on session 0aeb53d39835cc334f177e051e5a899b to remote] DEBUG org.asynchttpclient.netty.request.NettyRequestSender - Using open Channel [id: 0x5f4711da, L:/127.0.0.1:52144 - R:localhost/127.0.0.1:59518] for POST '/session/0aeb53d39835cc334f177e051e5a899b/element'
12:46:12.931 [AsyncHttpClient-1-20] DEBUG org.asynchttpclient.netty.handler.HttpHandler - 

Request DefaultHttpRequest(decodeResult: success, version: HTTP/1.1)
POST /session/0aeb53d39835cc334f177e051e5a899b/element HTTP/1.1
User-Agent: selenium/4.1.2 (java windows)
Content-Length: 95
Content-Type: application/json; charset=utf-8
host: localhost:59518
accept: */*

Response DefaultHttpResponse(decodeResult: success, version: HTTP/1.1)
HTTP/1.1 200 OK
Content-Type: application/json; charset=utf-8
cache-control: no-cache
content-length: 88

12:46:12.931 [AsyncHttpClient-1-20] DEBUG org.asynchttpclient.netty.channel.ChannelManager - Adding key: http://localhost:59518 for channel [id: 0x5f4711da, L:/127.0.0.1:52144 - R:localhost/127.0.0.1:59518]
12:46:12.932 [Forwarding clickElement on session 0aeb53d39835cc334f177e051e5a899b to remote] DEBUG org.asynchttpclient.netty.request.NettyRequestSender - Using pooled Channel '[id: 0x5f4711da, L:/127.0.0.1:52144 - R:localhost/127.0.0.1:59518]' for 'POST' to 'http://localhost:59518/session/0aeb53d39835cc334f177e051e5a899b/element/9d489bf4-2dd6-4884-96ed-d9d4757eec4a/click'
12:46:12.932 [Forwarding clickElement on session 0aeb53d39835cc334f177e051e5a899b to remote] DEBUG org.asynchttpclient.netty.request.NettyRequestSender - Using open Channel [id: 0x5f4711da, L:/127.0.0.1:52144 - R:localhost/127.0.0.1:59518] for POST '/session/0aeb53d39835cc334f177e051e5a899b/element/9d489bf4-2dd6-4884-96ed-d9d4757eec4a/click'
12:46:12.959 [AsyncHttpClient-1-20] DEBUG org.asynchttpclient.netty.handler.HttpHandler - 

Request DefaultHttpRequest(decodeResult: success, version: HTTP/1.1)
POST /session/0aeb53d39835cc334f177e051e5a899b/element/9d489bf4-2dd6-4884-96ed-d9d4757eec4a/click HTTP/1.1
User-Agent: selenium/4.1.2 (java windows)
Content-Length: 50
Content-Type: application/json; charset=utf-8
host: localhost:59518
accept: */*

Response DefaultHttpResponse(decodeResult: success, version: HTTP/1.1)
HTTP/1.1 200 OK
Content-Type: application/json; charset=utf-8
cache-control: no-cache
content-length: 14

12:46:12.959 [AsyncHttpClient-1-20] DEBUG org.asynchttpclient.netty.channel.ChannelManager - Adding key: http://localhost:59518 for channel [id: 0x5f4711da, L:/127.0.0.1:52144 - R:localhost/127.0.0.1:59518]
  &amp#27;[32mAnd &amp#27;[0m&amp#27;[32mI click register text&amp#27;[0m            &amp#27;[90m# starter.stepdefinition.Registerstep.iClickRegisterText()&amp#27;[0m
12:46:12.967 [Forwarding screenshot on session 0aeb53d39835cc334f177e051e5a899b to remote] DEBUG org.asynchttpclient.netty.request.NettyRequestSender - Using pooled Channel '[id: 0x5f4711da, L:/127.0.0.1:52144 - R:localhost/127.0.0.1:59518]' for 'GET' to 'http://localhost:59518/session/0aeb53d39835cc334f177e051e5a899b/screenshot'
12:46:12.967 [Forwarding screenshot on session 0aeb53d39835cc334f177e051e5a899b to remote] DEBUG org.asynchttpclient.netty.request.NettyRequestSender - Using open Channel [id: 0x5f4711da, L:/127.0.0.1:52144 - R:localhost/127.0.0.1:59518] for GET '/session/0aeb53d39835cc334f177e051e5a899b/screenshot'
12:46:13.164 [AsyncHttpClient-1-20] DEBUG org.asynchttpclient.netty.handler.HttpHandler - 

Request DefaultFullHttpRequest(decodeResult: success, version: HTTP/1.1, content: EmptyByteBufBE)
GET /session/0aeb53d39835cc334f177e051e5a899b/screenshot HTTP/1.1
User-Agent: selenium/4.1.2 (java windows)
Cache-Control: no-cache
Content-Type: application/json; charset=utf-8
host: localhost:59518
accept: */*

Response DefaultHttpResponse(decodeResult: success, version: HTTP/1.1)
HTTP/1.1 200 OK
Content-Type: application/json; charset=utf-8
cache-control: no-cache
content-length: 38956

12:46:13.164 [AsyncHttpClient-1-20] DEBUG org.asynchttpclient.netty.channel.ChannelManager - Adding key: http://localhost:59518 for channel [id: 0x5f4711da, L:/127.0.0.1:52144 - R:localhost/127.0.0.1:59518]
12:46:13.166 [main] DEBUG net.serenitybdd.core.photography.Darkroom - Send negative for processing for target\site\serenity\15472f5b94fd5c012548f53aac9c4b115b8049923d9a9d61f67b7167694ef3ed.png
12:46:13.166 [Darkroom Processing Line] DEBUG net.serenitybdd.core.photography.DarkroomProcessingLine - Processing screenshot image in /var/screenshots/screenshot-6304647140344840754
12:46:13.166 [Darkroom Processing Line] DEBUG net.serenitybdd.core.photography.DarkroomProcessingLine - Saving screenshot to target\site\serenity\15472f5b94fd5c012548f53aac9c4b115b8049923d9a9d61f67b7167694ef3ed.png
12:46:13.172 [Forwarding findElement on session 0aeb53d39835cc334f177e051e5a899b to remote] DEBUG org.asynchttpclient.netty.request.NettyRequestSender - Using pooled Channel '[id: 0x5f4711da, L:/127.0.0.1:52144 - R:localhost/127.0.0.1:59518]' for 'POST' to 'http://localhost:59518/session/0aeb53d39835cc334f177e051e5a899b/element'
12:46:13.172 [Forwarding findElement on session 0aeb53d39835cc334f177e051e5a899b to remote] DEBUG org.asynchttpclient.netty.request.NettyRequestSender - Using open Channel [id: 0x5f4711da, L:/127.0.0.1:52144 - R:localhost/127.0.0.1:59518] for POST '/session/0aeb53d39835cc334f177e051e5a899b/element'
12:46:13.182 [AsyncHttpClient-1-20] DEBUG org.asynchttpclient.netty.handler.HttpHandler - 

Request DefaultHttpRequest(decodeResult: success, version: HTTP/1.1)
POST /session/0aeb53d39835cc334f177e051e5a899b/element HTTP/1.1
User-Agent: selenium/4.1.2 (java windows)
Content-Length: 95
Content-Type: application/json; charset=utf-8
host: localhost:59518
accept: */*

Response DefaultHttpResponse(decodeResult: success, version: HTTP/1.1)
HTTP/1.1 200 OK
Content-Type: application/json; charset=utf-8
cache-control: no-cache
content-length: 88

12:46:13.182 [AsyncHttpClient-1-20] DEBUG org.asynchttpclient.netty.channel.ChannelManager - Adding key: http://localhost:59518 for channel [id: 0x5f4711da, L:/127.0.0.1:52144 - R:localhost/127.0.0.1:59518]
12:46:13.183 [Forwarding clearElement on session 0aeb53d39835cc334f177e051e5a899b to remote] DEBUG org.asynchttpclient.netty.request.NettyRequestSender - Using pooled Channel '[id: 0x5f4711da, L:/127.0.0.1:52144 - R:localhost/127.0.0.1:59518]' for 'POST' to 'http://localhost:59518/session/0aeb53d39835cc334f177e051e5a899b/element/20e34c93-47ee-4c55-886f-357582e254a4/clear'
12:46:13.183 [Forwarding clearElement on session 0aeb53d39835cc334f177e051e5a899b to remote] DEBUG org.asynchttpclient.netty.request.NettyRequestSender - Using open Channel [id: 0x5f4711da, L:/127.0.0.1:52144 - R:localhost/127.0.0.1:59518] for POST '/session/0aeb53d39835cc334f177e051e5a899b/element/20e34c93-47ee-4c55-886f-357582e254a4/clear'
12:46:13.213 [AsyncHttpClient-1-20] DEBUG org.asynchttpclient.netty.handler.HttpHandler - 

Request DefaultHttpRequest(decodeResult: success, version: HTTP/1.1)
POST /session/0aeb53d39835cc334f177e051e5a899b/element/20e34c93-47ee-4c55-886f-357582e254a4/clear HTTP/1.1
User-Agent: selenium/4.1.2 (java windows)
Content-Length: 50
Content-Type: application/json; charset=utf-8
host: localhost:59518
accept: */*

Response DefaultHttpResponse(decodeResult: success, version: HTTP/1.1)
HTTP/1.1 200 OK
Content-Type: application/json; charset=utf-8
cache-control: no-cache
content-length: 14

12:46:13.213 [AsyncHttpClient-1-20] DEBUG org.asynchttpclient.netty.channel.ChannelManager - Adding key: http://localhost:59518 for channel [id: 0x5f4711da, L:/127.0.0.1:52144 - R:localhost/127.0.0.1:59518]
12:46:13.215 [Forwarding sendKeysToElement on session 0aeb53d39835cc334f177e051e5a899b to remote] DEBUG org.asynchttpclient.netty.request.NettyRequestSender - Using pooled Channel '[id: 0x5f4711da, L:/127.0.0.1:52144 - R:localhost/127.0.0.1:59518]' for 'POST' to 'http://localhost:59518/session/0aeb53d39835cc334f177e051e5a899b/element/20e34c93-47ee-4c55-886f-357582e254a4/value'
12:46:13.215 [Forwarding sendKeysToElement on session 0aeb53d39835cc334f177e051e5a899b to remote] DEBUG org.asynchttpclient.netty.request.NettyRequestSender - Using open Channel [id: 0x5f4711da, L:/127.0.0.1:52144 - R:localhost/127.0.0.1:59518] for POST '/session/0aeb53d39835cc334f177e051e5a899b/element/20e34c93-47ee-4c55-886f-357582e254a4/value'
12:46:13.248 [AsyncHttpClient-1-20] DEBUG org.asynchttpclient.netty.handler.HttpHandler - 

Request DefaultHttpRequest(decodeResult: success, version: HTTP/1.1)
POST /session/0aeb53d39835cc334f177e051e5a899b/element/20e34c93-47ee-4c55-886f-357582e254a4/value HTTP/1.1
User-Agent: selenium/4.1.2 (java windows)
Content-Length: 82
Content-Type: application/json; charset=utf-8
host: localhost:59518
accept: */*

Response DefaultHttpResponse(decodeResult: success, version: HTTP/1.1)
HTTP/1.1 200 OK
Content-Type: application/json; charset=utf-8
cache-control: no-cache
content-length: 14

12:46:13.248 [AsyncHttpClient-1-20] DEBUG org.asynchttpclient.netty.channel.ChannelManager - Adding key: http://localhost:59518 for channel [id: 0x5f4711da, L:/127.0.0.1:52144 - R:localhost/127.0.0.1:59518]
12:46:13.249 [AsyncHttpClient-1-1] DEBUG org.asynchttpclient.netty.channel.DefaultChannelPool - Entry count for : http://localhost:59518 : 1
12:46:13.249 [AsyncHttpClient-1-1] DEBUG org.asynchttpclient.netty.channel.DefaultChannelPool - Entry count for : http://localhost:52145 : 1
  &amp#27;[32mWhen &amp#27;[0m&amp#27;[32mI input &amp#27;[0m&amp#27;[32m&amp#27;[1m""&amp#27;[0m&amp#27;[32m name&amp#27;[0m                 &amp#27;[90m# starter.stepdefinition.Registerstep.iInputName(java.lang.String)&amp#27;[0m
12:46:13.258 [Forwarding screenshot on session 0aeb53d39835cc334f177e051e5a899b to remote] DEBUG org.asynchttpclient.netty.request.NettyRequestSender - Using pooled Channel '[id: 0x5f4711da, L:/127.0.0.1:52144 - R:localhost/127.0.0.1:59518]' for 'GET' to 'http://localhost:59518/session/0aeb53d39835cc334f177e051e5a899b/screenshot'
12:46:13.258 [Forwarding screenshot on session 0aeb53d39835cc334f177e051e5a899b to remote] DEBUG org.asynchttpclient.netty.request.NettyRequestSender - Using open Channel [id: 0x5f4711da, L:/127.0.0.1:52144 - R:localhost/127.0.0.1:59518] for GET '/session/0aeb53d39835cc334f177e051e5a899b/screenshot'
12:46:13.435 [AsyncHttpClient-1-20] DEBUG org.asynchttpclient.netty.handler.HttpHandler - 

Request DefaultFullHttpRequest(decodeResult: success, version: HTTP/1.1, content: EmptyByteBufBE)
GET /session/0aeb53d39835cc334f177e051e5a899b/screenshot HTTP/1.1
User-Agent: selenium/4.1.2 (java windows)
Cache-Control: no-cache
Content-Type: application/json; charset=utf-8
host: localhost:59518
accept: */*

Response DefaultHttpResponse(decodeResult: success, version: HTTP/1.1)
HTTP/1.1 200 OK
Content-Type: application/json; charset=utf-8
cache-control: no-cache
content-length: 38184

12:46:13.435 [AsyncHttpClient-1-20] DEBUG org.asynchttpclient.netty.channel.ChannelManager - Adding key: http://localhost:59518 for channel [id: 0x5f4711da, L:/127.0.0.1:52144 - R:localhost/127.0.0.1:59518]
12:46:13.436 [main] DEBUG net.serenitybdd.core.photography.Darkroom - Send negative for processing for target\site\serenity\53c7bd5882a131d695be4a966c1227bc5dbb82cd4bf0ee55bac4cb622a1c9d31.png
12:46:13.437 [Darkroom Processing Line] DEBUG net.serenitybdd.core.photography.DarkroomProcessingLine - Processing screenshot image in /var/screenshots/screenshot-9093983661504230137
12:46:13.437 [Darkroom Processing Line] DEBUG net.serenitybdd.core.photography.DarkroomProcessingLine - Saving screenshot to target\site\serenity\53c7bd5882a131d695be4a966c1227bc5dbb82cd4bf0ee55bac4cb622a1c9d31.png
12:46:13.443 [Forwarding findElement on session 0aeb53d39835cc334f177e051e5a899b to remote] DEBUG org.asynchttpclient.netty.request.NettyRequestSender - Using pooled Channel '[id: 0x5f4711da, L:/127.0.0.1:52144 - R:localhost/127.0.0.1:59518]' for 'POST' to 'http://localhost:59518/session/0aeb53d39835cc334f177e051e5a899b/element'
12:46:13.443 [Forwarding findElement on session 0aeb53d39835cc334f177e051e5a899b to remote] DEBUG org.asynchttpclient.netty.request.NettyRequestSender - Using open Channel [id: 0x5f4711da, L:/127.0.0.1:52144 - R:localhost/127.0.0.1:59518] for POST '/session/0aeb53d39835cc334f177e051e5a899b/element'
12:46:13.452 [AsyncHttpClient-1-20] DEBUG org.asynchttpclient.netty.handler.HttpHandler - 

Request DefaultHttpRequest(decodeResult: success, version: HTTP/1.1)
POST /session/0aeb53d39835cc334f177e051e5a899b/element HTTP/1.1
User-Agent: selenium/4.1.2 (java windows)
Content-Length: 88
Content-Type: application/json; charset=utf-8
host: localhost:59518
accept: */*

Response DefaultHttpResponse(decodeResult: success, version: HTTP/1.1)
HTTP/1.1 200 OK
Content-Type: application/json; charset=utf-8
cache-control: no-cache
content-length: 88

12:46:13.452 [AsyncHttpClient-1-20] DEBUG org.asynchttpclient.netty.channel.ChannelManager - Adding key: http://localhost:59518 for channel [id: 0x5f4711da, L:/127.0.0.1:52144 - R:localhost/127.0.0.1:59518]
12:46:13.453 [Forwarding clearElement on session 0aeb53d39835cc334f177e051e5a899b to remote] DEBUG org.asynchttpclient.netty.request.NettyRequestSender - Using pooled Channel '[id: 0x5f4711da, L:/127.0.0.1:52144 - R:localhost/127.0.0.1:59518]' for 'POST' to 'http://localhost:59518/session/0aeb53d39835cc334f177e051e5a899b/element/517077e5-1224-455b-a5f6-f8297b37fe44/clear'
12:46:13.453 [Forwarding clearElement on session 0aeb53d39835cc334f177e051e5a899b to remote] DEBUG org.asynchttpclient.netty.request.NettyRequestSender - Using open Channel [id: 0x5f4711da, L:/127.0.0.1:52144 - R:localhost/127.0.0.1:59518] for POST '/session/0aeb53d39835cc334f177e051e5a899b/element/517077e5-1224-455b-a5f6-f8297b37fe44/clear'
12:46:13.482 [AsyncHttpClient-1-20] DEBUG org.asynchttpclient.netty.handler.HttpHandler - 

Request DefaultHttpRequest(decodeResult: success, version: HTTP/1.1)
POST /session/0aeb53d39835cc334f177e051e5a899b/element/517077e5-1224-455b-a5f6-f8297b37fe44/clear HTTP/1.1
User-Agent: selenium/4.1.2 (java windows)
Content-Length: 50
Content-Type: application/json; charset=utf-8
host: localhost:59518
accept: */*

Response DefaultHttpResponse(decodeResult: success, version: HTTP/1.1)
HTTP/1.1 200 OK
Content-Type: application/json; charset=utf-8
cache-control: no-cache
content-length: 14

12:46:13.482 [AsyncHttpClient-1-20] DEBUG org.asynchttpclient.netty.channel.ChannelManager - Adding key: http://localhost:59518 for channel [id: 0x5f4711da, L:/127.0.0.1:52144 - R:localhost/127.0.0.1:59518]
12:46:13.483 [Forwarding sendKeysToElement on session 0aeb53d39835cc334f177e051e5a899b to remote] DEBUG org.asynchttpclient.netty.request.NettyRequestSender - Using pooled Channel '[id: 0x5f4711da, L:/127.0.0.1:52144 - R:localhost/127.0.0.1:59518]' for 'POST' to 'http://localhost:59518/session/0aeb53d39835cc334f177e051e5a899b/element/517077e5-1224-455b-a5f6-f8297b37fe44/value'
12:46:13.483 [Forwarding sendKeysToElement on session 0aeb53d39835cc334f177e051e5a899b to remote] DEBUG org.asynchttpclient.netty.request.NettyRequestSender - Using open Channel [id: 0x5f4711da, L:/127.0.0.1:52144 - R:localhost/127.0.0.1:59518] for POST '/session/0aeb53d39835cc334f177e051e5a899b/element/517077e5-1224-455b-a5f6-f8297b37fe44/value'
12:46:13.515 [AsyncHttpClient-1-20] DEBUG org.asynchttpclient.netty.handler.HttpHandler - 

Request DefaultHttpRequest(decodeResult: success, version: HTTP/1.1)
POST /session/0aeb53d39835cc334f177e051e5a899b/element/517077e5-1224-455b-a5f6-f8297b37fe44/value HTTP/1.1
User-Agent: selenium/4.1.2 (java windows)
Content-Length: 82
Content-Type: application/json; charset=utf-8
host: localhost:59518
accept: */*

Response DefaultHttpResponse(decodeResult: success, version: HTTP/1.1)
HTTP/1.1 200 OK
Content-Type: application/json; charset=utf-8
cache-control: no-cache
content-length: 14

12:46:13.515 [AsyncHttpClient-1-20] DEBUG org.asynchttpclient.netty.channel.ChannelManager - Adding key: http://localhost:59518 for channel [id: 0x5f4711da, L:/127.0.0.1:52144 - R:localhost/127.0.0.1:59518]
  &amp#27;[32mAnd &amp#27;[0m&amp#27;[32mI input new &amp#27;[0m&amp#27;[32m&amp#27;[1m""&amp#27;[0m&amp#27;[32m email&amp#27;[0m             &amp#27;[90m# starter.stepdefinition.Registerstep.iInputNewEmail(java.lang.String)&amp#27;[0m
12:46:13.519 [Forwarding screenshot on session 0aeb53d39835cc334f177e051e5a899b to remote] DEBUG org.asynchttpclient.netty.request.NettyRequestSender - Using pooled Channel '[id: 0x5f4711da, L:/127.0.0.1:52144 - R:localhost/127.0.0.1:59518]' for 'GET' to 'http://localhost:59518/session/0aeb53d39835cc334f177e051e5a899b/screenshot'
12:46:13.519 [Forwarding screenshot on session 0aeb53d39835cc334f177e051e5a899b to remote] DEBUG org.asynchttpclient.netty.request.NettyRequestSender - Using open Channel [id: 0x5f4711da, L:/127.0.0.1:52144 - R:localhost/127.0.0.1:59518] for GET '/session/0aeb53d39835cc334f177e051e5a899b/screenshot'
12:46:13.683 [AsyncHttpClient-1-20] DEBUG org.asynchttpclient.netty.handler.HttpHandler - 

Request DefaultFullHttpRequest(decodeResult: success, version: HTTP/1.1, content: EmptyByteBufBE)
GET /session/0aeb53d39835cc334f177e051e5a899b/screenshot HTTP/1.1
User-Agent: selenium/4.1.2 (java windows)
Cache-Control: no-cache
Content-Type: application/json; charset=utf-8
host: localhost:59518
accept: */*

Response DefaultHttpResponse(decodeResult: success, version: HTTP/1.1)
HTTP/1.1 200 OK
Content-Type: application/json; charset=utf-8
cache-control: no-cache
content-length: 39072

12:46:13.683 [AsyncHttpClient-1-20] DEBUG org.asynchttpclient.netty.channel.ChannelManager - Adding key: http://localhost:59518 for channel [id: 0x5f4711da, L:/127.0.0.1:52144 - R:localhost/127.0.0.1:59518]
12:46:13.684 [main] DEBUG net.serenitybdd.core.photography.Darkroom - Send negative for processing for target\site\serenity\9a40ac7921c2fb3afac37ee065a65251a341f05996ace8ca6173e8ab3d3610c6.png
12:46:13.684 [Darkroom Processing Line] DEBUG net.serenitybdd.core.photography.DarkroomProcessingLine - Processing screenshot image in /var/screenshots/screenshot-9853588820770264259
12:46:13.685 [Darkroom Processing Line] DEBUG net.serenitybdd.core.photography.DarkroomProcessingLine - Saving screenshot to target\site\serenity\9a40ac7921c2fb3afac37ee065a65251a341f05996ace8ca6173e8ab3d3610c6.png
12:46:13.690 [Forwarding findElement on session 0aeb53d39835cc334f177e051e5a899b to remote] DEBUG org.asynchttpclient.netty.request.NettyRequestSender - Using pooled Channel '[id: 0x5f4711da, L:/127.0.0.1:52144 - R:localhost/127.0.0.1:59518]' for 'POST' to 'http://localhost:59518/session/0aeb53d39835cc334f177e051e5a899b/element'
12:46:13.690 [Forwarding findElement on session 0aeb53d39835cc334f177e051e5a899b to remote] DEBUG org.asynchttpclient.netty.request.NettyRequestSender - Using open Channel [id: 0x5f4711da, L:/127.0.0.1:52144 - R:localhost/127.0.0.1:59518] for POST '/session/0aeb53d39835cc334f177e051e5a899b/element'
12:46:13.700 [AsyncHttpClient-1-20] DEBUG org.asynchttpclient.netty.handler.HttpHandler - 

Request DefaultHttpRequest(decodeResult: success, version: HTTP/1.1)
POST /session/0aeb53d39835cc334f177e051e5a899b/element HTTP/1.1
User-Agent: selenium/4.1.2 (java windows)
Content-Length: 91
Content-Type: application/json; charset=utf-8
host: localhost:59518
accept: */*

Response DefaultHttpResponse(decodeResult: success, version: HTTP/1.1)
HTTP/1.1 200 OK
Content-Type: application/json; charset=utf-8
cache-control: no-cache
content-length: 88

12:46:13.700 [AsyncHttpClient-1-20] DEBUG org.asynchttpclient.netty.channel.ChannelManager - Adding key: http://localhost:59518 for channel [id: 0x5f4711da, L:/127.0.0.1:52144 - R:localhost/127.0.0.1:59518]
12:46:13.700 [Forwarding clearElement on session 0aeb53d39835cc334f177e051e5a899b to remote] DEBUG org.asynchttpclient.netty.request.NettyRequestSender - Using pooled Channel '[id: 0x5f4711da, L:/127.0.0.1:52144 - R:localhost/127.0.0.1:59518]' for 'POST' to 'http://localhost:59518/session/0aeb53d39835cc334f177e051e5a899b/element/74ff9f94-8482-4393-afc3-775248a0a689/clear'
12:46:13.701 [Forwarding clearElement on session 0aeb53d39835cc334f177e051e5a899b to remote] DEBUG org.asynchttpclient.netty.request.NettyRequestSender - Using open Channel [id: 0x5f4711da, L:/127.0.0.1:52144 - R:localhost/127.0.0.1:59518] for POST '/session/0aeb53d39835cc334f177e051e5a899b/element/74ff9f94-8482-4393-afc3-775248a0a689/clear'
12:46:13.727 [AsyncHttpClient-1-20] DEBUG org.asynchttpclient.netty.handler.HttpHandler - 

Request DefaultHttpRequest(decodeResult: success, version: HTTP/1.1)
POST /session/0aeb53d39835cc334f177e051e5a899b/element/74ff9f94-8482-4393-afc3-775248a0a689/clear HTTP/1.1
User-Agent: selenium/4.1.2 (java windows)
Content-Length: 50
Content-Type: application/json; charset=utf-8
host: localhost:59518
accept: */*

Response DefaultHttpResponse(decodeResult: success, version: HTTP/1.1)
HTTP/1.1 200 OK
Content-Type: application/json; charset=utf-8
cache-control: no-cache
content-length: 14

12:46:13.727 [AsyncHttpClient-1-20] DEBUG org.asynchttpclient.netty.channel.ChannelManager - Adding key: http://localhost:59518 for channel [id: 0x5f4711da, L:/127.0.0.1:52144 - R:localhost/127.0.0.1:59518]
12:46:13.728 [Forwarding sendKeysToElement on session 0aeb53d39835cc334f177e051e5a899b to remote] DEBUG org.asynchttpclient.netty.request.NettyRequestSender - Using pooled Channel '[id: 0x5f4711da, L:/127.0.0.1:52144 - R:localhost/127.0.0.1:59518]' for 'POST' to 'http://localhost:59518/session/0aeb53d39835cc334f177e051e5a899b/element/74ff9f94-8482-4393-afc3-775248a0a689/value'
12:46:13.728 [Forwarding sendKeysToElement on session 0aeb53d39835cc334f177e051e5a899b to remote] DEBUG org.asynchttpclient.netty.request.NettyRequestSender - Using open Channel [id: 0x5f4711da, L:/127.0.0.1:52144 - R:localhost/127.0.0.1:59518] for POST '/session/0aeb53d39835cc334f177e051e5a899b/element/74ff9f94-8482-4393-afc3-775248a0a689/value'
12:46:13.788 [AsyncHttpClient-1-20] DEBUG org.asynchttpclient.netty.handler.HttpHandler - 

Request DefaultHttpRequest(decodeResult: success, version: HTTP/1.1)
POST /session/0aeb53d39835cc334f177e051e5a899b/element/74ff9f94-8482-4393-afc3-775248a0a689/value HTTP/1.1
User-Agent: selenium/4.1.2 (java windows)
Content-Length: 151
Content-Type: application/json; charset=utf-8
host: localhost:59518
accept: */*

Response DefaultHttpResponse(decodeResult: success, version: HTTP/1.1)
HTTP/1.1 200 OK
Content-Type: application/json; charset=utf-8
cache-control: no-cache
content-length: 14

12:46:13.788 [AsyncHttpClient-1-20] DEBUG org.asynchttpclient.netty.channel.ChannelManager - Adding key: http://localhost:59518 for channel [id: 0x5f4711da, L:/127.0.0.1:52144 - R:localhost/127.0.0.1:59518]
  &amp#27;[32mAnd &amp#27;[0m&amp#27;[32mI input new &amp#27;[0m&amp#27;[32m&amp#27;[1m"novtami"&amp#27;[0m&amp#27;[32m password&amp#27;[0m   &amp#27;[90m# starter.stepdefinition.Registerstep.iInputNewPassword(java.lang.String)&amp#27;[0m
12:46:13.792 [Forwarding screenshot on session 0aeb53d39835cc334f177e051e5a899b to remote] DEBUG org.asynchttpclient.netty.request.NettyRequestSender - Using pooled Channel '[id: 0x5f4711da, L:/127.0.0.1:52144 - R:localhost/127.0.0.1:59518]' for 'GET' to 'http://localhost:59518/session/0aeb53d39835cc334f177e051e5a899b/screenshot'
12:46:13.793 [Forwarding screenshot on session 0aeb53d39835cc334f177e051e5a899b to remote] DEBUG org.asynchttpclient.netty.request.NettyRequestSender - Using open Channel [id: 0x5f4711da, L:/127.0.0.1:52144 - R:localhost/127.0.0.1:59518] for GET '/session/0aeb53d39835cc334f177e051e5a899b/screenshot'
12:46:13.978 [AsyncHttpClient-1-20] DEBUG org.asynchttpclient.netty.handler.HttpHandler - 

Request DefaultFullHttpRequest(decodeResult: success, version: HTTP/1.1, content: EmptyByteBufBE)
GET /session/0aeb53d39835cc334f177e051e5a899b/screenshot HTTP/1.1
User-Agent: selenium/4.1.2 (java windows)
Cache-Control: no-cache
Content-Type: application/json; charset=utf-8
host: localhost:59518
accept: */*

Response DefaultHttpResponse(decodeResult: success, version: HTTP/1.1)
HTTP/1.1 200 OK
Content-Type: application/json; charset=utf-8
cache-control: no-cache
content-length: 39856

12:46:13.981 [AsyncHttpClient-1-20] DEBUG org.asynchttpclient.netty.channel.ChannelManager - Adding key: http://localhost:59518 for channel [id: 0x5f4711da, L:/127.0.0.1:52144 - R:localhost/127.0.0.1:59518]
12:46:13.983 [main] DEBUG net.serenitybdd.core.photography.Darkroom - Send negative for processing for target\site\serenity\263737151899a284481a8331892fd60752b6229dc5218bf0f3c032fa41daa05f.png
12:46:13.983 [Darkroom Processing Line] DEBUG net.serenitybdd.core.photography.DarkroomProcessingLine - Processing screenshot image in /var/screenshots/screenshot-14451713473430094156
12:46:13.983 [Darkroom Processing Line] DEBUG net.serenitybdd.core.photography.DarkroomProcessingLine - Saving screenshot to target\site\serenity\263737151899a284481a8331892fd60752b6229dc5218bf0f3c032fa41daa05f.png
12:46:13.988 [Forwarding findElement on session 0aeb53d39835cc334f177e051e5a899b to remote] DEBUG org.asynchttpclient.netty.request.NettyRequestSender - Using pooled Channel '[id: 0x5f4711da, L:/127.0.0.1:52144 - R:localhost/127.0.0.1:59518]' for 'POST' to 'http://localhost:59518/session/0aeb53d39835cc334f177e051e5a899b/element'
12:46:13.988 [Forwarding findElement on session 0aeb53d39835cc334f177e051e5a899b to remote] DEBUG org.asynchttpclient.netty.request.NettyRequestSender - Using open Channel [id: 0x5f4711da, L:/127.0.0.1:52144 - R:localhost/127.0.0.1:59518] for POST '/session/0aeb53d39835cc334f177e051e5a899b/element'
12:46:13.997 [AsyncHttpClient-1-20] DEBUG org.asynchttpclient.netty.handler.HttpHandler - 

Request DefaultHttpRequest(decodeResult: success, version: HTTP/1.1)
POST /session/0aeb53d39835cc334f177e051e5a899b/element HTTP/1.1
User-Agent: selenium/4.1.2 (java windows)
Content-Length: 123
Content-Type: application/json; charset=utf-8
host: localhost:59518
accept: */*

Response DefaultHttpResponse(decodeResult: success, version: HTTP/1.1)
HTTP/1.1 200 OK
Content-Type: application/json; charset=utf-8
cache-control: no-cache
content-length: 88

12:46:13.997 [AsyncHttpClient-1-20] DEBUG org.asynchttpclient.netty.channel.ChannelManager - Adding key: http://localhost:59518 for channel [id: 0x5f4711da, L:/127.0.0.1:52144 - R:localhost/127.0.0.1:59518]
12:46:13.998 [Forwarding getElementTagName on session 0aeb53d39835cc334f177e051e5a899b to remote] DEBUG org.asynchttpclient.netty.request.NettyRequestSender - Using pooled Channel '[id: 0x5f4711da, L:/127.0.0.1:52144 - R:localhost/127.0.0.1:59518]' for 'GET' to 'http://localhost:59518/session/0aeb53d39835cc334f177e051e5a899b/element/cb333f8b-ff8f-44de-a3f8-e1636dadcc12/name'
12:46:13.998 [Forwarding getElementTagName on session 0aeb53d39835cc334f177e051e5a899b to remote] DEBUG org.asynchttpclient.netty.request.NettyRequestSender - Using open Channel [id: 0x5f4711da, L:/127.0.0.1:52144 - R:localhost/127.0.0.1:59518] for GET '/session/0aeb53d39835cc334f177e051e5a899b/element/cb333f8b-ff8f-44de-a3f8-e1636dadcc12/name'
12:46:14.004 [AsyncHttpClient-1-20] DEBUG org.asynchttpclient.netty.handler.HttpHandler - 

Request DefaultFullHttpRequest(decodeResult: success, version: HTTP/1.1, content: EmptyByteBufBE)
GET /session/0aeb53d39835cc334f177e051e5a899b/element/cb333f8b-ff8f-44de-a3f8-e1636dadcc12/name HTTP/1.1
User-Agent: selenium/4.1.2 (java windows)
Cache-Control: no-cache
Content-Type: application/json; charset=utf-8
host: localhost:59518
accept: */*

Response DefaultHttpResponse(decodeResult: success, version: HTTP/1.1)
HTTP/1.1 200 OK
Content-Type: application/json; charset=utf-8
cache-control: no-cache
content-length: 16

12:46:14.004 [AsyncHttpClient-1-20] DEBUG org.asynchttpclient.netty.channel.ChannelManager - Adding key: http://localhost:59518 for channel [id: 0x5f4711da, L:/127.0.0.1:52144 - R:localhost/127.0.0.1:59518]
12:46:14.005 [Forwarding getElementTagName on session 0aeb53d39835cc334f177e051e5a899b to remote] DEBUG org.asynchttpclient.netty.request.NettyRequestSender - Using pooled Channel '[id: 0x5f4711da, L:/127.0.0.1:52144 - R:localhost/127.0.0.1:59518]' for 'GET' to 'http://localhost:59518/session/0aeb53d39835cc334f177e051e5a899b/element/cb333f8b-ff8f-44de-a3f8-e1636dadcc12/name'
12:46:14.005 [Forwarding getElementTagName on session 0aeb53d39835cc334f177e051e5a899b to remote] DEBUG org.asynchttpclient.netty.request.NettyRequestSender - Using open Channel [id: 0x5f4711da, L:/127.0.0.1:52144 - R:localhost/127.0.0.1:59518] for GET '/session/0aeb53d39835cc334f177e051e5a899b/element/cb333f8b-ff8f-44de-a3f8-e1636dadcc12/name'
12:46:14.008 [AsyncHttpClient-1-20] DEBUG org.asynchttpclient.netty.handler.HttpHandler - 

Request DefaultFullHttpRequest(decodeResult: success, version: HTTP/1.1, content: EmptyByteBufBE)
GET /session/0aeb53d39835cc334f177e051e5a899b/element/cb333f8b-ff8f-44de-a3f8-e1636dadcc12/name HTTP/1.1
User-Agent: selenium/4.1.2 (java windows)
Cache-Control: no-cache
Content-Type: application/json; charset=utf-8
host: localhost:59518
accept: */*

Response DefaultHttpResponse(decodeResult: success, version: HTTP/1.1)
HTTP/1.1 200 OK
Content-Type: application/json; charset=utf-8
cache-control: no-cache
content-length: 16

12:46:14.008 [AsyncHttpClient-1-20] DEBUG org.asynchttpclient.netty.channel.ChannelManager - Adding key: http://localhost:59518 for channel [id: 0x5f4711da, L:/127.0.0.1:52144 - R:localhost/127.0.0.1:59518]
12:46:14.009 [Forwarding findElement on session 0aeb53d39835cc334f177e051e5a899b to remote] DEBUG org.asynchttpclient.netty.request.NettyRequestSender - Using pooled Channel '[id: 0x5f4711da, L:/127.0.0.1:52144 - R:localhost/127.0.0.1:59518]' for 'POST' to 'http://localhost:59518/session/0aeb53d39835cc334f177e051e5a899b/element'
12:46:14.009 [Forwarding findElement on session 0aeb53d39835cc334f177e051e5a899b to remote] DEBUG org.asynchttpclient.netty.request.NettyRequestSender - Using open Channel [id: 0x5f4711da, L:/127.0.0.1:52144 - R:localhost/127.0.0.1:59518] for POST '/session/0aeb53d39835cc334f177e051e5a899b/element'
12:46:14.015 [AsyncHttpClient-1-20] DEBUG org.asynchttpclient.netty.handler.HttpHandler - 

Request DefaultHttpRequest(decodeResult: success, version: HTTP/1.1)
POST /session/0aeb53d39835cc334f177e051e5a899b/element HTTP/1.1
User-Agent: selenium/4.1.2 (java windows)
Content-Length: 123
Content-Type: application/json; charset=utf-8
host: localhost:59518
accept: */*

Response DefaultHttpResponse(decodeResult: success, version: HTTP/1.1)
HTTP/1.1 200 OK
Content-Type: application/json; charset=utf-8
cache-control: no-cache
content-length: 88

12:46:14.015 [AsyncHttpClient-1-20] DEBUG org.asynchttpclient.netty.channel.ChannelManager - Adding key: http://localhost:59518 for channel [id: 0x5f4711da, L:/127.0.0.1:52144 - R:localhost/127.0.0.1:59518]
12:46:14.016 [Forwarding clickElement on session 0aeb53d39835cc334f177e051e5a899b to remote] DEBUG org.asynchttpclient.netty.request.NettyRequestSender - Using pooled Channel '[id: 0x5f4711da, L:/127.0.0.1:52144 - R:localhost/127.0.0.1:59518]' for 'POST' to 'http://localhost:59518/session/0aeb53d39835cc334f177e051e5a899b/element/cb333f8b-ff8f-44de-a3f8-e1636dadcc12/click'
12:46:14.016 [Forwarding clickElement on session 0aeb53d39835cc334f177e051e5a899b to remote] DEBUG org.asynchttpclient.netty.request.NettyRequestSender - Using open Channel [id: 0x5f4711da, L:/127.0.0.1:52144 - R:localhost/127.0.0.1:59518] for POST '/session/0aeb53d39835cc334f177e051e5a899b/element/cb333f8b-ff8f-44de-a3f8-e1636dadcc12/click'
12:46:14.054 [AsyncHttpClient-1-20] DEBUG org.asynchttpclient.netty.handler.HttpHandler - 

Request DefaultHttpRequest(decodeResult: success, version: HTTP/1.1)
POST /session/0aeb53d39835cc334f177e051e5a899b/element/cb333f8b-ff8f-44de-a3f8-e1636dadcc12/click HTTP/1.1
User-Agent: selenium/4.1.2 (java windows)
Content-Length: 50
Content-Type: application/json; charset=utf-8
host: localhost:59518
accept: */*

Response DefaultHttpResponse(decodeResult: success, version: HTTP/1.1)
HTTP/1.1 200 OK
Content-Type: application/json; charset=utf-8
cache-control: no-cache
content-length: 14

12:46:14.054 [AsyncHttpClient-1-20] DEBUG org.asynchttpclient.netty.channel.ChannelManager - Adding key: http://localhost:59518 for channel [id: 0x5f4711da, L:/127.0.0.1:52144 - R:localhost/127.0.0.1:59518]
  &amp#27;[32mAnd &amp#27;[0m&amp#27;[32mI click register  button&amp#27;[0m         &amp#27;[90m# starter.stepdefinition.Registerstep.iClickRegisterButton()&amp#27;[0m
12:46:14.058 [Forwarding screenshot on session 0aeb53d39835cc334f177e051e5a899b to remote] DEBUG org.asynchttpclient.netty.request.NettyRequestSender - Using pooled Channel '[id: 0x5f4711da, L:/127.0.0.1:52144 - R:localhost/127.0.0.1:59518]' for 'GET' to 'http://localhost:59518/session/0aeb53d39835cc334f177e051e5a899b/screenshot'
12:46:14.058 [Forwarding screenshot on session 0aeb53d39835cc334f177e051e5a899b to remote] DEBUG org.asynchttpclient.netty.request.NettyRequestSender - Using open Channel [id: 0x5f4711da, L:/127.0.0.1:52144 - R:localhost/127.0.0.1:59518] for GET '/session/0aeb53d39835cc334f177e051e5a899b/screenshot'
12:46:14.227 [AsyncHttpClient-1-20] DEBUG org.asynchttpclient.netty.handler.HttpHandler - 

Request DefaultFullHttpRequest(decodeResult: success, version: HTTP/1.1, content: EmptyByteBufBE)
GET /session/0aeb53d39835cc334f177e051e5a899b/screenshot HTTP/1.1
User-Agent: selenium/4.1.2 (java windows)
Cache-Control: no-cache
Content-Type: application/json; charset=utf-8
host: localhost:59518
accept: */*

Response DefaultHttpResponse(decodeResult: success, version: HTTP/1.1)
HTTP/1.1 200 OK
Content-Type: application/json; charset=utf-8
cache-control: no-cache
content-length: 38588

12:46:14.227 [AsyncHttpClient-1-20] DEBUG org.asynchttpclient.netty.channel.ChannelManager - Adding key: http://localhost:59518 for channel [id: 0x5f4711da, L:/127.0.0.1:52144 - R:localhost/127.0.0.1:59518]
12:46:14.228 [main] DEBUG net.serenitybdd.core.photography.Darkroom - Send negative for processing for target\site\serenity\8d76b4b2642873e0c9b511a9e7f0e1c0b48c0ae7c8689f506a6f5d56798280aa.png
12:46:14.228 [Darkroom Processing Line] DEBUG net.serenitybdd.core.photography.DarkroomProcessingLine - Processing screenshot image in /var/screenshots/screenshot-151799496761063485
12:46:14.228 [Darkroom Processing Line] DEBUG net.serenitybdd.core.photography.DarkroomProcessingLine - Saving screenshot to target\site\serenity\8d76b4b2642873e0c9b511a9e7f0e1c0b48c0ae7c8689f506a6f5d56798280aa.png
12:46:14.234 [Forwarding findElement on session 0aeb53d39835cc334f177e051e5a899b to remote] DEBUG org.asynchttpclient.netty.request.NettyRequestSender - Using pooled Channel '[id: 0x5f4711da, L:/127.0.0.1:52144 - R:localhost/127.0.0.1:59518]' for 'POST' to 'http://localhost:59518/session/0aeb53d39835cc334f177e051e5a899b/element'
12:46:14.234 [Forwarding findElement on session 0aeb53d39835cc334f177e051e5a899b to remote] DEBUG org.asynchttpclient.netty.request.NettyRequestSender - Using open Channel [id: 0x5f4711da, L:/127.0.0.1:52144 - R:localhost/127.0.0.1:59518] for POST '/session/0aeb53d39835cc334f177e051e5a899b/element'
12:46:14.345 [AsyncHttpClient-1-1] DEBUG org.asynchttpclient.netty.channel.DefaultChannelPool - Entry count for : http://localhost:52145 : 1
12:46:14.733 [AsyncHttpClient-1-20] DEBUG org.asynchttpclient.netty.handler.HttpHandler - 

Request DefaultHttpRequest(decodeResult: success, version: HTTP/1.1)
POST /session/0aeb53d39835cc334f177e051e5a899b/element HTTP/1.1
User-Agent: selenium/4.1.2 (java windows)
Content-Length: 81
Content-Type: application/json; charset=utf-8
host: localhost:59518
accept: */*

Response DefaultHttpResponse(decodeResult: success, version: HTTP/1.1)
HTTP/1.1 200 OK
Content-Type: application/json; charset=utf-8
cache-control: no-cache
content-length: 88

12:46:14.733 [AsyncHttpClient-1-20] DEBUG org.asynchttpclient.netty.channel.ChannelManager - Adding key: http://localhost:59518 for channel [id: 0x5f4711da, L:/127.0.0.1:52144 - R:localhost/127.0.0.1:59518]
12:46:14.736 [Forwarding isElementDisplayed on session 0aeb53d39835cc334f177e051e5a899b to remote] DEBUG org.asynchttpclient.netty.request.NettyRequestSender - Using pooled Channel '[id: 0x5f4711da, L:/127.0.0.1:52144 - R:localhost/127.0.0.1:59518]' for 'POST' to 'http://localhost:59518/session/0aeb53d39835cc334f177e051e5a899b/execute/sync'
12:46:14.736 [Forwarding isElementDisplayed on session 0aeb53d39835cc334f177e051e5a899b to remote] DEBUG org.asynchttpclient.netty.request.NettyRequestSender - Using open Channel [id: 0x5f4711da, L:/127.0.0.1:52144 - R:localhost/127.0.0.1:59518] for POST '/session/0aeb53d39835cc334f177e051e5a899b/execute/sync'
12:46:14.748 [AsyncHttpClient-1-20] DEBUG org.asynchttpclient.netty.handler.HttpHandler - 

Request DefaultHttpRequest(decodeResult: success, version: HTTP/1.1)
POST /session/0aeb53d39835cc334f177e051e5a899b/execute/sync HTTP/1.1
User-Agent: selenium/4.1.2 (java windows)
Content-Length: 48780
Content-Type: application/json; charset=utf-8
host: localhost:59518
accept: */*

Response DefaultHttpResponse(decodeResult: success, version: HTTP/1.1)
HTTP/1.1 200 OK
Content-Type: application/json; charset=utf-8
cache-control: no-cache
content-length: 14

12:46:14.748 [AsyncHttpClient-1-20] DEBUG org.asynchttpclient.netty.channel.ChannelManager - Adding key: http://localhost:59518 for channel [id: 0x5f4711da, L:/127.0.0.1:52144 - R:localhost/127.0.0.1:59518]
  &amp#27;[32mThen &amp#27;[0m&amp#27;[32mI will get &amp#27;[0m&amp#27;[32m&amp#27;[1m"error message"&amp#27;[0m      &amp#27;[90m# starter.stepdefinition.Registerstep.iWillGet(java.lang.String)&amp#27;[0m
12:46:14.753 [Forwarding screenshot on session 0aeb53d39835cc334f177e051e5a899b to remote] DEBUG org.asynchttpclient.netty.request.NettyRequestSender - Using pooled Channel '[id: 0x5f4711da, L:/127.0.0.1:52144 - R:localhost/127.0.0.1:59518]' for 'GET' to 'http://localhost:59518/session/0aeb53d39835cc334f177e051e5a899b/screenshot'
12:46:14.753 [Forwarding screenshot on session 0aeb53d39835cc334f177e051e5a899b to remote] DEBUG org.asynchttpclient.netty.request.NettyRequestSender - Using open Channel [id: 0x5f4711da, L:/127.0.0.1:52144 - R:localhost/127.0.0.1:59518] for GET '/session/0aeb53d39835cc334f177e051e5a899b/screenshot'
12:46:14.886 [AsyncHttpClient-1-20] DEBUG org.asynchttpclient.netty.handler.HttpHandler - 

Request DefaultFullHttpRequest(decodeResult: success, version: HTTP/1.1, content: EmptyByteBufBE)
GET /session/0aeb53d39835cc334f177e051e5a899b/screenshot HTTP/1.1
User-Agent: selenium/4.1.2 (java windows)
Cache-Control: no-cache
Content-Type: application/json; charset=utf-8
host: localhost:59518
accept: */*

Response DefaultHttpResponse(decodeResult: success, version: HTTP/1.1)
HTTP/1.1 200 OK
Content-Type: application/json; charset=utf-8
cache-control: no-cache
content-length: 39940

12:46:14.886 [AsyncHttpClient-1-20] DEBUG org.asynchttpclient.netty.channel.ChannelManager - Adding key: http://localhost:59518 for channel [id: 0x5f4711da, L:/127.0.0.1:52144 - R:localhost/127.0.0.1:59518]
12:46:14.887 [main] DEBUG net.serenitybdd.core.photography.Darkroom - Send negative for processing for target\site\serenity\55cbef74e4a9fb78ef8ac39b1b48182d7109bc4770d611c195aad28a16c7e76a.png
12:46:14.888 [Darkroom Processing Line] DEBUG net.serenitybdd.core.photography.DarkroomProcessingLine - Processing screenshot image in /var/screenshots/screenshot-2872689985190590324
12:46:14.888 [Darkroom Processing Line] DEBUG net.serenitybdd.core.photography.DarkroomProcessingLine - Saving screenshot to target\site\serenity\55cbef74e4a9fb78ef8ac39b1b48182d7109bc4770d611c195aad28a16c7e76a.png
12:46:14.891 [AsyncHttpClient-1-22] DEBUG org.asynchttpclient.netty.handler.WebSocketHandler - Channel Closed: [id: 0x2a716d39, L:/127.0.0.1:52152 ! R:localhost/127.0.0.1:52145] with attribute NettyResponseFuture{currentRetry=5,
	isDone=1,
	isCancelled=0,
	asyncHandler=org.asynchttpclient.ws.WebSocketUpgradeHandler@4ae790ae,
	nettyRequest=org.asynchttpclient.netty.request.NettyRequest@9ad0fae,
	future=java.util.concurrent.CompletableFuture@51cf9673[Completed normally],
	uri=ws://localhost:52145/devtools/browser/0c39de0e-42c2-41d7-9607-de4073f81a13,
	keepAlive=true,
	redirectCount=0,
	timeoutsHolder=null,
	inAuth=0,
	touch=1667972771037}
12:46:14.891 [Driver Command Executor] DEBUG org.asynchttpclient.netty.request.NettyRequestSender - Using pooled Channel '[id: 0x5f4711da, L:/127.0.0.1:52144 - R:localhost/127.0.0.1:59518]' for 'DELETE' to 'http://localhost:59518/session/0aeb53d39835cc334f177e051e5a899b'
12:46:14.891 [Driver Command Executor] DEBUG org.asynchttpclient.netty.request.NettyRequestSender - Using open Channel [id: 0x5f4711da, L:/127.0.0.1:52144 - R:localhost/127.0.0.1:59518] for DELETE '/session/0aeb53d39835cc334f177e051e5a899b'
12:46:14.891 [AsyncHttpClient-1-22] DEBUG org.asynchttpclient.netty.channel.ChannelManager - Closing Channel [id: 0x2a716d39, L:/127.0.0.1:52152 ! R:localhost/127.0.0.1:52145] 
12:46:14.937 [AsyncHttpClient-1-21] DEBUG org.asynchttpclient.netty.handler.HttpHandler - Unexpected I/O exception on channel [id: 0x046f28c5, L:/127.0.0.1:52151 - R:localhost/127.0.0.1:52145]
java.io.IOException: An existing connection was forcibly closed by the remote host
	at java.base/sun.nio.ch.SocketDispatcher.read0(Native Method)
	at java.base/sun.nio.ch.SocketDispatcher.read(SocketDispatcher.java:43)
	at java.base/sun.nio.ch.IOUtil.readIntoNativeBuffer(IOUtil.java:276)
	at java.base/sun.nio.ch.IOUtil.read(IOUtil.java:233)
	at java.base/sun.nio.ch.IOUtil.read(IOUtil.java:223)
	at java.base/sun.nio.ch.SocketChannelImpl.read(SocketChannelImpl.java:358)
	at io.netty.buffer.PooledByteBuf.setBytes(PooledByteBuf.java:258)
	at io.netty.buffer.AbstractByteBuf.writeBytes(AbstractByteBuf.java:1132)
	at io.netty.channel.socket.nio.NioSocketChannel.doReadBytes(NioSocketChannel.java:350)
	at io.netty.channel.nio.AbstractNioByteChannel$NioByteUnsafe.read(AbstractNioByteChannel.java:151)
	at io.netty.channel.nio.NioEventLoop.processSelectedKey(NioEventLoop.java:722)
	at io.netty.channel.nio.NioEventLoop.processSelectedKeysOptimized(NioEventLoop.java:658)
	at io.netty.channel.nio.NioEventLoop.processSelectedKeys(NioEventLoop.java:584)
	at io.netty.channel.nio.NioEventLoop.run(NioEventLoop.java:496)
	at io.netty.util.concurrent.SingleThreadEventExecutor$4.run(SingleThreadEventExecutor.java:986)
	at io.netty.util.internal.ThreadExecutorMap$2.run(ThreadExecutorMap.java:74)
	at io.netty.util.concurrent.FastThreadLocalRunnable.run(FastThreadLocalRunnable.java:30)
	at java.base/java.lang.Thread.run(Thread.java:834)
12:46:14.938 [AsyncHttpClient-1-21] DEBUG org.asynchttpclient.netty.channel.ChannelManager - Closing Channel [id: 0x046f28c5, L:/127.0.0.1:52151 - R:localhost/127.0.0.1:52145] 
12:46:14.938 [AsyncHttpClient-1-21] DEBUG org.asynchttpclient.netty.handler.HttpHandler - Channel Closed: [id: 0x046f28c5, L:/127.0.0.1:52151 ! R:localhost/127.0.0.1:52145] with attribute DISCARD
12:46:14.962 [AsyncHttpClient-1-20] DEBUG org.asynchttpclient.netty.handler.HttpHandler - 

Request DefaultFullHttpRequest(decodeResult: success, version: HTTP/1.1, content: EmptyByteBufBE)
DELETE /session/0aeb53d39835cc334f177e051e5a899b HTTP/1.1
User-Agent: selenium/4.1.2 (java windows)
Content-Type: application/json; charset=utf-8
host: localhost:59518
accept: */*

Response DefaultHttpResponse(decodeResult: success, version: HTTP/1.1)
HTTP/1.1 200 OK
Content-Type: application/json; charset=utf-8
cache-control: no-cache
content-length: 14

12:46:14.962 [AsyncHttpClient-1-20] DEBUG org.asynchttpclient.netty.channel.ChannelManager - Adding key: http://localhost:59518 for channel [id: 0x5f4711da, L:/127.0.0.1:52144 - R:localhost/127.0.0.1:59518]
12:46:15.014 [AsyncHttpClient-1-20] DEBUG org.asynchttpclient.netty.handler.HttpHandler - Channel Closed: [id: 0x5f4711da, L:/127.0.0.1:52144 ! R:localhost/127.0.0.1:59518] with attribute DISCARD
]]></system-out>
    <system-err><![CDATA[Starting ChromeDriver 107.0.5304.62 (1eec40d3a5764881c92085aaee66d25075c159aa-refs/branch-heads/5304@{#942}) on port 59518
Only local connections are allowed.
Please see https://chromedriver.chromium.org/security-considerations for suggestions on keeping ChromeDriver safe.
ChromeDriver was started successfully.
Nov 09, 2022 12:46:11 PM org.openqa.selenium.remote.ProtocolHandshake createSession
INFO: Detected dialect: W3C
Nov 09, 2022 12:46:11 PM org.openqa.selenium.devtools.CdpVersionFinder findNearestMatch
WARNING: Unable to find an exact match for CDP version 107, so returning the closest version found: a no-op implementation
Nov 09, 2022 12:46:11 PM org.openqa.selenium.devtools.CdpVersionFinder findNearestMatch
INFO: Unable to find CDP implementation matching 107.
Nov 09, 2022 12:46:11 PM org.openqa.selenium.chromium.ChromiumDriver lambda$new$3
WARNING: Unable to find version of CDP to use for . You may need to include a dependency on a specific version of the CDP using something similar to `org.seleniumhq.selenium:selenium-devtools-v86:4.1.2` where the version ("v86") matches the version of the chromium-based browser you're using and the version number of the artifact is the same as Selenium's.
]]></system-err>
  </testcase>
  <testcase name="Register new account #5" classname="Register" time="7.178">
    <system-out><![CDATA[
@Register
Scenario Outline: Register new account       &amp#27;[90m# src/test/resources/features/register.feature:22&amp#27;[0m
12:46:15.084 [main] INFO io.cucumber.core.plugin.SerenityReporter - Running feature from file:///C:/Users/ASUS/Web/src/test/resources/features/register.feature
12:46:15.094 [main] INFO net.serenitybdd.core.webdriver.driverproviders.ChromeDriverProvider - Using automatically driver download
12:46:15.191 [main] DEBUG io.github.bonigarcia.wdm.cache.ResolutionCache - Resolution chrome=107 in cache (valid until 13:44:11 09/11/2022 ICT)
12:46:15.194 [main] DEBUG io.github.bonigarcia.wdm.cache.ResolutionCache - Resolution chrome107=107.0.5304.62 in cache (valid until 12:48:49 09/11/2022 ICT)
12:46:15.195 [main] INFO io.github.bonigarcia.wdm.WebDriverManager - Using chromedriver 107.0.5304.62 (resolved driver for Chrome 107)
12:46:15.201 [main] DEBUG io.github.bonigarcia.wdm.WebDriverManager - Driver chromedriver 107.0.5304.62 found in cache
12:46:15.201 [main] INFO io.github.bonigarcia.wdm.WebDriverManager - Exporting webdriver.chrome.driver as C:\Users\ASUS\.cache\selenium\chromedriver\win32\107.0.5304.62\chromedriver.exe
12:46:15.294 [main] DEBUG net.serenitybdd.core.webdriver.driverproviders.ProvideNewDriver - Instantiating driver
12:46:15.294 [main] DEBUG net.serenitybdd.core.webdriver.driverproviders.ProvideNewDriver - Driver capabilities: Capabilities {acceptInsecureCerts: false, base.url: https://alta-shop.vercel.app/, browserName: chrome, chrome.driver: src/test/resources/webdrive..., driver: chrome, goog:chromeOptions: {args: [], extensions: []}}
12:46:15.366 [AsyncHttpClient-1-23] DEBUG org.asynchttpclient.netty.channel.NettyConnectListener - Using new Channel '[id: 0x6b86dcd5, L:/127.0.0.1:52172 - R:localhost/127.0.0.1:49984]' for 'POST' to '/session'
12:46:15.445 [AsyncHttpClient-1-1] DEBUG org.asynchttpclient.netty.channel.DefaultChannelPool - Entry count for : http://localhost:59518 : 1
12:46:15.445 [AsyncHttpClient-1-1] DEBUG org.asynchttpclient.netty.channel.DefaultChannelPool - Entry count for : http://localhost:52145 : 1
12:46:15.445 [AsyncHttpClient-1-1] DEBUG org.asynchttpclient.netty.channel.DefaultChannelPool - Adding Candidate expired Channel [id: 0x5f4711da, L:/127.0.0.1:52144 ! R:localhost/127.0.0.1:59518] isIdleTimeoutExpired=false isRemotelyClosed=true isTtlExpired=false
12:46:15.445 [AsyncHttpClient-1-1] DEBUG org.asynchttpclient.netty.channel.DefaultChannelPool - Closing Idle Channel [id: 0x5f4711da, L:/127.0.0.1:52144 ! R:localhost/127.0.0.1:59518]
12:46:15.445 [AsyncHttpClient-1-1] DEBUG org.asynchttpclient.netty.channel.DefaultChannelPool - Adding Candidate expired Channel [id: 0x046f28c5, L:/127.0.0.1:52151 ! R:localhost/127.0.0.1:52145] isIdleTimeoutExpired=false isRemotelyClosed=true isTtlExpired=false
12:46:15.445 [AsyncHttpClient-1-1] DEBUG org.asynchttpclient.netty.channel.DefaultChannelPool - Closing Idle Channel [id: 0x046f28c5, L:/127.0.0.1:52151 ! R:localhost/127.0.0.1:52145]
12:46:15.445 [AsyncHttpClient-1-1] DEBUG org.asynchttpclient.netty.channel.DefaultChannelPool - Closed 2 connections out of 2 in 0 ms
12:46:18.088 [AsyncHttpClient-1-23] DEBUG org.asynchttpclient.netty.handler.HttpHandler - 

Request DefaultHttpRequest(decodeResult: success, version: HTTP/1.1)
POST /session HTTP/1.1
User-Agent: selenium/4.1.2 (java windows)
Content-Length: 615
Content-Type: application/json; charset=utf-8
host: localhost:49984
accept: */*

Response DefaultHttpResponse(decodeResult: success, version: HTTP/1.1)
HTTP/1.1 200 OK
Content-Type: application/json; charset=utf-8
cache-control: no-cache
content-length: 788

12:46:18.089 [AsyncHttpClient-1-23] DEBUG org.asynchttpclient.netty.channel.ChannelManager - Adding key: http://localhost:49984 for channel [id: 0x6b86dcd5, L:/127.0.0.1:52172 - R:localhost/127.0.0.1:49984]
12:46:18.103 [AsyncHttpClient-1-24] DEBUG org.asynchttpclient.netty.channel.NettyConnectListener - Using new Channel '[id: 0xd3db49d5, L:/127.0.0.1:52179 - R:localhost/127.0.0.1:52173]' for 'GET' to '/json/version'
12:46:18.104 [AsyncHttpClient-1-24] DEBUG org.asynchttpclient.netty.handler.HttpHandler - 

Request DefaultFullHttpRequest(decodeResult: success, version: HTTP/1.1, content: EmptyByteBufBE)
GET /json/version HTTP/1.1
User-Agent: selenium/4.1.2 (java windows)
host: localhost:52173
accept: */*

Response DefaultHttpResponse(decodeResult: success, version: HTTP/1.1)
HTTP/1.1 200 OK
Content-Type: application/json; charset=UTF-8
content-length: 423

12:46:18.104 [AsyncHttpClient-1-24] DEBUG org.asynchttpclient.netty.channel.ChannelManager - Adding key: http://localhost:52173 for channel [id: 0xd3db49d5, L:/127.0.0.1:52179 - R:localhost/127.0.0.1:52173]
12:46:18.108 [AsyncHttpClient-1-25] DEBUG org.asynchttpclient.netty.channel.NettyConnectListener - Using new Channel '[id: 0xe8ceeaaf, L:/127.0.0.1:52180 - R:localhost/127.0.0.1:52173]' for 'GET' to '/devtools/browser/f7575f4d-6040-499f-b09a-ffaeb2d04810'
12:46:18.109 [AsyncHttpClient-1-25] DEBUG org.asynchttpclient.netty.handler.WebSocketHandler - 

Request DefaultFullHttpRequest(decodeResult: success, version: HTTP/1.1, content: EmptyByteBufBE)
GET /devtools/browser/f7575f4d-6040-499f-b09a-ffaeb2d04810 HTTP/1.1
upgrade: websocket
connection: upgrade
sec-websocket-key: TFC4Zyky0Omag3BXOwiBrw==
sec-websocket-version: 13
origin: http://localhost:52173
host: localhost:52173
accept: */*
user-agent: AHC/2.1

Response DefaultHttpResponse(decodeResult: success, version: HTTP/1.1)
HTTP/1.1 101 WebSocket Protocol Handshake
Upgrade: WebSocket
Connection: Upgrade
Sec-WebSocket-Accept: EU//IB/baeAuBvMHrHr0HUwI1wQ=

12:46:18.115 [Forwarding get on session a989fa7813cbbf174ac4676acd067a27 to remote] DEBUG org.asynchttpclient.netty.request.NettyRequestSender - Using pooled Channel '[id: 0x6b86dcd5, L:/127.0.0.1:52172 - R:localhost/127.0.0.1:49984]' for 'POST' to 'http://localhost:49984/session/a989fa7813cbbf174ac4676acd067a27/url'
12:46:18.115 [Forwarding get on session a989fa7813cbbf174ac4676acd067a27 to remote] DEBUG org.asynchttpclient.netty.request.NettyRequestSender - Using open Channel [id: 0x6b86dcd5, L:/127.0.0.1:52172 - R:localhost/127.0.0.1:49984] for POST '/session/a989fa7813cbbf174ac4676acd067a27/url'
12:46:18.745 [AsyncHttpClient-1-1] DEBUG org.asynchttpclient.netty.channel.DefaultChannelPool - Entry count for : http://localhost:52173 : 1
12:46:19.272 [AsyncHttpClient-1-23] DEBUG org.asynchttpclient.netty.handler.HttpHandler - 

Request DefaultHttpRequest(decodeResult: success, version: HTTP/1.1)
POST /session/a989fa7813cbbf174ac4676acd067a27/url HTTP/1.1
User-Agent: selenium/4.1.2 (java windows)
Content-Length: 59
Content-Type: application/json; charset=utf-8
host: localhost:49984
accept: */*

Response DefaultHttpResponse(decodeResult: success, version: HTTP/1.1)
HTTP/1.1 200 OK
Content-Type: application/json; charset=utf-8
cache-control: no-cache
content-length: 14

12:46:19.272 [AsyncHttpClient-1-23] DEBUG org.asynchttpclient.netty.channel.ChannelManager - Adding key: http://localhost:49984 for channel [id: 0x6b86dcd5, L:/127.0.0.1:52172 - R:localhost/127.0.0.1:49984]
12:46:19.274 [Forwarding setTimeout on session a989fa7813cbbf174ac4676acd067a27 to remote] DEBUG org.asynchttpclient.netty.request.NettyRequestSender - Using pooled Channel '[id: 0x6b86dcd5, L:/127.0.0.1:52172 - R:localhost/127.0.0.1:49984]' for 'POST' to 'http://localhost:49984/session/a989fa7813cbbf174ac4676acd067a27/timeouts'
12:46:19.274 [Forwarding setTimeout on session a989fa7813cbbf174ac4676acd067a27 to remote] DEBUG org.asynchttpclient.netty.request.NettyRequestSender - Using open Channel [id: 0x6b86dcd5, L:/127.0.0.1:52172 - R:localhost/127.0.0.1:49984] for POST '/session/a989fa7813cbbf174ac4676acd067a27/timeouts'
12:46:19.275 [AsyncHttpClient-1-23] DEBUG org.asynchttpclient.netty.handler.HttpHandler - 

Request DefaultHttpRequest(decodeResult: success, version: HTTP/1.1)
POST /session/a989fa7813cbbf174ac4676acd067a27/timeouts HTTP/1.1
User-Agent: selenium/4.1.2 (java windows)
Content-Length: 22
Content-Type: application/json; charset=utf-8
host: localhost:49984
accept: */*

Response DefaultHttpResponse(decodeResult: success, version: HTTP/1.1)
HTTP/1.1 200 OK
Content-Type: application/json; charset=utf-8
cache-control: no-cache
content-length: 14

12:46:19.275 [AsyncHttpClient-1-23] DEBUG org.asynchttpclient.netty.channel.ChannelManager - Adding key: http://localhost:49984 for channel [id: 0x6b86dcd5, L:/127.0.0.1:52172 - R:localhost/127.0.0.1:49984]
12:46:19.279 [Forwarding getCurrentUrl on session a989fa7813cbbf174ac4676acd067a27 to remote] DEBUG org.asynchttpclient.netty.request.NettyRequestSender - Using pooled Channel '[id: 0x6b86dcd5, L:/127.0.0.1:52172 - R:localhost/127.0.0.1:49984]' for 'GET' to 'http://localhost:49984/session/a989fa7813cbbf174ac4676acd067a27/url'
12:46:19.279 [Forwarding getCurrentUrl on session a989fa7813cbbf174ac4676acd067a27 to remote] DEBUG org.asynchttpclient.netty.request.NettyRequestSender - Using open Channel [id: 0x6b86dcd5, L:/127.0.0.1:52172 - R:localhost/127.0.0.1:49984] for GET '/session/a989fa7813cbbf174ac4676acd067a27/url'
12:46:19.284 [AsyncHttpClient-1-23] DEBUG org.asynchttpclient.netty.handler.HttpHandler - 

Request DefaultFullHttpRequest(decodeResult: success, version: HTTP/1.1, content: EmptyByteBufBE)
GET /session/a989fa7813cbbf174ac4676acd067a27/url HTTP/1.1
User-Agent: selenium/4.1.2 (java windows)
Cache-Control: no-cache
Content-Type: application/json; charset=utf-8
host: localhost:49984
accept: */*

Response DefaultHttpResponse(decodeResult: success, version: HTTP/1.1)
HTTP/1.1 200 OK
Content-Type: application/json; charset=utf-8
cache-control: no-cache
content-length: 41

12:46:19.284 [AsyncHttpClient-1-23] DEBUG org.asynchttpclient.netty.channel.ChannelManager - Adding key: http://localhost:49984 for channel [id: 0x6b86dcd5, L:/127.0.0.1:52172 - R:localhost/127.0.0.1:49984]
  &amp#27;[32mGiven &amp#27;[0m&amp#27;[32mI am on home page&amp#27;[0m                    &amp#27;[90m# starter.stepdefinition.LoginStep.iAmOnHomePage()&amp#27;[0m
12:46:19.287 [Forwarding screenshot on session a989fa7813cbbf174ac4676acd067a27 to remote] DEBUG org.asynchttpclient.netty.request.NettyRequestSender - Using pooled Channel '[id: 0x6b86dcd5, L:/127.0.0.1:52172 - R:localhost/127.0.0.1:49984]' for 'GET' to 'http://localhost:49984/session/a989fa7813cbbf174ac4676acd067a27/screenshot'
12:46:19.287 [Forwarding screenshot on session a989fa7813cbbf174ac4676acd067a27 to remote] DEBUG org.asynchttpclient.netty.request.NettyRequestSender - Using open Channel [id: 0x6b86dcd5, L:/127.0.0.1:52172 - R:localhost/127.0.0.1:49984] for GET '/session/a989fa7813cbbf174ac4676acd067a27/screenshot'
12:46:19.437 [AsyncHttpClient-1-23] DEBUG org.asynchttpclient.netty.handler.HttpHandler - 

Request DefaultFullHttpRequest(decodeResult: success, version: HTTP/1.1, content: EmptyByteBufBE)
GET /session/a989fa7813cbbf174ac4676acd067a27/screenshot HTTP/1.1
User-Agent: selenium/4.1.2 (java windows)
Cache-Control: no-cache
Content-Type: application/json; charset=utf-8
host: localhost:49984
accept: */*

Response DefaultHttpResponse(decodeResult: success, version: HTTP/1.1)
HTTP/1.1 200 OK
Content-Type: application/json; charset=utf-8
cache-control: no-cache
content-length: 36884

12:46:19.437 [AsyncHttpClient-1-23] DEBUG org.asynchttpclient.netty.channel.ChannelManager - Adding key: http://localhost:49984 for channel [id: 0x6b86dcd5, L:/127.0.0.1:52172 - R:localhost/127.0.0.1:49984]
12:46:19.439 [main] DEBUG net.serenitybdd.core.photography.Darkroom - Send negative for processing for target\site\serenity\cc3fe2f208a671fc30c8bd6b7a9049100e6982dc33d64c92cc628edfe99ebfa3.png
12:46:19.440 [Darkroom Processing Line] DEBUG net.serenitybdd.core.photography.DarkroomProcessingLine - Processing screenshot image in /var/screenshots/screenshot-7863651301913789028
12:46:19.440 [Darkroom Processing Line] DEBUG net.serenitybdd.core.photography.DarkroomProcessingLine - Saving screenshot to target\site\serenity\cc3fe2f208a671fc30c8bd6b7a9049100e6982dc33d64c92cc628edfe99ebfa3.png
12:46:19.447 [Forwarding findElement on session a989fa7813cbbf174ac4676acd067a27 to remote] DEBUG org.asynchttpclient.netty.request.NettyRequestSender - Using pooled Channel '[id: 0x6b86dcd5, L:/127.0.0.1:52172 - R:localhost/127.0.0.1:49984]' for 'POST' to 'http://localhost:49984/session/a989fa7813cbbf174ac4676acd067a27/element'
12:46:19.447 [Forwarding findElement on session a989fa7813cbbf174ac4676acd067a27 to remote] DEBUG org.asynchttpclient.netty.request.NettyRequestSender - Using open Channel [id: 0x6b86dcd5, L:/127.0.0.1:52172 - R:localhost/127.0.0.1:49984] for POST '/session/a989fa7813cbbf174ac4676acd067a27/element'
12:46:19.457 [AsyncHttpClient-1-23] DEBUG org.asynchttpclient.netty.handler.HttpHandler - 

Request DefaultHttpRequest(decodeResult: success, version: HTTP/1.1)
POST /session/a989fa7813cbbf174ac4676acd067a27/element HTTP/1.1
User-Agent: selenium/4.1.2 (java windows)
Content-Length: 97
Content-Type: application/json; charset=utf-8
host: localhost:49984
accept: */*

Response DefaultHttpResponse(decodeResult: success, version: HTTP/1.1)
HTTP/1.1 200 OK
Content-Type: application/json; charset=utf-8
cache-control: no-cache
content-length: 88

12:46:19.457 [AsyncHttpClient-1-23] DEBUG org.asynchttpclient.netty.channel.ChannelManager - Adding key: http://localhost:49984 for channel [id: 0x6b86dcd5, L:/127.0.0.1:52172 - R:localhost/127.0.0.1:49984]
12:46:19.461 [Forwarding getElementTagName on session a989fa7813cbbf174ac4676acd067a27 to remote] DEBUG org.asynchttpclient.netty.request.NettyRequestSender - Using pooled Channel '[id: 0x6b86dcd5, L:/127.0.0.1:52172 - R:localhost/127.0.0.1:49984]' for 'GET' to 'http://localhost:49984/session/a989fa7813cbbf174ac4676acd067a27/element/88d1861d-9faa-4511-972e-f01d5429ca1a/name'
12:46:19.461 [Forwarding getElementTagName on session a989fa7813cbbf174ac4676acd067a27 to remote] DEBUG org.asynchttpclient.netty.request.NettyRequestSender - Using open Channel [id: 0x6b86dcd5, L:/127.0.0.1:52172 - R:localhost/127.0.0.1:49984] for GET '/session/a989fa7813cbbf174ac4676acd067a27/element/88d1861d-9faa-4511-972e-f01d5429ca1a/name'
12:46:19.468 [AsyncHttpClient-1-23] DEBUG org.asynchttpclient.netty.handler.HttpHandler - 

Request DefaultFullHttpRequest(decodeResult: success, version: HTTP/1.1, content: EmptyByteBufBE)
GET /session/a989fa7813cbbf174ac4676acd067a27/element/88d1861d-9faa-4511-972e-f01d5429ca1a/name HTTP/1.1
User-Agent: selenium/4.1.2 (java windows)
Cache-Control: no-cache
Content-Type: application/json; charset=utf-8
host: localhost:49984
accept: */*

Response DefaultHttpResponse(decodeResult: success, version: HTTP/1.1)
HTTP/1.1 200 OK
Content-Type: application/json; charset=utf-8
cache-control: no-cache
content-length: 13

12:46:19.468 [AsyncHttpClient-1-23] DEBUG org.asynchttpclient.netty.channel.ChannelManager - Adding key: http://localhost:49984 for channel [id: 0x6b86dcd5, L:/127.0.0.1:52172 - R:localhost/127.0.0.1:49984]
12:46:19.469 [Forwarding getElementTagName on session a989fa7813cbbf174ac4676acd067a27 to remote] DEBUG org.asynchttpclient.netty.request.NettyRequestSender - Using pooled Channel '[id: 0x6b86dcd5, L:/127.0.0.1:52172 - R:localhost/127.0.0.1:49984]' for 'GET' to 'http://localhost:49984/session/a989fa7813cbbf174ac4676acd067a27/element/88d1861d-9faa-4511-972e-f01d5429ca1a/name'
12:46:19.469 [Forwarding getElementTagName on session a989fa7813cbbf174ac4676acd067a27 to remote] DEBUG org.asynchttpclient.netty.request.NettyRequestSender - Using open Channel [id: 0x6b86dcd5, L:/127.0.0.1:52172 - R:localhost/127.0.0.1:49984] for GET '/session/a989fa7813cbbf174ac4676acd067a27/element/88d1861d-9faa-4511-972e-f01d5429ca1a/name'
12:46:19.473 [AsyncHttpClient-1-23] DEBUG org.asynchttpclient.netty.handler.HttpHandler - 

Request DefaultFullHttpRequest(decodeResult: success, version: HTTP/1.1, content: EmptyByteBufBE)
GET /session/a989fa7813cbbf174ac4676acd067a27/element/88d1861d-9faa-4511-972e-f01d5429ca1a/name HTTP/1.1
User-Agent: selenium/4.1.2 (java windows)
Cache-Control: no-cache
Content-Type: application/json; charset=utf-8
host: localhost:49984
accept: */*

Response DefaultHttpResponse(decodeResult: success, version: HTTP/1.1)
HTTP/1.1 200 OK
Content-Type: application/json; charset=utf-8
cache-control: no-cache
content-length: 13

12:46:19.473 [AsyncHttpClient-1-23] DEBUG org.asynchttpclient.netty.channel.ChannelManager - Adding key: http://localhost:49984 for channel [id: 0x6b86dcd5, L:/127.0.0.1:52172 - R:localhost/127.0.0.1:49984]
12:46:19.474 [Forwarding findElement on session a989fa7813cbbf174ac4676acd067a27 to remote] DEBUG org.asynchttpclient.netty.request.NettyRequestSender - Using pooled Channel '[id: 0x6b86dcd5, L:/127.0.0.1:52172 - R:localhost/127.0.0.1:49984]' for 'POST' to 'http://localhost:49984/session/a989fa7813cbbf174ac4676acd067a27/element'
12:46:19.474 [Forwarding findElement on session a989fa7813cbbf174ac4676acd067a27 to remote] DEBUG org.asynchttpclient.netty.request.NettyRequestSender - Using open Channel [id: 0x6b86dcd5, L:/127.0.0.1:52172 - R:localhost/127.0.0.1:49984] for POST '/session/a989fa7813cbbf174ac4676acd067a27/element'
12:46:19.482 [AsyncHttpClient-1-23] DEBUG org.asynchttpclient.netty.handler.HttpHandler - 

Request DefaultHttpRequest(decodeResult: success, version: HTTP/1.1)
POST /session/a989fa7813cbbf174ac4676acd067a27/element HTTP/1.1
User-Agent: selenium/4.1.2 (java windows)
Content-Length: 97
Content-Type: application/json; charset=utf-8
host: localhost:49984
accept: */*

Response DefaultHttpResponse(decodeResult: success, version: HTTP/1.1)
HTTP/1.1 200 OK
Content-Type: application/json; charset=utf-8
cache-control: no-cache
content-length: 88

12:46:19.483 [AsyncHttpClient-1-23] DEBUG org.asynchttpclient.netty.channel.ChannelManager - Adding key: http://localhost:49984 for channel [id: 0x6b86dcd5, L:/127.0.0.1:52172 - R:localhost/127.0.0.1:49984]
12:46:19.484 [Forwarding clickElement on session a989fa7813cbbf174ac4676acd067a27 to remote] DEBUG org.asynchttpclient.netty.request.NettyRequestSender - Using pooled Channel '[id: 0x6b86dcd5, L:/127.0.0.1:52172 - R:localhost/127.0.0.1:49984]' for 'POST' to 'http://localhost:49984/session/a989fa7813cbbf174ac4676acd067a27/element/88d1861d-9faa-4511-972e-f01d5429ca1a/click'
12:46:19.484 [Forwarding clickElement on session a989fa7813cbbf174ac4676acd067a27 to remote] DEBUG org.asynchttpclient.netty.request.NettyRequestSender - Using open Channel [id: 0x6b86dcd5, L:/127.0.0.1:52172 - R:localhost/127.0.0.1:49984] for POST '/session/a989fa7813cbbf174ac4676acd067a27/element/88d1861d-9faa-4511-972e-f01d5429ca1a/click'
12:46:19.528 [AsyncHttpClient-1-23] DEBUG org.asynchttpclient.netty.handler.HttpHandler - 

Request DefaultHttpRequest(decodeResult: success, version: HTTP/1.1)
POST /session/a989fa7813cbbf174ac4676acd067a27/element/88d1861d-9faa-4511-972e-f01d5429ca1a/click HTTP/1.1
User-Agent: selenium/4.1.2 (java windows)
Content-Length: 50
Content-Type: application/json; charset=utf-8
host: localhost:49984
accept: */*

Response DefaultHttpResponse(decodeResult: success, version: HTTP/1.1)
HTTP/1.1 200 OK
Content-Type: application/json; charset=utf-8
cache-control: no-cache
content-length: 14

12:46:19.528 [AsyncHttpClient-1-23] DEBUG org.asynchttpclient.netty.channel.ChannelManager - Adding key: http://localhost:49984 for channel [id: 0x6b86dcd5, L:/127.0.0.1:52172 - R:localhost/127.0.0.1:49984]
  &amp#27;[32mAnd &amp#27;[0m&amp#27;[32mI click icon the login icon&amp#27;[0m            &amp#27;[90m# starter.stepdefinition.LoginStep.iClickIconTheLoginIcon()&amp#27;[0m
12:46:19.532 [Forwarding screenshot on session a989fa7813cbbf174ac4676acd067a27 to remote] DEBUG org.asynchttpclient.netty.request.NettyRequestSender - Using pooled Channel '[id: 0x6b86dcd5, L:/127.0.0.1:52172 - R:localhost/127.0.0.1:49984]' for 'GET' to 'http://localhost:49984/session/a989fa7813cbbf174ac4676acd067a27/screenshot'
12:46:19.532 [Forwarding screenshot on session a989fa7813cbbf174ac4676acd067a27 to remote] DEBUG org.asynchttpclient.netty.request.NettyRequestSender - Using open Channel [id: 0x6b86dcd5, L:/127.0.0.1:52172 - R:localhost/127.0.0.1:49984] for GET '/session/a989fa7813cbbf174ac4676acd067a27/screenshot'
12:46:19.753 [AsyncHttpClient-1-23] DEBUG org.asynchttpclient.netty.handler.HttpHandler - 

Request DefaultFullHttpRequest(decodeResult: success, version: HTTP/1.1, content: EmptyByteBufBE)
GET /session/a989fa7813cbbf174ac4676acd067a27/screenshot HTTP/1.1
User-Agent: selenium/4.1.2 (java windows)
Cache-Control: no-cache
Content-Type: application/json; charset=utf-8
host: localhost:49984
accept: */*

Response DefaultHttpResponse(decodeResult: success, version: HTTP/1.1)
HTTP/1.1 200 OK
Content-Type: application/json; charset=utf-8
cache-control: no-cache
content-length: 34868

12:46:19.753 [AsyncHttpClient-1-23] DEBUG org.asynchttpclient.netty.channel.ChannelManager - Adding key: http://localhost:49984 for channel [id: 0x6b86dcd5, L:/127.0.0.1:52172 - R:localhost/127.0.0.1:49984]
12:46:19.754 [main] DEBUG net.serenitybdd.core.photography.Darkroom - Send negative for processing for target\site\serenity\bc3ba59a1ca4cf7be8082a7d0251101e792a92cbde90c02def4bfcf89b560050.png
12:46:19.755 [Darkroom Processing Line] DEBUG net.serenitybdd.core.photography.DarkroomProcessingLine - Processing screenshot image in /var/screenshots/screenshot-8853241356403979909
12:46:19.755 [Darkroom Processing Line] DEBUG net.serenitybdd.core.photography.DarkroomProcessingLine - Saving screenshot to target\site\serenity\bc3ba59a1ca4cf7be8082a7d0251101e792a92cbde90c02def4bfcf89b560050.png
12:46:19.761 [Forwarding findElement on session a989fa7813cbbf174ac4676acd067a27 to remote] DEBUG org.asynchttpclient.netty.request.NettyRequestSender - Using pooled Channel '[id: 0x6b86dcd5, L:/127.0.0.1:52172 - R:localhost/127.0.0.1:49984]' for 'POST' to 'http://localhost:49984/session/a989fa7813cbbf174ac4676acd067a27/element'
12:46:19.762 [Forwarding findElement on session a989fa7813cbbf174ac4676acd067a27 to remote] DEBUG org.asynchttpclient.netty.request.NettyRequestSender - Using open Channel [id: 0x6b86dcd5, L:/127.0.0.1:52172 - R:localhost/127.0.0.1:49984] for POST '/session/a989fa7813cbbf174ac4676acd067a27/element'
12:46:19.772 [AsyncHttpClient-1-23] DEBUG org.asynchttpclient.netty.handler.HttpHandler - 

Request DefaultHttpRequest(decodeResult: success, version: HTTP/1.1)
POST /session/a989fa7813cbbf174ac4676acd067a27/element HTTP/1.1
User-Agent: selenium/4.1.2 (java windows)
Content-Length: 95
Content-Type: application/json; charset=utf-8
host: localhost:49984
accept: */*

Response DefaultHttpResponse(decodeResult: success, version: HTTP/1.1)
HTTP/1.1 200 OK
Content-Type: application/json; charset=utf-8
cache-control: no-cache
content-length: 88

12:46:19.772 [AsyncHttpClient-1-23] DEBUG org.asynchttpclient.netty.channel.ChannelManager - Adding key: http://localhost:49984 for channel [id: 0x6b86dcd5, L:/127.0.0.1:52172 - R:localhost/127.0.0.1:49984]
12:46:19.773 [Forwarding getElementTagName on session a989fa7813cbbf174ac4676acd067a27 to remote] DEBUG org.asynchttpclient.netty.request.NettyRequestSender - Using pooled Channel '[id: 0x6b86dcd5, L:/127.0.0.1:52172 - R:localhost/127.0.0.1:49984]' for 'GET' to 'http://localhost:49984/session/a989fa7813cbbf174ac4676acd067a27/element/7e2d5af2-e482-405b-b631-20deb9a78dfb/name'
12:46:19.773 [Forwarding getElementTagName on session a989fa7813cbbf174ac4676acd067a27 to remote] DEBUG org.asynchttpclient.netty.request.NettyRequestSender - Using open Channel [id: 0x6b86dcd5, L:/127.0.0.1:52172 - R:localhost/127.0.0.1:49984] for GET '/session/a989fa7813cbbf174ac4676acd067a27/element/7e2d5af2-e482-405b-b631-20deb9a78dfb/name'
12:46:19.777 [AsyncHttpClient-1-23] DEBUG org.asynchttpclient.netty.handler.HttpHandler - 

Request DefaultFullHttpRequest(decodeResult: success, version: HTTP/1.1, content: EmptyByteBufBE)
GET /session/a989fa7813cbbf174ac4676acd067a27/element/7e2d5af2-e482-405b-b631-20deb9a78dfb/name HTTP/1.1
User-Agent: selenium/4.1.2 (java windows)
Cache-Control: no-cache
Content-Type: application/json; charset=utf-8
host: localhost:49984
accept: */*

Response DefaultHttpResponse(decodeResult: success, version: HTTP/1.1)
HTTP/1.1 200 OK
Content-Type: application/json; charset=utf-8
cache-control: no-cache
content-length: 13

12:46:19.777 [AsyncHttpClient-1-23] DEBUG org.asynchttpclient.netty.channel.ChannelManager - Adding key: http://localhost:49984 for channel [id: 0x6b86dcd5, L:/127.0.0.1:52172 - R:localhost/127.0.0.1:49984]
12:46:19.778 [Forwarding getElementTagName on session a989fa7813cbbf174ac4676acd067a27 to remote] DEBUG org.asynchttpclient.netty.request.NettyRequestSender - Using pooled Channel '[id: 0x6b86dcd5, L:/127.0.0.1:52172 - R:localhost/127.0.0.1:49984]' for 'GET' to 'http://localhost:49984/session/a989fa7813cbbf174ac4676acd067a27/element/7e2d5af2-e482-405b-b631-20deb9a78dfb/name'
12:46:19.778 [Forwarding getElementTagName on session a989fa7813cbbf174ac4676acd067a27 to remote] DEBUG org.asynchttpclient.netty.request.NettyRequestSender - Using open Channel [id: 0x6b86dcd5, L:/127.0.0.1:52172 - R:localhost/127.0.0.1:49984] for GET '/session/a989fa7813cbbf174ac4676acd067a27/element/7e2d5af2-e482-405b-b631-20deb9a78dfb/name'
12:46:19.782 [AsyncHttpClient-1-23] DEBUG org.asynchttpclient.netty.handler.HttpHandler - 

Request DefaultFullHttpRequest(decodeResult: success, version: HTTP/1.1, content: EmptyByteBufBE)
GET /session/a989fa7813cbbf174ac4676acd067a27/element/7e2d5af2-e482-405b-b631-20deb9a78dfb/name HTTP/1.1
User-Agent: selenium/4.1.2 (java windows)
Cache-Control: no-cache
Content-Type: application/json; charset=utf-8
host: localhost:49984
accept: */*

Response DefaultHttpResponse(decodeResult: success, version: HTTP/1.1)
HTTP/1.1 200 OK
Content-Type: application/json; charset=utf-8
cache-control: no-cache
content-length: 13

12:46:19.782 [AsyncHttpClient-1-23] DEBUG org.asynchttpclient.netty.channel.ChannelManager - Adding key: http://localhost:49984 for channel [id: 0x6b86dcd5, L:/127.0.0.1:52172 - R:localhost/127.0.0.1:49984]
12:46:19.782 [Forwarding findElement on session a989fa7813cbbf174ac4676acd067a27 to remote] DEBUG org.asynchttpclient.netty.request.NettyRequestSender - Using pooled Channel '[id: 0x6b86dcd5, L:/127.0.0.1:52172 - R:localhost/127.0.0.1:49984]' for 'POST' to 'http://localhost:49984/session/a989fa7813cbbf174ac4676acd067a27/element'
12:46:19.782 [Forwarding findElement on session a989fa7813cbbf174ac4676acd067a27 to remote] DEBUG org.asynchttpclient.netty.request.NettyRequestSender - Using open Channel [id: 0x6b86dcd5, L:/127.0.0.1:52172 - R:localhost/127.0.0.1:49984] for POST '/session/a989fa7813cbbf174ac4676acd067a27/element'
12:46:19.788 [AsyncHttpClient-1-23] DEBUG org.asynchttpclient.netty.handler.HttpHandler - 

Request DefaultHttpRequest(decodeResult: success, version: HTTP/1.1)
POST /session/a989fa7813cbbf174ac4676acd067a27/element HTTP/1.1
User-Agent: selenium/4.1.2 (java windows)
Content-Length: 95
Content-Type: application/json; charset=utf-8
host: localhost:49984
accept: */*

Response DefaultHttpResponse(decodeResult: success, version: HTTP/1.1)
HTTP/1.1 200 OK
Content-Type: application/json; charset=utf-8
cache-control: no-cache
content-length: 88

12:46:19.788 [AsyncHttpClient-1-23] DEBUG org.asynchttpclient.netty.channel.ChannelManager - Adding key: http://localhost:49984 for channel [id: 0x6b86dcd5, L:/127.0.0.1:52172 - R:localhost/127.0.0.1:49984]
12:46:19.789 [Forwarding clickElement on session a989fa7813cbbf174ac4676acd067a27 to remote] DEBUG org.asynchttpclient.netty.request.NettyRequestSender - Using pooled Channel '[id: 0x6b86dcd5, L:/127.0.0.1:52172 - R:localhost/127.0.0.1:49984]' for 'POST' to 'http://localhost:49984/session/a989fa7813cbbf174ac4676acd067a27/element/7e2d5af2-e482-405b-b631-20deb9a78dfb/click'
12:46:19.789 [Forwarding clickElement on session a989fa7813cbbf174ac4676acd067a27 to remote] DEBUG org.asynchttpclient.netty.request.NettyRequestSender - Using open Channel [id: 0x6b86dcd5, L:/127.0.0.1:52172 - R:localhost/127.0.0.1:49984] for POST '/session/a989fa7813cbbf174ac4676acd067a27/element/7e2d5af2-e482-405b-b631-20deb9a78dfb/click'
12:46:19.827 [AsyncHttpClient-1-23] DEBUG org.asynchttpclient.netty.handler.HttpHandler - 

Request DefaultHttpRequest(decodeResult: success, version: HTTP/1.1)
POST /session/a989fa7813cbbf174ac4676acd067a27/element/7e2d5af2-e482-405b-b631-20deb9a78dfb/click HTTP/1.1
User-Agent: selenium/4.1.2 (java windows)
Content-Length: 50
Content-Type: application/json; charset=utf-8
host: localhost:49984
accept: */*

Response DefaultHttpResponse(decodeResult: success, version: HTTP/1.1)
HTTP/1.1 200 OK
Content-Type: application/json; charset=utf-8
cache-control: no-cache
content-length: 14

12:46:19.827 [AsyncHttpClient-1-23] DEBUG org.asynchttpclient.netty.channel.ChannelManager - Adding key: http://localhost:49984 for channel [id: 0x6b86dcd5, L:/127.0.0.1:52172 - R:localhost/127.0.0.1:49984]
  &amp#27;[32mAnd &amp#27;[0m&amp#27;[32mI click register text&amp#27;[0m                  &amp#27;[90m# starter.stepdefinition.Registerstep.iClickRegisterText()&amp#27;[0m
12:46:19.831 [Forwarding screenshot on session a989fa7813cbbf174ac4676acd067a27 to remote] DEBUG org.asynchttpclient.netty.request.NettyRequestSender - Using pooled Channel '[id: 0x6b86dcd5, L:/127.0.0.1:52172 - R:localhost/127.0.0.1:49984]' for 'GET' to 'http://localhost:49984/session/a989fa7813cbbf174ac4676acd067a27/screenshot'
12:46:19.831 [Forwarding screenshot on session a989fa7813cbbf174ac4676acd067a27 to remote] DEBUG org.asynchttpclient.netty.request.NettyRequestSender - Using open Channel [id: 0x6b86dcd5, L:/127.0.0.1:52172 - R:localhost/127.0.0.1:49984] for GET '/session/a989fa7813cbbf174ac4676acd067a27/screenshot'
12:46:19.855 [AsyncHttpClient-1-1] DEBUG org.asynchttpclient.netty.channel.DefaultChannelPool - Entry count for : http://localhost:52173 : 1
12:46:19.970 [AsyncHttpClient-1-23] DEBUG org.asynchttpclient.netty.handler.HttpHandler - 

Request DefaultFullHttpRequest(decodeResult: success, version: HTTP/1.1, content: EmptyByteBufBE)
GET /session/a989fa7813cbbf174ac4676acd067a27/screenshot HTTP/1.1
User-Agent: selenium/4.1.2 (java windows)
Cache-Control: no-cache
Content-Type: application/json; charset=utf-8
host: localhost:49984
accept: */*

Response DefaultHttpResponse(decodeResult: success, version: HTTP/1.1)
HTTP/1.1 200 OK
Content-Type: application/json; charset=utf-8
cache-control: no-cache
content-length: 39048

12:46:19.970 [AsyncHttpClient-1-23] DEBUG org.asynchttpclient.netty.channel.ChannelManager - Adding key: http://localhost:49984 for channel [id: 0x6b86dcd5, L:/127.0.0.1:52172 - R:localhost/127.0.0.1:49984]
12:46:19.973 [main] DEBUG net.serenitybdd.core.photography.Darkroom - Send negative for processing for target\site\serenity\4f28352c78a501e6167bb903dd55512d3bce599a62d12982d7ed619ace5a309a.png
12:46:19.973 [Darkroom Processing Line] DEBUG net.serenitybdd.core.photography.DarkroomProcessingLine - Processing screenshot image in /var/screenshots/screenshot-14958670433853870032
12:46:19.973 [Darkroom Processing Line] DEBUG net.serenitybdd.core.photography.DarkroomProcessingLine - Saving screenshot to target\site\serenity\4f28352c78a501e6167bb903dd55512d3bce599a62d12982d7ed619ace5a309a.png
12:46:19.977 [Forwarding findElement on session a989fa7813cbbf174ac4676acd067a27 to remote] DEBUG org.asynchttpclient.netty.request.NettyRequestSender - Using pooled Channel '[id: 0x6b86dcd5, L:/127.0.0.1:52172 - R:localhost/127.0.0.1:49984]' for 'POST' to 'http://localhost:49984/session/a989fa7813cbbf174ac4676acd067a27/element'
12:46:19.977 [Forwarding findElement on session a989fa7813cbbf174ac4676acd067a27 to remote] DEBUG org.asynchttpclient.netty.request.NettyRequestSender - Using open Channel [id: 0x6b86dcd5, L:/127.0.0.1:52172 - R:localhost/127.0.0.1:49984] for POST '/session/a989fa7813cbbf174ac4676acd067a27/element'
12:46:19.988 [AsyncHttpClient-1-23] DEBUG org.asynchttpclient.netty.handler.HttpHandler - 

Request DefaultHttpRequest(decodeResult: success, version: HTTP/1.1)
POST /session/a989fa7813cbbf174ac4676acd067a27/element HTTP/1.1
User-Agent: selenium/4.1.2 (java windows)
Content-Length: 95
Content-Type: application/json; charset=utf-8
host: localhost:49984
accept: */*

Response DefaultHttpResponse(decodeResult: success, version: HTTP/1.1)
HTTP/1.1 200 OK
Content-Type: application/json; charset=utf-8
cache-control: no-cache
content-length: 88

12:46:19.988 [AsyncHttpClient-1-23] DEBUG org.asynchttpclient.netty.channel.ChannelManager - Adding key: http://localhost:49984 for channel [id: 0x6b86dcd5, L:/127.0.0.1:52172 - R:localhost/127.0.0.1:49984]
12:46:19.989 [Forwarding clearElement on session a989fa7813cbbf174ac4676acd067a27 to remote] DEBUG org.asynchttpclient.netty.request.NettyRequestSender - Using pooled Channel '[id: 0x6b86dcd5, L:/127.0.0.1:52172 - R:localhost/127.0.0.1:49984]' for 'POST' to 'http://localhost:49984/session/a989fa7813cbbf174ac4676acd067a27/element/2e7a412a-9464-48d2-89e1-4ae8f6195ace/clear'
12:46:19.989 [Forwarding clearElement on session a989fa7813cbbf174ac4676acd067a27 to remote] DEBUG org.asynchttpclient.netty.request.NettyRequestSender - Using open Channel [id: 0x6b86dcd5, L:/127.0.0.1:52172 - R:localhost/127.0.0.1:49984] for POST '/session/a989fa7813cbbf174ac4676acd067a27/element/2e7a412a-9464-48d2-89e1-4ae8f6195ace/clear'
12:46:20.014 [AsyncHttpClient-1-23] DEBUG org.asynchttpclient.netty.handler.HttpHandler - 

Request DefaultHttpRequest(decodeResult: success, version: HTTP/1.1)
POST /session/a989fa7813cbbf174ac4676acd067a27/element/2e7a412a-9464-48d2-89e1-4ae8f6195ace/clear HTTP/1.1
User-Agent: selenium/4.1.2 (java windows)
Content-Length: 50
Content-Type: application/json; charset=utf-8
host: localhost:49984
accept: */*

Response DefaultHttpResponse(decodeResult: success, version: HTTP/1.1)
HTTP/1.1 200 OK
Content-Type: application/json; charset=utf-8
cache-control: no-cache
content-length: 14

12:46:20.014 [AsyncHttpClient-1-23] DEBUG org.asynchttpclient.netty.channel.ChannelManager - Adding key: http://localhost:49984 for channel [id: 0x6b86dcd5, L:/127.0.0.1:52172 - R:localhost/127.0.0.1:49984]
12:46:20.015 [Forwarding sendKeysToElement on session a989fa7813cbbf174ac4676acd067a27 to remote] DEBUG org.asynchttpclient.netty.request.NettyRequestSender - Using pooled Channel '[id: 0x6b86dcd5, L:/127.0.0.1:52172 - R:localhost/127.0.0.1:49984]' for 'POST' to 'http://localhost:49984/session/a989fa7813cbbf174ac4676acd067a27/element/2e7a412a-9464-48d2-89e1-4ae8f6195ace/value'
12:46:20.015 [Forwarding sendKeysToElement on session a989fa7813cbbf174ac4676acd067a27 to remote] DEBUG org.asynchttpclient.netty.request.NettyRequestSender - Using open Channel [id: 0x6b86dcd5, L:/127.0.0.1:52172 - R:localhost/127.0.0.1:49984] for POST '/session/a989fa7813cbbf174ac4676acd067a27/element/2e7a412a-9464-48d2-89e1-4ae8f6195ace/value'
12:46:20.081 [AsyncHttpClient-1-23] DEBUG org.asynchttpclient.netty.handler.HttpHandler - 

Request DefaultHttpRequest(decodeResult: success, version: HTTP/1.1)
POST /session/a989fa7813cbbf174ac4676acd067a27/element/2e7a412a-9464-48d2-89e1-4ae8f6195ace/value HTTP/1.1
User-Agent: selenium/4.1.2 (java windows)
Content-Length: 181
Content-Type: application/json; charset=utf-8
host: localhost:49984
accept: */*

Response DefaultHttpResponse(decodeResult: success, version: HTTP/1.1)
HTTP/1.1 200 OK
Content-Type: application/json; charset=utf-8
cache-control: no-cache
content-length: 14

12:46:20.082 [AsyncHttpClient-1-23] DEBUG org.asynchttpclient.netty.channel.ChannelManager - Adding key: http://localhost:49984 for channel [id: 0x6b86dcd5, L:/127.0.0.1:52172 - R:localhost/127.0.0.1:49984]
  &amp#27;[32mWhen &amp#27;[0m&amp#27;[32mI input &amp#27;[0m&amp#27;[32m&amp#27;[1m"ronasarigl"&amp#27;[0m&amp#27;[32m name&amp#27;[0m             &amp#27;[90m# starter.stepdefinition.Registerstep.iInputName(java.lang.String)&amp#27;[0m
12:46:20.087 [Forwarding screenshot on session a989fa7813cbbf174ac4676acd067a27 to remote] DEBUG org.asynchttpclient.netty.request.NettyRequestSender - Using pooled Channel '[id: 0x6b86dcd5, L:/127.0.0.1:52172 - R:localhost/127.0.0.1:49984]' for 'GET' to 'http://localhost:49984/session/a989fa7813cbbf174ac4676acd067a27/screenshot'
12:46:20.087 [Forwarding screenshot on session a989fa7813cbbf174ac4676acd067a27 to remote] DEBUG org.asynchttpclient.netty.request.NettyRequestSender - Using open Channel [id: 0x6b86dcd5, L:/127.0.0.1:52172 - R:localhost/127.0.0.1:49984] for GET '/session/a989fa7813cbbf174ac4676acd067a27/screenshot'
12:46:20.269 [AsyncHttpClient-1-23] DEBUG org.asynchttpclient.netty.handler.HttpHandler - 

Request DefaultFullHttpRequest(decodeResult: success, version: HTTP/1.1, content: EmptyByteBufBE)
GET /session/a989fa7813cbbf174ac4676acd067a27/screenshot HTTP/1.1
User-Agent: selenium/4.1.2 (java windows)
Cache-Control: no-cache
Content-Type: application/json; charset=utf-8
host: localhost:49984
accept: */*

Response DefaultHttpResponse(decodeResult: success, version: HTTP/1.1)
HTTP/1.1 200 OK
Content-Type: application/json; charset=utf-8
cache-control: no-cache
content-length: 40280

12:46:20.269 [AsyncHttpClient-1-23] DEBUG org.asynchttpclient.netty.channel.ChannelManager - Adding key: http://localhost:49984 for channel [id: 0x6b86dcd5, L:/127.0.0.1:52172 - R:localhost/127.0.0.1:49984]
12:46:20.271 [main] DEBUG net.serenitybdd.core.photography.Darkroom - Send negative for processing for target\site\serenity\0a508fa52b0b6652d0759115f224a0fcdf933f76416aa8c8db8455804d2e6cae.png
12:46:20.271 [Darkroom Processing Line] DEBUG net.serenitybdd.core.photography.DarkroomProcessingLine - Processing screenshot image in /var/screenshots/screenshot-906287595907152891
12:46:20.271 [Darkroom Processing Line] DEBUG net.serenitybdd.core.photography.DarkroomProcessingLine - Saving screenshot to target\site\serenity\0a508fa52b0b6652d0759115f224a0fcdf933f76416aa8c8db8455804d2e6cae.png
12:46:20.277 [Forwarding findElement on session a989fa7813cbbf174ac4676acd067a27 to remote] DEBUG org.asynchttpclient.netty.request.NettyRequestSender - Using pooled Channel '[id: 0x6b86dcd5, L:/127.0.0.1:52172 - R:localhost/127.0.0.1:49984]' for 'POST' to 'http://localhost:49984/session/a989fa7813cbbf174ac4676acd067a27/element'
12:46:20.277 [Forwarding findElement on session a989fa7813cbbf174ac4676acd067a27 to remote] DEBUG org.asynchttpclient.netty.request.NettyRequestSender - Using open Channel [id: 0x6b86dcd5, L:/127.0.0.1:52172 - R:localhost/127.0.0.1:49984] for POST '/session/a989fa7813cbbf174ac4676acd067a27/element'
12:46:20.286 [AsyncHttpClient-1-23] DEBUG org.asynchttpclient.netty.handler.HttpHandler - 

Request DefaultHttpRequest(decodeResult: success, version: HTTP/1.1)
POST /session/a989fa7813cbbf174ac4676acd067a27/element HTTP/1.1
User-Agent: selenium/4.1.2 (java windows)
Content-Length: 88
Content-Type: application/json; charset=utf-8
host: localhost:49984
accept: */*

Response DefaultHttpResponse(decodeResult: success, version: HTTP/1.1)
HTTP/1.1 200 OK
Content-Type: application/json; charset=utf-8
cache-control: no-cache
content-length: 88

12:46:20.286 [AsyncHttpClient-1-23] DEBUG org.asynchttpclient.netty.channel.ChannelManager - Adding key: http://localhost:49984 for channel [id: 0x6b86dcd5, L:/127.0.0.1:52172 - R:localhost/127.0.0.1:49984]
12:46:20.287 [Forwarding clearElement on session a989fa7813cbbf174ac4676acd067a27 to remote] DEBUG org.asynchttpclient.netty.request.NettyRequestSender - Using pooled Channel '[id: 0x6b86dcd5, L:/127.0.0.1:52172 - R:localhost/127.0.0.1:49984]' for 'POST' to 'http://localhost:49984/session/a989fa7813cbbf174ac4676acd067a27/element/dbd8fd8c-bd52-4b3e-a8c5-332ca0dc6e00/clear'
12:46:20.287 [Forwarding clearElement on session a989fa7813cbbf174ac4676acd067a27 to remote] DEBUG org.asynchttpclient.netty.request.NettyRequestSender - Using open Channel [id: 0x6b86dcd5, L:/127.0.0.1:52172 - R:localhost/127.0.0.1:49984] for POST '/session/a989fa7813cbbf174ac4676acd067a27/element/dbd8fd8c-bd52-4b3e-a8c5-332ca0dc6e00/clear'
12:46:20.315 [AsyncHttpClient-1-23] DEBUG org.asynchttpclient.netty.handler.HttpHandler - 

Request DefaultHttpRequest(decodeResult: success, version: HTTP/1.1)
POST /session/a989fa7813cbbf174ac4676acd067a27/element/dbd8fd8c-bd52-4b3e-a8c5-332ca0dc6e00/clear HTTP/1.1
User-Agent: selenium/4.1.2 (java windows)
Content-Length: 50
Content-Type: application/json; charset=utf-8
host: localhost:49984
accept: */*

Response DefaultHttpResponse(decodeResult: success, version: HTTP/1.1)
HTTP/1.1 200 OK
Content-Type: application/json; charset=utf-8
cache-control: no-cache
content-length: 14

12:46:20.315 [AsyncHttpClient-1-23] DEBUG org.asynchttpclient.netty.channel.ChannelManager - Adding key: http://localhost:49984 for channel [id: 0x6b86dcd5, L:/127.0.0.1:52172 - R:localhost/127.0.0.1:49984]
12:46:20.316 [Forwarding sendKeysToElement on session a989fa7813cbbf174ac4676acd067a27 to remote] DEBUG org.asynchttpclient.netty.request.NettyRequestSender - Using pooled Channel '[id: 0x6b86dcd5, L:/127.0.0.1:52172 - R:localhost/127.0.0.1:49984]' for 'POST' to 'http://localhost:49984/session/a989fa7813cbbf174ac4676acd067a27/element/dbd8fd8c-bd52-4b3e-a8c5-332ca0dc6e00/value'
12:46:20.316 [Forwarding sendKeysToElement on session a989fa7813cbbf174ac4676acd067a27 to remote] DEBUG org.asynchttpclient.netty.request.NettyRequestSender - Using open Channel [id: 0x6b86dcd5, L:/127.0.0.1:52172 - R:localhost/127.0.0.1:49984] for POST '/session/a989fa7813cbbf174ac4676acd067a27/element/dbd8fd8c-bd52-4b3e-a8c5-332ca0dc6e00/value'
12:46:20.393 [AsyncHttpClient-1-23] DEBUG org.asynchttpclient.netty.handler.HttpHandler - 

Request DefaultHttpRequest(decodeResult: success, version: HTTP/1.1)
POST /session/a989fa7813cbbf174ac4676acd067a27/element/dbd8fd8c-bd52-4b3e-a8c5-332ca0dc6e00/value HTTP/1.1
User-Agent: selenium/4.1.2 (java windows)
Content-Length: 261
Content-Type: application/json; charset=utf-8
host: localhost:49984
accept: */*

Response DefaultHttpResponse(decodeResult: success, version: HTTP/1.1)
HTTP/1.1 200 OK
Content-Type: application/json; charset=utf-8
cache-control: no-cache
content-length: 14

12:46:20.393 [AsyncHttpClient-1-23] DEBUG org.asynchttpclient.netty.channel.ChannelManager - Adding key: http://localhost:49984 for channel [id: 0x6b86dcd5, L:/127.0.0.1:52172 - R:localhost/127.0.0.1:49984]
  &amp#27;[32mAnd &amp#27;[0m&amp#27;[32mI input new &amp#27;[0m&amp#27;[32m&amp#27;[1m"ronasari@gmail.com"&amp#27;[0m&amp#27;[32m email&amp#27;[0m &amp#27;[90m# starter.stepdefinition.Registerstep.iInputNewEmail(java.lang.String)&amp#27;[0m
12:46:20.398 [Forwarding screenshot on session a989fa7813cbbf174ac4676acd067a27 to remote] DEBUG org.asynchttpclient.netty.request.NettyRequestSender - Using pooled Channel '[id: 0x6b86dcd5, L:/127.0.0.1:52172 - R:localhost/127.0.0.1:49984]' for 'GET' to 'http://localhost:49984/session/a989fa7813cbbf174ac4676acd067a27/screenshot'
12:46:20.398 [Forwarding screenshot on session a989fa7813cbbf174ac4676acd067a27 to remote] DEBUG org.asynchttpclient.netty.request.NettyRequestSender - Using open Channel [id: 0x6b86dcd5, L:/127.0.0.1:52172 - R:localhost/127.0.0.1:49984] for GET '/session/a989fa7813cbbf174ac4676acd067a27/screenshot'
12:46:20.576 [AsyncHttpClient-1-23] DEBUG org.asynchttpclient.netty.handler.HttpHandler - 

Request DefaultFullHttpRequest(decodeResult: success, version: HTTP/1.1, content: EmptyByteBufBE)
GET /session/a989fa7813cbbf174ac4676acd067a27/screenshot HTTP/1.1
User-Agent: selenium/4.1.2 (java windows)
Cache-Control: no-cache
Content-Type: application/json; charset=utf-8
host: localhost:49984
accept: */*

Response DefaultHttpResponse(decodeResult: success, version: HTTP/1.1)
HTTP/1.1 200 OK
Content-Type: application/json; charset=utf-8
cache-control: no-cache
content-length: 45512

12:46:20.576 [AsyncHttpClient-1-23] DEBUG org.asynchttpclient.netty.channel.ChannelManager - Adding key: http://localhost:49984 for channel [id: 0x6b86dcd5, L:/127.0.0.1:52172 - R:localhost/127.0.0.1:49984]
12:46:20.578 [main] DEBUG net.serenitybdd.core.photography.Darkroom - Send negative for processing for target\site\serenity\65f04b95be21eedd9fc40302534561f70d6065a11c32a35c3d99b425d5e9d05e.png
12:46:20.578 [Darkroom Processing Line] DEBUG net.serenitybdd.core.photography.DarkroomProcessingLine - Processing screenshot image in /var/screenshots/screenshot-5468538141313744935
12:46:20.578 [Darkroom Processing Line] DEBUG net.serenitybdd.core.photography.DarkroomProcessingLine - Saving screenshot to target\site\serenity\65f04b95be21eedd9fc40302534561f70d6065a11c32a35c3d99b425d5e9d05e.png
12:46:20.587 [Forwarding findElement on session a989fa7813cbbf174ac4676acd067a27 to remote] DEBUG org.asynchttpclient.netty.request.NettyRequestSender - Using pooled Channel '[id: 0x6b86dcd5, L:/127.0.0.1:52172 - R:localhost/127.0.0.1:49984]' for 'POST' to 'http://localhost:49984/session/a989fa7813cbbf174ac4676acd067a27/element'
12:46:20.587 [Forwarding findElement on session a989fa7813cbbf174ac4676acd067a27 to remote] DEBUG org.asynchttpclient.netty.request.NettyRequestSender - Using open Channel [id: 0x6b86dcd5, L:/127.0.0.1:52172 - R:localhost/127.0.0.1:49984] for POST '/session/a989fa7813cbbf174ac4676acd067a27/element'
12:46:20.597 [AsyncHttpClient-1-23] DEBUG org.asynchttpclient.netty.handler.HttpHandler - 

Request DefaultHttpRequest(decodeResult: success, version: HTTP/1.1)
POST /session/a989fa7813cbbf174ac4676acd067a27/element HTTP/1.1
User-Agent: selenium/4.1.2 (java windows)
Content-Length: 91
Content-Type: application/json; charset=utf-8
host: localhost:49984
accept: */*

Response DefaultHttpResponse(decodeResult: success, version: HTTP/1.1)
HTTP/1.1 200 OK
Content-Type: application/json; charset=utf-8
cache-control: no-cache
content-length: 88

12:46:20.597 [AsyncHttpClient-1-23] DEBUG org.asynchttpclient.netty.channel.ChannelManager - Adding key: http://localhost:49984 for channel [id: 0x6b86dcd5, L:/127.0.0.1:52172 - R:localhost/127.0.0.1:49984]
12:46:20.598 [Forwarding clearElement on session a989fa7813cbbf174ac4676acd067a27 to remote] DEBUG org.asynchttpclient.netty.request.NettyRequestSender - Using pooled Channel '[id: 0x6b86dcd5, L:/127.0.0.1:52172 - R:localhost/127.0.0.1:49984]' for 'POST' to 'http://localhost:49984/session/a989fa7813cbbf174ac4676acd067a27/element/233dc15e-fdcc-4be4-aad2-f892a370eb5e/clear'
12:46:20.598 [Forwarding clearElement on session a989fa7813cbbf174ac4676acd067a27 to remote] DEBUG org.asynchttpclient.netty.request.NettyRequestSender - Using open Channel [id: 0x6b86dcd5, L:/127.0.0.1:52172 - R:localhost/127.0.0.1:49984] for POST '/session/a989fa7813cbbf174ac4676acd067a27/element/233dc15e-fdcc-4be4-aad2-f892a370eb5e/clear'
12:46:20.632 [AsyncHttpClient-1-23] DEBUG org.asynchttpclient.netty.handler.HttpHandler - 

Request DefaultHttpRequest(decodeResult: success, version: HTTP/1.1)
POST /session/a989fa7813cbbf174ac4676acd067a27/element/233dc15e-fdcc-4be4-aad2-f892a370eb5e/clear HTTP/1.1
User-Agent: selenium/4.1.2 (java windows)
Content-Length: 50
Content-Type: application/json; charset=utf-8
host: localhost:49984
accept: */*

Response DefaultHttpResponse(decodeResult: success, version: HTTP/1.1)
HTTP/1.1 200 OK
Content-Type: application/json; charset=utf-8
cache-control: no-cache
content-length: 14

12:46:20.632 [AsyncHttpClient-1-23] DEBUG org.asynchttpclient.netty.channel.ChannelManager - Adding key: http://localhost:49984 for channel [id: 0x6b86dcd5, L:/127.0.0.1:52172 - R:localhost/127.0.0.1:49984]
12:46:20.633 [Forwarding sendKeysToElement on session a989fa7813cbbf174ac4676acd067a27 to remote] DEBUG org.asynchttpclient.netty.request.NettyRequestSender - Using pooled Channel '[id: 0x6b86dcd5, L:/127.0.0.1:52172 - R:localhost/127.0.0.1:49984]' for 'POST' to 'http://localhost:49984/session/a989fa7813cbbf174ac4676acd067a27/element/233dc15e-fdcc-4be4-aad2-f892a370eb5e/value'
12:46:20.633 [Forwarding sendKeysToElement on session a989fa7813cbbf174ac4676acd067a27 to remote] DEBUG org.asynchttpclient.netty.request.NettyRequestSender - Using open Channel [id: 0x6b86dcd5, L:/127.0.0.1:52172 - R:localhost/127.0.0.1:49984] for POST '/session/a989fa7813cbbf174ac4676acd067a27/element/233dc15e-fdcc-4be4-aad2-f892a370eb5e/value'
12:46:20.666 [AsyncHttpClient-1-23] DEBUG org.asynchttpclient.netty.handler.HttpHandler - 

Request DefaultHttpRequest(decodeResult: success, version: HTTP/1.1)
POST /session/a989fa7813cbbf174ac4676acd067a27/element/233dc15e-fdcc-4be4-aad2-f892a370eb5e/value HTTP/1.1
User-Agent: selenium/4.1.2 (java windows)
Content-Length: 82
Content-Type: application/json; charset=utf-8
host: localhost:49984
accept: */*

Response DefaultHttpResponse(decodeResult: success, version: HTTP/1.1)
HTTP/1.1 200 OK
Content-Type: application/json; charset=utf-8
cache-control: no-cache
content-length: 14

12:46:20.666 [AsyncHttpClient-1-23] DEBUG org.asynchttpclient.netty.channel.ChannelManager - Adding key: http://localhost:49984 for channel [id: 0x6b86dcd5, L:/127.0.0.1:52172 - R:localhost/127.0.0.1:49984]
  &amp#27;[32mAnd &amp#27;[0m&amp#27;[32mI input new &amp#27;[0m&amp#27;[32m&amp#27;[1m""&amp#27;[0m&amp#27;[32m password&amp#27;[0m                &amp#27;[90m# starter.stepdefinition.Registerstep.iInputNewPassword(java.lang.String)&amp#27;[0m
12:46:20.671 [Forwarding screenshot on session a989fa7813cbbf174ac4676acd067a27 to remote] DEBUG org.asynchttpclient.netty.request.NettyRequestSender - Using pooled Channel '[id: 0x6b86dcd5, L:/127.0.0.1:52172 - R:localhost/127.0.0.1:49984]' for 'GET' to 'http://localhost:49984/session/a989fa7813cbbf174ac4676acd067a27/screenshot'
12:46:20.671 [Forwarding screenshot on session a989fa7813cbbf174ac4676acd067a27 to remote] DEBUG org.asynchttpclient.netty.request.NettyRequestSender - Using open Channel [id: 0x6b86dcd5, L:/127.0.0.1:52172 - R:localhost/127.0.0.1:49984] for GET '/session/a989fa7813cbbf174ac4676acd067a27/screenshot'
12:46:20.852 [AsyncHttpClient-1-23] DEBUG org.asynchttpclient.netty.handler.HttpHandler - 

Request DefaultFullHttpRequest(decodeResult: success, version: HTTP/1.1, content: EmptyByteBufBE)
GET /session/a989fa7813cbbf174ac4676acd067a27/screenshot HTTP/1.1
User-Agent: selenium/4.1.2 (java windows)
Cache-Control: no-cache
Content-Type: application/json; charset=utf-8
host: localhost:49984
accept: */*

Response DefaultHttpResponse(decodeResult: success, version: HTTP/1.1)
HTTP/1.1 200 OK
Content-Type: application/json; charset=utf-8
cache-control: no-cache
content-length: 45196

12:46:20.852 [AsyncHttpClient-1-23] DEBUG org.asynchttpclient.netty.channel.ChannelManager - Adding key: http://localhost:49984 for channel [id: 0x6b86dcd5, L:/127.0.0.1:52172 - R:localhost/127.0.0.1:49984]
12:46:20.853 [main] DEBUG net.serenitybdd.core.photography.Darkroom - Send negative for processing for target\site\serenity\ed5417185fccd86dcdd6275fae78aa384e1de76ebc381658abb243872c95a07c.png
12:46:20.854 [Darkroom Processing Line] DEBUG net.serenitybdd.core.photography.DarkroomProcessingLine - Processing screenshot image in /var/screenshots/screenshot-5603109229733988562
12:46:20.854 [Darkroom Processing Line] DEBUG net.serenitybdd.core.photography.DarkroomProcessingLine - Saving screenshot to target\site\serenity\ed5417185fccd86dcdd6275fae78aa384e1de76ebc381658abb243872c95a07c.png
12:46:20.860 [Forwarding findElement on session a989fa7813cbbf174ac4676acd067a27 to remote] DEBUG org.asynchttpclient.netty.request.NettyRequestSender - Using pooled Channel '[id: 0x6b86dcd5, L:/127.0.0.1:52172 - R:localhost/127.0.0.1:49984]' for 'POST' to 'http://localhost:49984/session/a989fa7813cbbf174ac4676acd067a27/element'
12:46:20.860 [Forwarding findElement on session a989fa7813cbbf174ac4676acd067a27 to remote] DEBUG org.asynchttpclient.netty.request.NettyRequestSender - Using open Channel [id: 0x6b86dcd5, L:/127.0.0.1:52172 - R:localhost/127.0.0.1:49984] for POST '/session/a989fa7813cbbf174ac4676acd067a27/element'
12:46:20.869 [AsyncHttpClient-1-23] DEBUG org.asynchttpclient.netty.handler.HttpHandler - 

Request DefaultHttpRequest(decodeResult: success, version: HTTP/1.1)
POST /session/a989fa7813cbbf174ac4676acd067a27/element HTTP/1.1
User-Agent: selenium/4.1.2 (java windows)
Content-Length: 123
Content-Type: application/json; charset=utf-8
host: localhost:49984
accept: */*

Response DefaultHttpResponse(decodeResult: success, version: HTTP/1.1)
HTTP/1.1 200 OK
Content-Type: application/json; charset=utf-8
cache-control: no-cache
content-length: 88

12:46:20.869 [AsyncHttpClient-1-23] DEBUG org.asynchttpclient.netty.channel.ChannelManager - Adding key: http://localhost:49984 for channel [id: 0x6b86dcd5, L:/127.0.0.1:52172 - R:localhost/127.0.0.1:49984]
12:46:20.870 [Forwarding getElementTagName on session a989fa7813cbbf174ac4676acd067a27 to remote] DEBUG org.asynchttpclient.netty.request.NettyRequestSender - Using pooled Channel '[id: 0x6b86dcd5, L:/127.0.0.1:52172 - R:localhost/127.0.0.1:49984]' for 'GET' to 'http://localhost:49984/session/a989fa7813cbbf174ac4676acd067a27/element/2d93eb73-8664-42c0-960c-23c56ed57cef/name'
12:46:20.870 [Forwarding getElementTagName on session a989fa7813cbbf174ac4676acd067a27 to remote] DEBUG org.asynchttpclient.netty.request.NettyRequestSender - Using open Channel [id: 0x6b86dcd5, L:/127.0.0.1:52172 - R:localhost/127.0.0.1:49984] for GET '/session/a989fa7813cbbf174ac4676acd067a27/element/2d93eb73-8664-42c0-960c-23c56ed57cef/name'
12:46:20.874 [AsyncHttpClient-1-23] DEBUG org.asynchttpclient.netty.handler.HttpHandler - 

Request DefaultFullHttpRequest(decodeResult: success, version: HTTP/1.1, content: EmptyByteBufBE)
GET /session/a989fa7813cbbf174ac4676acd067a27/element/2d93eb73-8664-42c0-960c-23c56ed57cef/name HTTP/1.1
User-Agent: selenium/4.1.2 (java windows)
Cache-Control: no-cache
Content-Type: application/json; charset=utf-8
host: localhost:49984
accept: */*

Response DefaultHttpResponse(decodeResult: success, version: HTTP/1.1)
HTTP/1.1 200 OK
Content-Type: application/json; charset=utf-8
cache-control: no-cache
content-length: 16

12:46:20.874 [AsyncHttpClient-1-23] DEBUG org.asynchttpclient.netty.channel.ChannelManager - Adding key: http://localhost:49984 for channel [id: 0x6b86dcd5, L:/127.0.0.1:52172 - R:localhost/127.0.0.1:49984]
12:46:20.875 [Forwarding getElementTagName on session a989fa7813cbbf174ac4676acd067a27 to remote] DEBUG org.asynchttpclient.netty.request.NettyRequestSender - Using pooled Channel '[id: 0x6b86dcd5, L:/127.0.0.1:52172 - R:localhost/127.0.0.1:49984]' for 'GET' to 'http://localhost:49984/session/a989fa7813cbbf174ac4676acd067a27/element/2d93eb73-8664-42c0-960c-23c56ed57cef/name'
12:46:20.875 [Forwarding getElementTagName on session a989fa7813cbbf174ac4676acd067a27 to remote] DEBUG org.asynchttpclient.netty.request.NettyRequestSender - Using open Channel [id: 0x6b86dcd5, L:/127.0.0.1:52172 - R:localhost/127.0.0.1:49984] for GET '/session/a989fa7813cbbf174ac4676acd067a27/element/2d93eb73-8664-42c0-960c-23c56ed57cef/name'
12:46:20.880 [AsyncHttpClient-1-23] DEBUG org.asynchttpclient.netty.handler.HttpHandler - 

Request DefaultFullHttpRequest(decodeResult: success, version: HTTP/1.1, content: EmptyByteBufBE)
GET /session/a989fa7813cbbf174ac4676acd067a27/element/2d93eb73-8664-42c0-960c-23c56ed57cef/name HTTP/1.1
User-Agent: selenium/4.1.2 (java windows)
Cache-Control: no-cache
Content-Type: application/json; charset=utf-8
host: localhost:49984
accept: */*

Response DefaultHttpResponse(decodeResult: success, version: HTTP/1.1)
HTTP/1.1 200 OK
Content-Type: application/json; charset=utf-8
cache-control: no-cache
content-length: 16

12:46:20.880 [AsyncHttpClient-1-23] DEBUG org.asynchttpclient.netty.channel.ChannelManager - Adding key: http://localhost:49984 for channel [id: 0x6b86dcd5, L:/127.0.0.1:52172 - R:localhost/127.0.0.1:49984]
12:46:20.881 [Forwarding findElement on session a989fa7813cbbf174ac4676acd067a27 to remote] DEBUG org.asynchttpclient.netty.request.NettyRequestSender - Using pooled Channel '[id: 0x6b86dcd5, L:/127.0.0.1:52172 - R:localhost/127.0.0.1:49984]' for 'POST' to 'http://localhost:49984/session/a989fa7813cbbf174ac4676acd067a27/element'
12:46:20.881 [Forwarding findElement on session a989fa7813cbbf174ac4676acd067a27 to remote] DEBUG org.asynchttpclient.netty.request.NettyRequestSender - Using open Channel [id: 0x6b86dcd5, L:/127.0.0.1:52172 - R:localhost/127.0.0.1:49984] for POST '/session/a989fa7813cbbf174ac4676acd067a27/element'
12:46:20.887 [AsyncHttpClient-1-23] DEBUG org.asynchttpclient.netty.handler.HttpHandler - 

Request DefaultHttpRequest(decodeResult: success, version: HTTP/1.1)
POST /session/a989fa7813cbbf174ac4676acd067a27/element HTTP/1.1
User-Agent: selenium/4.1.2 (java windows)
Content-Length: 123
Content-Type: application/json; charset=utf-8
host: localhost:49984
accept: */*

Response DefaultHttpResponse(decodeResult: success, version: HTTP/1.1)
HTTP/1.1 200 OK
Content-Type: application/json; charset=utf-8
cache-control: no-cache
content-length: 88

12:46:20.887 [AsyncHttpClient-1-23] DEBUG org.asynchttpclient.netty.channel.ChannelManager - Adding key: http://localhost:49984 for channel [id: 0x6b86dcd5, L:/127.0.0.1:52172 - R:localhost/127.0.0.1:49984]
12:46:20.887 [Forwarding clickElement on session a989fa7813cbbf174ac4676acd067a27 to remote] DEBUG org.asynchttpclient.netty.request.NettyRequestSender - Using pooled Channel '[id: 0x6b86dcd5, L:/127.0.0.1:52172 - R:localhost/127.0.0.1:49984]' for 'POST' to 'http://localhost:49984/session/a989fa7813cbbf174ac4676acd067a27/element/2d93eb73-8664-42c0-960c-23c56ed57cef/click'
12:46:20.887 [Forwarding clickElement on session a989fa7813cbbf174ac4676acd067a27 to remote] DEBUG org.asynchttpclient.netty.request.NettyRequestSender - Using open Channel [id: 0x6b86dcd5, L:/127.0.0.1:52172 - R:localhost/127.0.0.1:49984] for POST '/session/a989fa7813cbbf174ac4676acd067a27/element/2d93eb73-8664-42c0-960c-23c56ed57cef/click'
12:46:20.921 [AsyncHttpClient-1-23] DEBUG org.asynchttpclient.netty.handler.HttpHandler - 

Request DefaultHttpRequest(decodeResult: success, version: HTTP/1.1)
POST /session/a989fa7813cbbf174ac4676acd067a27/element/2d93eb73-8664-42c0-960c-23c56ed57cef/click HTTP/1.1
User-Agent: selenium/4.1.2 (java windows)
Content-Length: 50
Content-Type: application/json; charset=utf-8
host: localhost:49984
accept: */*

Response DefaultHttpResponse(decodeResult: success, version: HTTP/1.1)
HTTP/1.1 200 OK
Content-Type: application/json; charset=utf-8
cache-control: no-cache
content-length: 14

12:46:20.921 [AsyncHttpClient-1-23] DEBUG org.asynchttpclient.netty.channel.ChannelManager - Adding key: http://localhost:49984 for channel [id: 0x6b86dcd5, L:/127.0.0.1:52172 - R:localhost/127.0.0.1:49984]
  &amp#27;[32mAnd &amp#27;[0m&amp#27;[32mI click register  button&amp#27;[0m               &amp#27;[90m# starter.stepdefinition.Registerstep.iClickRegisterButton()&amp#27;[0m
12:46:20.925 [Forwarding screenshot on session a989fa7813cbbf174ac4676acd067a27 to remote] DEBUG org.asynchttpclient.netty.request.NettyRequestSender - Using pooled Channel '[id: 0x6b86dcd5, L:/127.0.0.1:52172 - R:localhost/127.0.0.1:49984]' for 'GET' to 'http://localhost:49984/session/a989fa7813cbbf174ac4676acd067a27/screenshot'
12:46:20.925 [Forwarding screenshot on session a989fa7813cbbf174ac4676acd067a27 to remote] DEBUG org.asynchttpclient.netty.request.NettyRequestSender - Using open Channel [id: 0x6b86dcd5, L:/127.0.0.1:52172 - R:localhost/127.0.0.1:49984] for GET '/session/a989fa7813cbbf174ac4676acd067a27/screenshot'
12:46:20.945 [AsyncHttpClient-1-1] DEBUG org.asynchttpclient.netty.channel.DefaultChannelPool - Entry count for : http://localhost:52173 : 1
12:46:21.099 [AsyncHttpClient-1-23] DEBUG org.asynchttpclient.netty.handler.HttpHandler - 

Request DefaultFullHttpRequest(decodeResult: success, version: HTTP/1.1, content: EmptyByteBufBE)
GET /session/a989fa7813cbbf174ac4676acd067a27/screenshot HTTP/1.1
User-Agent: selenium/4.1.2 (java windows)
Cache-Control: no-cache
Content-Type: application/json; charset=utf-8
host: localhost:49984
accept: */*

Response DefaultHttpResponse(decodeResult: success, version: HTTP/1.1)
HTTP/1.1 200 OK
Content-Type: application/json; charset=utf-8
cache-control: no-cache
content-length: 45520

12:46:21.099 [AsyncHttpClient-1-23] DEBUG org.asynchttpclient.netty.channel.ChannelManager - Adding key: http://localhost:49984 for channel [id: 0x6b86dcd5, L:/127.0.0.1:52172 - R:localhost/127.0.0.1:49984]
12:46:21.100 [main] DEBUG net.serenitybdd.core.photography.Darkroom - Send negative for processing for target\site\serenity\a8cc86f5bf34cff7888c0d406f3cf9436ba83e0f8d90a346bae196313b688c82.png
12:46:21.102 [Darkroom Processing Line] DEBUG net.serenitybdd.core.photography.DarkroomProcessingLine - Processing screenshot image in /var/screenshots/screenshot-842160055033568687
12:46:21.102 [Darkroom Processing Line] DEBUG net.serenitybdd.core.photography.DarkroomProcessingLine - Saving screenshot to target\site\serenity\a8cc86f5bf34cff7888c0d406f3cf9436ba83e0f8d90a346bae196313b688c82.png
12:46:21.107 [Forwarding findElement on session a989fa7813cbbf174ac4676acd067a27 to remote] DEBUG org.asynchttpclient.netty.request.NettyRequestSender - Using pooled Channel '[id: 0x6b86dcd5, L:/127.0.0.1:52172 - R:localhost/127.0.0.1:49984]' for 'POST' to 'http://localhost:49984/session/a989fa7813cbbf174ac4676acd067a27/element'
12:46:21.107 [Forwarding findElement on session a989fa7813cbbf174ac4676acd067a27 to remote] DEBUG org.asynchttpclient.netty.request.NettyRequestSender - Using open Channel [id: 0x6b86dcd5, L:/127.0.0.1:52172 - R:localhost/127.0.0.1:49984] for POST '/session/a989fa7813cbbf174ac4676acd067a27/element'
12:46:21.918 [AsyncHttpClient-1-23] DEBUG org.asynchttpclient.netty.handler.HttpHandler - 

Request DefaultHttpRequest(decodeResult: success, version: HTTP/1.1)
POST /session/a989fa7813cbbf174ac4676acd067a27/element HTTP/1.1
User-Agent: selenium/4.1.2 (java windows)
Content-Length: 81
Content-Type: application/json; charset=utf-8
host: localhost:49984
accept: */*

Response DefaultHttpResponse(decodeResult: success, version: HTTP/1.1)
HTTP/1.1 200 OK
Content-Type: application/json; charset=utf-8
cache-control: no-cache
content-length: 88

12:46:21.918 [AsyncHttpClient-1-23] DEBUG org.asynchttpclient.netty.channel.ChannelManager - Adding key: http://localhost:49984 for channel [id: 0x6b86dcd5, L:/127.0.0.1:52172 - R:localhost/127.0.0.1:49984]
12:46:21.921 [Forwarding isElementDisplayed on session a989fa7813cbbf174ac4676acd067a27 to remote] DEBUG org.asynchttpclient.netty.request.NettyRequestSender - Using pooled Channel '[id: 0x6b86dcd5, L:/127.0.0.1:52172 - R:localhost/127.0.0.1:49984]' for 'POST' to 'http://localhost:49984/session/a989fa7813cbbf174ac4676acd067a27/execute/sync'
12:46:21.921 [Forwarding isElementDisplayed on session a989fa7813cbbf174ac4676acd067a27 to remote] DEBUG org.asynchttpclient.netty.request.NettyRequestSender - Using open Channel [id: 0x6b86dcd5, L:/127.0.0.1:52172 - R:localhost/127.0.0.1:49984] for POST '/session/a989fa7813cbbf174ac4676acd067a27/execute/sync'
12:46:21.933 [AsyncHttpClient-1-23] DEBUG org.asynchttpclient.netty.handler.HttpHandler - 

Request DefaultHttpRequest(decodeResult: success, version: HTTP/1.1)
POST /session/a989fa7813cbbf174ac4676acd067a27/execute/sync HTTP/1.1
User-Agent: selenium/4.1.2 (java windows)
Content-Length: 48780
Content-Type: application/json; charset=utf-8
host: localhost:49984
accept: */*

Response DefaultHttpResponse(decodeResult: success, version: HTTP/1.1)
HTTP/1.1 200 OK
Content-Type: application/json; charset=utf-8
cache-control: no-cache
content-length: 14

12:46:21.933 [AsyncHttpClient-1-23] DEBUG org.asynchttpclient.netty.channel.ChannelManager - Adding key: http://localhost:49984 for channel [id: 0x6b86dcd5, L:/127.0.0.1:52172 - R:localhost/127.0.0.1:49984]
  &amp#27;[32mThen &amp#27;[0m&amp#27;[32mI will get &amp#27;[0m&amp#27;[32m&amp#27;[1m"error message"&amp#27;[0m            &amp#27;[90m# starter.stepdefinition.Registerstep.iWillGet(java.lang.String)&amp#27;[0m
12:46:21.937 [Forwarding screenshot on session a989fa7813cbbf174ac4676acd067a27 to remote] DEBUG org.asynchttpclient.netty.request.NettyRequestSender - Using pooled Channel '[id: 0x6b86dcd5, L:/127.0.0.1:52172 - R:localhost/127.0.0.1:49984]' for 'GET' to 'http://localhost:49984/session/a989fa7813cbbf174ac4676acd067a27/screenshot'
12:46:21.937 [Forwarding screenshot on session a989fa7813cbbf174ac4676acd067a27 to remote] DEBUG org.asynchttpclient.netty.request.NettyRequestSender - Using open Channel [id: 0x6b86dcd5, L:/127.0.0.1:52172 - R:localhost/127.0.0.1:49984] for GET '/session/a989fa7813cbbf174ac4676acd067a27/screenshot'
12:46:22.044 [AsyncHttpClient-1-1] DEBUG org.asynchttpclient.netty.channel.DefaultChannelPool - Entry count for : http://localhost:52173 : 1
12:46:22.097 [AsyncHttpClient-1-23] DEBUG org.asynchttpclient.netty.handler.HttpHandler - 

Request DefaultFullHttpRequest(decodeResult: success, version: HTTP/1.1, content: EmptyByteBufBE)
GET /session/a989fa7813cbbf174ac4676acd067a27/screenshot HTTP/1.1
User-Agent: selenium/4.1.2 (java windows)
Cache-Control: no-cache
Content-Type: application/json; charset=utf-8
host: localhost:49984
accept: */*

Response DefaultHttpResponse(decodeResult: success, version: HTTP/1.1)
HTTP/1.1 200 OK
Content-Type: application/json; charset=utf-8
cache-control: no-cache
content-length: 47292

12:46:22.097 [AsyncHttpClient-1-23] DEBUG org.asynchttpclient.netty.channel.ChannelManager - Adding key: http://localhost:49984 for channel [id: 0x6b86dcd5, L:/127.0.0.1:52172 - R:localhost/127.0.0.1:49984]
12:46:22.098 [main] DEBUG net.serenitybdd.core.photography.Darkroom - Send negative for processing for target\site\serenity\bde7e0195fa5b6770266a448827e9c3e5174b3ba7dc9a00191e427223f716bce.png
12:46:22.099 [Darkroom Processing Line] DEBUG net.serenitybdd.core.photography.DarkroomProcessingLine - Processing screenshot image in /var/screenshots/screenshot-17536940365185436354
12:46:22.099 [Darkroom Processing Line] DEBUG net.serenitybdd.core.photography.DarkroomProcessingLine - Saving screenshot to target\site\serenity\bde7e0195fa5b6770266a448827e9c3e5174b3ba7dc9a00191e427223f716bce.png
12:46:22.102 [AsyncHttpClient-1-25] DEBUG org.asynchttpclient.netty.handler.WebSocketHandler - Channel Closed: [id: 0xe8ceeaaf, L:/127.0.0.1:52180 ! R:localhost/127.0.0.1:52173] with attribute NettyResponseFuture{currentRetry=5,
	isDone=1,
	isCancelled=0,
	asyncHandler=org.asynchttpclient.ws.WebSocketUpgradeHandler@484a84a2,
	nettyRequest=org.asynchttpclient.netty.request.NettyRequest@21dcda1c,
	future=java.util.concurrent.CompletableFuture@2f7bf39[Completed normally],
	uri=ws://localhost:52173/devtools/browser/f7575f4d-6040-499f-b09a-ffaeb2d04810,
	keepAlive=true,
	redirectCount=0,
	timeoutsHolder=null,
	inAuth=0,
	touch=1667972778110}
12:46:22.102 [AsyncHttpClient-1-25] DEBUG org.asynchttpclient.netty.channel.ChannelManager - Closing Channel [id: 0xe8ceeaaf, L:/127.0.0.1:52180 ! R:localhost/127.0.0.1:52173] 
12:46:22.102 [Driver Command Executor] DEBUG org.asynchttpclient.netty.request.NettyRequestSender - Using pooled Channel '[id: 0x6b86dcd5, L:/127.0.0.1:52172 - R:localhost/127.0.0.1:49984]' for 'DELETE' to 'http://localhost:49984/session/a989fa7813cbbf174ac4676acd067a27'
12:46:22.102 [Driver Command Executor] DEBUG org.asynchttpclient.netty.request.NettyRequestSender - Using open Channel [id: 0x6b86dcd5, L:/127.0.0.1:52172 - R:localhost/127.0.0.1:49984] for DELETE '/session/a989fa7813cbbf174ac4676acd067a27'
12:46:22.125 [AsyncHttpClient-1-24] DEBUG org.asynchttpclient.netty.handler.HttpHandler - Unexpected I/O exception on channel [id: 0xd3db49d5, L:/127.0.0.1:52179 - R:localhost/127.0.0.1:52173]
java.io.IOException: An existing connection was forcibly closed by the remote host
	at java.base/sun.nio.ch.SocketDispatcher.read0(Native Method)
	at java.base/sun.nio.ch.SocketDispatcher.read(SocketDispatcher.java:43)
	at java.base/sun.nio.ch.IOUtil.readIntoNativeBuffer(IOUtil.java:276)
	at java.base/sun.nio.ch.IOUtil.read(IOUtil.java:233)
	at java.base/sun.nio.ch.IOUtil.read(IOUtil.java:223)
	at java.base/sun.nio.ch.SocketChannelImpl.read(SocketChannelImpl.java:358)
	at io.netty.buffer.PooledByteBuf.setBytes(PooledByteBuf.java:258)
	at io.netty.buffer.AbstractByteBuf.writeBytes(AbstractByteBuf.java:1132)
	at io.netty.channel.socket.nio.NioSocketChannel.doReadBytes(NioSocketChannel.java:350)
	at io.netty.channel.nio.AbstractNioByteChannel$NioByteUnsafe.read(AbstractNioByteChannel.java:151)
	at io.netty.channel.nio.NioEventLoop.processSelectedKey(NioEventLoop.java:722)
	at io.netty.channel.nio.NioEventLoop.processSelectedKeysOptimized(NioEventLoop.java:658)
	at io.netty.channel.nio.NioEventLoop.processSelectedKeys(NioEventLoop.java:584)
	at io.netty.channel.nio.NioEventLoop.run(NioEventLoop.java:496)
	at io.netty.util.concurrent.SingleThreadEventExecutor$4.run(SingleThreadEventExecutor.java:986)
	at io.netty.util.internal.ThreadExecutorMap$2.run(ThreadExecutorMap.java:74)
	at io.netty.util.concurrent.FastThreadLocalRunnable.run(FastThreadLocalRunnable.java:30)
	at java.base/java.lang.Thread.run(Thread.java:834)
12:46:22.125 [AsyncHttpClient-1-24] DEBUG org.asynchttpclient.netty.channel.ChannelManager - Closing Channel [id: 0xd3db49d5, L:/127.0.0.1:52179 - R:localhost/127.0.0.1:52173] 
12:46:22.126 [AsyncHttpClient-1-24] DEBUG org.asynchttpclient.netty.handler.HttpHandler - Channel Closed: [id: 0xd3db49d5, L:/127.0.0.1:52179 ! R:localhost/127.0.0.1:52173] with attribute DISCARD
12:46:22.141 [AsyncHttpClient-1-23] DEBUG org.asynchttpclient.netty.handler.HttpHandler - 

Request DefaultFullHttpRequest(decodeResult: success, version: HTTP/1.1, content: EmptyByteBufBE)
DELETE /session/a989fa7813cbbf174ac4676acd067a27 HTTP/1.1
User-Agent: selenium/4.1.2 (java windows)
Content-Type: application/json; charset=utf-8
host: localhost:49984
accept: */*

Response DefaultHttpResponse(decodeResult: success, version: HTTP/1.1)
HTTP/1.1 200 OK
Content-Type: application/json; charset=utf-8
cache-control: no-cache
content-length: 14

12:46:22.141 [AsyncHttpClient-1-23] DEBUG org.asynchttpclient.netty.channel.ChannelManager - Adding key: http://localhost:49984 for channel [id: 0x6b86dcd5, L:/127.0.0.1:52172 - R:localhost/127.0.0.1:49984]
12:46:22.189 [AsyncHttpClient-1-23] DEBUG org.asynchttpclient.netty.handler.HttpHandler - Channel Closed: [id: 0x6b86dcd5, L:/127.0.0.1:52172 ! R:localhost/127.0.0.1:49984] with attribute DISCARD
]]></system-out>
    <system-err><![CDATA[Starting ChromeDriver 107.0.5304.62 (1eec40d3a5764881c92085aaee66d25075c159aa-refs/branch-heads/5304@{#942}) on port 49984
Only local connections are allowed.
Please see https://chromedriver.chromium.org/security-considerations for suggestions on keeping ChromeDriver safe.
ChromeDriver was started successfully.
Nov 09, 2022 12:46:18 PM org.openqa.selenium.remote.ProtocolHandshake createSession
INFO: Detected dialect: W3C
Nov 09, 2022 12:46:18 PM org.openqa.selenium.devtools.CdpVersionFinder findNearestMatch
WARNING: Unable to find an exact match for CDP version 107, so returning the closest version found: a no-op implementation
Nov 09, 2022 12:46:18 PM org.openqa.selenium.devtools.CdpVersionFinder findNearestMatch
INFO: Unable to find CDP implementation matching 107.
Nov 09, 2022 12:46:18 PM org.openqa.selenium.chromium.ChromiumDriver lambda$new$3
WARNING: Unable to find version of CDP to use for . You may need to include a dependency on a specific version of the CDP using something similar to `org.seleniumhq.selenium:selenium-devtools-v86:4.1.2` where the version ("v86") matches the version of the chromium-based browser you're using and the version number of the artifact is the same as Selenium's.
]]></system-err>
  </testcase>
  <testcase name="Register new account #6" classname="Register" time="6.908">
    <system-out><![CDATA[
@Register
Scenario Outline: Register new account       &amp#27;[90m# src/test/resources/features/register.feature:23&amp#27;[0m
12:46:22.260 [main] INFO io.cucumber.core.plugin.SerenityReporter - Running feature from file:///C:/Users/ASUS/Web/src/test/resources/features/register.feature
12:46:22.268 [main] INFO net.serenitybdd.core.webdriver.driverproviders.ChromeDriverProvider - Using automatically driver download
12:46:22.369 [main] DEBUG io.github.bonigarcia.wdm.cache.ResolutionCache - Resolution chrome=107 in cache (valid until 13:44:11 09/11/2022 ICT)
12:46:22.373 [main] DEBUG io.github.bonigarcia.wdm.cache.ResolutionCache - Resolution chrome107=107.0.5304.62 in cache (valid until 12:48:49 09/11/2022 ICT)
12:46:22.374 [main] INFO io.github.bonigarcia.wdm.WebDriverManager - Using chromedriver 107.0.5304.62 (resolved driver for Chrome 107)
12:46:22.380 [main] DEBUG io.github.bonigarcia.wdm.WebDriverManager - Driver chromedriver 107.0.5304.62 found in cache
12:46:22.381 [main] INFO io.github.bonigarcia.wdm.WebDriverManager - Exporting webdriver.chrome.driver as C:\Users\ASUS\.cache\selenium\chromedriver\win32\107.0.5304.62\chromedriver.exe
12:46:22.472 [main] DEBUG net.serenitybdd.core.webdriver.driverproviders.ProvideNewDriver - Instantiating driver
12:46:22.472 [main] DEBUG net.serenitybdd.core.webdriver.driverproviders.ProvideNewDriver - Driver capabilities: Capabilities {acceptInsecureCerts: false, base.url: https://alta-shop.vercel.app/, browserName: chrome, chrome.driver: src/test/resources/webdrive..., driver: chrome, goog:chromeOptions: {args: [], extensions: []}}
12:46:22.544 [AsyncHttpClient-1-2] DEBUG org.asynchttpclient.netty.channel.NettyConnectListener - Using new Channel '[id: 0xf1349252, L:/127.0.0.1:52196 - R:localhost/127.0.0.1:53101]' for 'POST' to '/session'
12:46:23.145 [AsyncHttpClient-1-1] DEBUG org.asynchttpclient.netty.channel.DefaultChannelPool - Entry count for : http://localhost:52173 : 1
12:46:23.145 [AsyncHttpClient-1-1] DEBUG org.asynchttpclient.netty.channel.DefaultChannelPool - Entry count for : http://localhost:49984 : 1
12:46:23.145 [AsyncHttpClient-1-1] DEBUG org.asynchttpclient.netty.channel.DefaultChannelPool - Adding Candidate expired Channel [id: 0xd3db49d5, L:/127.0.0.1:52179 ! R:localhost/127.0.0.1:52173] isIdleTimeoutExpired=false isRemotelyClosed=true isTtlExpired=false
12:46:23.145 [AsyncHttpClient-1-1] DEBUG org.asynchttpclient.netty.channel.DefaultChannelPool - Closing Idle Channel [id: 0xd3db49d5, L:/127.0.0.1:52179 ! R:localhost/127.0.0.1:52173]
12:46:23.145 [AsyncHttpClient-1-1] DEBUG org.asynchttpclient.netty.channel.DefaultChannelPool - Adding Candidate expired Channel [id: 0x6b86dcd5, L:/127.0.0.1:52172 ! R:localhost/127.0.0.1:49984] isIdleTimeoutExpired=false isRemotelyClosed=true isTtlExpired=false
12:46:23.145 [AsyncHttpClient-1-1] DEBUG org.asynchttpclient.netty.channel.DefaultChannelPool - Closing Idle Channel [id: 0x6b86dcd5, L:/127.0.0.1:52172 ! R:localhost/127.0.0.1:49984]
12:46:23.145 [AsyncHttpClient-1-1] DEBUG org.asynchttpclient.netty.channel.DefaultChannelPool - Closed 2 connections out of 2 in 0 ms
12:46:25.273 [AsyncHttpClient-1-2] DEBUG org.asynchttpclient.netty.handler.HttpHandler - 

Request DefaultHttpRequest(decodeResult: success, version: HTTP/1.1)
POST /session HTTP/1.1
User-Agent: selenium/4.1.2 (java windows)
Content-Length: 615
Content-Type: application/json; charset=utf-8
host: localhost:53101
accept: */*

Response DefaultHttpResponse(decodeResult: success, version: HTTP/1.1)
HTTP/1.1 200 OK
Content-Type: application/json; charset=utf-8
cache-control: no-cache
content-length: 788

12:46:25.273 [AsyncHttpClient-1-2] DEBUG org.asynchttpclient.netty.channel.ChannelManager - Adding key: http://localhost:53101 for channel [id: 0xf1349252, L:/127.0.0.1:52196 - R:localhost/127.0.0.1:53101]
12:46:25.283 [AsyncHttpClient-1-3] DEBUG org.asynchttpclient.netty.channel.NettyConnectListener - Using new Channel '[id: 0x7c10d14a, L:/127.0.0.1:52203 - R:localhost/127.0.0.1:52197]' for 'GET' to '/json/version'
12:46:25.283 [AsyncHttpClient-1-3] DEBUG org.asynchttpclient.netty.handler.HttpHandler - 

Request DefaultFullHttpRequest(decodeResult: success, version: HTTP/1.1, content: EmptyByteBufBE)
GET /json/version HTTP/1.1
User-Agent: selenium/4.1.2 (java windows)
host: localhost:52197
accept: */*

Response DefaultHttpResponse(decodeResult: success, version: HTTP/1.1)
HTTP/1.1 200 OK
Content-Type: application/json; charset=UTF-8
content-length: 423

12:46:25.283 [AsyncHttpClient-1-3] DEBUG org.asynchttpclient.netty.channel.ChannelManager - Adding key: http://localhost:52197 for channel [id: 0x7c10d14a, L:/127.0.0.1:52203 - R:localhost/127.0.0.1:52197]
12:46:25.286 [AsyncHttpClient-1-4] DEBUG org.asynchttpclient.netty.channel.NettyConnectListener - Using new Channel '[id: 0xcf3ac891, L:/127.0.0.1:52204 - R:localhost/127.0.0.1:52197]' for 'GET' to '/devtools/browser/67949cd1-2ea3-4847-9b66-88b096a902c7'
12:46:25.287 [AsyncHttpClient-1-4] DEBUG org.asynchttpclient.netty.handler.WebSocketHandler - 

Request DefaultFullHttpRequest(decodeResult: success, version: HTTP/1.1, content: EmptyByteBufBE)
GET /devtools/browser/67949cd1-2ea3-4847-9b66-88b096a902c7 HTTP/1.1
upgrade: websocket
connection: upgrade
sec-websocket-key: 7eZciGM1W8Q+IY2BfUfdLQ==
sec-websocket-version: 13
origin: http://localhost:52197
host: localhost:52197
accept: */*
user-agent: AHC/2.1

Response DefaultHttpResponse(decodeResult: success, version: HTTP/1.1)
HTTP/1.1 101 WebSocket Protocol Handshake
Upgrade: WebSocket
Connection: Upgrade
Sec-WebSocket-Accept: VVvMUxWIo/myqr9iIAvHEiNLQls=

12:46:25.291 [Forwarding get on session 8d2e92211f85360e5ae67eb4007c1ef8 to remote] DEBUG org.asynchttpclient.netty.request.NettyRequestSender - Using pooled Channel '[id: 0xf1349252, L:/127.0.0.1:52196 - R:localhost/127.0.0.1:53101]' for 'POST' to 'http://localhost:53101/session/8d2e92211f85360e5ae67eb4007c1ef8/url'
12:46:25.291 [Forwarding get on session 8d2e92211f85360e5ae67eb4007c1ef8 to remote] DEBUG org.asynchttpclient.netty.request.NettyRequestSender - Using open Channel [id: 0xf1349252, L:/127.0.0.1:52196 - R:localhost/127.0.0.1:53101] for POST '/session/8d2e92211f85360e5ae67eb4007c1ef8/url'
12:46:25.348 [AsyncHttpClient-1-1] DEBUG org.asynchttpclient.netty.channel.DefaultChannelPool - Entry count for : http://localhost:52197 : 1
12:46:26.447 [AsyncHttpClient-1-1] DEBUG org.asynchttpclient.netty.channel.DefaultChannelPool - Entry count for : http://localhost:52197 : 1
12:46:26.524 [AsyncHttpClient-1-2] DEBUG org.asynchttpclient.netty.handler.HttpHandler - 

Request DefaultHttpRequest(decodeResult: success, version: HTTP/1.1)
POST /session/8d2e92211f85360e5ae67eb4007c1ef8/url HTTP/1.1
User-Agent: selenium/4.1.2 (java windows)
Content-Length: 59
Content-Type: application/json; charset=utf-8
host: localhost:53101
accept: */*

Response DefaultHttpResponse(decodeResult: success, version: HTTP/1.1)
HTTP/1.1 200 OK
Content-Type: application/json; charset=utf-8
cache-control: no-cache
content-length: 14

12:46:26.524 [AsyncHttpClient-1-2] DEBUG org.asynchttpclient.netty.channel.ChannelManager - Adding key: http://localhost:53101 for channel [id: 0xf1349252, L:/127.0.0.1:52196 - R:localhost/127.0.0.1:53101]
12:46:26.525 [Forwarding setTimeout on session 8d2e92211f85360e5ae67eb4007c1ef8 to remote] DEBUG org.asynchttpclient.netty.request.NettyRequestSender - Using pooled Channel '[id: 0xf1349252, L:/127.0.0.1:52196 - R:localhost/127.0.0.1:53101]' for 'POST' to 'http://localhost:53101/session/8d2e92211f85360e5ae67eb4007c1ef8/timeouts'
12:46:26.525 [Forwarding setTimeout on session 8d2e92211f85360e5ae67eb4007c1ef8 to remote] DEBUG org.asynchttpclient.netty.request.NettyRequestSender - Using open Channel [id: 0xf1349252, L:/127.0.0.1:52196 - R:localhost/127.0.0.1:53101] for POST '/session/8d2e92211f85360e5ae67eb4007c1ef8/timeouts'
12:46:26.526 [AsyncHttpClient-1-2] DEBUG org.asynchttpclient.netty.handler.HttpHandler - 

Request DefaultHttpRequest(decodeResult: success, version: HTTP/1.1)
POST /session/8d2e92211f85360e5ae67eb4007c1ef8/timeouts HTTP/1.1
User-Agent: selenium/4.1.2 (java windows)
Content-Length: 22
Content-Type: application/json; charset=utf-8
host: localhost:53101
accept: */*

Response DefaultHttpResponse(decodeResult: success, version: HTTP/1.1)
HTTP/1.1 200 OK
Content-Type: application/json; charset=utf-8
cache-control: no-cache
content-length: 14

12:46:26.526 [AsyncHttpClient-1-2] DEBUG org.asynchttpclient.netty.channel.ChannelManager - Adding key: http://localhost:53101 for channel [id: 0xf1349252, L:/127.0.0.1:52196 - R:localhost/127.0.0.1:53101]
12:46:26.527 [Forwarding getCurrentUrl on session 8d2e92211f85360e5ae67eb4007c1ef8 to remote] DEBUG org.asynchttpclient.netty.request.NettyRequestSender - Using pooled Channel '[id: 0xf1349252, L:/127.0.0.1:52196 - R:localhost/127.0.0.1:53101]' for 'GET' to 'http://localhost:53101/session/8d2e92211f85360e5ae67eb4007c1ef8/url'
12:46:26.527 [Forwarding getCurrentUrl on session 8d2e92211f85360e5ae67eb4007c1ef8 to remote] DEBUG org.asynchttpclient.netty.request.NettyRequestSender - Using open Channel [id: 0xf1349252, L:/127.0.0.1:52196 - R:localhost/127.0.0.1:53101] for GET '/session/8d2e92211f85360e5ae67eb4007c1ef8/url'
12:46:26.532 [AsyncHttpClient-1-2] DEBUG org.asynchttpclient.netty.handler.HttpHandler - 

Request DefaultFullHttpRequest(decodeResult: success, version: HTTP/1.1, content: EmptyByteBufBE)
GET /session/8d2e92211f85360e5ae67eb4007c1ef8/url HTTP/1.1
User-Agent: selenium/4.1.2 (java windows)
Cache-Control: no-cache
Content-Type: application/json; charset=utf-8
host: localhost:53101
accept: */*

Response DefaultHttpResponse(decodeResult: success, version: HTTP/1.1)
HTTP/1.1 200 OK
Content-Type: application/json; charset=utf-8
cache-control: no-cache
content-length: 41

12:46:26.532 [AsyncHttpClient-1-2] DEBUG org.asynchttpclient.netty.channel.ChannelManager - Adding key: http://localhost:53101 for channel [id: 0xf1349252, L:/127.0.0.1:52196 - R:localhost/127.0.0.1:53101]
  &amp#27;[32mGiven &amp#27;[0m&amp#27;[32mI am on home page&amp#27;[0m                    &amp#27;[90m# starter.stepdefinition.LoginStep.iAmOnHomePage()&amp#27;[0m
12:46:26.538 [Forwarding screenshot on session 8d2e92211f85360e5ae67eb4007c1ef8 to remote] DEBUG org.asynchttpclient.netty.request.NettyRequestSender - Using pooled Channel '[id: 0xf1349252, L:/127.0.0.1:52196 - R:localhost/127.0.0.1:53101]' for 'GET' to 'http://localhost:53101/session/8d2e92211f85360e5ae67eb4007c1ef8/screenshot'
12:46:26.538 [Forwarding screenshot on session 8d2e92211f85360e5ae67eb4007c1ef8 to remote] DEBUG org.asynchttpclient.netty.request.NettyRequestSender - Using open Channel [id: 0xf1349252, L:/127.0.0.1:52196 - R:localhost/127.0.0.1:53101] for GET '/session/8d2e92211f85360e5ae67eb4007c1ef8/screenshot'
12:46:26.685 [AsyncHttpClient-1-2] DEBUG org.asynchttpclient.netty.handler.HttpHandler - 

Request DefaultFullHttpRequest(decodeResult: success, version: HTTP/1.1, content: EmptyByteBufBE)
GET /session/8d2e92211f85360e5ae67eb4007c1ef8/screenshot HTTP/1.1
User-Agent: selenium/4.1.2 (java windows)
Cache-Control: no-cache
Content-Type: application/json; charset=utf-8
host: localhost:53101
accept: */*

Response DefaultHttpResponse(decodeResult: success, version: HTTP/1.1)
HTTP/1.1 200 OK
Content-Type: application/json; charset=utf-8
cache-control: no-cache
content-length: 33060

12:46:26.685 [AsyncHttpClient-1-2] DEBUG org.asynchttpclient.netty.channel.ChannelManager - Adding key: http://localhost:53101 for channel [id: 0xf1349252, L:/127.0.0.1:52196 - R:localhost/127.0.0.1:53101]
12:46:26.687 [main] DEBUG net.serenitybdd.core.photography.Darkroom - Send negative for processing for target\site\serenity\37854abee517b8c39026b8cb652e548193a3fdd0584318b2dfac2d8cc2c1d0d9.png
12:46:26.694 [Forwarding findElement on session 8d2e92211f85360e5ae67eb4007c1ef8 to remote] DEBUG org.asynchttpclient.netty.request.NettyRequestSender - Using pooled Channel '[id: 0xf1349252, L:/127.0.0.1:52196 - R:localhost/127.0.0.1:53101]' for 'POST' to 'http://localhost:53101/session/8d2e92211f85360e5ae67eb4007c1ef8/element'
12:46:26.694 [Forwarding findElement on session 8d2e92211f85360e5ae67eb4007c1ef8 to remote] DEBUG org.asynchttpclient.netty.request.NettyRequestSender - Using open Channel [id: 0xf1349252, L:/127.0.0.1:52196 - R:localhost/127.0.0.1:53101] for POST '/session/8d2e92211f85360e5ae67eb4007c1ef8/element'
12:46:26.704 [AsyncHttpClient-1-2] DEBUG org.asynchttpclient.netty.handler.HttpHandler - 

Request DefaultHttpRequest(decodeResult: success, version: HTTP/1.1)
POST /session/8d2e92211f85360e5ae67eb4007c1ef8/element HTTP/1.1
User-Agent: selenium/4.1.2 (java windows)
Content-Length: 97
Content-Type: application/json; charset=utf-8
host: localhost:53101
accept: */*

Response DefaultHttpResponse(decodeResult: success, version: HTTP/1.1)
HTTP/1.1 200 OK
Content-Type: application/json; charset=utf-8
cache-control: no-cache
content-length: 88

12:46:26.704 [AsyncHttpClient-1-2] DEBUG org.asynchttpclient.netty.channel.ChannelManager - Adding key: http://localhost:53101 for channel [id: 0xf1349252, L:/127.0.0.1:52196 - R:localhost/127.0.0.1:53101]
12:46:26.705 [Forwarding getElementTagName on session 8d2e92211f85360e5ae67eb4007c1ef8 to remote] DEBUG org.asynchttpclient.netty.request.NettyRequestSender - Using pooled Channel '[id: 0xf1349252, L:/127.0.0.1:52196 - R:localhost/127.0.0.1:53101]' for 'GET' to 'http://localhost:53101/session/8d2e92211f85360e5ae67eb4007c1ef8/element/ec3fec2f-1a7d-4b84-8aa4-56f14fac4436/name'
12:46:26.705 [Forwarding getElementTagName on session 8d2e92211f85360e5ae67eb4007c1ef8 to remote] DEBUG org.asynchttpclient.netty.request.NettyRequestSender - Using open Channel [id: 0xf1349252, L:/127.0.0.1:52196 - R:localhost/127.0.0.1:53101] for GET '/session/8d2e92211f85360e5ae67eb4007c1ef8/element/ec3fec2f-1a7d-4b84-8aa4-56f14fac4436/name'
12:46:26.711 [AsyncHttpClient-1-2] DEBUG org.asynchttpclient.netty.handler.HttpHandler - 

Request DefaultFullHttpRequest(decodeResult: success, version: HTTP/1.1, content: EmptyByteBufBE)
GET /session/8d2e92211f85360e5ae67eb4007c1ef8/element/ec3fec2f-1a7d-4b84-8aa4-56f14fac4436/name HTTP/1.1
User-Agent: selenium/4.1.2 (java windows)
Cache-Control: no-cache
Content-Type: application/json; charset=utf-8
host: localhost:53101
accept: */*

Response DefaultHttpResponse(decodeResult: success, version: HTTP/1.1)
HTTP/1.1 200 OK
Content-Type: application/json; charset=utf-8
cache-control: no-cache
content-length: 13

12:46:26.711 [AsyncHttpClient-1-2] DEBUG org.asynchttpclient.netty.channel.ChannelManager - Adding key: http://localhost:53101 for channel [id: 0xf1349252, L:/127.0.0.1:52196 - R:localhost/127.0.0.1:53101]
12:46:26.712 [Forwarding getElementTagName on session 8d2e92211f85360e5ae67eb4007c1ef8 to remote] DEBUG org.asynchttpclient.netty.request.NettyRequestSender - Using pooled Channel '[id: 0xf1349252, L:/127.0.0.1:52196 - R:localhost/127.0.0.1:53101]' for 'GET' to 'http://localhost:53101/session/8d2e92211f85360e5ae67eb4007c1ef8/element/ec3fec2f-1a7d-4b84-8aa4-56f14fac4436/name'
12:46:26.712 [Forwarding getElementTagName on session 8d2e92211f85360e5ae67eb4007c1ef8 to remote] DEBUG org.asynchttpclient.netty.request.NettyRequestSender - Using open Channel [id: 0xf1349252, L:/127.0.0.1:52196 - R:localhost/127.0.0.1:53101] for GET '/session/8d2e92211f85360e5ae67eb4007c1ef8/element/ec3fec2f-1a7d-4b84-8aa4-56f14fac4436/name'
12:46:26.716 [AsyncHttpClient-1-2] DEBUG org.asynchttpclient.netty.handler.HttpHandler - 

Request DefaultFullHttpRequest(decodeResult: success, version: HTTP/1.1, content: EmptyByteBufBE)
GET /session/8d2e92211f85360e5ae67eb4007c1ef8/element/ec3fec2f-1a7d-4b84-8aa4-56f14fac4436/name HTTP/1.1
User-Agent: selenium/4.1.2 (java windows)
Cache-Control: no-cache
Content-Type: application/json; charset=utf-8
host: localhost:53101
accept: */*

Response DefaultHttpResponse(decodeResult: success, version: HTTP/1.1)
HTTP/1.1 200 OK
Content-Type: application/json; charset=utf-8
cache-control: no-cache
content-length: 13

12:46:26.716 [AsyncHttpClient-1-2] DEBUG org.asynchttpclient.netty.channel.ChannelManager - Adding key: http://localhost:53101 for channel [id: 0xf1349252, L:/127.0.0.1:52196 - R:localhost/127.0.0.1:53101]
12:46:26.716 [Forwarding findElement on session 8d2e92211f85360e5ae67eb4007c1ef8 to remote] DEBUG org.asynchttpclient.netty.request.NettyRequestSender - Using pooled Channel '[id: 0xf1349252, L:/127.0.0.1:52196 - R:localhost/127.0.0.1:53101]' for 'POST' to 'http://localhost:53101/session/8d2e92211f85360e5ae67eb4007c1ef8/element'
12:46:26.717 [Forwarding findElement on session 8d2e92211f85360e5ae67eb4007c1ef8 to remote] DEBUG org.asynchttpclient.netty.request.NettyRequestSender - Using open Channel [id: 0xf1349252, L:/127.0.0.1:52196 - R:localhost/127.0.0.1:53101] for POST '/session/8d2e92211f85360e5ae67eb4007c1ef8/element'
12:46:26.722 [AsyncHttpClient-1-2] DEBUG org.asynchttpclient.netty.handler.HttpHandler - 

Request DefaultHttpRequest(decodeResult: success, version: HTTP/1.1)
POST /session/8d2e92211f85360e5ae67eb4007c1ef8/element HTTP/1.1
User-Agent: selenium/4.1.2 (java windows)
Content-Length: 97
Content-Type: application/json; charset=utf-8
host: localhost:53101
accept: */*

Response DefaultHttpResponse(decodeResult: success, version: HTTP/1.1)
HTTP/1.1 200 OK
Content-Type: application/json; charset=utf-8
cache-control: no-cache
content-length: 88

12:46:26.723 [AsyncHttpClient-1-2] DEBUG org.asynchttpclient.netty.channel.ChannelManager - Adding key: http://localhost:53101 for channel [id: 0xf1349252, L:/127.0.0.1:52196 - R:localhost/127.0.0.1:53101]
12:46:26.723 [Forwarding clickElement on session 8d2e92211f85360e5ae67eb4007c1ef8 to remote] DEBUG org.asynchttpclient.netty.request.NettyRequestSender - Using pooled Channel '[id: 0xf1349252, L:/127.0.0.1:52196 - R:localhost/127.0.0.1:53101]' for 'POST' to 'http://localhost:53101/session/8d2e92211f85360e5ae67eb4007c1ef8/element/ec3fec2f-1a7d-4b84-8aa4-56f14fac4436/click'
12:46:26.723 [Forwarding clickElement on session 8d2e92211f85360e5ae67eb4007c1ef8 to remote] DEBUG org.asynchttpclient.netty.request.NettyRequestSender - Using open Channel [id: 0xf1349252, L:/127.0.0.1:52196 - R:localhost/127.0.0.1:53101] for POST '/session/8d2e92211f85360e5ae67eb4007c1ef8/element/ec3fec2f-1a7d-4b84-8aa4-56f14fac4436/click'
12:46:26.759 [AsyncHttpClient-1-2] DEBUG org.asynchttpclient.netty.handler.HttpHandler - 

Request DefaultHttpRequest(decodeResult: success, version: HTTP/1.1)
POST /session/8d2e92211f85360e5ae67eb4007c1ef8/element/ec3fec2f-1a7d-4b84-8aa4-56f14fac4436/click HTTP/1.1
User-Agent: selenium/4.1.2 (java windows)
Content-Length: 50
Content-Type: application/json; charset=utf-8
host: localhost:53101
accept: */*

Response DefaultHttpResponse(decodeResult: success, version: HTTP/1.1)
HTTP/1.1 200 OK
Content-Type: application/json; charset=utf-8
cache-control: no-cache
content-length: 14

12:46:26.759 [AsyncHttpClient-1-2] DEBUG org.asynchttpclient.netty.channel.ChannelManager - Adding key: http://localhost:53101 for channel [id: 0xf1349252, L:/127.0.0.1:52196 - R:localhost/127.0.0.1:53101]
  &amp#27;[32mAnd &amp#27;[0m&amp#27;[32mI click icon the login icon&amp#27;[0m            &amp#27;[90m# starter.stepdefinition.LoginStep.iClickIconTheLoginIcon()&amp#27;[0m
12:46:26.765 [Forwarding screenshot on session 8d2e92211f85360e5ae67eb4007c1ef8 to remote] DEBUG org.asynchttpclient.netty.request.NettyRequestSender - Using pooled Channel '[id: 0xf1349252, L:/127.0.0.1:52196 - R:localhost/127.0.0.1:53101]' for 'GET' to 'http://localhost:53101/session/8d2e92211f85360e5ae67eb4007c1ef8/screenshot'
12:46:26.765 [Forwarding screenshot on session 8d2e92211f85360e5ae67eb4007c1ef8 to remote] DEBUG org.asynchttpclient.netty.request.NettyRequestSender - Using open Channel [id: 0xf1349252, L:/127.0.0.1:52196 - R:localhost/127.0.0.1:53101] for GET '/session/8d2e92211f85360e5ae67eb4007c1ef8/screenshot'
12:46:26.993 [AsyncHttpClient-1-2] DEBUG org.asynchttpclient.netty.handler.HttpHandler - 

Request DefaultFullHttpRequest(decodeResult: success, version: HTTP/1.1, content: EmptyByteBufBE)
GET /session/8d2e92211f85360e5ae67eb4007c1ef8/screenshot HTTP/1.1
User-Agent: selenium/4.1.2 (java windows)
Cache-Control: no-cache
Content-Type: application/json; charset=utf-8
host: localhost:53101
accept: */*

Response DefaultHttpResponse(decodeResult: success, version: HTTP/1.1)
HTTP/1.1 200 OK
Content-Type: application/json; charset=utf-8
cache-control: no-cache
content-length: 35028

12:46:26.993 [AsyncHttpClient-1-2] DEBUG org.asynchttpclient.netty.channel.ChannelManager - Adding key: http://localhost:53101 for channel [id: 0xf1349252, L:/127.0.0.1:52196 - R:localhost/127.0.0.1:53101]
12:46:26.994 [main] DEBUG net.serenitybdd.core.photography.Darkroom - Send negative for processing for target\site\serenity\3b63ef78b663b72c5874ec3882d4ae1ee1a6e6c21306b75a9a0512cc00d82499.png
12:46:27.004 [Forwarding findElement on session 8d2e92211f85360e5ae67eb4007c1ef8 to remote] DEBUG org.asynchttpclient.netty.request.NettyRequestSender - Using pooled Channel '[id: 0xf1349252, L:/127.0.0.1:52196 - R:localhost/127.0.0.1:53101]' for 'POST' to 'http://localhost:53101/session/8d2e92211f85360e5ae67eb4007c1ef8/element'
12:46:27.004 [Forwarding findElement on session 8d2e92211f85360e5ae67eb4007c1ef8 to remote] DEBUG org.asynchttpclient.netty.request.NettyRequestSender - Using open Channel [id: 0xf1349252, L:/127.0.0.1:52196 - R:localhost/127.0.0.1:53101] for POST '/session/8d2e92211f85360e5ae67eb4007c1ef8/element'
12:46:27.013 [AsyncHttpClient-1-2] DEBUG org.asynchttpclient.netty.handler.HttpHandler - 

Request DefaultHttpRequest(decodeResult: success, version: HTTP/1.1)
POST /session/8d2e92211f85360e5ae67eb4007c1ef8/element HTTP/1.1
User-Agent: selenium/4.1.2 (java windows)
Content-Length: 95
Content-Type: application/json; charset=utf-8
host: localhost:53101
accept: */*

Response DefaultHttpResponse(decodeResult: success, version: HTTP/1.1)
HTTP/1.1 200 OK
Content-Type: application/json; charset=utf-8
cache-control: no-cache
content-length: 88

12:46:27.013 [AsyncHttpClient-1-2] DEBUG org.asynchttpclient.netty.channel.ChannelManager - Adding key: http://localhost:53101 for channel [id: 0xf1349252, L:/127.0.0.1:52196 - R:localhost/127.0.0.1:53101]
12:46:27.016 [Forwarding getElementTagName on session 8d2e92211f85360e5ae67eb4007c1ef8 to remote] DEBUG org.asynchttpclient.netty.request.NettyRequestSender - Using pooled Channel '[id: 0xf1349252, L:/127.0.0.1:52196 - R:localhost/127.0.0.1:53101]' for 'GET' to 'http://localhost:53101/session/8d2e92211f85360e5ae67eb4007c1ef8/element/7ed8b4b7-6c8b-4bfd-ae33-1dca464b8753/name'
12:46:27.016 [Forwarding getElementTagName on session 8d2e92211f85360e5ae67eb4007c1ef8 to remote] DEBUG org.asynchttpclient.netty.request.NettyRequestSender - Using open Channel [id: 0xf1349252, L:/127.0.0.1:52196 - R:localhost/127.0.0.1:53101] for GET '/session/8d2e92211f85360e5ae67eb4007c1ef8/element/7ed8b4b7-6c8b-4bfd-ae33-1dca464b8753/name'
12:46:27.021 [AsyncHttpClient-1-2] DEBUG org.asynchttpclient.netty.handler.HttpHandler - 

Request DefaultFullHttpRequest(decodeResult: success, version: HTTP/1.1, content: EmptyByteBufBE)
GET /session/8d2e92211f85360e5ae67eb4007c1ef8/element/7ed8b4b7-6c8b-4bfd-ae33-1dca464b8753/name HTTP/1.1
User-Agent: selenium/4.1.2 (java windows)
Cache-Control: no-cache
Content-Type: application/json; charset=utf-8
host: localhost:53101
accept: */*

Response DefaultHttpResponse(decodeResult: success, version: HTTP/1.1)
HTTP/1.1 200 OK
Content-Type: application/json; charset=utf-8
cache-control: no-cache
content-length: 13

12:46:27.021 [AsyncHttpClient-1-2] DEBUG org.asynchttpclient.netty.channel.ChannelManager - Adding key: http://localhost:53101 for channel [id: 0xf1349252, L:/127.0.0.1:52196 - R:localhost/127.0.0.1:53101]
12:46:27.022 [Forwarding getElementTagName on session 8d2e92211f85360e5ae67eb4007c1ef8 to remote] DEBUG org.asynchttpclient.netty.request.NettyRequestSender - Using pooled Channel '[id: 0xf1349252, L:/127.0.0.1:52196 - R:localhost/127.0.0.1:53101]' for 'GET' to 'http://localhost:53101/session/8d2e92211f85360e5ae67eb4007c1ef8/element/7ed8b4b7-6c8b-4bfd-ae33-1dca464b8753/name'
12:46:27.022 [Forwarding getElementTagName on session 8d2e92211f85360e5ae67eb4007c1ef8 to remote] DEBUG org.asynchttpclient.netty.request.NettyRequestSender - Using open Channel [id: 0xf1349252, L:/127.0.0.1:52196 - R:localhost/127.0.0.1:53101] for GET '/session/8d2e92211f85360e5ae67eb4007c1ef8/element/7ed8b4b7-6c8b-4bfd-ae33-1dca464b8753/name'
12:46:27.026 [AsyncHttpClient-1-2] DEBUG org.asynchttpclient.netty.handler.HttpHandler - 

Request DefaultFullHttpRequest(decodeResult: success, version: HTTP/1.1, content: EmptyByteBufBE)
GET /session/8d2e92211f85360e5ae67eb4007c1ef8/element/7ed8b4b7-6c8b-4bfd-ae33-1dca464b8753/name HTTP/1.1
User-Agent: selenium/4.1.2 (java windows)
Cache-Control: no-cache
Content-Type: application/json; charset=utf-8
host: localhost:53101
accept: */*

Response DefaultHttpResponse(decodeResult: success, version: HTTP/1.1)
HTTP/1.1 200 OK
Content-Type: application/json; charset=utf-8
cache-control: no-cache
content-length: 13

12:46:27.026 [AsyncHttpClient-1-2] DEBUG org.asynchttpclient.netty.channel.ChannelManager - Adding key: http://localhost:53101 for channel [id: 0xf1349252, L:/127.0.0.1:52196 - R:localhost/127.0.0.1:53101]
12:46:27.027 [Forwarding findElement on session 8d2e92211f85360e5ae67eb4007c1ef8 to remote] DEBUG org.asynchttpclient.netty.request.NettyRequestSender - Using pooled Channel '[id: 0xf1349252, L:/127.0.0.1:52196 - R:localhost/127.0.0.1:53101]' for 'POST' to 'http://localhost:53101/session/8d2e92211f85360e5ae67eb4007c1ef8/element'
12:46:27.028 [Forwarding findElement on session 8d2e92211f85360e5ae67eb4007c1ef8 to remote] DEBUG org.asynchttpclient.netty.request.NettyRequestSender - Using open Channel [id: 0xf1349252, L:/127.0.0.1:52196 - R:localhost/127.0.0.1:53101] for POST '/session/8d2e92211f85360e5ae67eb4007c1ef8/element'
12:46:27.034 [AsyncHttpClient-1-2] DEBUG org.asynchttpclient.netty.handler.HttpHandler - 

Request DefaultHttpRequest(decodeResult: success, version: HTTP/1.1)
POST /session/8d2e92211f85360e5ae67eb4007c1ef8/element HTTP/1.1
User-Agent: selenium/4.1.2 (java windows)
Content-Length: 95
Content-Type: application/json; charset=utf-8
host: localhost:53101
accept: */*

Response DefaultHttpResponse(decodeResult: success, version: HTTP/1.1)
HTTP/1.1 200 OK
Content-Type: application/json; charset=utf-8
cache-control: no-cache
content-length: 88

12:46:27.034 [AsyncHttpClient-1-2] DEBUG org.asynchttpclient.netty.channel.ChannelManager - Adding key: http://localhost:53101 for channel [id: 0xf1349252, L:/127.0.0.1:52196 - R:localhost/127.0.0.1:53101]
12:46:27.035 [Forwarding clickElement on session 8d2e92211f85360e5ae67eb4007c1ef8 to remote] DEBUG org.asynchttpclient.netty.request.NettyRequestSender - Using pooled Channel '[id: 0xf1349252, L:/127.0.0.1:52196 - R:localhost/127.0.0.1:53101]' for 'POST' to 'http://localhost:53101/session/8d2e92211f85360e5ae67eb4007c1ef8/element/7ed8b4b7-6c8b-4bfd-ae33-1dca464b8753/click'
12:46:27.035 [Forwarding clickElement on session 8d2e92211f85360e5ae67eb4007c1ef8 to remote] DEBUG org.asynchttpclient.netty.request.NettyRequestSender - Using open Channel [id: 0xf1349252, L:/127.0.0.1:52196 - R:localhost/127.0.0.1:53101] for POST '/session/8d2e92211f85360e5ae67eb4007c1ef8/element/7ed8b4b7-6c8b-4bfd-ae33-1dca464b8753/click'
12:46:27.066 [AsyncHttpClient-1-2] DEBUG org.asynchttpclient.netty.handler.HttpHandler - 

Request DefaultHttpRequest(decodeResult: success, version: HTTP/1.1)
POST /session/8d2e92211f85360e5ae67eb4007c1ef8/element/7ed8b4b7-6c8b-4bfd-ae33-1dca464b8753/click HTTP/1.1
User-Agent: selenium/4.1.2 (java windows)
Content-Length: 50
Content-Type: application/json; charset=utf-8
host: localhost:53101
accept: */*

Response DefaultHttpResponse(decodeResult: success, version: HTTP/1.1)
HTTP/1.1 200 OK
Content-Type: application/json; charset=utf-8
cache-control: no-cache
content-length: 14

12:46:27.066 [AsyncHttpClient-1-2] DEBUG org.asynchttpclient.netty.channel.ChannelManager - Adding key: http://localhost:53101 for channel [id: 0xf1349252, L:/127.0.0.1:52196 - R:localhost/127.0.0.1:53101]
  &amp#27;[32mAnd &amp#27;[0m&amp#27;[32mI click register text&amp#27;[0m                  &amp#27;[90m# starter.stepdefinition.Registerstep.iClickRegisterText()&amp#27;[0m
12:46:27.071 [Forwarding screenshot on session 8d2e92211f85360e5ae67eb4007c1ef8 to remote] DEBUG org.asynchttpclient.netty.request.NettyRequestSender - Using pooled Channel '[id: 0xf1349252, L:/127.0.0.1:52196 - R:localhost/127.0.0.1:53101]' for 'GET' to 'http://localhost:53101/session/8d2e92211f85360e5ae67eb4007c1ef8/screenshot'
12:46:27.071 [Forwarding screenshot on session 8d2e92211f85360e5ae67eb4007c1ef8 to remote] DEBUG org.asynchttpclient.netty.request.NettyRequestSender - Using open Channel [id: 0xf1349252, L:/127.0.0.1:52196 - R:localhost/127.0.0.1:53101] for GET '/session/8d2e92211f85360e5ae67eb4007c1ef8/screenshot'
12:46:27.219 [AsyncHttpClient-1-2] DEBUG org.asynchttpclient.netty.handler.HttpHandler - 

Request DefaultFullHttpRequest(decodeResult: success, version: HTTP/1.1, content: EmptyByteBufBE)
GET /session/8d2e92211f85360e5ae67eb4007c1ef8/screenshot HTTP/1.1
User-Agent: selenium/4.1.2 (java windows)
Cache-Control: no-cache
Content-Type: application/json; charset=utf-8
host: localhost:53101
accept: */*

Response DefaultHttpResponse(decodeResult: success, version: HTTP/1.1)
HTTP/1.1 200 OK
Content-Type: application/json; charset=utf-8
cache-control: no-cache
content-length: 39056

12:46:27.219 [AsyncHttpClient-1-2] DEBUG org.asynchttpclient.netty.channel.ChannelManager - Adding key: http://localhost:53101 for channel [id: 0xf1349252, L:/127.0.0.1:52196 - R:localhost/127.0.0.1:53101]
12:46:27.221 [main] DEBUG net.serenitybdd.core.photography.Darkroom - Send negative for processing for target\site\serenity\c846c67f5d19effac98355bb00b67feaab393f8df52f0211525ecd6855d1875b.png
12:46:27.221 [Darkroom Processing Line] DEBUG net.serenitybdd.core.photography.DarkroomProcessingLine - Processing screenshot image in /var/screenshots/screenshot-7842737802799762620
12:46:27.221 [Darkroom Processing Line] DEBUG net.serenitybdd.core.photography.DarkroomProcessingLine - Saving screenshot to target\site\serenity\c846c67f5d19effac98355bb00b67feaab393f8df52f0211525ecd6855d1875b.png
12:46:27.226 [Forwarding findElement on session 8d2e92211f85360e5ae67eb4007c1ef8 to remote] DEBUG org.asynchttpclient.netty.request.NettyRequestSender - Using pooled Channel '[id: 0xf1349252, L:/127.0.0.1:52196 - R:localhost/127.0.0.1:53101]' for 'POST' to 'http://localhost:53101/session/8d2e92211f85360e5ae67eb4007c1ef8/element'
12:46:27.226 [Forwarding findElement on session 8d2e92211f85360e5ae67eb4007c1ef8 to remote] DEBUG org.asynchttpclient.netty.request.NettyRequestSender - Using open Channel [id: 0xf1349252, L:/127.0.0.1:52196 - R:localhost/127.0.0.1:53101] for POST '/session/8d2e92211f85360e5ae67eb4007c1ef8/element'
12:46:27.237 [AsyncHttpClient-1-2] DEBUG org.asynchttpclient.netty.handler.HttpHandler - 

Request DefaultHttpRequest(decodeResult: success, version: HTTP/1.1)
POST /session/8d2e92211f85360e5ae67eb4007c1ef8/element HTTP/1.1
User-Agent: selenium/4.1.2 (java windows)
Content-Length: 95
Content-Type: application/json; charset=utf-8
host: localhost:53101
accept: */*

Response DefaultHttpResponse(decodeResult: success, version: HTTP/1.1)
HTTP/1.1 200 OK
Content-Type: application/json; charset=utf-8
cache-control: no-cache
content-length: 88

12:46:27.237 [AsyncHttpClient-1-2] DEBUG org.asynchttpclient.netty.channel.ChannelManager - Adding key: http://localhost:53101 for channel [id: 0xf1349252, L:/127.0.0.1:52196 - R:localhost/127.0.0.1:53101]
12:46:27.237 [Forwarding clearElement on session 8d2e92211f85360e5ae67eb4007c1ef8 to remote] DEBUG org.asynchttpclient.netty.request.NettyRequestSender - Using pooled Channel '[id: 0xf1349252, L:/127.0.0.1:52196 - R:localhost/127.0.0.1:53101]' for 'POST' to 'http://localhost:53101/session/8d2e92211f85360e5ae67eb4007c1ef8/element/ca825171-a343-4343-ba41-f8f58b869351/clear'
12:46:27.237 [Forwarding clearElement on session 8d2e92211f85360e5ae67eb4007c1ef8 to remote] DEBUG org.asynchttpclient.netty.request.NettyRequestSender - Using open Channel [id: 0xf1349252, L:/127.0.0.1:52196 - R:localhost/127.0.0.1:53101] for POST '/session/8d2e92211f85360e5ae67eb4007c1ef8/element/ca825171-a343-4343-ba41-f8f58b869351/clear'
12:46:27.265 [AsyncHttpClient-1-2] DEBUG org.asynchttpclient.netty.handler.HttpHandler - 

Request DefaultHttpRequest(decodeResult: success, version: HTTP/1.1)
POST /session/8d2e92211f85360e5ae67eb4007c1ef8/element/ca825171-a343-4343-ba41-f8f58b869351/clear HTTP/1.1
User-Agent: selenium/4.1.2 (java windows)
Content-Length: 50
Content-Type: application/json; charset=utf-8
host: localhost:53101
accept: */*

Response DefaultHttpResponse(decodeResult: success, version: HTTP/1.1)
HTTP/1.1 200 OK
Content-Type: application/json; charset=utf-8
cache-control: no-cache
content-length: 14

12:46:27.265 [AsyncHttpClient-1-2] DEBUG org.asynchttpclient.netty.channel.ChannelManager - Adding key: http://localhost:53101 for channel [id: 0xf1349252, L:/127.0.0.1:52196 - R:localhost/127.0.0.1:53101]
12:46:27.266 [Forwarding sendKeysToElement on session 8d2e92211f85360e5ae67eb4007c1ef8 to remote] DEBUG org.asynchttpclient.netty.request.NettyRequestSender - Using pooled Channel '[id: 0xf1349252, L:/127.0.0.1:52196 - R:localhost/127.0.0.1:53101]' for 'POST' to 'http://localhost:53101/session/8d2e92211f85360e5ae67eb4007c1ef8/element/ca825171-a343-4343-ba41-f8f58b869351/value'
12:46:27.266 [Forwarding sendKeysToElement on session 8d2e92211f85360e5ae67eb4007c1ef8 to remote] DEBUG org.asynchttpclient.netty.request.NettyRequestSender - Using open Channel [id: 0xf1349252, L:/127.0.0.1:52196 - R:localhost/127.0.0.1:53101] for POST '/session/8d2e92211f85360e5ae67eb4007c1ef8/element/ca825171-a343-4343-ba41-f8f58b869351/value'
12:46:27.298 [AsyncHttpClient-1-2] DEBUG org.asynchttpclient.netty.handler.HttpHandler - 

Request DefaultHttpRequest(decodeResult: success, version: HTTP/1.1)
POST /session/8d2e92211f85360e5ae67eb4007c1ef8/element/ca825171-a343-4343-ba41-f8f58b869351/value HTTP/1.1
User-Agent: selenium/4.1.2 (java windows)
Content-Length: 82
Content-Type: application/json; charset=utf-8
host: localhost:53101
accept: */*

Response DefaultHttpResponse(decodeResult: success, version: HTTP/1.1)
HTTP/1.1 200 OK
Content-Type: application/json; charset=utf-8
cache-control: no-cache
content-length: 14

12:46:27.298 [AsyncHttpClient-1-2] DEBUG org.asynchttpclient.netty.channel.ChannelManager - Adding key: http://localhost:53101 for channel [id: 0xf1349252, L:/127.0.0.1:52196 - R:localhost/127.0.0.1:53101]
  &amp#27;[32mWhen &amp#27;[0m&amp#27;[32mI input &amp#27;[0m&amp#27;[32m&amp#27;[1m""&amp#27;[0m&amp#27;[32m name&amp#27;[0m                       &amp#27;[90m# starter.stepdefinition.Registerstep.iInputName(java.lang.String)&amp#27;[0m
12:46:27.302 [Forwarding screenshot on session 8d2e92211f85360e5ae67eb4007c1ef8 to remote] DEBUG org.asynchttpclient.netty.request.NettyRequestSender - Using pooled Channel '[id: 0xf1349252, L:/127.0.0.1:52196 - R:localhost/127.0.0.1:53101]' for 'GET' to 'http://localhost:53101/session/8d2e92211f85360e5ae67eb4007c1ef8/screenshot'
12:46:27.302 [Forwarding screenshot on session 8d2e92211f85360e5ae67eb4007c1ef8 to remote] DEBUG org.asynchttpclient.netty.request.NettyRequestSender - Using open Channel [id: 0xf1349252, L:/127.0.0.1:52196 - R:localhost/127.0.0.1:53101] for GET '/session/8d2e92211f85360e5ae67eb4007c1ef8/screenshot'
12:46:27.451 [AsyncHttpClient-1-2] DEBUG org.asynchttpclient.netty.handler.HttpHandler - 

Request DefaultFullHttpRequest(decodeResult: success, version: HTTP/1.1, content: EmptyByteBufBE)
GET /session/8d2e92211f85360e5ae67eb4007c1ef8/screenshot HTTP/1.1
User-Agent: selenium/4.1.2 (java windows)
Cache-Control: no-cache
Content-Type: application/json; charset=utf-8
host: localhost:53101
accept: */*

Response DefaultHttpResponse(decodeResult: success, version: HTTP/1.1)
HTTP/1.1 200 OK
Content-Type: application/json; charset=utf-8
cache-control: no-cache
content-length: 38488

12:46:27.451 [AsyncHttpClient-1-2] DEBUG org.asynchttpclient.netty.channel.ChannelManager - Adding key: http://localhost:53101 for channel [id: 0xf1349252, L:/127.0.0.1:52196 - R:localhost/127.0.0.1:53101]
12:46:27.452 [main] DEBUG net.serenitybdd.core.photography.Darkroom - Send negative for processing for target\site\serenity\2bacbfd8b410343e44f6e4ccfa6bb543c5da91e512043b4259c54e17e7982d4e.png
12:46:27.452 [Darkroom Processing Line] DEBUG net.serenitybdd.core.photography.DarkroomProcessingLine - Processing screenshot image in /var/screenshots/screenshot-7620380647077448278
12:46:27.452 [Darkroom Processing Line] DEBUG net.serenitybdd.core.photography.DarkroomProcessingLine - Saving screenshot to target\site\serenity\2bacbfd8b410343e44f6e4ccfa6bb543c5da91e512043b4259c54e17e7982d4e.png
12:46:27.457 [Forwarding findElement on session 8d2e92211f85360e5ae67eb4007c1ef8 to remote] DEBUG org.asynchttpclient.netty.request.NettyRequestSender - Using pooled Channel '[id: 0xf1349252, L:/127.0.0.1:52196 - R:localhost/127.0.0.1:53101]' for 'POST' to 'http://localhost:53101/session/8d2e92211f85360e5ae67eb4007c1ef8/element'
12:46:27.457 [Forwarding findElement on session 8d2e92211f85360e5ae67eb4007c1ef8 to remote] DEBUG org.asynchttpclient.netty.request.NettyRequestSender - Using open Channel [id: 0xf1349252, L:/127.0.0.1:52196 - R:localhost/127.0.0.1:53101] for POST '/session/8d2e92211f85360e5ae67eb4007c1ef8/element'
12:46:27.467 [AsyncHttpClient-1-2] DEBUG org.asynchttpclient.netty.handler.HttpHandler - 

Request DefaultHttpRequest(decodeResult: success, version: HTTP/1.1)
POST /session/8d2e92211f85360e5ae67eb4007c1ef8/element HTTP/1.1
User-Agent: selenium/4.1.2 (java windows)
Content-Length: 88
Content-Type: application/json; charset=utf-8
host: localhost:53101
accept: */*

Response DefaultHttpResponse(decodeResult: success, version: HTTP/1.1)
HTTP/1.1 200 OK
Content-Type: application/json; charset=utf-8
cache-control: no-cache
content-length: 88

12:46:27.467 [AsyncHttpClient-1-2] DEBUG org.asynchttpclient.netty.channel.ChannelManager - Adding key: http://localhost:53101 for channel [id: 0xf1349252, L:/127.0.0.1:52196 - R:localhost/127.0.0.1:53101]
12:46:27.469 [Forwarding clearElement on session 8d2e92211f85360e5ae67eb4007c1ef8 to remote] DEBUG org.asynchttpclient.netty.request.NettyRequestSender - Using pooled Channel '[id: 0xf1349252, L:/127.0.0.1:52196 - R:localhost/127.0.0.1:53101]' for 'POST' to 'http://localhost:53101/session/8d2e92211f85360e5ae67eb4007c1ef8/element/a7816438-3752-4f6c-b4bb-e6ab0fbc3acd/clear'
12:46:27.469 [Forwarding clearElement on session 8d2e92211f85360e5ae67eb4007c1ef8 to remote] DEBUG org.asynchttpclient.netty.request.NettyRequestSender - Using open Channel [id: 0xf1349252, L:/127.0.0.1:52196 - R:localhost/127.0.0.1:53101] for POST '/session/8d2e92211f85360e5ae67eb4007c1ef8/element/a7816438-3752-4f6c-b4bb-e6ab0fbc3acd/clear'
12:46:27.496 [AsyncHttpClient-1-2] DEBUG org.asynchttpclient.netty.handler.HttpHandler - 

Request DefaultHttpRequest(decodeResult: success, version: HTTP/1.1)
POST /session/8d2e92211f85360e5ae67eb4007c1ef8/element/a7816438-3752-4f6c-b4bb-e6ab0fbc3acd/clear HTTP/1.1
User-Agent: selenium/4.1.2 (java windows)
Content-Length: 50
Content-Type: application/json; charset=utf-8
host: localhost:53101
accept: */*

Response DefaultHttpResponse(decodeResult: success, version: HTTP/1.1)
HTTP/1.1 200 OK
Content-Type: application/json; charset=utf-8
cache-control: no-cache
content-length: 14

12:46:27.497 [AsyncHttpClient-1-2] DEBUG org.asynchttpclient.netty.channel.ChannelManager - Adding key: http://localhost:53101 for channel [id: 0xf1349252, L:/127.0.0.1:52196 - R:localhost/127.0.0.1:53101]
12:46:27.498 [Forwarding sendKeysToElement on session 8d2e92211f85360e5ae67eb4007c1ef8 to remote] DEBUG org.asynchttpclient.netty.request.NettyRequestSender - Using pooled Channel '[id: 0xf1349252, L:/127.0.0.1:52196 - R:localhost/127.0.0.1:53101]' for 'POST' to 'http://localhost:53101/session/8d2e92211f85360e5ae67eb4007c1ef8/element/a7816438-3752-4f6c-b4bb-e6ab0fbc3acd/value'
12:46:27.498 [Forwarding sendKeysToElement on session 8d2e92211f85360e5ae67eb4007c1ef8 to remote] DEBUG org.asynchttpclient.netty.request.NettyRequestSender - Using open Channel [id: 0xf1349252, L:/127.0.0.1:52196 - R:localhost/127.0.0.1:53101] for POST '/session/8d2e92211f85360e5ae67eb4007c1ef8/element/a7816438-3752-4f6c-b4bb-e6ab0fbc3acd/value'
12:46:27.551 [AsyncHttpClient-1-1] DEBUG org.asynchttpclient.netty.channel.DefaultChannelPool - Entry count for : http://localhost:52197 : 1
12:46:27.582 [AsyncHttpClient-1-2] DEBUG org.asynchttpclient.netty.handler.HttpHandler - 

Request DefaultHttpRequest(decodeResult: success, version: HTTP/1.1)
POST /session/8d2e92211f85360e5ae67eb4007c1ef8/element/a7816438-3752-4f6c-b4bb-e6ab0fbc3acd/value HTTP/1.1
User-Agent: selenium/4.1.2 (java windows)
Content-Length: 261
Content-Type: application/json; charset=utf-8
host: localhost:53101
accept: */*

Response DefaultHttpResponse(decodeResult: success, version: HTTP/1.1)
HTTP/1.1 200 OK
Content-Type: application/json; charset=utf-8
cache-control: no-cache
content-length: 14

12:46:27.582 [AsyncHttpClient-1-2] DEBUG org.asynchttpclient.netty.channel.ChannelManager - Adding key: http://localhost:53101 for channel [id: 0xf1349252, L:/127.0.0.1:52196 - R:localhost/127.0.0.1:53101]
  &amp#27;[32mAnd &amp#27;[0m&amp#27;[32mI input new &amp#27;[0m&amp#27;[32m&amp#27;[1m"ronasari@gmail.com"&amp#27;[0m&amp#27;[32m email&amp#27;[0m &amp#27;[90m# starter.stepdefinition.Registerstep.iInputNewEmail(java.lang.String)&amp#27;[0m
12:46:27.587 [Forwarding screenshot on session 8d2e92211f85360e5ae67eb4007c1ef8 to remote] DEBUG org.asynchttpclient.netty.request.NettyRequestSender - Using pooled Channel '[id: 0xf1349252, L:/127.0.0.1:52196 - R:localhost/127.0.0.1:53101]' for 'GET' to 'http://localhost:53101/session/8d2e92211f85360e5ae67eb4007c1ef8/screenshot'
12:46:27.587 [Forwarding screenshot on session 8d2e92211f85360e5ae67eb4007c1ef8 to remote] DEBUG org.asynchttpclient.netty.request.NettyRequestSender - Using open Channel [id: 0xf1349252, L:/127.0.0.1:52196 - R:localhost/127.0.0.1:53101] for GET '/session/8d2e92211f85360e5ae67eb4007c1ef8/screenshot'
12:46:27.761 [AsyncHttpClient-1-2] DEBUG org.asynchttpclient.netty.handler.HttpHandler - 

Request DefaultFullHttpRequest(decodeResult: success, version: HTTP/1.1, content: EmptyByteBufBE)
GET /session/8d2e92211f85360e5ae67eb4007c1ef8/screenshot HTTP/1.1
User-Agent: selenium/4.1.2 (java windows)
Cache-Control: no-cache
Content-Type: application/json; charset=utf-8
host: localhost:53101
accept: */*

Response DefaultHttpResponse(decodeResult: success, version: HTTP/1.1)
HTTP/1.1 200 OK
Content-Type: application/json; charset=utf-8
cache-control: no-cache
content-length: 44764

12:46:27.761 [AsyncHttpClient-1-2] DEBUG org.asynchttpclient.netty.channel.ChannelManager - Adding key: http://localhost:53101 for channel [id: 0xf1349252, L:/127.0.0.1:52196 - R:localhost/127.0.0.1:53101]
12:46:27.763 [main] DEBUG net.serenitybdd.core.photography.Darkroom - Send negative for processing for target\site\serenity\15b8ce2227ebe35afb866acd9b3f8b8d5ea76f1bd596e7dd9fcd4b84f986b101.png
12:46:27.763 [Darkroom Processing Line] DEBUG net.serenitybdd.core.photography.DarkroomProcessingLine - Processing screenshot image in /var/screenshots/screenshot-16835728996876494790
12:46:27.763 [Darkroom Processing Line] DEBUG net.serenitybdd.core.photography.DarkroomProcessingLine - Saving screenshot to target\site\serenity\15b8ce2227ebe35afb866acd9b3f8b8d5ea76f1bd596e7dd9fcd4b84f986b101.png
12:46:27.768 [Forwarding findElement on session 8d2e92211f85360e5ae67eb4007c1ef8 to remote] DEBUG org.asynchttpclient.netty.request.NettyRequestSender - Using pooled Channel '[id: 0xf1349252, L:/127.0.0.1:52196 - R:localhost/127.0.0.1:53101]' for 'POST' to 'http://localhost:53101/session/8d2e92211f85360e5ae67eb4007c1ef8/element'
12:46:27.768 [Forwarding findElement on session 8d2e92211f85360e5ae67eb4007c1ef8 to remote] DEBUG org.asynchttpclient.netty.request.NettyRequestSender - Using open Channel [id: 0xf1349252, L:/127.0.0.1:52196 - R:localhost/127.0.0.1:53101] for POST '/session/8d2e92211f85360e5ae67eb4007c1ef8/element'
12:46:27.780 [AsyncHttpClient-1-2] DEBUG org.asynchttpclient.netty.handler.HttpHandler - 

Request DefaultHttpRequest(decodeResult: success, version: HTTP/1.1)
POST /session/8d2e92211f85360e5ae67eb4007c1ef8/element HTTP/1.1
User-Agent: selenium/4.1.2 (java windows)
Content-Length: 91
Content-Type: application/json; charset=utf-8
host: localhost:53101
accept: */*

Response DefaultHttpResponse(decodeResult: success, version: HTTP/1.1)
HTTP/1.1 200 OK
Content-Type: application/json; charset=utf-8
cache-control: no-cache
content-length: 88

12:46:27.780 [AsyncHttpClient-1-2] DEBUG org.asynchttpclient.netty.channel.ChannelManager - Adding key: http://localhost:53101 for channel [id: 0xf1349252, L:/127.0.0.1:52196 - R:localhost/127.0.0.1:53101]
12:46:27.781 [Forwarding clearElement on session 8d2e92211f85360e5ae67eb4007c1ef8 to remote] DEBUG org.asynchttpclient.netty.request.NettyRequestSender - Using pooled Channel '[id: 0xf1349252, L:/127.0.0.1:52196 - R:localhost/127.0.0.1:53101]' for 'POST' to 'http://localhost:53101/session/8d2e92211f85360e5ae67eb4007c1ef8/element/be4a7a32-9d01-46c3-b927-646a86f1eff3/clear'
12:46:27.781 [Forwarding clearElement on session 8d2e92211f85360e5ae67eb4007c1ef8 to remote] DEBUG org.asynchttpclient.netty.request.NettyRequestSender - Using open Channel [id: 0xf1349252, L:/127.0.0.1:52196 - R:localhost/127.0.0.1:53101] for POST '/session/8d2e92211f85360e5ae67eb4007c1ef8/element/be4a7a32-9d01-46c3-b927-646a86f1eff3/clear'
12:46:27.808 [AsyncHttpClient-1-2] DEBUG org.asynchttpclient.netty.handler.HttpHandler - 

Request DefaultHttpRequest(decodeResult: success, version: HTTP/1.1)
POST /session/8d2e92211f85360e5ae67eb4007c1ef8/element/be4a7a32-9d01-46c3-b927-646a86f1eff3/clear HTTP/1.1
User-Agent: selenium/4.1.2 (java windows)
Content-Length: 50
Content-Type: application/json; charset=utf-8
host: localhost:53101
accept: */*

Response DefaultHttpResponse(decodeResult: success, version: HTTP/1.1)
HTTP/1.1 200 OK
Content-Type: application/json; charset=utf-8
cache-control: no-cache
content-length: 14

12:46:27.808 [AsyncHttpClient-1-2] DEBUG org.asynchttpclient.netty.channel.ChannelManager - Adding key: http://localhost:53101 for channel [id: 0xf1349252, L:/127.0.0.1:52196 - R:localhost/127.0.0.1:53101]
12:46:27.809 [Forwarding sendKeysToElement on session 8d2e92211f85360e5ae67eb4007c1ef8 to remote] DEBUG org.asynchttpclient.netty.request.NettyRequestSender - Using pooled Channel '[id: 0xf1349252, L:/127.0.0.1:52196 - R:localhost/127.0.0.1:53101]' for 'POST' to 'http://localhost:53101/session/8d2e92211f85360e5ae67eb4007c1ef8/element/be4a7a32-9d01-46c3-b927-646a86f1eff3/value'
12:46:27.809 [Forwarding sendKeysToElement on session 8d2e92211f85360e5ae67eb4007c1ef8 to remote] DEBUG org.asynchttpclient.netty.request.NettyRequestSender - Using open Channel [id: 0xf1349252, L:/127.0.0.1:52196 - R:localhost/127.0.0.1:53101] for POST '/session/8d2e92211f85360e5ae67eb4007c1ef8/element/be4a7a32-9d01-46c3-b927-646a86f1eff3/value'
12:46:27.862 [AsyncHttpClient-1-2] DEBUG org.asynchttpclient.netty.handler.HttpHandler - 

Request DefaultHttpRequest(decodeResult: success, version: HTTP/1.1)
POST /session/8d2e92211f85360e5ae67eb4007c1ef8/element/be4a7a32-9d01-46c3-b927-646a86f1eff3/value HTTP/1.1
User-Agent: selenium/4.1.2 (java windows)
Content-Length: 151
Content-Type: application/json; charset=utf-8
host: localhost:53101
accept: */*

Response DefaultHttpResponse(decodeResult: success, version: HTTP/1.1)
HTTP/1.1 200 OK
Content-Type: application/json; charset=utf-8
cache-control: no-cache
content-length: 14

12:46:27.862 [AsyncHttpClient-1-2] DEBUG org.asynchttpclient.netty.channel.ChannelManager - Adding key: http://localhost:53101 for channel [id: 0xf1349252, L:/127.0.0.1:52196 - R:localhost/127.0.0.1:53101]
  &amp#27;[32mAnd &amp#27;[0m&amp#27;[32mI input new &amp#27;[0m&amp#27;[32m&amp#27;[1m"novtami"&amp#27;[0m&amp#27;[32m password&amp#27;[0m         &amp#27;[90m# starter.stepdefinition.Registerstep.iInputNewPassword(java.lang.String)&amp#27;[0m
12:46:27.866 [Forwarding screenshot on session 8d2e92211f85360e5ae67eb4007c1ef8 to remote] DEBUG org.asynchttpclient.netty.request.NettyRequestSender - Using pooled Channel '[id: 0xf1349252, L:/127.0.0.1:52196 - R:localhost/127.0.0.1:53101]' for 'GET' to 'http://localhost:53101/session/8d2e92211f85360e5ae67eb4007c1ef8/screenshot'
12:46:27.866 [Forwarding screenshot on session 8d2e92211f85360e5ae67eb4007c1ef8 to remote] DEBUG org.asynchttpclient.netty.request.NettyRequestSender - Using open Channel [id: 0xf1349252, L:/127.0.0.1:52196 - R:localhost/127.0.0.1:53101] for GET '/session/8d2e92211f85360e5ae67eb4007c1ef8/screenshot'
12:46:28.034 [AsyncHttpClient-1-2] DEBUG org.asynchttpclient.netty.handler.HttpHandler - 

Request DefaultFullHttpRequest(decodeResult: success, version: HTTP/1.1, content: EmptyByteBufBE)
GET /session/8d2e92211f85360e5ae67eb4007c1ef8/screenshot HTTP/1.1
User-Agent: selenium/4.1.2 (java windows)
Cache-Control: no-cache
Content-Type: application/json; charset=utf-8
host: localhost:53101
accept: */*

Response DefaultHttpResponse(decodeResult: success, version: HTTP/1.1)
HTTP/1.1 200 OK
Content-Type: application/json; charset=utf-8
cache-control: no-cache
content-length: 45260

12:46:28.034 [AsyncHttpClient-1-2] DEBUG org.asynchttpclient.netty.channel.ChannelManager - Adding key: http://localhost:53101 for channel [id: 0xf1349252, L:/127.0.0.1:52196 - R:localhost/127.0.0.1:53101]
12:46:28.035 [main] DEBUG net.serenitybdd.core.photography.Darkroom - Send negative for processing for target\site\serenity\ed6403dec1d0f5cb7a37a8e771363b169d4f099330ca0fba68d0aadd8064c94e.png
12:46:28.035 [Darkroom Processing Line] DEBUG net.serenitybdd.core.photography.DarkroomProcessingLine - Processing screenshot image in /var/screenshots/screenshot-10627003909582188962
12:46:28.035 [Darkroom Processing Line] DEBUG net.serenitybdd.core.photography.DarkroomProcessingLine - Saving screenshot to target\site\serenity\ed6403dec1d0f5cb7a37a8e771363b169d4f099330ca0fba68d0aadd8064c94e.png
12:46:28.041 [Forwarding findElement on session 8d2e92211f85360e5ae67eb4007c1ef8 to remote] DEBUG org.asynchttpclient.netty.request.NettyRequestSender - Using pooled Channel '[id: 0xf1349252, L:/127.0.0.1:52196 - R:localhost/127.0.0.1:53101]' for 'POST' to 'http://localhost:53101/session/8d2e92211f85360e5ae67eb4007c1ef8/element'
12:46:28.041 [Forwarding findElement on session 8d2e92211f85360e5ae67eb4007c1ef8 to remote] DEBUG org.asynchttpclient.netty.request.NettyRequestSender - Using open Channel [id: 0xf1349252, L:/127.0.0.1:52196 - R:localhost/127.0.0.1:53101] for POST '/session/8d2e92211f85360e5ae67eb4007c1ef8/element'
12:46:28.051 [AsyncHttpClient-1-2] DEBUG org.asynchttpclient.netty.handler.HttpHandler - 

Request DefaultHttpRequest(decodeResult: success, version: HTTP/1.1)
POST /session/8d2e92211f85360e5ae67eb4007c1ef8/element HTTP/1.1
User-Agent: selenium/4.1.2 (java windows)
Content-Length: 123
Content-Type: application/json; charset=utf-8
host: localhost:53101
accept: */*

Response DefaultHttpResponse(decodeResult: success, version: HTTP/1.1)
HTTP/1.1 200 OK
Content-Type: application/json; charset=utf-8
cache-control: no-cache
content-length: 88

12:46:28.051 [AsyncHttpClient-1-2] DEBUG org.asynchttpclient.netty.channel.ChannelManager - Adding key: http://localhost:53101 for channel [id: 0xf1349252, L:/127.0.0.1:52196 - R:localhost/127.0.0.1:53101]
12:46:28.052 [Forwarding getElementTagName on session 8d2e92211f85360e5ae67eb4007c1ef8 to remote] DEBUG org.asynchttpclient.netty.request.NettyRequestSender - Using pooled Channel '[id: 0xf1349252, L:/127.0.0.1:52196 - R:localhost/127.0.0.1:53101]' for 'GET' to 'http://localhost:53101/session/8d2e92211f85360e5ae67eb4007c1ef8/element/8f5fa3c5-4915-404b-beb8-6015aab62bca/name'
12:46:28.052 [Forwarding getElementTagName on session 8d2e92211f85360e5ae67eb4007c1ef8 to remote] DEBUG org.asynchttpclient.netty.request.NettyRequestSender - Using open Channel [id: 0xf1349252, L:/127.0.0.1:52196 - R:localhost/127.0.0.1:53101] for GET '/session/8d2e92211f85360e5ae67eb4007c1ef8/element/8f5fa3c5-4915-404b-beb8-6015aab62bca/name'
12:46:28.056 [AsyncHttpClient-1-2] DEBUG org.asynchttpclient.netty.handler.HttpHandler - 

Request DefaultFullHttpRequest(decodeResult: success, version: HTTP/1.1, content: EmptyByteBufBE)
GET /session/8d2e92211f85360e5ae67eb4007c1ef8/element/8f5fa3c5-4915-404b-beb8-6015aab62bca/name HTTP/1.1
User-Agent: selenium/4.1.2 (java windows)
Cache-Control: no-cache
Content-Type: application/json; charset=utf-8
host: localhost:53101
accept: */*

Response DefaultHttpResponse(decodeResult: success, version: HTTP/1.1)
HTTP/1.1 200 OK
Content-Type: application/json; charset=utf-8
cache-control: no-cache
content-length: 16

12:46:28.058 [AsyncHttpClient-1-2] DEBUG org.asynchttpclient.netty.channel.ChannelManager - Adding key: http://localhost:53101 for channel [id: 0xf1349252, L:/127.0.0.1:52196 - R:localhost/127.0.0.1:53101]
12:46:28.059 [Forwarding getElementTagName on session 8d2e92211f85360e5ae67eb4007c1ef8 to remote] DEBUG org.asynchttpclient.netty.request.NettyRequestSender - Using pooled Channel '[id: 0xf1349252, L:/127.0.0.1:52196 - R:localhost/127.0.0.1:53101]' for 'GET' to 'http://localhost:53101/session/8d2e92211f85360e5ae67eb4007c1ef8/element/8f5fa3c5-4915-404b-beb8-6015aab62bca/name'
12:46:28.059 [Forwarding getElementTagName on session 8d2e92211f85360e5ae67eb4007c1ef8 to remote] DEBUG org.asynchttpclient.netty.request.NettyRequestSender - Using open Channel [id: 0xf1349252, L:/127.0.0.1:52196 - R:localhost/127.0.0.1:53101] for GET '/session/8d2e92211f85360e5ae67eb4007c1ef8/element/8f5fa3c5-4915-404b-beb8-6015aab62bca/name'
12:46:28.066 [AsyncHttpClient-1-2] DEBUG org.asynchttpclient.netty.handler.HttpHandler - 

Request DefaultFullHttpRequest(decodeResult: success, version: HTTP/1.1, content: EmptyByteBufBE)
GET /session/8d2e92211f85360e5ae67eb4007c1ef8/element/8f5fa3c5-4915-404b-beb8-6015aab62bca/name HTTP/1.1
User-Agent: selenium/4.1.2 (java windows)
Cache-Control: no-cache
Content-Type: application/json; charset=utf-8
host: localhost:53101
accept: */*

Response DefaultHttpResponse(decodeResult: success, version: HTTP/1.1)
HTTP/1.1 200 OK
Content-Type: application/json; charset=utf-8
cache-control: no-cache
content-length: 16

12:46:28.066 [AsyncHttpClient-1-2] DEBUG org.asynchttpclient.netty.channel.ChannelManager - Adding key: http://localhost:53101 for channel [id: 0xf1349252, L:/127.0.0.1:52196 - R:localhost/127.0.0.1:53101]
12:46:28.067 [Forwarding findElement on session 8d2e92211f85360e5ae67eb4007c1ef8 to remote] DEBUG org.asynchttpclient.netty.request.NettyRequestSender - Using pooled Channel '[id: 0xf1349252, L:/127.0.0.1:52196 - R:localhost/127.0.0.1:53101]' for 'POST' to 'http://localhost:53101/session/8d2e92211f85360e5ae67eb4007c1ef8/element'
12:46:28.067 [Forwarding findElement on session 8d2e92211f85360e5ae67eb4007c1ef8 to remote] DEBUG org.asynchttpclient.netty.request.NettyRequestSender - Using open Channel [id: 0xf1349252, L:/127.0.0.1:52196 - R:localhost/127.0.0.1:53101] for POST '/session/8d2e92211f85360e5ae67eb4007c1ef8/element'
12:46:28.074 [AsyncHttpClient-1-2] DEBUG org.asynchttpclient.netty.handler.HttpHandler - 

Request DefaultHttpRequest(decodeResult: success, version: HTTP/1.1)
POST /session/8d2e92211f85360e5ae67eb4007c1ef8/element HTTP/1.1
User-Agent: selenium/4.1.2 (java windows)
Content-Length: 123
Content-Type: application/json; charset=utf-8
host: localhost:53101
accept: */*

Response DefaultHttpResponse(decodeResult: success, version: HTTP/1.1)
HTTP/1.1 200 OK
Content-Type: application/json; charset=utf-8
cache-control: no-cache
content-length: 88

12:46:28.074 [AsyncHttpClient-1-2] DEBUG org.asynchttpclient.netty.channel.ChannelManager - Adding key: http://localhost:53101 for channel [id: 0xf1349252, L:/127.0.0.1:52196 - R:localhost/127.0.0.1:53101]
12:46:28.075 [Forwarding clickElement on session 8d2e92211f85360e5ae67eb4007c1ef8 to remote] DEBUG org.asynchttpclient.netty.request.NettyRequestSender - Using pooled Channel '[id: 0xf1349252, L:/127.0.0.1:52196 - R:localhost/127.0.0.1:53101]' for 'POST' to 'http://localhost:53101/session/8d2e92211f85360e5ae67eb4007c1ef8/element/8f5fa3c5-4915-404b-beb8-6015aab62bca/click'
12:46:28.075 [Forwarding clickElement on session 8d2e92211f85360e5ae67eb4007c1ef8 to remote] DEBUG org.asynchttpclient.netty.request.NettyRequestSender - Using open Channel [id: 0xf1349252, L:/127.0.0.1:52196 - R:localhost/127.0.0.1:53101] for POST '/session/8d2e92211f85360e5ae67eb4007c1ef8/element/8f5fa3c5-4915-404b-beb8-6015aab62bca/click'
12:46:28.116 [AsyncHttpClient-1-2] DEBUG org.asynchttpclient.netty.handler.HttpHandler - 

Request DefaultHttpRequest(decodeResult: success, version: HTTP/1.1)
POST /session/8d2e92211f85360e5ae67eb4007c1ef8/element/8f5fa3c5-4915-404b-beb8-6015aab62bca/click HTTP/1.1
User-Agent: selenium/4.1.2 (java windows)
Content-Length: 50
Content-Type: application/json; charset=utf-8
host: localhost:53101
accept: */*

Response DefaultHttpResponse(decodeResult: success, version: HTTP/1.1)
HTTP/1.1 200 OK
Content-Type: application/json; charset=utf-8
cache-control: no-cache
content-length: 14

12:46:28.116 [AsyncHttpClient-1-2] DEBUG org.asynchttpclient.netty.channel.ChannelManager - Adding key: http://localhost:53101 for channel [id: 0xf1349252, L:/127.0.0.1:52196 - R:localhost/127.0.0.1:53101]
  &amp#27;[32mAnd &amp#27;[0m&amp#27;[32mI click register  button&amp#27;[0m               &amp#27;[90m# starter.stepdefinition.Registerstep.iClickRegisterButton()&amp#27;[0m
12:46:28.120 [Forwarding screenshot on session 8d2e92211f85360e5ae67eb4007c1ef8 to remote] DEBUG org.asynchttpclient.netty.request.NettyRequestSender - Using pooled Channel '[id: 0xf1349252, L:/127.0.0.1:52196 - R:localhost/127.0.0.1:53101]' for 'GET' to 'http://localhost:53101/session/8d2e92211f85360e5ae67eb4007c1ef8/screenshot'
12:46:28.120 [Forwarding screenshot on session 8d2e92211f85360e5ae67eb4007c1ef8 to remote] DEBUG org.asynchttpclient.netty.request.NettyRequestSender - Using open Channel [id: 0xf1349252, L:/127.0.0.1:52196 - R:localhost/127.0.0.1:53101] for GET '/session/8d2e92211f85360e5ae67eb4007c1ef8/screenshot'
12:46:28.282 [AsyncHttpClient-1-2] DEBUG org.asynchttpclient.netty.handler.HttpHandler - 

Request DefaultFullHttpRequest(decodeResult: success, version: HTTP/1.1, content: EmptyByteBufBE)
GET /session/8d2e92211f85360e5ae67eb4007c1ef8/screenshot HTTP/1.1
User-Agent: selenium/4.1.2 (java windows)
Cache-Control: no-cache
Content-Type: application/json; charset=utf-8
host: localhost:53101
accept: */*

Response DefaultHttpResponse(decodeResult: success, version: HTTP/1.1)
HTTP/1.1 200 OK
Content-Type: application/json; charset=utf-8
cache-control: no-cache
content-length: 44372

12:46:28.283 [AsyncHttpClient-1-2] DEBUG org.asynchttpclient.netty.channel.ChannelManager - Adding key: http://localhost:53101 for channel [id: 0xf1349252, L:/127.0.0.1:52196 - R:localhost/127.0.0.1:53101]
12:46:28.284 [main] DEBUG net.serenitybdd.core.photography.Darkroom - Send negative for processing for target\site\serenity\f88530167d0fe7673370d77a6bf6c816fdb0715a9058d9acf4c7ec81f755b2fd.png
12:46:28.284 [Darkroom Processing Line] DEBUG net.serenitybdd.core.photography.DarkroomProcessingLine - Processing screenshot image in /var/screenshots/screenshot-2003093452469794810
12:46:28.284 [Darkroom Processing Line] DEBUG net.serenitybdd.core.photography.DarkroomProcessingLine - Saving screenshot to target\site\serenity\f88530167d0fe7673370d77a6bf6c816fdb0715a9058d9acf4c7ec81f755b2fd.png
12:46:28.288 [Forwarding findElement on session 8d2e92211f85360e5ae67eb4007c1ef8 to remote] DEBUG org.asynchttpclient.netty.request.NettyRequestSender - Using pooled Channel '[id: 0xf1349252, L:/127.0.0.1:52196 - R:localhost/127.0.0.1:53101]' for 'POST' to 'http://localhost:53101/session/8d2e92211f85360e5ae67eb4007c1ef8/element'
12:46:28.288 [Forwarding findElement on session 8d2e92211f85360e5ae67eb4007c1ef8 to remote] DEBUG org.asynchttpclient.netty.request.NettyRequestSender - Using open Channel [id: 0xf1349252, L:/127.0.0.1:52196 - R:localhost/127.0.0.1:53101] for POST '/session/8d2e92211f85360e5ae67eb4007c1ef8/element'
12:46:28.645 [AsyncHttpClient-1-1] DEBUG org.asynchttpclient.netty.channel.DefaultChannelPool - Entry count for : http://localhost:52197 : 1
12:46:28.868 [AsyncHttpClient-1-2] DEBUG org.asynchttpclient.netty.handler.HttpHandler - 

Request DefaultHttpRequest(decodeResult: success, version: HTTP/1.1)
POST /session/8d2e92211f85360e5ae67eb4007c1ef8/element HTTP/1.1
User-Agent: selenium/4.1.2 (java windows)
Content-Length: 81
Content-Type: application/json; charset=utf-8
host: localhost:53101
accept: */*

Response DefaultHttpResponse(decodeResult: success, version: HTTP/1.1)
HTTP/1.1 200 OK
Content-Type: application/json; charset=utf-8
cache-control: no-cache
content-length: 88

12:46:28.868 [AsyncHttpClient-1-2] DEBUG org.asynchttpclient.netty.channel.ChannelManager - Adding key: http://localhost:53101 for channel [id: 0xf1349252, L:/127.0.0.1:52196 - R:localhost/127.0.0.1:53101]
12:46:28.870 [Forwarding isElementDisplayed on session 8d2e92211f85360e5ae67eb4007c1ef8 to remote] DEBUG org.asynchttpclient.netty.request.NettyRequestSender - Using pooled Channel '[id: 0xf1349252, L:/127.0.0.1:52196 - R:localhost/127.0.0.1:53101]' for 'POST' to 'http://localhost:53101/session/8d2e92211f85360e5ae67eb4007c1ef8/execute/sync'
12:46:28.870 [Forwarding isElementDisplayed on session 8d2e92211f85360e5ae67eb4007c1ef8 to remote] DEBUG org.asynchttpclient.netty.request.NettyRequestSender - Using open Channel [id: 0xf1349252, L:/127.0.0.1:52196 - R:localhost/127.0.0.1:53101] for POST '/session/8d2e92211f85360e5ae67eb4007c1ef8/execute/sync'
12:46:28.882 [AsyncHttpClient-1-2] DEBUG org.asynchttpclient.netty.handler.HttpHandler - 

Request DefaultHttpRequest(decodeResult: success, version: HTTP/1.1)
POST /session/8d2e92211f85360e5ae67eb4007c1ef8/execute/sync HTTP/1.1
User-Agent: selenium/4.1.2 (java windows)
Content-Length: 48780
Content-Type: application/json; charset=utf-8
host: localhost:53101
accept: */*

Response DefaultHttpResponse(decodeResult: success, version: HTTP/1.1)
HTTP/1.1 200 OK
Content-Type: application/json; charset=utf-8
cache-control: no-cache
content-length: 14

12:46:28.883 [AsyncHttpClient-1-2] DEBUG org.asynchttpclient.netty.channel.ChannelManager - Adding key: http://localhost:53101 for channel [id: 0xf1349252, L:/127.0.0.1:52196 - R:localhost/127.0.0.1:53101]
  &amp#27;[32mThen &amp#27;[0m&amp#27;[32mI will get &amp#27;[0m&amp#27;[32m&amp#27;[1m"error message"&amp#27;[0m            &amp#27;[90m# starter.stepdefinition.Registerstep.iWillGet(java.lang.String)&amp#27;[0m
12:46:28.886 [Forwarding screenshot on session 8d2e92211f85360e5ae67eb4007c1ef8 to remote] DEBUG org.asynchttpclient.netty.request.NettyRequestSender - Using pooled Channel '[id: 0xf1349252, L:/127.0.0.1:52196 - R:localhost/127.0.0.1:53101]' for 'GET' to 'http://localhost:53101/session/8d2e92211f85360e5ae67eb4007c1ef8/screenshot'
12:46:28.886 [Forwarding screenshot on session 8d2e92211f85360e5ae67eb4007c1ef8 to remote] DEBUG org.asynchttpclient.netty.request.NettyRequestSender - Using open Channel [id: 0xf1349252, L:/127.0.0.1:52196 - R:localhost/127.0.0.1:53101] for GET '/session/8d2e92211f85360e5ae67eb4007c1ef8/screenshot'
12:46:29.035 [AsyncHttpClient-1-2] DEBUG org.asynchttpclient.netty.handler.HttpHandler - 

Request DefaultFullHttpRequest(decodeResult: success, version: HTTP/1.1, content: EmptyByteBufBE)
GET /session/8d2e92211f85360e5ae67eb4007c1ef8/screenshot HTTP/1.1
User-Agent: selenium/4.1.2 (java windows)
Cache-Control: no-cache
Content-Type: application/json; charset=utf-8
host: localhost:53101
accept: */*

Response DefaultHttpResponse(decodeResult: success, version: HTTP/1.1)
HTTP/1.1 200 OK
Content-Type: application/json; charset=utf-8
cache-control: no-cache
content-length: 46344

12:46:29.035 [AsyncHttpClient-1-2] DEBUG org.asynchttpclient.netty.channel.ChannelManager - Adding key: http://localhost:53101 for channel [id: 0xf1349252, L:/127.0.0.1:52196 - R:localhost/127.0.0.1:53101]
12:46:29.036 [main] DEBUG net.serenitybdd.core.photography.Darkroom - Send negative for processing for target\site\serenity\2ba67eb44baaf3db60166edfdfe714de40eef08bf3120c65636c257f3bb43a54.png
12:46:29.036 [Darkroom Processing Line] DEBUG net.serenitybdd.core.photography.DarkroomProcessingLine - Processing screenshot image in /var/screenshots/screenshot-5204675789271850535
12:46:29.036 [Darkroom Processing Line] DEBUG net.serenitybdd.core.photography.DarkroomProcessingLine - Saving screenshot to target\site\serenity\2ba67eb44baaf3db60166edfdfe714de40eef08bf3120c65636c257f3bb43a54.png
12:46:29.041 [AsyncHttpClient-1-4] DEBUG org.asynchttpclient.netty.handler.WebSocketHandler - Channel Closed: [id: 0xcf3ac891, L:/127.0.0.1:52204 ! R:localhost/127.0.0.1:52197] with attribute NettyResponseFuture{currentRetry=5,
	isDone=1,
	isCancelled=0,
	asyncHandler=org.asynchttpclient.ws.WebSocketUpgradeHandler@55d98cf,
	nettyRequest=org.asynchttpclient.netty.request.NettyRequest@53ca4511,
	future=java.util.concurrent.CompletableFuture@47cd7270[Completed normally],
	uri=ws://localhost:52197/devtools/browser/67949cd1-2ea3-4847-9b66-88b096a902c7,
	keepAlive=true,
	redirectCount=0,
	timeoutsHolder=null,
	inAuth=0,
	touch=1667972785287}
12:46:29.041 [AsyncHttpClient-1-4] DEBUG org.asynchttpclient.netty.channel.ChannelManager - Closing Channel [id: 0xcf3ac891, L:/127.0.0.1:52204 ! R:localhost/127.0.0.1:52197] 
12:46:29.041 [Driver Command Executor] DEBUG org.asynchttpclient.netty.request.NettyRequestSender - Using pooled Channel '[id: 0xf1349252, L:/127.0.0.1:52196 - R:localhost/127.0.0.1:53101]' for 'DELETE' to 'http://localhost:53101/session/8d2e92211f85360e5ae67eb4007c1ef8'
12:46:29.041 [Driver Command Executor] DEBUG org.asynchttpclient.netty.request.NettyRequestSender - Using open Channel [id: 0xf1349252, L:/127.0.0.1:52196 - R:localhost/127.0.0.1:53101] for DELETE '/session/8d2e92211f85360e5ae67eb4007c1ef8'
12:46:29.061 [AsyncHttpClient-1-3] DEBUG org.asynchttpclient.netty.handler.HttpHandler - Unexpected I/O exception on channel [id: 0x7c10d14a, L:/127.0.0.1:52203 - R:localhost/127.0.0.1:52197]
java.io.IOException: An existing connection was forcibly closed by the remote host
	at java.base/sun.nio.ch.SocketDispatcher.read0(Native Method)
	at java.base/sun.nio.ch.SocketDispatcher.read(SocketDispatcher.java:43)
	at java.base/sun.nio.ch.IOUtil.readIntoNativeBuffer(IOUtil.java:276)
	at java.base/sun.nio.ch.IOUtil.read(IOUtil.java:233)
	at java.base/sun.nio.ch.IOUtil.read(IOUtil.java:223)
	at java.base/sun.nio.ch.SocketChannelImpl.read(SocketChannelImpl.java:358)
	at io.netty.buffer.PooledByteBuf.setBytes(PooledByteBuf.java:258)
	at io.netty.buffer.AbstractByteBuf.writeBytes(AbstractByteBuf.java:1132)
	at io.netty.channel.socket.nio.NioSocketChannel.doReadBytes(NioSocketChannel.java:350)
	at io.netty.channel.nio.AbstractNioByteChannel$NioByteUnsafe.read(AbstractNioByteChannel.java:151)
	at io.netty.channel.nio.NioEventLoop.processSelectedKey(NioEventLoop.java:722)
	at io.netty.channel.nio.NioEventLoop.processSelectedKeysOptimized(NioEventLoop.java:658)
	at io.netty.channel.nio.NioEventLoop.processSelectedKeys(NioEventLoop.java:584)
	at io.netty.channel.nio.NioEventLoop.run(NioEventLoop.java:496)
	at io.netty.util.concurrent.SingleThreadEventExecutor$4.run(SingleThreadEventExecutor.java:986)
	at io.netty.util.internal.ThreadExecutorMap$2.run(ThreadExecutorMap.java:74)
	at io.netty.util.concurrent.FastThreadLocalRunnable.run(FastThreadLocalRunnable.java:30)
	at java.base/java.lang.Thread.run(Thread.java:834)
12:46:29.061 [AsyncHttpClient-1-3] DEBUG org.asynchttpclient.netty.channel.ChannelManager - Closing Channel [id: 0x7c10d14a, L:/127.0.0.1:52203 - R:localhost/127.0.0.1:52197] 
12:46:29.061 [AsyncHttpClient-1-3] DEBUG org.asynchttpclient.netty.handler.HttpHandler - Channel Closed: [id: 0x7c10d14a, L:/127.0.0.1:52203 ! R:localhost/127.0.0.1:52197] with attribute DISCARD
12:46:29.076 [AsyncHttpClient-1-2] DEBUG org.asynchttpclient.netty.handler.HttpHandler - 

Request DefaultFullHttpRequest(decodeResult: success, version: HTTP/1.1, content: EmptyByteBufBE)
DELETE /session/8d2e92211f85360e5ae67eb4007c1ef8 HTTP/1.1
User-Agent: selenium/4.1.2 (java windows)
Content-Type: application/json; charset=utf-8
host: localhost:53101
accept: */*

Response DefaultHttpResponse(decodeResult: success, version: HTTP/1.1)
HTTP/1.1 200 OK
Content-Type: application/json; charset=utf-8
cache-control: no-cache
content-length: 14

12:46:29.076 [AsyncHttpClient-1-2] DEBUG org.asynchttpclient.netty.channel.ChannelManager - Adding key: http://localhost:53101 for channel [id: 0xf1349252, L:/127.0.0.1:52196 - R:localhost/127.0.0.1:53101]
12:46:29.119 [AsyncHttpClient-1-2] DEBUG org.asynchttpclient.netty.handler.HttpHandler - Channel Closed: [id: 0xf1349252, L:/127.0.0.1:52196 ! R:localhost/127.0.0.1:53101] with attribute DISCARD
]]></system-out>
    <system-err><![CDATA[Starting ChromeDriver 107.0.5304.62 (1eec40d3a5764881c92085aaee66d25075c159aa-refs/branch-heads/5304@{#942}) on port 53101
Only local connections are allowed.
Please see https://chromedriver.chromium.org/security-considerations for suggestions on keeping ChromeDriver safe.
ChromeDriver was started successfully.
Nov 09, 2022 12:46:25 PM org.openqa.selenium.remote.ProtocolHandshake createSession
INFO: Detected dialect: W3C
Nov 09, 2022 12:46:25 PM org.openqa.selenium.devtools.CdpVersionFinder findNearestMatch
WARNING: Unable to find an exact match for CDP version 107, so returning the closest version found: a no-op implementation
Nov 09, 2022 12:46:25 PM org.openqa.selenium.devtools.CdpVersionFinder findNearestMatch
INFO: Unable to find CDP implementation matching 107.
Nov 09, 2022 12:46:25 PM org.openqa.selenium.chromium.ChromiumDriver lambda$new$3
WARNING: Unable to find version of CDP to use for . You may need to include a dependency on a specific version of the CDP using something similar to `org.seleniumhq.selenium:selenium-devtools-v86:4.1.2` where the version ("v86") matches the version of the chromium-based browser you're using and the version number of the artifact is the same as Selenium's.
]]></system-err>
  </testcase>
  <testcase name="Register new account #7" classname="Register" time="7.15">
    <system-out><![CDATA[
@Register
Scenario Outline: Register new account &amp#27;[90m# src/test/resources/features/register.feature:24&amp#27;[0m
12:46:29.178 [main] INFO io.cucumber.core.plugin.SerenityReporter - Running feature from file:///C:/Users/ASUS/Web/src/test/resources/features/register.feature
12:46:29.196 [main] INFO net.serenitybdd.core.webdriver.driverproviders.ChromeDriverProvider - Using automatically driver download
12:46:29.293 [main] DEBUG io.github.bonigarcia.wdm.cache.ResolutionCache - Resolution chrome=107 in cache (valid until 13:44:11 09/11/2022 ICT)
12:46:29.296 [main] DEBUG io.github.bonigarcia.wdm.cache.ResolutionCache - Resolution chrome107=107.0.5304.62 in cache (valid until 12:48:49 09/11/2022 ICT)
12:46:29.298 [main] INFO io.github.bonigarcia.wdm.WebDriverManager - Using chromedriver 107.0.5304.62 (resolved driver for Chrome 107)
12:46:29.314 [main] DEBUG io.github.bonigarcia.wdm.WebDriverManager - Driver chromedriver 107.0.5304.62 found in cache
12:46:29.314 [main] INFO io.github.bonigarcia.wdm.WebDriverManager - Exporting webdriver.chrome.driver as C:\Users\ASUS\.cache\selenium\chromedriver\win32\107.0.5304.62\chromedriver.exe
12:46:29.401 [main] DEBUG net.serenitybdd.core.webdriver.driverproviders.ProvideNewDriver - Instantiating driver
12:46:29.401 [main] DEBUG net.serenitybdd.core.webdriver.driverproviders.ProvideNewDriver - Driver capabilities: Capabilities {acceptInsecureCerts: false, base.url: https://alta-shop.vercel.app/, browserName: chrome, chrome.driver: src/test/resources/webdrive..., driver: chrome, goog:chromeOptions: {args: [], extensions: []}}
12:46:29.450 [AsyncHttpClient-1-5] DEBUG org.asynchttpclient.netty.channel.NettyConnectListener - Using new Channel '[id: 0x65d9cacc, L:/127.0.0.1:52219 - R:localhost/127.0.0.1:65086]' for 'POST' to '/session'
12:46:29.745 [AsyncHttpClient-1-1] DEBUG org.asynchttpclient.netty.channel.DefaultChannelPool - Entry count for : http://localhost:52197 : 1
12:46:29.745 [AsyncHttpClient-1-1] DEBUG org.asynchttpclient.netty.channel.DefaultChannelPool - Entry count for : http://localhost:53101 : 1
12:46:29.745 [AsyncHttpClient-1-1] DEBUG org.asynchttpclient.netty.channel.DefaultChannelPool - Adding Candidate expired Channel [id: 0x7c10d14a, L:/127.0.0.1:52203 ! R:localhost/127.0.0.1:52197] isIdleTimeoutExpired=false isRemotelyClosed=true isTtlExpired=false
12:46:29.745 [AsyncHttpClient-1-1] DEBUG org.asynchttpclient.netty.channel.DefaultChannelPool - Closing Idle Channel [id: 0x7c10d14a, L:/127.0.0.1:52203 ! R:localhost/127.0.0.1:52197]
12:46:29.745 [AsyncHttpClient-1-1] DEBUG org.asynchttpclient.netty.channel.DefaultChannelPool - Adding Candidate expired Channel [id: 0xf1349252, L:/127.0.0.1:52196 ! R:localhost/127.0.0.1:53101] isIdleTimeoutExpired=false isRemotelyClosed=true isTtlExpired=false
12:46:29.746 [AsyncHttpClient-1-1] DEBUG org.asynchttpclient.netty.channel.DefaultChannelPool - Closing Idle Channel [id: 0xf1349252, L:/127.0.0.1:52196 ! R:localhost/127.0.0.1:53101]
12:46:29.746 [AsyncHttpClient-1-1] DEBUG org.asynchttpclient.netty.channel.DefaultChannelPool - Closed 2 connections out of 2 in 1 ms
12:46:32.169 [AsyncHttpClient-1-5] DEBUG org.asynchttpclient.netty.handler.HttpHandler - 

Request DefaultHttpRequest(decodeResult: success, version: HTTP/1.1)
POST /session HTTP/1.1
User-Agent: selenium/4.1.2 (java windows)
Content-Length: 615
Content-Type: application/json; charset=utf-8
host: localhost:65086
accept: */*

Response DefaultHttpResponse(decodeResult: success, version: HTTP/1.1)
HTTP/1.1 200 OK
Content-Type: application/json; charset=utf-8
cache-control: no-cache
content-length: 788

12:46:32.170 [AsyncHttpClient-1-5] DEBUG org.asynchttpclient.netty.channel.ChannelManager - Adding key: http://localhost:65086 for channel [id: 0x65d9cacc, L:/127.0.0.1:52219 - R:localhost/127.0.0.1:65086]
12:46:32.175 [AsyncHttpClient-1-6] DEBUG org.asynchttpclient.netty.channel.NettyConnectListener - Using new Channel '[id: 0x108a1575, L:/127.0.0.1:52226 - R:localhost/127.0.0.1:52220]' for 'GET' to '/json/version'
12:46:32.176 [AsyncHttpClient-1-6] DEBUG org.asynchttpclient.netty.handler.HttpHandler - 

Request DefaultFullHttpRequest(decodeResult: success, version: HTTP/1.1, content: EmptyByteBufBE)
GET /json/version HTTP/1.1
User-Agent: selenium/4.1.2 (java windows)
host: localhost:52220
accept: */*

Response DefaultHttpResponse(decodeResult: success, version: HTTP/1.1)
HTTP/1.1 200 OK
Content-Type: application/json; charset=UTF-8
content-length: 423

12:46:32.176 [AsyncHttpClient-1-6] DEBUG org.asynchttpclient.netty.channel.ChannelManager - Adding key: http://localhost:52220 for channel [id: 0x108a1575, L:/127.0.0.1:52226 - R:localhost/127.0.0.1:52220]
12:46:32.178 [AsyncHttpClient-1-7] DEBUG org.asynchttpclient.netty.channel.NettyConnectListener - Using new Channel '[id: 0x084be4d4, L:/127.0.0.1:52227 - R:localhost/127.0.0.1:52220]' for 'GET' to '/devtools/browser/9dcc4d63-e89d-49d2-a9f0-70f50f35cbd1'
12:46:32.178 [AsyncHttpClient-1-7] DEBUG org.asynchttpclient.netty.handler.WebSocketHandler - 

Request DefaultFullHttpRequest(decodeResult: success, version: HTTP/1.1, content: EmptyByteBufBE)
GET /devtools/browser/9dcc4d63-e89d-49d2-a9f0-70f50f35cbd1 HTTP/1.1
upgrade: websocket
connection: upgrade
sec-websocket-key: 8SRYdgvFVCEi7ROGCLbZHw==
sec-websocket-version: 13
origin: http://localhost:52220
host: localhost:52220
accept: */*
user-agent: AHC/2.1

Response DefaultHttpResponse(decodeResult: success, version: HTTP/1.1)
HTTP/1.1 101 WebSocket Protocol Handshake
Upgrade: WebSocket
Connection: Upgrade
Sec-WebSocket-Accept: oxWaeDowe+80pJWK/x0PKKJ+4So=

12:46:32.180 [Forwarding get on session 285875f843dcf58bdf7c47780d487944 to remote] DEBUG org.asynchttpclient.netty.request.NettyRequestSender - Using pooled Channel '[id: 0x65d9cacc, L:/127.0.0.1:52219 - R:localhost/127.0.0.1:65086]' for 'POST' to 'http://localhost:65086/session/285875f843dcf58bdf7c47780d487944/url'
12:46:32.180 [Forwarding get on session 285875f843dcf58bdf7c47780d487944 to remote] DEBUG org.asynchttpclient.netty.request.NettyRequestSender - Using open Channel [id: 0x65d9cacc, L:/127.0.0.1:52219 - R:localhost/127.0.0.1:65086] for POST '/session/285875f843dcf58bdf7c47780d487944/url'
12:46:33.045 [AsyncHttpClient-1-1] DEBUG org.asynchttpclient.netty.channel.DefaultChannelPool - Entry count for : http://localhost:52220 : 1
12:46:33.169 [AsyncHttpClient-1-5] DEBUG org.asynchttpclient.netty.handler.HttpHandler - 

Request DefaultHttpRequest(decodeResult: success, version: HTTP/1.1)
POST /session/285875f843dcf58bdf7c47780d487944/url HTTP/1.1
User-Agent: selenium/4.1.2 (java windows)
Content-Length: 59
Content-Type: application/json; charset=utf-8
host: localhost:65086
accept: */*

Response DefaultHttpResponse(decodeResult: success, version: HTTP/1.1)
HTTP/1.1 200 OK
Content-Type: application/json; charset=utf-8
cache-control: no-cache
content-length: 14

12:46:33.169 [AsyncHttpClient-1-5] DEBUG org.asynchttpclient.netty.channel.ChannelManager - Adding key: http://localhost:65086 for channel [id: 0x65d9cacc, L:/127.0.0.1:52219 - R:localhost/127.0.0.1:65086]
12:46:33.170 [Forwarding setTimeout on session 285875f843dcf58bdf7c47780d487944 to remote] DEBUG org.asynchttpclient.netty.request.NettyRequestSender - Using pooled Channel '[id: 0x65d9cacc, L:/127.0.0.1:52219 - R:localhost/127.0.0.1:65086]' for 'POST' to 'http://localhost:65086/session/285875f843dcf58bdf7c47780d487944/timeouts'
12:46:33.170 [Forwarding setTimeout on session 285875f843dcf58bdf7c47780d487944 to remote] DEBUG org.asynchttpclient.netty.request.NettyRequestSender - Using open Channel [id: 0x65d9cacc, L:/127.0.0.1:52219 - R:localhost/127.0.0.1:65086] for POST '/session/285875f843dcf58bdf7c47780d487944/timeouts'
12:46:33.170 [AsyncHttpClient-1-5] DEBUG org.asynchttpclient.netty.handler.HttpHandler - 

Request DefaultHttpRequest(decodeResult: success, version: HTTP/1.1)
POST /session/285875f843dcf58bdf7c47780d487944/timeouts HTTP/1.1
User-Agent: selenium/4.1.2 (java windows)
Content-Length: 22
Content-Type: application/json; charset=utf-8
host: localhost:65086
accept: */*

Response DefaultHttpResponse(decodeResult: success, version: HTTP/1.1)
HTTP/1.1 200 OK
Content-Type: application/json; charset=utf-8
cache-control: no-cache
content-length: 14

12:46:33.171 [AsyncHttpClient-1-5] DEBUG org.asynchttpclient.netty.channel.ChannelManager - Adding key: http://localhost:65086 for channel [id: 0x65d9cacc, L:/127.0.0.1:52219 - R:localhost/127.0.0.1:65086]
12:46:33.172 [Forwarding getCurrentUrl on session 285875f843dcf58bdf7c47780d487944 to remote] DEBUG org.asynchttpclient.netty.request.NettyRequestSender - Using pooled Channel '[id: 0x65d9cacc, L:/127.0.0.1:52219 - R:localhost/127.0.0.1:65086]' for 'GET' to 'http://localhost:65086/session/285875f843dcf58bdf7c47780d487944/url'
12:46:33.173 [Forwarding getCurrentUrl on session 285875f843dcf58bdf7c47780d487944 to remote] DEBUG org.asynchttpclient.netty.request.NettyRequestSender - Using open Channel [id: 0x65d9cacc, L:/127.0.0.1:52219 - R:localhost/127.0.0.1:65086] for GET '/session/285875f843dcf58bdf7c47780d487944/url'
12:46:33.177 [AsyncHttpClient-1-5] DEBUG org.asynchttpclient.netty.handler.HttpHandler - 

Request DefaultFullHttpRequest(decodeResult: success, version: HTTP/1.1, content: EmptyByteBufBE)
GET /session/285875f843dcf58bdf7c47780d487944/url HTTP/1.1
User-Agent: selenium/4.1.2 (java windows)
Cache-Control: no-cache
Content-Type: application/json; charset=utf-8
host: localhost:65086
accept: */*

Response DefaultHttpResponse(decodeResult: success, version: HTTP/1.1)
HTTP/1.1 200 OK
Content-Type: application/json; charset=utf-8
cache-control: no-cache
content-length: 41

12:46:33.177 [AsyncHttpClient-1-5] DEBUG org.asynchttpclient.netty.channel.ChannelManager - Adding key: http://localhost:65086 for channel [id: 0x65d9cacc, L:/127.0.0.1:52219 - R:localhost/127.0.0.1:65086]
  &amp#27;[32mGiven &amp#27;[0m&amp#27;[32mI am on home page&amp#27;[0m              &amp#27;[90m# starter.stepdefinition.LoginStep.iAmOnHomePage()&amp#27;[0m
12:46:33.181 [Forwarding screenshot on session 285875f843dcf58bdf7c47780d487944 to remote] DEBUG org.asynchttpclient.netty.request.NettyRequestSender - Using pooled Channel '[id: 0x65d9cacc, L:/127.0.0.1:52219 - R:localhost/127.0.0.1:65086]' for 'GET' to 'http://localhost:65086/session/285875f843dcf58bdf7c47780d487944/screenshot'
12:46:33.181 [Forwarding screenshot on session 285875f843dcf58bdf7c47780d487944 to remote] DEBUG org.asynchttpclient.netty.request.NettyRequestSender - Using open Channel [id: 0x65d9cacc, L:/127.0.0.1:52219 - R:localhost/127.0.0.1:65086] for GET '/session/285875f843dcf58bdf7c47780d487944/screenshot'
12:46:33.348 [AsyncHttpClient-1-5] DEBUG org.asynchttpclient.netty.handler.HttpHandler - 

Request DefaultFullHttpRequest(decodeResult: success, version: HTTP/1.1, content: EmptyByteBufBE)
GET /session/285875f843dcf58bdf7c47780d487944/screenshot HTTP/1.1
User-Agent: selenium/4.1.2 (java windows)
Cache-Control: no-cache
Content-Type: application/json; charset=utf-8
host: localhost:65086
accept: */*

Response DefaultHttpResponse(decodeResult: success, version: HTTP/1.1)
HTTP/1.1 200 OK
Content-Type: application/json; charset=utf-8
cache-control: no-cache
content-length: 33164

12:46:33.349 [AsyncHttpClient-1-5] DEBUG org.asynchttpclient.netty.channel.ChannelManager - Adding key: http://localhost:65086 for channel [id: 0x65d9cacc, L:/127.0.0.1:52219 - R:localhost/127.0.0.1:65086]
12:46:33.349 [main] DEBUG net.serenitybdd.core.photography.Darkroom - Send negative for processing for target\site\serenity\e52d4dd475710fa7616deb931780ec1a7271f9d54cf40c8e2c94433b00808149.png
12:46:33.357 [Forwarding findElement on session 285875f843dcf58bdf7c47780d487944 to remote] DEBUG org.asynchttpclient.netty.request.NettyRequestSender - Using pooled Channel '[id: 0x65d9cacc, L:/127.0.0.1:52219 - R:localhost/127.0.0.1:65086]' for 'POST' to 'http://localhost:65086/session/285875f843dcf58bdf7c47780d487944/element'
12:46:33.357 [Forwarding findElement on session 285875f843dcf58bdf7c47780d487944 to remote] DEBUG org.asynchttpclient.netty.request.NettyRequestSender - Using open Channel [id: 0x65d9cacc, L:/127.0.0.1:52219 - R:localhost/127.0.0.1:65086] for POST '/session/285875f843dcf58bdf7c47780d487944/element'
12:46:33.367 [AsyncHttpClient-1-5] DEBUG org.asynchttpclient.netty.handler.HttpHandler - 

Request DefaultHttpRequest(decodeResult: success, version: HTTP/1.1)
POST /session/285875f843dcf58bdf7c47780d487944/element HTTP/1.1
User-Agent: selenium/4.1.2 (java windows)
Content-Length: 97
Content-Type: application/json; charset=utf-8
host: localhost:65086
accept: */*

Response DefaultHttpResponse(decodeResult: success, version: HTTP/1.1)
HTTP/1.1 200 OK
Content-Type: application/json; charset=utf-8
cache-control: no-cache
content-length: 88

12:46:33.367 [AsyncHttpClient-1-5] DEBUG org.asynchttpclient.netty.channel.ChannelManager - Adding key: http://localhost:65086 for channel [id: 0x65d9cacc, L:/127.0.0.1:52219 - R:localhost/127.0.0.1:65086]
12:46:33.368 [Forwarding getElementTagName on session 285875f843dcf58bdf7c47780d487944 to remote] DEBUG org.asynchttpclient.netty.request.NettyRequestSender - Using pooled Channel '[id: 0x65d9cacc, L:/127.0.0.1:52219 - R:localhost/127.0.0.1:65086]' for 'GET' to 'http://localhost:65086/session/285875f843dcf58bdf7c47780d487944/element/f36e6f85-fbfe-4844-bdde-2df243e5c99d/name'
12:46:33.368 [Forwarding getElementTagName on session 285875f843dcf58bdf7c47780d487944 to remote] DEBUG org.asynchttpclient.netty.request.NettyRequestSender - Using open Channel [id: 0x65d9cacc, L:/127.0.0.1:52219 - R:localhost/127.0.0.1:65086] for GET '/session/285875f843dcf58bdf7c47780d487944/element/f36e6f85-fbfe-4844-bdde-2df243e5c99d/name'
12:46:33.372 [AsyncHttpClient-1-5] DEBUG org.asynchttpclient.netty.handler.HttpHandler - 

Request DefaultFullHttpRequest(decodeResult: success, version: HTTP/1.1, content: EmptyByteBufBE)
GET /session/285875f843dcf58bdf7c47780d487944/element/f36e6f85-fbfe-4844-bdde-2df243e5c99d/name HTTP/1.1
User-Agent: selenium/4.1.2 (java windows)
Cache-Control: no-cache
Content-Type: application/json; charset=utf-8
host: localhost:65086
accept: */*

Response DefaultHttpResponse(decodeResult: success, version: HTTP/1.1)
HTTP/1.1 200 OK
Content-Type: application/json; charset=utf-8
cache-control: no-cache
content-length: 13

12:46:33.372 [AsyncHttpClient-1-5] DEBUG org.asynchttpclient.netty.channel.ChannelManager - Adding key: http://localhost:65086 for channel [id: 0x65d9cacc, L:/127.0.0.1:52219 - R:localhost/127.0.0.1:65086]
12:46:33.374 [Forwarding getElementTagName on session 285875f843dcf58bdf7c47780d487944 to remote] DEBUG org.asynchttpclient.netty.request.NettyRequestSender - Using pooled Channel '[id: 0x65d9cacc, L:/127.0.0.1:52219 - R:localhost/127.0.0.1:65086]' for 'GET' to 'http://localhost:65086/session/285875f843dcf58bdf7c47780d487944/element/f36e6f85-fbfe-4844-bdde-2df243e5c99d/name'
12:46:33.374 [Forwarding getElementTagName on session 285875f843dcf58bdf7c47780d487944 to remote] DEBUG org.asynchttpclient.netty.request.NettyRequestSender - Using open Channel [id: 0x65d9cacc, L:/127.0.0.1:52219 - R:localhost/127.0.0.1:65086] for GET '/session/285875f843dcf58bdf7c47780d487944/element/f36e6f85-fbfe-4844-bdde-2df243e5c99d/name'
12:46:33.379 [AsyncHttpClient-1-5] DEBUG org.asynchttpclient.netty.handler.HttpHandler - 

Request DefaultFullHttpRequest(decodeResult: success, version: HTTP/1.1, content: EmptyByteBufBE)
GET /session/285875f843dcf58bdf7c47780d487944/element/f36e6f85-fbfe-4844-bdde-2df243e5c99d/name HTTP/1.1
User-Agent: selenium/4.1.2 (java windows)
Cache-Control: no-cache
Content-Type: application/json; charset=utf-8
host: localhost:65086
accept: */*

Response DefaultHttpResponse(decodeResult: success, version: HTTP/1.1)
HTTP/1.1 200 OK
Content-Type: application/json; charset=utf-8
cache-control: no-cache
content-length: 13

12:46:33.379 [AsyncHttpClient-1-5] DEBUG org.asynchttpclient.netty.channel.ChannelManager - Adding key: http://localhost:65086 for channel [id: 0x65d9cacc, L:/127.0.0.1:52219 - R:localhost/127.0.0.1:65086]
12:46:33.380 [Forwarding findElement on session 285875f843dcf58bdf7c47780d487944 to remote] DEBUG org.asynchttpclient.netty.request.NettyRequestSender - Using pooled Channel '[id: 0x65d9cacc, L:/127.0.0.1:52219 - R:localhost/127.0.0.1:65086]' for 'POST' to 'http://localhost:65086/session/285875f843dcf58bdf7c47780d487944/element'
12:46:33.380 [Forwarding findElement on session 285875f843dcf58bdf7c47780d487944 to remote] DEBUG org.asynchttpclient.netty.request.NettyRequestSender - Using open Channel [id: 0x65d9cacc, L:/127.0.0.1:52219 - R:localhost/127.0.0.1:65086] for POST '/session/285875f843dcf58bdf7c47780d487944/element'
12:46:33.386 [AsyncHttpClient-1-5] DEBUG org.asynchttpclient.netty.handler.HttpHandler - 

Request DefaultHttpRequest(decodeResult: success, version: HTTP/1.1)
POST /session/285875f843dcf58bdf7c47780d487944/element HTTP/1.1
User-Agent: selenium/4.1.2 (java windows)
Content-Length: 97
Content-Type: application/json; charset=utf-8
host: localhost:65086
accept: */*

Response DefaultHttpResponse(decodeResult: success, version: HTTP/1.1)
HTTP/1.1 200 OK
Content-Type: application/json; charset=utf-8
cache-control: no-cache
content-length: 88

12:46:33.386 [AsyncHttpClient-1-5] DEBUG org.asynchttpclient.netty.channel.ChannelManager - Adding key: http://localhost:65086 for channel [id: 0x65d9cacc, L:/127.0.0.1:52219 - R:localhost/127.0.0.1:65086]
12:46:33.387 [Forwarding clickElement on session 285875f843dcf58bdf7c47780d487944 to remote] DEBUG org.asynchttpclient.netty.request.NettyRequestSender - Using pooled Channel '[id: 0x65d9cacc, L:/127.0.0.1:52219 - R:localhost/127.0.0.1:65086]' for 'POST' to 'http://localhost:65086/session/285875f843dcf58bdf7c47780d487944/element/f36e6f85-fbfe-4844-bdde-2df243e5c99d/click'
12:46:33.387 [Forwarding clickElement on session 285875f843dcf58bdf7c47780d487944 to remote] DEBUG org.asynchttpclient.netty.request.NettyRequestSender - Using open Channel [id: 0x65d9cacc, L:/127.0.0.1:52219 - R:localhost/127.0.0.1:65086] for POST '/session/285875f843dcf58bdf7c47780d487944/element/f36e6f85-fbfe-4844-bdde-2df243e5c99d/click'
12:46:33.425 [AsyncHttpClient-1-5] DEBUG org.asynchttpclient.netty.handler.HttpHandler - 

Request DefaultHttpRequest(decodeResult: success, version: HTTP/1.1)
POST /session/285875f843dcf58bdf7c47780d487944/element/f36e6f85-fbfe-4844-bdde-2df243e5c99d/click HTTP/1.1
User-Agent: selenium/4.1.2 (java windows)
Content-Length: 50
Content-Type: application/json; charset=utf-8
host: localhost:65086
accept: */*

Response DefaultHttpResponse(decodeResult: success, version: HTTP/1.1)
HTTP/1.1 200 OK
Content-Type: application/json; charset=utf-8
cache-control: no-cache
content-length: 14

12:46:33.425 [AsyncHttpClient-1-5] DEBUG org.asynchttpclient.netty.channel.ChannelManager - Adding key: http://localhost:65086 for channel [id: 0x65d9cacc, L:/127.0.0.1:52219 - R:localhost/127.0.0.1:65086]
  &amp#27;[32mAnd &amp#27;[0m&amp#27;[32mI click icon the login icon&amp#27;[0m      &amp#27;[90m# starter.stepdefinition.LoginStep.iClickIconTheLoginIcon()&amp#27;[0m
12:46:33.430 [Forwarding screenshot on session 285875f843dcf58bdf7c47780d487944 to remote] DEBUG org.asynchttpclient.netty.request.NettyRequestSender - Using pooled Channel '[id: 0x65d9cacc, L:/127.0.0.1:52219 - R:localhost/127.0.0.1:65086]' for 'GET' to 'http://localhost:65086/session/285875f843dcf58bdf7c47780d487944/screenshot'
12:46:33.430 [Forwarding screenshot on session 285875f843dcf58bdf7c47780d487944 to remote] DEBUG org.asynchttpclient.netty.request.NettyRequestSender - Using open Channel [id: 0x65d9cacc, L:/127.0.0.1:52219 - R:localhost/127.0.0.1:65086] for GET '/session/285875f843dcf58bdf7c47780d487944/screenshot'
12:46:33.658 [AsyncHttpClient-1-5] DEBUG org.asynchttpclient.netty.handler.HttpHandler - 

Request DefaultFullHttpRequest(decodeResult: success, version: HTTP/1.1, content: EmptyByteBufBE)
GET /session/285875f843dcf58bdf7c47780d487944/screenshot HTTP/1.1
User-Agent: selenium/4.1.2 (java windows)
Cache-Control: no-cache
Content-Type: application/json; charset=utf-8
host: localhost:65086
accept: */*

Response DefaultHttpResponse(decodeResult: success, version: HTTP/1.1)
HTTP/1.1 200 OK
Content-Type: application/json; charset=utf-8
cache-control: no-cache
content-length: 35028

12:46:33.658 [AsyncHttpClient-1-5] DEBUG org.asynchttpclient.netty.channel.ChannelManager - Adding key: http://localhost:65086 for channel [id: 0x65d9cacc, L:/127.0.0.1:52219 - R:localhost/127.0.0.1:65086]
12:46:33.659 [main] DEBUG net.serenitybdd.core.photography.Darkroom - Send negative for processing for target\site\serenity\96ea332ecca5544b592cbb2849696779500bc18c7b2ff65b576fe75a1648e9b1.png
12:46:33.659 [Darkroom Processing Line] DEBUG net.serenitybdd.core.photography.DarkroomProcessingLine - Processing screenshot image in /var/screenshots/screenshot-11998655932874058369
12:46:33.659 [Darkroom Processing Line] DEBUG net.serenitybdd.core.photography.DarkroomProcessingLine - Saving screenshot to target\site\serenity\96ea332ecca5544b592cbb2849696779500bc18c7b2ff65b576fe75a1648e9b1.png
12:46:33.669 [Forwarding findElement on session 285875f843dcf58bdf7c47780d487944 to remote] DEBUG org.asynchttpclient.netty.request.NettyRequestSender - Using pooled Channel '[id: 0x65d9cacc, L:/127.0.0.1:52219 - R:localhost/127.0.0.1:65086]' for 'POST' to 'http://localhost:65086/session/285875f843dcf58bdf7c47780d487944/element'
12:46:33.669 [Forwarding findElement on session 285875f843dcf58bdf7c47780d487944 to remote] DEBUG org.asynchttpclient.netty.request.NettyRequestSender - Using open Channel [id: 0x65d9cacc, L:/127.0.0.1:52219 - R:localhost/127.0.0.1:65086] for POST '/session/285875f843dcf58bdf7c47780d487944/element'
12:46:33.678 [AsyncHttpClient-1-5] DEBUG org.asynchttpclient.netty.handler.HttpHandler - 

Request DefaultHttpRequest(decodeResult: success, version: HTTP/1.1)
POST /session/285875f843dcf58bdf7c47780d487944/element HTTP/1.1
User-Agent: selenium/4.1.2 (java windows)
Content-Length: 95
Content-Type: application/json; charset=utf-8
host: localhost:65086
accept: */*

Response DefaultHttpResponse(decodeResult: success, version: HTTP/1.1)
HTTP/1.1 200 OK
Content-Type: application/json; charset=utf-8
cache-control: no-cache
content-length: 88

12:46:33.678 [AsyncHttpClient-1-5] DEBUG org.asynchttpclient.netty.channel.ChannelManager - Adding key: http://localhost:65086 for channel [id: 0x65d9cacc, L:/127.0.0.1:52219 - R:localhost/127.0.0.1:65086]
12:46:33.679 [Forwarding getElementTagName on session 285875f843dcf58bdf7c47780d487944 to remote] DEBUG org.asynchttpclient.netty.request.NettyRequestSender - Using pooled Channel '[id: 0x65d9cacc, L:/127.0.0.1:52219 - R:localhost/127.0.0.1:65086]' for 'GET' to 'http://localhost:65086/session/285875f843dcf58bdf7c47780d487944/element/0b28cdff-c4b1-4aa1-b35f-06de4a32837a/name'
12:46:33.679 [Forwarding getElementTagName on session 285875f843dcf58bdf7c47780d487944 to remote] DEBUG org.asynchttpclient.netty.request.NettyRequestSender - Using open Channel [id: 0x65d9cacc, L:/127.0.0.1:52219 - R:localhost/127.0.0.1:65086] for GET '/session/285875f843dcf58bdf7c47780d487944/element/0b28cdff-c4b1-4aa1-b35f-06de4a32837a/name'
12:46:33.683 [AsyncHttpClient-1-5] DEBUG org.asynchttpclient.netty.handler.HttpHandler - 

Request DefaultFullHttpRequest(decodeResult: success, version: HTTP/1.1, content: EmptyByteBufBE)
GET /session/285875f843dcf58bdf7c47780d487944/element/0b28cdff-c4b1-4aa1-b35f-06de4a32837a/name HTTP/1.1
User-Agent: selenium/4.1.2 (java windows)
Cache-Control: no-cache
Content-Type: application/json; charset=utf-8
host: localhost:65086
accept: */*

Response DefaultHttpResponse(decodeResult: success, version: HTTP/1.1)
HTTP/1.1 200 OK
Content-Type: application/json; charset=utf-8
cache-control: no-cache
content-length: 13

12:46:33.684 [AsyncHttpClient-1-5] DEBUG org.asynchttpclient.netty.channel.ChannelManager - Adding key: http://localhost:65086 for channel [id: 0x65d9cacc, L:/127.0.0.1:52219 - R:localhost/127.0.0.1:65086]
12:46:33.685 [Forwarding getElementTagName on session 285875f843dcf58bdf7c47780d487944 to remote] DEBUG org.asynchttpclient.netty.request.NettyRequestSender - Using pooled Channel '[id: 0x65d9cacc, L:/127.0.0.1:52219 - R:localhost/127.0.0.1:65086]' for 'GET' to 'http://localhost:65086/session/285875f843dcf58bdf7c47780d487944/element/0b28cdff-c4b1-4aa1-b35f-06de4a32837a/name'
12:46:33.685 [Forwarding getElementTagName on session 285875f843dcf58bdf7c47780d487944 to remote] DEBUG org.asynchttpclient.netty.request.NettyRequestSender - Using open Channel [id: 0x65d9cacc, L:/127.0.0.1:52219 - R:localhost/127.0.0.1:65086] for GET '/session/285875f843dcf58bdf7c47780d487944/element/0b28cdff-c4b1-4aa1-b35f-06de4a32837a/name'
12:46:33.689 [AsyncHttpClient-1-5] DEBUG org.asynchttpclient.netty.handler.HttpHandler - 

Request DefaultFullHttpRequest(decodeResult: success, version: HTTP/1.1, content: EmptyByteBufBE)
GET /session/285875f843dcf58bdf7c47780d487944/element/0b28cdff-c4b1-4aa1-b35f-06de4a32837a/name HTTP/1.1
User-Agent: selenium/4.1.2 (java windows)
Cache-Control: no-cache
Content-Type: application/json; charset=utf-8
host: localhost:65086
accept: */*

Response DefaultHttpResponse(decodeResult: success, version: HTTP/1.1)
HTTP/1.1 200 OK
Content-Type: application/json; charset=utf-8
cache-control: no-cache
content-length: 13

12:46:33.689 [AsyncHttpClient-1-5] DEBUG org.asynchttpclient.netty.channel.ChannelManager - Adding key: http://localhost:65086 for channel [id: 0x65d9cacc, L:/127.0.0.1:52219 - R:localhost/127.0.0.1:65086]
12:46:33.690 [Forwarding findElement on session 285875f843dcf58bdf7c47780d487944 to remote] DEBUG org.asynchttpclient.netty.request.NettyRequestSender - Using pooled Channel '[id: 0x65d9cacc, L:/127.0.0.1:52219 - R:localhost/127.0.0.1:65086]' for 'POST' to 'http://localhost:65086/session/285875f843dcf58bdf7c47780d487944/element'
12:46:33.690 [Forwarding findElement on session 285875f843dcf58bdf7c47780d487944 to remote] DEBUG org.asynchttpclient.netty.request.NettyRequestSender - Using open Channel [id: 0x65d9cacc, L:/127.0.0.1:52219 - R:localhost/127.0.0.1:65086] for POST '/session/285875f843dcf58bdf7c47780d487944/element'
12:46:33.696 [AsyncHttpClient-1-5] DEBUG org.asynchttpclient.netty.handler.HttpHandler - 

Request DefaultHttpRequest(decodeResult: success, version: HTTP/1.1)
POST /session/285875f843dcf58bdf7c47780d487944/element HTTP/1.1
User-Agent: selenium/4.1.2 (java windows)
Content-Length: 95
Content-Type: application/json; charset=utf-8
host: localhost:65086
accept: */*

Response DefaultHttpResponse(decodeResult: success, version: HTTP/1.1)
HTTP/1.1 200 OK
Content-Type: application/json; charset=utf-8
cache-control: no-cache
content-length: 88

12:46:33.696 [AsyncHttpClient-1-5] DEBUG org.asynchttpclient.netty.channel.ChannelManager - Adding key: http://localhost:65086 for channel [id: 0x65d9cacc, L:/127.0.0.1:52219 - R:localhost/127.0.0.1:65086]
12:46:33.696 [Forwarding clickElement on session 285875f843dcf58bdf7c47780d487944 to remote] DEBUG org.asynchttpclient.netty.request.NettyRequestSender - Using pooled Channel '[id: 0x65d9cacc, L:/127.0.0.1:52219 - R:localhost/127.0.0.1:65086]' for 'POST' to 'http://localhost:65086/session/285875f843dcf58bdf7c47780d487944/element/0b28cdff-c4b1-4aa1-b35f-06de4a32837a/click'
12:46:33.696 [Forwarding clickElement on session 285875f843dcf58bdf7c47780d487944 to remote] DEBUG org.asynchttpclient.netty.request.NettyRequestSender - Using open Channel [id: 0x65d9cacc, L:/127.0.0.1:52219 - R:localhost/127.0.0.1:65086] for POST '/session/285875f843dcf58bdf7c47780d487944/element/0b28cdff-c4b1-4aa1-b35f-06de4a32837a/click'
12:46:33.734 [AsyncHttpClient-1-5] DEBUG org.asynchttpclient.netty.handler.HttpHandler - 

Request DefaultHttpRequest(decodeResult: success, version: HTTP/1.1)
POST /session/285875f843dcf58bdf7c47780d487944/element/0b28cdff-c4b1-4aa1-b35f-06de4a32837a/click HTTP/1.1
User-Agent: selenium/4.1.2 (java windows)
Content-Length: 50
Content-Type: application/json; charset=utf-8
host: localhost:65086
accept: */*

Response DefaultHttpResponse(decodeResult: success, version: HTTP/1.1)
HTTP/1.1 200 OK
Content-Type: application/json; charset=utf-8
cache-control: no-cache
content-length: 14

12:46:33.734 [AsyncHttpClient-1-5] DEBUG org.asynchttpclient.netty.channel.ChannelManager - Adding key: http://localhost:65086 for channel [id: 0x65d9cacc, L:/127.0.0.1:52219 - R:localhost/127.0.0.1:65086]
  &amp#27;[32mAnd &amp#27;[0m&amp#27;[32mI click register text&amp#27;[0m            &amp#27;[90m# starter.stepdefinition.Registerstep.iClickRegisterText()&amp#27;[0m
12:46:33.738 [Forwarding screenshot on session 285875f843dcf58bdf7c47780d487944 to remote] DEBUG org.asynchttpclient.netty.request.NettyRequestSender - Using pooled Channel '[id: 0x65d9cacc, L:/127.0.0.1:52219 - R:localhost/127.0.0.1:65086]' for 'GET' to 'http://localhost:65086/session/285875f843dcf58bdf7c47780d487944/screenshot'
12:46:33.738 [Forwarding screenshot on session 285875f843dcf58bdf7c47780d487944 to remote] DEBUG org.asynchttpclient.netty.request.NettyRequestSender - Using open Channel [id: 0x65d9cacc, L:/127.0.0.1:52219 - R:localhost/127.0.0.1:65086] for GET '/session/285875f843dcf58bdf7c47780d487944/screenshot'
12:46:33.891 [AsyncHttpClient-1-5] DEBUG org.asynchttpclient.netty.handler.HttpHandler - 

Request DefaultFullHttpRequest(decodeResult: success, version: HTTP/1.1, content: EmptyByteBufBE)
GET /session/285875f843dcf58bdf7c47780d487944/screenshot HTTP/1.1
User-Agent: selenium/4.1.2 (java windows)
Cache-Control: no-cache
Content-Type: application/json; charset=utf-8
host: localhost:65086
accept: */*

Response DefaultHttpResponse(decodeResult: success, version: HTTP/1.1)
HTTP/1.1 200 OK
Content-Type: application/json; charset=utf-8
cache-control: no-cache
content-length: 39048

12:46:33.891 [AsyncHttpClient-1-5] DEBUG org.asynchttpclient.netty.channel.ChannelManager - Adding key: http://localhost:65086 for channel [id: 0x65d9cacc, L:/127.0.0.1:52219 - R:localhost/127.0.0.1:65086]
12:46:33.893 [main] DEBUG net.serenitybdd.core.photography.Darkroom - Send negative for processing for target\site\serenity\978a079370e618fa6fdb269cd8b5f2e4e6c482496f81b7ff340dd8e50f07a7fd.png
12:46:33.893 [Darkroom Processing Line] DEBUG net.serenitybdd.core.photography.DarkroomProcessingLine - Processing screenshot image in /var/screenshots/screenshot-3447882879194276566
12:46:33.893 [Darkroom Processing Line] DEBUG net.serenitybdd.core.photography.DarkroomProcessingLine - Saving screenshot to target\site\serenity\978a079370e618fa6fdb269cd8b5f2e4e6c482496f81b7ff340dd8e50f07a7fd.png
12:46:33.900 [Forwarding findElement on session 285875f843dcf58bdf7c47780d487944 to remote] DEBUG org.asynchttpclient.netty.request.NettyRequestSender - Using pooled Channel '[id: 0x65d9cacc, L:/127.0.0.1:52219 - R:localhost/127.0.0.1:65086]' for 'POST' to 'http://localhost:65086/session/285875f843dcf58bdf7c47780d487944/element'
12:46:33.900 [Forwarding findElement on session 285875f843dcf58bdf7c47780d487944 to remote] DEBUG org.asynchttpclient.netty.request.NettyRequestSender - Using open Channel [id: 0x65d9cacc, L:/127.0.0.1:52219 - R:localhost/127.0.0.1:65086] for POST '/session/285875f843dcf58bdf7c47780d487944/element'
12:46:33.912 [AsyncHttpClient-1-5] DEBUG org.asynchttpclient.netty.handler.HttpHandler - 

Request DefaultHttpRequest(decodeResult: success, version: HTTP/1.1)
POST /session/285875f843dcf58bdf7c47780d487944/element HTTP/1.1
User-Agent: selenium/4.1.2 (java windows)
Content-Length: 95
Content-Type: application/json; charset=utf-8
host: localhost:65086
accept: */*

Response DefaultHttpResponse(decodeResult: success, version: HTTP/1.1)
HTTP/1.1 200 OK
Content-Type: application/json; charset=utf-8
cache-control: no-cache
content-length: 88

12:46:33.912 [AsyncHttpClient-1-5] DEBUG org.asynchttpclient.netty.channel.ChannelManager - Adding key: http://localhost:65086 for channel [id: 0x65d9cacc, L:/127.0.0.1:52219 - R:localhost/127.0.0.1:65086]
12:46:33.913 [Forwarding clearElement on session 285875f843dcf58bdf7c47780d487944 to remote] DEBUG org.asynchttpclient.netty.request.NettyRequestSender - Using pooled Channel '[id: 0x65d9cacc, L:/127.0.0.1:52219 - R:localhost/127.0.0.1:65086]' for 'POST' to 'http://localhost:65086/session/285875f843dcf58bdf7c47780d487944/element/c504dcb3-9606-48dd-af64-73704f60e01e/clear'
12:46:33.913 [Forwarding clearElement on session 285875f843dcf58bdf7c47780d487944 to remote] DEBUG org.asynchttpclient.netty.request.NettyRequestSender - Using open Channel [id: 0x65d9cacc, L:/127.0.0.1:52219 - R:localhost/127.0.0.1:65086] for POST '/session/285875f843dcf58bdf7c47780d487944/element/c504dcb3-9606-48dd-af64-73704f60e01e/clear'
12:46:33.951 [AsyncHttpClient-1-5] DEBUG org.asynchttpclient.netty.handler.HttpHandler - 

Request DefaultHttpRequest(decodeResult: success, version: HTTP/1.1)
POST /session/285875f843dcf58bdf7c47780d487944/element/c504dcb3-9606-48dd-af64-73704f60e01e/clear HTTP/1.1
User-Agent: selenium/4.1.2 (java windows)
Content-Length: 50
Content-Type: application/json; charset=utf-8
host: localhost:65086
accept: */*

Response DefaultHttpResponse(decodeResult: success, version: HTTP/1.1)
HTTP/1.1 200 OK
Content-Type: application/json; charset=utf-8
cache-control: no-cache
content-length: 14

12:46:33.951 [AsyncHttpClient-1-5] DEBUG org.asynchttpclient.netty.channel.ChannelManager - Adding key: http://localhost:65086 for channel [id: 0x65d9cacc, L:/127.0.0.1:52219 - R:localhost/127.0.0.1:65086]
12:46:33.953 [Forwarding sendKeysToElement on session 285875f843dcf58bdf7c47780d487944 to remote] DEBUG org.asynchttpclient.netty.request.NettyRequestSender - Using pooled Channel '[id: 0x65d9cacc, L:/127.0.0.1:52219 - R:localhost/127.0.0.1:65086]' for 'POST' to 'http://localhost:65086/session/285875f843dcf58bdf7c47780d487944/element/c504dcb3-9606-48dd-af64-73704f60e01e/value'
12:46:33.953 [Forwarding sendKeysToElement on session 285875f843dcf58bdf7c47780d487944 to remote] DEBUG org.asynchttpclient.netty.request.NettyRequestSender - Using open Channel [id: 0x65d9cacc, L:/127.0.0.1:52219 - R:localhost/127.0.0.1:65086] for POST '/session/285875f843dcf58bdf7c47780d487944/element/c504dcb3-9606-48dd-af64-73704f60e01e/value'
12:46:34.024 [AsyncHttpClient-1-5] DEBUG org.asynchttpclient.netty.handler.HttpHandler - 

Request DefaultHttpRequest(decodeResult: success, version: HTTP/1.1)
POST /session/285875f843dcf58bdf7c47780d487944/element/c504dcb3-9606-48dd-af64-73704f60e01e/value HTTP/1.1
User-Agent: selenium/4.1.2 (java windows)
Content-Length: 181
Content-Type: application/json; charset=utf-8
host: localhost:65086
accept: */*

Response DefaultHttpResponse(decodeResult: success, version: HTTP/1.1)
HTTP/1.1 200 OK
Content-Type: application/json; charset=utf-8
cache-control: no-cache
content-length: 14

12:46:34.024 [AsyncHttpClient-1-5] DEBUG org.asynchttpclient.netty.channel.ChannelManager - Adding key: http://localhost:65086 for channel [id: 0x65d9cacc, L:/127.0.0.1:52219 - R:localhost/127.0.0.1:65086]
  &amp#27;[32mWhen &amp#27;[0m&amp#27;[32mI input &amp#27;[0m&amp#27;[32m&amp#27;[1m"ronasarigl"&amp#27;[0m&amp#27;[32m name&amp#27;[0m       &amp#27;[90m# starter.stepdefinition.Registerstep.iInputName(java.lang.String)&amp#27;[0m
12:46:34.032 [Forwarding screenshot on session 285875f843dcf58bdf7c47780d487944 to remote] DEBUG org.asynchttpclient.netty.request.NettyRequestSender - Using pooled Channel '[id: 0x65d9cacc, L:/127.0.0.1:52219 - R:localhost/127.0.0.1:65086]' for 'GET' to 'http://localhost:65086/session/285875f843dcf58bdf7c47780d487944/screenshot'
12:46:34.032 [Forwarding screenshot on session 285875f843dcf58bdf7c47780d487944 to remote] DEBUG org.asynchttpclient.netty.request.NettyRequestSender - Using open Channel [id: 0x65d9cacc, L:/127.0.0.1:52219 - R:localhost/127.0.0.1:65086] for GET '/session/285875f843dcf58bdf7c47780d487944/screenshot'
12:46:34.146 [AsyncHttpClient-1-1] DEBUG org.asynchttpclient.netty.channel.DefaultChannelPool - Entry count for : http://localhost:52220 : 1
12:46:34.163 [AsyncHttpClient-1-5] DEBUG org.asynchttpclient.netty.handler.HttpHandler - 

Request DefaultFullHttpRequest(decodeResult: success, version: HTTP/1.1, content: EmptyByteBufBE)
GET /session/285875f843dcf58bdf7c47780d487944/screenshot HTTP/1.1
User-Agent: selenium/4.1.2 (java windows)
Cache-Control: no-cache
Content-Type: application/json; charset=utf-8
host: localhost:65086
accept: */*

Response DefaultHttpResponse(decodeResult: success, version: HTTP/1.1)
HTTP/1.1 200 OK
Content-Type: application/json; charset=utf-8
cache-control: no-cache
content-length: 40712

12:46:34.163 [AsyncHttpClient-1-5] DEBUG org.asynchttpclient.netty.channel.ChannelManager - Adding key: http://localhost:65086 for channel [id: 0x65d9cacc, L:/127.0.0.1:52219 - R:localhost/127.0.0.1:65086]
12:46:34.165 [main] DEBUG net.serenitybdd.core.photography.Darkroom - Send negative for processing for target\site\serenity\b0e861d52c94f0db7d17f57f74f9865e9d48fa5bf5e69ec25228a3d7cbb7ef42.png
12:46:34.165 [Darkroom Processing Line] DEBUG net.serenitybdd.core.photography.DarkroomProcessingLine - Processing screenshot image in /var/screenshots/screenshot-13354581591011326209
12:46:34.165 [Darkroom Processing Line] DEBUG net.serenitybdd.core.photography.DarkroomProcessingLine - Saving screenshot to target\site\serenity\b0e861d52c94f0db7d17f57f74f9865e9d48fa5bf5e69ec25228a3d7cbb7ef42.png
12:46:34.169 [Forwarding findElement on session 285875f843dcf58bdf7c47780d487944 to remote] DEBUG org.asynchttpclient.netty.request.NettyRequestSender - Using pooled Channel '[id: 0x65d9cacc, L:/127.0.0.1:52219 - R:localhost/127.0.0.1:65086]' for 'POST' to 'http://localhost:65086/session/285875f843dcf58bdf7c47780d487944/element'
12:46:34.169 [Forwarding findElement on session 285875f843dcf58bdf7c47780d487944 to remote] DEBUG org.asynchttpclient.netty.request.NettyRequestSender - Using open Channel [id: 0x65d9cacc, L:/127.0.0.1:52219 - R:localhost/127.0.0.1:65086] for POST '/session/285875f843dcf58bdf7c47780d487944/element'
12:46:34.178 [AsyncHttpClient-1-5] DEBUG org.asynchttpclient.netty.handler.HttpHandler - 

Request DefaultHttpRequest(decodeResult: success, version: HTTP/1.1)
POST /session/285875f843dcf58bdf7c47780d487944/element HTTP/1.1
User-Agent: selenium/4.1.2 (java windows)
Content-Length: 88
Content-Type: application/json; charset=utf-8
host: localhost:65086
accept: */*

Response DefaultHttpResponse(decodeResult: success, version: HTTP/1.1)
HTTP/1.1 200 OK
Content-Type: application/json; charset=utf-8
cache-control: no-cache
content-length: 88

12:46:34.178 [AsyncHttpClient-1-5] DEBUG org.asynchttpclient.netty.channel.ChannelManager - Adding key: http://localhost:65086 for channel [id: 0x65d9cacc, L:/127.0.0.1:52219 - R:localhost/127.0.0.1:65086]
12:46:34.179 [Forwarding clearElement on session 285875f843dcf58bdf7c47780d487944 to remote] DEBUG org.asynchttpclient.netty.request.NettyRequestSender - Using pooled Channel '[id: 0x65d9cacc, L:/127.0.0.1:52219 - R:localhost/127.0.0.1:65086]' for 'POST' to 'http://localhost:65086/session/285875f843dcf58bdf7c47780d487944/element/c4480ecf-1ce3-474c-8f1b-078b0c3b08d8/clear'
12:46:34.179 [Forwarding clearElement on session 285875f843dcf58bdf7c47780d487944 to remote] DEBUG org.asynchttpclient.netty.request.NettyRequestSender - Using open Channel [id: 0x65d9cacc, L:/127.0.0.1:52219 - R:localhost/127.0.0.1:65086] for POST '/session/285875f843dcf58bdf7c47780d487944/element/c4480ecf-1ce3-474c-8f1b-078b0c3b08d8/clear'
12:46:34.209 [AsyncHttpClient-1-5] DEBUG org.asynchttpclient.netty.handler.HttpHandler - 

Request DefaultHttpRequest(decodeResult: success, version: HTTP/1.1)
POST /session/285875f843dcf58bdf7c47780d487944/element/c4480ecf-1ce3-474c-8f1b-078b0c3b08d8/clear HTTP/1.1
User-Agent: selenium/4.1.2 (java windows)
Content-Length: 50
Content-Type: application/json; charset=utf-8
host: localhost:65086
accept: */*

Response DefaultHttpResponse(decodeResult: success, version: HTTP/1.1)
HTTP/1.1 200 OK
Content-Type: application/json; charset=utf-8
cache-control: no-cache
content-length: 14

12:46:34.209 [AsyncHttpClient-1-5] DEBUG org.asynchttpclient.netty.channel.ChannelManager - Adding key: http://localhost:65086 for channel [id: 0x65d9cacc, L:/127.0.0.1:52219 - R:localhost/127.0.0.1:65086]
12:46:34.210 [Forwarding sendKeysToElement on session 285875f843dcf58bdf7c47780d487944 to remote] DEBUG org.asynchttpclient.netty.request.NettyRequestSender - Using pooled Channel '[id: 0x65d9cacc, L:/127.0.0.1:52219 - R:localhost/127.0.0.1:65086]' for 'POST' to 'http://localhost:65086/session/285875f843dcf58bdf7c47780d487944/element/c4480ecf-1ce3-474c-8f1b-078b0c3b08d8/value'
12:46:34.210 [Forwarding sendKeysToElement on session 285875f843dcf58bdf7c47780d487944 to remote] DEBUG org.asynchttpclient.netty.request.NettyRequestSender - Using open Channel [id: 0x65d9cacc, L:/127.0.0.1:52219 - R:localhost/127.0.0.1:65086] for POST '/session/285875f843dcf58bdf7c47780d487944/element/c4480ecf-1ce3-474c-8f1b-078b0c3b08d8/value'
12:46:34.242 [AsyncHttpClient-1-5] DEBUG org.asynchttpclient.netty.handler.HttpHandler - 

Request DefaultHttpRequest(decodeResult: success, version: HTTP/1.1)
POST /session/285875f843dcf58bdf7c47780d487944/element/c4480ecf-1ce3-474c-8f1b-078b0c3b08d8/value HTTP/1.1
User-Agent: selenium/4.1.2 (java windows)
Content-Length: 82
Content-Type: application/json; charset=utf-8
host: localhost:65086
accept: */*

Response DefaultHttpResponse(decodeResult: success, version: HTTP/1.1)
HTTP/1.1 200 OK
Content-Type: application/json; charset=utf-8
cache-control: no-cache
content-length: 14

12:46:34.243 [AsyncHttpClient-1-5] DEBUG org.asynchttpclient.netty.channel.ChannelManager - Adding key: http://localhost:65086 for channel [id: 0x65d9cacc, L:/127.0.0.1:52219 - R:localhost/127.0.0.1:65086]
  &amp#27;[32mAnd &amp#27;[0m&amp#27;[32mI input new &amp#27;[0m&amp#27;[32m&amp#27;[1m""&amp#27;[0m&amp#27;[32m email&amp#27;[0m             &amp#27;[90m# starter.stepdefinition.Registerstep.iInputNewEmail(java.lang.String)&amp#27;[0m
12:46:34.247 [Forwarding screenshot on session 285875f843dcf58bdf7c47780d487944 to remote] DEBUG org.asynchttpclient.netty.request.NettyRequestSender - Using pooled Channel '[id: 0x65d9cacc, L:/127.0.0.1:52219 - R:localhost/127.0.0.1:65086]' for 'GET' to 'http://localhost:65086/session/285875f843dcf58bdf7c47780d487944/screenshot'
12:46:34.247 [Forwarding screenshot on session 285875f843dcf58bdf7c47780d487944 to remote] DEBUG org.asynchttpclient.netty.request.NettyRequestSender - Using open Channel [id: 0x65d9cacc, L:/127.0.0.1:52219 - R:localhost/127.0.0.1:65086] for GET '/session/285875f843dcf58bdf7c47780d487944/screenshot'
12:46:34.397 [AsyncHttpClient-1-5] DEBUG org.asynchttpclient.netty.handler.HttpHandler - 

Request DefaultFullHttpRequest(decodeResult: success, version: HTTP/1.1, content: EmptyByteBufBE)
GET /session/285875f843dcf58bdf7c47780d487944/screenshot HTTP/1.1
User-Agent: selenium/4.1.2 (java windows)
Cache-Control: no-cache
Content-Type: application/json; charset=utf-8
host: localhost:65086
accept: */*

Response DefaultHttpResponse(decodeResult: success, version: HTTP/1.1)
HTTP/1.1 200 OK
Content-Type: application/json; charset=utf-8
cache-control: no-cache
content-length: 40592

12:46:34.397 [AsyncHttpClient-1-5] DEBUG org.asynchttpclient.netty.channel.ChannelManager - Adding key: http://localhost:65086 for channel [id: 0x65d9cacc, L:/127.0.0.1:52219 - R:localhost/127.0.0.1:65086]
12:46:34.399 [main] DEBUG net.serenitybdd.core.photography.Darkroom - Send negative for processing for target\site\serenity\d242cc7312258a9a03eaa9f73a6cf3188bd5a333ad46b3fb9148757b2c1b41c3.png
12:46:34.399 [Darkroom Processing Line] DEBUG net.serenitybdd.core.photography.DarkroomProcessingLine - Processing screenshot image in /var/screenshots/screenshot-12339513740988432262
12:46:34.399 [Darkroom Processing Line] DEBUG net.serenitybdd.core.photography.DarkroomProcessingLine - Saving screenshot to target\site\serenity\d242cc7312258a9a03eaa9f73a6cf3188bd5a333ad46b3fb9148757b2c1b41c3.png
12:46:34.404 [Forwarding findElement on session 285875f843dcf58bdf7c47780d487944 to remote] DEBUG org.asynchttpclient.netty.request.NettyRequestSender - Using pooled Channel '[id: 0x65d9cacc, L:/127.0.0.1:52219 - R:localhost/127.0.0.1:65086]' for 'POST' to 'http://localhost:65086/session/285875f843dcf58bdf7c47780d487944/element'
12:46:34.404 [Forwarding findElement on session 285875f843dcf58bdf7c47780d487944 to remote] DEBUG org.asynchttpclient.netty.request.NettyRequestSender - Using open Channel [id: 0x65d9cacc, L:/127.0.0.1:52219 - R:localhost/127.0.0.1:65086] for POST '/session/285875f843dcf58bdf7c47780d487944/element'
12:46:34.418 [AsyncHttpClient-1-5] DEBUG org.asynchttpclient.netty.handler.HttpHandler - 

Request DefaultHttpRequest(decodeResult: success, version: HTTP/1.1)
POST /session/285875f843dcf58bdf7c47780d487944/element HTTP/1.1
User-Agent: selenium/4.1.2 (java windows)
Content-Length: 91
Content-Type: application/json; charset=utf-8
host: localhost:65086
accept: */*

Response DefaultHttpResponse(decodeResult: success, version: HTTP/1.1)
HTTP/1.1 200 OK
Content-Type: application/json; charset=utf-8
cache-control: no-cache
content-length: 88

12:46:34.418 [AsyncHttpClient-1-5] DEBUG org.asynchttpclient.netty.channel.ChannelManager - Adding key: http://localhost:65086 for channel [id: 0x65d9cacc, L:/127.0.0.1:52219 - R:localhost/127.0.0.1:65086]
12:46:34.419 [Forwarding clearElement on session 285875f843dcf58bdf7c47780d487944 to remote] DEBUG org.asynchttpclient.netty.request.NettyRequestSender - Using pooled Channel '[id: 0x65d9cacc, L:/127.0.0.1:52219 - R:localhost/127.0.0.1:65086]' for 'POST' to 'http://localhost:65086/session/285875f843dcf58bdf7c47780d487944/element/e2aa51f6-e6c5-47ee-be66-028be0291b9a/clear'
12:46:34.419 [Forwarding clearElement on session 285875f843dcf58bdf7c47780d487944 to remote] DEBUG org.asynchttpclient.netty.request.NettyRequestSender - Using open Channel [id: 0x65d9cacc, L:/127.0.0.1:52219 - R:localhost/127.0.0.1:65086] for POST '/session/285875f843dcf58bdf7c47780d487944/element/e2aa51f6-e6c5-47ee-be66-028be0291b9a/clear'
12:46:34.448 [AsyncHttpClient-1-5] DEBUG org.asynchttpclient.netty.handler.HttpHandler - 

Request DefaultHttpRequest(decodeResult: success, version: HTTP/1.1)
POST /session/285875f843dcf58bdf7c47780d487944/element/e2aa51f6-e6c5-47ee-be66-028be0291b9a/clear HTTP/1.1
User-Agent: selenium/4.1.2 (java windows)
Content-Length: 50
Content-Type: application/json; charset=utf-8
host: localhost:65086
accept: */*

Response DefaultHttpResponse(decodeResult: success, version: HTTP/1.1)
HTTP/1.1 200 OK
Content-Type: application/json; charset=utf-8
cache-control: no-cache
content-length: 14

12:46:34.448 [AsyncHttpClient-1-5] DEBUG org.asynchttpclient.netty.channel.ChannelManager - Adding key: http://localhost:65086 for channel [id: 0x65d9cacc, L:/127.0.0.1:52219 - R:localhost/127.0.0.1:65086]
12:46:34.449 [Forwarding sendKeysToElement on session 285875f843dcf58bdf7c47780d487944 to remote] DEBUG org.asynchttpclient.netty.request.NettyRequestSender - Using pooled Channel '[id: 0x65d9cacc, L:/127.0.0.1:52219 - R:localhost/127.0.0.1:65086]' for 'POST' to 'http://localhost:65086/session/285875f843dcf58bdf7c47780d487944/element/e2aa51f6-e6c5-47ee-be66-028be0291b9a/value'
12:46:34.449 [Forwarding sendKeysToElement on session 285875f843dcf58bdf7c47780d487944 to remote] DEBUG org.asynchttpclient.netty.request.NettyRequestSender - Using open Channel [id: 0x65d9cacc, L:/127.0.0.1:52219 - R:localhost/127.0.0.1:65086] for POST '/session/285875f843dcf58bdf7c47780d487944/element/e2aa51f6-e6c5-47ee-be66-028be0291b9a/value'
12:46:34.508 [AsyncHttpClient-1-5] DEBUG org.asynchttpclient.netty.handler.HttpHandler - 

Request DefaultHttpRequest(decodeResult: success, version: HTTP/1.1)
POST /session/285875f843dcf58bdf7c47780d487944/element/e2aa51f6-e6c5-47ee-be66-028be0291b9a/value HTTP/1.1
User-Agent: selenium/4.1.2 (java windows)
Content-Length: 151
Content-Type: application/json; charset=utf-8
host: localhost:65086
accept: */*

Response DefaultHttpResponse(decodeResult: success, version: HTTP/1.1)
HTTP/1.1 200 OK
Content-Type: application/json; charset=utf-8
cache-control: no-cache
content-length: 14

12:46:34.508 [AsyncHttpClient-1-5] DEBUG org.asynchttpclient.netty.channel.ChannelManager - Adding key: http://localhost:65086 for channel [id: 0x65d9cacc, L:/127.0.0.1:52219 - R:localhost/127.0.0.1:65086]
  &amp#27;[32mAnd &amp#27;[0m&amp#27;[32mI input new &amp#27;[0m&amp#27;[32m&amp#27;[1m"novtami"&amp#27;[0m&amp#27;[32m password&amp#27;[0m   &amp#27;[90m# starter.stepdefinition.Registerstep.iInputNewPassword(java.lang.String)&amp#27;[0m
12:46:34.512 [Forwarding screenshot on session 285875f843dcf58bdf7c47780d487944 to remote] DEBUG org.asynchttpclient.netty.request.NettyRequestSender - Using pooled Channel '[id: 0x65d9cacc, L:/127.0.0.1:52219 - R:localhost/127.0.0.1:65086]' for 'GET' to 'http://localhost:65086/session/285875f843dcf58bdf7c47780d487944/screenshot'
12:46:34.512 [Forwarding screenshot on session 285875f843dcf58bdf7c47780d487944 to remote] DEBUG org.asynchttpclient.netty.request.NettyRequestSender - Using open Channel [id: 0x65d9cacc, L:/127.0.0.1:52219 - R:localhost/127.0.0.1:65086] for GET '/session/285875f843dcf58bdf7c47780d487944/screenshot'
12:46:34.634 [AsyncHttpClient-1-5] DEBUG org.asynchttpclient.netty.handler.HttpHandler - 

Request DefaultFullHttpRequest(decodeResult: success, version: HTTP/1.1, content: EmptyByteBufBE)
GET /session/285875f843dcf58bdf7c47780d487944/screenshot HTTP/1.1
User-Agent: selenium/4.1.2 (java windows)
Cache-Control: no-cache
Content-Type: application/json; charset=utf-8
host: localhost:65086
accept: */*

Response DefaultHttpResponse(decodeResult: success, version: HTTP/1.1)
HTTP/1.1 200 OK
Content-Type: application/json; charset=utf-8
cache-control: no-cache
content-length: 41968

12:46:34.636 [AsyncHttpClient-1-5] DEBUG org.asynchttpclient.netty.channel.ChannelManager - Adding key: http://localhost:65086 for channel [id: 0x65d9cacc, L:/127.0.0.1:52219 - R:localhost/127.0.0.1:65086]
12:46:34.637 [main] DEBUG net.serenitybdd.core.photography.Darkroom - Send negative for processing for target\site\serenity\3a6fce4a2af0505fdffe86cb36aa1e5b00aa66a21608919de13f7955fa081087.png
12:46:34.638 [Darkroom Processing Line] DEBUG net.serenitybdd.core.photography.DarkroomProcessingLine - Processing screenshot image in /var/screenshots/screenshot-5062086966040416347
12:46:34.638 [Darkroom Processing Line] DEBUG net.serenitybdd.core.photography.DarkroomProcessingLine - Saving screenshot to target\site\serenity\3a6fce4a2af0505fdffe86cb36aa1e5b00aa66a21608919de13f7955fa081087.png
12:46:34.642 [Forwarding findElement on session 285875f843dcf58bdf7c47780d487944 to remote] DEBUG org.asynchttpclient.netty.request.NettyRequestSender - Using pooled Channel '[id: 0x65d9cacc, L:/127.0.0.1:52219 - R:localhost/127.0.0.1:65086]' for 'POST' to 'http://localhost:65086/session/285875f843dcf58bdf7c47780d487944/element'
12:46:34.642 [Forwarding findElement on session 285875f843dcf58bdf7c47780d487944 to remote] DEBUG org.asynchttpclient.netty.request.NettyRequestSender - Using open Channel [id: 0x65d9cacc, L:/127.0.0.1:52219 - R:localhost/127.0.0.1:65086] for POST '/session/285875f843dcf58bdf7c47780d487944/element'
12:46:34.653 [AsyncHttpClient-1-5] DEBUG org.asynchttpclient.netty.handler.HttpHandler - 

Request DefaultHttpRequest(decodeResult: success, version: HTTP/1.1)
POST /session/285875f843dcf58bdf7c47780d487944/element HTTP/1.1
User-Agent: selenium/4.1.2 (java windows)
Content-Length: 123
Content-Type: application/json; charset=utf-8
host: localhost:65086
accept: */*

Response DefaultHttpResponse(decodeResult: success, version: HTTP/1.1)
HTTP/1.1 200 OK
Content-Type: application/json; charset=utf-8
cache-control: no-cache
content-length: 88

12:46:34.653 [AsyncHttpClient-1-5] DEBUG org.asynchttpclient.netty.channel.ChannelManager - Adding key: http://localhost:65086 for channel [id: 0x65d9cacc, L:/127.0.0.1:52219 - R:localhost/127.0.0.1:65086]
12:46:34.653 [Forwarding getElementTagName on session 285875f843dcf58bdf7c47780d487944 to remote] DEBUG org.asynchttpclient.netty.request.NettyRequestSender - Using pooled Channel '[id: 0x65d9cacc, L:/127.0.0.1:52219 - R:localhost/127.0.0.1:65086]' for 'GET' to 'http://localhost:65086/session/285875f843dcf58bdf7c47780d487944/element/42c6d0d3-0cc6-4d4d-8a32-e4fa4bc3f406/name'
12:46:34.653 [Forwarding getElementTagName on session 285875f843dcf58bdf7c47780d487944 to remote] DEBUG org.asynchttpclient.netty.request.NettyRequestSender - Using open Channel [id: 0x65d9cacc, L:/127.0.0.1:52219 - R:localhost/127.0.0.1:65086] for GET '/session/285875f843dcf58bdf7c47780d487944/element/42c6d0d3-0cc6-4d4d-8a32-e4fa4bc3f406/name'
12:46:34.658 [AsyncHttpClient-1-5] DEBUG org.asynchttpclient.netty.handler.HttpHandler - 

Request DefaultFullHttpRequest(decodeResult: success, version: HTTP/1.1, content: EmptyByteBufBE)
GET /session/285875f843dcf58bdf7c47780d487944/element/42c6d0d3-0cc6-4d4d-8a32-e4fa4bc3f406/name HTTP/1.1
User-Agent: selenium/4.1.2 (java windows)
Cache-Control: no-cache
Content-Type: application/json; charset=utf-8
host: localhost:65086
accept: */*

Response DefaultHttpResponse(decodeResult: success, version: HTTP/1.1)
HTTP/1.1 200 OK
Content-Type: application/json; charset=utf-8
cache-control: no-cache
content-length: 16

12:46:34.658 [AsyncHttpClient-1-5] DEBUG org.asynchttpclient.netty.channel.ChannelManager - Adding key: http://localhost:65086 for channel [id: 0x65d9cacc, L:/127.0.0.1:52219 - R:localhost/127.0.0.1:65086]
12:46:34.658 [Forwarding getElementTagName on session 285875f843dcf58bdf7c47780d487944 to remote] DEBUG org.asynchttpclient.netty.request.NettyRequestSender - Using pooled Channel '[id: 0x65d9cacc, L:/127.0.0.1:52219 - R:localhost/127.0.0.1:65086]' for 'GET' to 'http://localhost:65086/session/285875f843dcf58bdf7c47780d487944/element/42c6d0d3-0cc6-4d4d-8a32-e4fa4bc3f406/name'
12:46:34.658 [Forwarding getElementTagName on session 285875f843dcf58bdf7c47780d487944 to remote] DEBUG org.asynchttpclient.netty.request.NettyRequestSender - Using open Channel [id: 0x65d9cacc, L:/127.0.0.1:52219 - R:localhost/127.0.0.1:65086] for GET '/session/285875f843dcf58bdf7c47780d487944/element/42c6d0d3-0cc6-4d4d-8a32-e4fa4bc3f406/name'
12:46:34.662 [AsyncHttpClient-1-5] DEBUG org.asynchttpclient.netty.handler.HttpHandler - 

Request DefaultFullHttpRequest(decodeResult: success, version: HTTP/1.1, content: EmptyByteBufBE)
GET /session/285875f843dcf58bdf7c47780d487944/element/42c6d0d3-0cc6-4d4d-8a32-e4fa4bc3f406/name HTTP/1.1
User-Agent: selenium/4.1.2 (java windows)
Cache-Control: no-cache
Content-Type: application/json; charset=utf-8
host: localhost:65086
accept: */*

Response DefaultHttpResponse(decodeResult: success, version: HTTP/1.1)
HTTP/1.1 200 OK
Content-Type: application/json; charset=utf-8
cache-control: no-cache
content-length: 16

12:46:34.662 [AsyncHttpClient-1-5] DEBUG org.asynchttpclient.netty.channel.ChannelManager - Adding key: http://localhost:65086 for channel [id: 0x65d9cacc, L:/127.0.0.1:52219 - R:localhost/127.0.0.1:65086]
12:46:34.663 [Forwarding findElement on session 285875f843dcf58bdf7c47780d487944 to remote] DEBUG org.asynchttpclient.netty.request.NettyRequestSender - Using pooled Channel '[id: 0x65d9cacc, L:/127.0.0.1:52219 - R:localhost/127.0.0.1:65086]' for 'POST' to 'http://localhost:65086/session/285875f843dcf58bdf7c47780d487944/element'
12:46:34.663 [Forwarding findElement on session 285875f843dcf58bdf7c47780d487944 to remote] DEBUG org.asynchttpclient.netty.request.NettyRequestSender - Using open Channel [id: 0x65d9cacc, L:/127.0.0.1:52219 - R:localhost/127.0.0.1:65086] for POST '/session/285875f843dcf58bdf7c47780d487944/element'
12:46:34.670 [AsyncHttpClient-1-5] DEBUG org.asynchttpclient.netty.handler.HttpHandler - 

Request DefaultHttpRequest(decodeResult: success, version: HTTP/1.1)
POST /session/285875f843dcf58bdf7c47780d487944/element HTTP/1.1
User-Agent: selenium/4.1.2 (java windows)
Content-Length: 123
Content-Type: application/json; charset=utf-8
host: localhost:65086
accept: */*

Response DefaultHttpResponse(decodeResult: success, version: HTTP/1.1)
HTTP/1.1 200 OK
Content-Type: application/json; charset=utf-8
cache-control: no-cache
content-length: 88

12:46:34.670 [AsyncHttpClient-1-5] DEBUG org.asynchttpclient.netty.channel.ChannelManager - Adding key: http://localhost:65086 for channel [id: 0x65d9cacc, L:/127.0.0.1:52219 - R:localhost/127.0.0.1:65086]
12:46:34.671 [Forwarding clickElement on session 285875f843dcf58bdf7c47780d487944 to remote] DEBUG org.asynchttpclient.netty.request.NettyRequestSender - Using pooled Channel '[id: 0x65d9cacc, L:/127.0.0.1:52219 - R:localhost/127.0.0.1:65086]' for 'POST' to 'http://localhost:65086/session/285875f843dcf58bdf7c47780d487944/element/42c6d0d3-0cc6-4d4d-8a32-e4fa4bc3f406/click'
12:46:34.671 [Forwarding clickElement on session 285875f843dcf58bdf7c47780d487944 to remote] DEBUG org.asynchttpclient.netty.request.NettyRequestSender - Using open Channel [id: 0x65d9cacc, L:/127.0.0.1:52219 - R:localhost/127.0.0.1:65086] for POST '/session/285875f843dcf58bdf7c47780d487944/element/42c6d0d3-0cc6-4d4d-8a32-e4fa4bc3f406/click'
12:46:34.703 [AsyncHttpClient-1-5] DEBUG org.asynchttpclient.netty.handler.HttpHandler - 

Request DefaultHttpRequest(decodeResult: success, version: HTTP/1.1)
POST /session/285875f843dcf58bdf7c47780d487944/element/42c6d0d3-0cc6-4d4d-8a32-e4fa4bc3f406/click HTTP/1.1
User-Agent: selenium/4.1.2 (java windows)
Content-Length: 50
Content-Type: application/json; charset=utf-8
host: localhost:65086
accept: */*

Response DefaultHttpResponse(decodeResult: success, version: HTTP/1.1)
HTTP/1.1 200 OK
Content-Type: application/json; charset=utf-8
cache-control: no-cache
content-length: 14

12:46:34.703 [AsyncHttpClient-1-5] DEBUG org.asynchttpclient.netty.channel.ChannelManager - Adding key: http://localhost:65086 for channel [id: 0x65d9cacc, L:/127.0.0.1:52219 - R:localhost/127.0.0.1:65086]
  &amp#27;[32mAnd &amp#27;[0m&amp#27;[32mI click register  button&amp#27;[0m         &amp#27;[90m# starter.stepdefinition.Registerstep.iClickRegisterButton()&amp#27;[0m
12:46:34.709 [Forwarding screenshot on session 285875f843dcf58bdf7c47780d487944 to remote] DEBUG org.asynchttpclient.netty.request.NettyRequestSender - Using pooled Channel '[id: 0x65d9cacc, L:/127.0.0.1:52219 - R:localhost/127.0.0.1:65086]' for 'GET' to 'http://localhost:65086/session/285875f843dcf58bdf7c47780d487944/screenshot'
12:46:34.709 [Forwarding screenshot on session 285875f843dcf58bdf7c47780d487944 to remote] DEBUG org.asynchttpclient.netty.request.NettyRequestSender - Using open Channel [id: 0x65d9cacc, L:/127.0.0.1:52219 - R:localhost/127.0.0.1:65086] for GET '/session/285875f843dcf58bdf7c47780d487944/screenshot'
12:46:34.850 [AsyncHttpClient-1-5] DEBUG org.asynchttpclient.netty.handler.HttpHandler - 

Request DefaultFullHttpRequest(decodeResult: success, version: HTTP/1.1, content: EmptyByteBufBE)
GET /session/285875f843dcf58bdf7c47780d487944/screenshot HTTP/1.1
User-Agent: selenium/4.1.2 (java windows)
Cache-Control: no-cache
Content-Type: application/json; charset=utf-8
host: localhost:65086
accept: */*

Response DefaultHttpResponse(decodeResult: success, version: HTTP/1.1)
HTTP/1.1 200 OK
Content-Type: application/json; charset=utf-8
cache-control: no-cache
content-length: 41240

12:46:34.850 [AsyncHttpClient-1-5] DEBUG org.asynchttpclient.netty.channel.ChannelManager - Adding key: http://localhost:65086 for channel [id: 0x65d9cacc, L:/127.0.0.1:52219 - R:localhost/127.0.0.1:65086]
12:46:34.852 [main] DEBUG net.serenitybdd.core.photography.Darkroom - Send negative for processing for target\site\serenity\14f53bf8ee8c2f72bbc9b7f534e5bf7413a18870f725afbf52dcd9b997fd77b6.png
12:46:34.852 [Darkroom Processing Line] DEBUG net.serenitybdd.core.photography.DarkroomProcessingLine - Processing screenshot image in /var/screenshots/screenshot-1532592872272240314
12:46:34.852 [Darkroom Processing Line] DEBUG net.serenitybdd.core.photography.DarkroomProcessingLine - Saving screenshot to target\site\serenity\14f53bf8ee8c2f72bbc9b7f534e5bf7413a18870f725afbf52dcd9b997fd77b6.png
12:46:34.856 [Forwarding findElement on session 285875f843dcf58bdf7c47780d487944 to remote] DEBUG org.asynchttpclient.netty.request.NettyRequestSender - Using pooled Channel '[id: 0x65d9cacc, L:/127.0.0.1:52219 - R:localhost/127.0.0.1:65086]' for 'POST' to 'http://localhost:65086/session/285875f843dcf58bdf7c47780d487944/element'
12:46:34.856 [Forwarding findElement on session 285875f843dcf58bdf7c47780d487944 to remote] DEBUG org.asynchttpclient.netty.request.NettyRequestSender - Using open Channel [id: 0x65d9cacc, L:/127.0.0.1:52219 - R:localhost/127.0.0.1:65086] for POST '/session/285875f843dcf58bdf7c47780d487944/element'
12:46:35.251 [AsyncHttpClient-1-1] DEBUG org.asynchttpclient.netty.channel.DefaultChannelPool - Entry count for : http://localhost:52220 : 1
12:46:35.983 [AsyncHttpClient-1-5] DEBUG org.asynchttpclient.netty.handler.HttpHandler - 

Request DefaultHttpRequest(decodeResult: success, version: HTTP/1.1)
POST /session/285875f843dcf58bdf7c47780d487944/element HTTP/1.1
User-Agent: selenium/4.1.2 (java windows)
Content-Length: 81
Content-Type: application/json; charset=utf-8
host: localhost:65086
accept: */*

Response DefaultHttpResponse(decodeResult: success, version: HTTP/1.1)
HTTP/1.1 200 OK
Content-Type: application/json; charset=utf-8
cache-control: no-cache
content-length: 88

12:46:35.983 [AsyncHttpClient-1-5] DEBUG org.asynchttpclient.netty.channel.ChannelManager - Adding key: http://localhost:65086 for channel [id: 0x65d9cacc, L:/127.0.0.1:52219 - R:localhost/127.0.0.1:65086]
12:46:35.985 [Forwarding isElementDisplayed on session 285875f843dcf58bdf7c47780d487944 to remote] DEBUG org.asynchttpclient.netty.request.NettyRequestSender - Using pooled Channel '[id: 0x65d9cacc, L:/127.0.0.1:52219 - R:localhost/127.0.0.1:65086]' for 'POST' to 'http://localhost:65086/session/285875f843dcf58bdf7c47780d487944/execute/sync'
12:46:35.985 [Forwarding isElementDisplayed on session 285875f843dcf58bdf7c47780d487944 to remote] DEBUG org.asynchttpclient.netty.request.NettyRequestSender - Using open Channel [id: 0x65d9cacc, L:/127.0.0.1:52219 - R:localhost/127.0.0.1:65086] for POST '/session/285875f843dcf58bdf7c47780d487944/execute/sync'
12:46:35.996 [AsyncHttpClient-1-5] DEBUG org.asynchttpclient.netty.handler.HttpHandler - 

Request DefaultHttpRequest(decodeResult: success, version: HTTP/1.1)
POST /session/285875f843dcf58bdf7c47780d487944/execute/sync HTTP/1.1
User-Agent: selenium/4.1.2 (java windows)
Content-Length: 48780
Content-Type: application/json; charset=utf-8
host: localhost:65086
accept: */*

Response DefaultHttpResponse(decodeResult: success, version: HTTP/1.1)
HTTP/1.1 200 OK
Content-Type: application/json; charset=utf-8
cache-control: no-cache
content-length: 14

12:46:35.996 [AsyncHttpClient-1-5] DEBUG org.asynchttpclient.netty.channel.ChannelManager - Adding key: http://localhost:65086 for channel [id: 0x65d9cacc, L:/127.0.0.1:52219 - R:localhost/127.0.0.1:65086]
  &amp#27;[32mThen &amp#27;[0m&amp#27;[32mI will get &amp#27;[0m&amp#27;[32m&amp#27;[1m"error message"&amp#27;[0m      &amp#27;[90m# starter.stepdefinition.Registerstep.iWillGet(java.lang.String)&amp#27;[0m
12:46:36.002 [Forwarding screenshot on session 285875f843dcf58bdf7c47780d487944 to remote] DEBUG org.asynchttpclient.netty.request.NettyRequestSender - Using pooled Channel '[id: 0x65d9cacc, L:/127.0.0.1:52219 - R:localhost/127.0.0.1:65086]' for 'GET' to 'http://localhost:65086/session/285875f843dcf58bdf7c47780d487944/screenshot'
12:46:36.002 [Forwarding screenshot on session 285875f843dcf58bdf7c47780d487944 to remote] DEBUG org.asynchttpclient.netty.request.NettyRequestSender - Using open Channel [id: 0x65d9cacc, L:/127.0.0.1:52219 - R:localhost/127.0.0.1:65086] for GET '/session/285875f843dcf58bdf7c47780d487944/screenshot'
12:46:36.154 [AsyncHttpClient-1-5] DEBUG org.asynchttpclient.netty.handler.HttpHandler - 

Request DefaultFullHttpRequest(decodeResult: success, version: HTTP/1.1, content: EmptyByteBufBE)
GET /session/285875f843dcf58bdf7c47780d487944/screenshot HTTP/1.1
User-Agent: selenium/4.1.2 (java windows)
Cache-Control: no-cache
Content-Type: application/json; charset=utf-8
host: localhost:65086
accept: */*

Response DefaultHttpResponse(decodeResult: success, version: HTTP/1.1)
HTTP/1.1 200 OK
Content-Type: application/json; charset=utf-8
cache-control: no-cache
content-length: 42540

12:46:36.154 [AsyncHttpClient-1-5] DEBUG org.asynchttpclient.netty.channel.ChannelManager - Adding key: http://localhost:65086 for channel [id: 0x65d9cacc, L:/127.0.0.1:52219 - R:localhost/127.0.0.1:65086]
12:46:36.156 [main] DEBUG net.serenitybdd.core.photography.Darkroom - Send negative for processing for target\site\serenity\a5beada2578627034d781ddb51cf2b321d62baaa1e4bf98c91c63e2706ecca53.png
12:46:36.156 [Darkroom Processing Line] DEBUG net.serenitybdd.core.photography.DarkroomProcessingLine - Processing screenshot image in /var/screenshots/screenshot-13899175453824156137
12:46:36.156 [Darkroom Processing Line] DEBUG net.serenitybdd.core.photography.DarkroomProcessingLine - Saving screenshot to target\site\serenity\a5beada2578627034d781ddb51cf2b321d62baaa1e4bf98c91c63e2706ecca53.png
12:46:36.159 [AsyncHttpClient-1-7] DEBUG org.asynchttpclient.netty.handler.WebSocketHandler - Channel Closed: [id: 0x084be4d4, L:/127.0.0.1:52227 ! R:localhost/127.0.0.1:52220] with attribute NettyResponseFuture{currentRetry=5,
	isDone=1,
	isCancelled=0,
	asyncHandler=org.asynchttpclient.ws.WebSocketUpgradeHandler@5ac02d99,
	nettyRequest=org.asynchttpclient.netty.request.NettyRequest@41db218a,
	future=java.util.concurrent.CompletableFuture@32cb9f46[Completed normally],
	uri=ws://localhost:52220/devtools/browser/9dcc4d63-e89d-49d2-a9f0-70f50f35cbd1,
	keepAlive=true,
	redirectCount=0,
	timeoutsHolder=null,
	inAuth=0,
	touch=1667972792178}
12:46:36.159 [Driver Command Executor] DEBUG org.asynchttpclient.netty.request.NettyRequestSender - Using pooled Channel '[id: 0x65d9cacc, L:/127.0.0.1:52219 - R:localhost/127.0.0.1:65086]' for 'DELETE' to 'http://localhost:65086/session/285875f843dcf58bdf7c47780d487944'
12:46:36.159 [Driver Command Executor] DEBUG org.asynchttpclient.netty.request.NettyRequestSender - Using open Channel [id: 0x65d9cacc, L:/127.0.0.1:52219 - R:localhost/127.0.0.1:65086] for DELETE '/session/285875f843dcf58bdf7c47780d487944'
12:46:36.159 [AsyncHttpClient-1-7] DEBUG org.asynchttpclient.netty.channel.ChannelManager - Closing Channel [id: 0x084be4d4, L:/127.0.0.1:52227 ! R:localhost/127.0.0.1:52220] 
12:46:36.180 [AsyncHttpClient-1-6] DEBUG org.asynchttpclient.netty.handler.HttpHandler - Unexpected I/O exception on channel [id: 0x108a1575, L:/127.0.0.1:52226 - R:localhost/127.0.0.1:52220]
java.io.IOException: An existing connection was forcibly closed by the remote host
	at java.base/sun.nio.ch.SocketDispatcher.read0(Native Method)
	at java.base/sun.nio.ch.SocketDispatcher.read(SocketDispatcher.java:43)
	at java.base/sun.nio.ch.IOUtil.readIntoNativeBuffer(IOUtil.java:276)
	at java.base/sun.nio.ch.IOUtil.read(IOUtil.java:233)
	at java.base/sun.nio.ch.IOUtil.read(IOUtil.java:223)
	at java.base/sun.nio.ch.SocketChannelImpl.read(SocketChannelImpl.java:358)
	at io.netty.buffer.PooledByteBuf.setBytes(PooledByteBuf.java:258)
	at io.netty.buffer.AbstractByteBuf.writeBytes(AbstractByteBuf.java:1132)
	at io.netty.channel.socket.nio.NioSocketChannel.doReadBytes(NioSocketChannel.java:350)
	at io.netty.channel.nio.AbstractNioByteChannel$NioByteUnsafe.read(AbstractNioByteChannel.java:151)
	at io.netty.channel.nio.NioEventLoop.processSelectedKey(NioEventLoop.java:722)
	at io.netty.channel.nio.NioEventLoop.processSelectedKeysOptimized(NioEventLoop.java:658)
	at io.netty.channel.nio.NioEventLoop.processSelectedKeys(NioEventLoop.java:584)
	at io.netty.channel.nio.NioEventLoop.run(NioEventLoop.java:496)
	at io.netty.util.concurrent.SingleThreadEventExecutor$4.run(SingleThreadEventExecutor.java:986)
	at io.netty.util.internal.ThreadExecutorMap$2.run(ThreadExecutorMap.java:74)
	at io.netty.util.concurrent.FastThreadLocalRunnable.run(FastThreadLocalRunnable.java:30)
	at java.base/java.lang.Thread.run(Thread.java:834)
12:46:36.180 [AsyncHttpClient-1-6] DEBUG org.asynchttpclient.netty.channel.ChannelManager - Closing Channel [id: 0x108a1575, L:/127.0.0.1:52226 - R:localhost/127.0.0.1:52220] 
12:46:36.181 [AsyncHttpClient-1-6] DEBUG org.asynchttpclient.netty.handler.HttpHandler - Channel Closed: [id: 0x108a1575, L:/127.0.0.1:52226 ! R:localhost/127.0.0.1:52220] with attribute DISCARD
12:46:36.201 [AsyncHttpClient-1-5] DEBUG org.asynchttpclient.netty.handler.HttpHandler - 

Request DefaultFullHttpRequest(decodeResult: success, version: HTTP/1.1, content: EmptyByteBufBE)
DELETE /session/285875f843dcf58bdf7c47780d487944 HTTP/1.1
User-Agent: selenium/4.1.2 (java windows)
Content-Type: application/json; charset=utf-8
host: localhost:65086
accept: */*

Response DefaultHttpResponse(decodeResult: success, version: HTTP/1.1)
HTTP/1.1 200 OK
Content-Type: application/json; charset=utf-8
cache-control: no-cache
content-length: 14

12:46:36.201 [AsyncHttpClient-1-5] DEBUG org.asynchttpclient.netty.channel.ChannelManager - Adding key: http://localhost:65086 for channel [id: 0x65d9cacc, L:/127.0.0.1:52219 - R:localhost/127.0.0.1:65086]
12:46:36.245 [AsyncHttpClient-1-5] DEBUG org.asynchttpclient.netty.handler.HttpHandler - Channel Closed: [id: 0x65d9cacc, L:/127.0.0.1:52219 ! R:localhost/127.0.0.1:65086] with attribute DISCARD
]]></system-out>
    <system-err><![CDATA[Starting ChromeDriver 107.0.5304.62 (1eec40d3a5764881c92085aaee66d25075c159aa-refs/branch-heads/5304@{#942}) on port 65086
Only local connections are allowed.
Please see https://chromedriver.chromium.org/security-considerations for suggestions on keeping ChromeDriver safe.
ChromeDriver was started successfully.
Nov 09, 2022 12:46:32 PM org.openqa.selenium.remote.ProtocolHandshake createSession
INFO: Detected dialect: W3C
Nov 09, 2022 12:46:32 PM org.openqa.selenium.devtools.CdpVersionFinder findNearestMatch
WARNING: Unable to find an exact match for CDP version 107, so returning the closest version found: a no-op implementation
Nov 09, 2022 12:46:32 PM org.openqa.selenium.devtools.CdpVersionFinder findNearestMatch
INFO: Unable to find CDP implementation matching 107.
Nov 09, 2022 12:46:32 PM org.openqa.selenium.chromium.ChromiumDriver lambda$new$3
WARNING: Unable to find version of CDP to use for . You may need to include a dependency on a specific version of the CDP using something similar to `org.seleniumhq.selenium:selenium-devtools-v86:4.1.2` where the version ("v86") matches the version of the chromium-based browser you're using and the version number of the artifact is the same as Selenium's.
]]></system-err>
  </testcase>
  <testcase name="Register new account #8" classname="Register" time="6.637">
    <system-out><![CDATA[
@Register
Scenario Outline: Register new account         &amp#27;[90m# src/test/resources/features/register.feature:25&amp#27;[0m
12:46:36.319 [main] INFO io.cucumber.core.plugin.SerenityReporter - Running feature from file:///C:/Users/ASUS/Web/src/test/resources/features/register.feature
12:46:36.327 [main] INFO net.serenitybdd.core.webdriver.driverproviders.ChromeDriverProvider - Using automatically driver download
12:46:36.345 [AsyncHttpClient-1-1] DEBUG org.asynchttpclient.netty.channel.DefaultChannelPool - Entry count for : http://localhost:52220 : 1
12:46:36.345 [AsyncHttpClient-1-1] DEBUG org.asynchttpclient.netty.channel.DefaultChannelPool - Entry count for : http://localhost:65086 : 1
12:46:36.345 [AsyncHttpClient-1-1] DEBUG org.asynchttpclient.netty.channel.DefaultChannelPool - Adding Candidate expired Channel [id: 0x108a1575, L:/127.0.0.1:52226 ! R:localhost/127.0.0.1:52220] isIdleTimeoutExpired=false isRemotelyClosed=true isTtlExpired=false
12:46:36.345 [AsyncHttpClient-1-1] DEBUG org.asynchttpclient.netty.channel.DefaultChannelPool - Closing Idle Channel [id: 0x108a1575, L:/127.0.0.1:52226 ! R:localhost/127.0.0.1:52220]
12:46:36.345 [AsyncHttpClient-1-1] DEBUG org.asynchttpclient.netty.channel.DefaultChannelPool - Adding Candidate expired Channel [id: 0x65d9cacc, L:/127.0.0.1:52219 ! R:localhost/127.0.0.1:65086] isIdleTimeoutExpired=false isRemotelyClosed=true isTtlExpired=false
12:46:36.345 [AsyncHttpClient-1-1] DEBUG org.asynchttpclient.netty.channel.DefaultChannelPool - Closing Idle Channel [id: 0x65d9cacc, L:/127.0.0.1:52219 ! R:localhost/127.0.0.1:65086]
12:46:36.345 [AsyncHttpClient-1-1] DEBUG org.asynchttpclient.netty.channel.DefaultChannelPool - Closed 2 connections out of 2 in 0 ms
12:46:36.434 [main] DEBUG io.github.bonigarcia.wdm.cache.ResolutionCache - Resolution chrome=107 in cache (valid until 13:44:11 09/11/2022 ICT)
12:46:36.437 [main] DEBUG io.github.bonigarcia.wdm.cache.ResolutionCache - Resolution chrome107=107.0.5304.62 in cache (valid until 12:48:49 09/11/2022 ICT)
12:46:36.438 [main] INFO io.github.bonigarcia.wdm.WebDriverManager - Using chromedriver 107.0.5304.62 (resolved driver for Chrome 107)
12:46:36.445 [main] DEBUG io.github.bonigarcia.wdm.WebDriverManager - Driver chromedriver 107.0.5304.62 found in cache
12:46:36.445 [main] INFO io.github.bonigarcia.wdm.WebDriverManager - Exporting webdriver.chrome.driver as C:\Users\ASUS\.cache\selenium\chromedriver\win32\107.0.5304.62\chromedriver.exe
12:46:36.541 [main] DEBUG net.serenitybdd.core.webdriver.driverproviders.ProvideNewDriver - Instantiating driver
12:46:36.541 [main] DEBUG net.serenitybdd.core.webdriver.driverproviders.ProvideNewDriver - Driver capabilities: Capabilities {acceptInsecureCerts: false, base.url: https://alta-shop.vercel.app/, browserName: chrome, chrome.driver: src/test/resources/webdrive..., driver: chrome, goog:chromeOptions: {args: [], extensions: []}}
12:46:36.611 [AsyncHttpClient-1-8] DEBUG org.asynchttpclient.netty.channel.NettyConnectListener - Using new Channel '[id: 0xab2ff615, L:/127.0.0.1:52248 - R:localhost/127.0.0.1:62528]' for 'POST' to '/session'
12:46:39.401 [AsyncHttpClient-1-8] DEBUG org.asynchttpclient.netty.handler.HttpHandler - 

Request DefaultHttpRequest(decodeResult: success, version: HTTP/1.1)
POST /session HTTP/1.1
User-Agent: selenium/4.1.2 (java windows)
Content-Length: 615
Content-Type: application/json; charset=utf-8
host: localhost:62528
accept: */*

Response DefaultHttpResponse(decodeResult: success, version: HTTP/1.1)
HTTP/1.1 200 OK
Content-Type: application/json; charset=utf-8
cache-control: no-cache
content-length: 788

12:46:39.401 [AsyncHttpClient-1-8] DEBUG org.asynchttpclient.netty.channel.ChannelManager - Adding key: http://localhost:62528 for channel [id: 0xab2ff615, L:/127.0.0.1:52248 - R:localhost/127.0.0.1:62528]
12:46:39.408 [AsyncHttpClient-1-9] DEBUG org.asynchttpclient.netty.channel.NettyConnectListener - Using new Channel '[id: 0x9a257822, L:/127.0.0.1:52275 - R:localhost/127.0.0.1:52269]' for 'GET' to '/json/version'
12:46:39.409 [AsyncHttpClient-1-9] DEBUG org.asynchttpclient.netty.handler.HttpHandler - 

Request DefaultFullHttpRequest(decodeResult: success, version: HTTP/1.1, content: EmptyByteBufBE)
GET /json/version HTTP/1.1
User-Agent: selenium/4.1.2 (java windows)
host: localhost:52269
accept: */*

Response DefaultHttpResponse(decodeResult: success, version: HTTP/1.1)
HTTP/1.1 200 OK
Content-Type: application/json; charset=UTF-8
content-length: 423

12:46:39.409 [AsyncHttpClient-1-9] DEBUG org.asynchttpclient.netty.channel.ChannelManager - Adding key: http://localhost:52269 for channel [id: 0x9a257822, L:/127.0.0.1:52275 - R:localhost/127.0.0.1:52269]
12:46:39.414 [AsyncHttpClient-1-10] DEBUG org.asynchttpclient.netty.channel.NettyConnectListener - Using new Channel '[id: 0x6801b94f, L:/127.0.0.1:52276 - R:localhost/127.0.0.1:52269]' for 'GET' to '/devtools/browser/cbc90e8c-8ff0-419f-921a-ee1deca58c2d'
12:46:39.415 [AsyncHttpClient-1-10] DEBUG org.asynchttpclient.netty.handler.WebSocketHandler - 

Request DefaultFullHttpRequest(decodeResult: success, version: HTTP/1.1, content: EmptyByteBufBE)
GET /devtools/browser/cbc90e8c-8ff0-419f-921a-ee1deca58c2d HTTP/1.1
upgrade: websocket
connection: upgrade
sec-websocket-key: rfx3Ai4HN39n9t/0PwWtsQ==
sec-websocket-version: 13
origin: http://localhost:52269
host: localhost:52269
accept: */*
user-agent: AHC/2.1

Response DefaultHttpResponse(decodeResult: success, version: HTTP/1.1)
HTTP/1.1 101 WebSocket Protocol Handshake
Upgrade: WebSocket
Connection: Upgrade
Sec-WebSocket-Accept: iOQ3YSzWkhwkOlVFIZecO5/PwMc=

12:46:39.428 [Forwarding get on session 2d9a751f9896674b937eeea332e0c068 to remote] DEBUG org.asynchttpclient.netty.request.NettyRequestSender - Using pooled Channel '[id: 0xab2ff615, L:/127.0.0.1:52248 - R:localhost/127.0.0.1:62528]' for 'POST' to 'http://localhost:62528/session/2d9a751f9896674b937eeea332e0c068/url'
12:46:39.428 [Forwarding get on session 2d9a751f9896674b937eeea332e0c068 to remote] DEBUG org.asynchttpclient.netty.request.NettyRequestSender - Using open Channel [id: 0xab2ff615, L:/127.0.0.1:52248 - R:localhost/127.0.0.1:62528] for POST '/session/2d9a751f9896674b937eeea332e0c068/url'
12:46:39.645 [AsyncHttpClient-1-1] DEBUG org.asynchttpclient.netty.channel.DefaultChannelPool - Entry count for : http://localhost:52269 : 1
12:46:40.746 [AsyncHttpClient-1-1] DEBUG org.asynchttpclient.netty.channel.DefaultChannelPool - Entry count for : http://localhost:52269 : 1
12:46:40.959 [AsyncHttpClient-1-8] DEBUG org.asynchttpclient.netty.handler.HttpHandler - 

Request DefaultHttpRequest(decodeResult: success, version: HTTP/1.1)
POST /session/2d9a751f9896674b937eeea332e0c068/url HTTP/1.1
User-Agent: selenium/4.1.2 (java windows)
Content-Length: 59
Content-Type: application/json; charset=utf-8
host: localhost:62528
accept: */*

Response DefaultHttpResponse(decodeResult: success, version: HTTP/1.1)
HTTP/1.1 200 OK
Content-Type: application/json; charset=utf-8
cache-control: no-cache
content-length: 14

12:46:40.959 [AsyncHttpClient-1-8] DEBUG org.asynchttpclient.netty.channel.ChannelManager - Adding key: http://localhost:62528 for channel [id: 0xab2ff615, L:/127.0.0.1:52248 - R:localhost/127.0.0.1:62528]
12:46:40.960 [Forwarding setTimeout on session 2d9a751f9896674b937eeea332e0c068 to remote] DEBUG org.asynchttpclient.netty.request.NettyRequestSender - Using pooled Channel '[id: 0xab2ff615, L:/127.0.0.1:52248 - R:localhost/127.0.0.1:62528]' for 'POST' to 'http://localhost:62528/session/2d9a751f9896674b937eeea332e0c068/timeouts'
12:46:40.960 [Forwarding setTimeout on session 2d9a751f9896674b937eeea332e0c068 to remote] DEBUG org.asynchttpclient.netty.request.NettyRequestSender - Using open Channel [id: 0xab2ff615, L:/127.0.0.1:52248 - R:localhost/127.0.0.1:62528] for POST '/session/2d9a751f9896674b937eeea332e0c068/timeouts'
12:46:40.960 [AsyncHttpClient-1-8] DEBUG org.asynchttpclient.netty.handler.HttpHandler - 

Request DefaultHttpRequest(decodeResult: success, version: HTTP/1.1)
POST /session/2d9a751f9896674b937eeea332e0c068/timeouts HTTP/1.1
User-Agent: selenium/4.1.2 (java windows)
Content-Length: 22
Content-Type: application/json; charset=utf-8
host: localhost:62528
accept: */*

Response DefaultHttpResponse(decodeResult: success, version: HTTP/1.1)
HTTP/1.1 200 OK
Content-Type: application/json; charset=utf-8
cache-control: no-cache
content-length: 14

12:46:40.960 [AsyncHttpClient-1-8] DEBUG org.asynchttpclient.netty.channel.ChannelManager - Adding key: http://localhost:62528 for channel [id: 0xab2ff615, L:/127.0.0.1:52248 - R:localhost/127.0.0.1:62528]
12:46:40.962 [Forwarding getCurrentUrl on session 2d9a751f9896674b937eeea332e0c068 to remote] DEBUG org.asynchttpclient.netty.request.NettyRequestSender - Using pooled Channel '[id: 0xab2ff615, L:/127.0.0.1:52248 - R:localhost/127.0.0.1:62528]' for 'GET' to 'http://localhost:62528/session/2d9a751f9896674b937eeea332e0c068/url'
12:46:40.962 [Forwarding getCurrentUrl on session 2d9a751f9896674b937eeea332e0c068 to remote] DEBUG org.asynchttpclient.netty.request.NettyRequestSender - Using open Channel [id: 0xab2ff615, L:/127.0.0.1:52248 - R:localhost/127.0.0.1:62528] for GET '/session/2d9a751f9896674b937eeea332e0c068/url'
12:46:40.967 [AsyncHttpClient-1-8] DEBUG org.asynchttpclient.netty.handler.HttpHandler - 

Request DefaultFullHttpRequest(decodeResult: success, version: HTTP/1.1, content: EmptyByteBufBE)
GET /session/2d9a751f9896674b937eeea332e0c068/url HTTP/1.1
User-Agent: selenium/4.1.2 (java windows)
Cache-Control: no-cache
Content-Type: application/json; charset=utf-8
host: localhost:62528
accept: */*

Response DefaultHttpResponse(decodeResult: success, version: HTTP/1.1)
HTTP/1.1 200 OK
Content-Type: application/json; charset=utf-8
cache-control: no-cache
content-length: 41

12:46:40.967 [AsyncHttpClient-1-8] DEBUG org.asynchttpclient.netty.channel.ChannelManager - Adding key: http://localhost:62528 for channel [id: 0xab2ff615, L:/127.0.0.1:52248 - R:localhost/127.0.0.1:62528]
  &amp#27;[32mGiven &amp#27;[0m&amp#27;[32mI am on home page&amp#27;[0m                      &amp#27;[90m# starter.stepdefinition.LoginStep.iAmOnHomePage()&amp#27;[0m
12:46:40.970 [Forwarding screenshot on session 2d9a751f9896674b937eeea332e0c068 to remote] DEBUG org.asynchttpclient.netty.request.NettyRequestSender - Using pooled Channel '[id: 0xab2ff615, L:/127.0.0.1:52248 - R:localhost/127.0.0.1:62528]' for 'GET' to 'http://localhost:62528/session/2d9a751f9896674b937eeea332e0c068/screenshot'
12:46:40.971 [Forwarding screenshot on session 2d9a751f9896674b937eeea332e0c068 to remote] DEBUG org.asynchttpclient.netty.request.NettyRequestSender - Using open Channel [id: 0xab2ff615, L:/127.0.0.1:52248 - R:localhost/127.0.0.1:62528] for GET '/session/2d9a751f9896674b937eeea332e0c068/screenshot'
12:46:41.209 [AsyncHttpClient-1-8] DEBUG org.asynchttpclient.netty.handler.HttpHandler - 

Request DefaultFullHttpRequest(decodeResult: success, version: HTTP/1.1, content: EmptyByteBufBE)
GET /session/2d9a751f9896674b937eeea332e0c068/screenshot HTTP/1.1
User-Agent: selenium/4.1.2 (java windows)
Cache-Control: no-cache
Content-Type: application/json; charset=utf-8
host: localhost:62528
accept: */*

Response DefaultHttpResponse(decodeResult: success, version: HTTP/1.1)
HTTP/1.1 200 OK
Content-Type: application/json; charset=utf-8
cache-control: no-cache
content-length: 36164

12:46:41.209 [AsyncHttpClient-1-8] DEBUG org.asynchttpclient.netty.channel.ChannelManager - Adding key: http://localhost:62528 for channel [id: 0xab2ff615, L:/127.0.0.1:52248 - R:localhost/127.0.0.1:62528]
12:46:41.210 [main] DEBUG net.serenitybdd.core.photography.Darkroom - Send negative for processing for target\site\serenity\1e51a02c6385cc8502a6318b912f3fb203bed77f2c0fe428df097764db1569be.png
12:46:41.211 [Darkroom Processing Line] DEBUG net.serenitybdd.core.photography.DarkroomProcessingLine - Processing screenshot image in /var/screenshots/screenshot-11566493991375290553
12:46:41.211 [Darkroom Processing Line] DEBUG net.serenitybdd.core.photography.DarkroomProcessingLine - Saving screenshot to target\site\serenity\1e51a02c6385cc8502a6318b912f3fb203bed77f2c0fe428df097764db1569be.png
12:46:41.215 [Forwarding findElement on session 2d9a751f9896674b937eeea332e0c068 to remote] DEBUG org.asynchttpclient.netty.request.NettyRequestSender - Using pooled Channel '[id: 0xab2ff615, L:/127.0.0.1:52248 - R:localhost/127.0.0.1:62528]' for 'POST' to 'http://localhost:62528/session/2d9a751f9896674b937eeea332e0c068/element'
12:46:41.215 [Forwarding findElement on session 2d9a751f9896674b937eeea332e0c068 to remote] DEBUG org.asynchttpclient.netty.request.NettyRequestSender - Using open Channel [id: 0xab2ff615, L:/127.0.0.1:52248 - R:localhost/127.0.0.1:62528] for POST '/session/2d9a751f9896674b937eeea332e0c068/element'
12:46:41.226 [AsyncHttpClient-1-8] DEBUG org.asynchttpclient.netty.handler.HttpHandler - 

Request DefaultHttpRequest(decodeResult: success, version: HTTP/1.1)
POST /session/2d9a751f9896674b937eeea332e0c068/element HTTP/1.1
User-Agent: selenium/4.1.2 (java windows)
Content-Length: 97
Content-Type: application/json; charset=utf-8
host: localhost:62528
accept: */*

Response DefaultHttpResponse(decodeResult: success, version: HTTP/1.1)
HTTP/1.1 200 OK
Content-Type: application/json; charset=utf-8
cache-control: no-cache
content-length: 88

12:46:41.227 [AsyncHttpClient-1-8] DEBUG org.asynchttpclient.netty.channel.ChannelManager - Adding key: http://localhost:62528 for channel [id: 0xab2ff615, L:/127.0.0.1:52248 - R:localhost/127.0.0.1:62528]
12:46:41.229 [Forwarding getElementTagName on session 2d9a751f9896674b937eeea332e0c068 to remote] DEBUG org.asynchttpclient.netty.request.NettyRequestSender - Using pooled Channel '[id: 0xab2ff615, L:/127.0.0.1:52248 - R:localhost/127.0.0.1:62528]' for 'GET' to 'http://localhost:62528/session/2d9a751f9896674b937eeea332e0c068/element/f9136740-fc8a-4fdf-a0fb-06195e00ec7f/name'
12:46:41.229 [Forwarding getElementTagName on session 2d9a751f9896674b937eeea332e0c068 to remote] DEBUG org.asynchttpclient.netty.request.NettyRequestSender - Using open Channel [id: 0xab2ff615, L:/127.0.0.1:52248 - R:localhost/127.0.0.1:62528] for GET '/session/2d9a751f9896674b937eeea332e0c068/element/f9136740-fc8a-4fdf-a0fb-06195e00ec7f/name'
12:46:41.234 [AsyncHttpClient-1-8] DEBUG org.asynchttpclient.netty.handler.HttpHandler - 

Request DefaultFullHttpRequest(decodeResult: success, version: HTTP/1.1, content: EmptyByteBufBE)
GET /session/2d9a751f9896674b937eeea332e0c068/element/f9136740-fc8a-4fdf-a0fb-06195e00ec7f/name HTTP/1.1
User-Agent: selenium/4.1.2 (java windows)
Cache-Control: no-cache
Content-Type: application/json; charset=utf-8
host: localhost:62528
accept: */*

Response DefaultHttpResponse(decodeResult: success, version: HTTP/1.1)
HTTP/1.1 200 OK
Content-Type: application/json; charset=utf-8
cache-control: no-cache
content-length: 13

12:46:41.236 [AsyncHttpClient-1-8] DEBUG org.asynchttpclient.netty.channel.ChannelManager - Adding key: http://localhost:62528 for channel [id: 0xab2ff615, L:/127.0.0.1:52248 - R:localhost/127.0.0.1:62528]
12:46:41.236 [Forwarding getElementTagName on session 2d9a751f9896674b937eeea332e0c068 to remote] DEBUG org.asynchttpclient.netty.request.NettyRequestSender - Using pooled Channel '[id: 0xab2ff615, L:/127.0.0.1:52248 - R:localhost/127.0.0.1:62528]' for 'GET' to 'http://localhost:62528/session/2d9a751f9896674b937eeea332e0c068/element/f9136740-fc8a-4fdf-a0fb-06195e00ec7f/name'
12:46:41.236 [Forwarding getElementTagName on session 2d9a751f9896674b937eeea332e0c068 to remote] DEBUG org.asynchttpclient.netty.request.NettyRequestSender - Using open Channel [id: 0xab2ff615, L:/127.0.0.1:52248 - R:localhost/127.0.0.1:62528] for GET '/session/2d9a751f9896674b937eeea332e0c068/element/f9136740-fc8a-4fdf-a0fb-06195e00ec7f/name'
12:46:41.240 [AsyncHttpClient-1-8] DEBUG org.asynchttpclient.netty.handler.HttpHandler - 

Request DefaultFullHttpRequest(decodeResult: success, version: HTTP/1.1, content: EmptyByteBufBE)
GET /session/2d9a751f9896674b937eeea332e0c068/element/f9136740-fc8a-4fdf-a0fb-06195e00ec7f/name HTTP/1.1
User-Agent: selenium/4.1.2 (java windows)
Cache-Control: no-cache
Content-Type: application/json; charset=utf-8
host: localhost:62528
accept: */*

Response DefaultHttpResponse(decodeResult: success, version: HTTP/1.1)
HTTP/1.1 200 OK
Content-Type: application/json; charset=utf-8
cache-control: no-cache
content-length: 13

12:46:41.240 [AsyncHttpClient-1-8] DEBUG org.asynchttpclient.netty.channel.ChannelManager - Adding key: http://localhost:62528 for channel [id: 0xab2ff615, L:/127.0.0.1:52248 - R:localhost/127.0.0.1:62528]
12:46:41.241 [Forwarding findElement on session 2d9a751f9896674b937eeea332e0c068 to remote] DEBUG org.asynchttpclient.netty.request.NettyRequestSender - Using pooled Channel '[id: 0xab2ff615, L:/127.0.0.1:52248 - R:localhost/127.0.0.1:62528]' for 'POST' to 'http://localhost:62528/session/2d9a751f9896674b937eeea332e0c068/element'
12:46:41.241 [Forwarding findElement on session 2d9a751f9896674b937eeea332e0c068 to remote] DEBUG org.asynchttpclient.netty.request.NettyRequestSender - Using open Channel [id: 0xab2ff615, L:/127.0.0.1:52248 - R:localhost/127.0.0.1:62528] for POST '/session/2d9a751f9896674b937eeea332e0c068/element'
12:46:41.251 [AsyncHttpClient-1-8] DEBUG org.asynchttpclient.netty.handler.HttpHandler - 

Request DefaultHttpRequest(decodeResult: success, version: HTTP/1.1)
POST /session/2d9a751f9896674b937eeea332e0c068/element HTTP/1.1
User-Agent: selenium/4.1.2 (java windows)
Content-Length: 97
Content-Type: application/json; charset=utf-8
host: localhost:62528
accept: */*

Response DefaultHttpResponse(decodeResult: success, version: HTTP/1.1)
HTTP/1.1 200 OK
Content-Type: application/json; charset=utf-8
cache-control: no-cache
content-length: 88

12:46:41.252 [AsyncHttpClient-1-8] DEBUG org.asynchttpclient.netty.channel.ChannelManager - Adding key: http://localhost:62528 for channel [id: 0xab2ff615, L:/127.0.0.1:52248 - R:localhost/127.0.0.1:62528]
12:46:41.253 [Forwarding clickElement on session 2d9a751f9896674b937eeea332e0c068 to remote] DEBUG org.asynchttpclient.netty.request.NettyRequestSender - Using pooled Channel '[id: 0xab2ff615, L:/127.0.0.1:52248 - R:localhost/127.0.0.1:62528]' for 'POST' to 'http://localhost:62528/session/2d9a751f9896674b937eeea332e0c068/element/f9136740-fc8a-4fdf-a0fb-06195e00ec7f/click'
12:46:41.253 [Forwarding clickElement on session 2d9a751f9896674b937eeea332e0c068 to remote] DEBUG org.asynchttpclient.netty.request.NettyRequestSender - Using open Channel [id: 0xab2ff615, L:/127.0.0.1:52248 - R:localhost/127.0.0.1:62528] for POST '/session/2d9a751f9896674b937eeea332e0c068/element/f9136740-fc8a-4fdf-a0fb-06195e00ec7f/click'
12:46:41.295 [AsyncHttpClient-1-8] DEBUG org.asynchttpclient.netty.handler.HttpHandler - 

Request DefaultHttpRequest(decodeResult: success, version: HTTP/1.1)
POST /session/2d9a751f9896674b937eeea332e0c068/element/f9136740-fc8a-4fdf-a0fb-06195e00ec7f/click HTTP/1.1
User-Agent: selenium/4.1.2 (java windows)
Content-Length: 50
Content-Type: application/json; charset=utf-8
host: localhost:62528
accept: */*

Response DefaultHttpResponse(decodeResult: success, version: HTTP/1.1)
HTTP/1.1 200 OK
Content-Type: application/json; charset=utf-8
cache-control: no-cache
content-length: 14

12:46:41.295 [AsyncHttpClient-1-8] DEBUG org.asynchttpclient.netty.channel.ChannelManager - Adding key: http://localhost:62528 for channel [id: 0xab2ff615, L:/127.0.0.1:52248 - R:localhost/127.0.0.1:62528]
  &amp#27;[32mAnd &amp#27;[0m&amp#27;[32mI click icon the login icon&amp#27;[0m              &amp#27;[90m# starter.stepdefinition.LoginStep.iClickIconTheLoginIcon()&amp#27;[0m
12:46:41.299 [Forwarding screenshot on session 2d9a751f9896674b937eeea332e0c068 to remote] DEBUG org.asynchttpclient.netty.request.NettyRequestSender - Using pooled Channel '[id: 0xab2ff615, L:/127.0.0.1:52248 - R:localhost/127.0.0.1:62528]' for 'GET' to 'http://localhost:62528/session/2d9a751f9896674b937eeea332e0c068/screenshot'
12:46:41.299 [Forwarding screenshot on session 2d9a751f9896674b937eeea332e0c068 to remote] DEBUG org.asynchttpclient.netty.request.NettyRequestSender - Using open Channel [id: 0xab2ff615, L:/127.0.0.1:52248 - R:localhost/127.0.0.1:62528] for GET '/session/2d9a751f9896674b937eeea332e0c068/screenshot'
12:46:41.532 [AsyncHttpClient-1-8] DEBUG org.asynchttpclient.netty.handler.HttpHandler - 

Request DefaultFullHttpRequest(decodeResult: success, version: HTTP/1.1, content: EmptyByteBufBE)
GET /session/2d9a751f9896674b937eeea332e0c068/screenshot HTTP/1.1
User-Agent: selenium/4.1.2 (java windows)
Cache-Control: no-cache
Content-Type: application/json; charset=utf-8
host: localhost:62528
accept: */*

Response DefaultHttpResponse(decodeResult: success, version: HTTP/1.1)
HTTP/1.1 200 OK
Content-Type: application/json; charset=utf-8
cache-control: no-cache
content-length: 35176

12:46:41.532 [AsyncHttpClient-1-8] DEBUG org.asynchttpclient.netty.channel.ChannelManager - Adding key: http://localhost:62528 for channel [id: 0xab2ff615, L:/127.0.0.1:52248 - R:localhost/127.0.0.1:62528]
12:46:41.533 [main] DEBUG net.serenitybdd.core.photography.Darkroom - Send negative for processing for target\site\serenity\65fc40aa19319b8aed4e813e479ad356b3af4a450821014154d77d6ce44c7f68.png
12:46:41.533 [Darkroom Processing Line] DEBUG net.serenitybdd.core.photography.DarkroomProcessingLine - Processing screenshot image in /var/screenshots/screenshot-9175111972289517234
12:46:41.533 [Darkroom Processing Line] DEBUG net.serenitybdd.core.photography.DarkroomProcessingLine - Saving screenshot to target\site\serenity\65fc40aa19319b8aed4e813e479ad356b3af4a450821014154d77d6ce44c7f68.png
12:46:41.543 [Forwarding findElement on session 2d9a751f9896674b937eeea332e0c068 to remote] DEBUG org.asynchttpclient.netty.request.NettyRequestSender - Using pooled Channel '[id: 0xab2ff615, L:/127.0.0.1:52248 - R:localhost/127.0.0.1:62528]' for 'POST' to 'http://localhost:62528/session/2d9a751f9896674b937eeea332e0c068/element'
12:46:41.543 [Forwarding findElement on session 2d9a751f9896674b937eeea332e0c068 to remote] DEBUG org.asynchttpclient.netty.request.NettyRequestSender - Using open Channel [id: 0xab2ff615, L:/127.0.0.1:52248 - R:localhost/127.0.0.1:62528] for POST '/session/2d9a751f9896674b937eeea332e0c068/element'
12:46:41.552 [AsyncHttpClient-1-8] DEBUG org.asynchttpclient.netty.handler.HttpHandler - 

Request DefaultHttpRequest(decodeResult: success, version: HTTP/1.1)
POST /session/2d9a751f9896674b937eeea332e0c068/element HTTP/1.1
User-Agent: selenium/4.1.2 (java windows)
Content-Length: 95
Content-Type: application/json; charset=utf-8
host: localhost:62528
accept: */*

Response DefaultHttpResponse(decodeResult: success, version: HTTP/1.1)
HTTP/1.1 200 OK
Content-Type: application/json; charset=utf-8
cache-control: no-cache
content-length: 88

12:46:41.553 [AsyncHttpClient-1-8] DEBUG org.asynchttpclient.netty.channel.ChannelManager - Adding key: http://localhost:62528 for channel [id: 0xab2ff615, L:/127.0.0.1:52248 - R:localhost/127.0.0.1:62528]
12:46:41.553 [Forwarding getElementTagName on session 2d9a751f9896674b937eeea332e0c068 to remote] DEBUG org.asynchttpclient.netty.request.NettyRequestSender - Using pooled Channel '[id: 0xab2ff615, L:/127.0.0.1:52248 - R:localhost/127.0.0.1:62528]' for 'GET' to 'http://localhost:62528/session/2d9a751f9896674b937eeea332e0c068/element/ec51082d-af5c-4ec3-b862-fc9818e8e91e/name'
12:46:41.553 [Forwarding getElementTagName on session 2d9a751f9896674b937eeea332e0c068 to remote] DEBUG org.asynchttpclient.netty.request.NettyRequestSender - Using open Channel [id: 0xab2ff615, L:/127.0.0.1:52248 - R:localhost/127.0.0.1:62528] for GET '/session/2d9a751f9896674b937eeea332e0c068/element/ec51082d-af5c-4ec3-b862-fc9818e8e91e/name'
12:46:41.558 [AsyncHttpClient-1-8] DEBUG org.asynchttpclient.netty.handler.HttpHandler - 

Request DefaultFullHttpRequest(decodeResult: success, version: HTTP/1.1, content: EmptyByteBufBE)
GET /session/2d9a751f9896674b937eeea332e0c068/element/ec51082d-af5c-4ec3-b862-fc9818e8e91e/name HTTP/1.1
User-Agent: selenium/4.1.2 (java windows)
Cache-Control: no-cache
Content-Type: application/json; charset=utf-8
host: localhost:62528
accept: */*

Response DefaultHttpResponse(decodeResult: success, version: HTTP/1.1)
HTTP/1.1 200 OK
Content-Type: application/json; charset=utf-8
cache-control: no-cache
content-length: 13

12:46:41.558 [AsyncHttpClient-1-8] DEBUG org.asynchttpclient.netty.channel.ChannelManager - Adding key: http://localhost:62528 for channel [id: 0xab2ff615, L:/127.0.0.1:52248 - R:localhost/127.0.0.1:62528]
12:46:41.559 [Forwarding getElementTagName on session 2d9a751f9896674b937eeea332e0c068 to remote] DEBUG org.asynchttpclient.netty.request.NettyRequestSender - Using pooled Channel '[id: 0xab2ff615, L:/127.0.0.1:52248 - R:localhost/127.0.0.1:62528]' for 'GET' to 'http://localhost:62528/session/2d9a751f9896674b937eeea332e0c068/element/ec51082d-af5c-4ec3-b862-fc9818e8e91e/name'
12:46:41.559 [Forwarding getElementTagName on session 2d9a751f9896674b937eeea332e0c068 to remote] DEBUG org.asynchttpclient.netty.request.NettyRequestSender - Using open Channel [id: 0xab2ff615, L:/127.0.0.1:52248 - R:localhost/127.0.0.1:62528] for GET '/session/2d9a751f9896674b937eeea332e0c068/element/ec51082d-af5c-4ec3-b862-fc9818e8e91e/name'
12:46:41.563 [AsyncHttpClient-1-8] DEBUG org.asynchttpclient.netty.handler.HttpHandler - 

Request DefaultFullHttpRequest(decodeResult: success, version: HTTP/1.1, content: EmptyByteBufBE)
GET /session/2d9a751f9896674b937eeea332e0c068/element/ec51082d-af5c-4ec3-b862-fc9818e8e91e/name HTTP/1.1
User-Agent: selenium/4.1.2 (java windows)
Cache-Control: no-cache
Content-Type: application/json; charset=utf-8
host: localhost:62528
accept: */*

Response DefaultHttpResponse(decodeResult: success, version: HTTP/1.1)
HTTP/1.1 200 OK
Content-Type: application/json; charset=utf-8
cache-control: no-cache
content-length: 13

12:46:41.563 [AsyncHttpClient-1-8] DEBUG org.asynchttpclient.netty.channel.ChannelManager - Adding key: http://localhost:62528 for channel [id: 0xab2ff615, L:/127.0.0.1:52248 - R:localhost/127.0.0.1:62528]
12:46:41.564 [Forwarding findElement on session 2d9a751f9896674b937eeea332e0c068 to remote] DEBUG org.asynchttpclient.netty.request.NettyRequestSender - Using pooled Channel '[id: 0xab2ff615, L:/127.0.0.1:52248 - R:localhost/127.0.0.1:62528]' for 'POST' to 'http://localhost:62528/session/2d9a751f9896674b937eeea332e0c068/element'
12:46:41.564 [Forwarding findElement on session 2d9a751f9896674b937eeea332e0c068 to remote] DEBUG org.asynchttpclient.netty.request.NettyRequestSender - Using open Channel [id: 0xab2ff615, L:/127.0.0.1:52248 - R:localhost/127.0.0.1:62528] for POST '/session/2d9a751f9896674b937eeea332e0c068/element'
12:46:41.570 [AsyncHttpClient-1-8] DEBUG org.asynchttpclient.netty.handler.HttpHandler - 

Request DefaultHttpRequest(decodeResult: success, version: HTTP/1.1)
POST /session/2d9a751f9896674b937eeea332e0c068/element HTTP/1.1
User-Agent: selenium/4.1.2 (java windows)
Content-Length: 95
Content-Type: application/json; charset=utf-8
host: localhost:62528
accept: */*

Response DefaultHttpResponse(decodeResult: success, version: HTTP/1.1)
HTTP/1.1 200 OK
Content-Type: application/json; charset=utf-8
cache-control: no-cache
content-length: 88

12:46:41.570 [AsyncHttpClient-1-8] DEBUG org.asynchttpclient.netty.channel.ChannelManager - Adding key: http://localhost:62528 for channel [id: 0xab2ff615, L:/127.0.0.1:52248 - R:localhost/127.0.0.1:62528]
12:46:41.570 [Forwarding clickElement on session 2d9a751f9896674b937eeea332e0c068 to remote] DEBUG org.asynchttpclient.netty.request.NettyRequestSender - Using pooled Channel '[id: 0xab2ff615, L:/127.0.0.1:52248 - R:localhost/127.0.0.1:62528]' for 'POST' to 'http://localhost:62528/session/2d9a751f9896674b937eeea332e0c068/element/ec51082d-af5c-4ec3-b862-fc9818e8e91e/click'
12:46:41.570 [Forwarding clickElement on session 2d9a751f9896674b937eeea332e0c068 to remote] DEBUG org.asynchttpclient.netty.request.NettyRequestSender - Using open Channel [id: 0xab2ff615, L:/127.0.0.1:52248 - R:localhost/127.0.0.1:62528] for POST '/session/2d9a751f9896674b937eeea332e0c068/element/ec51082d-af5c-4ec3-b862-fc9818e8e91e/click'
12:46:41.602 [AsyncHttpClient-1-8] DEBUG org.asynchttpclient.netty.handler.HttpHandler - 

Request DefaultHttpRequest(decodeResult: success, version: HTTP/1.1)
POST /session/2d9a751f9896674b937eeea332e0c068/element/ec51082d-af5c-4ec3-b862-fc9818e8e91e/click HTTP/1.1
User-Agent: selenium/4.1.2 (java windows)
Content-Length: 50
Content-Type: application/json; charset=utf-8
host: localhost:62528
accept: */*

Response DefaultHttpResponse(decodeResult: success, version: HTTP/1.1)
HTTP/1.1 200 OK
Content-Type: application/json; charset=utf-8
cache-control: no-cache
content-length: 14

12:46:41.602 [AsyncHttpClient-1-8] DEBUG org.asynchttpclient.netty.channel.ChannelManager - Adding key: http://localhost:62528 for channel [id: 0xab2ff615, L:/127.0.0.1:52248 - R:localhost/127.0.0.1:62528]
  &amp#27;[32mAnd &amp#27;[0m&amp#27;[32mI click register text&amp#27;[0m                    &amp#27;[90m# starter.stepdefinition.Registerstep.iClickRegisterText()&amp#27;[0m
12:46:41.610 [Forwarding screenshot on session 2d9a751f9896674b937eeea332e0c068 to remote] DEBUG org.asynchttpclient.netty.request.NettyRequestSender - Using pooled Channel '[id: 0xab2ff615, L:/127.0.0.1:52248 - R:localhost/127.0.0.1:62528]' for 'GET' to 'http://localhost:62528/session/2d9a751f9896674b937eeea332e0c068/screenshot'
12:46:41.611 [Forwarding screenshot on session 2d9a751f9896674b937eeea332e0c068 to remote] DEBUG org.asynchttpclient.netty.request.NettyRequestSender - Using open Channel [id: 0xab2ff615, L:/127.0.0.1:52248 - R:localhost/127.0.0.1:62528] for GET '/session/2d9a751f9896674b937eeea332e0c068/screenshot'
12:46:41.779 [AsyncHttpClient-1-8] DEBUG org.asynchttpclient.netty.handler.HttpHandler - 

Request DefaultFullHttpRequest(decodeResult: success, version: HTTP/1.1, content: EmptyByteBufBE)
GET /session/2d9a751f9896674b937eeea332e0c068/screenshot HTTP/1.1
User-Agent: selenium/4.1.2 (java windows)
Cache-Control: no-cache
Content-Type: application/json; charset=utf-8
host: localhost:62528
accept: */*

Response DefaultHttpResponse(decodeResult: success, version: HTTP/1.1)
HTTP/1.1 200 OK
Content-Type: application/json; charset=utf-8
cache-control: no-cache
content-length: 38916

12:46:41.779 [AsyncHttpClient-1-8] DEBUG org.asynchttpclient.netty.channel.ChannelManager - Adding key: http://localhost:62528 for channel [id: 0xab2ff615, L:/127.0.0.1:52248 - R:localhost/127.0.0.1:62528]
12:46:41.783 [main] DEBUG net.serenitybdd.core.photography.Darkroom - Send negative for processing for target\site\serenity\b3e58bd2a4368632cf0dfb3d14c7e271e174c444a3c7da3d04a3c7947dde2930.png
12:46:41.783 [Darkroom Processing Line] DEBUG net.serenitybdd.core.photography.DarkroomProcessingLine - Processing screenshot image in /var/screenshots/screenshot-3492895660910008895
12:46:41.783 [Darkroom Processing Line] DEBUG net.serenitybdd.core.photography.DarkroomProcessingLine - Saving screenshot to target\site\serenity\b3e58bd2a4368632cf0dfb3d14c7e271e174c444a3c7da3d04a3c7947dde2930.png
12:46:41.789 [Forwarding findElement on session 2d9a751f9896674b937eeea332e0c068 to remote] DEBUG org.asynchttpclient.netty.request.NettyRequestSender - Using pooled Channel '[id: 0xab2ff615, L:/127.0.0.1:52248 - R:localhost/127.0.0.1:62528]' for 'POST' to 'http://localhost:62528/session/2d9a751f9896674b937eeea332e0c068/element'
12:46:41.789 [Forwarding findElement on session 2d9a751f9896674b937eeea332e0c068 to remote] DEBUG org.asynchttpclient.netty.request.NettyRequestSender - Using open Channel [id: 0xab2ff615, L:/127.0.0.1:52248 - R:localhost/127.0.0.1:62528] for POST '/session/2d9a751f9896674b937eeea332e0c068/element'
12:46:41.799 [AsyncHttpClient-1-8] DEBUG org.asynchttpclient.netty.handler.HttpHandler - 

Request DefaultHttpRequest(decodeResult: success, version: HTTP/1.1)
POST /session/2d9a751f9896674b937eeea332e0c068/element HTTP/1.1
User-Agent: selenium/4.1.2 (java windows)
Content-Length: 95
Content-Type: application/json; charset=utf-8
host: localhost:62528
accept: */*

Response DefaultHttpResponse(decodeResult: success, version: HTTP/1.1)
HTTP/1.1 200 OK
Content-Type: application/json; charset=utf-8
cache-control: no-cache
content-length: 88

12:46:41.799 [AsyncHttpClient-1-8] DEBUG org.asynchttpclient.netty.channel.ChannelManager - Adding key: http://localhost:62528 for channel [id: 0xab2ff615, L:/127.0.0.1:52248 - R:localhost/127.0.0.1:62528]
12:46:41.799 [Forwarding clearElement on session 2d9a751f9896674b937eeea332e0c068 to remote] DEBUG org.asynchttpclient.netty.request.NettyRequestSender - Using pooled Channel '[id: 0xab2ff615, L:/127.0.0.1:52248 - R:localhost/127.0.0.1:62528]' for 'POST' to 'http://localhost:62528/session/2d9a751f9896674b937eeea332e0c068/element/86cd4efc-6a04-4644-a0d9-3d6d7dcf2e11/clear'
12:46:41.799 [Forwarding clearElement on session 2d9a751f9896674b937eeea332e0c068 to remote] DEBUG org.asynchttpclient.netty.request.NettyRequestSender - Using open Channel [id: 0xab2ff615, L:/127.0.0.1:52248 - R:localhost/127.0.0.1:62528] for POST '/session/2d9a751f9896674b937eeea332e0c068/element/86cd4efc-6a04-4644-a0d9-3d6d7dcf2e11/clear'
12:46:41.825 [AsyncHttpClient-1-8] DEBUG org.asynchttpclient.netty.handler.HttpHandler - 

Request DefaultHttpRequest(decodeResult: success, version: HTTP/1.1)
POST /session/2d9a751f9896674b937eeea332e0c068/element/86cd4efc-6a04-4644-a0d9-3d6d7dcf2e11/clear HTTP/1.1
User-Agent: selenium/4.1.2 (java windows)
Content-Length: 50
Content-Type: application/json; charset=utf-8
host: localhost:62528
accept: */*

Response DefaultHttpResponse(decodeResult: success, version: HTTP/1.1)
HTTP/1.1 200 OK
Content-Type: application/json; charset=utf-8
cache-control: no-cache
content-length: 14

12:46:41.825 [AsyncHttpClient-1-8] DEBUG org.asynchttpclient.netty.channel.ChannelManager - Adding key: http://localhost:62528 for channel [id: 0xab2ff615, L:/127.0.0.1:52248 - R:localhost/127.0.0.1:62528]
12:46:41.826 [Forwarding sendKeysToElement on session 2d9a751f9896674b937eeea332e0c068 to remote] DEBUG org.asynchttpclient.netty.request.NettyRequestSender - Using pooled Channel '[id: 0xab2ff615, L:/127.0.0.1:52248 - R:localhost/127.0.0.1:62528]' for 'POST' to 'http://localhost:62528/session/2d9a751f9896674b937eeea332e0c068/element/86cd4efc-6a04-4644-a0d9-3d6d7dcf2e11/value'
12:46:41.826 [Forwarding sendKeysToElement on session 2d9a751f9896674b937eeea332e0c068 to remote] DEBUG org.asynchttpclient.netty.request.NettyRequestSender - Using open Channel [id: 0xab2ff615, L:/127.0.0.1:52248 - R:localhost/127.0.0.1:62528] for POST '/session/2d9a751f9896674b937eeea332e0c068/element/86cd4efc-6a04-4644-a0d9-3d6d7dcf2e11/value'
12:46:41.844 [AsyncHttpClient-1-1] DEBUG org.asynchttpclient.netty.channel.DefaultChannelPool - Entry count for : http://localhost:52269 : 1
12:46:41.894 [AsyncHttpClient-1-8] DEBUG org.asynchttpclient.netty.handler.HttpHandler - 

Request DefaultHttpRequest(decodeResult: success, version: HTTP/1.1)
POST /session/2d9a751f9896674b937eeea332e0c068/element/86cd4efc-6a04-4644-a0d9-3d6d7dcf2e11/value HTTP/1.1
User-Agent: selenium/4.1.2 (java windows)
Content-Length: 181
Content-Type: application/json; charset=utf-8
host: localhost:62528
accept: */*

Response DefaultHttpResponse(decodeResult: success, version: HTTP/1.1)
HTTP/1.1 200 OK
Content-Type: application/json; charset=utf-8
cache-control: no-cache
content-length: 14

12:46:41.894 [AsyncHttpClient-1-8] DEBUG org.asynchttpclient.netty.channel.ChannelManager - Adding key: http://localhost:62528 for channel [id: 0xab2ff615, L:/127.0.0.1:52248 - R:localhost/127.0.0.1:62528]
  &amp#27;[32mWhen &amp#27;[0m&amp#27;[32mI input &amp#27;[0m&amp#27;[32m&amp#27;[1m"ronasarigl"&amp#27;[0m&amp#27;[32m name&amp#27;[0m               &amp#27;[90m# starter.stepdefinition.Registerstep.iInputName(java.lang.String)&amp#27;[0m
12:46:41.899 [Forwarding screenshot on session 2d9a751f9896674b937eeea332e0c068 to remote] DEBUG org.asynchttpclient.netty.request.NettyRequestSender - Using pooled Channel '[id: 0xab2ff615, L:/127.0.0.1:52248 - R:localhost/127.0.0.1:62528]' for 'GET' to 'http://localhost:62528/session/2d9a751f9896674b937eeea332e0c068/screenshot'
12:46:41.899 [Forwarding screenshot on session 2d9a751f9896674b937eeea332e0c068 to remote] DEBUG org.asynchttpclient.netty.request.NettyRequestSender - Using open Channel [id: 0xab2ff615, L:/127.0.0.1:52248 - R:localhost/127.0.0.1:62528] for GET '/session/2d9a751f9896674b937eeea332e0c068/screenshot'
12:46:42.035 [AsyncHttpClient-1-8] DEBUG org.asynchttpclient.netty.handler.HttpHandler - 

Request DefaultFullHttpRequest(decodeResult: success, version: HTTP/1.1, content: EmptyByteBufBE)
GET /session/2d9a751f9896674b937eeea332e0c068/screenshot HTTP/1.1
User-Agent: selenium/4.1.2 (java windows)
Cache-Control: no-cache
Content-Type: application/json; charset=utf-8
host: localhost:62528
accept: */*

Response DefaultHttpResponse(decodeResult: success, version: HTTP/1.1)
HTTP/1.1 200 OK
Content-Type: application/json; charset=utf-8
cache-control: no-cache
content-length: 40756

12:46:42.035 [AsyncHttpClient-1-8] DEBUG org.asynchttpclient.netty.channel.ChannelManager - Adding key: http://localhost:62528 for channel [id: 0xab2ff615, L:/127.0.0.1:52248 - R:localhost/127.0.0.1:62528]
12:46:42.037 [main] DEBUG net.serenitybdd.core.photography.Darkroom - Send negative for processing for target\site\serenity\87bd05bdadd17fd1de4fc9134ae4f8034230737fa7ff454c18ea0bb294bb60c5.png
12:46:42.037 [Darkroom Processing Line] DEBUG net.serenitybdd.core.photography.DarkroomProcessingLine - Processing screenshot image in /var/screenshots/screenshot-3905769325421403442
12:46:42.037 [Darkroom Processing Line] DEBUG net.serenitybdd.core.photography.DarkroomProcessingLine - Saving screenshot to target\site\serenity\87bd05bdadd17fd1de4fc9134ae4f8034230737fa7ff454c18ea0bb294bb60c5.png
12:46:42.042 [Forwarding findElement on session 2d9a751f9896674b937eeea332e0c068 to remote] DEBUG org.asynchttpclient.netty.request.NettyRequestSender - Using pooled Channel '[id: 0xab2ff615, L:/127.0.0.1:52248 - R:localhost/127.0.0.1:62528]' for 'POST' to 'http://localhost:62528/session/2d9a751f9896674b937eeea332e0c068/element'
12:46:42.042 [Forwarding findElement on session 2d9a751f9896674b937eeea332e0c068 to remote] DEBUG org.asynchttpclient.netty.request.NettyRequestSender - Using open Channel [id: 0xab2ff615, L:/127.0.0.1:52248 - R:localhost/127.0.0.1:62528] for POST '/session/2d9a751f9896674b937eeea332e0c068/element'
12:46:42.051 [AsyncHttpClient-1-8] DEBUG org.asynchttpclient.netty.handler.HttpHandler - 

Request DefaultHttpRequest(decodeResult: success, version: HTTP/1.1)
POST /session/2d9a751f9896674b937eeea332e0c068/element HTTP/1.1
User-Agent: selenium/4.1.2 (java windows)
Content-Length: 88
Content-Type: application/json; charset=utf-8
host: localhost:62528
accept: */*

Response DefaultHttpResponse(decodeResult: success, version: HTTP/1.1)
HTTP/1.1 200 OK
Content-Type: application/json; charset=utf-8
cache-control: no-cache
content-length: 88

12:46:42.051 [AsyncHttpClient-1-8] DEBUG org.asynchttpclient.netty.channel.ChannelManager - Adding key: http://localhost:62528 for channel [id: 0xab2ff615, L:/127.0.0.1:52248 - R:localhost/127.0.0.1:62528]
12:46:42.051 [Forwarding clearElement on session 2d9a751f9896674b937eeea332e0c068 to remote] DEBUG org.asynchttpclient.netty.request.NettyRequestSender - Using pooled Channel '[id: 0xab2ff615, L:/127.0.0.1:52248 - R:localhost/127.0.0.1:62528]' for 'POST' to 'http://localhost:62528/session/2d9a751f9896674b937eeea332e0c068/element/5a2c757d-c576-411a-a61d-5b3664064273/clear'
12:46:42.051 [Forwarding clearElement on session 2d9a751f9896674b937eeea332e0c068 to remote] DEBUG org.asynchttpclient.netty.request.NettyRequestSender - Using open Channel [id: 0xab2ff615, L:/127.0.0.1:52248 - R:localhost/127.0.0.1:62528] for POST '/session/2d9a751f9896674b937eeea332e0c068/element/5a2c757d-c576-411a-a61d-5b3664064273/clear'
12:46:42.080 [AsyncHttpClient-1-8] DEBUG org.asynchttpclient.netty.handler.HttpHandler - 

Request DefaultHttpRequest(decodeResult: success, version: HTTP/1.1)
POST /session/2d9a751f9896674b937eeea332e0c068/element/5a2c757d-c576-411a-a61d-5b3664064273/clear HTTP/1.1
User-Agent: selenium/4.1.2 (java windows)
Content-Length: 50
Content-Type: application/json; charset=utf-8
host: localhost:62528
accept: */*

Response DefaultHttpResponse(decodeResult: success, version: HTTP/1.1)
HTTP/1.1 200 OK
Content-Type: application/json; charset=utf-8
cache-control: no-cache
content-length: 14

12:46:42.080 [AsyncHttpClient-1-8] DEBUG org.asynchttpclient.netty.channel.ChannelManager - Adding key: http://localhost:62528 for channel [id: 0xab2ff615, L:/127.0.0.1:52248 - R:localhost/127.0.0.1:62528]
12:46:42.081 [Forwarding sendKeysToElement on session 2d9a751f9896674b937eeea332e0c068 to remote] DEBUG org.asynchttpclient.netty.request.NettyRequestSender - Using pooled Channel '[id: 0xab2ff615, L:/127.0.0.1:52248 - R:localhost/127.0.0.1:62528]' for 'POST' to 'http://localhost:62528/session/2d9a751f9896674b937eeea332e0c068/element/5a2c757d-c576-411a-a61d-5b3664064273/value'
12:46:42.081 [Forwarding sendKeysToElement on session 2d9a751f9896674b937eeea332e0c068 to remote] DEBUG org.asynchttpclient.netty.request.NettyRequestSender - Using open Channel [id: 0xab2ff615, L:/127.0.0.1:52248 - R:localhost/127.0.0.1:62528] for POST '/session/2d9a751f9896674b937eeea332e0c068/element/5a2c757d-c576-411a-a61d-5b3664064273/value'
12:46:42.165 [AsyncHttpClient-1-8] DEBUG org.asynchttpclient.netty.handler.HttpHandler - 

Request DefaultHttpRequest(decodeResult: success, version: HTTP/1.1)
POST /session/2d9a751f9896674b937eeea332e0c068/element/5a2c757d-c576-411a-a61d-5b3664064273/value HTTP/1.1
User-Agent: selenium/4.1.2 (java windows)
Content-Length: 281
Content-Type: application/json; charset=utf-8
host: localhost:62528
accept: */*

Response DefaultHttpResponse(decodeResult: success, version: HTTP/1.1)
HTTP/1.1 200 OK
Content-Type: application/json; charset=utf-8
cache-control: no-cache
content-length: 14

12:46:42.165 [AsyncHttpClient-1-8] DEBUG org.asynchttpclient.netty.channel.ChannelManager - Adding key: http://localhost:62528 for channel [id: 0xab2ff615, L:/127.0.0.1:52248 - R:localhost/127.0.0.1:62528]
  &amp#27;[32mAnd &amp#27;[0m&amp#27;[32mI input new &amp#27;[0m&amp#27;[32m&amp#27;[1m"ronasarigl@gmail.com"&amp#27;[0m&amp#27;[32m email&amp#27;[0m &amp#27;[90m# starter.stepdefinition.Registerstep.iInputNewEmail(java.lang.String)&amp#27;[0m
12:46:42.170 [Forwarding screenshot on session 2d9a751f9896674b937eeea332e0c068 to remote] DEBUG org.asynchttpclient.netty.request.NettyRequestSender - Using pooled Channel '[id: 0xab2ff615, L:/127.0.0.1:52248 - R:localhost/127.0.0.1:62528]' for 'GET' to 'http://localhost:62528/session/2d9a751f9896674b937eeea332e0c068/screenshot'
12:46:42.170 [Forwarding screenshot on session 2d9a751f9896674b937eeea332e0c068 to remote] DEBUG org.asynchttpclient.netty.request.NettyRequestSender - Using open Channel [id: 0xab2ff615, L:/127.0.0.1:52248 - R:localhost/127.0.0.1:62528] for GET '/session/2d9a751f9896674b937eeea332e0c068/screenshot'
12:46:42.311 [AsyncHttpClient-1-8] DEBUG org.asynchttpclient.netty.handler.HttpHandler - 

Request DefaultFullHttpRequest(decodeResult: success, version: HTTP/1.1, content: EmptyByteBufBE)
GET /session/2d9a751f9896674b937eeea332e0c068/screenshot HTTP/1.1
User-Agent: selenium/4.1.2 (java windows)
Cache-Control: no-cache
Content-Type: application/json; charset=utf-8
host: localhost:62528
accept: */*

Response DefaultHttpResponse(decodeResult: success, version: HTTP/1.1)
HTTP/1.1 200 OK
Content-Type: application/json; charset=utf-8
cache-control: no-cache
content-length: 45924

12:46:42.311 [AsyncHttpClient-1-8] DEBUG org.asynchttpclient.netty.channel.ChannelManager - Adding key: http://localhost:62528 for channel [id: 0xab2ff615, L:/127.0.0.1:52248 - R:localhost/127.0.0.1:62528]
12:46:42.312 [main] DEBUG net.serenitybdd.core.photography.Darkroom - Send negative for processing for target\site\serenity\ef99f843eebbceac9200cf24543a20cf9e40b4c6c3df3f30b1cb110549048e30.png
12:46:42.312 [Darkroom Processing Line] DEBUG net.serenitybdd.core.photography.DarkroomProcessingLine - Processing screenshot image in /var/screenshots/screenshot-2445496314697819646
12:46:42.312 [Darkroom Processing Line] DEBUG net.serenitybdd.core.photography.DarkroomProcessingLine - Saving screenshot to target\site\serenity\ef99f843eebbceac9200cf24543a20cf9e40b4c6c3df3f30b1cb110549048e30.png
12:46:42.319 [Forwarding findElement on session 2d9a751f9896674b937eeea332e0c068 to remote] DEBUG org.asynchttpclient.netty.request.NettyRequestSender - Using pooled Channel '[id: 0xab2ff615, L:/127.0.0.1:52248 - R:localhost/127.0.0.1:62528]' for 'POST' to 'http://localhost:62528/session/2d9a751f9896674b937eeea332e0c068/element'
12:46:42.319 [Forwarding findElement on session 2d9a751f9896674b937eeea332e0c068 to remote] DEBUG org.asynchttpclient.netty.request.NettyRequestSender - Using open Channel [id: 0xab2ff615, L:/127.0.0.1:52248 - R:localhost/127.0.0.1:62528] for POST '/session/2d9a751f9896674b937eeea332e0c068/element'
12:46:42.331 [AsyncHttpClient-1-8] DEBUG org.asynchttpclient.netty.handler.HttpHandler - 

Request DefaultHttpRequest(decodeResult: success, version: HTTP/1.1)
POST /session/2d9a751f9896674b937eeea332e0c068/element HTTP/1.1
User-Agent: selenium/4.1.2 (java windows)
Content-Length: 91
Content-Type: application/json; charset=utf-8
host: localhost:62528
accept: */*

Response DefaultHttpResponse(decodeResult: success, version: HTTP/1.1)
HTTP/1.1 200 OK
Content-Type: application/json; charset=utf-8
cache-control: no-cache
content-length: 88

12:46:42.331 [AsyncHttpClient-1-8] DEBUG org.asynchttpclient.netty.channel.ChannelManager - Adding key: http://localhost:62528 for channel [id: 0xab2ff615, L:/127.0.0.1:52248 - R:localhost/127.0.0.1:62528]
12:46:42.332 [Forwarding clearElement on session 2d9a751f9896674b937eeea332e0c068 to remote] DEBUG org.asynchttpclient.netty.request.NettyRequestSender - Using pooled Channel '[id: 0xab2ff615, L:/127.0.0.1:52248 - R:localhost/127.0.0.1:62528]' for 'POST' to 'http://localhost:62528/session/2d9a751f9896674b937eeea332e0c068/element/25c52a1b-dab2-453c-a3a8-8581ecfc1b45/clear'
12:46:42.332 [Forwarding clearElement on session 2d9a751f9896674b937eeea332e0c068 to remote] DEBUG org.asynchttpclient.netty.request.NettyRequestSender - Using open Channel [id: 0xab2ff615, L:/127.0.0.1:52248 - R:localhost/127.0.0.1:62528] for POST '/session/2d9a751f9896674b937eeea332e0c068/element/25c52a1b-dab2-453c-a3a8-8581ecfc1b45/clear'
12:46:42.363 [AsyncHttpClient-1-8] DEBUG org.asynchttpclient.netty.handler.HttpHandler - 

Request DefaultHttpRequest(decodeResult: success, version: HTTP/1.1)
POST /session/2d9a751f9896674b937eeea332e0c068/element/25c52a1b-dab2-453c-a3a8-8581ecfc1b45/clear HTTP/1.1
User-Agent: selenium/4.1.2 (java windows)
Content-Length: 50
Content-Type: application/json; charset=utf-8
host: localhost:62528
accept: */*

Response DefaultHttpResponse(decodeResult: success, version: HTTP/1.1)
HTTP/1.1 200 OK
Content-Type: application/json; charset=utf-8
cache-control: no-cache
content-length: 14

12:46:42.363 [AsyncHttpClient-1-8] DEBUG org.asynchttpclient.netty.channel.ChannelManager - Adding key: http://localhost:62528 for channel [id: 0xab2ff615, L:/127.0.0.1:52248 - R:localhost/127.0.0.1:62528]
12:46:42.364 [Forwarding sendKeysToElement on session 2d9a751f9896674b937eeea332e0c068 to remote] DEBUG org.asynchttpclient.netty.request.NettyRequestSender - Using pooled Channel '[id: 0xab2ff615, L:/127.0.0.1:52248 - R:localhost/127.0.0.1:62528]' for 'POST' to 'http://localhost:62528/session/2d9a751f9896674b937eeea332e0c068/element/25c52a1b-dab2-453c-a3a8-8581ecfc1b45/value'
12:46:42.364 [Forwarding sendKeysToElement on session 2d9a751f9896674b937eeea332e0c068 to remote] DEBUG org.asynchttpclient.netty.request.NettyRequestSender - Using open Channel [id: 0xab2ff615, L:/127.0.0.1:52248 - R:localhost/127.0.0.1:62528] for POST '/session/2d9a751f9896674b937eeea332e0c068/element/25c52a1b-dab2-453c-a3a8-8581ecfc1b45/value'
12:46:42.420 [AsyncHttpClient-1-8] DEBUG org.asynchttpclient.netty.handler.HttpHandler - 

Request DefaultHttpRequest(decodeResult: success, version: HTTP/1.1)
POST /session/2d9a751f9896674b937eeea332e0c068/element/25c52a1b-dab2-453c-a3a8-8581ecfc1b45/value HTTP/1.1
User-Agent: selenium/4.1.2 (java windows)
Content-Length: 151
Content-Type: application/json; charset=utf-8
host: localhost:62528
accept: */*

Response DefaultHttpResponse(decodeResult: success, version: HTTP/1.1)
HTTP/1.1 200 OK
Content-Type: application/json; charset=utf-8
cache-control: no-cache
content-length: 14

12:46:42.420 [AsyncHttpClient-1-8] DEBUG org.asynchttpclient.netty.channel.ChannelManager - Adding key: http://localhost:62528 for channel [id: 0xab2ff615, L:/127.0.0.1:52248 - R:localhost/127.0.0.1:62528]
  &amp#27;[32mAnd &amp#27;[0m&amp#27;[32mI input new &amp#27;[0m&amp#27;[32m&amp#27;[1m"novtami"&amp#27;[0m&amp#27;[32m password&amp#27;[0m           &amp#27;[90m# starter.stepdefinition.Registerstep.iInputNewPassword(java.lang.String)&amp#27;[0m
12:46:42.423 [Forwarding screenshot on session 2d9a751f9896674b937eeea332e0c068 to remote] DEBUG org.asynchttpclient.netty.request.NettyRequestSender - Using pooled Channel '[id: 0xab2ff615, L:/127.0.0.1:52248 - R:localhost/127.0.0.1:62528]' for 'GET' to 'http://localhost:62528/session/2d9a751f9896674b937eeea332e0c068/screenshot'
12:46:42.423 [Forwarding screenshot on session 2d9a751f9896674b937eeea332e0c068 to remote] DEBUG org.asynchttpclient.netty.request.NettyRequestSender - Using open Channel [id: 0xab2ff615, L:/127.0.0.1:52248 - R:localhost/127.0.0.1:62528] for GET '/session/2d9a751f9896674b937eeea332e0c068/screenshot'
12:46:42.555 [AsyncHttpClient-1-8] DEBUG org.asynchttpclient.netty.handler.HttpHandler - 

Request DefaultFullHttpRequest(decodeResult: success, version: HTTP/1.1, content: EmptyByteBufBE)
GET /session/2d9a751f9896674b937eeea332e0c068/screenshot HTTP/1.1
User-Agent: selenium/4.1.2 (java windows)
Cache-Control: no-cache
Content-Type: application/json; charset=utf-8
host: localhost:62528
accept: */*

Response DefaultHttpResponse(decodeResult: success, version: HTTP/1.1)
HTTP/1.1 200 OK
Content-Type: application/json; charset=utf-8
cache-control: no-cache
content-length: 47440

12:46:42.555 [AsyncHttpClient-1-8] DEBUG org.asynchttpclient.netty.channel.ChannelManager - Adding key: http://localhost:62528 for channel [id: 0xab2ff615, L:/127.0.0.1:52248 - R:localhost/127.0.0.1:62528]
12:46:42.556 [main] DEBUG net.serenitybdd.core.photography.Darkroom - Send negative for processing for target\site\serenity\ea6d035f74a9a7f160a722549e06de6d0fae44df0023f1fdfb9b18ca2fd906f2.png
12:46:42.557 [Darkroom Processing Line] DEBUG net.serenitybdd.core.photography.DarkroomProcessingLine - Processing screenshot image in /var/screenshots/screenshot-10796031099630925050
12:46:42.557 [Darkroom Processing Line] DEBUG net.serenitybdd.core.photography.DarkroomProcessingLine - Saving screenshot to target\site\serenity\ea6d035f74a9a7f160a722549e06de6d0fae44df0023f1fdfb9b18ca2fd906f2.png
12:46:42.563 [Forwarding findElement on session 2d9a751f9896674b937eeea332e0c068 to remote] DEBUG org.asynchttpclient.netty.request.NettyRequestSender - Using pooled Channel '[id: 0xab2ff615, L:/127.0.0.1:52248 - R:localhost/127.0.0.1:62528]' for 'POST' to 'http://localhost:62528/session/2d9a751f9896674b937eeea332e0c068/element'
12:46:42.563 [Forwarding findElement on session 2d9a751f9896674b937eeea332e0c068 to remote] DEBUG org.asynchttpclient.netty.request.NettyRequestSender - Using open Channel [id: 0xab2ff615, L:/127.0.0.1:52248 - R:localhost/127.0.0.1:62528] for POST '/session/2d9a751f9896674b937eeea332e0c068/element'
12:46:42.572 [AsyncHttpClient-1-8] DEBUG org.asynchttpclient.netty.handler.HttpHandler - 

Request DefaultHttpRequest(decodeResult: success, version: HTTP/1.1)
POST /session/2d9a751f9896674b937eeea332e0c068/element HTTP/1.1
User-Agent: selenium/4.1.2 (java windows)
Content-Length: 123
Content-Type: application/json; charset=utf-8
host: localhost:62528
accept: */*

Response DefaultHttpResponse(decodeResult: success, version: HTTP/1.1)
HTTP/1.1 200 OK
Content-Type: application/json; charset=utf-8
cache-control: no-cache
content-length: 88

12:46:42.572 [AsyncHttpClient-1-8] DEBUG org.asynchttpclient.netty.channel.ChannelManager - Adding key: http://localhost:62528 for channel [id: 0xab2ff615, L:/127.0.0.1:52248 - R:localhost/127.0.0.1:62528]
12:46:42.572 [Forwarding getElementTagName on session 2d9a751f9896674b937eeea332e0c068 to remote] DEBUG org.asynchttpclient.netty.request.NettyRequestSender - Using pooled Channel '[id: 0xab2ff615, L:/127.0.0.1:52248 - R:localhost/127.0.0.1:62528]' for 'GET' to 'http://localhost:62528/session/2d9a751f9896674b937eeea332e0c068/element/03bcca08-84de-42e6-85b5-730f86c9e7c3/name'
12:46:42.572 [Forwarding getElementTagName on session 2d9a751f9896674b937eeea332e0c068 to remote] DEBUG org.asynchttpclient.netty.request.NettyRequestSender - Using open Channel [id: 0xab2ff615, L:/127.0.0.1:52248 - R:localhost/127.0.0.1:62528] for GET '/session/2d9a751f9896674b937eeea332e0c068/element/03bcca08-84de-42e6-85b5-730f86c9e7c3/name'
12:46:42.576 [AsyncHttpClient-1-8] DEBUG org.asynchttpclient.netty.handler.HttpHandler - 

Request DefaultFullHttpRequest(decodeResult: success, version: HTTP/1.1, content: EmptyByteBufBE)
GET /session/2d9a751f9896674b937eeea332e0c068/element/03bcca08-84de-42e6-85b5-730f86c9e7c3/name HTTP/1.1
User-Agent: selenium/4.1.2 (java windows)
Cache-Control: no-cache
Content-Type: application/json; charset=utf-8
host: localhost:62528
accept: */*

Response DefaultHttpResponse(decodeResult: success, version: HTTP/1.1)
HTTP/1.1 200 OK
Content-Type: application/json; charset=utf-8
cache-control: no-cache
content-length: 16

12:46:42.576 [AsyncHttpClient-1-8] DEBUG org.asynchttpclient.netty.channel.ChannelManager - Adding key: http://localhost:62528 for channel [id: 0xab2ff615, L:/127.0.0.1:52248 - R:localhost/127.0.0.1:62528]
12:46:42.577 [Forwarding getElementTagName on session 2d9a751f9896674b937eeea332e0c068 to remote] DEBUG org.asynchttpclient.netty.request.NettyRequestSender - Using pooled Channel '[id: 0xab2ff615, L:/127.0.0.1:52248 - R:localhost/127.0.0.1:62528]' for 'GET' to 'http://localhost:62528/session/2d9a751f9896674b937eeea332e0c068/element/03bcca08-84de-42e6-85b5-730f86c9e7c3/name'
12:46:42.577 [Forwarding getElementTagName on session 2d9a751f9896674b937eeea332e0c068 to remote] DEBUG org.asynchttpclient.netty.request.NettyRequestSender - Using open Channel [id: 0xab2ff615, L:/127.0.0.1:52248 - R:localhost/127.0.0.1:62528] for GET '/session/2d9a751f9896674b937eeea332e0c068/element/03bcca08-84de-42e6-85b5-730f86c9e7c3/name'
12:46:42.583 [AsyncHttpClient-1-8] DEBUG org.asynchttpclient.netty.handler.HttpHandler - 

Request DefaultFullHttpRequest(decodeResult: success, version: HTTP/1.1, content: EmptyByteBufBE)
GET /session/2d9a751f9896674b937eeea332e0c068/element/03bcca08-84de-42e6-85b5-730f86c9e7c3/name HTTP/1.1
User-Agent: selenium/4.1.2 (java windows)
Cache-Control: no-cache
Content-Type: application/json; charset=utf-8
host: localhost:62528
accept: */*

Response DefaultHttpResponse(decodeResult: success, version: HTTP/1.1)
HTTP/1.1 200 OK
Content-Type: application/json; charset=utf-8
cache-control: no-cache
content-length: 16

12:46:42.583 [AsyncHttpClient-1-8] DEBUG org.asynchttpclient.netty.channel.ChannelManager - Adding key: http://localhost:62528 for channel [id: 0xab2ff615, L:/127.0.0.1:52248 - R:localhost/127.0.0.1:62528]
12:46:42.584 [Forwarding findElement on session 2d9a751f9896674b937eeea332e0c068 to remote] DEBUG org.asynchttpclient.netty.request.NettyRequestSender - Using pooled Channel '[id: 0xab2ff615, L:/127.0.0.1:52248 - R:localhost/127.0.0.1:62528]' for 'POST' to 'http://localhost:62528/session/2d9a751f9896674b937eeea332e0c068/element'
12:46:42.584 [Forwarding findElement on session 2d9a751f9896674b937eeea332e0c068 to remote] DEBUG org.asynchttpclient.netty.request.NettyRequestSender - Using open Channel [id: 0xab2ff615, L:/127.0.0.1:52248 - R:localhost/127.0.0.1:62528] for POST '/session/2d9a751f9896674b937eeea332e0c068/element'
12:46:42.590 [AsyncHttpClient-1-8] DEBUG org.asynchttpclient.netty.handler.HttpHandler - 

Request DefaultHttpRequest(decodeResult: success, version: HTTP/1.1)
POST /session/2d9a751f9896674b937eeea332e0c068/element HTTP/1.1
User-Agent: selenium/4.1.2 (java windows)
Content-Length: 123
Content-Type: application/json; charset=utf-8
host: localhost:62528
accept: */*

Response DefaultHttpResponse(decodeResult: success, version: HTTP/1.1)
HTTP/1.1 200 OK
Content-Type: application/json; charset=utf-8
cache-control: no-cache
content-length: 88

12:46:42.590 [AsyncHttpClient-1-8] DEBUG org.asynchttpclient.netty.channel.ChannelManager - Adding key: http://localhost:62528 for channel [id: 0xab2ff615, L:/127.0.0.1:52248 - R:localhost/127.0.0.1:62528]
12:46:42.590 [Forwarding clickElement on session 2d9a751f9896674b937eeea332e0c068 to remote] DEBUG org.asynchttpclient.netty.request.NettyRequestSender - Using pooled Channel '[id: 0xab2ff615, L:/127.0.0.1:52248 - R:localhost/127.0.0.1:62528]' for 'POST' to 'http://localhost:62528/session/2d9a751f9896674b937eeea332e0c068/element/03bcca08-84de-42e6-85b5-730f86c9e7c3/click'
12:46:42.590 [Forwarding clickElement on session 2d9a751f9896674b937eeea332e0c068 to remote] DEBUG org.asynchttpclient.netty.request.NettyRequestSender - Using open Channel [id: 0xab2ff615, L:/127.0.0.1:52248 - R:localhost/127.0.0.1:62528] for POST '/session/2d9a751f9896674b937eeea332e0c068/element/03bcca08-84de-42e6-85b5-730f86c9e7c3/click'
12:46:42.623 [AsyncHttpClient-1-8] DEBUG org.asynchttpclient.netty.handler.HttpHandler - 

Request DefaultHttpRequest(decodeResult: success, version: HTTP/1.1)
POST /session/2d9a751f9896674b937eeea332e0c068/element/03bcca08-84de-42e6-85b5-730f86c9e7c3/click HTTP/1.1
User-Agent: selenium/4.1.2 (java windows)
Content-Length: 50
Content-Type: application/json; charset=utf-8
host: localhost:62528
accept: */*

Response DefaultHttpResponse(decodeResult: success, version: HTTP/1.1)
HTTP/1.1 200 OK
Content-Type: application/json; charset=utf-8
cache-control: no-cache
content-length: 14

12:46:42.623 [AsyncHttpClient-1-8] DEBUG org.asynchttpclient.netty.channel.ChannelManager - Adding key: http://localhost:62528 for channel [id: 0xab2ff615, L:/127.0.0.1:52248 - R:localhost/127.0.0.1:62528]
  &amp#27;[32mAnd &amp#27;[0m&amp#27;[32mI click register  button&amp#27;[0m                 &amp#27;[90m# starter.stepdefinition.Registerstep.iClickRegisterButton()&amp#27;[0m
12:46:42.626 [Forwarding screenshot on session 2d9a751f9896674b937eeea332e0c068 to remote] DEBUG org.asynchttpclient.netty.request.NettyRequestSender - Using pooled Channel '[id: 0xab2ff615, L:/127.0.0.1:52248 - R:localhost/127.0.0.1:62528]' for 'GET' to 'http://localhost:62528/session/2d9a751f9896674b937eeea332e0c068/screenshot'
12:46:42.626 [Forwarding screenshot on session 2d9a751f9896674b937eeea332e0c068 to remote] DEBUG org.asynchttpclient.netty.request.NettyRequestSender - Using open Channel [id: 0xab2ff615, L:/127.0.0.1:52248 - R:localhost/127.0.0.1:62528] for GET '/session/2d9a751f9896674b937eeea332e0c068/screenshot'
12:46:42.758 [AsyncHttpClient-1-8] DEBUG org.asynchttpclient.netty.handler.HttpHandler - 

Request DefaultFullHttpRequest(decodeResult: success, version: HTTP/1.1, content: EmptyByteBufBE)
GET /session/2d9a751f9896674b937eeea332e0c068/screenshot HTTP/1.1
User-Agent: selenium/4.1.2 (java windows)
Cache-Control: no-cache
Content-Type: application/json; charset=utf-8
host: localhost:62528
accept: */*

Response DefaultHttpResponse(decodeResult: success, version: HTTP/1.1)
HTTP/1.1 200 OK
Content-Type: application/json; charset=utf-8
cache-control: no-cache
content-length: 46896

12:46:42.758 [AsyncHttpClient-1-8] DEBUG org.asynchttpclient.netty.channel.ChannelManager - Adding key: http://localhost:62528 for channel [id: 0xab2ff615, L:/127.0.0.1:52248 - R:localhost/127.0.0.1:62528]
12:46:42.759 [main] DEBUG net.serenitybdd.core.photography.Darkroom - Send negative for processing for target\site\serenity\db4862390fcd38ee8e3089805b45f09e93db1069bac72471bd4e5185fd7482fb.png
12:46:42.760 [Darkroom Processing Line] DEBUG net.serenitybdd.core.photography.DarkroomProcessingLine - Processing screenshot image in /var/screenshots/screenshot-17384734745494393833
12:46:42.760 [Darkroom Processing Line] DEBUG net.serenitybdd.core.photography.DarkroomProcessingLine - Saving screenshot to target\site\serenity\db4862390fcd38ee8e3089805b45f09e93db1069bac72471bd4e5185fd7482fb.png
  &amp#27;[32mThen &amp#27;[0m&amp#27;[32mI will get &amp#27;[0m&amp#27;[32m&amp#27;[1m"successfull registration"&amp#27;[0m   &amp#27;[90m# starter.stepdefinition.Registerstep.iWillGet(java.lang.String)&amp#27;[0m
12:46:42.769 [AsyncHttpClient-1-10] DEBUG org.asynchttpclient.netty.handler.WebSocketHandler - Channel Closed: [id: 0x6801b94f, L:/127.0.0.1:52276 ! R:localhost/127.0.0.1:52269] with attribute NettyResponseFuture{currentRetry=5,
	isDone=1,
	isCancelled=0,
	asyncHandler=org.asynchttpclient.ws.WebSocketUpgradeHandler@cb5192f,
	nettyRequest=org.asynchttpclient.netty.request.NettyRequest@1b99c237,
	future=java.util.concurrent.CompletableFuture@67f1231b[Completed normally],
	uri=ws://localhost:52269/devtools/browser/cbc90e8c-8ff0-419f-921a-ee1deca58c2d,
	keepAlive=true,
	redirectCount=0,
	timeoutsHolder=null,
	inAuth=0,
	touch=1667972799416}
12:46:42.769 [AsyncHttpClient-1-10] DEBUG org.asynchttpclient.netty.channel.ChannelManager - Closing Channel [id: 0x6801b94f, L:/127.0.0.1:52276 ! R:localhost/127.0.0.1:52269] 
12:46:42.769 [Driver Command Executor] DEBUG org.asynchttpclient.netty.request.NettyRequestSender - Using pooled Channel '[id: 0xab2ff615, L:/127.0.0.1:52248 - R:localhost/127.0.0.1:62528]' for 'DELETE' to 'http://localhost:62528/session/2d9a751f9896674b937eeea332e0c068'
12:46:42.769 [Driver Command Executor] DEBUG org.asynchttpclient.netty.request.NettyRequestSender - Using open Channel [id: 0xab2ff615, L:/127.0.0.1:52248 - R:localhost/127.0.0.1:62528] for DELETE '/session/2d9a751f9896674b937eeea332e0c068'
12:46:42.799 [AsyncHttpClient-1-9] DEBUG org.asynchttpclient.netty.handler.HttpHandler - Unexpected I/O exception on channel [id: 0x9a257822, L:/127.0.0.1:52275 - R:localhost/127.0.0.1:52269]
java.io.IOException: An existing connection was forcibly closed by the remote host
	at java.base/sun.nio.ch.SocketDispatcher.read0(Native Method)
	at java.base/sun.nio.ch.SocketDispatcher.read(SocketDispatcher.java:43)
	at java.base/sun.nio.ch.IOUtil.readIntoNativeBuffer(IOUtil.java:276)
	at java.base/sun.nio.ch.IOUtil.read(IOUtil.java:233)
	at java.base/sun.nio.ch.IOUtil.read(IOUtil.java:223)
	at java.base/sun.nio.ch.SocketChannelImpl.read(SocketChannelImpl.java:358)
	at io.netty.buffer.PooledByteBuf.setBytes(PooledByteBuf.java:258)
	at io.netty.buffer.AbstractByteBuf.writeBytes(AbstractByteBuf.java:1132)
	at io.netty.channel.socket.nio.NioSocketChannel.doReadBytes(NioSocketChannel.java:350)
	at io.netty.channel.nio.AbstractNioByteChannel$NioByteUnsafe.read(AbstractNioByteChannel.java:151)
	at io.netty.channel.nio.NioEventLoop.processSelectedKey(NioEventLoop.java:722)
	at io.netty.channel.nio.NioEventLoop.processSelectedKeysOptimized(NioEventLoop.java:658)
	at io.netty.channel.nio.NioEventLoop.processSelectedKeys(NioEventLoop.java:584)
	at io.netty.channel.nio.NioEventLoop.run(NioEventLoop.java:496)
	at io.netty.util.concurrent.SingleThreadEventExecutor$4.run(SingleThreadEventExecutor.java:986)
	at io.netty.util.internal.ThreadExecutorMap$2.run(ThreadExecutorMap.java:74)
	at io.netty.util.concurrent.FastThreadLocalRunnable.run(FastThreadLocalRunnable.java:30)
	at java.base/java.lang.Thread.run(Thread.java:834)
12:46:42.799 [AsyncHttpClient-1-9] DEBUG org.asynchttpclient.netty.channel.ChannelManager - Closing Channel [id: 0x9a257822, L:/127.0.0.1:52275 - R:localhost/127.0.0.1:52269] 
12:46:42.800 [AsyncHttpClient-1-9] DEBUG org.asynchttpclient.netty.handler.HttpHandler - Channel Closed: [id: 0x9a257822, L:/127.0.0.1:52275 ! R:localhost/127.0.0.1:52269] with attribute DISCARD
12:46:42.813 [AsyncHttpClient-1-8] DEBUG org.asynchttpclient.netty.handler.HttpHandler - 

Request DefaultFullHttpRequest(decodeResult: success, version: HTTP/1.1, content: EmptyByteBufBE)
DELETE /session/2d9a751f9896674b937eeea332e0c068 HTTP/1.1
User-Agent: selenium/4.1.2 (java windows)
Content-Type: application/json; charset=utf-8
host: localhost:62528
accept: */*

Response DefaultHttpResponse(decodeResult: success, version: HTTP/1.1)
HTTP/1.1 200 OK
Content-Type: application/json; charset=utf-8
cache-control: no-cache
content-length: 14

12:46:42.814 [AsyncHttpClient-1-8] DEBUG org.asynchttpclient.netty.channel.ChannelManager - Adding key: http://localhost:62528 for channel [id: 0xab2ff615, L:/127.0.0.1:52248 - R:localhost/127.0.0.1:62528]
12:46:42.892 [AsyncHttpClient-1-8] DEBUG org.asynchttpclient.netty.handler.HttpHandler - Channel Closed: [id: 0xab2ff615, L:/127.0.0.1:52248 ! R:localhost/127.0.0.1:62528] with attribute DISCARD
12:46:42.952 [AsyncHttpClient-1-1] DEBUG org.asynchttpclient.netty.channel.DefaultChannelPool - Entry count for : http://localhost:52269 : 1
12:46:42.952 [AsyncHttpClient-1-1] DEBUG org.asynchttpclient.netty.channel.DefaultChannelPool - Entry count for : http://localhost:62528 : 1
12:46:42.952 [AsyncHttpClient-1-1] DEBUG org.asynchttpclient.netty.channel.DefaultChannelPool - Adding Candidate expired Channel [id: 0x9a257822, L:/127.0.0.1:52275 ! R:localhost/127.0.0.1:52269] isIdleTimeoutExpired=false isRemotelyClosed=true isTtlExpired=false
12:46:42.952 [AsyncHttpClient-1-1] DEBUG org.asynchttpclient.netty.channel.DefaultChannelPool - Closing Idle Channel [id: 0x9a257822, L:/127.0.0.1:52275 ! R:localhost/127.0.0.1:52269]
12:46:42.952 [AsyncHttpClient-1-1] DEBUG org.asynchttpclient.netty.channel.DefaultChannelPool - Adding Candidate expired Channel [id: 0xab2ff615, L:/127.0.0.1:52248 ! R:localhost/127.0.0.1:62528] isIdleTimeoutExpired=false isRemotelyClosed=true isTtlExpired=false
12:46:42.952 [AsyncHttpClient-1-1] DEBUG org.asynchttpclient.netty.channel.DefaultChannelPool - Closing Idle Channel [id: 0xab2ff615, L:/127.0.0.1:52248 ! R:localhost/127.0.0.1:62528]
12:46:42.952 [AsyncHttpClient-1-1] DEBUG org.asynchttpclient.netty.channel.DefaultChannelPool - Closed 2 connections out of 2 in 0 ms
]]></system-out>
    <system-err><![CDATA[Starting ChromeDriver 107.0.5304.62 (1eec40d3a5764881c92085aaee66d25075c159aa-refs/branch-heads/5304@{#942}) on port 62528
Only local connections are allowed.
Please see https://chromedriver.chromium.org/security-considerations for suggestions on keeping ChromeDriver safe.
ChromeDriver was started successfully.
Nov 09, 2022 12:46:39 PM org.openqa.selenium.remote.ProtocolHandshake createSession
INFO: Detected dialect: W3C
Nov 09, 2022 12:46:39 PM org.openqa.selenium.devtools.CdpVersionFinder findNearestMatch
WARNING: Unable to find an exact match for CDP version 107, so returning the closest version found: a no-op implementation
Nov 09, 2022 12:46:39 PM org.openqa.selenium.devtools.CdpVersionFinder findNearestMatch
INFO: Unable to find CDP implementation matching 107.
Nov 09, 2022 12:46:39 PM org.openqa.selenium.chromium.ChromiumDriver lambda$new$3
WARNING: Unable to find version of CDP to use for . You may need to include a dependency on a specific version of the CDP using something similar to `org.seleniumhq.selenium:selenium-devtools-v86:4.1.2` where the version ("v86") matches the version of the chromium-based browser you're using and the version number of the artifact is the same as Selenium's.
]]></system-err>
  </testcase>
  <testcase name="Search product" classname="Search" time="16.082">
    <system-out><![CDATA[12:46:42.953 [main] INFO io.cucumber.core.plugin.SerenityReporter - Running feature from file:///C:/Users/ASUS/Web/src/test/resources/features/search.feature
12:46:42.958 [main] DEBUG net.thucydides.core.steps.StepEventBus - Test suite started for story net.thucydides.core.model.Story@62191808
12:46:42.959 [main] INFO  - Test Suite Started: Search

@search
Scenario: Search product                   &amp#27;[90m# src/test/resources/features/search.feature:7&amp#27;[0m
12:46:42.963 [main] INFO io.cucumber.core.plugin.SerenityReporter - Running feature from file:///C:/Users/ASUS/Web/src/test/resources/features/search.feature
12:46:42.964 [main] INFO  - 
  _____   ___   ___   _____     ___   _____     _     ___   _____   ___   ___  
 |_   _| | __| / __| |_   _|   / __| |_   _|   /_\   | _ \ |_   _| | __| |   \ 
   | |   | _|  \__ \   | |     \__ \   | |    / _ \  |   /   | |   | _|  | |) |
   |_|   |___| |___/   |_|     |___/   |_|   /_/ \_\ |_|_\   |_|   |___| |___/ 

Search product(search;search-product)
--------------------------------------------------------------------------------
12:46:43.052 [main] INFO net.serenitybdd.core.webdriver.driverproviders.ChromeDriverProvider - Using automatically driver download
12:46:43.132 [main] DEBUG io.github.bonigarcia.wdm.cache.ResolutionCache - Resolution chrome=107 in cache (valid until 13:44:11 09/11/2022 ICT)
12:46:43.136 [main] DEBUG io.github.bonigarcia.wdm.cache.ResolutionCache - Resolution chrome107=107.0.5304.62 in cache (valid until 12:48:49 09/11/2022 ICT)
12:46:43.138 [main] INFO io.github.bonigarcia.wdm.WebDriverManager - Using chromedriver 107.0.5304.62 (resolved driver for Chrome 107)
12:46:43.146 [main] DEBUG io.github.bonigarcia.wdm.WebDriverManager - Driver chromedriver 107.0.5304.62 found in cache
12:46:43.146 [main] INFO io.github.bonigarcia.wdm.WebDriverManager - Exporting webdriver.chrome.driver as C:\Users\ASUS\.cache\selenium\chromedriver\win32\107.0.5304.62\chromedriver.exe
12:46:43.237 [main] DEBUG net.serenitybdd.core.webdriver.driverproviders.ProvideNewDriver - Instantiating driver
12:46:43.237 [main] DEBUG net.serenitybdd.core.webdriver.driverproviders.ProvideNewDriver - Driver capabilities: Capabilities {acceptInsecureCerts: false, base.url: https://alta-shop.vercel.app/, browserName: chrome, chrome.driver: src/test/resources/webdrive..., driver: chrome, goog:chromeOptions: {args: [], extensions: []}}
12:46:43.333 [AsyncHttpClient-1-11] DEBUG org.asynchttpclient.netty.channel.NettyConnectListener - Using new Channel '[id: 0xdebdc10d, L:/127.0.0.1:52292 - R:localhost/127.0.0.1:60057]' for 'POST' to '/session'
12:46:46.779 [AsyncHttpClient-1-11] DEBUG org.asynchttpclient.netty.handler.HttpHandler - 

Request DefaultHttpRequest(decodeResult: success, version: HTTP/1.1)
POST /session HTTP/1.1
User-Agent: selenium/4.1.2 (java windows)
Content-Length: 615
Content-Type: application/json; charset=utf-8
host: localhost:60057
accept: */*

Response DefaultHttpResponse(decodeResult: success, version: HTTP/1.1)
HTTP/1.1 200 OK
Content-Type: application/json; charset=utf-8
cache-control: no-cache
content-length: 788

12:46:46.779 [AsyncHttpClient-1-11] DEBUG org.asynchttpclient.netty.channel.ChannelManager - Adding key: http://localhost:60057 for channel [id: 0xdebdc10d, L:/127.0.0.1:52292 - R:localhost/127.0.0.1:60057]
12:46:46.783 [AsyncHttpClient-1-12] DEBUG org.asynchttpclient.netty.channel.NettyConnectListener - Using new Channel '[id: 0x58f1e454, L:/127.0.0.1:52298 - R:localhost/127.0.0.1:52293]' for 'GET' to '/json/version'
12:46:46.784 [AsyncHttpClient-1-12] DEBUG org.asynchttpclient.netty.handler.HttpHandler - 

Request DefaultFullHttpRequest(decodeResult: success, version: HTTP/1.1, content: EmptyByteBufBE)
GET /json/version HTTP/1.1
User-Agent: selenium/4.1.2 (java windows)
host: localhost:52293
accept: */*

Response DefaultHttpResponse(decodeResult: success, version: HTTP/1.1)
HTTP/1.1 200 OK
Content-Type: application/json; charset=UTF-8
content-length: 423

12:46:46.784 [AsyncHttpClient-1-12] DEBUG org.asynchttpclient.netty.channel.ChannelManager - Adding key: http://localhost:52293 for channel [id: 0x58f1e454, L:/127.0.0.1:52298 - R:localhost/127.0.0.1:52293]
12:46:46.785 [AsyncHttpClient-1-13] DEBUG org.asynchttpclient.netty.channel.NettyConnectListener - Using new Channel '[id: 0x29bac247, L:/127.0.0.1:52299 - R:localhost/127.0.0.1:52293]' for 'GET' to '/devtools/browser/c481dade-f6fe-4230-970a-305e43b56aab'
12:46:46.786 [AsyncHttpClient-1-13] DEBUG org.asynchttpclient.netty.handler.WebSocketHandler - 

Request DefaultFullHttpRequest(decodeResult: success, version: HTTP/1.1, content: EmptyByteBufBE)
GET /devtools/browser/c481dade-f6fe-4230-970a-305e43b56aab HTTP/1.1
upgrade: websocket
connection: upgrade
sec-websocket-key: 4ggEq83GVPPGC2SeDIfBRg==
sec-websocket-version: 13
origin: http://localhost:52293
host: localhost:52293
accept: */*
user-agent: AHC/2.1

Response DefaultHttpResponse(decodeResult: success, version: HTTP/1.1)
HTTP/1.1 101 WebSocket Protocol Handshake
Upgrade: WebSocket
Connection: Upgrade
Sec-WebSocket-Accept: iR7ky2exWg6qqDIYlQ+rQZhgHQ4=

12:46:46.790 [Forwarding get on session 139e1c64845df159a0873fbea65f44f2 to remote] DEBUG org.asynchttpclient.netty.request.NettyRequestSender - Using pooled Channel '[id: 0xdebdc10d, L:/127.0.0.1:52292 - R:localhost/127.0.0.1:60057]' for 'POST' to 'http://localhost:60057/session/139e1c64845df159a0873fbea65f44f2/url'
12:46:46.790 [Forwarding get on session 139e1c64845df159a0873fbea65f44f2 to remote] DEBUG org.asynchttpclient.netty.request.NettyRequestSender - Using open Channel [id: 0xdebdc10d, L:/127.0.0.1:52292 - R:localhost/127.0.0.1:60057] for POST '/session/139e1c64845df159a0873fbea65f44f2/url'
12:46:47.344 [AsyncHttpClient-1-1] DEBUG org.asynchttpclient.netty.channel.DefaultChannelPool - Entry count for : http://localhost:52293 : 1
12:46:48.448 [AsyncHttpClient-1-1] DEBUG org.asynchttpclient.netty.channel.DefaultChannelPool - Entry count for : http://localhost:52293 : 1
12:46:49.545 [AsyncHttpClient-1-1] DEBUG org.asynchttpclient.netty.channel.DefaultChannelPool - Entry count for : http://localhost:52293 : 1
12:46:50.644 [AsyncHttpClient-1-1] DEBUG org.asynchttpclient.netty.channel.DefaultChannelPool - Entry count for : http://localhost:52293 : 1
12:46:51.745 [AsyncHttpClient-1-1] DEBUG org.asynchttpclient.netty.channel.DefaultChannelPool - Entry count for : http://localhost:52293 : 1
12:46:52.848 [AsyncHttpClient-1-1] DEBUG org.asynchttpclient.netty.channel.DefaultChannelPool - Entry count for : http://localhost:52293 : 1
12:46:53.100 [AsyncHttpClient-1-11] DEBUG org.asynchttpclient.netty.handler.HttpHandler - 

Request DefaultHttpRequest(decodeResult: success, version: HTTP/1.1)
POST /session/139e1c64845df159a0873fbea65f44f2/url HTTP/1.1
User-Agent: selenium/4.1.2 (java windows)
Content-Length: 59
Content-Type: application/json; charset=utf-8
host: localhost:60057
accept: */*

Response DefaultHttpResponse(decodeResult: success, version: HTTP/1.1)
HTTP/1.1 200 OK
Content-Type: application/json; charset=utf-8
cache-control: no-cache
content-length: 14

12:46:53.100 [AsyncHttpClient-1-11] DEBUG org.asynchttpclient.netty.channel.ChannelManager - Adding key: http://localhost:60057 for channel [id: 0xdebdc10d, L:/127.0.0.1:52292 - R:localhost/127.0.0.1:60057]
12:46:53.101 [Forwarding setTimeout on session 139e1c64845df159a0873fbea65f44f2 to remote] DEBUG org.asynchttpclient.netty.request.NettyRequestSender - Using pooled Channel '[id: 0xdebdc10d, L:/127.0.0.1:52292 - R:localhost/127.0.0.1:60057]' for 'POST' to 'http://localhost:60057/session/139e1c64845df159a0873fbea65f44f2/timeouts'
12:46:53.101 [Forwarding setTimeout on session 139e1c64845df159a0873fbea65f44f2 to remote] DEBUG org.asynchttpclient.netty.request.NettyRequestSender - Using open Channel [id: 0xdebdc10d, L:/127.0.0.1:52292 - R:localhost/127.0.0.1:60057] for POST '/session/139e1c64845df159a0873fbea65f44f2/timeouts'
12:46:53.101 [AsyncHttpClient-1-11] DEBUG org.asynchttpclient.netty.handler.HttpHandler - 

Request DefaultHttpRequest(decodeResult: success, version: HTTP/1.1)
POST /session/139e1c64845df159a0873fbea65f44f2/timeouts HTTP/1.1
User-Agent: selenium/4.1.2 (java windows)
Content-Length: 22
Content-Type: application/json; charset=utf-8
host: localhost:60057
accept: */*

Response DefaultHttpResponse(decodeResult: success, version: HTTP/1.1)
HTTP/1.1 200 OK
Content-Type: application/json; charset=utf-8
cache-control: no-cache
content-length: 14

12:46:53.101 [AsyncHttpClient-1-11] DEBUG org.asynchttpclient.netty.channel.ChannelManager - Adding key: http://localhost:60057 for channel [id: 0xdebdc10d, L:/127.0.0.1:52292 - R:localhost/127.0.0.1:60057]
12:46:53.103 [Forwarding getCurrentUrl on session 139e1c64845df159a0873fbea65f44f2 to remote] DEBUG org.asynchttpclient.netty.request.NettyRequestSender - Using pooled Channel '[id: 0xdebdc10d, L:/127.0.0.1:52292 - R:localhost/127.0.0.1:60057]' for 'GET' to 'http://localhost:60057/session/139e1c64845df159a0873fbea65f44f2/url'
12:46:53.103 [Forwarding getCurrentUrl on session 139e1c64845df159a0873fbea65f44f2 to remote] DEBUG org.asynchttpclient.netty.request.NettyRequestSender - Using open Channel [id: 0xdebdc10d, L:/127.0.0.1:52292 - R:localhost/127.0.0.1:60057] for GET '/session/139e1c64845df159a0873fbea65f44f2/url'
12:46:53.107 [AsyncHttpClient-1-11] DEBUG org.asynchttpclient.netty.handler.HttpHandler - 

Request DefaultFullHttpRequest(decodeResult: success, version: HTTP/1.1, content: EmptyByteBufBE)
GET /session/139e1c64845df159a0873fbea65f44f2/url HTTP/1.1
User-Agent: selenium/4.1.2 (java windows)
Cache-Control: no-cache
Content-Type: application/json; charset=utf-8
host: localhost:60057
accept: */*

Response DefaultHttpResponse(decodeResult: success, version: HTTP/1.1)
HTTP/1.1 200 OK
Content-Type: application/json; charset=utf-8
cache-control: no-cache
content-length: 41

12:46:53.107 [AsyncHttpClient-1-11] DEBUG org.asynchttpclient.netty.channel.ChannelManager - Adding key: http://localhost:60057 for channel [id: 0xdebdc10d, L:/127.0.0.1:52292 - R:localhost/127.0.0.1:60057]
12:46:53.111 [Forwarding findElement on session 139e1c64845df159a0873fbea65f44f2 to remote] DEBUG org.asynchttpclient.netty.request.NettyRequestSender - Using pooled Channel '[id: 0xdebdc10d, L:/127.0.0.1:52292 - R:localhost/127.0.0.1:60057]' for 'POST' to 'http://localhost:60057/session/139e1c64845df159a0873fbea65f44f2/element'
12:46:53.112 [Forwarding findElement on session 139e1c64845df159a0873fbea65f44f2 to remote] DEBUG org.asynchttpclient.netty.request.NettyRequestSender - Using open Channel [id: 0xdebdc10d, L:/127.0.0.1:52292 - R:localhost/127.0.0.1:60057] for POST '/session/139e1c64845df159a0873fbea65f44f2/element'
12:46:53.122 [AsyncHttpClient-1-11] DEBUG org.asynchttpclient.netty.handler.HttpHandler - 

Request DefaultHttpRequest(decodeResult: success, version: HTTP/1.1)
POST /session/139e1c64845df159a0873fbea65f44f2/element HTTP/1.1
User-Agent: selenium/4.1.2 (java windows)
Content-Length: 97
Content-Type: application/json; charset=utf-8
host: localhost:60057
accept: */*

Response DefaultHttpResponse(decodeResult: success, version: HTTP/1.1)
HTTP/1.1 200 OK
Content-Type: application/json; charset=utf-8
cache-control: no-cache
content-length: 88

12:46:53.122 [AsyncHttpClient-1-11] DEBUG org.asynchttpclient.netty.channel.ChannelManager - Adding key: http://localhost:60057 for channel [id: 0xdebdc10d, L:/127.0.0.1:52292 - R:localhost/127.0.0.1:60057]
12:46:53.123 [Forwarding getElementTagName on session 139e1c64845df159a0873fbea65f44f2 to remote] DEBUG org.asynchttpclient.netty.request.NettyRequestSender - Using pooled Channel '[id: 0xdebdc10d, L:/127.0.0.1:52292 - R:localhost/127.0.0.1:60057]' for 'GET' to 'http://localhost:60057/session/139e1c64845df159a0873fbea65f44f2/element/de5322bb-0d12-452a-aba6-e657ba353300/name'
12:46:53.123 [Forwarding getElementTagName on session 139e1c64845df159a0873fbea65f44f2 to remote] DEBUG org.asynchttpclient.netty.request.NettyRequestSender - Using open Channel [id: 0xdebdc10d, L:/127.0.0.1:52292 - R:localhost/127.0.0.1:60057] for GET '/session/139e1c64845df159a0873fbea65f44f2/element/de5322bb-0d12-452a-aba6-e657ba353300/name'
12:46:53.128 [AsyncHttpClient-1-11] DEBUG org.asynchttpclient.netty.handler.HttpHandler - 

Request DefaultFullHttpRequest(decodeResult: success, version: HTTP/1.1, content: EmptyByteBufBE)
GET /session/139e1c64845df159a0873fbea65f44f2/element/de5322bb-0d12-452a-aba6-e657ba353300/name HTTP/1.1
User-Agent: selenium/4.1.2 (java windows)
Cache-Control: no-cache
Content-Type: application/json; charset=utf-8
host: localhost:60057
accept: */*

Response DefaultHttpResponse(decodeResult: success, version: HTTP/1.1)
HTTP/1.1 200 OK
Content-Type: application/json; charset=utf-8
cache-control: no-cache
content-length: 13

12:46:53.128 [AsyncHttpClient-1-11] DEBUG org.asynchttpclient.netty.channel.ChannelManager - Adding key: http://localhost:60057 for channel [id: 0xdebdc10d, L:/127.0.0.1:52292 - R:localhost/127.0.0.1:60057]
12:46:53.129 [Forwarding getElementTagName on session 139e1c64845df159a0873fbea65f44f2 to remote] DEBUG org.asynchttpclient.netty.request.NettyRequestSender - Using pooled Channel '[id: 0xdebdc10d, L:/127.0.0.1:52292 - R:localhost/127.0.0.1:60057]' for 'GET' to 'http://localhost:60057/session/139e1c64845df159a0873fbea65f44f2/element/de5322bb-0d12-452a-aba6-e657ba353300/name'
12:46:53.129 [Forwarding getElementTagName on session 139e1c64845df159a0873fbea65f44f2 to remote] DEBUG org.asynchttpclient.netty.request.NettyRequestSender - Using open Channel [id: 0xdebdc10d, L:/127.0.0.1:52292 - R:localhost/127.0.0.1:60057] for GET '/session/139e1c64845df159a0873fbea65f44f2/element/de5322bb-0d12-452a-aba6-e657ba353300/name'
12:46:53.138 [AsyncHttpClient-1-11] DEBUG org.asynchttpclient.netty.handler.HttpHandler - 

Request DefaultFullHttpRequest(decodeResult: success, version: HTTP/1.1, content: EmptyByteBufBE)
GET /session/139e1c64845df159a0873fbea65f44f2/element/de5322bb-0d12-452a-aba6-e657ba353300/name HTTP/1.1
User-Agent: selenium/4.1.2 (java windows)
Cache-Control: no-cache
Content-Type: application/json; charset=utf-8
host: localhost:60057
accept: */*

Response DefaultHttpResponse(decodeResult: success, version: HTTP/1.1)
HTTP/1.1 200 OK
Content-Type: application/json; charset=utf-8
cache-control: no-cache
content-length: 13

12:46:53.138 [AsyncHttpClient-1-11] DEBUG org.asynchttpclient.netty.channel.ChannelManager - Adding key: http://localhost:60057 for channel [id: 0xdebdc10d, L:/127.0.0.1:52292 - R:localhost/127.0.0.1:60057]
12:46:53.139 [Forwarding findElement on session 139e1c64845df159a0873fbea65f44f2 to remote] DEBUG org.asynchttpclient.netty.request.NettyRequestSender - Using pooled Channel '[id: 0xdebdc10d, L:/127.0.0.1:52292 - R:localhost/127.0.0.1:60057]' for 'POST' to 'http://localhost:60057/session/139e1c64845df159a0873fbea65f44f2/element'
12:46:53.139 [Forwarding findElement on session 139e1c64845df159a0873fbea65f44f2 to remote] DEBUG org.asynchttpclient.netty.request.NettyRequestSender - Using open Channel [id: 0xdebdc10d, L:/127.0.0.1:52292 - R:localhost/127.0.0.1:60057] for POST '/session/139e1c64845df159a0873fbea65f44f2/element'
12:46:53.146 [AsyncHttpClient-1-11] DEBUG org.asynchttpclient.netty.handler.HttpHandler - 

Request DefaultHttpRequest(decodeResult: success, version: HTTP/1.1)
POST /session/139e1c64845df159a0873fbea65f44f2/element HTTP/1.1
User-Agent: selenium/4.1.2 (java windows)
Content-Length: 97
Content-Type: application/json; charset=utf-8
host: localhost:60057
accept: */*

Response DefaultHttpResponse(decodeResult: success, version: HTTP/1.1)
HTTP/1.1 200 OK
Content-Type: application/json; charset=utf-8
cache-control: no-cache
content-length: 88

12:46:53.147 [AsyncHttpClient-1-11] DEBUG org.asynchttpclient.netty.channel.ChannelManager - Adding key: http://localhost:60057 for channel [id: 0xdebdc10d, L:/127.0.0.1:52292 - R:localhost/127.0.0.1:60057]
12:46:53.148 [Forwarding clickElement on session 139e1c64845df159a0873fbea65f44f2 to remote] DEBUG org.asynchttpclient.netty.request.NettyRequestSender - Using pooled Channel '[id: 0xdebdc10d, L:/127.0.0.1:52292 - R:localhost/127.0.0.1:60057]' for 'POST' to 'http://localhost:60057/session/139e1c64845df159a0873fbea65f44f2/element/de5322bb-0d12-452a-aba6-e657ba353300/click'
12:46:53.148 [Forwarding clickElement on session 139e1c64845df159a0873fbea65f44f2 to remote] DEBUG org.asynchttpclient.netty.request.NettyRequestSender - Using open Channel [id: 0xdebdc10d, L:/127.0.0.1:52292 - R:localhost/127.0.0.1:60057] for POST '/session/139e1c64845df159a0873fbea65f44f2/element/de5322bb-0d12-452a-aba6-e657ba353300/click'
12:46:53.176 [AsyncHttpClient-1-11] DEBUG org.asynchttpclient.netty.handler.HttpHandler - 

Request DefaultHttpRequest(decodeResult: success, version: HTTP/1.1)
POST /session/139e1c64845df159a0873fbea65f44f2/element/de5322bb-0d12-452a-aba6-e657ba353300/click HTTP/1.1
User-Agent: selenium/4.1.2 (java windows)
Content-Length: 50
Content-Type: application/json; charset=utf-8
host: localhost:60057
accept: */*

Response DefaultHttpResponse(decodeResult: success, version: HTTP/1.1)
HTTP/1.1 200 OK
Content-Type: application/json; charset=utf-8
cache-control: no-cache
content-length: 14

12:46:53.176 [AsyncHttpClient-1-11] DEBUG org.asynchttpclient.netty.channel.ChannelManager - Adding key: http://localhost:60057 for channel [id: 0xdebdc10d, L:/127.0.0.1:52292 - R:localhost/127.0.0.1:60057]
12:46:53.179 [Forwarding findElement on session 139e1c64845df159a0873fbea65f44f2 to remote] DEBUG org.asynchttpclient.netty.request.NettyRequestSender - Using pooled Channel '[id: 0xdebdc10d, L:/127.0.0.1:52292 - R:localhost/127.0.0.1:60057]' for 'POST' to 'http://localhost:60057/session/139e1c64845df159a0873fbea65f44f2/element'
12:46:53.179 [Forwarding findElement on session 139e1c64845df159a0873fbea65f44f2 to remote] DEBUG org.asynchttpclient.netty.request.NettyRequestSender - Using open Channel [id: 0xdebdc10d, L:/127.0.0.1:52292 - R:localhost/127.0.0.1:60057] for POST '/session/139e1c64845df159a0873fbea65f44f2/element'
12:46:53.304 [AsyncHttpClient-1-11] DEBUG org.asynchttpclient.netty.handler.HttpHandler - 

Request DefaultHttpRequest(decodeResult: success, version: HTTP/1.1)
POST /session/139e1c64845df159a0873fbea65f44f2/element HTTP/1.1
User-Agent: selenium/4.1.2 (java windows)
Content-Length: 88
Content-Type: application/json; charset=utf-8
host: localhost:60057
accept: */*

Response DefaultHttpResponse(decodeResult: success, version: HTTP/1.1)
HTTP/1.1 200 OK
Content-Type: application/json; charset=utf-8
cache-control: no-cache
content-length: 88

12:46:53.304 [AsyncHttpClient-1-11] DEBUG org.asynchttpclient.netty.channel.ChannelManager - Adding key: http://localhost:60057 for channel [id: 0xdebdc10d, L:/127.0.0.1:52292 - R:localhost/127.0.0.1:60057]
12:46:53.305 [Forwarding clearElement on session 139e1c64845df159a0873fbea65f44f2 to remote] DEBUG org.asynchttpclient.netty.request.NettyRequestSender - Using pooled Channel '[id: 0xdebdc10d, L:/127.0.0.1:52292 - R:localhost/127.0.0.1:60057]' for 'POST' to 'http://localhost:60057/session/139e1c64845df159a0873fbea65f44f2/element/bc87996a-18ff-436f-b2ce-d1ac433fca4b/clear'
12:46:53.305 [Forwarding clearElement on session 139e1c64845df159a0873fbea65f44f2 to remote] DEBUG org.asynchttpclient.netty.request.NettyRequestSender - Using open Channel [id: 0xdebdc10d, L:/127.0.0.1:52292 - R:localhost/127.0.0.1:60057] for POST '/session/139e1c64845df159a0873fbea65f44f2/element/bc87996a-18ff-436f-b2ce-d1ac433fca4b/clear'
12:46:53.334 [AsyncHttpClient-1-11] DEBUG org.asynchttpclient.netty.handler.HttpHandler - 

Request DefaultHttpRequest(decodeResult: success, version: HTTP/1.1)
POST /session/139e1c64845df159a0873fbea65f44f2/element/bc87996a-18ff-436f-b2ce-d1ac433fca4b/clear HTTP/1.1
User-Agent: selenium/4.1.2 (java windows)
Content-Length: 50
Content-Type: application/json; charset=utf-8
host: localhost:60057
accept: */*

Response DefaultHttpResponse(decodeResult: success, version: HTTP/1.1)
HTTP/1.1 200 OK
Content-Type: application/json; charset=utf-8
cache-control: no-cache
content-length: 14

12:46:53.334 [AsyncHttpClient-1-11] DEBUG org.asynchttpclient.netty.channel.ChannelManager - Adding key: http://localhost:60057 for channel [id: 0xdebdc10d, L:/127.0.0.1:52292 - R:localhost/127.0.0.1:60057]
12:46:53.335 [Forwarding sendKeysToElement on session 139e1c64845df159a0873fbea65f44f2 to remote] DEBUG org.asynchttpclient.netty.request.NettyRequestSender - Using pooled Channel '[id: 0xdebdc10d, L:/127.0.0.1:52292 - R:localhost/127.0.0.1:60057]' for 'POST' to 'http://localhost:60057/session/139e1c64845df159a0873fbea65f44f2/element/bc87996a-18ff-436f-b2ce-d1ac433fca4b/value'
12:46:53.335 [Forwarding sendKeysToElement on session 139e1c64845df159a0873fbea65f44f2 to remote] DEBUG org.asynchttpclient.netty.request.NettyRequestSender - Using open Channel [id: 0xdebdc10d, L:/127.0.0.1:52292 - R:localhost/127.0.0.1:60057] for POST '/session/139e1c64845df159a0873fbea65f44f2/element/bc87996a-18ff-436f-b2ce-d1ac433fca4b/value'
12:46:53.407 [AsyncHttpClient-1-11] DEBUG org.asynchttpclient.netty.handler.HttpHandler - 

Request DefaultHttpRequest(decodeResult: success, version: HTTP/1.1)
POST /session/139e1c64845df159a0873fbea65f44f2/element/bc87996a-18ff-436f-b2ce-d1ac433fca4b/value HTTP/1.1
User-Agent: selenium/4.1.2 (java windows)
Content-Length: 261
Content-Type: application/json; charset=utf-8
host: localhost:60057
accept: */*

Response DefaultHttpResponse(decodeResult: success, version: HTTP/1.1)
HTTP/1.1 200 OK
Content-Type: application/json; charset=utf-8
cache-control: no-cache
content-length: 14

12:46:53.407 [AsyncHttpClient-1-11] DEBUG org.asynchttpclient.netty.channel.ChannelManager - Adding key: http://localhost:60057 for channel [id: 0xdebdc10d, L:/127.0.0.1:52292 - R:localhost/127.0.0.1:60057]
12:46:53.410 [Forwarding findElement on session 139e1c64845df159a0873fbea65f44f2 to remote] DEBUG org.asynchttpclient.netty.request.NettyRequestSender - Using pooled Channel '[id: 0xdebdc10d, L:/127.0.0.1:52292 - R:localhost/127.0.0.1:60057]' for 'POST' to 'http://localhost:60057/session/139e1c64845df159a0873fbea65f44f2/element'
12:46:53.410 [Forwarding findElement on session 139e1c64845df159a0873fbea65f44f2 to remote] DEBUG org.asynchttpclient.netty.request.NettyRequestSender - Using open Channel [id: 0xdebdc10d, L:/127.0.0.1:52292 - R:localhost/127.0.0.1:60057] for POST '/session/139e1c64845df159a0873fbea65f44f2/element'
12:46:53.419 [AsyncHttpClient-1-11] DEBUG org.asynchttpclient.netty.handler.HttpHandler - 

Request DefaultHttpRequest(decodeResult: success, version: HTTP/1.1)
POST /session/139e1c64845df159a0873fbea65f44f2/element HTTP/1.1
User-Agent: selenium/4.1.2 (java windows)
Content-Length: 91
Content-Type: application/json; charset=utf-8
host: localhost:60057
accept: */*

Response DefaultHttpResponse(decodeResult: success, version: HTTP/1.1)
HTTP/1.1 200 OK
Content-Type: application/json; charset=utf-8
cache-control: no-cache
content-length: 88

12:46:53.419 [AsyncHttpClient-1-11] DEBUG org.asynchttpclient.netty.channel.ChannelManager - Adding key: http://localhost:60057 for channel [id: 0xdebdc10d, L:/127.0.0.1:52292 - R:localhost/127.0.0.1:60057]
12:46:53.419 [Forwarding clearElement on session 139e1c64845df159a0873fbea65f44f2 to remote] DEBUG org.asynchttpclient.netty.request.NettyRequestSender - Using pooled Channel '[id: 0xdebdc10d, L:/127.0.0.1:52292 - R:localhost/127.0.0.1:60057]' for 'POST' to 'http://localhost:60057/session/139e1c64845df159a0873fbea65f44f2/element/dc16811b-48b3-4064-a8ee-db58c4200d2f/clear'
12:46:53.419 [Forwarding clearElement on session 139e1c64845df159a0873fbea65f44f2 to remote] DEBUG org.asynchttpclient.netty.request.NettyRequestSender - Using open Channel [id: 0xdebdc10d, L:/127.0.0.1:52292 - R:localhost/127.0.0.1:60057] for POST '/session/139e1c64845df159a0873fbea65f44f2/element/dc16811b-48b3-4064-a8ee-db58c4200d2f/clear'
12:46:53.444 [AsyncHttpClient-1-11] DEBUG org.asynchttpclient.netty.handler.HttpHandler - 

Request DefaultHttpRequest(decodeResult: success, version: HTTP/1.1)
POST /session/139e1c64845df159a0873fbea65f44f2/element/dc16811b-48b3-4064-a8ee-db58c4200d2f/clear HTTP/1.1
User-Agent: selenium/4.1.2 (java windows)
Content-Length: 50
Content-Type: application/json; charset=utf-8
host: localhost:60057
accept: */*

Response DefaultHttpResponse(decodeResult: success, version: HTTP/1.1)
HTTP/1.1 200 OK
Content-Type: application/json; charset=utf-8
cache-control: no-cache
content-length: 14

12:46:53.444 [AsyncHttpClient-1-11] DEBUG org.asynchttpclient.netty.channel.ChannelManager - Adding key: http://localhost:60057 for channel [id: 0xdebdc10d, L:/127.0.0.1:52292 - R:localhost/127.0.0.1:60057]
12:46:53.445 [Forwarding sendKeysToElement on session 139e1c64845df159a0873fbea65f44f2 to remote] DEBUG org.asynchttpclient.netty.request.NettyRequestSender - Using pooled Channel '[id: 0xdebdc10d, L:/127.0.0.1:52292 - R:localhost/127.0.0.1:60057]' for 'POST' to 'http://localhost:60057/session/139e1c64845df159a0873fbea65f44f2/element/dc16811b-48b3-4064-a8ee-db58c4200d2f/value'
12:46:53.445 [Forwarding sendKeysToElement on session 139e1c64845df159a0873fbea65f44f2 to remote] DEBUG org.asynchttpclient.netty.request.NettyRequestSender - Using open Channel [id: 0xdebdc10d, L:/127.0.0.1:52292 - R:localhost/127.0.0.1:60057] for POST '/session/139e1c64845df159a0873fbea65f44f2/element/dc16811b-48b3-4064-a8ee-db58c4200d2f/value'
12:46:53.497 [AsyncHttpClient-1-11] DEBUG org.asynchttpclient.netty.handler.HttpHandler - 

Request DefaultHttpRequest(decodeResult: success, version: HTTP/1.1)
POST /session/139e1c64845df159a0873fbea65f44f2/element/dc16811b-48b3-4064-a8ee-db58c4200d2f/value HTTP/1.1
User-Agent: selenium/4.1.2 (java windows)
Content-Length: 151
Content-Type: application/json; charset=utf-8
host: localhost:60057
accept: */*

Response DefaultHttpResponse(decodeResult: success, version: HTTP/1.1)
HTTP/1.1 200 OK
Content-Type: application/json; charset=utf-8
cache-control: no-cache
content-length: 14

12:46:53.497 [AsyncHttpClient-1-11] DEBUG org.asynchttpclient.netty.channel.ChannelManager - Adding key: http://localhost:60057 for channel [id: 0xdebdc10d, L:/127.0.0.1:52292 - R:localhost/127.0.0.1:60057]
12:46:53.499 [Forwarding findElement on session 139e1c64845df159a0873fbea65f44f2 to remote] DEBUG org.asynchttpclient.netty.request.NettyRequestSender - Using pooled Channel '[id: 0xdebdc10d, L:/127.0.0.1:52292 - R:localhost/127.0.0.1:60057]' for 'POST' to 'http://localhost:60057/session/139e1c64845df159a0873fbea65f44f2/element'
12:46:53.499 [Forwarding findElement on session 139e1c64845df159a0873fbea65f44f2 to remote] DEBUG org.asynchttpclient.netty.request.NettyRequestSender - Using open Channel [id: 0xdebdc10d, L:/127.0.0.1:52292 - R:localhost/127.0.0.1:60057] for POST '/session/139e1c64845df159a0873fbea65f44f2/element'
12:46:53.508 [AsyncHttpClient-1-11] DEBUG org.asynchttpclient.netty.handler.HttpHandler - 

Request DefaultHttpRequest(decodeResult: success, version: HTTP/1.1)
POST /session/139e1c64845df159a0873fbea65f44f2/element HTTP/1.1
User-Agent: selenium/4.1.2 (java windows)
Content-Length: 141
Content-Type: application/json; charset=utf-8
host: localhost:60057
accept: */*

Response DefaultHttpResponse(decodeResult: success, version: HTTP/1.1)
HTTP/1.1 200 OK
Content-Type: application/json; charset=utf-8
cache-control: no-cache
content-length: 88

12:46:53.508 [AsyncHttpClient-1-11] DEBUG org.asynchttpclient.netty.channel.ChannelManager - Adding key: http://localhost:60057 for channel [id: 0xdebdc10d, L:/127.0.0.1:52292 - R:localhost/127.0.0.1:60057]
12:46:53.508 [Forwarding getElementTagName on session 139e1c64845df159a0873fbea65f44f2 to remote] DEBUG org.asynchttpclient.netty.request.NettyRequestSender - Using pooled Channel '[id: 0xdebdc10d, L:/127.0.0.1:52292 - R:localhost/127.0.0.1:60057]' for 'GET' to 'http://localhost:60057/session/139e1c64845df159a0873fbea65f44f2/element/5bfd83ea-97f9-44e6-b627-ab721f29411f/name'
12:46:53.508 [Forwarding getElementTagName on session 139e1c64845df159a0873fbea65f44f2 to remote] DEBUG org.asynchttpclient.netty.request.NettyRequestSender - Using open Channel [id: 0xdebdc10d, L:/127.0.0.1:52292 - R:localhost/127.0.0.1:60057] for GET '/session/139e1c64845df159a0873fbea65f44f2/element/5bfd83ea-97f9-44e6-b627-ab721f29411f/name'
12:46:53.512 [AsyncHttpClient-1-11] DEBUG org.asynchttpclient.netty.handler.HttpHandler - 

Request DefaultFullHttpRequest(decodeResult: success, version: HTTP/1.1, content: EmptyByteBufBE)
GET /session/139e1c64845df159a0873fbea65f44f2/element/5bfd83ea-97f9-44e6-b627-ab721f29411f/name HTTP/1.1
User-Agent: selenium/4.1.2 (java windows)
Cache-Control: no-cache
Content-Type: application/json; charset=utf-8
host: localhost:60057
accept: */*

Response DefaultHttpResponse(decodeResult: success, version: HTTP/1.1)
HTTP/1.1 200 OK
Content-Type: application/json; charset=utf-8
cache-control: no-cache
content-length: 18

12:46:53.512 [AsyncHttpClient-1-11] DEBUG org.asynchttpclient.netty.channel.ChannelManager - Adding key: http://localhost:60057 for channel [id: 0xdebdc10d, L:/127.0.0.1:52292 - R:localhost/127.0.0.1:60057]
12:46:53.513 [Forwarding getElementTagName on session 139e1c64845df159a0873fbea65f44f2 to remote] DEBUG org.asynchttpclient.netty.request.NettyRequestSender - Using pooled Channel '[id: 0xdebdc10d, L:/127.0.0.1:52292 - R:localhost/127.0.0.1:60057]' for 'GET' to 'http://localhost:60057/session/139e1c64845df159a0873fbea65f44f2/element/5bfd83ea-97f9-44e6-b627-ab721f29411f/name'
12:46:53.513 [Forwarding getElementTagName on session 139e1c64845df159a0873fbea65f44f2 to remote] DEBUG org.asynchttpclient.netty.request.NettyRequestSender - Using open Channel [id: 0xdebdc10d, L:/127.0.0.1:52292 - R:localhost/127.0.0.1:60057] for GET '/session/139e1c64845df159a0873fbea65f44f2/element/5bfd83ea-97f9-44e6-b627-ab721f29411f/name'
12:46:53.516 [AsyncHttpClient-1-11] DEBUG org.asynchttpclient.netty.handler.HttpHandler - 

Request DefaultFullHttpRequest(decodeResult: success, version: HTTP/1.1, content: EmptyByteBufBE)
GET /session/139e1c64845df159a0873fbea65f44f2/element/5bfd83ea-97f9-44e6-b627-ab721f29411f/name HTTP/1.1
User-Agent: selenium/4.1.2 (java windows)
Cache-Control: no-cache
Content-Type: application/json; charset=utf-8
host: localhost:60057
accept: */*

Response DefaultHttpResponse(decodeResult: success, version: HTTP/1.1)
HTTP/1.1 200 OK
Content-Type: application/json; charset=utf-8
cache-control: no-cache
content-length: 18

12:46:53.517 [AsyncHttpClient-1-11] DEBUG org.asynchttpclient.netty.channel.ChannelManager - Adding key: http://localhost:60057 for channel [id: 0xdebdc10d, L:/127.0.0.1:52292 - R:localhost/127.0.0.1:60057]
12:46:53.518 [Forwarding isElementEnabled on session 139e1c64845df159a0873fbea65f44f2 to remote] DEBUG org.asynchttpclient.netty.request.NettyRequestSender - Using pooled Channel '[id: 0xdebdc10d, L:/127.0.0.1:52292 - R:localhost/127.0.0.1:60057]' for 'GET' to 'http://localhost:60057/session/139e1c64845df159a0873fbea65f44f2/element/5bfd83ea-97f9-44e6-b627-ab721f29411f/enabled'
12:46:53.518 [Forwarding isElementEnabled on session 139e1c64845df159a0873fbea65f44f2 to remote] DEBUG org.asynchttpclient.netty.request.NettyRequestSender - Using open Channel [id: 0xdebdc10d, L:/127.0.0.1:52292 - R:localhost/127.0.0.1:60057] for GET '/session/139e1c64845df159a0873fbea65f44f2/element/5bfd83ea-97f9-44e6-b627-ab721f29411f/enabled'
12:46:53.525 [AsyncHttpClient-1-11] DEBUG org.asynchttpclient.netty.handler.HttpHandler - 

Request DefaultFullHttpRequest(decodeResult: success, version: HTTP/1.1, content: EmptyByteBufBE)
GET /session/139e1c64845df159a0873fbea65f44f2/element/5bfd83ea-97f9-44e6-b627-ab721f29411f/enabled HTTP/1.1
User-Agent: selenium/4.1.2 (java windows)
Cache-Control: no-cache
Content-Type: application/json; charset=utf-8
host: localhost:60057
accept: */*

Response DefaultHttpResponse(decodeResult: success, version: HTTP/1.1)
HTTP/1.1 200 OK
Content-Type: application/json; charset=utf-8
cache-control: no-cache
content-length: 14

12:46:53.525 [AsyncHttpClient-1-11] DEBUG org.asynchttpclient.netty.channel.ChannelManager - Adding key: http://localhost:60057 for channel [id: 0xdebdc10d, L:/127.0.0.1:52292 - R:localhost/127.0.0.1:60057]
12:46:53.525 [Forwarding isElementEnabled on session 139e1c64845df159a0873fbea65f44f2 to remote] DEBUG org.asynchttpclient.netty.request.NettyRequestSender - Using pooled Channel '[id: 0xdebdc10d, L:/127.0.0.1:52292 - R:localhost/127.0.0.1:60057]' for 'GET' to 'http://localhost:60057/session/139e1c64845df159a0873fbea65f44f2/element/5bfd83ea-97f9-44e6-b627-ab721f29411f/enabled'
12:46:53.525 [Forwarding isElementEnabled on session 139e1c64845df159a0873fbea65f44f2 to remote] DEBUG org.asynchttpclient.netty.request.NettyRequestSender - Using open Channel [id: 0xdebdc10d, L:/127.0.0.1:52292 - R:localhost/127.0.0.1:60057] for GET '/session/139e1c64845df159a0873fbea65f44f2/element/5bfd83ea-97f9-44e6-b627-ab721f29411f/enabled'
12:46:53.530 [AsyncHttpClient-1-11] DEBUG org.asynchttpclient.netty.handler.HttpHandler - 

Request DefaultFullHttpRequest(decodeResult: success, version: HTTP/1.1, content: EmptyByteBufBE)
GET /session/139e1c64845df159a0873fbea65f44f2/element/5bfd83ea-97f9-44e6-b627-ab721f29411f/enabled HTTP/1.1
User-Agent: selenium/4.1.2 (java windows)
Cache-Control: no-cache
Content-Type: application/json; charset=utf-8
host: localhost:60057
accept: */*

Response DefaultHttpResponse(decodeResult: success, version: HTTP/1.1)
HTTP/1.1 200 OK
Content-Type: application/json; charset=utf-8
cache-control: no-cache
content-length: 14

12:46:53.530 [AsyncHttpClient-1-11] DEBUG org.asynchttpclient.netty.channel.ChannelManager - Adding key: http://localhost:60057 for channel [id: 0xdebdc10d, L:/127.0.0.1:52292 - R:localhost/127.0.0.1:60057]
12:46:53.531 [Forwarding findElement on session 139e1c64845df159a0873fbea65f44f2 to remote] DEBUG org.asynchttpclient.netty.request.NettyRequestSender - Using pooled Channel '[id: 0xdebdc10d, L:/127.0.0.1:52292 - R:localhost/127.0.0.1:60057]' for 'POST' to 'http://localhost:60057/session/139e1c64845df159a0873fbea65f44f2/element'
12:46:53.531 [Forwarding findElement on session 139e1c64845df159a0873fbea65f44f2 to remote] DEBUG org.asynchttpclient.netty.request.NettyRequestSender - Using open Channel [id: 0xdebdc10d, L:/127.0.0.1:52292 - R:localhost/127.0.0.1:60057] for POST '/session/139e1c64845df159a0873fbea65f44f2/element'
12:46:53.536 [AsyncHttpClient-1-11] DEBUG org.asynchttpclient.netty.handler.HttpHandler - 

Request DefaultHttpRequest(decodeResult: success, version: HTTP/1.1)
POST /session/139e1c64845df159a0873fbea65f44f2/element HTTP/1.1
User-Agent: selenium/4.1.2 (java windows)
Content-Length: 141
Content-Type: application/json; charset=utf-8
host: localhost:60057
accept: */*

Response DefaultHttpResponse(decodeResult: success, version: HTTP/1.1)
HTTP/1.1 200 OK
Content-Type: application/json; charset=utf-8
cache-control: no-cache
content-length: 88

12:46:53.536 [AsyncHttpClient-1-11] DEBUG org.asynchttpclient.netty.channel.ChannelManager - Adding key: http://localhost:60057 for channel [id: 0xdebdc10d, L:/127.0.0.1:52292 - R:localhost/127.0.0.1:60057]
12:46:53.537 [Forwarding clickElement on session 139e1c64845df159a0873fbea65f44f2 to remote] DEBUG org.asynchttpclient.netty.request.NettyRequestSender - Using pooled Channel '[id: 0xdebdc10d, L:/127.0.0.1:52292 - R:localhost/127.0.0.1:60057]' for 'POST' to 'http://localhost:60057/session/139e1c64845df159a0873fbea65f44f2/element/5bfd83ea-97f9-44e6-b627-ab721f29411f/click'
12:46:53.537 [Forwarding clickElement on session 139e1c64845df159a0873fbea65f44f2 to remote] DEBUG org.asynchttpclient.netty.request.NettyRequestSender - Using open Channel [id: 0xdebdc10d, L:/127.0.0.1:52292 - R:localhost/127.0.0.1:60057] for POST '/session/139e1c64845df159a0873fbea65f44f2/element/5bfd83ea-97f9-44e6-b627-ab721f29411f/click'
12:46:53.567 [AsyncHttpClient-1-11] DEBUG org.asynchttpclient.netty.handler.HttpHandler - 

Request DefaultHttpRequest(decodeResult: success, version: HTTP/1.1)
POST /session/139e1c64845df159a0873fbea65f44f2/element/5bfd83ea-97f9-44e6-b627-ab721f29411f/click HTTP/1.1
User-Agent: selenium/4.1.2 (java windows)
Content-Length: 50
Content-Type: application/json; charset=utf-8
host: localhost:60057
accept: */*

Response DefaultHttpResponse(decodeResult: success, version: HTTP/1.1)
HTTP/1.1 200 OK
Content-Type: application/json; charset=utf-8
cache-control: no-cache
content-length: 14

12:46:53.567 [AsyncHttpClient-1-11] DEBUG org.asynchttpclient.netty.channel.ChannelManager - Adding key: http://localhost:60057 for channel [id: 0xdebdc10d, L:/127.0.0.1:52292 - R:localhost/127.0.0.1:60057]
12:46:53.571 [Forwarding findElement on session 139e1c64845df159a0873fbea65f44f2 to remote] DEBUG org.asynchttpclient.netty.request.NettyRequestSender - Using pooled Channel '[id: 0xdebdc10d, L:/127.0.0.1:52292 - R:localhost/127.0.0.1:60057]' for 'POST' to 'http://localhost:60057/session/139e1c64845df159a0873fbea65f44f2/element'
12:46:53.571 [Forwarding findElement on session 139e1c64845df159a0873fbea65f44f2 to remote] DEBUG org.asynchttpclient.netty.request.NettyRequestSender - Using open Channel [id: 0xdebdc10d, L:/127.0.0.1:52292 - R:localhost/127.0.0.1:60057] for POST '/session/139e1c64845df159a0873fbea65f44f2/element'
12:46:53.579 [AsyncHttpClient-1-11] DEBUG org.asynchttpclient.netty.handler.HttpHandler - 

Request DefaultHttpRequest(decodeResult: success, version: HTTP/1.1)
POST /session/139e1c64845df159a0873fbea65f44f2/element HTTP/1.1
User-Agent: selenium/4.1.2 (java windows)
Content-Length: 77
Content-Type: application/json; charset=utf-8
host: localhost:60057
accept: */*

Response DefaultHttpResponse(decodeResult: success, version: HTTP/1.1)
HTTP/1.1 200 OK
Content-Type: application/json; charset=utf-8
cache-control: no-cache
content-length: 88

12:46:53.579 [AsyncHttpClient-1-11] DEBUG org.asynchttpclient.netty.channel.ChannelManager - Adding key: http://localhost:60057 for channel [id: 0xdebdc10d, L:/127.0.0.1:52292 - R:localhost/127.0.0.1:60057]
12:46:53.581 [Forwarding isElementDisplayed on session 139e1c64845df159a0873fbea65f44f2 to remote] DEBUG org.asynchttpclient.netty.request.NettyRequestSender - Using pooled Channel '[id: 0xdebdc10d, L:/127.0.0.1:52292 - R:localhost/127.0.0.1:60057]' for 'POST' to 'http://localhost:60057/session/139e1c64845df159a0873fbea65f44f2/execute/sync'
12:46:53.581 [Forwarding isElementDisplayed on session 139e1c64845df159a0873fbea65f44f2 to remote] DEBUG org.asynchttpclient.netty.request.NettyRequestSender - Using open Channel [id: 0xdebdc10d, L:/127.0.0.1:52292 - R:localhost/127.0.0.1:60057] for POST '/session/139e1c64845df159a0873fbea65f44f2/execute/sync'
12:46:53.592 [AsyncHttpClient-1-11] DEBUG org.asynchttpclient.netty.handler.HttpHandler - 

Request DefaultHttpRequest(decodeResult: success, version: HTTP/1.1)
POST /session/139e1c64845df159a0873fbea65f44f2/execute/sync HTTP/1.1
User-Agent: selenium/4.1.2 (java windows)
Content-Length: 48780
Content-Type: application/json; charset=utf-8
host: localhost:60057
accept: */*

Response DefaultHttpResponse(decodeResult: success, version: HTTP/1.1)
HTTP/1.1 200 OK
Content-Type: application/json; charset=utf-8
cache-control: no-cache
content-length: 14

12:46:53.592 [AsyncHttpClient-1-11] DEBUG org.asynchttpclient.netty.channel.ChannelManager - Adding key: http://localhost:60057 for channel [id: 0xdebdc10d, L:/127.0.0.1:52292 - R:localhost/127.0.0.1:60057]
  &amp#27;[32mGiven &amp#27;[0m&amp#27;[32mI have logged in my account&amp#27;[0m        &amp#27;[90m# starter.stepdefinition.SearchStep.iHaveLoggedInMyAccount()&amp#27;[0m
12:46:53.594 [main] DEBUG net.serenitybdd.core.photography.Darkroom - Opening darkroom
12:46:53.595 [Forwarding screenshot on session 139e1c64845df159a0873fbea65f44f2 to remote] DEBUG org.asynchttpclient.netty.request.NettyRequestSender - Using pooled Channel '[id: 0xdebdc10d, L:/127.0.0.1:52292 - R:localhost/127.0.0.1:60057]' for 'GET' to 'http://localhost:60057/session/139e1c64845df159a0873fbea65f44f2/screenshot'
12:46:53.595 [Forwarding screenshot on session 139e1c64845df159a0873fbea65f44f2 to remote] DEBUG org.asynchttpclient.netty.request.NettyRequestSender - Using open Channel [id: 0xdebdc10d, L:/127.0.0.1:52292 - R:localhost/127.0.0.1:60057] for GET '/session/139e1c64845df159a0873fbea65f44f2/screenshot'
12:46:53.595 [Darkroom Processing Line] DEBUG net.serenitybdd.core.photography.DarkroomProcessingLine - Darkroom processing line starting up
12:46:53.955 [AsyncHttpClient-1-1] DEBUG org.asynchttpclient.netty.channel.DefaultChannelPool - Entry count for : http://localhost:52293 : 1
12:46:55.046 [AsyncHttpClient-1-1] DEBUG org.asynchttpclient.netty.channel.DefaultChannelPool - Entry count for : http://localhost:52293 : 1
12:46:56.145 [AsyncHttpClient-1-1] DEBUG org.asynchttpclient.netty.channel.DefaultChannelPool - Entry count for : http://localhost:52293 : 1
12:46:57.249 [AsyncHttpClient-1-1] DEBUG org.asynchttpclient.netty.channel.DefaultChannelPool - Entry count for : http://localhost:52293 : 1
12:46:57.485 [AsyncHttpClient-1-11] DEBUG org.asynchttpclient.netty.handler.HttpHandler - 

Request DefaultFullHttpRequest(decodeResult: success, version: HTTP/1.1, content: EmptyByteBufBE)
GET /session/139e1c64845df159a0873fbea65f44f2/screenshot HTTP/1.1
User-Agent: selenium/4.1.2 (java windows)
Cache-Control: no-cache
Content-Type: application/json; charset=utf-8
host: localhost:60057
accept: */*

Response DefaultHttpResponse(decodeResult: success, version: HTTP/1.1)
HTTP/1.1 200 OK
Content-Type: application/json; charset=utf-8
cache-control: no-cache
content-length: 76780

12:46:57.485 [AsyncHttpClient-1-11] DEBUG org.asynchttpclient.netty.channel.ChannelManager - Adding key: http://localhost:60057 for channel [id: 0xdebdc10d, L:/127.0.0.1:52292 - R:localhost/127.0.0.1:60057]
12:46:57.487 [main] DEBUG net.serenitybdd.core.photography.Darkroom - Send negative for processing for target\site\serenity\92f7db336b1ac6f06bbe953a1f02ec436a0ad0a6f73c03b19b4b4ad0311cf67b.png
12:46:57.488 [Darkroom Processing Line] DEBUG net.serenitybdd.core.photography.DarkroomProcessingLine - Processing screenshot image in /var/screenshots/screenshot-13931384799689039446
12:46:57.488 [Darkroom Processing Line] DEBUG net.serenitybdd.core.photography.DarkroomProcessingLine - Saving screenshot to target\site\serenity\92f7db336b1ac6f06bbe953a1f02ec436a0ad0a6f73c03b19b4b4ad0311cf67b.png
12:46:57.493 [Forwarding findElement on session 139e1c64845df159a0873fbea65f44f2 to remote] DEBUG org.asynchttpclient.netty.request.NettyRequestSender - Using pooled Channel '[id: 0xdebdc10d, L:/127.0.0.1:52292 - R:localhost/127.0.0.1:60057]' for 'POST' to 'http://localhost:60057/session/139e1c64845df159a0873fbea65f44f2/element'
12:46:57.494 [Forwarding findElement on session 139e1c64845df159a0873fbea65f44f2 to remote] DEBUG org.asynchttpclient.netty.request.NettyRequestSender - Using open Channel [id: 0xdebdc10d, L:/127.0.0.1:52292 - R:localhost/127.0.0.1:60057] for POST '/session/139e1c64845df159a0873fbea65f44f2/element'
12:46:57.513 [AsyncHttpClient-1-11] DEBUG org.asynchttpclient.netty.handler.HttpHandler - 

Request DefaultHttpRequest(decodeResult: success, version: HTTP/1.1)
POST /session/139e1c64845df159a0873fbea65f44f2/element HTTP/1.1
User-Agent: selenium/4.1.2 (java windows)
Content-Length: 91
Content-Type: application/json; charset=utf-8
host: localhost:60057
accept: */*

Response DefaultHttpResponse(decodeResult: success, version: HTTP/1.1)
HTTP/1.1 200 OK
Content-Type: application/json; charset=utf-8
cache-control: no-cache
content-length: 88

12:46:57.513 [AsyncHttpClient-1-11] DEBUG org.asynchttpclient.netty.channel.ChannelManager - Adding key: http://localhost:60057 for channel [id: 0xdebdc10d, L:/127.0.0.1:52292 - R:localhost/127.0.0.1:60057]
12:46:57.519 [Forwarding getElementTagName on session 139e1c64845df159a0873fbea65f44f2 to remote] DEBUG org.asynchttpclient.netty.request.NettyRequestSender - Using pooled Channel '[id: 0xdebdc10d, L:/127.0.0.1:52292 - R:localhost/127.0.0.1:60057]' for 'GET' to 'http://localhost:60057/session/139e1c64845df159a0873fbea65f44f2/element/d85e6bc9-eb8a-4d7e-a08b-f16f7eb123e4/name'
12:46:57.519 [Forwarding getElementTagName on session 139e1c64845df159a0873fbea65f44f2 to remote] DEBUG org.asynchttpclient.netty.request.NettyRequestSender - Using open Channel [id: 0xdebdc10d, L:/127.0.0.1:52292 - R:localhost/127.0.0.1:60057] for GET '/session/139e1c64845df159a0873fbea65f44f2/element/d85e6bc9-eb8a-4d7e-a08b-f16f7eb123e4/name'
12:46:57.526 [AsyncHttpClient-1-11] DEBUG org.asynchttpclient.netty.handler.HttpHandler - 

Request DefaultFullHttpRequest(decodeResult: success, version: HTTP/1.1, content: EmptyByteBufBE)
GET /session/139e1c64845df159a0873fbea65f44f2/element/d85e6bc9-eb8a-4d7e-a08b-f16f7eb123e4/name HTTP/1.1
User-Agent: selenium/4.1.2 (java windows)
Cache-Control: no-cache
Content-Type: application/json; charset=utf-8
host: localhost:60057
accept: */*

Response DefaultHttpResponse(decodeResult: success, version: HTTP/1.1)
HTTP/1.1 200 OK
Content-Type: application/json; charset=utf-8
cache-control: no-cache
content-length: 15

12:46:57.526 [AsyncHttpClient-1-11] DEBUG org.asynchttpclient.netty.channel.ChannelManager - Adding key: http://localhost:60057 for channel [id: 0xdebdc10d, L:/127.0.0.1:52292 - R:localhost/127.0.0.1:60057]
12:46:57.528 [Forwarding getElementTagName on session 139e1c64845df159a0873fbea65f44f2 to remote] DEBUG org.asynchttpclient.netty.request.NettyRequestSender - Using pooled Channel '[id: 0xdebdc10d, L:/127.0.0.1:52292 - R:localhost/127.0.0.1:60057]' for 'GET' to 'http://localhost:60057/session/139e1c64845df159a0873fbea65f44f2/element/d85e6bc9-eb8a-4d7e-a08b-f16f7eb123e4/name'
12:46:57.528 [Forwarding getElementTagName on session 139e1c64845df159a0873fbea65f44f2 to remote] DEBUG org.asynchttpclient.netty.request.NettyRequestSender - Using open Channel [id: 0xdebdc10d, L:/127.0.0.1:52292 - R:localhost/127.0.0.1:60057] for GET '/session/139e1c64845df159a0873fbea65f44f2/element/d85e6bc9-eb8a-4d7e-a08b-f16f7eb123e4/name'
12:46:57.536 [AsyncHttpClient-1-11] DEBUG org.asynchttpclient.netty.handler.HttpHandler - 

Request DefaultFullHttpRequest(decodeResult: success, version: HTTP/1.1, content: EmptyByteBufBE)
GET /session/139e1c64845df159a0873fbea65f44f2/element/d85e6bc9-eb8a-4d7e-a08b-f16f7eb123e4/name HTTP/1.1
User-Agent: selenium/4.1.2 (java windows)
Cache-Control: no-cache
Content-Type: application/json; charset=utf-8
host: localhost:60057
accept: */*

Response DefaultHttpResponse(decodeResult: success, version: HTTP/1.1)
HTTP/1.1 200 OK
Content-Type: application/json; charset=utf-8
cache-control: no-cache
content-length: 15

12:46:57.536 [AsyncHttpClient-1-11] DEBUG org.asynchttpclient.netty.channel.ChannelManager - Adding key: http://localhost:60057 for channel [id: 0xdebdc10d, L:/127.0.0.1:52292 - R:localhost/127.0.0.1:60057]
12:46:57.538 [Forwarding findElement on session 139e1c64845df159a0873fbea65f44f2 to remote] DEBUG org.asynchttpclient.netty.request.NettyRequestSender - Using pooled Channel '[id: 0xdebdc10d, L:/127.0.0.1:52292 - R:localhost/127.0.0.1:60057]' for 'POST' to 'http://localhost:60057/session/139e1c64845df159a0873fbea65f44f2/element'
12:46:57.538 [Forwarding findElement on session 139e1c64845df159a0873fbea65f44f2 to remote] DEBUG org.asynchttpclient.netty.request.NettyRequestSender - Using open Channel [id: 0xdebdc10d, L:/127.0.0.1:52292 - R:localhost/127.0.0.1:60057] for POST '/session/139e1c64845df159a0873fbea65f44f2/element'
12:46:57.565 [AsyncHttpClient-1-11] DEBUG org.asynchttpclient.netty.handler.HttpHandler - 

Request DefaultHttpRequest(decodeResult: success, version: HTTP/1.1)
POST /session/139e1c64845df159a0873fbea65f44f2/element HTTP/1.1
User-Agent: selenium/4.1.2 (java windows)
Content-Length: 91
Content-Type: application/json; charset=utf-8
host: localhost:60057
accept: */*

Response DefaultHttpResponse(decodeResult: success, version: HTTP/1.1)
HTTP/1.1 200 OK
Content-Type: application/json; charset=utf-8
cache-control: no-cache
content-length: 88

12:46:57.565 [AsyncHttpClient-1-11] DEBUG org.asynchttpclient.netty.channel.ChannelManager - Adding key: http://localhost:60057 for channel [id: 0xdebdc10d, L:/127.0.0.1:52292 - R:localhost/127.0.0.1:60057]
12:46:57.566 [Forwarding clickElement on session 139e1c64845df159a0873fbea65f44f2 to remote] DEBUG org.asynchttpclient.netty.request.NettyRequestSender - Using pooled Channel '[id: 0xdebdc10d, L:/127.0.0.1:52292 - R:localhost/127.0.0.1:60057]' for 'POST' to 'http://localhost:60057/session/139e1c64845df159a0873fbea65f44f2/element/d85e6bc9-eb8a-4d7e-a08b-f16f7eb123e4/click'
12:46:57.566 [Forwarding clickElement on session 139e1c64845df159a0873fbea65f44f2 to remote] DEBUG org.asynchttpclient.netty.request.NettyRequestSender - Using open Channel [id: 0xdebdc10d, L:/127.0.0.1:52292 - R:localhost/127.0.0.1:60057] for POST '/session/139e1c64845df159a0873fbea65f44f2/element/d85e6bc9-eb8a-4d7e-a08b-f16f7eb123e4/click'
12:46:57.671 [AsyncHttpClient-1-11] DEBUG org.asynchttpclient.netty.handler.HttpHandler - 

Request DefaultHttpRequest(decodeResult: success, version: HTTP/1.1)
POST /session/139e1c64845df159a0873fbea65f44f2/element/d85e6bc9-eb8a-4d7e-a08b-f16f7eb123e4/click HTTP/1.1
User-Agent: selenium/4.1.2 (java windows)
Content-Length: 50
Content-Type: application/json; charset=utf-8
host: localhost:60057
accept: */*

Response DefaultHttpResponse(decodeResult: success, version: HTTP/1.1)
HTTP/1.1 200 OK
Content-Type: application/json; charset=utf-8
cache-control: no-cache
content-length: 14

12:46:57.671 [AsyncHttpClient-1-11] DEBUG org.asynchttpclient.netty.channel.ChannelManager - Adding key: http://localhost:60057 for channel [id: 0xdebdc10d, L:/127.0.0.1:52292 - R:localhost/127.0.0.1:60057]
  &amp#27;[32mWhen &amp#27;[0m&amp#27;[32mI click select button&amp#27;[0m               &amp#27;[90m# starter.stepdefinition.SearchStep.iClickSelectButton()&amp#27;[0m
12:46:57.675 [Forwarding screenshot on session 139e1c64845df159a0873fbea65f44f2 to remote] DEBUG org.asynchttpclient.netty.request.NettyRequestSender - Using pooled Channel '[id: 0xdebdc10d, L:/127.0.0.1:52292 - R:localhost/127.0.0.1:60057]' for 'GET' to 'http://localhost:60057/session/139e1c64845df159a0873fbea65f44f2/screenshot'
12:46:57.675 [Forwarding screenshot on session 139e1c64845df159a0873fbea65f44f2 to remote] DEBUG org.asynchttpclient.netty.request.NettyRequestSender - Using open Channel [id: 0xdebdc10d, L:/127.0.0.1:52292 - R:localhost/127.0.0.1:60057] for GET '/session/139e1c64845df159a0873fbea65f44f2/screenshot'
12:46:57.926 [AsyncHttpClient-1-11] DEBUG org.asynchttpclient.netty.handler.HttpHandler - 

Request DefaultFullHttpRequest(decodeResult: success, version: HTTP/1.1, content: EmptyByteBufBE)
GET /session/139e1c64845df159a0873fbea65f44f2/screenshot HTTP/1.1
User-Agent: selenium/4.1.2 (java windows)
Cache-Control: no-cache
Content-Type: application/json; charset=utf-8
host: localhost:60057
accept: */*

Response DefaultHttpResponse(decodeResult: success, version: HTTP/1.1)
HTTP/1.1 200 OK
Content-Type: application/json; charset=utf-8
cache-control: no-cache
content-length: 79248

12:46:57.926 [AsyncHttpClient-1-11] DEBUG org.asynchttpclient.netty.channel.ChannelManager - Adding key: http://localhost:60057 for channel [id: 0xdebdc10d, L:/127.0.0.1:52292 - R:localhost/127.0.0.1:60057]
12:46:57.932 [main] DEBUG net.serenitybdd.core.photography.Darkroom - Send negative for processing for target\site\serenity\8deedd7f36d2da4258090c8dff24e54cdebf637c06cc1bd96d60d160c898112e.png
12:46:57.932 [Darkroom Processing Line] DEBUG net.serenitybdd.core.photography.DarkroomProcessingLine - Processing screenshot image in /var/screenshots/screenshot-17339372097789272996
12:46:57.932 [Darkroom Processing Line] DEBUG net.serenitybdd.core.photography.DarkroomProcessingLine - Saving screenshot to target\site\serenity\8deedd7f36d2da4258090c8dff24e54cdebf637c06cc1bd96d60d160c898112e.png
12:46:57.936 [Forwarding findElement on session 139e1c64845df159a0873fbea65f44f2 to remote] DEBUG org.asynchttpclient.netty.request.NettyRequestSender - Using pooled Channel '[id: 0xdebdc10d, L:/127.0.0.1:52292 - R:localhost/127.0.0.1:60057]' for 'POST' to 'http://localhost:60057/session/139e1c64845df159a0873fbea65f44f2/element'
12:46:57.936 [Forwarding findElement on session 139e1c64845df159a0873fbea65f44f2 to remote] DEBUG org.asynchttpclient.netty.request.NettyRequestSender - Using open Channel [id: 0xdebdc10d, L:/127.0.0.1:52292 - R:localhost/127.0.0.1:60057] for POST '/session/139e1c64845df159a0873fbea65f44f2/element'
12:46:57.959 [AsyncHttpClient-1-11] DEBUG org.asynchttpclient.netty.handler.HttpHandler - 

Request DefaultHttpRequest(decodeResult: success, version: HTTP/1.1)
POST /session/139e1c64845df159a0873fbea65f44f2/element HTTP/1.1
User-Agent: selenium/4.1.2 (java windows)
Content-Length: 87
Content-Type: application/json; charset=utf-8
host: localhost:60057
accept: */*

Response DefaultHttpResponse(decodeResult: success, version: HTTP/1.1)
HTTP/1.1 200 OK
Content-Type: application/json; charset=utf-8
cache-control: no-cache
content-length: 88

12:46:57.959 [AsyncHttpClient-1-11] DEBUG org.asynchttpclient.netty.channel.ChannelManager - Adding key: http://localhost:60057 for channel [id: 0xdebdc10d, L:/127.0.0.1:52292 - R:localhost/127.0.0.1:60057]
12:46:57.960 [Forwarding getElementTagName on session 139e1c64845df159a0873fbea65f44f2 to remote] DEBUG org.asynchttpclient.netty.request.NettyRequestSender - Using pooled Channel '[id: 0xdebdc10d, L:/127.0.0.1:52292 - R:localhost/127.0.0.1:60057]' for 'GET' to 'http://localhost:60057/session/139e1c64845df159a0873fbea65f44f2/element/fbc62176-04af-4810-8e86-f0c1035ba4c7/name'
12:46:57.960 [Forwarding getElementTagName on session 139e1c64845df159a0873fbea65f44f2 to remote] DEBUG org.asynchttpclient.netty.request.NettyRequestSender - Using open Channel [id: 0xdebdc10d, L:/127.0.0.1:52292 - R:localhost/127.0.0.1:60057] for GET '/session/139e1c64845df159a0873fbea65f44f2/element/fbc62176-04af-4810-8e86-f0c1035ba4c7/name'
12:46:57.966 [AsyncHttpClient-1-11] DEBUG org.asynchttpclient.netty.handler.HttpHandler - 

Request DefaultFullHttpRequest(decodeResult: success, version: HTTP/1.1, content: EmptyByteBufBE)
GET /session/139e1c64845df159a0873fbea65f44f2/element/fbc62176-04af-4810-8e86-f0c1035ba4c7/name HTTP/1.1
User-Agent: selenium/4.1.2 (java windows)
Cache-Control: no-cache
Content-Type: application/json; charset=utf-8
host: localhost:60057
accept: */*

Response DefaultHttpResponse(decodeResult: success, version: HTTP/1.1)
HTTP/1.1 200 OK
Content-Type: application/json; charset=utf-8
cache-control: no-cache
content-length: 15

12:46:57.966 [AsyncHttpClient-1-11] DEBUG org.asynchttpclient.netty.channel.ChannelManager - Adding key: http://localhost:60057 for channel [id: 0xdebdc10d, L:/127.0.0.1:52292 - R:localhost/127.0.0.1:60057]
12:46:57.967 [Forwarding getElementTagName on session 139e1c64845df159a0873fbea65f44f2 to remote] DEBUG org.asynchttpclient.netty.request.NettyRequestSender - Using pooled Channel '[id: 0xdebdc10d, L:/127.0.0.1:52292 - R:localhost/127.0.0.1:60057]' for 'GET' to 'http://localhost:60057/session/139e1c64845df159a0873fbea65f44f2/element/fbc62176-04af-4810-8e86-f0c1035ba4c7/name'
12:46:57.967 [Forwarding getElementTagName on session 139e1c64845df159a0873fbea65f44f2 to remote] DEBUG org.asynchttpclient.netty.request.NettyRequestSender - Using open Channel [id: 0xdebdc10d, L:/127.0.0.1:52292 - R:localhost/127.0.0.1:60057] for GET '/session/139e1c64845df159a0873fbea65f44f2/element/fbc62176-04af-4810-8e86-f0c1035ba4c7/name'
12:46:57.975 [AsyncHttpClient-1-11] DEBUG org.asynchttpclient.netty.handler.HttpHandler - 

Request DefaultFullHttpRequest(decodeResult: success, version: HTTP/1.1, content: EmptyByteBufBE)
GET /session/139e1c64845df159a0873fbea65f44f2/element/fbc62176-04af-4810-8e86-f0c1035ba4c7/name HTTP/1.1
User-Agent: selenium/4.1.2 (java windows)
Cache-Control: no-cache
Content-Type: application/json; charset=utf-8
host: localhost:60057
accept: */*

Response DefaultHttpResponse(decodeResult: success, version: HTTP/1.1)
HTTP/1.1 200 OK
Content-Type: application/json; charset=utf-8
cache-control: no-cache
content-length: 15

12:46:57.976 [AsyncHttpClient-1-11] DEBUG org.asynchttpclient.netty.channel.ChannelManager - Adding key: http://localhost:60057 for channel [id: 0xdebdc10d, L:/127.0.0.1:52292 - R:localhost/127.0.0.1:60057]
12:46:57.977 [Forwarding findElement on session 139e1c64845df159a0873fbea65f44f2 to remote] DEBUG org.asynchttpclient.netty.request.NettyRequestSender - Using pooled Channel '[id: 0xdebdc10d, L:/127.0.0.1:52292 - R:localhost/127.0.0.1:60057]' for 'POST' to 'http://localhost:60057/session/139e1c64845df159a0873fbea65f44f2/element'
12:46:57.977 [Forwarding findElement on session 139e1c64845df159a0873fbea65f44f2 to remote] DEBUG org.asynchttpclient.netty.request.NettyRequestSender - Using open Channel [id: 0xdebdc10d, L:/127.0.0.1:52292 - R:localhost/127.0.0.1:60057] for POST '/session/139e1c64845df159a0873fbea65f44f2/element'
12:46:57.987 [AsyncHttpClient-1-11] DEBUG org.asynchttpclient.netty.handler.HttpHandler - 

Request DefaultHttpRequest(decodeResult: success, version: HTTP/1.1)
POST /session/139e1c64845df159a0873fbea65f44f2/element HTTP/1.1
User-Agent: selenium/4.1.2 (java windows)
Content-Length: 87
Content-Type: application/json; charset=utf-8
host: localhost:60057
accept: */*

Response DefaultHttpResponse(decodeResult: success, version: HTTP/1.1)
HTTP/1.1 200 OK
Content-Type: application/json; charset=utf-8
cache-control: no-cache
content-length: 88

12:46:57.987 [AsyncHttpClient-1-11] DEBUG org.asynchttpclient.netty.channel.ChannelManager - Adding key: http://localhost:60057 for channel [id: 0xdebdc10d, L:/127.0.0.1:52292 - R:localhost/127.0.0.1:60057]
12:46:57.988 [Forwarding clickElement on session 139e1c64845df159a0873fbea65f44f2 to remote] DEBUG org.asynchttpclient.netty.request.NettyRequestSender - Using pooled Channel '[id: 0xdebdc10d, L:/127.0.0.1:52292 - R:localhost/127.0.0.1:60057]' for 'POST' to 'http://localhost:60057/session/139e1c64845df159a0873fbea65f44f2/element/fbc62176-04af-4810-8e86-f0c1035ba4c7/click'
12:46:57.988 [Forwarding clickElement on session 139e1c64845df159a0873fbea65f44f2 to remote] DEBUG org.asynchttpclient.netty.request.NettyRequestSender - Using open Channel [id: 0xdebdc10d, L:/127.0.0.1:52292 - R:localhost/127.0.0.1:60057] for POST '/session/139e1c64845df159a0873fbea65f44f2/element/fbc62176-04af-4810-8e86-f0c1035ba4c7/click'
12:46:58.123 [AsyncHttpClient-1-11] DEBUG org.asynchttpclient.netty.handler.HttpHandler - 

Request DefaultHttpRequest(decodeResult: success, version: HTTP/1.1)
POST /session/139e1c64845df159a0873fbea65f44f2/element/fbc62176-04af-4810-8e86-f0c1035ba4c7/click HTTP/1.1
User-Agent: selenium/4.1.2 (java windows)
Content-Length: 50
Content-Type: application/json; charset=utf-8
host: localhost:60057
accept: */*

Response DefaultHttpResponse(decodeResult: success, version: HTTP/1.1)
HTTP/1.1 200 OK
Content-Type: application/json; charset=utf-8
cache-control: no-cache
content-length: 14

12:46:58.123 [AsyncHttpClient-1-11] DEBUG org.asynchttpclient.netty.channel.ChannelManager - Adding key: http://localhost:60057 for channel [id: 0xdebdc10d, L:/127.0.0.1:52292 - R:localhost/127.0.0.1:60057]
  &amp#27;[32mAnd &amp#27;[0m&amp#27;[32mI click gaming button&amp#27;[0m                &amp#27;[90m# starter.stepdefinition.SearchStep.iClickGamingButton()&amp#27;[0m
12:46:58.126 [Forwarding screenshot on session 139e1c64845df159a0873fbea65f44f2 to remote] DEBUG org.asynchttpclient.netty.request.NettyRequestSender - Using pooled Channel '[id: 0xdebdc10d, L:/127.0.0.1:52292 - R:localhost/127.0.0.1:60057]' for 'GET' to 'http://localhost:60057/session/139e1c64845df159a0873fbea65f44f2/screenshot'
12:46:58.126 [Forwarding screenshot on session 139e1c64845df159a0873fbea65f44f2 to remote] DEBUG org.asynchttpclient.netty.request.NettyRequestSender - Using open Channel [id: 0xdebdc10d, L:/127.0.0.1:52292 - R:localhost/127.0.0.1:60057] for GET '/session/139e1c64845df159a0873fbea65f44f2/screenshot'
12:46:58.290 [AsyncHttpClient-1-11] DEBUG org.asynchttpclient.netty.handler.HttpHandler - 

Request DefaultFullHttpRequest(decodeResult: success, version: HTTP/1.1, content: EmptyByteBufBE)
GET /session/139e1c64845df159a0873fbea65f44f2/screenshot HTTP/1.1
User-Agent: selenium/4.1.2 (java windows)
Cache-Control: no-cache
Content-Type: application/json; charset=utf-8
host: localhost:60057
accept: */*

Response DefaultHttpResponse(decodeResult: success, version: HTTP/1.1)
HTTP/1.1 200 OK
Content-Type: application/json; charset=utf-8
cache-control: no-cache
content-length: 42672

12:46:58.290 [AsyncHttpClient-1-11] DEBUG org.asynchttpclient.netty.channel.ChannelManager - Adding key: http://localhost:60057 for channel [id: 0xdebdc10d, L:/127.0.0.1:52292 - R:localhost/127.0.0.1:60057]
12:46:58.291 [main] DEBUG net.serenitybdd.core.photography.Darkroom - Send negative for processing for target\site\serenity\c33225186115ca933ee08aea0429b201420b418044ef140aabe2ef23309087aa.png
12:46:58.292 [Darkroom Processing Line] DEBUG net.serenitybdd.core.photography.DarkroomProcessingLine - Processing screenshot image in /var/screenshots/screenshot-9136318718464912250
12:46:58.292 [Darkroom Processing Line] DEBUG net.serenitybdd.core.photography.DarkroomProcessingLine - Saving screenshot to target\site\serenity\c33225186115ca933ee08aea0429b201420b418044ef140aabe2ef23309087aa.png
12:46:58.295 [Forwarding findElement on session 139e1c64845df159a0873fbea65f44f2 to remote] DEBUG org.asynchttpclient.netty.request.NettyRequestSender - Using pooled Channel '[id: 0xdebdc10d, L:/127.0.0.1:52292 - R:localhost/127.0.0.1:60057]' for 'POST' to 'http://localhost:60057/session/139e1c64845df159a0873fbea65f44f2/element'
12:46:58.295 [Forwarding findElement on session 139e1c64845df159a0873fbea65f44f2 to remote] DEBUG org.asynchttpclient.netty.request.NettyRequestSender - Using open Channel [id: 0xdebdc10d, L:/127.0.0.1:52292 - R:localhost/127.0.0.1:60057] for POST '/session/139e1c64845df159a0873fbea65f44f2/element'
12:46:58.351 [AsyncHttpClient-1-1] DEBUG org.asynchttpclient.netty.channel.DefaultChannelPool - Entry count for : http://localhost:52293 : 1
12:46:58.688 [AsyncHttpClient-1-11] DEBUG org.asynchttpclient.netty.handler.HttpHandler - 

Request DefaultHttpRequest(decodeResult: success, version: HTTP/1.1)
POST /session/139e1c64845df159a0873fbea65f44f2/element HTTP/1.1
User-Agent: selenium/4.1.2 (java windows)
Content-Length: 147
Content-Type: application/json; charset=utf-8
host: localhost:60057
accept: */*

Response DefaultHttpResponse(decodeResult: success, version: HTTP/1.1)
HTTP/1.1 200 OK
Content-Type: application/json; charset=utf-8
cache-control: no-cache
content-length: 88

12:46:58.688 [AsyncHttpClient-1-11] DEBUG org.asynchttpclient.netty.channel.ChannelManager - Adding key: http://localhost:60057 for channel [id: 0xdebdc10d, L:/127.0.0.1:52292 - R:localhost/127.0.0.1:60057]
12:46:58.692 [Forwarding isElementDisplayed on session 139e1c64845df159a0873fbea65f44f2 to remote] DEBUG org.asynchttpclient.netty.request.NettyRequestSender - Using pooled Channel '[id: 0xdebdc10d, L:/127.0.0.1:52292 - R:localhost/127.0.0.1:60057]' for 'POST' to 'http://localhost:60057/session/139e1c64845df159a0873fbea65f44f2/execute/sync'
12:46:58.692 [Forwarding isElementDisplayed on session 139e1c64845df159a0873fbea65f44f2 to remote] DEBUG org.asynchttpclient.netty.request.NettyRequestSender - Using open Channel [id: 0xdebdc10d, L:/127.0.0.1:52292 - R:localhost/127.0.0.1:60057] for POST '/session/139e1c64845df159a0873fbea65f44f2/execute/sync'
12:46:58.704 [AsyncHttpClient-1-11] DEBUG org.asynchttpclient.netty.handler.HttpHandler - 

Request DefaultHttpRequest(decodeResult: success, version: HTTP/1.1)
POST /session/139e1c64845df159a0873fbea65f44f2/execute/sync HTTP/1.1
User-Agent: selenium/4.1.2 (java windows)
Content-Length: 48780
Content-Type: application/json; charset=utf-8
host: localhost:60057
accept: */*

Response DefaultHttpResponse(decodeResult: success, version: HTTP/1.1)
HTTP/1.1 200 OK
Content-Type: application/json; charset=utf-8
cache-control: no-cache
content-length: 14

12:46:58.705 [AsyncHttpClient-1-11] DEBUG org.asynchttpclient.netty.channel.ChannelManager - Adding key: http://localhost:60057 for channel [id: 0xdebdc10d, L:/127.0.0.1:52292 - R:localhost/127.0.0.1:60057]
  &amp#27;[32mThen &amp#27;[0m&amp#27;[32mI will get product is empty message&amp#27;[0m &amp#27;[90m# starter.stepdefinition.SearchStep.iWillGetProductIsEmptyMessage()&amp#27;[0m
12:46:58.708 [Forwarding screenshot on session 139e1c64845df159a0873fbea65f44f2 to remote] DEBUG org.asynchttpclient.netty.request.NettyRequestSender - Using pooled Channel '[id: 0xdebdc10d, L:/127.0.0.1:52292 - R:localhost/127.0.0.1:60057]' for 'GET' to 'http://localhost:60057/session/139e1c64845df159a0873fbea65f44f2/screenshot'
12:46:58.708 [Forwarding screenshot on session 139e1c64845df159a0873fbea65f44f2 to remote] DEBUG org.asynchttpclient.netty.request.NettyRequestSender - Using open Channel [id: 0xdebdc10d, L:/127.0.0.1:52292 - R:localhost/127.0.0.1:60057] for GET '/session/139e1c64845df159a0873fbea65f44f2/screenshot'
12:46:58.842 [AsyncHttpClient-1-11] DEBUG org.asynchttpclient.netty.handler.HttpHandler - 

Request DefaultFullHttpRequest(decodeResult: success, version: HTTP/1.1, content: EmptyByteBufBE)
GET /session/139e1c64845df159a0873fbea65f44f2/screenshot HTTP/1.1
User-Agent: selenium/4.1.2 (java windows)
Cache-Control: no-cache
Content-Type: application/json; charset=utf-8
host: localhost:60057
accept: */*

Response DefaultHttpResponse(decodeResult: success, version: HTTP/1.1)
HTTP/1.1 200 OK
Content-Type: application/json; charset=utf-8
cache-control: no-cache
content-length: 27388

12:46:58.842 [AsyncHttpClient-1-11] DEBUG org.asynchttpclient.netty.channel.ChannelManager - Adding key: http://localhost:60057 for channel [id: 0xdebdc10d, L:/127.0.0.1:52292 - R:localhost/127.0.0.1:60057]
12:46:58.843 [main] DEBUG net.serenitybdd.core.photography.Darkroom - Send negative for processing for target\site\serenity\0370d37ff325f8432cb0f1719e826105cdbd3fedae1b5ed8d888dc9e7fb41deb.png
12:46:58.843 [Darkroom Processing Line] DEBUG net.serenitybdd.core.photography.DarkroomProcessingLine - Processing screenshot image in /var/screenshots/screenshot-2291660863500764085
12:46:58.843 [Darkroom Processing Line] DEBUG net.serenitybdd.core.photography.DarkroomProcessingLine - Saving screenshot to target\site\serenity\0370d37ff325f8432cb0f1719e826105cdbd3fedae1b5ed8d888dc9e7fb41deb.png
12:46:58.844 [main] INFO  - 
  _____   ___   ___   _____     ___     _     ___   ___   ___   ___  
 |_   _| | __| / __| |_   _|   | _ \   /_\   / __| / __| | __| |   \ 
   | |   | _|  \__ \   | |     |  _/  / _ \  \__ \ \__ \ | _|  | |) |
   |_|   |___| |___/   |_|     |_|   /_/ \_\ |___/ |___/ |___| |___/ 

Search product
----------------------------------------------------------------------
12:46:58.844 [AsyncHttpClient-1-13] DEBUG org.asynchttpclient.netty.handler.WebSocketHandler - Channel Closed: [id: 0x29bac247, L:/127.0.0.1:52299 ! R:localhost/127.0.0.1:52293] with attribute NettyResponseFuture{currentRetry=5,
	isDone=1,
	isCancelled=0,
	asyncHandler=org.asynchttpclient.ws.WebSocketUpgradeHandler@2a0daac6,
	nettyRequest=org.asynchttpclient.netty.request.NettyRequest@ab131d6,
	future=java.util.concurrent.CompletableFuture@5f5649a7[Completed normally],
	uri=ws://localhost:52293/devtools/browser/c481dade-f6fe-4230-970a-305e43b56aab,
	keepAlive=true,
	redirectCount=0,
	timeoutsHolder=null,
	inAuth=0,
	touch=1667972806786}
12:46:58.844 [AsyncHttpClient-1-13] DEBUG org.asynchttpclient.netty.channel.ChannelManager - Closing Channel [id: 0x29bac247, L:/127.0.0.1:52299 ! R:localhost/127.0.0.1:52293] 
12:46:58.845 [Driver Command Executor] DEBUG org.asynchttpclient.netty.request.NettyRequestSender - Using pooled Channel '[id: 0xdebdc10d, L:/127.0.0.1:52292 - R:localhost/127.0.0.1:60057]' for 'DELETE' to 'http://localhost:60057/session/139e1c64845df159a0873fbea65f44f2'
12:46:58.845 [Driver Command Executor] DEBUG org.asynchttpclient.netty.request.NettyRequestSender - Using open Channel [id: 0xdebdc10d, L:/127.0.0.1:52292 - R:localhost/127.0.0.1:60057] for DELETE '/session/139e1c64845df159a0873fbea65f44f2'
12:46:58.865 [AsyncHttpClient-1-12] DEBUG org.asynchttpclient.netty.handler.HttpHandler - Unexpected I/O exception on channel [id: 0x58f1e454, L:/127.0.0.1:52298 - R:localhost/127.0.0.1:52293]
java.io.IOException: An existing connection was forcibly closed by the remote host
	at java.base/sun.nio.ch.SocketDispatcher.read0(Native Method)
	at java.base/sun.nio.ch.SocketDispatcher.read(SocketDispatcher.java:43)
	at java.base/sun.nio.ch.IOUtil.readIntoNativeBuffer(IOUtil.java:276)
	at java.base/sun.nio.ch.IOUtil.read(IOUtil.java:233)
	at java.base/sun.nio.ch.IOUtil.read(IOUtil.java:223)
	at java.base/sun.nio.ch.SocketChannelImpl.read(SocketChannelImpl.java:358)
	at io.netty.buffer.PooledByteBuf.setBytes(PooledByteBuf.java:258)
	at io.netty.buffer.AbstractByteBuf.writeBytes(AbstractByteBuf.java:1132)
	at io.netty.channel.socket.nio.NioSocketChannel.doReadBytes(NioSocketChannel.java:350)
	at io.netty.channel.nio.AbstractNioByteChannel$NioByteUnsafe.read(AbstractNioByteChannel.java:151)
	at io.netty.channel.nio.NioEventLoop.processSelectedKey(NioEventLoop.java:722)
	at io.netty.channel.nio.NioEventLoop.processSelectedKeysOptimized(NioEventLoop.java:658)
	at io.netty.channel.nio.NioEventLoop.processSelectedKeys(NioEventLoop.java:584)
	at io.netty.channel.nio.NioEventLoop.run(NioEventLoop.java:496)
	at io.netty.util.concurrent.SingleThreadEventExecutor$4.run(SingleThreadEventExecutor.java:986)
	at io.netty.util.internal.ThreadExecutorMap$2.run(ThreadExecutorMap.java:74)
	at io.netty.util.concurrent.FastThreadLocalRunnable.run(FastThreadLocalRunnable.java:30)
	at java.base/java.lang.Thread.run(Thread.java:834)
12:46:58.865 [AsyncHttpClient-1-12] DEBUG org.asynchttpclient.netty.channel.ChannelManager - Closing Channel [id: 0x58f1e454, L:/127.0.0.1:52298 - R:localhost/127.0.0.1:52293] 
12:46:58.865 [AsyncHttpClient-1-12] DEBUG org.asynchttpclient.netty.handler.HttpHandler - Channel Closed: [id: 0x58f1e454, L:/127.0.0.1:52298 ! R:localhost/127.0.0.1:52293] with attribute DISCARD
12:46:58.893 [AsyncHttpClient-1-11] DEBUG org.asynchttpclient.netty.handler.HttpHandler - 

Request DefaultFullHttpRequest(decodeResult: success, version: HTTP/1.1, content: EmptyByteBufBE)
DELETE /session/139e1c64845df159a0873fbea65f44f2 HTTP/1.1
User-Agent: selenium/4.1.2 (java windows)
Content-Type: application/json; charset=utf-8
host: localhost:60057
accept: */*

Response DefaultHttpResponse(decodeResult: success, version: HTTP/1.1)
HTTP/1.1 200 OK
Content-Type: application/json; charset=utf-8
cache-control: no-cache
content-length: 14

12:46:58.893 [AsyncHttpClient-1-11] DEBUG org.asynchttpclient.netty.channel.ChannelManager - Adding key: http://localhost:60057 for channel [id: 0xdebdc10d, L:/127.0.0.1:52292 - R:localhost/127.0.0.1:60057]
12:46:58.960 [AsyncHttpClient-1-11] DEBUG org.asynchttpclient.netty.handler.HttpHandler - Channel Closed: [id: 0xdebdc10d, L:/127.0.0.1:52292 ! R:localhost/127.0.0.1:60057] with attribute DISCARD
]]></system-out>
    <system-err><![CDATA[Starting ChromeDriver 107.0.5304.62 (1eec40d3a5764881c92085aaee66d25075c159aa-refs/branch-heads/5304@{#942}) on port 60057
Only local connections are allowed.
Please see https://chromedriver.chromium.org/security-considerations for suggestions on keeping ChromeDriver safe.
ChromeDriver was started successfully.
Nov 09, 2022 12:46:46 PM org.openqa.selenium.remote.ProtocolHandshake createSession
INFO: Detected dialect: W3C
Nov 09, 2022 12:46:46 PM org.openqa.selenium.devtools.CdpVersionFinder findNearestMatch
WARNING: Unable to find an exact match for CDP version 107, so returning the closest version found: a no-op implementation
Nov 09, 2022 12:46:46 PM org.openqa.selenium.devtools.CdpVersionFinder findNearestMatch
INFO: Unable to find CDP implementation matching 107.
Nov 09, 2022 12:46:46 PM org.openqa.selenium.chromium.ChromiumDriver lambda$new$3
WARNING: Unable to find version of CDP to use for . You may need to include a dependency on a specific version of the CDP using something similar to `org.seleniumhq.selenium:selenium-devtools-v86:4.1.2` where the version ("v86") matches the version of the chromium-based browser you're using and the version number of the artifact is the same as Selenium's.
]]></system-err>
  </testcase>
</testsuite>